Filter on "^vendor/|/vendor/"
open output file /Users/lukasz/dev/cncf/gitdm/output_strict_numstat.csv

WARNING: duplicate email/empl for pekowski@gmail.com
WARNING: duplicate email/empl for thingee@gmail.com
WARNING: duplicate email/empl for t.trifonov@gmail.com
WARNING: duplicate email/empl for lyz@princessleia.com
WARNING: duplicate email/empl for robertc@robertcollins.net
WARNING: duplicate email/empl for clint@fewbar.com
WARNING: duplicate email/empl for andrew@linuxjedi.co.uk
WARNING: duplicate email/empl for duncan.thomas@gmail.com
WARNING: duplicate email/empl for kiall@managedit.ie
WARNING: duplicate email/empl for devananda.vdv@gmail.com
WARNING: duplicate email/empl for zaro0508@gmail.com
WARNING: duplicate email/empl for shrewsbury.dave@gmail.com
WARNING: duplicate email/empl for j3p0uk@hotmail.com
WARNING: duplicate email/empl for me@mark.atwood.name
WARNING: duplicate email/empl for slicknik@gmail.com
WARNING: duplicate email/empl for cmsj@tenshu.net
WARNING: duplicate email/empl for anteaya@anteaya.info
WARNING: duplicate email/empl for greg@greghaynes.net
WARNING: duplicate email/empl for matt@mattfarina.com
WARNING: duplicate email/empl for jp@jamezpolley.com
WARNING: duplicate email/empl for steven@wedontsleep.org
WARNING: duplicate email/empl for gleebix@gmail.com
WARNING: duplicate email/empl for code@gentlydownthe.net
WARNING: duplicate email/empl for morgan.fainberg@gmail.com
WARNING: duplicate email/empl for jeblair@hp.com
WARNING: duplicate email/empl for juliaashleykreger@gmail.com
WARNING: duplicate email/empl for stephane@alum.mit.edu
WARNING: duplicate email/empl for kragniz@gmail.com
WARNING: duplicate email/empl for wchrisjohnson@gmail.com
WARNING: duplicate email/empl for daisy.ycguo@gmail.com
WARNING: duplicate email/empl for mordred@inaugust.com
WARNING: duplicate email/empl for zxkuqyb@gmail.com
WARNING: duplicate email/empl for amigliaccio@internap.com
WARNING: duplicate email/empl for yorik.sar@gmail.com
WARNING: duplicate email/empl for e0ne@e0ne.info
WARNING: duplicate email/empl for gabriel@strikeawe.com
WARNING: duplicate email/empl for heckj@mac.com
WARNING: duplicate email/empl for ke.wu@ibeca.me
WARNING: duplicate email/empl for rushi.agr@gmail.com
WARNING: duplicate email/empl for salv.orlando@gmail.com
WARNING: duplicate email/empl for tushar.vitthal.patil@gmail.com
WARNING: duplicate email/empl for jmckenty@gmail.com
WARNING: duplicate email/empl for anne@openstack.org
WARNING: duplicate email/empl for breu@breu.org
WARNING: duplicate email/empl for cbehrens@codestud.com
WARNING: duplicate email/empl for clay.gerrard@gmail.com
WARNING: duplicate email/empl for corywright@gmail.com
WARNING: duplicate email/empl for cp16net@gmail.com
WARNING: duplicate email/empl for cthier@gmail.com
WARNING: duplicate email/empl for darren.birkett@gmail.com
WARNING: duplicate email/empl for dolph.mathews@gmail.com
WARNING: duplicate email/empl for ed@leafe.com
WARNING: duplicate email/empl for github@highbridgellc.com
WARNING: duplicate email/empl for greglange@gmail.com
WARNING: duplicate email/empl for hugh@wherenow.org
WARNING: duplicate email/empl for imsplitbit@gmail.com
WARNING: duplicate email/empl for jason@koelker.net
WARNING: duplicate email/empl for jcruz7@gmail.com
WARNING: duplicate email/empl for josh@jk0.org
WARNING: duplicate email/empl for mattt@defunct.ca
WARNING: duplicate email/empl for mbasnight@gmail.com
WARNING: duplicate email/empl for mike@weirdlooking.com
WARNING: duplicate email/empl for msherborne@gmail.com
WARNING: duplicate email/empl for naveedm9@gmail.com
WARNING: duplicate email/empl for paul@openstack.org
WARNING: duplicate email/empl for rnirmal@gmail.com
WARNING: duplicate email/empl for rconradharris@gmail.com
WARNING: duplicate email/empl for thierry@openstack.org
WARNING: duplicate email/empl for throughnothing@gmail.com
WARNING: duplicate email/empl for yoga80@yahoo.com
WARNING: duplicate email/empl for mark.washenberger@markwash.net
WARNING: duplicate email/empl for p@draigbrady.com
WARNING: duplicate email/empl for zaitcev@kotori.zaitcev.us
WARNING: duplicate email/empl for julie.pichon@gmail.com
WARNING: duplicate email/empl for ghe@debian.org
WARNING: duplicate email/empl for sorrison@gmail.com
unknown@hacker.net Unknown hacker
pwittroc@google.com Phillip Wittrock
	unknown [969, 122]
quinton@google.com Quinton Hoole
	unknown [1895, 469]
	code [5, 1]
foxish@users.noreply.github.com Anirudh Ramanathan
	devel-doc [1, 2]
vishnuk@google.com Vishnu kannan
	unknown [694, 559]
	devel-doc [306, 351]
	code [23, 117]
	build [20, 10]
davidopp@google.com David Oppenheimer
	unknown [528, 3]
	devel-doc [2, 0]
jianhui.zhou@huawei.com jianhuiz
	code [2, 2]
	unknown [2329, 210]
	documentation [0, 0]
dawnchen@google.com Dawn Chen
	unknown [87, 90]
	code [4, 2]
	documentation [0, 0]
fabioy@google.com Fabio Yeon
	unknown [6, 8]
	devel-doc [12, 1]
	code [1, 1]
	build [9, 10]
mml@google.com Matt Liggett
	code [305, 6]
	unknown [8438, 18844]
	devel-doc [123, 1076]
	documentation [0, 2455]
	build [0, 62]
madhusudancs@google.com Madhusudan.C.S
	unknown [629, 179]
	devel-doc [93, 11]
	code [911, 516]
	build [94, 21]
	documentation [24, 12]
nikhiljindal@google.com nikhiljindal
	unknown [13199, 962]
	devel-doc [12, 10]
	code [473, 191]
	documentation [5, 0]
ccoleman@redhat.com Clayton Coleman
	code [3, 2]
	unknown [3614, 1484]
	documentation [2, 0]
jliggitt@redhat.com Jordan Liggitt
	unknown [2399, 915]
	code [35, 4]
	documentation [2, 0]
ameyd@google.com Amey Deshpande
	unknown [8, 2]
	code [6, 23]
	build [48, 30]
maisem@google.com Maisem Ali
	unknown [23, 12]
	code [346, 209]
	documentation [4, 2]
mtaufen@google.com Michael Taufen
	unknown [2520, 1403]
	documentation [1, 0]
stclair@google.com Tim St. Clair
	unknown [2729, 669]
	devel-doc [65, 39]
	code [30, 11]
	build [4, 0]
	documentation [1, 1]
wojtekt@google.com Wojciech Tyczynski
	unknown [5364, 5361]
	devel-doc [43, 231]
	code [240, 115]
	build [44, 8]
	documentation [19, 14]
vishh@users.noreply.github.com Vish Kannan
	unknown [287, 106]
	documentation [8, 0]
	build [1, 1]
chiachenk@google.com Janet Kuo
	unknown [1165, 423]
	devel-doc [1, 1]
mixia@google.com Minhan Xia
	unknown [1278, 256]
	devel-doc [1235, 1063]
	code [253, 35]
	build [80, 28]
	documentation [4, 0]
gmarek@google.com Marek Grabowski
	unknown [3914, 2973]
	devel-doc [4, 209]
	code [28, 23]
	build [21, 5]
	documentation [4, 0]
beeps@google.com bprashanth
	unknown [666, 73]
	devel-doc [3, 3]
	code [98, 12]
	build [15, 11]
taotaotheripper@gmail.com Random-Liu
	unknown [2620, 2704]
	code [114, 75]
	documentation [16, 9]
eparis@redhat.com Eric Paris
mwielgus@google.com Marcin Wielgus
	unknown [4517, 891]
	devel-doc [15, 10]
	code [11, 0]
	build [12, 0]
	documentation [1, 5]
pszczesniak@google.com Piotr Szczesniak
	unknown [185, 383]
	devel-doc [53, 950]
	code [14, 3]
	build [24, 0]
djmm@google.com David McMahon
	code [527, 390]
	unknown [6970, 14196]
	devel-doc [2008, 2908]
	documentation [4, 4]
	build [69, 69]
xuchao@google.com Chao Xu
	unknown [207262, 2012]
	devel-doc [5004, 31]
	code [331, 23]
	build [196, 0]
	documentation [3498, 4]
gkalele@google.com Girish Kalele
	unknown [2021, 510]
	devel-doc [4, 0]
	code [10, 6]
	build [9, 9]
	documentation [0, 0]
zml@google.com Zach Loafman
	unknown [19, 13]
	devel-doc [3, 3]
	code [156, 97]
	build [22, 6]
dbsmith@google.com Daniel Smith
	unknown [2389, 1926]
	devel-doc [228, 294]
	code [70, 23]
	build [7, 32]
	documentation [0, 2]
decarr@redhat.com derekwaynecarr
	unknown [3699, 1168]
	code [7, 2]
	documentation [1, 0]
euank@coreos.com Euan Kemp
	unknown [380, 335]
	code [7, 6]
	documentation [1, 0]
sttts@redhat.com Dr. Stefan Schimanski
	unknown [14309, 9478]
	devel-doc [1, 1]
	code [21, 5]
	documentation [5, 0]
thockin@google.com Tim Hockin
	devel-doc [7, 94]
	code [3515, 3148]
	unknown [5309, 72719]
	documentation [5, 69]
	ui [0, 65]
	build [1325, 4246]
dma@redhat.com mdshuai
	unknown [1, 1]
fraenkel@us.ibm.com Michael Fraenkel
	unknown [147, 35]
	code [11, 11]
maszulik@redhat.com Maciej Szulik
	code [3, 8]
	unknown [2135, 555]
	documentation [4, 0]
	build [2, 0]
deads@redhat.com deads2k
	code [48, 1990]
	unknown [9464, 2744]
	devel-doc [143, 6]
	documentation [0, 0]
kaveh.shafiee@huawei.com kshafiee
	unknown [1318, 41]
	code [2, 2]
hitchmanr@gmail.com Ryan Hitchman
	unknown [1325, 564]
	code [214, 68]
chuck@dasroot.net Charles Butler
	code [2, 2]
yashulyak@gmail.com Dmitry Shulyak
	unknown [34, 21]
	devel-doc [200, 0]
	code [13, 0]
xingzhou@cn.ibm.com Xing Zhou
	unknown [63, 21]
errordeveloper@gmail.com Ilya Dmitrichenko
	unknown [1, 495]
	image [0, 0]
	code [0, 518]
mikedanese@google.com Mike Danese
	code [21, 61]
	unknown [1257, 927]
	devel-doc [3, 3]
	documentation [1, 0]
	build [2, 2]
ishvedunov@mirantis.com Ivan Shvedunov
	unknown [283, 92]
	code [30, 17]
li.guangxu@zte.com.cn guangxuli
	unknown [0, 4]
jeffml@google.com Jeff Lowdermilk
	unknown [385, 66]
	devel-doc [27, 3]
	code [14, 5]
	build [27, 4]
	documentation [7, 1]
hongchaodeng1@gmail.com Hongchao Deng
	unknown [1729, 1587]
	devel-doc [2, 2]
	code [8, 8]
ciwang@google.com Cindy Wang
	devel-doc [108, 193]
	code [3, 3]
	unknown [894, 140]
	image [0, 0]
	documentation [2, 2]
	build [0, 0]
pmorie@redhat.com Paul Morie
	unknown [3405, 2536]
	code [54, 29]
zhoufang@google.com Zhou Fang
	unknown [3630, 800]
	devel-doc [396, 0]
	code [1, 2]
dims@linux.vnet.ibm.com Davanum Srinivas
	unknown [1389, 2489]
	devel-doc [1, 8]
	code [22, 1]
	build [8, 8]
	documentation [3, 2]
mawong@redhat.com Matthew Wong
	unknown [1596, 228]
	devel-doc [3, 0]
	code [13, 0]
	build [1, 1]
bryk@google.com bryk
	unknown [16, 16]
jsz@google.com Jerzy Szczepkowski
	unknown [160, 163]
	devel-doc [36, 2]
	code [274, 72]
	build [71, 14]
dj199008@gmail.com m1093782566
	unknown [124, 73]
mengqiy@google.com ymqytw
	unknown [32, 2]
yjhong@google.com Yu-Ju Hong
	unknown [2988, 1251]
	code [22, 0]
jrhoak@gmail.com Josh Hoak
	unknown [2, 0]
jinxu@google.com Jing Xu
	unknown [1216, 251]
me@jessfraz.com Jess Frazelle
	unknown [571, 289]
	devel-doc [2, 2]
	code [105, 11]
	build [3, 3]
vefimova@mirantis.com vefimova
	unknown [221, 53]
better0332@163.com better88
	unknown [3, 3]
magorzata@google.com mksalawa
	unknown [2709, 793]
	documentation [9, 0]
yu.peng36@zte.com.cn YuPengZTE
	unknown [5, 5]
lu.zhenxing@zte.com.cn lojies
	unknown [47, 46]
	code [2, 0]
bburns@google.com Brendan Burns
	unknown [455, 91]
	code [51, 3]
zihongz@google.com MrHohn
	unknown [183, 16]
	devel-doc [2, 0]
	code [1, 1]
	build [2, 2]
pigmej@gmail.com Jedrzej Nowak
	unknown [104, 104]
	documentation [0, 0]
zhang.ke106@zte.com.cn Ke Zhang
	unknown [198, 46]
	documentation [1, 0]
lucas.kaldstrom@hotmail.co.uk Lucas Käldström
	unknown [1215, 615]
	devel-doc [17, 1]
	code [16, 12]
	build [56, 74]
thom@may.lt Thom May
	unknown [0, 6]
piotr.skamruk@gmail.com Piotr Skamruk
	unknown [6, 1]
spxtr@google.com Joe Finney
	unknown [6, 11]
	code [18, 16]
fejta@google.com Erick Fejta
	unknown [535, 303]
	code [152, 825]
	build [54, 83]
	documentation [3, 1]
mkargaki@redhat.com Michail Kargakis
	code [10, 10]
	unknown [4003, 2135]
	documentation [0, 0]
rcarvalh@redhat.com Rodolfo Carvalho
	code [3, 1]
fmeng@ebay.com mfanjie
	unknown [1641, 1257]
asalkeld@mirantis.com Angus Salkeld
	code [15, 1]
	unknown [2555, 485]
	devel-doc [4, 6]
	documentation [19, 1]
jchaloup@redhat.com Jan Chaloupka
	unknown [87, 59]
	code [2, 2]
	documentation [1, 0]
wangzefeng@huawei.com Kevin
	unknown [514, 290]
ronl@google.com bindata-mockuser
	unknown [2693, 1362]
	code [3, 3]
dcbw@redhat.com Dan Williams
	code [3, 2]
justin@fathomdb.com Justin Santa Barbara
	code [4, 4]
	unknown [832, 323]
	devel-doc [12, 14]
	documentation [1, 0]
	build [3, 2]
coolhzb@163.com AdoHe
	unknown [1306, 207]
	documentation [3, 0]
vipul.sabhaya@hp.com Vipul Sabhaya
	unknown [48, 16]
jeffmendoza@google.com Jeff Mendoza
	devel-doc [7, 21]
	code [31, 377]
	unknown [38, 429]
	image [0, 1002]
	documentation [0, 76]
	build [0, 69]
yifan.gu@coreos.com Yifan Gu
	unknown [616, 206]
	code [2, 2]
yong.tang.github@outlook.com Yong Tang
	devel-doc [12, 12]
rudi@clarifai.com Rudi Chiarito
	unknown [960, 455]
	code [1, 1]
	build [1, 1]
	documentation [0, 0]
dhodovsk@redhat.com Dominika Hodovska
	unknown [1223, 399]
ramanathana@google.com Anirudh
	unknown [343, 6]
baldwin@stackpointcloud.com Matt Baldwin
	unknown [3, 0]
adityakali@google.com Aditya Kali
	code [10, 0]
	build [47, 10]
krousey@google.com Kris
	unknown [1022, 178]
screeley@redhat.com Scott Creeley
	unknown [132, 46]
jsafrane@redhat.com Jan Safranek
	unknown [2341, 551]
	devel-doc [49, 32]
	code [28, 28]
	build [2, 2]
jgrafton@google.com Jeff Grafton
	unknown [30, 20]
	devel-doc [1, 1]
	code [75, 80]
	build [7, 5]
dagnello@hp.com Davide Agnello
	unknown [252, 115]
peter.miron@apcera.com Peter Miron
	unknown [11, 0]
hchen@redhat.com Huamin Chen
	code [34, 1]
	unknown [1560, 11]
	devel-doc [67, 0]
	documentation [0, 0]
aledbf@gmail.com Manuel de Brito Fontes
	unknown [186, 74]
	devel-doc [1, 11]
	code [49, 2]
	build [10, 38]
bart.vanbos@rombit.be Bart Van Bos
	unknown [2, 1]
tstclair@redhat.com Timothy St. Clair
	unknown [1079, 670]
	devel-doc [298, 248]
	code [30, 30]
	build [7, 7]
	documentation [2, 12]
qlee@google.com Quintin Lee
	unknown [295, 0]
	devel-doc [141, 1]
	code [3, 1]
	build [157, 16]
ts@soundcloud.com Tobias Schmidt
	unknown [253, 166]
feiskyer@gmail.com Pengfei Ni
	code [153, 0]
	unknown [7706, 807]
	documentation [6, 0]
jiangjun1990@gmail.com ohmystack
	unknown [5, 2]
mbauer@us.ibm.com Morgan Bauer
	unknown [47, 18]
	code [4, 4]
gen0cide.threats@gmail.com gen0cide-
	code [1, 1]
johannes.scheuermann@inovex.de Johannes Scheuermann
	code [3, 0]
	unknown [906, 11]
	devel-doc [128, 1]
	documentation [1, 1]
rodrigo@sdfg.com.ar Rodrigo Campos
	unknown [1823, 324]
	documentation [0, 0]
contact@tmrts.com Tamer Tas
	unknown [722, 478]
	devel-doc [3, 3]
	code [1, 2]
mnshaw@google.com Marie Shaw
	unknown [543, 7]
	image [0, 0]
	code [219, 8]
	build [2, 0]
	documentation [1, 0]
kalexandra@us.ibm.com Kara Alexandra
	unknown [36, 30]
etune@google.com Eric Tune
	code [0, 202]
	unknown [1889, 183]
	devel-doc [75, 824]
	documentation [0, 18]
hchiramm@redhat.com Humble Chirammal
	unknown [205, 8]
	devel-doc [854, 0]
simon@swine.de Christian Simon
	unknown [3, 18]
buddhap@google.com dubstack
	unknown [1630, 284]
	devel-doc [199, 0]
	code [25, 9]
	build [1, 0]
	documentation [1, 0]
mehdy@google.com mbohlool
	unknown [1394, 18]
	devel-doc [3726, 1113]
	code [37, 0]
	build [37, 0]
	documentation [0, 0]
shivania@vmware.com Abrar Shivani
	unknown [925, 313]
crazykev@zju.edu.cn Crazykev
	unknown [7, 7]
xlgao@zju.edu.cn Xianglin Gao
	unknown [5, 5]
	devel-doc [1, 1]
evan.cordell@coreos.com Evan Cordell
	unknown [1612, 1]
	code [102, 0]
eric.chiang.m@gmail.com Eric Chiang
	unknown [1668, 525]
	documentation [2, 0]
krousey@users.noreply.github.com krousey
	unknown [14, 18]
wonderfly@google.com Daniel Wang
	code [77, 51]
tobias.schottdorf@gmail.com Tobias Schottdorf
	unknown [96, 0]
	devel-doc [97, 0]
	code [113, 0]
mturansk@redhat.com markturansky
	unknown [36, 11]
	devel-doc [2, 0]
avesh.ncsu@gmail.com Avesh
	unknown [10, 1]
george.tankersley@coreos.com George Tankersley
	code [5, 5]
	unknown [4052, 62]
	devel-doc [1930, 85]
	documentation [2, 0]
mfojtik@redhat.com Michal Fojtik
	unknown [158, 27]
wang.ping5@zte.com.cn PingWang
	unknown [288, 172]
	code [1, 0]
agoldste@redhat.com Andy Goldstein
	unknown [1740, 427]
	code [14, 0]
mkwiek@mirantis.com Maciej Kwiek
	unknown [28, 11]
li.xiaobing1@zte.com.cn lixiaobing10051267
	unknown [69, 54]
saadali@google.com saadali
	unknown [2002, 455]
avagarwa@redhat.com Avesh Agarwal
	unknown [248, 46]
	code [15, 0]
jvallejo@redhat.com juanvallejo
	unknown [471, 254]
	code [12, 0]
	documentation [1, 0]
krancourt@engineyard.com Kent Rancourt
	unknown [171, 1]
silas@godaddy.com Silas Boyd-Wickizer
	unknown [3, 1]
	code [5, 1]
nakayamakenjiro@gmail.com Kenjiro Nakayama
	unknown [5, 15]
cole.mickens@gmail.com Cole Mickens
	unknown [2160, 70]
	devel-doc [1216, 0]
	code [9, 13]
	build [1, 0]
czahedi@google.com czahedi
	unknown [1, 1]
sander@xanzy.io Sander van Harmelen
	unknown [749, 427]
	devel-doc [209, 0]
ng.tuna@gmail.com ngtuna
	unknown [492, 0]
shanse@gmail.com Sascha Hanse
	unknown [12, 2]
danw@redhat.com Dan Winship
	unknown [0, 2]
gus@inodes.org Angus Lees
	unknown [73, 43]
	devel-doc [398, 0]
matt@projectcalico.org Matt
	unknown [105, 16]
	devel-doc [51, 36]
	code [2, 1]
	build [4, 1]
spiffxp@gmail.com Aaron Crickenberger
	code [1, 1]
jvance@redhat.com Jeff Vance
	unknown [516, 252]
xh@decbug.com codejuan
	code [1, 1]
	build [8, 8]
bbreslauer@google.com Ben Breslauer
	code [8, 6]
patryk.dunski@kende.pl Patryk Duński
	unknown [1, 0]
mrostecki@mirantis.com Michal Rostecki
	unknown [503, 281]
	code [0, 5]
xiangli.cs@gmail.com Xiang Li
	unknown [340, 377]
sjenning@redhat.com Seth Jennings
	unknown [181, 63]
akurilin@mirantis.com Andrey Kurilin
	unknown [191, 104]
	code [12, 0]
brownwm@us.ibm.com Mike Brown
	unknown [484, 294]
	code [9, 1]
	build [11, 1]
pawel.skrzynski@intel.com Pawel Skrzynski
	unknown [23, 14]
	code [6, 1]
harryge00@gmail.com haoyuan
	build [1, 1]
zhao.xiangpeng@zte.com.cn xiangpengzhao
	unknown [223, 134]
	code [1, 0]
	build [19, 3]
taariql@gmail.com Taariq Levack
	unknown [1, 1]
matthew.bruzek@canonical.com Matt Bruzek
	unknown [398, 240]
	devel-doc [36, 3]
	code [392, 237]
	documentation [4, 4]
rrati@redhat.com Robert Rati
	unknown [294, 181]
bryan@weave.works Bryan Boreham
	unknown [40, 22]
	code [7, 7]
	build [7, 7]
gambol99@gmail.com Rohith
	unknown [2, 2]
wesley@ze.com Wesley Hartford
	unknown [1, 1]
	devel-doc [1, 1]
pweil@redhat.com pweil-
	unknown [16, 11]
jcope@redhat.com Jon Cope
	unknown [183, 54]
ffranz@redhat.com Fabiano Franz
	unknown [7, 0]
arob@google.com Alex Robinson
	unknown [12, 40346]
	image [0, 9564]
	code [1, 1]
	devel-doc [0, 40]
mspreitz@us.ibm.com Mike Spreitzer
	unknown [4, 2]
	devel-doc [8, 0]
	code [6, 5]
matt.proud@gmail.com Matt T. Proud
	unknown [26, 22]
lantaol@google.com Random Liu
	unknown [354, 203]
	devel-doc [280, 23]
abrand@apprenda.com abrand
	unknown [589, 1]
	documentation [9, 0]
ed@reevoo.com Ed Robinson
	unknown [22, 10]
rbuskens@google.com Rick Buskens
	build [8, 0]
salvatore-dario.minonne@amadeus.com Salvatore Dario Minonne
	unknown [0, 449]
	code [8, 0]
harryz@hyper.sh Harry Zhang
	unknown [258, 211]
jay@apache.org jayunit100
	unknown [57, 5517]
	code [2059, 9]
klaus1982.cn@gmail.com Klaus Ma
	unknown [12, 11]
harryzhang@zju.edu.cn harry zhang
	unknown [228, 164]
bchilds@redhat.com childsb
	unknown [2168, 1]
	devel-doc [1, 0]
	code [25, 0]
	documentation [0, 0]
cjcullen@google.com CJ Cullen
	unknown [80, 22]
	code [4, 1]
	build [26, 10]
dong.xiugang20@zte.com.cn DongXiugang
	unknown [1, 1]
pb@coreos.com Patrick Baxter
	unknown [10, 2]
03cranec@users.noreply.github.com Chris Crane
	unknown [153, 7]
	devel-doc [63, 7]
maazkhansgsits@gmail.com maaz khan
	unknown [343, 0]
	documentation [1, 0]
anish@gatech.edu Anish Bhatt
	unknown [79, 9]
keegan.csmith@gmail.com Keegan Carruthers-Smith
	devel-doc [1, 1]
quentin.machu@coreos.com Quentin Machu
	unknown [1, 1]
apelisse@gmail.com Antoine Pelisse
	unknown [302, 320]
	devel-doc [23, 280]
	code [1, 6]
hzwangxing@corp.netease.com Wang Xing
	unknown [0, 4]
filipg@google.com Filip Grzadkowski
	unknown [2, 0]
	code [305, 184]
mtayer@redhat.com Mooli Tayer
	code [1, 1]
dhawal55@gmail.com Dhawal Patel
	unknown [1, 16]
ramitsurana@gmail.com Ramit Surana
	devel-doc [7, 4]
albatross0@gmail.com albatross0
	unknown [3, 3]
jimmidyson@gmail.com Jimmi Dyson
	unknown [1, 13]
slowlight@yeah.net Tong
	unknown [2, 2]
aps.sids@gmail.com Amanpreet Singh
	unknown [134, 1]
	documentation [1, 0]
kevensen@redhat.com Kenneth D. Evensen
	unknown [23, 8]
spyzalski@mirantis.com Szymon Pyżalski
	unknown [12, 1]
	devel-doc [9, 1]
wang.kanghua@zte.com.cn Kevin Wang
	unknown [11, 17]
therc@users.noreply.github.com Rudi C
	code [3, 3]
zhouhaibing089@gmail.com zhouhaibing089
	unknown [2, 1]
	devel-doc [10, 0]
tnguyen@redhat.com Thien-Thi Nguyen
	unknown [1, 1]
runcom@redhat.com Antonio Murdaca
	unknown [59, 2]
mdame@redhat.com Mike Dame
	unknown [3, 3]
	code [21, 0]
joe2farrell@gmail.com joe2far
	unknown [2100, 2030]
	devel-doc [412, 412]
charlie@charliedrage.com Charlie Drage
	unknown [1, 1]
ziyadbasheer213@gmail.com ziyadbasheer
	unknown [2, 2]
lukaszoles@gmail.com Łukasz Oleś
	unknown [152, 70]
jiangyaoguo@gmail.com jiangyaoguo
	unknown [619, 10]
slukjanov@mirantis.com Sergey Lukjanov
	unknown [3, 2]
aaronjlevy@gmail.com Aaron Levy
	unknown [37, 2]
development@advance-leap.com Adrian Ursu
	unknown [0, 1]
doug@zenly.co.uk Douglas Gibbons
	devel-doc [2, 1]
	code [1, 0]
mulloymorrow@users.noreply.github.com Mulloy Morrow
	devel-doc [1, 1]
elson.rodriguez@gmail.com Elson Rodriguez
	code [12, 4]
christoph.held@est.fujitsu.com Christoph Held
	unknown [3, 0]
	build [12, 0]
mrubin@google.com Michael Rubin
	unknown [710, 568]
	devel-doc [29, 0]
lorrin.nelson@salesforce.com Lorrin Nelson
	code [8, 4]
allenmiller@users.noreply.github.com allenmiller
	unknown [1, 1]
casey@tigera.io Casey Davenport
	unknown [912, 51]
	devel-doc [36, 20]
	code [20, 25]
	build [10, 9]
ancosen@gmail.com Andrea Cosentino
	devel-doc [1, 1]
sbrzeczkowski@mirantis.com Sylwester Brzeczkowski
	unknown [78, 28]
alex@bengler.no Alexander Staubo
	unknown [1, 1]
elyscape@gmail.com Eli Young
	unknown [3, 2]
weeks@squareup.com Brandon Weeks
	code [8, 2]
aaron.mills@returnpath.com Aaron Mills
	unknown [7, 7]
anton@endocode.com Anton Khramov
	code [7, 7]
meng.mobile@gmail.com Liyi Meng
	unknown [1, 1]
michael@secful.com Michael Vilensky
	code [3, 2]
liubin0329@gmail.com bin liu
	unknown [17, 17]
dug@us.ibm.com Doug Davis
	unknown [13, 14]
	code [1, 1]
grod@google.com Garrett Rodrigues
	unknown [5, 13]
peeyushgupta91@gmail.com Peeyush Gupta
	devel-doc [1, 1]
brandon@ifup.org Brandon Philips
	unknown [3, 4]
	devel-doc [1, 1]
oleg@apcera.com Oleg Shaldybin
	unknown [759, 287]
colin.hom@coreos.com Colin Hom
	unknown [1, 0]
daniel.allegood@hpe.com dkalleg
	unknown [35, 11]
piotr.prokop@intel.com pprokop
	unknown [11, 2]
christiankoep@gmail.com Christian Koep
	unknown [3, 6]
matt@nowprovision.com Matt Freeman
	unknown [65, 14]
weixu@appformix.com Weixu Zhuang
	unknown [382, 45]
	devel-doc [29, 26]
	code [1001, 16]
	build [237, 0]
mkhan@redhat.com enj
	unknown [54, 2]
jliu23@ebay.com Jing Liu
	unknown [42, 24]
davidxia@users.noreply.github.com David Xia
	unknown [1, 1]
dua_rajdeep@yahoo.com Rajdeep Dua
	unknown [149, 61]
me@jing.io Jing Dong
	code [13, 11]
aanm90@gmail.com André Martins
	code [7, 4]
dalanlan925@gmail.com dalanlan
	unknown [1, 4]
	code [1, 1]
ripcurld.github@gmail.com Boaz Shuster
	unknown [1, 1]
reames@asymmetricventures.com Richard Eames
	code [5, 5]
matthew.dupre@metaswitch.com Matt Dupre
	unknown [116, 0]
	devel-doc [20, 0]
	code [12, 0]
	build [19, 2]
justinclayton@users.noreply.github.com Justin Clayton
	devel-doc [0, 8]
borismattijssen@gmail.com Boris Mattijssen
	unknown [1, 1]
jcruger@godaddy.com Jarrett Cruger
	code [21, 10]
jonathan.boulle@coreos.com Jonathan Boulle
	unknown [0, 32]
gyuhox@gmail.com Gyu-Ho Lee
	unknown [0, 1]
haih@us.ibm.com Hai Huang
	unknown [7, 0]
metral@gmail.com Mike Metral
	unknown [204, 205]
	code [13, 0]
christian@paral.in Christian Stewart
	code [3, 1]
wlodzimierz.borkowski@intel.com Wlodzimierz Borkowski
	code [1, 1]
devel-doc 20615 10748
	foxish@users.noreply.github.com Anirudh Ramanathan: [1, 2]
	vishnuk@google.com Vishnu kannan: [306, 351]
	davidopp@google.com David Oppenheimer: [2, 0]
	fabioy@google.com Fabio Yeon: [12, 1]
	mml@google.com Matt Liggett: [123, 1076]
	madhusudancs@google.com Madhusudan.C.S: [93, 11]
	nikhiljindal@google.com nikhiljindal: [12, 10]
	stclair@google.com Tim St. Clair: [65, 39]
	wojtekt@google.com Wojciech Tyczynski: [43, 231]
	chiachenk@google.com Janet Kuo: [1, 1]
	mixia@google.com Minhan Xia: [1235, 1063]
	gmarek@google.com Marek Grabowski: [4, 209]
	beeps@google.com bprashanth: [3, 3]
	mwielgus@google.com Marcin Wielgus: [15, 10]
	pszczesniak@google.com Piotr Szczesniak: [53, 950]
	djmm@google.com David McMahon: [2008, 2908]
	xuchao@google.com Chao Xu: [5004, 31]
	gkalele@google.com Girish Kalele: [4, 0]
	zml@google.com Zach Loafman: [3, 3]
	dbsmith@google.com Daniel Smith: [228, 294]
	sttts@redhat.com Dr. Stefan Schimanski: [1, 1]
	thockin@google.com Tim Hockin: [7, 94]
	deads@redhat.com deads2k: [143, 6]
	yashulyak@gmail.com Dmitry Shulyak: [200, 0]
	mikedanese@google.com Mike Danese: [3, 3]
	jeffml@google.com Jeff Lowdermilk: [27, 3]
	hongchaodeng1@gmail.com Hongchao Deng: [2, 2]
	ciwang@google.com Cindy Wang: [108, 193]
	zhoufang@google.com Zhou Fang: [396, 0]
	dims@linux.vnet.ibm.com Davanum Srinivas: [1, 8]
	mawong@redhat.com Matthew Wong: [3, 0]
	jsz@google.com Jerzy Szczepkowski: [36, 2]
	me@jessfraz.com Jess Frazelle: [2, 2]
	zihongz@google.com MrHohn: [2, 0]
	lucas.kaldstrom@hotmail.co.uk Lucas Käldström: [17, 1]
	asalkeld@mirantis.com Angus Salkeld: [4, 6]
	justin@fathomdb.com Justin Santa Barbara: [12, 14]
	jeffmendoza@google.com Jeff Mendoza: [7, 21]
	yong.tang.github@outlook.com Yong Tang: [12, 12]
	jsafrane@redhat.com Jan Safranek: [49, 32]
	jgrafton@google.com Jeff Grafton: [1, 1]
	hchen@redhat.com Huamin Chen: [67, 0]
	aledbf@gmail.com Manuel de Brito Fontes: [1, 11]
	tstclair@redhat.com Timothy St. Clair: [298, 248]
	qlee@google.com Quintin Lee: [141, 1]
	johannes.scheuermann@inovex.de Johannes Scheuermann: [128, 1]
	contact@tmrts.com Tamer Tas: [3, 3]
	etune@google.com Eric Tune: [75, 824]
	hchiramm@redhat.com Humble Chirammal: [854, 0]
	buddhap@google.com dubstack: [199, 0]
	mehdy@google.com mbohlool: [3726, 1113]
	xlgao@zju.edu.cn Xianglin Gao: [1, 1]
	tobias.schottdorf@gmail.com Tobias Schottdorf: [97, 0]
	mturansk@redhat.com markturansky: [2, 0]
	george.tankersley@coreos.com George Tankersley: [1930, 85]
	cole.mickens@gmail.com Cole Mickens: [1216, 0]
	sander@xanzy.io Sander van Harmelen: [209, 0]
	gus@inodes.org Angus Lees: [398, 0]
	matt@projectcalico.org Matt: [51, 36]
	matthew.bruzek@canonical.com Matt Bruzek: [36, 3]
	wesley@ze.com Wesley Hartford: [1, 1]
	arob@google.com Alex Robinson: [0, 40]
	mspreitz@us.ibm.com Mike Spreitzer: [8, 0]
	lantaol@google.com Random Liu: [280, 23]
	bchilds@redhat.com childsb: [1, 0]
	03cranec@users.noreply.github.com Chris Crane: [63, 7]
	keegan.csmith@gmail.com Keegan Carruthers-Smith: [1, 1]
	apelisse@gmail.com Antoine Pelisse: [23, 280]
	ramitsurana@gmail.com Ramit Surana: [7, 4]
	spyzalski@mirantis.com Szymon Pyżalski: [9, 1]
	zhouhaibing089@gmail.com zhouhaibing089: [10, 0]
	joe2farrell@gmail.com joe2far: [412, 412]
	doug@zenly.co.uk Douglas Gibbons: [2, 1]
	mulloymorrow@users.noreply.github.com Mulloy Morrow: [1, 1]
	mrubin@google.com Michael Rubin: [29, 0]
	casey@tigera.io Casey Davenport: [36, 20]
	ancosen@gmail.com Andrea Cosentino: [1, 1]
	peeyushgupta91@gmail.com Peeyush Gupta: [1, 1]
	brandon@ifup.org Brandon Philips: [1, 1]
	weixu@appformix.com Weixu Zhuang: [29, 26]
	matthew.dupre@metaswitch.com Matt Dupre: [20, 0]
	justinclayton@users.noreply.github.com Justin Clayton: [0, 8]
code 13755 10118
	quinton@google.com Quinton Hoole: [5, 1]
	vishnuk@google.com Vishnu kannan: [23, 117]
	jianhui.zhou@huawei.com jianhuiz: [2, 2]
	dawnchen@google.com Dawn Chen: [4, 2]
	fabioy@google.com Fabio Yeon: [1, 1]
	mml@google.com Matt Liggett: [305, 6]
	madhusudancs@google.com Madhusudan.C.S: [911, 516]
	nikhiljindal@google.com nikhiljindal: [473, 191]
	ccoleman@redhat.com Clayton Coleman: [3, 2]
	jliggitt@redhat.com Jordan Liggitt: [35, 4]
	ameyd@google.com Amey Deshpande: [6, 23]
	maisem@google.com Maisem Ali: [346, 209]
	stclair@google.com Tim St. Clair: [30, 11]
	wojtekt@google.com Wojciech Tyczynski: [240, 115]
	mixia@google.com Minhan Xia: [253, 35]
	gmarek@google.com Marek Grabowski: [28, 23]
	beeps@google.com bprashanth: [98, 12]
	taotaotheripper@gmail.com Random-Liu: [114, 75]
	mwielgus@google.com Marcin Wielgus: [11, 0]
	pszczesniak@google.com Piotr Szczesniak: [14, 3]
	djmm@google.com David McMahon: [527, 390]
	xuchao@google.com Chao Xu: [331, 23]
	gkalele@google.com Girish Kalele: [10, 6]
	zml@google.com Zach Loafman: [156, 97]
	dbsmith@google.com Daniel Smith: [70, 23]
	decarr@redhat.com derekwaynecarr: [7, 2]
	euank@coreos.com Euan Kemp: [7, 6]
	sttts@redhat.com Dr. Stefan Schimanski: [21, 5]
	thockin@google.com Tim Hockin: [3515, 3148]
	fraenkel@us.ibm.com Michael Fraenkel: [11, 11]
	maszulik@redhat.com Maciej Szulik: [3, 8]
	deads@redhat.com deads2k: [48, 1990]
	kaveh.shafiee@huawei.com kshafiee: [2, 2]
	hitchmanr@gmail.com Ryan Hitchman: [214, 68]
	chuck@dasroot.net Charles Butler: [2, 2]
	yashulyak@gmail.com Dmitry Shulyak: [13, 0]
	errordeveloper@gmail.com Ilya Dmitrichenko: [0, 518]
	mikedanese@google.com Mike Danese: [21, 61]
	ishvedunov@mirantis.com Ivan Shvedunov: [30, 17]
	jeffml@google.com Jeff Lowdermilk: [14, 5]
	hongchaodeng1@gmail.com Hongchao Deng: [8, 8]
	ciwang@google.com Cindy Wang: [3, 3]
	pmorie@redhat.com Paul Morie: [54, 29]
	zhoufang@google.com Zhou Fang: [1, 2]
	dims@linux.vnet.ibm.com Davanum Srinivas: [22, 1]
	mawong@redhat.com Matthew Wong: [13, 0]
	jsz@google.com Jerzy Szczepkowski: [274, 72]
	yjhong@google.com Yu-Ju Hong: [22, 0]
	me@jessfraz.com Jess Frazelle: [105, 11]
	lu.zhenxing@zte.com.cn lojies: [2, 0]
	bburns@google.com Brendan Burns: [51, 3]
	zihongz@google.com MrHohn: [1, 1]
	lucas.kaldstrom@hotmail.co.uk Lucas Käldström: [16, 12]
	spxtr@google.com Joe Finney: [18, 16]
	fejta@google.com Erick Fejta: [152, 825]
	mkargaki@redhat.com Michail Kargakis: [10, 10]
	rcarvalh@redhat.com Rodolfo Carvalho: [3, 1]
	asalkeld@mirantis.com Angus Salkeld: [15, 1]
	jchaloup@redhat.com Jan Chaloupka: [2, 2]
	ronl@google.com bindata-mockuser: [3, 3]
	dcbw@redhat.com Dan Williams: [3, 2]
	justin@fathomdb.com Justin Santa Barbara: [4, 4]
	jeffmendoza@google.com Jeff Mendoza: [31, 377]
	yifan.gu@coreos.com Yifan Gu: [2, 2]
	rudi@clarifai.com Rudi Chiarito: [1, 1]
	adityakali@google.com Aditya Kali: [10, 0]
	jsafrane@redhat.com Jan Safranek: [28, 28]
	jgrafton@google.com Jeff Grafton: [75, 80]
	hchen@redhat.com Huamin Chen: [34, 1]
	aledbf@gmail.com Manuel de Brito Fontes: [49, 2]
	tstclair@redhat.com Timothy St. Clair: [30, 30]
	qlee@google.com Quintin Lee: [3, 1]
	feiskyer@gmail.com Pengfei Ni: [153, 0]
	mbauer@us.ibm.com Morgan Bauer: [4, 4]
	gen0cide.threats@gmail.com gen0cide-: [1, 1]
	johannes.scheuermann@inovex.de Johannes Scheuermann: [3, 0]
	contact@tmrts.com Tamer Tas: [1, 2]
	mnshaw@google.com Marie Shaw: [219, 8]
	etune@google.com Eric Tune: [0, 202]
	buddhap@google.com dubstack: [25, 9]
	mehdy@google.com mbohlool: [37, 0]
	evan.cordell@coreos.com Evan Cordell: [102, 0]
	wonderfly@google.com Daniel Wang: [77, 51]
	tobias.schottdorf@gmail.com Tobias Schottdorf: [113, 0]
	george.tankersley@coreos.com George Tankersley: [5, 5]
	wang.ping5@zte.com.cn PingWang: [1, 0]
	agoldste@redhat.com Andy Goldstein: [14, 0]
	avagarwa@redhat.com Avesh Agarwal: [15, 0]
	jvallejo@redhat.com juanvallejo: [12, 0]
	silas@godaddy.com Silas Boyd-Wickizer: [5, 1]
	cole.mickens@gmail.com Cole Mickens: [9, 13]
	matt@projectcalico.org Matt: [2, 1]
	spiffxp@gmail.com Aaron Crickenberger: [1, 1]
	xh@decbug.com codejuan: [1, 1]
	bbreslauer@google.com Ben Breslauer: [8, 6]
	mrostecki@mirantis.com Michal Rostecki: [0, 5]
	akurilin@mirantis.com Andrey Kurilin: [12, 0]
	brownwm@us.ibm.com Mike Brown: [9, 1]
	pawel.skrzynski@intel.com Pawel Skrzynski: [6, 1]
	zhao.xiangpeng@zte.com.cn xiangpengzhao: [1, 0]
	matthew.bruzek@canonical.com Matt Bruzek: [392, 237]
	bryan@weave.works Bryan Boreham: [7, 7]
	arob@google.com Alex Robinson: [1, 1]
	mspreitz@us.ibm.com Mike Spreitzer: [6, 5]
	salvatore-dario.minonne@amadeus.com Salvatore Dario Minonne: [8, 0]
	jay@apache.org jayunit100: [2059, 9]
	bchilds@redhat.com childsb: [25, 0]
	cjcullen@google.com CJ Cullen: [4, 1]
	apelisse@gmail.com Antoine Pelisse: [1, 6]
	filipg@google.com Filip Grzadkowski: [305, 184]
	mtayer@redhat.com Mooli Tayer: [1, 1]
	therc@users.noreply.github.com Rudi C: [3, 3]
	mdame@redhat.com Mike Dame: [21, 0]
	doug@zenly.co.uk Douglas Gibbons: [1, 0]
	elson.rodriguez@gmail.com Elson Rodriguez: [12, 4]
	lorrin.nelson@salesforce.com Lorrin Nelson: [8, 4]
	casey@tigera.io Casey Davenport: [20, 25]
	weeks@squareup.com Brandon Weeks: [8, 2]
	anton@endocode.com Anton Khramov: [7, 7]
	michael@secful.com Michael Vilensky: [3, 2]
	dug@us.ibm.com Doug Davis: [1, 1]
	weixu@appformix.com Weixu Zhuang: [1001, 16]
	me@jing.io Jing Dong: [13, 11]
	aanm90@gmail.com André Martins: [7, 4]
	dalanlan925@gmail.com dalanlan: [1, 1]
	reames@asymmetricventures.com Richard Eames: [5, 5]
	matthew.dupre@metaswitch.com Matt Dupre: [12, 0]
	jcruger@godaddy.com Jarrett Cruger: [21, 10]
	metral@gmail.com Mike Metral: [13, 0]
	christian@paral.in Christian Stewart: [3, 1]
	wlodzimierz.borkowski@intel.com Wlodzimierz Borkowski: [1, 1]
unknown 415264 226482
	pwittroc@google.com Phillip Wittrock: [969, 122]
	quinton@google.com Quinton Hoole: [1895, 469]
	vishnuk@google.com Vishnu kannan: [694, 559]
	davidopp@google.com David Oppenheimer: [528, 3]
	jianhui.zhou@huawei.com jianhuiz: [2329, 210]
	dawnchen@google.com Dawn Chen: [87, 90]
	fabioy@google.com Fabio Yeon: [6, 8]
	mml@google.com Matt Liggett: [8438, 18844]
	madhusudancs@google.com Madhusudan.C.S: [629, 179]
	nikhiljindal@google.com nikhiljindal: [13199, 962]
	ccoleman@redhat.com Clayton Coleman: [3614, 1484]
	jliggitt@redhat.com Jordan Liggitt: [2399, 915]
	ameyd@google.com Amey Deshpande: [8, 2]
	maisem@google.com Maisem Ali: [23, 12]
	mtaufen@google.com Michael Taufen: [2520, 1403]
	stclair@google.com Tim St. Clair: [2729, 669]
	wojtekt@google.com Wojciech Tyczynski: [5364, 5361]
	vishh@users.noreply.github.com Vish Kannan: [287, 106]
	chiachenk@google.com Janet Kuo: [1165, 423]
	mixia@google.com Minhan Xia: [1278, 256]
	gmarek@google.com Marek Grabowski: [3914, 2973]
	beeps@google.com bprashanth: [666, 73]
	taotaotheripper@gmail.com Random-Liu: [2620, 2704]
	mwielgus@google.com Marcin Wielgus: [4517, 891]
	pszczesniak@google.com Piotr Szczesniak: [185, 383]
	djmm@google.com David McMahon: [6970, 14196]
	xuchao@google.com Chao Xu: [207262, 2012]
	gkalele@google.com Girish Kalele: [2021, 510]
	zml@google.com Zach Loafman: [19, 13]
	dbsmith@google.com Daniel Smith: [2389, 1926]
	decarr@redhat.com derekwaynecarr: [3699, 1168]
	euank@coreos.com Euan Kemp: [380, 335]
	sttts@redhat.com Dr. Stefan Schimanski: [14309, 9478]
	thockin@google.com Tim Hockin: [5309, 72719]
	dma@redhat.com mdshuai: [1, 1]
	fraenkel@us.ibm.com Michael Fraenkel: [147, 35]
	maszulik@redhat.com Maciej Szulik: [2135, 555]
	deads@redhat.com deads2k: [9464, 2744]
	kaveh.shafiee@huawei.com kshafiee: [1318, 41]
	hitchmanr@gmail.com Ryan Hitchman: [1325, 564]
	yashulyak@gmail.com Dmitry Shulyak: [34, 21]
	xingzhou@cn.ibm.com Xing Zhou: [63, 21]
	errordeveloper@gmail.com Ilya Dmitrichenko: [1, 495]
	mikedanese@google.com Mike Danese: [1257, 927]
	ishvedunov@mirantis.com Ivan Shvedunov: [283, 92]
	li.guangxu@zte.com.cn guangxuli: [0, 4]
	jeffml@google.com Jeff Lowdermilk: [385, 66]
	hongchaodeng1@gmail.com Hongchao Deng: [1729, 1587]
	ciwang@google.com Cindy Wang: [894, 140]
	pmorie@redhat.com Paul Morie: [3405, 2536]
	zhoufang@google.com Zhou Fang: [3630, 800]
	dims@linux.vnet.ibm.com Davanum Srinivas: [1389, 2489]
	mawong@redhat.com Matthew Wong: [1596, 228]
	bryk@google.com bryk: [16, 16]
	jsz@google.com Jerzy Szczepkowski: [160, 163]
	dj199008@gmail.com m1093782566: [124, 73]
	mengqiy@google.com ymqytw: [32, 2]
	yjhong@google.com Yu-Ju Hong: [2988, 1251]
	jrhoak@gmail.com Josh Hoak: [2, 0]
	jinxu@google.com Jing Xu: [1216, 251]
	me@jessfraz.com Jess Frazelle: [571, 289]
	vefimova@mirantis.com vefimova: [221, 53]
	better0332@163.com better88: [3, 3]
	magorzata@google.com mksalawa: [2709, 793]
	yu.peng36@zte.com.cn YuPengZTE: [5, 5]
	lu.zhenxing@zte.com.cn lojies: [47, 46]
	bburns@google.com Brendan Burns: [455, 91]
	zihongz@google.com MrHohn: [183, 16]
	pigmej@gmail.com Jedrzej Nowak: [104, 104]
	zhang.ke106@zte.com.cn Ke Zhang: [198, 46]
	lucas.kaldstrom@hotmail.co.uk Lucas Käldström: [1215, 615]
	thom@may.lt Thom May: [0, 6]
	piotr.skamruk@gmail.com Piotr Skamruk: [6, 1]
	spxtr@google.com Joe Finney: [6, 11]
	fejta@google.com Erick Fejta: [535, 303]
	mkargaki@redhat.com Michail Kargakis: [4003, 2135]
	fmeng@ebay.com mfanjie: [1641, 1257]
	asalkeld@mirantis.com Angus Salkeld: [2555, 485]
	jchaloup@redhat.com Jan Chaloupka: [87, 59]
	wangzefeng@huawei.com Kevin: [514, 290]
	ronl@google.com bindata-mockuser: [2693, 1362]
	justin@fathomdb.com Justin Santa Barbara: [832, 323]
	coolhzb@163.com AdoHe: [1306, 207]
	vipul.sabhaya@hp.com Vipul Sabhaya: [48, 16]
	jeffmendoza@google.com Jeff Mendoza: [38, 429]
	yifan.gu@coreos.com Yifan Gu: [616, 206]
	rudi@clarifai.com Rudi Chiarito: [960, 455]
	dhodovsk@redhat.com Dominika Hodovska: [1223, 399]
	ramanathana@google.com Anirudh: [343, 6]
	baldwin@stackpointcloud.com Matt Baldwin: [3, 0]
	krousey@google.com Kris: [1022, 178]
	screeley@redhat.com Scott Creeley: [132, 46]
	jsafrane@redhat.com Jan Safranek: [2341, 551]
	jgrafton@google.com Jeff Grafton: [30, 20]
	dagnello@hp.com Davide Agnello: [252, 115]
	peter.miron@apcera.com Peter Miron: [11, 0]
	hchen@redhat.com Huamin Chen: [1560, 11]
	aledbf@gmail.com Manuel de Brito Fontes: [186, 74]
	bart.vanbos@rombit.be Bart Van Bos: [2, 1]
	tstclair@redhat.com Timothy St. Clair: [1079, 670]
	qlee@google.com Quintin Lee: [295, 0]
	ts@soundcloud.com Tobias Schmidt: [253, 166]
	feiskyer@gmail.com Pengfei Ni: [7706, 807]
	jiangjun1990@gmail.com ohmystack: [5, 2]
	mbauer@us.ibm.com Morgan Bauer: [47, 18]
	johannes.scheuermann@inovex.de Johannes Scheuermann: [906, 11]
	rodrigo@sdfg.com.ar Rodrigo Campos: [1823, 324]
	contact@tmrts.com Tamer Tas: [722, 478]
	mnshaw@google.com Marie Shaw: [543, 7]
	kalexandra@us.ibm.com Kara Alexandra: [36, 30]
	etune@google.com Eric Tune: [1889, 183]
	hchiramm@redhat.com Humble Chirammal: [205, 8]
	simon@swine.de Christian Simon: [3, 18]
	buddhap@google.com dubstack: [1630, 284]
	mehdy@google.com mbohlool: [1394, 18]
	shivania@vmware.com Abrar Shivani: [925, 313]
	crazykev@zju.edu.cn Crazykev: [7, 7]
	xlgao@zju.edu.cn Xianglin Gao: [5, 5]
	evan.cordell@coreos.com Evan Cordell: [1612, 1]
	eric.chiang.m@gmail.com Eric Chiang: [1668, 525]
	krousey@users.noreply.github.com krousey: [14, 18]
	tobias.schottdorf@gmail.com Tobias Schottdorf: [96, 0]
	mturansk@redhat.com markturansky: [36, 11]
	avesh.ncsu@gmail.com Avesh: [10, 1]
	george.tankersley@coreos.com George Tankersley: [4052, 62]
	mfojtik@redhat.com Michal Fojtik: [158, 27]
	wang.ping5@zte.com.cn PingWang: [288, 172]
	agoldste@redhat.com Andy Goldstein: [1740, 427]
	mkwiek@mirantis.com Maciej Kwiek: [28, 11]
	li.xiaobing1@zte.com.cn lixiaobing10051267: [69, 54]
	saadali@google.com saadali: [2002, 455]
	avagarwa@redhat.com Avesh Agarwal: [248, 46]
	jvallejo@redhat.com juanvallejo: [471, 254]
	krancourt@engineyard.com Kent Rancourt: [171, 1]
	silas@godaddy.com Silas Boyd-Wickizer: [3, 1]
	nakayamakenjiro@gmail.com Kenjiro Nakayama: [5, 15]
	cole.mickens@gmail.com Cole Mickens: [2160, 70]
	czahedi@google.com czahedi: [1, 1]
	sander@xanzy.io Sander van Harmelen: [749, 427]
	ng.tuna@gmail.com ngtuna: [492, 0]
	shanse@gmail.com Sascha Hanse: [12, 2]
	danw@redhat.com Dan Winship: [0, 2]
	gus@inodes.org Angus Lees: [73, 43]
	matt@projectcalico.org Matt: [105, 16]
	jvance@redhat.com Jeff Vance: [516, 252]
	patryk.dunski@kende.pl Patryk Duński: [1, 0]
	mrostecki@mirantis.com Michal Rostecki: [503, 281]
	xiangli.cs@gmail.com Xiang Li: [340, 377]
	sjenning@redhat.com Seth Jennings: [181, 63]
	akurilin@mirantis.com Andrey Kurilin: [191, 104]
	brownwm@us.ibm.com Mike Brown: [484, 294]
	pawel.skrzynski@intel.com Pawel Skrzynski: [23, 14]
	zhao.xiangpeng@zte.com.cn xiangpengzhao: [223, 134]
	taariql@gmail.com Taariq Levack: [1, 1]
	matthew.bruzek@canonical.com Matt Bruzek: [398, 240]
	rrati@redhat.com Robert Rati: [294, 181]
	bryan@weave.works Bryan Boreham: [40, 22]
	gambol99@gmail.com Rohith: [2, 2]
	wesley@ze.com Wesley Hartford: [1, 1]
	pweil@redhat.com pweil-: [16, 11]
	jcope@redhat.com Jon Cope: [183, 54]
	ffranz@redhat.com Fabiano Franz: [7, 0]
	arob@google.com Alex Robinson: [12, 40346]
	mspreitz@us.ibm.com Mike Spreitzer: [4, 2]
	matt.proud@gmail.com Matt T. Proud: [26, 22]
	lantaol@google.com Random Liu: [354, 203]
	abrand@apprenda.com abrand: [589, 1]
	ed@reevoo.com Ed Robinson: [22, 10]
	salvatore-dario.minonne@amadeus.com Salvatore Dario Minonne: [0, 449]
	harryz@hyper.sh Harry Zhang: [258, 211]
	jay@apache.org jayunit100: [57, 5517]
	klaus1982.cn@gmail.com Klaus Ma: [12, 11]
	harryzhang@zju.edu.cn harry zhang: [228, 164]
	bchilds@redhat.com childsb: [2168, 1]
	cjcullen@google.com CJ Cullen: [80, 22]
	dong.xiugang20@zte.com.cn DongXiugang: [1, 1]
	pb@coreos.com Patrick Baxter: [10, 2]
	03cranec@users.noreply.github.com Chris Crane: [153, 7]
	maazkhansgsits@gmail.com maaz khan: [343, 0]
	anish@gatech.edu Anish Bhatt: [79, 9]
	quentin.machu@coreos.com Quentin Machu: [1, 1]
	apelisse@gmail.com Antoine Pelisse: [302, 320]
	hzwangxing@corp.netease.com Wang Xing: [0, 4]
	filipg@google.com Filip Grzadkowski: [2, 0]
	dhawal55@gmail.com Dhawal Patel: [1, 16]
	albatross0@gmail.com albatross0: [3, 3]
	jimmidyson@gmail.com Jimmi Dyson: [1, 13]
	slowlight@yeah.net Tong: [2, 2]
	aps.sids@gmail.com Amanpreet Singh: [134, 1]
	kevensen@redhat.com Kenneth D. Evensen: [23, 8]
	spyzalski@mirantis.com Szymon Pyżalski: [12, 1]
	wang.kanghua@zte.com.cn Kevin Wang: [11, 17]
	zhouhaibing089@gmail.com zhouhaibing089: [2, 1]
	tnguyen@redhat.com Thien-Thi Nguyen: [1, 1]
	runcom@redhat.com Antonio Murdaca: [59, 2]
	mdame@redhat.com Mike Dame: [3, 3]
	joe2farrell@gmail.com joe2far: [2100, 2030]
	charlie@charliedrage.com Charlie Drage: [1, 1]
	ziyadbasheer213@gmail.com ziyadbasheer: [2, 2]
	lukaszoles@gmail.com Łukasz Oleś: [152, 70]
	jiangyaoguo@gmail.com jiangyaoguo: [619, 10]
	slukjanov@mirantis.com Sergey Lukjanov: [3, 2]
	aaronjlevy@gmail.com Aaron Levy: [37, 2]
	development@advance-leap.com Adrian Ursu: [0, 1]
	christoph.held@est.fujitsu.com Christoph Held: [3, 0]
	mrubin@google.com Michael Rubin: [710, 568]
	allenmiller@users.noreply.github.com allenmiller: [1, 1]
	casey@tigera.io Casey Davenport: [912, 51]
	sbrzeczkowski@mirantis.com Sylwester Brzeczkowski: [78, 28]
	alex@bengler.no Alexander Staubo: [1, 1]
	elyscape@gmail.com Eli Young: [3, 2]
	aaron.mills@returnpath.com Aaron Mills: [7, 7]
	meng.mobile@gmail.com Liyi Meng: [1, 1]
	liubin0329@gmail.com bin liu: [17, 17]
	dug@us.ibm.com Doug Davis: [13, 14]
	grod@google.com Garrett Rodrigues: [5, 13]
	brandon@ifup.org Brandon Philips: [3, 4]
	oleg@apcera.com Oleg Shaldybin: [759, 287]
	colin.hom@coreos.com Colin Hom: [1, 0]
	daniel.allegood@hpe.com dkalleg: [35, 11]
	piotr.prokop@intel.com pprokop: [11, 2]
	christiankoep@gmail.com Christian Koep: [3, 6]
	matt@nowprovision.com Matt Freeman: [65, 14]
	weixu@appformix.com Weixu Zhuang: [382, 45]
	mkhan@redhat.com enj: [54, 2]
	jliu23@ebay.com Jing Liu: [42, 24]
	davidxia@users.noreply.github.com David Xia: [1, 1]
	dua_rajdeep@yahoo.com Rajdeep Dua: [149, 61]
	dalanlan925@gmail.com dalanlan: [1, 4]
	ripcurld.github@gmail.com Boaz Shuster: [1, 1]
	matthew.dupre@metaswitch.com Matt Dupre: [116, 0]
	borismattijssen@gmail.com Boris Mattijssen: [1, 1]
	jonathan.boulle@coreos.com Jonathan Boulle: [0, 32]
	gyuhox@gmail.com Gyu-Ho Lee: [0, 1]
	haih@us.ibm.com Hai Huang: [7, 0]
	metral@gmail.com Mike Metral: [204, 205]
image 0 10566
	errordeveloper@gmail.com Ilya Dmitrichenko: [0, 0]
	ciwang@google.com Cindy Wang: [0, 0]
	jeffmendoza@google.com Jeff Mendoza: [0, 1002]
	mnshaw@google.com Marie Shaw: [0, 0]
	arob@google.com Alex Robinson: [0, 9564]
documentation 3690 2695
	jianhui.zhou@huawei.com jianhuiz: [0, 0]
	dawnchen@google.com Dawn Chen: [0, 0]
	mml@google.com Matt Liggett: [0, 2455]
	madhusudancs@google.com Madhusudan.C.S: [24, 12]
	nikhiljindal@google.com nikhiljindal: [5, 0]
	ccoleman@redhat.com Clayton Coleman: [2, 0]
	jliggitt@redhat.com Jordan Liggitt: [2, 0]
	maisem@google.com Maisem Ali: [4, 2]
	mtaufen@google.com Michael Taufen: [1, 0]
	stclair@google.com Tim St. Clair: [1, 1]
	wojtekt@google.com Wojciech Tyczynski: [19, 14]
	vishh@users.noreply.github.com Vish Kannan: [8, 0]
	mixia@google.com Minhan Xia: [4, 0]
	gmarek@google.com Marek Grabowski: [4, 0]
	taotaotheripper@gmail.com Random-Liu: [16, 9]
	mwielgus@google.com Marcin Wielgus: [1, 5]
	djmm@google.com David McMahon: [4, 4]
	xuchao@google.com Chao Xu: [3498, 4]
	gkalele@google.com Girish Kalele: [0, 0]
	dbsmith@google.com Daniel Smith: [0, 2]
	decarr@redhat.com derekwaynecarr: [1, 0]
	euank@coreos.com Euan Kemp: [1, 0]
	sttts@redhat.com Dr. Stefan Schimanski: [5, 0]
	thockin@google.com Tim Hockin: [5, 69]
	maszulik@redhat.com Maciej Szulik: [4, 0]
	deads@redhat.com deads2k: [0, 0]
	mikedanese@google.com Mike Danese: [1, 0]
	jeffml@google.com Jeff Lowdermilk: [7, 1]
	ciwang@google.com Cindy Wang: [2, 2]
	dims@linux.vnet.ibm.com Davanum Srinivas: [3, 2]
	magorzata@google.com mksalawa: [9, 0]
	pigmej@gmail.com Jedrzej Nowak: [0, 0]
	zhang.ke106@zte.com.cn Ke Zhang: [1, 0]
	fejta@google.com Erick Fejta: [3, 1]
	mkargaki@redhat.com Michail Kargakis: [0, 0]
	asalkeld@mirantis.com Angus Salkeld: [19, 1]
	jchaloup@redhat.com Jan Chaloupka: [1, 0]
	justin@fathomdb.com Justin Santa Barbara: [1, 0]
	coolhzb@163.com AdoHe: [3, 0]
	jeffmendoza@google.com Jeff Mendoza: [0, 76]
	rudi@clarifai.com Rudi Chiarito: [0, 0]
	hchen@redhat.com Huamin Chen: [0, 0]
	tstclair@redhat.com Timothy St. Clair: [2, 12]
	feiskyer@gmail.com Pengfei Ni: [6, 0]
	johannes.scheuermann@inovex.de Johannes Scheuermann: [1, 1]
	rodrigo@sdfg.com.ar Rodrigo Campos: [0, 0]
	mnshaw@google.com Marie Shaw: [1, 0]
	etune@google.com Eric Tune: [0, 18]
	buddhap@google.com dubstack: [1, 0]
	mehdy@google.com mbohlool: [0, 0]
	eric.chiang.m@gmail.com Eric Chiang: [2, 0]
	george.tankersley@coreos.com George Tankersley: [2, 0]
	jvallejo@redhat.com juanvallejo: [1, 0]
	matthew.bruzek@canonical.com Matt Bruzek: [4, 4]
	abrand@apprenda.com abrand: [9, 0]
	bchilds@redhat.com childsb: [0, 0]
	maazkhansgsits@gmail.com maaz khan: [1, 0]
	aps.sids@gmail.com Amanpreet Singh: [1, 0]
ui 0 65
	thockin@google.com Tim Hockin: [0, 65]
build 2863 4931
	vishnuk@google.com Vishnu kannan: [20, 10]
	fabioy@google.com Fabio Yeon: [9, 10]
	mml@google.com Matt Liggett: [0, 62]
	madhusudancs@google.com Madhusudan.C.S: [94, 21]
	ameyd@google.com Amey Deshpande: [48, 30]
	stclair@google.com Tim St. Clair: [4, 0]
	wojtekt@google.com Wojciech Tyczynski: [44, 8]
	vishh@users.noreply.github.com Vish Kannan: [1, 1]
	mixia@google.com Minhan Xia: [80, 28]
	gmarek@google.com Marek Grabowski: [21, 5]
	beeps@google.com bprashanth: [15, 11]
	mwielgus@google.com Marcin Wielgus: [12, 0]
	pszczesniak@google.com Piotr Szczesniak: [24, 0]
	djmm@google.com David McMahon: [69, 69]
	xuchao@google.com Chao Xu: [196, 0]
	gkalele@google.com Girish Kalele: [9, 9]
	zml@google.com Zach Loafman: [22, 6]
	dbsmith@google.com Daniel Smith: [7, 32]
	thockin@google.com Tim Hockin: [1325, 4246]
	maszulik@redhat.com Maciej Szulik: [2, 0]
	mikedanese@google.com Mike Danese: [2, 2]
	jeffml@google.com Jeff Lowdermilk: [27, 4]
	ciwang@google.com Cindy Wang: [0, 0]
	dims@linux.vnet.ibm.com Davanum Srinivas: [8, 8]
	mawong@redhat.com Matthew Wong: [1, 1]
	jsz@google.com Jerzy Szczepkowski: [71, 14]
	me@jessfraz.com Jess Frazelle: [3, 3]
	zihongz@google.com MrHohn: [2, 2]
	lucas.kaldstrom@hotmail.co.uk Lucas Käldström: [56, 74]
	fejta@google.com Erick Fejta: [54, 83]
	justin@fathomdb.com Justin Santa Barbara: [3, 2]
	jeffmendoza@google.com Jeff Mendoza: [0, 69]
	rudi@clarifai.com Rudi Chiarito: [1, 1]
	adityakali@google.com Aditya Kali: [47, 10]
	jsafrane@redhat.com Jan Safranek: [2, 2]
	jgrafton@google.com Jeff Grafton: [7, 5]
	aledbf@gmail.com Manuel de Brito Fontes: [10, 38]
	tstclair@redhat.com Timothy St. Clair: [7, 7]
	qlee@google.com Quintin Lee: [157, 16]
	mnshaw@google.com Marie Shaw: [2, 0]
	buddhap@google.com dubstack: [1, 0]
	mehdy@google.com mbohlool: [37, 0]
	cole.mickens@gmail.com Cole Mickens: [1, 0]
	matt@projectcalico.org Matt: [4, 1]
	xh@decbug.com codejuan: [8, 8]
	brownwm@us.ibm.com Mike Brown: [11, 1]
	harryge00@gmail.com haoyuan: [1, 1]
	zhao.xiangpeng@zte.com.cn xiangpengzhao: [19, 3]
	bryan@weave.works Bryan Boreham: [7, 7]
	rbuskens@google.com Rick Buskens: [8, 0]
	cjcullen@google.com CJ Cullen: [26, 10]
	christoph.held@est.fujitsu.com Christoph Held: [12, 0]
	casey@tigera.io Casey Davenport: [10, 9]
	weixu@appformix.com Weixu Zhuang: [237, 0]
	matthew.dupre@metaswitch.com Matt Dupre: [19, 2]
devel-doc 20615 10748
code 13755 10118
unknown 415264 226482
image 0 10566
documentation 3690 2695
ui 0 65
build 2863 4931
