open output file /Users/lukasz/dev/cncf/gitdm/cni_repos/combined_before.csv

unknown@hacker.net Unknown hacker
dcbw@redhat.com Dan Williams
	unknown [14337, 0]
	devel-doc [557, 8]
	build [29, 0]
feiskyer@gmail.com Pengfei Ni
	unknown [32, 10]
tom@tomdee.co.uk Tom Denham
	code [5, 5]
dnardo@google.com Daniel Nardo
	unknown [13974, 60]
micahhausler@users.noreply.github.com Micah Hausler
	unknown [8, 8]
du@njtech.edu.cn du
	devel-doc [2, 2]
	code [2, 2]
bjboreham@gmail.com Bryan Boreham
rosenhouse@users.noreply.github.com Gabe Rosenhouse
	unknown [2, 32]
kris@nivenly.com Kris Nova
	unknown [2, 2]
avinash@mesosphere.com Avinash Sridharan
	unknown [4, 4]
kshafiee@users.noreply.github.com kshafiee
	devel-doc [2, 0]
unknown 28359 116
	dcbw@redhat.com Dan Williams: [14337, 0]
	feiskyer@gmail.com Pengfei Ni: [32, 10]
	dnardo@google.com Daniel Nardo: [13974, 60]
	micahhausler@users.noreply.github.com Micah Hausler: [8, 8]
	rosenhouse@users.noreply.github.com Gabe Rosenhouse: [2, 32]
	kris@nivenly.com Kris Nova: [2, 2]
	avinash@mesosphere.com Avinash Sridharan: [4, 4]
devel-doc 561 10
	dcbw@redhat.com Dan Williams: [557, 8]
	du@njtech.edu.cn du: [2, 2]
	kshafiee@users.noreply.github.com kshafiee: [2, 0]
code 7 7
	tom@tomdee.co.uk Tom Denham: [5, 5]
	du@njtech.edu.cn du: [2, 2]
build 29 0
	dcbw@redhat.com Dan Williams: [29, 0]
unknown 28359 116
devel-doc 561 10
code 7 7
build 29 0
