open output file /Users/lukasz/dev/cncf/gitdm/containerd_repos/combined_after.csv

unknown@hacker.net Unknown hacker
stevvooe@users.noreply.github.com Stephen Day
	unknown [190, 2]
stephen.day@docker.com Stephen J Day
	unknown [71827, 8174]
	devel-doc [2164, 24]
	code [0, 0]
	build [11, 11]
suda.akihiro@lab.ntt.co.jp Akihiro Suda
	unknown [6464, 3407]
	devel-doc [5, 13]
	build [13, 12]
crosbymichael@gmail.com Michael Crosby
	devel-doc [2628, 1771]
	code [1015, 1035]
	unknown [37284, 15506]
	image [100, 0]
	documentation [2, 2]
	build [94, 66]
justin.cormack@docker.com Justin Cormack
	unknown [14045, 1057]
	devel-doc [1464, 206]
	code [309, 469]
	build [56, 24]
dqminh89@gmail.com Daniel, Dao Quang Minh
	unknown [0, 2]
derek@mcgstyle.net Derek McGowan
	unknown [20940, 6771]
	devel-doc [0, 1]
	build [3, 3]
mickael.laventure@gmail.com Kenfe-Mickael Laventure
	unknown [23692, 2243]
	devel-doc [132, 0]
	build [98, 64]
ejhazlett@gmail.com Evan Hazlett
	unknown [4029, 1645]
	devel-doc [402, 42]
	build [2, 2]
ian.campbell@docker.com Ian Campbell
	unknown [38, 17]
estesp@gmail.com Phil Estes
	unknown [1030, 132]
	devel-doc [14, 4]
	build [8, 8]
h.huangqiang@huawei.com Qiang Huang
	unknown [1402, 198]
darst@microsoft.com Darren Stahl
	unknown [414, 156]
	build [2, 2]
lantaol@google.com Random-Liu
	unknown [26, 12]
caniszczyk@gmail.com Chris Aniszczyk
	devel-doc [60, 24]
nicholas.j.santos@gmail.com Nick Santos
	unknown [34, 2]
miao.yanqiang@zte.com.cn Yanqiang Miao
	unknown [35, 41]
vbatts@hashbangbash.com Vincent Batts
	unknown [158, 80]
	build [8, 0]
cuihz@wise2c.com CuiHaozhi
	unknown [14, 6]
krasi.root@gmail.com Krasi Georgiev
	unknown [266, 160]
leijitang@huawei.com Lei Jitang
	unknown [89, 107]
	devel-doc [50, 16]
	build [2, 2]
dklyle0@gmail.com David Lyle
	unknown [14, 14]
kswiber@gmail.com Kevin Swiber
	unknown [2, 2]
lilyfang@hotmail.com Li Li
	unknown [2, 0]
rboucher@gmail.com Ross Boucher
	unknown [2, 0]
kushwaha_kunal_v7@lab.ntt.co.jp Kunal Kushwaha
	unknown [62, 32]
xiekeyang@huawei.com xiekeyang
	unknown [10, 0]
fabio.kung@gmail.com Fabio Kung
	unknown [4, 2]
jhoward@microsoft.com John Howard
	unknown [152, 128]
liz@lizrice.com Liz Rice
	unknown [2, 0]
unclejack@users.noreply.github.com unclejack
	unknown [56, 212]
cristian.staretu@gmail.com Cristian Staretu
skarp@amazon.com Samuel Karp
	devel-doc [2, 0]
otsneh@gmail.com Ophir Sneh
	unknown [230, 992]
patlist@chanezon.com Patrick Chanezon
	unknown [1190, 0]
	image [3508, 3508]
	code [26, 0]
	devel-doc [40, 0]
	documentation [2884, 0]
chenjg@harmonycloud.cn fate-grand-order
	unknown [2, 2]
chen.chuanliang@zte.com.cn chchliang
	unknown [4, 0]
zhangwei555@huawei.com Zhang Wei
	unknown [1, 1]
wang.yuexiao@zte.com.cn yuexiao-wang
	unknown [10, 5]
gianarb92@gmail.com Gianluca Arbezzano
	unknown [71, 0]
tonistiigi@gmail.com Tonis Tiigi
	unknown [294, 15]
sul3n3t@gmail.com Justin Cummins
	unknown [317, 60]
devel-doc 6961 2101
	stephen.day@docker.com Stephen J Day: [2164, 24]
	suda.akihiro@lab.ntt.co.jp Akihiro Suda: [5, 13]
	crosbymichael@gmail.com Michael Crosby: [2628, 1771]
	justin.cormack@docker.com Justin Cormack: [1464, 206]
	derek@mcgstyle.net Derek McGowan: [0, 1]
	mickael.laventure@gmail.com Kenfe-Mickael Laventure: [132, 0]
	ejhazlett@gmail.com Evan Hazlett: [402, 42]
	estesp@gmail.com Phil Estes: [14, 4]
	caniszczyk@gmail.com Chris Aniszczyk: [60, 24]
	leijitang@huawei.com Lei Jitang: [50, 16]
	skarp@amazon.com Samuel Karp: [2, 0]
	patlist@chanezon.com Patrick Chanezon: [40, 0]
code 1350 1504
	stephen.day@docker.com Stephen J Day: [0, 0]
	crosbymichael@gmail.com Michael Crosby: [1015, 1035]
	justin.cormack@docker.com Justin Cormack: [309, 469]
	patlist@chanezon.com Patrick Chanezon: [26, 0]
unknown 184402 41183
	stevvooe@users.noreply.github.com Stephen Day: [190, 2]
	stephen.day@docker.com Stephen J Day: [71827, 8174]
	suda.akihiro@lab.ntt.co.jp Akihiro Suda: [6464, 3407]
	crosbymichael@gmail.com Michael Crosby: [37284, 15506]
	justin.cormack@docker.com Justin Cormack: [14045, 1057]
	dqminh89@gmail.com Daniel, Dao Quang Minh: [0, 2]
	derek@mcgstyle.net Derek McGowan: [20940, 6771]
	mickael.laventure@gmail.com Kenfe-Mickael Laventure: [23692, 2243]
	ejhazlett@gmail.com Evan Hazlett: [4029, 1645]
	ian.campbell@docker.com Ian Campbell: [38, 17]
	estesp@gmail.com Phil Estes: [1030, 132]
	h.huangqiang@huawei.com Qiang Huang: [1402, 198]
	darst@microsoft.com Darren Stahl: [414, 156]
	lantaol@google.com Random-Liu: [26, 12]
	nicholas.j.santos@gmail.com Nick Santos: [34, 2]
	miao.yanqiang@zte.com.cn Yanqiang Miao: [35, 41]
	vbatts@hashbangbash.com Vincent Batts: [158, 80]
	cuihz@wise2c.com CuiHaozhi: [14, 6]
	krasi.root@gmail.com Krasi Georgiev: [266, 160]
	leijitang@huawei.com Lei Jitang: [89, 107]
	dklyle0@gmail.com David Lyle: [14, 14]
	kswiber@gmail.com Kevin Swiber: [2, 2]
	lilyfang@hotmail.com Li Li: [2, 0]
	rboucher@gmail.com Ross Boucher: [2, 0]
	kushwaha_kunal_v7@lab.ntt.co.jp Kunal Kushwaha: [62, 32]
	xiekeyang@huawei.com xiekeyang: [10, 0]
	fabio.kung@gmail.com Fabio Kung: [4, 2]
	jhoward@microsoft.com John Howard: [152, 128]
	liz@lizrice.com Liz Rice: [2, 0]
	unclejack@users.noreply.github.com unclejack: [56, 212]
	otsneh@gmail.com Ophir Sneh: [230, 992]
	patlist@chanezon.com Patrick Chanezon: [1190, 0]
	chenjg@harmonycloud.cn fate-grand-order: [2, 2]
	chen.chuanliang@zte.com.cn chchliang: [4, 0]
	zhangwei555@huawei.com Zhang Wei: [1, 1]
	wang.yuexiao@zte.com.cn yuexiao-wang: [10, 5]
	gianarb92@gmail.com Gianluca Arbezzano: [71, 0]
	tonistiigi@gmail.com Tonis Tiigi: [294, 15]
	sul3n3t@gmail.com Justin Cummins: [317, 60]
image 3608 3508
	crosbymichael@gmail.com Michael Crosby: [100, 0]
	patlist@chanezon.com Patrick Chanezon: [3508, 3508]
documentation 2886 2
	crosbymichael@gmail.com Michael Crosby: [2, 2]
	patlist@chanezon.com Patrick Chanezon: [2884, 0]
build 297 194
	stephen.day@docker.com Stephen J Day: [11, 11]
	suda.akihiro@lab.ntt.co.jp Akihiro Suda: [13, 12]
	crosbymichael@gmail.com Michael Crosby: [94, 66]
	justin.cormack@docker.com Justin Cormack: [56, 24]
	derek@mcgstyle.net Derek McGowan: [3, 3]
	mickael.laventure@gmail.com Kenfe-Mickael Laventure: [98, 64]
	ejhazlett@gmail.com Evan Hazlett: [2, 2]
	estesp@gmail.com Phil Estes: [8, 8]
	darst@microsoft.com Darren Stahl: [2, 2]
	vbatts@hashbangbash.com Vincent Batts: [8, 0]
	leijitang@huawei.com Lei Jitang: [2, 2]
devel-doc 6961 2101
code 1350 1504
unknown 184402 41183
image 3608 3508
documentation 2886 2
build 297 194
