open output file /Users/lukasz/dev/cncf/gitdm/containerd_repos/combined_before.csv

unknown@hacker.net Unknown hacker
stevvooe@users.noreply.github.com Stephen Day
stephen.day@docker.com Stephen J Day
	unknown [22084, 7964]
	devel-doc [404, 4]
	code [0, 64]
	build [38, 28]
skarp@amazon.com Samuel Karp
	unknown [735, 352]
	image [0, 0]
	devel-doc [0, 0]
	build [30, 4]
gliptak@gmail.com Gábor Lipták
	unknown [102, 70]
	devel-doc [2, 0]
	build [24, 6]
runcom@redhat.com Antonio Murdaca
	unknown [28, 25]
crosbymichael@gmail.com Michael Crosby
	unknown [48327, 61491]
	devel-doc [1506, 145]
	code [1950, 0]
	build [40, 98]
i.kiselev@2gis.ru Ivan Kiselev
	unknown [4, 4]
	devel-doc [6, 6]
btw515wolf2@gmail.com ianwoolf
	unknown [5, 5]
h.huangqiang@huawei.com Qiang Huang
	unknown [682, 128]
estesp@gmail.com Phil Estes
	unknown [222012, 40]
	devel-doc [4846, 0]
	code [76, 0]
	build [272, 6]
derek@mcgstyle.net Derek McGowan
	unknown [14672, 2012]
	devel-doc [458, 0]
	code [20, 0]
	build [12, 4]
mickael.laventure@gmail.com Kenfe-Mickaël Laventure
	unknown [263738, 4970]
	devel-doc [54, 0]
	code [1410, 0]
	build [16, 6]
kushwaha_kunal_v7@lab.ntt.co.jp Kunal Kushwaha
	unknown [890, 2]
	build [2, 2]
vburenin@gmail.com Volodymyr Burenin
	unknown [24, 14]
suda.akihiro@lab.ntt.co.jp Akihiro Suda
	code [64, 0]
	unknown [27215, 25712]
	devel-doc [12383, 237]
	documentation [1834, 0]
	build [70, 66]
chen.chuanliang@zte.com.cn chchliang
	unknown [6, 0]
ian.campbell@docker.com Ian Campbell
	unknown [698, 218]
	devel-doc [2, 0]
brownwm@us.ibm.com Mike Brown
	devel-doc [2, 2]
kaiwentan@harmonycloud.cn kevinetc123
	unknown [16, 10]
dqminh89@gmail.com Daniel, Dao Quang Minh
	unknown [2, 2]
chenjg@harmonycloud.cn fate-grand-order
	unknown [54, 52]
alexellis2@gmail.com Alex Ellis
	devel-doc [6, 6]
likexu@harmonycloud.cn Aaron.L.Xu
	unknown [42, 42]
jmzwcn@gmail.com Daniel Zhang
	unknown [26, 0]
jc5930@sina.cn sakeven
	unknown [4, 4]
ed@teddyking.co.uk Ed King
	unknown [2, 2]
jiangjizhong@gmail.com Jizhong Jiang
	unknown [14, 10]
mashimiao.fnst@cn.fujitsu.com Ma Shimiao
	unknown [18, 2]
leijitang@huawei.com Lei Jitang
	devel-doc [2, 2]
long.wanglong@huawei.com Wang Long
	unknown [52, 0]
gianarb92@gmail.com Gianluca Arbezzano
	unknown [2, 0]
miao.yanqiang@zte.com.cn Yanqiang Miao
	devel-doc [4, 4]
robertnorthard@googlemail.com Robert Northard
	devel-doc [6, 6]
dims@linux.vnet.ibm.com Davanum Srinivas
	unknown [14, 14]
swapdisk@users.noreply.github.com swapdisk
	devel-doc [4, 4]
tonistiigi@gmail.com Tõnis Tiigi
vladimir.stefanovic@imgtec.com Vladimir Stefanovic
	unknown [2, 2]
ejhazlett@gmail.com Evan Hazlett
	unknown [16, 16]
	devel-doc [16, 14]
devel-doc 19701 430
	stephen.day@docker.com Stephen J Day: [404, 4]
	skarp@amazon.com Samuel Karp: [0, 0]
	gliptak@gmail.com Gábor Lipták: [2, 0]
	crosbymichael@gmail.com Michael Crosby: [1506, 145]
	i.kiselev@2gis.ru Ivan Kiselev: [6, 6]
	estesp@gmail.com Phil Estes: [4846, 0]
	derek@mcgstyle.net Derek McGowan: [458, 0]
	mickael.laventure@gmail.com Kenfe-Mickaël Laventure: [54, 0]
	suda.akihiro@lab.ntt.co.jp Akihiro Suda: [12383, 237]
	ian.campbell@docker.com Ian Campbell: [2, 0]
	brownwm@us.ibm.com Mike Brown: [2, 2]
	alexellis2@gmail.com Alex Ellis: [6, 6]
	leijitang@huawei.com Lei Jitang: [2, 2]
	miao.yanqiang@zte.com.cn Yanqiang Miao: [4, 4]
	robertnorthard@googlemail.com Robert Northard: [6, 6]
	swapdisk@users.noreply.github.com swapdisk: [4, 4]
	ejhazlett@gmail.com Evan Hazlett: [16, 14]
code 3520 64
	stephen.day@docker.com Stephen J Day: [0, 64]
	crosbymichael@gmail.com Michael Crosby: [1950, 0]
	estesp@gmail.com Phil Estes: [76, 0]
	derek@mcgstyle.net Derek McGowan: [20, 0]
	mickael.laventure@gmail.com Kenfe-Mickaël Laventure: [1410, 0]
	suda.akihiro@lab.ntt.co.jp Akihiro Suda: [64, 0]
unknown 601486 103163
	stephen.day@docker.com Stephen J Day: [22084, 7964]
	skarp@amazon.com Samuel Karp: [735, 352]
	gliptak@gmail.com Gábor Lipták: [102, 70]
	runcom@redhat.com Antonio Murdaca: [28, 25]
	crosbymichael@gmail.com Michael Crosby: [48327, 61491]
	i.kiselev@2gis.ru Ivan Kiselev: [4, 4]
	btw515wolf2@gmail.com ianwoolf: [5, 5]
	h.huangqiang@huawei.com Qiang Huang: [682, 128]
	estesp@gmail.com Phil Estes: [222012, 40]
	derek@mcgstyle.net Derek McGowan: [14672, 2012]
	mickael.laventure@gmail.com Kenfe-Mickaël Laventure: [263738, 4970]
	kushwaha_kunal_v7@lab.ntt.co.jp Kunal Kushwaha: [890, 2]
	vburenin@gmail.com Volodymyr Burenin: [24, 14]
	suda.akihiro@lab.ntt.co.jp Akihiro Suda: [27215, 25712]
	chen.chuanliang@zte.com.cn chchliang: [6, 0]
	ian.campbell@docker.com Ian Campbell: [698, 218]
	kaiwentan@harmonycloud.cn kevinetc123: [16, 10]
	dqminh89@gmail.com Daniel, Dao Quang Minh: [2, 2]
	chenjg@harmonycloud.cn fate-grand-order: [54, 52]
	likexu@harmonycloud.cn Aaron.L.Xu: [42, 42]
	jmzwcn@gmail.com Daniel Zhang: [26, 0]
	jc5930@sina.cn sakeven: [4, 4]
	ed@teddyking.co.uk Ed King: [2, 2]
	jiangjizhong@gmail.com Jizhong Jiang: [14, 10]
	mashimiao.fnst@cn.fujitsu.com Ma Shimiao: [18, 2]
	long.wanglong@huawei.com Wang Long: [52, 0]
	gianarb92@gmail.com Gianluca Arbezzano: [2, 0]
	dims@linux.vnet.ibm.com Davanum Srinivas: [14, 14]
	vladimir.stefanovic@imgtec.com Vladimir Stefanovic: [2, 2]
	ejhazlett@gmail.com Evan Hazlett: [16, 16]
image 0 0
	skarp@amazon.com Samuel Karp: [0, 0]
documentation 1834 0
	suda.akihiro@lab.ntt.co.jp Akihiro Suda: [1834, 0]
build 504 220
	stephen.day@docker.com Stephen J Day: [38, 28]
	skarp@amazon.com Samuel Karp: [30, 4]
	gliptak@gmail.com Gábor Lipták: [24, 6]
	crosbymichael@gmail.com Michael Crosby: [40, 98]
	estesp@gmail.com Phil Estes: [272, 6]
	derek@mcgstyle.net Derek McGowan: [12, 4]
	mickael.laventure@gmail.com Kenfe-Mickaël Laventure: [16, 6]
	kushwaha_kunal_v7@lab.ntt.co.jp Kunal Kushwaha: [2, 2]
	suda.akihiro@lab.ntt.co.jp Akihiro Suda: [70, 66]
devel-doc 19701 430
code 3520 64
unknown 601486 103163
image 0 0
documentation 1834 0
build 504 220
