Filter on "^vendor/|/vendor/"
open output file /Users/lukasz/dev/cncf/gitdm/output_numstat.csv

WARNING: duplicate email/empl for pekowski@gmail.com
WARNING: duplicate email/empl for thingee@gmail.com
WARNING: duplicate email/empl for t.trifonov@gmail.com
WARNING: duplicate email/empl for lyz@princessleia.com
WARNING: duplicate email/empl for robertc@robertcollins.net
WARNING: duplicate email/empl for clint@fewbar.com
WARNING: duplicate email/empl for andrew@linuxjedi.co.uk
WARNING: duplicate email/empl for duncan.thomas@gmail.com
WARNING: duplicate email/empl for kiall@managedit.ie
WARNING: duplicate email/empl for devananda.vdv@gmail.com
WARNING: duplicate email/empl for zaro0508@gmail.com
WARNING: duplicate email/empl for shrewsbury.dave@gmail.com
WARNING: duplicate email/empl for j3p0uk@hotmail.com
WARNING: duplicate email/empl for me@mark.atwood.name
WARNING: duplicate email/empl for slicknik@gmail.com
WARNING: duplicate email/empl for cmsj@tenshu.net
WARNING: duplicate email/empl for anteaya@anteaya.info
WARNING: duplicate email/empl for greg@greghaynes.net
WARNING: duplicate email/empl for matt@mattfarina.com
WARNING: duplicate email/empl for jp@jamezpolley.com
WARNING: duplicate email/empl for steven@wedontsleep.org
WARNING: duplicate email/empl for gleebix@gmail.com
WARNING: duplicate email/empl for code@gentlydownthe.net
WARNING: duplicate email/empl for morgan.fainberg@gmail.com
WARNING: duplicate email/empl for jeblair@hp.com
WARNING: duplicate email/empl for juliaashleykreger@gmail.com
WARNING: duplicate email/empl for stephane@alum.mit.edu
WARNING: duplicate email/empl for kragniz@gmail.com
WARNING: duplicate email/empl for wchrisjohnson@gmail.com
WARNING: duplicate email/empl for daisy.ycguo@gmail.com
WARNING: duplicate email/empl for mordred@inaugust.com
WARNING: duplicate email/empl for zxkuqyb@gmail.com
WARNING: duplicate email/empl for amigliaccio@internap.com
WARNING: duplicate email/empl for yorik.sar@gmail.com
WARNING: duplicate email/empl for e0ne@e0ne.info
WARNING: duplicate email/empl for gabriel@strikeawe.com
WARNING: duplicate email/empl for heckj@mac.com
WARNING: duplicate email/empl for ke.wu@ibeca.me
WARNING: duplicate email/empl for rushi.agr@gmail.com
WARNING: duplicate email/empl for salv.orlando@gmail.com
WARNING: duplicate email/empl for tushar.vitthal.patil@gmail.com
WARNING: duplicate email/empl for jmckenty@gmail.com
WARNING: duplicate email/empl for anne@openstack.org
WARNING: duplicate email/empl for breu@breu.org
WARNING: duplicate email/empl for cbehrens@codestud.com
WARNING: duplicate email/empl for clay.gerrard@gmail.com
WARNING: duplicate email/empl for corywright@gmail.com
WARNING: duplicate email/empl for cp16net@gmail.com
WARNING: duplicate email/empl for cthier@gmail.com
WARNING: duplicate email/empl for darren.birkett@gmail.com
WARNING: duplicate email/empl for dolph.mathews@gmail.com
WARNING: duplicate email/empl for ed@leafe.com
WARNING: duplicate email/empl for github@highbridgellc.com
WARNING: duplicate email/empl for greglange@gmail.com
WARNING: duplicate email/empl for hugh@wherenow.org
WARNING: duplicate email/empl for imsplitbit@gmail.com
WARNING: duplicate email/empl for jason@koelker.net
WARNING: duplicate email/empl for jcruz7@gmail.com
WARNING: duplicate email/empl for josh@jk0.org
WARNING: duplicate email/empl for mattt@defunct.ca
WARNING: duplicate email/empl for mbasnight@gmail.com
WARNING: duplicate email/empl for mike@weirdlooking.com
WARNING: duplicate email/empl for msherborne@gmail.com
WARNING: duplicate email/empl for naveedm9@gmail.com
WARNING: duplicate email/empl for paul@openstack.org
WARNING: duplicate email/empl for rnirmal@gmail.com
WARNING: duplicate email/empl for rconradharris@gmail.com
WARNING: duplicate email/empl for thierry@openstack.org
WARNING: duplicate email/empl for throughnothing@gmail.com
WARNING: duplicate email/empl for yoga80@yahoo.com
WARNING: duplicate email/empl for mark.washenberger@markwash.net
WARNING: duplicate email/empl for p@draigbrady.com
WARNING: duplicate email/empl for zaitcev@kotori.zaitcev.us
WARNING: duplicate email/empl for julie.pichon@gmail.com
WARNING: duplicate email/empl for ghe@debian.org
WARNING: duplicate email/empl for sorrison@gmail.com
kb@itsvit.org is an author name, probably not what you want
unknown@hacker.net Unknown hacker
xuchao@google.com Chao Xu
	code [20, 19]
	unknown [31559, 20425]
	devel-doc [2507, 3855]
	documentation [34695, 34695]
ccoleman@redhat.com Clayton Coleman
	unknown [13009, 2856]
	devel-doc [429, 102]
	code [21, 14]
	build [1, 1]
	documentation [0, 0]
madhusudancs@google.com Madhusudan.C.S
	unknown [252, 105]
	devel-doc [2, 1]
	code [108, 62]
stefan.schimanski@gmail.com Dr. Stefan Schimanski
	unknown [3600, 1458]
	devel-doc [269, 249]
	code [43, 32]
jack.francis@microsoft.com Jack Francis
	unknown [626, 145]
	devel-doc [3, 0]
mikedanese@google.com Mike Danese
	devel-doc [18242, 6246]
	code [14, 1482]
	unknown [1643, 2427]
	documentation [1, 0]
	ui [7, 6]
	build [1414, 1781]
wojtekt@google.com Wojciech Tyczynski
	unknown [4088, 3470]
	devel-doc [12, 14]
	code [28, 29]
	build [3, 3]
owensk@google.com Kenneth Owens
	unknown [9815, 645]
	devel-doc [212, 0]
	documentation [0, 0]
sunilarora@google.com Sunil Arora
	unknown [306, 90]
	devel-doc [4, 0]
deads@redhat.com deads2k
	unknown [23362, 6460]
	devel-doc [1494, 313]
	code [300, 27]
	documentation [0, 0]
vsemushi@redhat.com Slava Semushin
	unknown [12, 20]
	devel-doc [7, 1]
fengyun.pan@easystack.cn FengyunPan
	unknown [466, 229]
	devel-doc [2, 2]
adrian@adrianmacneil.com Adrian Macneil
	unknown [3, 3]
sdw35@cornell.edu Scott Weiss
	unknown [461, 0]
	devel-doc [7, 0]
beacham@google.com Jacob Beacham
	unknown [369, 15]
	devel-doc [40, 4]
admin@toph.ca Christoph Blecker
	code [33, 21]
	unknown [1816, 1799]
	devel-doc [76, 74]
	documentation [0, 0]
	build [2, 2]
lucas@weave.works Lucas Käldström
	unknown [65, 464]
	devel-doc [8, 7]
	code [12, 126]
	build [6, 47]
jliggitt@redhat.com Jordan Liggitt
	unknown [6461, 1382]
	devel-doc [435, 5]
	code [78, 14]
	documentation [0, 0]
yjhong@google.com Yu-Ju Hong
	unknown [10019, 15180]
	devel-doc [114, 185]
	code [0, 1]
	documentation [0, 1]
maciekpytel@google.com Maciej Pytel
	unknown [347, 117]
	devel-doc [1, 1]
ffranz@redhat.com Fabiano Franz
	code [206, 11]
	unknown [2244, 101]
	devel-doc [109, 1]
	documentation [3, 0]
jeffml@google.com Jeff Lowdermilk
	unknown [1, 1]
stclair@google.com Tim St. Clair
	unknown [1920, 219]
	devel-doc [226, 3]
	code [19, 1]
	build [129, 4]
gyliu513@gmail.com Guangya Liu
	unknown [654, 327]
	devel-doc [6, 0]
ramanathana@google.com Anirudh Ramanathan
	code [18, 4]
	unknown [491, 112]
	devel-doc [1, 0]
	documentation [1, 0]
zihongz@google.com Zihong Zheng
	unknown [3231, 1353]
	devel-doc [16, 50]
	documentation [0, 0]
lukasz.szaszkiewicz@gmail.com p0lyn0mial
	unknown [742, 311]
	devel-doc [29, 50]
jinxu@google.com Jing Xu
	unknown [1301, 85]
	devel-doc [3, 0]
	documentation [0, 0]
ricky.pai@airbnb.com Ricky Pai
	unknown [440, 9]
	documentation [0, 0]
agarwalrohit@google.com Rohit Agarwal
	unknown [39, 1]
ravi.gadde@gmail.com Ravi Gadde
	unknown [200, 21]
	devel-doc [2, 0]
sross@redhat.com Solly Ross
	code [99, 1]
	unknown [1147, 75]
	devel-doc [6, 2]
	documentation [0, 0]
torinsandall@gmail.com Torin Sandall
	unknown [945, 0]
	devel-doc [72, 0]
mitsuhiro.tanino@hds.com mtanino
	unknown [108, 47]
	code [1, 1]
pwittroc+github@google.com Phillip Wittrock
	unknown [1802, 87]
	devel-doc [97, 19]
mehdy@google.com mbohlool
	unknown [11746, 4685]
	devel-doc [904, 122]
	code [5, 5]
dashpole@google.com David Ashpole
	unknown [890, 807]
	devel-doc [633, 6]
	code [7, 5]
	build [2, 0]
shyamjvs@google.com Shyam Jeedigunta
	unknown [1429, 174]
	devel-doc [75, 0]
	code [99, 96]
	build [0, 0]
	documentation [1, 0]
nicksardo@google.com Nick Sardo
	unknown [2310, 747]
	devel-doc [28, 5]
	documentation [1, 0]
	build [10, 0]
qlee@google.com Quintin Lee
	unknown [159, 6]
	devel-doc [24, 0]
	code [13, 1]
	build [4, 0]
zhang.xiaoyu33@zte.com.cn zhangxiaoyu-zidif
	unknown [164, 105]
	devel-doc [35, 35]
chiachenk@google.com Janet Kuo
	unknown [3066, 1293]
	devel-doc [79, 7]
	code [76, 2]
	documentation [0, 0]
thockin@google.com Tim Hockin
	code [4, 1]
	unknown [2008, 1367]
	devel-doc [24, 16]
	documentation [0, 0]
	build [2, 0]
caosf.fnst@cn.fujitsu.com Cao Shufeng
	unknown [667, 159]
	devel-doc [2, 2]
	code [68, 12]
	documentation [2, 9]
gkuncoro@vmware.com Giri Kuncoro
	unknown [10247, 10110]
	translation [93, 1]
mtaufen@google.com Michael Taufen
	code [2, 3]
	unknown [1294, 687]
	devel-doc [117, 34]
	documentation [9, 9]
	build [58, 2]
vmik@google.com Mik Vyatskov
	unknown [135, 24]
	devel-doc [51, 9]
	build [0, 6]
shashidhara.td@huawei.com shashidharatd
	unknown [2132, 2828]
	devel-doc [130, 32]
	code [15, 37]
	build [1, 50]
wasylkowski@google.com Andrzej Wasylkowski
	unknown [24, 6]
	devel-doc [2, 0]
xingzhou@cn.ibm.com Xing Zhou
	unknown [326, 43]
	devel-doc [3, 2]
sakshams@google.com Saksham Sharma
	unknown [499, 3]
	devel-doc [53, 0]
jgrafton@google.com Jeff Grafton
	unknown [129, 83]
	devel-doc [165, 118]
	code [70, 53]
	ui [3, 0]
	build [3, 3]
mmazurskiy@atlassian.com Mikhail Mazurskiy
	unknown [172, 20]
	devel-doc [2, 0]
mml@google.com Matt Liggett
	unknown [118, 8]
	devel-doc [1, 0]
	code [104, 41]
dawnchen@google.com Dawn Chen
	unknown [28, 127]
vishnuk@google.com Vishnu kannan
	unknown [515, 104]
	devel-doc [79, 2]
	code [322, 26]
	build [57, 0]
dnardo@google.com Daniel Nardo
	unknown [117, 17]
	build [3, 0]
cxing@google.com Cheng Xing
	unknown [679, 16]
	devel-doc [11, 1]
grod@google.com Garrett Rodrigues
	unknown [2, 0]
jacobsimpson@google.com Jacob Simpson
	unknown [1200, 291]
	devel-doc [7, 0]
	documentation [1, 0]
marton.natko@gmail.com n-marton
	unknown [9, 0]
ailusazh@126.com ailusazh
	unknown [5, 2]
393926893@qq.com zhengjiajin
	unknown [1280, 121]
	devel-doc [15, 9]
	documentation [0, 0]
alberto.garcial@hotmail.com enxebre
	unknown [339, 0]
	devel-doc [4, 0]
wfender@google.com Walter Fender
	unknown [414, 74]
	devel-doc [13, 1]
	documentation [1, 0]
	build [2, 0]
chenr.fnst@cn.fujitsu.com xilabao
	unknown [2029, 335]
	devel-doc [20, 2]
	code [89, 17]
	translation [3, 5]
	documentation [3, 0]
stephenhsu90@gmail.com Di Xu
	unknown [49, 61]
enisoc@google.com Anthony Yeh
	unknown [1476, 225]
	devel-doc [2702, 1109]
	code [104, 5]
madaxa@cn.ibm.com Klaus Ma
	unknown [1930, 503]
	devel-doc [143, 26]
	code [14, 6]
kumaraji@google.com Ajit Kumar
	code [6, 0]
	build [7, 2]
dbsmith@google.com Daniel Smith
	unknown [782, 1065]
	devel-doc [14, 10]
	code [47, 0]
mengqiy@google.com ymqytw
	unknown [7009, 1944]
decarr@redhat.com Derek Carr
	unknown [358, 128]
	devel-doc [3, 1]
	code [14, 0]
alexdwanerobinson@gmail.com Alex Robinson
	unknown [31, 27]
jwhitlock@apache.org Jeremy Whitlock
	unknown [2808, 12]
	devel-doc [275, 0]
	code [220, 2]
eric.chiang.m@gmail.com Eric Chiang
	unknown [1083, 520]
	devel-doc [88547, 90169]
	documentation [2, 0]
haowang@redhat.com Haoran Wang
	unknown [870, 236]
	devel-doc [2, 0]
	code [1, 1]
	documentation [2, 0]
fangyuhao@gmail.com x1957
	unknown [8, 5]
nickren19@gmail.com NickrenREN
	unknown [1549, 1092]
	devel-doc [163, 0]
talk.to.waseem@gmail.com Waseem Ahmad
	unknown [182, 96]
tnozicka@gmail.com Tomas Nozicka
	unknown [2, 0]
zhao.xiangpeng@zte.com.cn xiangpengzhao
	unknown [296, 221]
	devel-doc [8, 8]
	build [2, 2]
jiang.lingxia@zte.com.cn jianglingxia
	unknown [5, 9]
	devel-doc [6, 6]
ygg@google.com Yang Guo
	unknown [665, 258]
	devel-doc [3, 12]
	code [9, 152]
hchen@redhat.com Huamin Chen
	unknown [1057, 174]
	devel-doc [99, 28]
	code [9, 0]
	documentation [1, 0]
cjcullen@google.com CJ Cullen
	unknown [8, 3]
	code [8, 0]
	build [8, 0]
	documentation [1, 0]
divyenp@vmware.com divyenpatel
	unknown [1607, 805]
	devel-doc [16, 1]
jregan@google.com Jeffrey Regan
	unknown [162, 67]
	devel-doc [700, 59]
dvorak@google.com Jonathan MacMillan
	unknown [1730, 903]
	devel-doc [21, 79]
	code [92, 4]
senlu@google.com Sen Lu
	code [2, 2]
ahmetb@google.com Ahmet Alp Balkan
	unknown [1936, 1888]
	devel-doc [195, 1]
	documentation [0, 0]
hchiramm@redhat.com Humble Chirammal
	unknown [403, 287]
	devel-doc [50, 605]
gmarek@google.com gmarek
	unknown [1302, 429]
	devel-doc [6, 2]
	code [8, 3]
abhinav.dahiya@coreos.com Abhinav Dahiya
	unknown [1, 1]
fabrizio.pandini@gmail.com fabriziopandini
	unknown [34, 30]
stanislaw.szydlo@intel.com Stanisław Szydło
	unknown [1, 1]
	code [2, 2]
	build [1, 1]
horwitzja@gmail.com Josh Horwitz
	unknown [209, 1]
nikitaraghunath@gmail.com Nikhita Raghunath
	unknown [410, 77]
	devel-doc [3, 0]
yasstij11@gmail.com Yassine TIJANI
	unknown [4, 7]
xychu2008@gmail.com Ethan Chu
	unknown [47, 20]
campbellalex@google.com Alexander Campbell
	code [37, 19]
	unknown [144, 68]
	documentation [21, 0]
danw@redhat.com Dan Winship
	code [1, 0]
	unknown [7458, 118]
	devel-doc [979, 0]
	documentation [0, 0]
agonzalezro@gmail.com Álex González
	devel-doc [1, 1]
jungong@tencent.com Jun Gong
	unknown [3, 1]
bowei@google.com Bowei Du
	unknown [4312, 3385]
	devel-doc [96, 42]
	code [323, 69]
	build [19, 6]
	documentation [10, 0]
abw@google.com Adam Worrall
	unknown [115, 9]
	devel-doc [1, 0]
artmr@lsd.ufcg.edu.br Arthur Miranda
	unknown [298, 0]
	devel-doc [2, 0]
	documentation [3, 0]
msau@google.com Michelle Au
	unknown [2178, 143]
	devel-doc [72, 0]
	documentation [0, 0]
bvanzant@brkt.com Bob Van Zant
	unknown [22, 11]
andy.goldstein@gmail.com Andy Goldstein
	code [48, 27]
	unknown [2660, 1732]
	devel-doc [46, 61]
	documentation [3, 0]
	build [10, 0]
bryan@weave.works Bryan Boreham
	unknown [1, 3]
baofa.fan@daocloud.io carlory
	unknown [2, 2]
	code [1, 1]
yunxian.guo@easystack.cn guoyunxian
	unknown [0, 2]
li.xiaobing1@zte.com.cn lixiaobing1
	unknown [4, 1]
mawong@redhat.com Matthew Wong
	unknown [302, 93]
	devel-doc [2, 3]
	code [11, 5]
emaildanwilson@gmail.com emaildanwilson
	unknown [153, 42]
	devel-doc [2, 0]
mkhan@redhat.com Monis Khan
	unknown [1146, 247]
	code [12, 4]
marun@redhat.com Maru Newby
	code [16, 26]
	unknown [2721, 2469]
	devel-doc [173, 69]
	documentation [3, 0]
alex.crawford@coreos.com Alex Crawford
	unknown [3, 3]
shiywang@redhat.com Shiyang Wang
	code [5, 1]
	unknown [1578, 294]
	devel-doc [15, 2]
	documentation [4, 0]
	translation [90, 1]
henrique@lsd.ufcg.edu.br Henrique Truta
	unknown [10, 10]
	documentation [0, 0]
mkargaki@redhat.com Michail Kargakis
	unknown [910, 593]
	devel-doc [5, 1]
	documentation [0, 0]
ouyang.qinhua@zte.com.cn bruceauyeung
	unknown [79, 78]
	code [3, 0]
harryz@hyper.sh Harry Zhang
	unknown [756, 347]
	devel-doc [5, 8]
doliu@microsoft.com Dong Liu
	unknown [686, 172]
	devel-doc [16, 1]
ninkendo@gmail.com Ken Simon
	unknown [38, 21]
bdontu@vmware.com System Administrator
	unknown [1639, 360]
	devel-doc [857, 2]
	documentation [0, 0]
harsh@portworx.com Harsh Desai
	unknown [242, 185]
	devel-doc [2, 2]
timothysc@gmail.com Timothy St. Clair
	code [0, 1292]
	unknown [5082, 3944]
	devel-doc [2536, 1513]
	documentation [2, 116]
	build [0, 138]
jinsenorita@gmail.com Ginwala
	unknown [2, 2]
sjenning@redhat.com Seth Jennings
	unknown [246, 228]
	devel-doc [0, 1]
matthew.potter@uswitch.com Matt Potter
	unknown [21, 19]
	devel-doc [1, 0]
kb@itsvit.org kb@itsvit.org
	unknown [17, 20]
	code [5, 1]
	build [2, 2]
jamie.hannaford@rackspace.com Jamie Hannaford
	code [5, 1]
	unknown [1269, 776]
	devel-doc [30, 1]
	documentation [0, 0]
ppospisi@redhat.com pospispa
	unknown [149, 23]
	devel-doc [6, 4]
xxiaozhou@gmail.com Author xiao-zhou
	unknown [136, 0]
dcbw@redhat.com Dan Williams
	unknown [805, 253]
	devel-doc [12, 0]
	code [116, 136]
mayank.kumar@salesforce.com Mayank Kumar
	unknown [128, 64]
	devel-doc [2, 0]
taotaotheripper@gmail.com Random-Liu
	unknown [261, 55]
	devel-doc [3, 0]
	code [2, 2]
	documentation [1, 0]
robertojrojas@gmail.com Roberto J Rojas
	unknown [11, 6]
etune@google.com Eric Tune
	unknown [22, 31]
aleksandram@google.com Aleksandra Malinowska
	unknown [338, 37]
	devel-doc [38, 0]
	code [2, 0]
	build [2, 0]
seharris@us.ibm.com Steven E. Harris
	unknown [5, 12]
wang.bin21@zte.com.cn billy2180
	unknown [4, 4]
jmacleod@google.com Jago Macleod
	devel-doc [16, 0]
luis.pabon@coreos.com Luis Pabón
	unknown [109, 4]
mashimiao.fnst@cn.fujitsu.com Ma Shimiao
	unknown [1, 3]
mwielgus@google.com Marcin Wielgus
	unknown [263, 154]
	devel-doc [440, 266]
	code [2, 2]
jay@apache.org jayunit100
	unknown [105, 59]
	code [9, 8]
luk.burchard@gmail.com realfake
	unknown [156, 16]
bburns@google.com Brendan Burns
	code [33, 4]
	unknown [7481, 642]
	devel-doc [1, 0]
	documentation [0, 0]
	translation [6980, 354]
davidewatson@gmail.com David E Watson
	unknown [1, 1]
salvatore-dario.minonne@amadeus.com Salvatore Dario Minonne
	unknown [593, 29]
	devel-doc [10, 1]
yu.peng36@zte.com.cn yupengzte
	unknown [21, 22]
ablock84@gmail.com Alexander Block
	unknown [339, 10]
	devel-doc [2, 1]
andy.xning@gmail.com Andy Xie
	unknown [4, 2]
casey@tigera.io Casey Davenport
	unknown [137, 144]
	devel-doc [10, 44]
	code [12, 0]
	build [17, 19]
danw@concur.com Wilson, Dan
	unknown [263, 12]
	devel-doc [46, 0]
pc@michali.net Paul Michali
	unknown [102, 18]
	code [12, 2]
sidvin@amazon.com Vinothkumar Siddharth
	code [2, 3]
sky.captin@gmail.com Werner
	unknown [15, 14]
	build [2, 1]
maciaszczykm@users.noreply.github.com Marcin Maciaszczyk
	unknown [3, 3]
haoyuan.ge@caicloud.io haoyuan
	unknown [4, 43]
	devel-doc [3, 3]
feiskyer@gmail.com Pengfei Ni
	unknown [2744, 1208]
	devel-doc [3, 1]
ishvedunov@mirantis.com Ivan Shvedunov
	unknown [9, 4]
radcliffe.david@gmail.com David Radcliffe
	unknown [2, 1]
sanderp@q42.nl Sander Ploegsma
	code [1, 1]
nikhiljindal@google.com nikhiljindal
	unknown [943, 620]
	devel-doc [121, 5]
	code [195, 3]
	build [1, 0]
	documentation [0, 0]
george.kraft@canonical.com George Kraft
	unknown [14, 11]
	devel-doc [3, 1]
	code [42, 62]
	build [12, 0]
christiankoep@gmail.com Christian Koep
	unknown [16, 10]
	code [4, 4]
	build [5, 5]
licl@primeton.com lichunlong
	unknown [45, 7]
yashulyak@gmail.com Dmitry Shulyak
	unknown [523, 422]
	devel-doc [86, 83]
crazykev@zju.edu.cn Crazykev
	unknown [26, 6]
	code [0, 1]
kazuki.suda@gmail.com Kazuki Suda
	unknown [52, 21]
nislamov@atlassian.com Nail Islamov
	unknown [543, 204]
	devel-doc [101, 22]
	documentation [0, 0]
andy@lindeman.io Andy Lindeman
	unknown [104, 73]
rober.morales@rstor.io Rober Morales-Chaparro
	unknown [1, 1]
matthias.greiner@stud.uni-heidelberg.de Matthias Greiner
	unknown [2, 2]
pszczesniak@google.com Piotr Szczesniak
	unknown [7, 507]
	devel-doc [0, 1]
	code [0, 1]
	build [0, 24]
21521209@zju.edu.cn heartlock
	unknown [288, 236]
shivania@vmware.com Abrar Shivani
	unknown [178, 35]
	devel-doc [70, 27]
verb@google.com Lee Verberne
	unknown [183, 59]
	devel-doc [28, 15]
	documentation [2, 1]
irfan.rehman@huawei.com Irfan Ur Rehman
	unknown [262, 206]
	devel-doc [50, 2]
jeff.h.vance@gmail.com jeff vance
	unknown [18, 51]
ian.chakeres@gmail.com Ian Chakeres
	unknown [271, 440]
erick@fejta.com Erick Fejta
	unknown [0, 1036]
hekumar@redhat.com Hemant Kumar
	unknown [605, 137]
	devel-doc [5, 0]
	code [2, 1]
brandon.philips@coreos.com Brandon Philips
	devel-doc [2, 0]
rmmh@google.com Ryan Hitchman
	unknown [244, 9]
	devel-doc [7, 2]
	code [54, 9]
	build [29, 1]
julien.balestra@gmail.com Julien Balestra
	unknown [379, 155]
xlgao@zju.edu.cn Xianglin Gao
	unknown [28, 5]
jiangtianli@hotmail.com Jiangtian Li
	unknown [162, 404]
	devel-doc [1, 1]
liuxu@asiainfo.com yaxinlx
	unknown [9, 5]
caarlos0@users.noreply.github.com Carlos Alexandro Becker
	unknown [3, 3]
justin@fathomdb.com Justin Santa Barbara
	unknown [61, 43]
	devel-doc [1, 0]
	code [4, 0]
jonathan@pulsifer.ca Jonathan Pulsifer
	unknown [1, 1]
mbauer@us.ibm.com Morgan Bauer
	unknown [15, 5]
dhawal55@gmail.com Dhawal Patel
	unknown [0, 9]
jacek.nykis@canonical.com Jacek N
	unknown [379, 3]
	devel-doc [22, 2]
	code [5, 0]
cole.mickens@gmail.com Cole Mickens
	unknown [143, 99]
	devel-doc [1, 1]
zhongcheng2@huawei.com Hardy Simpson
	unknown [9, 0]
	devel-doc [1, 0]
kos.tsakalozos@canonical.com Konstantinos Tsakalozos
	devel-doc [5, 1]
	code [121, 57]
	build [37, 25]
nbutton@ancestry.com Nathan Button
	unknown [53, 38]
ravisantoshgudimetla@gmail.com ravisantoshgudimetla
	unknown [437, 188]
	devel-doc [4, 1]
zhang.dongjie@zte.com.cn zdj6373
	unknown [2, 2]
tiwari.nitish@gmail.com Nitish
	unknown [160, 18]
	devel-doc [686, 345]
suyogbarve@gmail.com Suyog Barve
	unknown [274, 118]
	devel-doc [1, 0]
sidharthamn@gmail.com Sidhartha Mani
	unknown [5, 1]
sid@rancher.com wlan0
	unknown [1584, 101]
	devel-doc [269, 0]
	documentation [1, 0]
mikewu@google.com Ke Wu
	unknown [15, 0]
colew@google.com Cole Wagner
	unknown [0, 1]
	code [1, 3]
allen.sun@daocloud.io allencloud
	unknown [8, 7]
dconstenla@gradiant.org David Constenla
	unknown [34, 133]
djmm@google.com David McMahon
	code [15, 9]
jcope@redhat.com Jon Cope
	unknown [1090, 1092]
	devel-doc [2, 1]
derekmcquay@gmail.com Derek McQuay
	unknown [231, 32]
	devel-doc [5, 1]
	documentation [1, 1]
andrewpilloud@igneoussystems.com Andrew Pilloud
	unknown [45, 39]
public@omeid.me O'meid
	devel-doc [1, 1]
jmyue@hotmail.com supereagle
	unknown [10, 15]
	devel-doc [2, 2]
jforrest@redhat.com Jessica Forrester
	unknown [1, 1]
chuck@dasroot.net Charles Butler
	unknown [67, 2]
	devel-doc [28, 0]
	code [16, 0]
haka.jesse@gmail.com Jesse Haka
	unknown [118, 77]
	devel-doc [2, 0]
qiujian@cn.ibm.com Jian Qiu
	unknown [2, 2]
psiwczak@mirantis.com Piotr Siwczak
	unknown [1, 1]
spiffxp@gmail.com Aaron Crickenberger
	unknown [348, 287]
cmluciano@us.ibm.com Christopher M. Luciano
	unknown [7, 38]
dims@linux.vnet.ibm.com Davanum Srinivas
	unknown [30, 37]
	code [26, 12]
ivanov.maxim@gmail.com Maxim Ivanov
	unknown [10, 6]
djosborne10@gmail.com Dan Osborne
	unknown [1728, 0]
	devel-doc [1, 0]
aanm90@gmail.com André Martins
	unknown [34, 3]
saadali@google.com saadali
	unknown [0, 21]
aaronjlevy@gmail.com Aaron Levy
	unknown [6, 0]
everett.toews@rackspace.com Everett Toews
	unknown [0, 441]
	code [0, 496]
mkumatag@in.ibm.com Manjunath A Kumatagi
	unknown [101, 99]
	devel-doc [199, 1]
	build [1, 1]
csbell@google.com Christian Bell
	unknown [202, 472]
	devel-doc [4, 74]
shaynexwang@gmail.com Shayne Wang
	unknown [65, 0]
	devel-doc [9, 2]
spxtr@google.com Joe Finney
	unknown [39, 5]
	devel-doc [40, 15]
	code [10, 1]
	build [13, 20]
yifan.gu@coreos.com Yifan Gu
	unknown [3, 1]
robertguenzler@kinvolk.io Robert Günzler
	unknown [25, 0]
jsafrane@redhat.com Jan Safranek
	unknown [921, 355]
	devel-doc [53, 13]
	code [23, 0]
	documentation [1, 0]
liamwhite@uk.ibm.com Liam White
	unknown [172, 20]
	devel-doc [1, 0]
qsj.daniel@gmail.com shijunqian
	unknown [3, 17]
rodrigo@sdfg.com.ar Rodrigo Campos
	unknown [2, 122]
	devel-doc [0, 64]
klausenbusk@hotmail.com Kristian Klausen
	unknown [8, 23]
	code [13, 13]
xu.zhanwei@zte.com.cn weizhanxu
	unknown [2, 4]
lukaszoles@gmail.com Łukasz Oleś
	unknown [402, 52]
	devel-doc [8, 1]
dhilip.kumar.s@huawei.com dhilipkumars
	unknown [470, 76]
ketkulka@gmail.com Ketan Kulkarni
	unknown [47, 0]
ihmccreery@google.com Isaac Hollander McCreery
	code [6, 4]
	build [15, 13]
tsmetana@redhat.com Tomas Smetana
	unknown [857, 190]
	devel-doc [8, 0]
rmohr@redhat.com Roman Mohr
	unknown [218, 0]
	devel-doc [51, 0]
chen.tao3@zte.com.cn chentao1596
	unknown [3, 2]
	code [1, 1]
chris.glass@canonical.com Chris Glass
	unknown [256, 0]
	devel-doc [12, 0]
	code [161, 10]
acidburn@google.com Jess Frazelle
	devel-doc [207, 136]
ryeterrell@ryeterrell.net Rye Terrell
	unknown [108, 238]
	code [456, 756]
	documentation [2, 2]
cai.yixiang@zte.com.cn caiyixiang
	unknown [0, 2]
cezarsa@gmail.com Cezar Sa Espinola
	unknown [31, 2]
andrew.oneill@nordstrom.com Andrew O'Neill
	unknown [70, 63]
1004815462@qq.com xu fei
	unknown [13, 15]
adam@reese.io Adam Reese
	unknown [28, 9]
ypwebstuff@gmail.com Yves Peter
	unknown [1, 2]
pjpires@gmail.com Paulo Pires
	unknown [0, 1]
coolhzb@163.com AdoHe
	unknown [722, 609]
	devel-doc [22, 3]
casey.callendrello@coreos.com Casey Callendrello
	unknown [167, 46]
	devel-doc [633, 1]
cjr@cruwe.de Christopher J. Ruwe
	unknown [5, 5]
	devel-doc [13, 7]
rpothier@cisco.com Robert Pothier
	unknown [3, 3]
nick@nickstott.com Nick Stott
	unknown [1, 1]
zhouhaibing089@gmail.com zhouhaibing089
	unknown [94, 66]
	devel-doc [1, 2]
yencheng.chou@gmail.com StevenYCChou
	code [2, 2]
jvance@redhat.com Jeff Vance
	unknown [644, 439]
	devel-doc [2, 0]
tvansteenburgh@gmail.com Tim Van Steenburgh
	unknown [36, 4]
	code [507, 25]
mbruzek@gmail.com Matt Bruzek
	devel-doc [1, 1]
	code [9, 5]
	build [12, 4]
bsalamat@google.com Bobby Salamat
	unknown [373, 75]
	documentation [3, 0]
andrew@sig.gy Andrew Seigner
	unknown [2, 2]
avagarwa@redhat.com Avesh Agarwal
	unknown [1197, 5]
	devel-doc [327, 0]
	code [0, 2]
marco@ceppi.net Marco Ceppi
	unknown [45, 2]
maszulik@redhat.com Maciej Szulik
	unknown [168, 172]
	documentation [0, 0]
hufeng1987@gmail.com ZhiFeng Hu
	devel-doc [1, 1]
garyyu@tencent.com garyyu(于广游)
	unknown [1, 1]
tousami@zlab.co.jp Tomoya Usami
	unknown [1, 1]
therc@users.noreply.github.com Rudi C
	unknown [7, 7]
spzala@us.ibm.com Sahdev P. Zala
	unknown [1, 0]
weiwei.inf@gmail.com Wei Wei
	unknown [14, 1]
a10gupta@linux.vnet.ibm.com Abhishek Dasgupta
	unknown [79, 76]
henrik@henrik-schmidt.de Henrik Schmidt
	unknown [26, 11]
geekard@qq.com opsnull
	unknown [1, 0]
mr@soundcloud.com Matthias Rampke
	unknown [8, 1]
jsz@google.com Jerzy Szczepkowski
	unknown [1, 2]
	code [7, 0]
m@moscar.net Mikkel Oscar Lyderik Larsen
	unknown [5, 20]
	devel-doc [1, 1]
pskamruk@mirantis.com Piotr Skamruk
	unknown [12, 18]
	devel-doc [2, 0]
krousey@google.com Kris
	unknown [39, 19]
dong008259@163.com ddongchen
	unknown [3, 1]
chupman@us.ibm.com Chris Hupman
	unknown [26, 28]
	documentation [0, 0]
miaol@vmware.com Miao Luo
	unknown [151, 293]
	devel-doc [3, 36]
mvdan@mvdan.cc Daniel Martí
	unknown [56, 71]
tpot@hpe.com Tim Potter
	unknown [1, 1]
caleb.miles@coreos.com caleb miles
	devel-doc [419, 413]
chris@linuxuser.at Chris Hager
	unknown [1, 1]
	devel-doc [35, 36]
runcom@redhat.com Antonio Murdaca
	unknown [82, 7]
	devel-doc [3, 0]
	code [12, 1]
	build [5, 1]
bchilds@redhat.com childsb
	unknown [5, 0]
porridge@google.com Marcin Owsiany
	unknown [2, 2]
andrew@wattpad.com andrewsykim
	unknown [195, 125]
	documentation [0, 0]
sritesh@vmware.com Ritesh H Shukla
	unknown [55, 0]
	devel-doc [79, 5]
eparis@redhat.com Eric Paris
	unknown [12, 4]
sbekkhus91@gmail.com Simen Bekkhus
	unknown [2, 3]
bgrant0607@users.noreply.github.com Brian Grant
vivekbhat@live.com Vivek Bhat
	devel-doc [6, 6]
jaescobar.cell@gmail.com Alejandro Escobar
	unknown [66, 16]
	devel-doc [2, 1]
	code [146, 1]
joseph.lanoux@hpe.com joseph-lanoux
	code [8, 0]
fgimenez@coit.es Federico Gimenez
	unknown [184, 0]
dan.gillespie@coreos.com Dan Gillespie
	code [39, 13]
ali.scott@gmail.com Alistair Scott
	unknown [3, 3]
krousey@users.noreply.github.com krousey
dima.shmakov87@gmail.com Dmitry1987
	unknown [68, 45]
	documentation [2, 0]
pu.junqi@zte.com.cn Drinky Pool
	devel-doc [2, 2]
kmter@live.com shawyeok
	unknown [1, 0]
	code [237, 62]
837829664@qq.com timchenxiaoyu
	unknown [16, 16]
	devel-doc [2, 2]
	code [2, 2]
	build [2, 2]
lxia@redhat.com liangxia
	devel-doc [0, 1]
jeffschroeder@computer.org Jeff Schroeder
	unknown [4, 4]
max@kutsevol.com Maxym Kutsevol
	unknown [392, 92]
	devel-doc [401, 0]
crassirostris@yandex.com Mikhail Vyatskov
	unknown [20, 17]
bizhao@vmware.com Binbin Zhao
	unknown [1, 1]
xujun@cmss.chinamobile.com xujun
	unknown [7, 28]
ancosen@gmail.com Andrea Cosentino
	unknown [1, 1]
	devel-doc [44, 49]
wei.chuanhui1@zte.com.cn StudyNick
	unknown [7, 7]
lvjiangzhao@jd.com lvjiangzhao
	unknown [1, 1]
1585370057@qq.com jorenhehe
	unknown [6, 6]
huzhifeng@douyu.tv huzhifeng
	unknown [1, 1]
supermouselyh@hotmail.com Lou Yihua
	unknown [43, 3]
	documentation [0, 0]
michael.fraenkel@gmail.com Michael Fraenkel
	unknown [376, 3]
	devel-doc [1, 0]
	documentation [1, 0]
pierre@ozoux.net Pierre Ozoux
	unknown [1, 3]
yong.tang.github@outlook.com Yong Tang
	devel-doc [3, 3]
sebastian@loodse.com Sebastian Scheele
	unknown [1, 1]
jvallejo@redhat.com juanvallejo
	unknown [3, 0]
screeley@redhat.com Scott Creeley
	unknown [3, 1]
moonfang@tencent.com moonfang(房孝敬)
	unknown [12, 0]
chenjg@harmonycloud.cn fate-grand-order
	unknown [2, 2]
lin.youchong@zte.com.cn linyouchong
	unknown [1, 1]
fabiand@fedoraproject.org Fabian Deutsch
	unknown [0, 17]
	devel-doc [27, 0]
roidelapluie@inuits.eu Julien Pivotto
	unknown [42, 41]
joh.scheuer@gmail.com Johannes Scheuermann
	unknown [1, 4]
	devel-doc [1, 1]
nitisht@users.noreply.github.com Nitish Tiwari
	unknown [1, 0]
mike@mikebryant.me.uk Mike Bryant
	unknown [2, 0]
apelisse@google.com Antoine Pelisse
	unknown [2, 2]
nakayamakenjiro@gmail.com Kenjiro Nakayama
	unknown [3, 1]
devel-doc 129425 107121
	xuchao@google.com Chao Xu: [2507, 3855]
	ccoleman@redhat.com Clayton Coleman: [429, 102]
	madhusudancs@google.com Madhusudan.C.S: [2, 1]
	stefan.schimanski@gmail.com Dr. Stefan Schimanski: [269, 249]
	jack.francis@microsoft.com Jack Francis: [3, 0]
	mikedanese@google.com Mike Danese: [18242, 6246]
	wojtekt@google.com Wojciech Tyczynski: [12, 14]
	owensk@google.com Kenneth Owens: [212, 0]
	sunilarora@google.com Sunil Arora: [4, 0]
	deads@redhat.com deads2k: [1494, 313]
	vsemushi@redhat.com Slava Semushin: [7, 1]
	fengyun.pan@easystack.cn FengyunPan: [2, 2]
	sdw35@cornell.edu Scott Weiss: [7, 0]
	beacham@google.com Jacob Beacham: [40, 4]
	admin@toph.ca Christoph Blecker: [76, 74]
	lucas@weave.works Lucas Käldström: [8, 7]
	jliggitt@redhat.com Jordan Liggitt: [435, 5]
	yjhong@google.com Yu-Ju Hong: [114, 185]
	maciekpytel@google.com Maciej Pytel: [1, 1]
	ffranz@redhat.com Fabiano Franz: [109, 1]
	stclair@google.com Tim St. Clair: [226, 3]
	gyliu513@gmail.com Guangya Liu: [6, 0]
	ramanathana@google.com Anirudh Ramanathan: [1, 0]
	zihongz@google.com Zihong Zheng: [16, 50]
	lukasz.szaszkiewicz@gmail.com p0lyn0mial: [29, 50]
	jinxu@google.com Jing Xu: [3, 0]
	ravi.gadde@gmail.com Ravi Gadde: [2, 0]
	sross@redhat.com Solly Ross: [6, 2]
	torinsandall@gmail.com Torin Sandall: [72, 0]
	pwittroc+github@google.com Phillip Wittrock: [97, 19]
	mehdy@google.com mbohlool: [904, 122]
	dashpole@google.com David Ashpole: [633, 6]
	shyamjvs@google.com Shyam Jeedigunta: [75, 0]
	nicksardo@google.com Nick Sardo: [28, 5]
	qlee@google.com Quintin Lee: [24, 0]
	zhang.xiaoyu33@zte.com.cn zhangxiaoyu-zidif: [35, 35]
	chiachenk@google.com Janet Kuo: [79, 7]
	thockin@google.com Tim Hockin: [24, 16]
	caosf.fnst@cn.fujitsu.com Cao Shufeng: [2, 2]
	mtaufen@google.com Michael Taufen: [117, 34]
	vmik@google.com Mik Vyatskov: [51, 9]
	shashidhara.td@huawei.com shashidharatd: [130, 32]
	wasylkowski@google.com Andrzej Wasylkowski: [2, 0]
	xingzhou@cn.ibm.com Xing Zhou: [3, 2]
	sakshams@google.com Saksham Sharma: [53, 0]
	jgrafton@google.com Jeff Grafton: [165, 118]
	mmazurskiy@atlassian.com Mikhail Mazurskiy: [2, 0]
	mml@google.com Matt Liggett: [1, 0]
	vishnuk@google.com Vishnu kannan: [79, 2]
	cxing@google.com Cheng Xing: [11, 1]
	jacobsimpson@google.com Jacob Simpson: [7, 0]
	393926893@qq.com zhengjiajin: [15, 9]
	alberto.garcial@hotmail.com enxebre: [4, 0]
	wfender@google.com Walter Fender: [13, 1]
	chenr.fnst@cn.fujitsu.com xilabao: [20, 2]
	enisoc@google.com Anthony Yeh: [2702, 1109]
	madaxa@cn.ibm.com Klaus Ma: [143, 26]
	dbsmith@google.com Daniel Smith: [14, 10]
	decarr@redhat.com Derek Carr: [3, 1]
	jwhitlock@apache.org Jeremy Whitlock: [275, 0]
	eric.chiang.m@gmail.com Eric Chiang: [88547, 90169]
	haowang@redhat.com Haoran Wang: [2, 0]
	nickren19@gmail.com NickrenREN: [163, 0]
	zhao.xiangpeng@zte.com.cn xiangpengzhao: [8, 8]
	jiang.lingxia@zte.com.cn jianglingxia: [6, 6]
	ygg@google.com Yang Guo: [3, 12]
	hchen@redhat.com Huamin Chen: [99, 28]
	divyenp@vmware.com divyenpatel: [16, 1]
	jregan@google.com Jeffrey Regan: [700, 59]
	dvorak@google.com Jonathan MacMillan: [21, 79]
	ahmetb@google.com Ahmet Alp Balkan: [195, 1]
	hchiramm@redhat.com Humble Chirammal: [50, 605]
	gmarek@google.com gmarek: [6, 2]
	nikitaraghunath@gmail.com Nikhita Raghunath: [3, 0]
	danw@redhat.com Dan Winship: [979, 0]
	agonzalezro@gmail.com Álex González: [1, 1]
	bowei@google.com Bowei Du: [96, 42]
	abw@google.com Adam Worrall: [1, 0]
	artmr@lsd.ufcg.edu.br Arthur Miranda: [2, 0]
	msau@google.com Michelle Au: [72, 0]
	andy.goldstein@gmail.com Andy Goldstein: [46, 61]
	mawong@redhat.com Matthew Wong: [2, 3]
	emaildanwilson@gmail.com emaildanwilson: [2, 0]
	marun@redhat.com Maru Newby: [173, 69]
	shiywang@redhat.com Shiyang Wang: [15, 2]
	mkargaki@redhat.com Michail Kargakis: [5, 1]
	harryz@hyper.sh Harry Zhang: [5, 8]
	doliu@microsoft.com Dong Liu: [16, 1]
	bdontu@vmware.com System Administrator: [857, 2]
	harsh@portworx.com Harsh Desai: [2, 2]
	timothysc@gmail.com Timothy St. Clair: [2536, 1513]
	sjenning@redhat.com Seth Jennings: [0, 1]
	matthew.potter@uswitch.com Matt Potter: [1, 0]
	jamie.hannaford@rackspace.com Jamie Hannaford: [30, 1]
	ppospisi@redhat.com pospispa: [6, 4]
	dcbw@redhat.com Dan Williams: [12, 0]
	mayank.kumar@salesforce.com Mayank Kumar: [2, 0]
	taotaotheripper@gmail.com Random-Liu: [3, 0]
	aleksandram@google.com Aleksandra Malinowska: [38, 0]
	jmacleod@google.com Jago Macleod: [16, 0]
	mwielgus@google.com Marcin Wielgus: [440, 266]
	bburns@google.com Brendan Burns: [1, 0]
	salvatore-dario.minonne@amadeus.com Salvatore Dario Minonne: [10, 1]
	ablock84@gmail.com Alexander Block: [2, 1]
	casey@tigera.io Casey Davenport: [10, 44]
	danw@concur.com Wilson, Dan: [46, 0]
	haoyuan.ge@caicloud.io haoyuan: [3, 3]
	feiskyer@gmail.com Pengfei Ni: [3, 1]
	nikhiljindal@google.com nikhiljindal: [121, 5]
	george.kraft@canonical.com George Kraft: [3, 1]
	yashulyak@gmail.com Dmitry Shulyak: [86, 83]
	nislamov@atlassian.com Nail Islamov: [101, 22]
	pszczesniak@google.com Piotr Szczesniak: [0, 1]
	shivania@vmware.com Abrar Shivani: [70, 27]
	verb@google.com Lee Verberne: [28, 15]
	irfan.rehman@huawei.com Irfan Ur Rehman: [50, 2]
	hekumar@redhat.com Hemant Kumar: [5, 0]
	brandon.philips@coreos.com Brandon Philips: [2, 0]
	rmmh@google.com Ryan Hitchman: [7, 2]
	jiangtianli@hotmail.com Jiangtian Li: [1, 1]
	justin@fathomdb.com Justin Santa Barbara: [1, 0]
	jacek.nykis@canonical.com Jacek N: [22, 2]
	cole.mickens@gmail.com Cole Mickens: [1, 1]
	zhongcheng2@huawei.com Hardy Simpson: [1, 0]
	kos.tsakalozos@canonical.com Konstantinos Tsakalozos: [5, 1]
	ravisantoshgudimetla@gmail.com ravisantoshgudimetla: [4, 1]
	tiwari.nitish@gmail.com Nitish: [686, 345]
	suyogbarve@gmail.com Suyog Barve: [1, 0]
	sid@rancher.com wlan0: [269, 0]
	jcope@redhat.com Jon Cope: [2, 1]
	derekmcquay@gmail.com Derek McQuay: [5, 1]
	public@omeid.me O'meid: [1, 1]
	jmyue@hotmail.com supereagle: [2, 2]
	chuck@dasroot.net Charles Butler: [28, 0]
	haka.jesse@gmail.com Jesse Haka: [2, 0]
	djosborne10@gmail.com Dan Osborne: [1, 0]
	mkumatag@in.ibm.com Manjunath A Kumatagi: [199, 1]
	csbell@google.com Christian Bell: [4, 74]
	shaynexwang@gmail.com Shayne Wang: [9, 2]
	spxtr@google.com Joe Finney: [40, 15]
	jsafrane@redhat.com Jan Safranek: [53, 13]
	liamwhite@uk.ibm.com Liam White: [1, 0]
	rodrigo@sdfg.com.ar Rodrigo Campos: [0, 64]
	lukaszoles@gmail.com Łukasz Oleś: [8, 1]
	tsmetana@redhat.com Tomas Smetana: [8, 0]
	rmohr@redhat.com Roman Mohr: [51, 0]
	chris.glass@canonical.com Chris Glass: [12, 0]
	acidburn@google.com Jess Frazelle: [207, 136]
	coolhzb@163.com AdoHe: [22, 3]
	casey.callendrello@coreos.com Casey Callendrello: [633, 1]
	cjr@cruwe.de Christopher J. Ruwe: [13, 7]
	zhouhaibing089@gmail.com zhouhaibing089: [1, 2]
	jvance@redhat.com Jeff Vance: [2, 0]
	mbruzek@gmail.com Matt Bruzek: [1, 1]
	avagarwa@redhat.com Avesh Agarwal: [327, 0]
	hufeng1987@gmail.com ZhiFeng Hu: [1, 1]
	m@moscar.net Mikkel Oscar Lyderik Larsen: [1, 1]
	pskamruk@mirantis.com Piotr Skamruk: [2, 0]
	miaol@vmware.com Miao Luo: [3, 36]
	caleb.miles@coreos.com caleb miles: [419, 413]
	chris@linuxuser.at Chris Hager: [35, 36]
	runcom@redhat.com Antonio Murdaca: [3, 0]
	sritesh@vmware.com Ritesh H Shukla: [79, 5]
	vivekbhat@live.com Vivek Bhat: [6, 6]
	jaescobar.cell@gmail.com Alejandro Escobar: [2, 1]
	pu.junqi@zte.com.cn Drinky Pool: [2, 2]
	837829664@qq.com timchenxiaoyu: [2, 2]
	lxia@redhat.com liangxia: [0, 1]
	max@kutsevol.com Maxym Kutsevol: [401, 0]
	ancosen@gmail.com Andrea Cosentino: [44, 49]
	michael.fraenkel@gmail.com Michael Fraenkel: [1, 0]
	yong.tang.github@outlook.com Yong Tang: [3, 3]
	fabiand@fedoraproject.org Fabian Deutsch: [27, 0]
	joh.scheuer@gmail.com Johannes Scheuermann: [1, 1]
code 5192 5481
	xuchao@google.com Chao Xu: [20, 19]
	ccoleman@redhat.com Clayton Coleman: [21, 14]
	madhusudancs@google.com Madhusudan.C.S: [108, 62]
	stefan.schimanski@gmail.com Dr. Stefan Schimanski: [43, 32]
	mikedanese@google.com Mike Danese: [14, 1482]
	wojtekt@google.com Wojciech Tyczynski: [28, 29]
	deads@redhat.com deads2k: [300, 27]
	admin@toph.ca Christoph Blecker: [33, 21]
	lucas@weave.works Lucas Käldström: [12, 126]
	jliggitt@redhat.com Jordan Liggitt: [78, 14]
	yjhong@google.com Yu-Ju Hong: [0, 1]
	ffranz@redhat.com Fabiano Franz: [206, 11]
	stclair@google.com Tim St. Clair: [19, 1]
	ramanathana@google.com Anirudh Ramanathan: [18, 4]
	sross@redhat.com Solly Ross: [99, 1]
	mitsuhiro.tanino@hds.com mtanino: [1, 1]
	mehdy@google.com mbohlool: [5, 5]
	dashpole@google.com David Ashpole: [7, 5]
	shyamjvs@google.com Shyam Jeedigunta: [99, 96]
	qlee@google.com Quintin Lee: [13, 1]
	chiachenk@google.com Janet Kuo: [76, 2]
	thockin@google.com Tim Hockin: [4, 1]
	caosf.fnst@cn.fujitsu.com Cao Shufeng: [68, 12]
	mtaufen@google.com Michael Taufen: [2, 3]
	shashidhara.td@huawei.com shashidharatd: [15, 37]
	jgrafton@google.com Jeff Grafton: [70, 53]
	mml@google.com Matt Liggett: [104, 41]
	vishnuk@google.com Vishnu kannan: [322, 26]
	chenr.fnst@cn.fujitsu.com xilabao: [89, 17]
	enisoc@google.com Anthony Yeh: [104, 5]
	madaxa@cn.ibm.com Klaus Ma: [14, 6]
	kumaraji@google.com Ajit Kumar: [6, 0]
	dbsmith@google.com Daniel Smith: [47, 0]
	decarr@redhat.com Derek Carr: [14, 0]
	jwhitlock@apache.org Jeremy Whitlock: [220, 2]
	haowang@redhat.com Haoran Wang: [1, 1]
	ygg@google.com Yang Guo: [9, 152]
	hchen@redhat.com Huamin Chen: [9, 0]
	cjcullen@google.com CJ Cullen: [8, 0]
	dvorak@google.com Jonathan MacMillan: [92, 4]
	senlu@google.com Sen Lu: [2, 2]
	gmarek@google.com gmarek: [8, 3]
	stanislaw.szydlo@intel.com Stanisław Szydło: [2, 2]
	campbellalex@google.com Alexander Campbell: [37, 19]
	danw@redhat.com Dan Winship: [1, 0]
	bowei@google.com Bowei Du: [323, 69]
	andy.goldstein@gmail.com Andy Goldstein: [48, 27]
	baofa.fan@daocloud.io carlory: [1, 1]
	mawong@redhat.com Matthew Wong: [11, 5]
	mkhan@redhat.com Monis Khan: [12, 4]
	marun@redhat.com Maru Newby: [16, 26]
	shiywang@redhat.com Shiyang Wang: [5, 1]
	ouyang.qinhua@zte.com.cn bruceauyeung: [3, 0]
	timothysc@gmail.com Timothy St. Clair: [0, 1292]
	kb@itsvit.org kb@itsvit.org: [5, 1]
	jamie.hannaford@rackspace.com Jamie Hannaford: [5, 1]
	dcbw@redhat.com Dan Williams: [116, 136]
	taotaotheripper@gmail.com Random-Liu: [2, 2]
	aleksandram@google.com Aleksandra Malinowska: [2, 0]
	mwielgus@google.com Marcin Wielgus: [2, 2]
	jay@apache.org jayunit100: [9, 8]
	bburns@google.com Brendan Burns: [33, 4]
	casey@tigera.io Casey Davenport: [12, 0]
	pc@michali.net Paul Michali: [12, 2]
	sidvin@amazon.com Vinothkumar Siddharth: [2, 3]
	sanderp@q42.nl Sander Ploegsma: [1, 1]
	nikhiljindal@google.com nikhiljindal: [195, 3]
	george.kraft@canonical.com George Kraft: [42, 62]
	christiankoep@gmail.com Christian Koep: [4, 4]
	crazykev@zju.edu.cn Crazykev: [0, 1]
	pszczesniak@google.com Piotr Szczesniak: [0, 1]
	hekumar@redhat.com Hemant Kumar: [2, 1]
	rmmh@google.com Ryan Hitchman: [54, 9]
	justin@fathomdb.com Justin Santa Barbara: [4, 0]
	jacek.nykis@canonical.com Jacek N: [5, 0]
	kos.tsakalozos@canonical.com Konstantinos Tsakalozos: [121, 57]
	colew@google.com Cole Wagner: [1, 3]
	djmm@google.com David McMahon: [15, 9]
	chuck@dasroot.net Charles Butler: [16, 0]
	dims@linux.vnet.ibm.com Davanum Srinivas: [26, 12]
	everett.toews@rackspace.com Everett Toews: [0, 496]
	spxtr@google.com Joe Finney: [10, 1]
	jsafrane@redhat.com Jan Safranek: [23, 0]
	klausenbusk@hotmail.com Kristian Klausen: [13, 13]
	ihmccreery@google.com Isaac Hollander McCreery: [6, 4]
	chen.tao3@zte.com.cn chentao1596: [1, 1]
	chris.glass@canonical.com Chris Glass: [161, 10]
	ryeterrell@ryeterrell.net Rye Terrell: [456, 756]
	yencheng.chou@gmail.com StevenYCChou: [2, 2]
	tvansteenburgh@gmail.com Tim Van Steenburgh: [507, 25]
	mbruzek@gmail.com Matt Bruzek: [9, 5]
	avagarwa@redhat.com Avesh Agarwal: [0, 2]
	jsz@google.com Jerzy Szczepkowski: [7, 0]
	runcom@redhat.com Antonio Murdaca: [12, 1]
	jaescobar.cell@gmail.com Alejandro Escobar: [146, 1]
	joseph.lanoux@hpe.com joseph-lanoux: [8, 0]
	dan.gillespie@coreos.com Dan Gillespie: [39, 13]
	kmter@live.com shawyeok: [237, 62]
	837829664@qq.com timchenxiaoyu: [2, 2]
unknown 265373 125363
	xuchao@google.com Chao Xu: [31559, 20425]
	ccoleman@redhat.com Clayton Coleman: [13009, 2856]
	madhusudancs@google.com Madhusudan.C.S: [252, 105]
	stefan.schimanski@gmail.com Dr. Stefan Schimanski: [3600, 1458]
	jack.francis@microsoft.com Jack Francis: [626, 145]
	mikedanese@google.com Mike Danese: [1643, 2427]
	wojtekt@google.com Wojciech Tyczynski: [4088, 3470]
	owensk@google.com Kenneth Owens: [9815, 645]
	sunilarora@google.com Sunil Arora: [306, 90]
	deads@redhat.com deads2k: [23362, 6460]
	vsemushi@redhat.com Slava Semushin: [12, 20]
	fengyun.pan@easystack.cn FengyunPan: [466, 229]
	adrian@adrianmacneil.com Adrian Macneil: [3, 3]
	sdw35@cornell.edu Scott Weiss: [461, 0]
	beacham@google.com Jacob Beacham: [369, 15]
	admin@toph.ca Christoph Blecker: [1816, 1799]
	lucas@weave.works Lucas Käldström: [65, 464]
	jliggitt@redhat.com Jordan Liggitt: [6461, 1382]
	yjhong@google.com Yu-Ju Hong: [10019, 15180]
	maciekpytel@google.com Maciej Pytel: [347, 117]
	ffranz@redhat.com Fabiano Franz: [2244, 101]
	jeffml@google.com Jeff Lowdermilk: [1, 1]
	stclair@google.com Tim St. Clair: [1920, 219]
	gyliu513@gmail.com Guangya Liu: [654, 327]
	ramanathana@google.com Anirudh Ramanathan: [491, 112]
	zihongz@google.com Zihong Zheng: [3231, 1353]
	lukasz.szaszkiewicz@gmail.com p0lyn0mial: [742, 311]
	jinxu@google.com Jing Xu: [1301, 85]
	ricky.pai@airbnb.com Ricky Pai: [440, 9]
	agarwalrohit@google.com Rohit Agarwal: [39, 1]
	ravi.gadde@gmail.com Ravi Gadde: [200, 21]
	sross@redhat.com Solly Ross: [1147, 75]
	torinsandall@gmail.com Torin Sandall: [945, 0]
	mitsuhiro.tanino@hds.com mtanino: [108, 47]
	pwittroc+github@google.com Phillip Wittrock: [1802, 87]
	mehdy@google.com mbohlool: [11746, 4685]
	dashpole@google.com David Ashpole: [890, 807]
	shyamjvs@google.com Shyam Jeedigunta: [1429, 174]
	nicksardo@google.com Nick Sardo: [2310, 747]
	qlee@google.com Quintin Lee: [159, 6]
	zhang.xiaoyu33@zte.com.cn zhangxiaoyu-zidif: [164, 105]
	chiachenk@google.com Janet Kuo: [3066, 1293]
	thockin@google.com Tim Hockin: [2008, 1367]
	caosf.fnst@cn.fujitsu.com Cao Shufeng: [667, 159]
	gkuncoro@vmware.com Giri Kuncoro: [10247, 10110]
	mtaufen@google.com Michael Taufen: [1294, 687]
	vmik@google.com Mik Vyatskov: [135, 24]
	shashidhara.td@huawei.com shashidharatd: [2132, 2828]
	wasylkowski@google.com Andrzej Wasylkowski: [24, 6]
	xingzhou@cn.ibm.com Xing Zhou: [326, 43]
	sakshams@google.com Saksham Sharma: [499, 3]
	jgrafton@google.com Jeff Grafton: [129, 83]
	mmazurskiy@atlassian.com Mikhail Mazurskiy: [172, 20]
	mml@google.com Matt Liggett: [118, 8]
	dawnchen@google.com Dawn Chen: [28, 127]
	vishnuk@google.com Vishnu kannan: [515, 104]
	dnardo@google.com Daniel Nardo: [117, 17]
	cxing@google.com Cheng Xing: [679, 16]
	grod@google.com Garrett Rodrigues: [2, 0]
	jacobsimpson@google.com Jacob Simpson: [1200, 291]
	marton.natko@gmail.com n-marton: [9, 0]
	ailusazh@126.com ailusazh: [5, 2]
	393926893@qq.com zhengjiajin: [1280, 121]
	alberto.garcial@hotmail.com enxebre: [339, 0]
	wfender@google.com Walter Fender: [414, 74]
	chenr.fnst@cn.fujitsu.com xilabao: [2029, 335]
	stephenhsu90@gmail.com Di Xu: [49, 61]
	enisoc@google.com Anthony Yeh: [1476, 225]
	madaxa@cn.ibm.com Klaus Ma: [1930, 503]
	dbsmith@google.com Daniel Smith: [782, 1065]
	mengqiy@google.com ymqytw: [7009, 1944]
	decarr@redhat.com Derek Carr: [358, 128]
	alexdwanerobinson@gmail.com Alex Robinson: [31, 27]
	jwhitlock@apache.org Jeremy Whitlock: [2808, 12]
	eric.chiang.m@gmail.com Eric Chiang: [1083, 520]
	haowang@redhat.com Haoran Wang: [870, 236]
	fangyuhao@gmail.com x1957: [8, 5]
	nickren19@gmail.com NickrenREN: [1549, 1092]
	talk.to.waseem@gmail.com Waseem Ahmad: [182, 96]
	tnozicka@gmail.com Tomas Nozicka: [2, 0]
	zhao.xiangpeng@zte.com.cn xiangpengzhao: [296, 221]
	jiang.lingxia@zte.com.cn jianglingxia: [5, 9]
	ygg@google.com Yang Guo: [665, 258]
	hchen@redhat.com Huamin Chen: [1057, 174]
	cjcullen@google.com CJ Cullen: [8, 3]
	divyenp@vmware.com divyenpatel: [1607, 805]
	jregan@google.com Jeffrey Regan: [162, 67]
	dvorak@google.com Jonathan MacMillan: [1730, 903]
	ahmetb@google.com Ahmet Alp Balkan: [1936, 1888]
	hchiramm@redhat.com Humble Chirammal: [403, 287]
	gmarek@google.com gmarek: [1302, 429]
	abhinav.dahiya@coreos.com Abhinav Dahiya: [1, 1]
	fabrizio.pandini@gmail.com fabriziopandini: [34, 30]
	stanislaw.szydlo@intel.com Stanisław Szydło: [1, 1]
	horwitzja@gmail.com Josh Horwitz: [209, 1]
	nikitaraghunath@gmail.com Nikhita Raghunath: [410, 77]
	yasstij11@gmail.com Yassine TIJANI: [4, 7]
	xychu2008@gmail.com Ethan Chu: [47, 20]
	campbellalex@google.com Alexander Campbell: [144, 68]
	danw@redhat.com Dan Winship: [7458, 118]
	jungong@tencent.com Jun Gong: [3, 1]
	bowei@google.com Bowei Du: [4312, 3385]
	abw@google.com Adam Worrall: [115, 9]
	artmr@lsd.ufcg.edu.br Arthur Miranda: [298, 0]
	msau@google.com Michelle Au: [2178, 143]
	bvanzant@brkt.com Bob Van Zant: [22, 11]
	andy.goldstein@gmail.com Andy Goldstein: [2660, 1732]
	bryan@weave.works Bryan Boreham: [1, 3]
	baofa.fan@daocloud.io carlory: [2, 2]
	yunxian.guo@easystack.cn guoyunxian: [0, 2]
	li.xiaobing1@zte.com.cn lixiaobing1: [4, 1]
	mawong@redhat.com Matthew Wong: [302, 93]
	emaildanwilson@gmail.com emaildanwilson: [153, 42]
	mkhan@redhat.com Monis Khan: [1146, 247]
	marun@redhat.com Maru Newby: [2721, 2469]
	alex.crawford@coreos.com Alex Crawford: [3, 3]
	shiywang@redhat.com Shiyang Wang: [1578, 294]
	henrique@lsd.ufcg.edu.br Henrique Truta: [10, 10]
	mkargaki@redhat.com Michail Kargakis: [910, 593]
	ouyang.qinhua@zte.com.cn bruceauyeung: [79, 78]
	harryz@hyper.sh Harry Zhang: [756, 347]
	doliu@microsoft.com Dong Liu: [686, 172]
	ninkendo@gmail.com Ken Simon: [38, 21]
	bdontu@vmware.com System Administrator: [1639, 360]
	harsh@portworx.com Harsh Desai: [242, 185]
	timothysc@gmail.com Timothy St. Clair: [5082, 3944]
	jinsenorita@gmail.com Ginwala: [2, 2]
	sjenning@redhat.com Seth Jennings: [246, 228]
	matthew.potter@uswitch.com Matt Potter: [21, 19]
	kb@itsvit.org kb@itsvit.org: [17, 20]
	jamie.hannaford@rackspace.com Jamie Hannaford: [1269, 776]
	ppospisi@redhat.com pospispa: [149, 23]
	xxiaozhou@gmail.com Author xiao-zhou: [136, 0]
	dcbw@redhat.com Dan Williams: [805, 253]
	mayank.kumar@salesforce.com Mayank Kumar: [128, 64]
	taotaotheripper@gmail.com Random-Liu: [261, 55]
	robertojrojas@gmail.com Roberto J Rojas: [11, 6]
	etune@google.com Eric Tune: [22, 31]
	aleksandram@google.com Aleksandra Malinowska: [338, 37]
	seharris@us.ibm.com Steven E. Harris: [5, 12]
	wang.bin21@zte.com.cn billy2180: [4, 4]
	luis.pabon@coreos.com Luis Pabón: [109, 4]
	mashimiao.fnst@cn.fujitsu.com Ma Shimiao: [1, 3]
	mwielgus@google.com Marcin Wielgus: [263, 154]
	jay@apache.org jayunit100: [105, 59]
	luk.burchard@gmail.com realfake: [156, 16]
	bburns@google.com Brendan Burns: [7481, 642]
	davidewatson@gmail.com David E Watson: [1, 1]
	salvatore-dario.minonne@amadeus.com Salvatore Dario Minonne: [593, 29]
	yu.peng36@zte.com.cn yupengzte: [21, 22]
	ablock84@gmail.com Alexander Block: [339, 10]
	andy.xning@gmail.com Andy Xie: [4, 2]
	casey@tigera.io Casey Davenport: [137, 144]
	danw@concur.com Wilson, Dan: [263, 12]
	pc@michali.net Paul Michali: [102, 18]
	sky.captin@gmail.com Werner: [15, 14]
	maciaszczykm@users.noreply.github.com Marcin Maciaszczyk: [3, 3]
	haoyuan.ge@caicloud.io haoyuan: [4, 43]
	feiskyer@gmail.com Pengfei Ni: [2744, 1208]
	ishvedunov@mirantis.com Ivan Shvedunov: [9, 4]
	radcliffe.david@gmail.com David Radcliffe: [2, 1]
	nikhiljindal@google.com nikhiljindal: [943, 620]
	george.kraft@canonical.com George Kraft: [14, 11]
	christiankoep@gmail.com Christian Koep: [16, 10]
	licl@primeton.com lichunlong: [45, 7]
	yashulyak@gmail.com Dmitry Shulyak: [523, 422]
	crazykev@zju.edu.cn Crazykev: [26, 6]
	kazuki.suda@gmail.com Kazuki Suda: [52, 21]
	nislamov@atlassian.com Nail Islamov: [543, 204]
	andy@lindeman.io Andy Lindeman: [104, 73]
	rober.morales@rstor.io Rober Morales-Chaparro: [1, 1]
	matthias.greiner@stud.uni-heidelberg.de Matthias Greiner: [2, 2]
	pszczesniak@google.com Piotr Szczesniak: [7, 507]
	21521209@zju.edu.cn heartlock: [288, 236]
	shivania@vmware.com Abrar Shivani: [178, 35]
	verb@google.com Lee Verberne: [183, 59]
	irfan.rehman@huawei.com Irfan Ur Rehman: [262, 206]
	jeff.h.vance@gmail.com jeff vance: [18, 51]
	ian.chakeres@gmail.com Ian Chakeres: [271, 440]
	erick@fejta.com Erick Fejta: [0, 1036]
	hekumar@redhat.com Hemant Kumar: [605, 137]
	rmmh@google.com Ryan Hitchman: [244, 9]
	julien.balestra@gmail.com Julien Balestra: [379, 155]
	xlgao@zju.edu.cn Xianglin Gao: [28, 5]
	jiangtianli@hotmail.com Jiangtian Li: [162, 404]
	liuxu@asiainfo.com yaxinlx: [9, 5]
	caarlos0@users.noreply.github.com Carlos Alexandro Becker: [3, 3]
	justin@fathomdb.com Justin Santa Barbara: [61, 43]
	jonathan@pulsifer.ca Jonathan Pulsifer: [1, 1]
	mbauer@us.ibm.com Morgan Bauer: [15, 5]
	dhawal55@gmail.com Dhawal Patel: [0, 9]
	jacek.nykis@canonical.com Jacek N: [379, 3]
	cole.mickens@gmail.com Cole Mickens: [143, 99]
	zhongcheng2@huawei.com Hardy Simpson: [9, 0]
	nbutton@ancestry.com Nathan Button: [53, 38]
	ravisantoshgudimetla@gmail.com ravisantoshgudimetla: [437, 188]
	zhang.dongjie@zte.com.cn zdj6373: [2, 2]
	tiwari.nitish@gmail.com Nitish: [160, 18]
	suyogbarve@gmail.com Suyog Barve: [274, 118]
	sidharthamn@gmail.com Sidhartha Mani: [5, 1]
	sid@rancher.com wlan0: [1584, 101]
	mikewu@google.com Ke Wu: [15, 0]
	colew@google.com Cole Wagner: [0, 1]
	allen.sun@daocloud.io allencloud: [8, 7]
	dconstenla@gradiant.org David Constenla: [34, 133]
	jcope@redhat.com Jon Cope: [1090, 1092]
	derekmcquay@gmail.com Derek McQuay: [231, 32]
	andrewpilloud@igneoussystems.com Andrew Pilloud: [45, 39]
	jmyue@hotmail.com supereagle: [10, 15]
	jforrest@redhat.com Jessica Forrester: [1, 1]
	chuck@dasroot.net Charles Butler: [67, 2]
	haka.jesse@gmail.com Jesse Haka: [118, 77]
	qiujian@cn.ibm.com Jian Qiu: [2, 2]
	psiwczak@mirantis.com Piotr Siwczak: [1, 1]
	spiffxp@gmail.com Aaron Crickenberger: [348, 287]
	cmluciano@us.ibm.com Christopher M. Luciano: [7, 38]
	dims@linux.vnet.ibm.com Davanum Srinivas: [30, 37]
	ivanov.maxim@gmail.com Maxim Ivanov: [10, 6]
	djosborne10@gmail.com Dan Osborne: [1728, 0]
	aanm90@gmail.com André Martins: [34, 3]
	saadali@google.com saadali: [0, 21]
	aaronjlevy@gmail.com Aaron Levy: [6, 0]
	everett.toews@rackspace.com Everett Toews: [0, 441]
	mkumatag@in.ibm.com Manjunath A Kumatagi: [101, 99]
	csbell@google.com Christian Bell: [202, 472]
	shaynexwang@gmail.com Shayne Wang: [65, 0]
	spxtr@google.com Joe Finney: [39, 5]
	yifan.gu@coreos.com Yifan Gu: [3, 1]
	robertguenzler@kinvolk.io Robert Günzler: [25, 0]
	jsafrane@redhat.com Jan Safranek: [921, 355]
	liamwhite@uk.ibm.com Liam White: [172, 20]
	qsj.daniel@gmail.com shijunqian: [3, 17]
	rodrigo@sdfg.com.ar Rodrigo Campos: [2, 122]
	klausenbusk@hotmail.com Kristian Klausen: [8, 23]
	xu.zhanwei@zte.com.cn weizhanxu: [2, 4]
	lukaszoles@gmail.com Łukasz Oleś: [402, 52]
	dhilip.kumar.s@huawei.com dhilipkumars: [470, 76]
	ketkulka@gmail.com Ketan Kulkarni: [47, 0]
	tsmetana@redhat.com Tomas Smetana: [857, 190]
	rmohr@redhat.com Roman Mohr: [218, 0]
	chen.tao3@zte.com.cn chentao1596: [3, 2]
	chris.glass@canonical.com Chris Glass: [256, 0]
	ryeterrell@ryeterrell.net Rye Terrell: [108, 238]
	cai.yixiang@zte.com.cn caiyixiang: [0, 2]
	cezarsa@gmail.com Cezar Sa Espinola: [31, 2]
	andrew.oneill@nordstrom.com Andrew O'Neill: [70, 63]
	1004815462@qq.com xu fei: [13, 15]
	adam@reese.io Adam Reese: [28, 9]
	ypwebstuff@gmail.com Yves Peter: [1, 2]
	pjpires@gmail.com Paulo Pires: [0, 1]
	coolhzb@163.com AdoHe: [722, 609]
	casey.callendrello@coreos.com Casey Callendrello: [167, 46]
	cjr@cruwe.de Christopher J. Ruwe: [5, 5]
	rpothier@cisco.com Robert Pothier: [3, 3]
	nick@nickstott.com Nick Stott: [1, 1]
	zhouhaibing089@gmail.com zhouhaibing089: [94, 66]
	jvance@redhat.com Jeff Vance: [644, 439]
	tvansteenburgh@gmail.com Tim Van Steenburgh: [36, 4]
	bsalamat@google.com Bobby Salamat: [373, 75]
	andrew@sig.gy Andrew Seigner: [2, 2]
	avagarwa@redhat.com Avesh Agarwal: [1197, 5]
	marco@ceppi.net Marco Ceppi: [45, 2]
	maszulik@redhat.com Maciej Szulik: [168, 172]
	garyyu@tencent.com garyyu(于广游): [1, 1]
	tousami@zlab.co.jp Tomoya Usami: [1, 1]
	therc@users.noreply.github.com Rudi C: [7, 7]
	spzala@us.ibm.com Sahdev P. Zala: [1, 0]
	weiwei.inf@gmail.com Wei Wei: [14, 1]
	a10gupta@linux.vnet.ibm.com Abhishek Dasgupta: [79, 76]
	henrik@henrik-schmidt.de Henrik Schmidt: [26, 11]
	geekard@qq.com opsnull: [1, 0]
	mr@soundcloud.com Matthias Rampke: [8, 1]
	jsz@google.com Jerzy Szczepkowski: [1, 2]
	m@moscar.net Mikkel Oscar Lyderik Larsen: [5, 20]
	pskamruk@mirantis.com Piotr Skamruk: [12, 18]
	krousey@google.com Kris: [39, 19]
	dong008259@163.com ddongchen: [3, 1]
	chupman@us.ibm.com Chris Hupman: [26, 28]
	miaol@vmware.com Miao Luo: [151, 293]
	mvdan@mvdan.cc Daniel Martí: [56, 71]
	tpot@hpe.com Tim Potter: [1, 1]
	chris@linuxuser.at Chris Hager: [1, 1]
	runcom@redhat.com Antonio Murdaca: [82, 7]
	bchilds@redhat.com childsb: [5, 0]
	porridge@google.com Marcin Owsiany: [2, 2]
	andrew@wattpad.com andrewsykim: [195, 125]
	sritesh@vmware.com Ritesh H Shukla: [55, 0]
	eparis@redhat.com Eric Paris: [12, 4]
	sbekkhus91@gmail.com Simen Bekkhus: [2, 3]
	jaescobar.cell@gmail.com Alejandro Escobar: [66, 16]
	fgimenez@coit.es Federico Gimenez: [184, 0]
	ali.scott@gmail.com Alistair Scott: [3, 3]
	dima.shmakov87@gmail.com Dmitry1987: [68, 45]
	kmter@live.com shawyeok: [1, 0]
	837829664@qq.com timchenxiaoyu: [16, 16]
	jeffschroeder@computer.org Jeff Schroeder: [4, 4]
	max@kutsevol.com Maxym Kutsevol: [392, 92]
	crassirostris@yandex.com Mikhail Vyatskov: [20, 17]
	bizhao@vmware.com Binbin Zhao: [1, 1]
	xujun@cmss.chinamobile.com xujun: [7, 28]
	ancosen@gmail.com Andrea Cosentino: [1, 1]
	wei.chuanhui1@zte.com.cn StudyNick: [7, 7]
	lvjiangzhao@jd.com lvjiangzhao: [1, 1]
	1585370057@qq.com jorenhehe: [6, 6]
	huzhifeng@douyu.tv huzhifeng: [1, 1]
	supermouselyh@hotmail.com Lou Yihua: [43, 3]
	michael.fraenkel@gmail.com Michael Fraenkel: [376, 3]
	pierre@ozoux.net Pierre Ozoux: [1, 3]
	sebastian@loodse.com Sebastian Scheele: [1, 1]
	jvallejo@redhat.com juanvallejo: [3, 0]
	screeley@redhat.com Scott Creeley: [3, 1]
	moonfang@tencent.com moonfang(房孝敬): [12, 0]
	chenjg@harmonycloud.cn fate-grand-order: [2, 2]
	lin.youchong@zte.com.cn linyouchong: [1, 1]
	fabiand@fedoraproject.org Fabian Deutsch: [0, 17]
	roidelapluie@inuits.eu Julien Pivotto: [42, 41]
	joh.scheuer@gmail.com Johannes Scheuermann: [1, 4]
	nitisht@users.noreply.github.com Nitish Tiwari: [1, 0]
	mike@mikebryant.me.uk Mike Bryant: [2, 0]
	apelisse@google.com Antoine Pelisse: [2, 2]
	nakayamakenjiro@gmail.com Kenjiro Nakayama: [3, 1]
documentation 34784 34834
	xuchao@google.com Chao Xu: [34695, 34695]
	ccoleman@redhat.com Clayton Coleman: [0, 0]
	mikedanese@google.com Mike Danese: [1, 0]
	owensk@google.com Kenneth Owens: [0, 0]
	deads@redhat.com deads2k: [0, 0]
	admin@toph.ca Christoph Blecker: [0, 0]
	jliggitt@redhat.com Jordan Liggitt: [0, 0]
	yjhong@google.com Yu-Ju Hong: [0, 1]
	ffranz@redhat.com Fabiano Franz: [3, 0]
	ramanathana@google.com Anirudh Ramanathan: [1, 0]
	zihongz@google.com Zihong Zheng: [0, 0]
	jinxu@google.com Jing Xu: [0, 0]
	ricky.pai@airbnb.com Ricky Pai: [0, 0]
	sross@redhat.com Solly Ross: [0, 0]
	shyamjvs@google.com Shyam Jeedigunta: [1, 0]
	nicksardo@google.com Nick Sardo: [1, 0]
	chiachenk@google.com Janet Kuo: [0, 0]
	thockin@google.com Tim Hockin: [0, 0]
	caosf.fnst@cn.fujitsu.com Cao Shufeng: [2, 9]
	mtaufen@google.com Michael Taufen: [9, 9]
	jacobsimpson@google.com Jacob Simpson: [1, 0]
	393926893@qq.com zhengjiajin: [0, 0]
	wfender@google.com Walter Fender: [1, 0]
	chenr.fnst@cn.fujitsu.com xilabao: [3, 0]
	eric.chiang.m@gmail.com Eric Chiang: [2, 0]
	haowang@redhat.com Haoran Wang: [2, 0]
	hchen@redhat.com Huamin Chen: [1, 0]
	cjcullen@google.com CJ Cullen: [1, 0]
	ahmetb@google.com Ahmet Alp Balkan: [0, 0]
	campbellalex@google.com Alexander Campbell: [21, 0]
	danw@redhat.com Dan Winship: [0, 0]
	bowei@google.com Bowei Du: [10, 0]
	artmr@lsd.ufcg.edu.br Arthur Miranda: [3, 0]
	msau@google.com Michelle Au: [0, 0]
	andy.goldstein@gmail.com Andy Goldstein: [3, 0]
	marun@redhat.com Maru Newby: [3, 0]
	shiywang@redhat.com Shiyang Wang: [4, 0]
	henrique@lsd.ufcg.edu.br Henrique Truta: [0, 0]
	mkargaki@redhat.com Michail Kargakis: [0, 0]
	bdontu@vmware.com System Administrator: [0, 0]
	timothysc@gmail.com Timothy St. Clair: [2, 116]
	jamie.hannaford@rackspace.com Jamie Hannaford: [0, 0]
	taotaotheripper@gmail.com Random-Liu: [1, 0]
	bburns@google.com Brendan Burns: [0, 0]
	nikhiljindal@google.com nikhiljindal: [0, 0]
	nislamov@atlassian.com Nail Islamov: [0, 0]
	verb@google.com Lee Verberne: [2, 1]
	sid@rancher.com wlan0: [1, 0]
	derekmcquay@gmail.com Derek McQuay: [1, 1]
	jsafrane@redhat.com Jan Safranek: [1, 0]
	ryeterrell@ryeterrell.net Rye Terrell: [2, 2]
	bsalamat@google.com Bobby Salamat: [3, 0]
	maszulik@redhat.com Maciej Szulik: [0, 0]
	chupman@us.ibm.com Chris Hupman: [0, 0]
	andrew@wattpad.com andrewsykim: [0, 0]
	dima.shmakov87@gmail.com Dmitry1987: [2, 0]
	supermouselyh@hotmail.com Lou Yihua: [0, 0]
	michael.fraenkel@gmail.com Michael Fraenkel: [1, 0]
ui 10 6
	mikedanese@google.com Mike Danese: [7, 6]
	jgrafton@google.com Jeff Grafton: [3, 0]
build 1899 2166
	ccoleman@redhat.com Clayton Coleman: [1, 1]
	mikedanese@google.com Mike Danese: [1414, 1781]
	wojtekt@google.com Wojciech Tyczynski: [3, 3]
	admin@toph.ca Christoph Blecker: [2, 2]
	lucas@weave.works Lucas Käldström: [6, 47]
	stclair@google.com Tim St. Clair: [129, 4]
	dashpole@google.com David Ashpole: [2, 0]
	shyamjvs@google.com Shyam Jeedigunta: [0, 0]
	nicksardo@google.com Nick Sardo: [10, 0]
	qlee@google.com Quintin Lee: [4, 0]
	thockin@google.com Tim Hockin: [2, 0]
	mtaufen@google.com Michael Taufen: [58, 2]
	vmik@google.com Mik Vyatskov: [0, 6]
	shashidhara.td@huawei.com shashidharatd: [1, 50]
	jgrafton@google.com Jeff Grafton: [3, 3]
	vishnuk@google.com Vishnu kannan: [57, 0]
	dnardo@google.com Daniel Nardo: [3, 0]
	wfender@google.com Walter Fender: [2, 0]
	kumaraji@google.com Ajit Kumar: [7, 2]
	zhao.xiangpeng@zte.com.cn xiangpengzhao: [2, 2]
	cjcullen@google.com CJ Cullen: [8, 0]
	stanislaw.szydlo@intel.com Stanisław Szydło: [1, 1]
	bowei@google.com Bowei Du: [19, 6]
	andy.goldstein@gmail.com Andy Goldstein: [10, 0]
	timothysc@gmail.com Timothy St. Clair: [0, 138]
	kb@itsvit.org kb@itsvit.org: [2, 2]
	aleksandram@google.com Aleksandra Malinowska: [2, 0]
	casey@tigera.io Casey Davenport: [17, 19]
	sky.captin@gmail.com Werner: [2, 1]
	nikhiljindal@google.com nikhiljindal: [1, 0]
	george.kraft@canonical.com George Kraft: [12, 0]
	christiankoep@gmail.com Christian Koep: [5, 5]
	pszczesniak@google.com Piotr Szczesniak: [0, 24]
	rmmh@google.com Ryan Hitchman: [29, 1]
	kos.tsakalozos@canonical.com Konstantinos Tsakalozos: [37, 25]
	mkumatag@in.ibm.com Manjunath A Kumatagi: [1, 1]
	spxtr@google.com Joe Finney: [13, 20]
	ihmccreery@google.com Isaac Hollander McCreery: [15, 13]
	mbruzek@gmail.com Matt Bruzek: [12, 4]
	runcom@redhat.com Antonio Murdaca: [5, 1]
	837829664@qq.com timchenxiaoyu: [2, 2]
translation 7166 361
	gkuncoro@vmware.com Giri Kuncoro: [93, 1]
	chenr.fnst@cn.fujitsu.com xilabao: [3, 5]
	shiywang@redhat.com Shiyang Wang: [90, 1]
	bburns@google.com Brendan Burns: [6980, 354]
devel-doc 129425 107121
code 5192 5481
unknown 265373 125363
documentation 34784 34834
ui 10 6
build 1899 2166
translation 7166 361
