Filter on "^vendor/|/vendor/"
open output file /Users/lukasz/dev/cncf/gitdm/output_strict_numstat.csv

yarntime@163.com is an author name, probably not what you want
(Unknown) unknown@hacker.net Unknown hacker
Google saadali@google.com saadali
	code [13, 28]
	unknown [114, 248]
	devel-doc [828, 380]
	documentation [1, 0]
	build [0, 9]
Google jsz@google.com Jerzy Szczepkowski
	unknown [589, 105]
	devel-doc [32, 4]
	code [416, 125]
	build [76, 2]
	documentation [1, 1]
Google stclair@google.com Tim St. Clair
	unknown [4825, 2849]
	devel-doc [605, 2311]
	code [3, 3]
Google jinxu@google.com Jing Xu
	unknown [2225, 570]
	devel-doc [8, 0]
	code [28, 3]
	build [5, 5]
	documentation [1, 0]
Google mehdy@google.com mbohlool
	code [2477, 2223]
	unknown [97720, 48750]
	devel-doc [6, 2]
	documentation [0, 0]
	build [117, 15]
Google spxtr@google.com Joe Finney
	unknown [298, 574]
	code [0, 85]
Red Hat sjenning@redhat.com Seth Jennings
	unknown [774, 104]
	devel-doc [2, 0]
Google mwielgus@google.com Marcin Wielgus
	code [7, 7]
	unknown [17270, 2329]
	devel-doc [500, 239]
	documentation [22, 0]
	build [0, 0]
Google thockin@google.com Tim Hockin
	unknown [230, 12661]
	devel-doc [31, 2851]
	code [4, 109]
	build [114, 57]
	documentation [1, 0]
Red Hat jliggitt@redhat.com Jordan Liggitt
	unknown [3034, 1100]
	devel-doc [231, 28]
	code [50, 2]
	documentation [3, 0]
Red Hat decarr@redhat.com Derek Carr
	code [14, 1]
	unknown [2263, 661]
	devel-doc [16, 2]
	documentation [2, 0]
Red Hat mkargaki@redhat.com Michail Kargakis
	unknown [3825, 1380]
	devel-doc [4, 0]
	code [19, 3]
	build [8, 0]
	documentation [0, 0]
Red Hat deads@redhat.com deads2k
	devel-doc [405, 4191]
	code [270, 496]
	unknown [21119, 51312]
	image [0, 2]
	documentation [6, 1]
	build [5, 1]
Google madhusudancs@google.com Madhusudan.C.S
	code [30, 15]
	unknown [3986, 486]
	devel-doc [254, 23]
	documentation [6, 0]
	build [46, 2]
(Unknown) ttsujika@zlab.co.jp Tatsuhiro Tsujikawa
	unknown [4, 0]
Google dawnchen@google.com Dawn Chen
	unknown [61, 16]
	code [20, 3]
	build [1, 0]
Google mixia@google.com Minhan Xia
	unknown [1087, 684]
	code [1, 1]
	build [9, 6]
	documentation [5, 1]
Fujitsu caosf.fnst@cn.fujitsu.com Cao Shufeng
	unknown [24, 1]
Google mikedanese@google.com Mike Danese
	unknown [2137, 1156]
	devel-doc [33492, 1358]
	code [254, 61]
	build [14, 6]
	documentation [9, 0]
Google zihongz@google.com Zihong Zheng
	unknown [949, 437]
	devel-doc [104, 79]
	code [266, 608]
	build [84, 91]
Intel alexander.kanevskiy@intel.com Alexander Kanevskiy
	unknown [56, 20]
	devel-doc [1, 1]
Google jgrafton@google.com Jeff Grafton
	unknown [16, 9]
	devel-doc [3, 3]
	code [589, 245]
Net EASE 网易有态度 yarntime@163.com yarntime@163.com
	unknown [279, 3]
	devel-doc [13, 0]
Google ramanathana@google.com Anirudh
	unknown [1058, 618]
	devel-doc [6, 198]
Google mengqiy@google.com ymqytw
	unknown [6368, 5525]
	devel-doc [119, 47]
	code [73, 11]
	build [1, 1]
	documentation [28, 0]
Google mtaufen@google.com Michael Taufen
	unknown [684, 334]
	devel-doc [15, 2]
	code [40, 14]
	build [6, 4]
	documentation [1, 0]
Google beeps@google.com bprashanth
	unknown [2855, 1260]
	devel-doc [16, 6]
	code [47, 6]
	build [3, 1]
Google rkouj@google.com rkouj
	unknown [360, 49]
	devel-doc [1, 0]
	documentation [1, 0]
	build [1, 0]
Google wojtekt@google.com Wojciech Tyczynski
	unknown [2621, 2054]
	devel-doc [26, 7]
	code [667, 233]
	build [101, 36]
	documentation [3, 2]
Google chiachenk@google.com Janet Kuo
	code [17, 17]
	unknown [6583, 3724]
	devel-doc [142, 146]
	documentation [0, 0]
	build [0, 0]
Self taotaotheripper@gmail.com Random-Liu
	unknown [7227, 2680]
	devel-doc [97, 7]
	code [266, 46]
	build [64, 0]
	documentation [3, 1]
Google yjhong@google.com Yu-Ju Hong
	unknown [3652, 1781]
	devel-doc [32, 0]
	code [3, 4]
	build [26, 5]
	documentation [3, 2]
Google robertbailey@google.com Robert Bailey
	code [25, 9]
	build [1, 1]
VMware miaol@vmware.com Miao Luo
	code [5, 5]
	unknown [2486, 75]
	devel-doc [260, 1]
	documentation [0, 0]
Google rfranken@google.com Rob Franken
	unknown [3, 3]
Google nikhiljindal@google.com nikhiljindal
	unknown [2331, 540]
	devel-doc [51, 1]
	code [7, 0]
Google bryk@google.com bryk
	unknown [10, 10]
Red Hat ccoleman@redhat.com Clayton Coleman
	unknown [11745, 4150]
	devel-doc [211, 13]
	code [29, 20]
	build [142, 2]
	documentation [0, 0]
Google pszczesniak@google.com Piotr Szczesniak
	unknown [243, 9298]
	devel-doc [3, 15]
	code [1, 26]
	build [4, 4]
CoreOS hongchaodeng1@gmail.com Hongchao Deng
	unknown [1099, 589]
	devel-doc [46, 0]
	code [1, 1]
	documentation [1, 0]
Google krousey@google.com Kris
	unknown [79, 63]
Google vmik@google.com Mik Vyatskov
	unknown [806, 627]
	devel-doc [57, 0]
	code [18, 8]
	build [169, 43]
	documentation [5, 3]
Google gmarek@google.com gmarek
	unknown [4956, 3904]
	devel-doc [53, 20]
	code [264, 77]
	build [22, 14]
	documentation [2, 0]
Google bowei@google.com Bowei Du
	unknown [2623, 538]
	devel-doc [199, 4]
	code [175, 8]
	build [79, 5]
	documentation [5, 2]
Google jeffml@google.com Jeff Lowdermilk
	unknown [452, 36]
	devel-doc [10, 0]
Smile Open Source Solutions metal3d@gmail.com Patrice Ferlet
	unknown [1, 1]
Mirantis yashulyak@gmail.com Dmitry Shulyak
	unknown [336, 26]
	devel-doc [3, 0]
	code [5, 0]
	documentation [1, 0]
Microsoft bburns@google.com Brendan Burns
	unknown [1141, 91]
	devel-doc [95, 0]
	documentation [3, 0]
Red Hat maszulik@redhat.com Maciej Szulik
	unknown [2467, 1364]
	devel-doc [13, 10]
	documentation [0, 0]
Hyper.sh harryz@hyper.sh Harry Zhang
	unknown [745, 114]
	devel-doc [5, 22]
Net EASE 网易有态度 coolhzb@163.com AdoHe
	unknown [1252, 963]
	code [3, 0]
Hyper.sh feiskyer@gmail.com Pengfei Ni
	unknown [4518, 1607]
	devel-doc [8, 0]
	code [1, 1]
Embedded Systems, ECE apelisse@gmail.com Antoine Pelisse
	unknown [781, 936]
Red Hat bchilds@redhat.com childsb
	unknown [5, 14]
	devel-doc [0, 1]
Google dashpole@google.com David Ashpole
	unknown [1030, 547]
	devel-doc [1, 0]
	code [4, 14]
Fujitsu lukasz.zajaczkowski@ts.fujitsu.com Lukasz Zajaczkowski
	unknown [53, 0]
	code [1, 1]
Fujitsu sebastian.florek@ts.fujitsu.com Sebastian Florek
	unknown [71, 0]
Google marcin@owsiany.pl Marcin Owsiany
	unknown [2, 2]
Google rayt@google.com Ray Tsang
	unknown [5, 5]
Bitnami runseb@gmail.com sebgoa
	unknown [4, 160]
	devel-doc [97, 200]
	image [0, 0]
ZTE Corporation zhao.xiangpeng@zte.com.cn xiangpengzhao
	unknown [5, 5]
	documentation [0, 0]
Google fejta@google.com Erick Fejta
	unknown [126, 142]
	code [21, 63]
Red Hat hchiramm@redhat.com Humble Chirammal
	unknown [187, 71]
	devel-doc [35, 30]
IBM dims@linux.vnet.ibm.com Davanum Srinivas
	unknown [480, 167]
	devel-doc [1267, 7]
	code [73, 18]
	documentation [1, 0]
Google mml@google.com Matt Liggett
	unknown [421, 168]
	code [8, 6]
	documentation [0, 0]
Google mjog@google.com Mandar U Jog
	unknown [36, 7]
Microsoft cole.mickens@gmail.com Cole Mickens
	unknown [63, 30]
	code [17, 22]
Google etune@google.com Eric Tune
	devel-doc [1, 0]
	code [1, 1]
Intel jakub.dlugolecki@intel.com Dlugolecki, Jakub
	unknown [3, 6]
	devel-doc [0, 1]
Red Hat jsafrane@redhat.com Jan Safranek
	unknown [2135, 836]
	devel-doc [23, 15]
	code [1, 1]
Huawei wangzefeng@huawei.com Kevin
	unknown [223, 102]
Red Hat dma@redhat.com mdshuai
	unknown [6, 6]
	code [3, 3]
	build [1, 1]
Huawei shashidhara.td@huawei.com shashidharatd
	unknown [620, 250]
	code [2, 1]
Google vishnuk@google.com Vishnu kannan
	code [117, 24]
	unknown [565, 330]
	devel-doc [12, 1]
	documentation [11, 4]
	build [99, 23]
CoreOS euan.kemp@coreos.com Euan Kemp
	unknown [538, 295]
	code [29, 13]
	build [2, 2]
FathomDB justin@fathomdb.com Justin Santa Barbara
	code [7, 7]
	unknown [2224, 1373]
	devel-doc [29, 509]
	documentation [2, 0]
	build [4, 19]
(Unknown) leitzler@gmail.com Pontus Leitzler
	unknown [1, 1]
Red Hat pweil@redhat.com pweil-
	unknown [1523, 33]
	devel-doc [224, 0]
	code [10, 4]
IBM klaus1982.cn@gmail.com Klaus Ma
	unknown [332, 224]
	devel-doc [2, 1]
	code [92, 7]
Google acidburn@google.com Jess Frazelle
	unknown [59, 58]
	devel-doc [987, 622]
	code [29, 18]
	build [71, 68]
Google cjcullen@google.com CJ Cullen
	unknown [6, 3]
Pressly vojtech.vitek@gmail.com Vojtech Vitek
	devel-doc [1, 1]
CoreOS brandon.philips@coreos.com Brandon Philips
	unknown [42, 83]
	devel-doc [14, 258]
	documentation [0, 0]
Red Hat ffranz@redhat.com Fabiano Franz
	unknown [1435, 656]
	devel-doc [58, 0]
	code [40, 0]
Self jianhui.zhou@huawei.com jianhuiz
	unknown [66, 6]
	code [4, 0]
	build [4, 0]
Huawei irfan.rehman@huawei.com Irfan Ur Rehman
	unknown [30, 6]
Airbnb rickyp999@gmail.com Ricky Pai
	unknown [1, 1]
CoreOS jonathan.boulle@coreos.com Jonathan Boulle
	unknown [281, 278]
	code [1, 1]
Jimmy Cuadra jimmy@jimmycuadra.com Jimmy Cuadra
	unknown [35, 36]
	devel-doc [55, 55]
	code [9, 9]
Red Hat sross@redhat.com Solly Ross
	unknown [1802, 540]
	devel-doc [13, 3]
Self ablock84@gmail.com Alexander Block
	unknown [2, 1]
Red Hat rcarvalh@redhat.com Rodolfo Carvalho
	unknown [75, 41]
	documentation [0, 0]
Red Hat ppospisi@redhat.com pospispa
	unknown [14, 47]
Apprenda pires@apprenda.com Paulo Pires
	unknown [4285, 571]
	devel-doc [103, 29]
Apprenda jbhurat@apprenda.com Jitendra Bhurat
	unknown [402, 38]
	devel-doc [42, 0]
Red Hat sttts@redhat.com Dr. Stefan Schimanski
	code [1, 1]
	unknown [5619, 2802]
	devel-doc [48, 66]
	documentation [1, 0]
CoreOS gyuhox@gmail.com Gyu-Ho Lee
	unknown [1, 1]
Rook lucas.kaldstrom@hotmail.co.uk Lucas Käldström
	unknown [588, 1258]
	devel-doc [3, 147]
	code [401, 11]
	build [6, 80]
	documentation [1, 7]
Tencent jungong@tencent.com Jun Gong
	unknown [2, 2]
Google foxish@users.noreply.github.com Anirudh Ramanathan
	unknown [3, 3]
	devel-doc [32, 32]
NotFound dj199008@gmail.com m1093782566
	unknown [417, 222]
	devel-doc [39, 5]
	code [1, 0]
	build [82, 19]
Google xuchao@google.com Chao Xu
	unknown [220438, 45182]
	devel-doc [4901, 2416]
	code [2052, 407]
	build [61, 2]
	documentation [440, 0]
Red Hat agoldste@redhat.com Andy Goldstein
	unknown [2258, 473]
	devel-doc [940, 88]
	code [16, 0]
	build [0, 0]
Google bdbauer@google.com Benjamin Bauer
	unknown [1282, 5]
	devel-doc [1, 0]
	documentation [0, 0]
Google joe.github@bedafamily.com Joe Beda
	unknown [168, 99]
	devel-doc [73, 67]
	code [967, 873]
	build [0, 4]
Red Hat tstclair@redhat.com Timothy St. Clair
	unknown [1046, 615]
	devel-doc [1, 0]
	documentation [1, 0]
Self stephenhsu90@gmail.com Di Xu
	unknown [46, 8]
	devel-doc [2, 0]
	documentation [1, 0]
Red Hat hchen@redhat.com Huamin Chen
	unknown [1033, 141]
	devel-doc [586, 13]
Apache jay@apache.org jayunit100
	unknown [928, 303]
	devel-doc [5170, 1027]
	code [11, 7]
	documentation [1, 0]
Red Hat jtanenba@redhat.com Jacob Tanenbaum
	unknown [350, 13]
	code [66, 13]
	documentation [3, 0]
Red Hat pmorie@redhat.com Paul Morie
	unknown [3442, 3332]
	devel-doc [1, 4]
	code [66, 49]
	build [1, 0]
Red Hat jvallejo@redhat.com juanvallejo
	unknown [699, 301]
	code [94, 0]
	documentation [1, 0]
ZTE Corporation ouyang.qinhua@zte.com.cn bruceauyeung
	unknown [43, 16]
ZTE Corporation li.guangxu@zte.com.cn guangxuli
	unknown [124, 36]
Google rmmh@google.com Ryan Hitchman
	unknown [875, 711]
	code [178, 49]
Red Hat dgoodwin@redhat.com Devan Goodwin
	unknown [1284, 237]
	devel-doc [92, 39]
	documentation [1, 0]
	build [53, 0]
HP kiall@hpe.com Kiall Mac Innes
	unknown [97, 124]
Mirantis maciej.iai@gmail.com Maciej Kwiek
	unknown [612, 533]
ZTE Corporation zhang.dongjie@zte.com.cn zdj6373
	unknown [2, 2]
Google djmm@google.com David McMahon
	unknown [0, 397]
	devel-doc [361, 205]
	code [43, 1274]
Google zml@google.com Zach Loafman
	unknown [337, 304]
	devel-doc [2, 0]
	code [164, 75]
	documentation [8, 1]
ZTE Corporation yu.peng36@zte.com.cn yupeng
	unknown [37, 37]
	devel-doc [3, 3]
	code [11, 11]
	build [1, 1]
moovel mkulke@gmail.com Magnus Kulke
	unknown [8, 5]
Google fabioy@google.com Fabio Yeon
	devel-doc [290, 194]
	build [6, 7]
Cockroach alexdwanerobinson@gmail.com Alex Robinson
	unknown [109, 30]
	devel-doc [77, 20]
	code [7, 1]
Apprenda abrand@apprenda.com Alexander Brand
	unknown [141, 427]
Red Hat cewong@redhat.com Cesar Wong
	unknown [541, 98]
Google beacham@google.com Jacob Beacham
	unknown [327, 3]
	devel-doc [30, 1]
	code [139, 0]
	build [1, 0]
	documentation [1, 0]
Self christiankoep@gmail.com Christian Koep
	unknown [43, 43]
	devel-doc [33, 33]
Viavi Solutions sergey.maslyakov@viavisolutions.com Sergey Maslyakov
	unknown [1, 1]
Red Hat mfojtik@redhat.com Michal Fojtik
	unknown [95, 67]
	devel-doc [2, 0]
	code [4, 4]
	documentation [1, 0]
Red Hat asalkeld@mirantis.com Angus Salkeld
	code [57, 7]
	unknown [1635, 922]
	devel-doc [1, 0]
	documentation [0, 0]
Capgemini jv.cyril@gmail.com Cyril Jouve
	unknown [11, 8]
(Unknown) 867919864@qq.com bulletRush
	unknown [17, 0]
	devel-doc [2, 0]
Apprenda dmcquay@apprenda.com Derek McQuay
	unknown [806, 139]
	devel-doc [24, 2]
Google pwittroc+github@google.com Phillip Wittrock
	unknown [69, 189]
	devel-doc [695, 522]
Intel connor.p.doyle@intel.com Connor Doyle
	unknown [1017, 198]
	devel-doc [2, 0]
Google filipg@google.com Filip Grzadkowski
	unknown [497, 0]
	image [0, 0]
eBay fmeng@ebay.com fmeng
	unknown [120, 10]
Fujitsu chenr.fnst@cn.fujitsu.com xilabao
	unknown [1, 1]
	code [7, 0]
Red Hat mmilata@redhat.com Martin Milata
	unknown [1, 1]
Gynzy vincent.heet@topicus.nl Vincent Heet
	unknown [4, 4]
Google bgrant0607@users.noreply.github.com Brian Grant
EasyStack nickren19@gmail.com NickrenREN
	devel-doc [1, 1]
VMware shivania@vmware.com Abrar Shivani
	unknown [261, 26]
	devel-doc [388, 1]
Mirantis ishvedunov@mirantis.com Ivan Shvedunov
	unknown [809, 1245]
	devel-doc [4, 4]
	code [2, 2]
Weaveworks errordeveloper@gmail.com Ilya Dmitrichenko
	unknown [4540, 2298]
	devel-doc [720, 111]
	documentation [35, 31]
ZTE Corporation miao.yanqiang@zte.com.cn Yanqiang Miao
	unknown [0, 25]
Red Hat jcope@redhat.com Jon Cope
	unknown [395, 315]
Mirantis lukaszoles@gmail.com Łukasz Oleś
	unknown [105, 11]
	code [25, 2]
	documentation [0, 0]
Red Hat mturansk@redhat.com markturansky
	unknown [315, 136]
Google vishh@users.noreply.github.com Vish Kannan
	unknown [393, 393]
	code [1, 1]
	build [2, 3]
	documentation [8, 8]
Google lantaol@google.com Random Liu
	unknown [580, 279]
Red Hat jchaloup@redhat.com Jan Chaloupka
	unknown [2571, 2390]
Intel michal.zylowski@intel.com Michał Żyłowski
	unknown [5, 1]
	build [1, 1]
VMware sritesh@vmware.com Ritesh H Shukla
	unknown [3, 3]
	devel-doc [4, 4]
	code [134, 29]
	documentation [2, 0]
(Unknown) i.mikushin@gmail.com Ivan Mikushin
	unknown [0, 1]
Google mrick@google.com Matt Rickard
	unknown [27, 17]
	build [1, 4]
Zalando m@moscar.net Mikkel Oscar Lyderik
	unknown [3, 0]
Red Hat avagarwa@redhat.com Avesh Agarwal
	unknown [700, 21]
	devel-doc [1, 1]
IBM mbauer@us.ibm.com Morgan Bauer
	unknown [13, 8]
(Unknown) wojtut01@stepstone.com Tomasz Wojtuń
	build [1, 1]
Google maisem@google.com Maisem Ali
	unknown [31, 22]
	code [3, 3]
	documentation [1, 0]
Red Hat eparis@redhat.com Eric Paris
	unknown [1, 2]
	code [15, 16]
	build [4, 4]
Google krousey@users.noreply.github.com krousey
	code [2, 4]
Treasure Data eduardo@treasure-data.com Eduardo Silva
	unknown [2, 0]
Walt Disney justinleegarrison@gmail.com Justin Garrison
	build [1, 1]
Hewlett Packard davideagnello@gmail.com Davide Agnello
	unknown [167, 102]
Red Hat dcbw@redhat.com Dan Williams
	unknown [9, 5]
CNCF dan@dankohn.com Dan Kohn
	unknown [1, 54]
Red Hat mawong@redhat.com Matthew Wong
	unknown [3546, 317]
	code [1, 1]
Red Hat screeley@redhat.com Scott Creeley
	unknown [300, 164]
Allegro mrostecki@mirantis.com Michal Rostecki
	unknown [1, 1]
	code [14, 0]
Self rodrigo@sdfg.com.ar Rodrigo Campos
	unknown [151, 177]
Carrot Creative slang800@gmail.com Sean Lang
	devel-doc [1, 1]
(Unknown) walter.david@gmail.com davidwalter0
	unknown [1, 1]
Mirantis pskamruk@mirantis.com Piotr Skamruk
	unknown [6, 0]
	code [13, 6]
Amadeus salvatore-dario.minonne@amadeus.com Salvatore Dario Minonne
	unknown [99, 0]
(Unknown) jansel0@gmail.com Jason Ansel
	code [1, 1]
IBM mspreitz@us.ibm.com Mike Spreitzer
	code [29, 9]
Mirantis pigmej@gmail.com Jędrzej Nowak
	unknown [72, 72]
CERN mathieu.velten@cern.ch Mathieu Velten
	unknown [92, 71]
	devel-doc [199, 0]
Google davidopp@google.com David Oppenheimer
	unknown [42, 292]
(Unknown) jm.carp@gmail.com Joshua Carp
	unknown [36, 18]
HP graham.hayes@hpe.com Graham Hayes
	unknown [272, 31]
	devel-doc [398, 0]
Fujitsu atanas.mirchev@est.fujitsu.com Atanas Mirchev
	unknown [241, 126]
Google quinton@google.com Quinton Hoole
	unknown [720, 213]
	devel-doc [26, 7]
(Unknown) pskieu@gmail.com Phu Kieu
	unknown [11, 2]
Mirantis ikhudoshyn@mirantis.com Illia Khudoshyn
	unknown [76, 27]
Cisco xiaoquwl@gmail.com Peng Xiao
	unknown [1, 1]
CoreOS colin.hom@coreos.com Colin Hom
	unknown [3, 1]
	code [112, 49]
CoreOS yifan.gu@coreos.com Yifan Gu
	unknown [696, 513]
	documentation [3, 3]
CNM Consulting clove@cnmconsulting.net chrislovecnm
	unknown [545, 151]
	devel-doc [347, 69]
	code [152, 67]
	build [7, 5]
	documentation [5, 3]
Intel elson.rodriguez@gmail.com Elson Rodriguez
	unknown [60, 20]
	devel-doc [151, 47]
ocadotechnology mike@mikebryant.me.uk Mike Bryant
	unknown [10, 1]
ZTE Corporation wang.yuexiao@zte.com.cn yuexiao-wang
	devel-doc [2, 2]
	build [2, 0]
(Unknown) zhaohuizhi@gmail.com Hui-Zhi
	unknown [10, 1]
Canonical chuck@dasroot.net Charles Butler
	unknown [12, 0]
	code [1, 1]
DigitalOcean mac@digitalocean.com Mac Browning
	unknown [7, 7]
Google adityakali@google.com Aditya Kali
	unknown [1, 1]
	devel-doc [7, 2]
	code [2, 2]
	build [8, 0]
aporeto-inc bernard@bvandewa.com Bernard Van De Walle
	code [1, 1]
Red Hat gethemant@gmail.com Hemant Kumar
	unknown [6, 1]
Mayflower GmbH robin.gloster@mayflower.de Robin Gloster
	unknown [1, 1]
CoreOS xiangli.cs@gmail.com Xiang Li
	unknown [2, 2]
Bulletproof gus@inodes.org Angus Lees
	unknown [269, 56]
Eficode markus.suonto@eficode.com Markus Suonto
	unknown [336, 84]
Mirantis eli@mirantis.com Evgeny L
	unknown [150, 32]
	devel-doc [2, 2]
	documentation [11, 1]
HP kokhang@gmail.com Steve Leon
	unknown [54, 39]
Red Hat vsemushi@redhat.com Slava Semushin
	unknown [2, 2]
Aperian Global aaronjlevy@gmail.com Aaron Levy
	unknown [1, 1]
	devel-doc [1, 1]
	build [1, 0]
Self zachaller@hotmail.com Zach Aller
	unknown [2, 2]
Luke Marsden me@lukemarsden.net Luke Marsden
	unknown [314, 8]
IBM dug@us.ibm.com Doug Davis
	unknown [85, 87]
	devel-doc [67, 65]
	code [1, 1]
	documentation [39, 28]
Self sander@xanzy.io Sander van Harmelen
	unknown [14, 15]
Cisco aanm90@gmail.com André Martins
	code [3, 2]
	documentation [1, 1]
ZTE Corporation zhang.ke106@zte.com.cn Ke Zhang
	unknown [134, 85]
vipshop optimuswu8685@gmail.com wu8685
	unknown [655, 225]
ZTE Corporation lu.zhenxing@zte.com.cn lojies
	unknown [86, 64]
Comcast sean@coreitpro.com Sean M. Collins
	unknown [1, 41]
(Unknown) oz.tiram@mobilityhouse.com Oz N Tiram
	unknown [1, 1]
Jetstack simon@swine.de Christian Simon
	unknown [1069, 322]
	devel-doc [2, 2]
	documentation [0, 0]
IBM mkumatag@in.ibm.com Manjunath A Kumatagi
	unknown [67, 12]
	code [7, 1]
	documentation [15, 0]
(Unknown) yancey1989@gmail.com Yancey1989
	build [2, 2]
Google grosskur@google.com Alan Grosskurth
	unknown [11, 6]
	documentation [1, 0]
Samsung spiffxp@gmail.com Aaron Crickenberger
	devel-doc [133, 0]
Blizzard jackson.coakley@gmail.com hacktastic
	unknown [3, 21]
Google dbsmith@google.com Daniel Smith
	unknown [704, 5951]
	devel-doc [1906, 119]
	code [73, 47]
CoreOS eric.chiang.m@gmail.com Eric Chiang
	unknown [40, 16]
Shopify philibert.dugas@gmail.com Philibert Dugas
	unknown [27, 22]
Fujitsu marcin.maciaszczyk@ts.fujitsu.com Marcin Maciaszczyk
	unknown [0, 89]
	documentation [0, 3]
Mirantis spyzalski@mirantis.com Szymon Pyżalski
	unknown [3, 5]
Huawei pengjingtian@huawei.com Jingtian Peng
	code [1, 1]
SalesForce mayank.kumar@salesforce.com Mayank Kumar
	unknown [3, 3]
Google ameyd@google.com Amey Deshpande
	unknown [1, 1]
	code [2, 2]
Net EASE 网易有态度 xiaoping378@163.com xiaoping378
	unknown [1, 0]
ZTE Corporation wang.ping5@zte.com.cn PingWang
	unknown [195, 145]
Huawei dujun5@huawei.com d00369826
	unknown [139, 119]
(Unknown) anthony.elizondo@gmail.com Anthony Elizondo
	unknown [6, 6]
inovex GmbH johannes.scheuermann@inovex.de Johannes Scheuermann
	unknown [376, 20]
	devel-doc [130, 6]
(Unknown) tom@haddons.net Tom Haddon
	unknown [2, 2]
IBM haih@us.ibm.com Hai Huang
	unknown [1, 1]
EVRY hans@starefossen.com Hans Kristian Flaatten
	devel-doc [1, 1]
Google zhoufang@google.com Zhou Fang
	unknown [193, 96]
(Unknown) adi.ofry@gmail.com Adi Ofry
	unknown [1, 0]
Red Hat jbieren@redhat.com Johnny Bieren
	unknown [4, 4]
Net EASE 网易有态度 feixiaoboy@163.com Harry Fei
	unknown [1, 0]
RealNames ilya@lebedev.net Ilya WingedFox Lebedev
	code [12, 6]
Google magorzata@google.com mksalawa
	unknown [2, 1]
Weaveworks bryan@weave.works Bryan Boreham
	unknown [48, 23]
	documentation [2, 0]
	build [5, 1]
OPES Software derek.mahar@gmail.com Derek Mahar
	devel-doc [1, 1]
(Unknown) nrkfeller@gmail.com Nicolas Feller
	devel-doc [1, 1]
Intel jacek.lakis@intel.com Jacek J. Łakis
	unknown [26, 6]
Google jrhoak@gmail.com Josh Hoak
	unknown [1, 1]
	devel-doc [1, 1]
Red Hat sdodson@redhat.com Scott Dodson
	code [1, 1]
Google gkalele@google.com Girish Kalele
	unknown [449, 29]
eBay zhouhaibing089@gmail.com zhouhaibing089
	unknown [7, 1]
IBM fraenkel@us.ibm.com Michael Fraenkel
	unknown [212, 277]
	code [9, 0]
Yahoo takashi.kusumi@gmail.com Takashi Kusumi
	unknown [3, 3]
Huawei kaveh.shafiee@huawei.com kshafiee
	unknown [122, 25]
(Unknown) martin@mwl.dk Martin Westergaard Lassen
	code [2, 2]
Docker github@hollensbe.org Erik Hollensbe
	unknown [6, 2]
IBM kalexandra@us.ibm.com Kara Alexandra
	unknown [56, 29]
Canonical matthew.bruzek@canonical.com Matt Bruzek
	unknown [2, 2]
	devel-doc [5, 3]
(Unknown) mehdy@users.noreply.github.com mehdy
	unknown [3, 2]
(Unknown) andrew@areed.io Andrew Reed
	unknown [146, 3]
Red Hat jvance@redhat.com Jeff Vance
	unknown [2, 2]
	devel-doc [52, 2]
(Unknown) emve.dev@yandex.ru Vladi
	unknown [3, 0]
Self contact@tmrts.com Tamer Tas
	unknown [251, 248]
(Unknown) argregoryian@gmail.com Gregory Ian
	code [2, 2]
Lazada Group pliutau.aliaksandr@lazada.com Aliaksandr Pliutau
	unknown [6, 5]
Palantir Technologies bmoylan@palantir.com Brad Moylan
	code [16, 7]
Jaconda ant.mironov@gmail.com Anton Mironov
	unknown [70, 42]
	code [5, 4]
(Unknown) lparam@users.noreply.github.com lparam
	code [1, 0]
devel-doc 58929 19042
	Google saadali@google.com saadali: [828, 380]
	Google jsz@google.com Jerzy Szczepkowski: [32, 4]
	Google stclair@google.com Tim St. Clair: [605, 2311]
	Google jinxu@google.com Jing Xu: [8, 0]
	Google mehdy@google.com mbohlool: [6, 2]
	Red Hat sjenning@redhat.com Seth Jennings: [2, 0]
	Google mwielgus@google.com Marcin Wielgus: [500, 239]
	Google thockin@google.com Tim Hockin: [31, 2851]
	Red Hat jliggitt@redhat.com Jordan Liggitt: [231, 28]
	Red Hat decarr@redhat.com Derek Carr: [16, 2]
	Red Hat mkargaki@redhat.com Michail Kargakis: [4, 0]
	Red Hat deads@redhat.com deads2k: [405, 4191]
	Google madhusudancs@google.com Madhusudan.C.S: [254, 23]
	Google mikedanese@google.com Mike Danese: [33492, 1358]
	Google zihongz@google.com Zihong Zheng: [104, 79]
	Intel alexander.kanevskiy@intel.com Alexander Kanevskiy: [1, 1]
	Google jgrafton@google.com Jeff Grafton: [3, 3]
	Net EASE 网易有态度 yarntime@163.com yarntime@163.com: [13, 0]
	Google ramanathana@google.com Anirudh: [6, 198]
	Google mengqiy@google.com ymqytw: [119, 47]
	Google mtaufen@google.com Michael Taufen: [15, 2]
	Google beeps@google.com bprashanth: [16, 6]
	Google rkouj@google.com rkouj: [1, 0]
	Google wojtekt@google.com Wojciech Tyczynski: [26, 7]
	Google chiachenk@google.com Janet Kuo: [142, 146]
	Self taotaotheripper@gmail.com Random-Liu: [97, 7]
	Google yjhong@google.com Yu-Ju Hong: [32, 0]
	VMware miaol@vmware.com Miao Luo: [260, 1]
	Google nikhiljindal@google.com nikhiljindal: [51, 1]
	Red Hat ccoleman@redhat.com Clayton Coleman: [211, 13]
	Google pszczesniak@google.com Piotr Szczesniak: [3, 15]
	CoreOS hongchaodeng1@gmail.com Hongchao Deng: [46, 0]
	Google vmik@google.com Mik Vyatskov: [57, 0]
	Google gmarek@google.com gmarek: [53, 20]
	Google bowei@google.com Bowei Du: [199, 4]
	Google jeffml@google.com Jeff Lowdermilk: [10, 0]
	Mirantis yashulyak@gmail.com Dmitry Shulyak: [3, 0]
	Microsoft bburns@google.com Brendan Burns: [95, 0]
	Red Hat maszulik@redhat.com Maciej Szulik: [13, 10]
	Hyper.sh harryz@hyper.sh Harry Zhang: [5, 22]
	Hyper.sh feiskyer@gmail.com Pengfei Ni: [8, 0]
	Red Hat bchilds@redhat.com childsb: [0, 1]
	Google dashpole@google.com David Ashpole: [1, 0]
	Bitnami runseb@gmail.com sebgoa: [97, 200]
	Red Hat hchiramm@redhat.com Humble Chirammal: [35, 30]
	IBM dims@linux.vnet.ibm.com Davanum Srinivas: [1267, 7]
	Google etune@google.com Eric Tune: [1, 0]
	Intel jakub.dlugolecki@intel.com Dlugolecki, Jakub: [0, 1]
	Red Hat jsafrane@redhat.com Jan Safranek: [23, 15]
	Google vishnuk@google.com Vishnu kannan: [12, 1]
	FathomDB justin@fathomdb.com Justin Santa Barbara: [29, 509]
	Red Hat pweil@redhat.com pweil-: [224, 0]
	IBM klaus1982.cn@gmail.com Klaus Ma: [2, 1]
	Google acidburn@google.com Jess Frazelle: [987, 622]
	Pressly vojtech.vitek@gmail.com Vojtech Vitek: [1, 1]
	CoreOS brandon.philips@coreos.com Brandon Philips: [14, 258]
	Red Hat ffranz@redhat.com Fabiano Franz: [58, 0]
	Jimmy Cuadra jimmy@jimmycuadra.com Jimmy Cuadra: [55, 55]
	Red Hat sross@redhat.com Solly Ross: [13, 3]
	Apprenda pires@apprenda.com Paulo Pires: [103, 29]
	Apprenda jbhurat@apprenda.com Jitendra Bhurat: [42, 0]
	Red Hat sttts@redhat.com Dr. Stefan Schimanski: [48, 66]
	Rook lucas.kaldstrom@hotmail.co.uk Lucas Käldström: [3, 147]
	Google foxish@users.noreply.github.com Anirudh Ramanathan: [32, 32]
	NotFound dj199008@gmail.com m1093782566: [39, 5]
	Google xuchao@google.com Chao Xu: [4901, 2416]
	Red Hat agoldste@redhat.com Andy Goldstein: [940, 88]
	Google bdbauer@google.com Benjamin Bauer: [1, 0]
	Google joe.github@bedafamily.com Joe Beda: [73, 67]
	Red Hat tstclair@redhat.com Timothy St. Clair: [1, 0]
	Self stephenhsu90@gmail.com Di Xu: [2, 0]
	Red Hat hchen@redhat.com Huamin Chen: [586, 13]
	Apache jay@apache.org jayunit100: [5170, 1027]
	Red Hat pmorie@redhat.com Paul Morie: [1, 4]
	Red Hat dgoodwin@redhat.com Devan Goodwin: [92, 39]
	Google djmm@google.com David McMahon: [361, 205]
	Google zml@google.com Zach Loafman: [2, 0]
	ZTE Corporation yu.peng36@zte.com.cn yupeng: [3, 3]
	Google fabioy@google.com Fabio Yeon: [290, 194]
	Cockroach alexdwanerobinson@gmail.com Alex Robinson: [77, 20]
	Google beacham@google.com Jacob Beacham: [30, 1]
	Self christiankoep@gmail.com Christian Koep: [33, 33]
	Red Hat mfojtik@redhat.com Michal Fojtik: [2, 0]
	Red Hat asalkeld@mirantis.com Angus Salkeld: [1, 0]
	(Unknown) 867919864@qq.com bulletRush: [2, 0]
	Apprenda dmcquay@apprenda.com Derek McQuay: [24, 2]
	Google pwittroc+github@google.com Phillip Wittrock: [695, 522]
	Intel connor.p.doyle@intel.com Connor Doyle: [2, 0]
	EasyStack nickren19@gmail.com NickrenREN: [1, 1]
	VMware shivania@vmware.com Abrar Shivani: [388, 1]
	Mirantis ishvedunov@mirantis.com Ivan Shvedunov: [4, 4]
	Weaveworks errordeveloper@gmail.com Ilya Dmitrichenko: [720, 111]
	VMware sritesh@vmware.com Ritesh H Shukla: [4, 4]
	Red Hat avagarwa@redhat.com Avesh Agarwal: [1, 1]
	Carrot Creative slang800@gmail.com Sean Lang: [1, 1]
	CERN mathieu.velten@cern.ch Mathieu Velten: [199, 0]
	HP graham.hayes@hpe.com Graham Hayes: [398, 0]
	Google quinton@google.com Quinton Hoole: [26, 7]
	CNM Consulting clove@cnmconsulting.net chrislovecnm: [347, 69]
	Intel elson.rodriguez@gmail.com Elson Rodriguez: [151, 47]
	ZTE Corporation wang.yuexiao@zte.com.cn yuexiao-wang: [2, 2]
	Google adityakali@google.com Aditya Kali: [7, 2]
	Mirantis eli@mirantis.com Evgeny L: [2, 2]
	Aperian Global aaronjlevy@gmail.com Aaron Levy: [1, 1]
	IBM dug@us.ibm.com Doug Davis: [67, 65]
	Jetstack simon@swine.de Christian Simon: [2, 2]
	Samsung spiffxp@gmail.com Aaron Crickenberger: [133, 0]
	Google dbsmith@google.com Daniel Smith: [1906, 119]
	inovex GmbH johannes.scheuermann@inovex.de Johannes Scheuermann: [130, 6]
	EVRY hans@starefossen.com Hans Kristian Flaatten: [1, 1]
	OPES Software derek.mahar@gmail.com Derek Mahar: [1, 1]
	(Unknown) nrkfeller@gmail.com Nicolas Feller: [1, 1]
	Google jrhoak@gmail.com Josh Hoak: [1, 1]
	Canonical matthew.bruzek@canonical.com Matt Bruzek: [5, 3]
	Red Hat jvance@redhat.com Jeff Vance: [52, 2]
code 11505 7769
	Google saadali@google.com saadali: [13, 28]
	Google jsz@google.com Jerzy Szczepkowski: [416, 125]
	Google stclair@google.com Tim St. Clair: [3, 3]
	Google jinxu@google.com Jing Xu: [28, 3]
	Google mehdy@google.com mbohlool: [2477, 2223]
	Google spxtr@google.com Joe Finney: [0, 85]
	Google mwielgus@google.com Marcin Wielgus: [7, 7]
	Google thockin@google.com Tim Hockin: [4, 109]
	Red Hat jliggitt@redhat.com Jordan Liggitt: [50, 2]
	Red Hat decarr@redhat.com Derek Carr: [14, 1]
	Red Hat mkargaki@redhat.com Michail Kargakis: [19, 3]
	Red Hat deads@redhat.com deads2k: [270, 496]
	Google madhusudancs@google.com Madhusudan.C.S: [30, 15]
	Google dawnchen@google.com Dawn Chen: [20, 3]
	Google mixia@google.com Minhan Xia: [1, 1]
	Google mikedanese@google.com Mike Danese: [254, 61]
	Google zihongz@google.com Zihong Zheng: [266, 608]
	Google jgrafton@google.com Jeff Grafton: [589, 245]
	Google mengqiy@google.com ymqytw: [73, 11]
	Google mtaufen@google.com Michael Taufen: [40, 14]
	Google beeps@google.com bprashanth: [47, 6]
	Google wojtekt@google.com Wojciech Tyczynski: [667, 233]
	Google chiachenk@google.com Janet Kuo: [17, 17]
	Self taotaotheripper@gmail.com Random-Liu: [266, 46]
	Google yjhong@google.com Yu-Ju Hong: [3, 4]
	Google robertbailey@google.com Robert Bailey: [25, 9]
	VMware miaol@vmware.com Miao Luo: [5, 5]
	Google nikhiljindal@google.com nikhiljindal: [7, 0]
	Red Hat ccoleman@redhat.com Clayton Coleman: [29, 20]
	Google pszczesniak@google.com Piotr Szczesniak: [1, 26]
	CoreOS hongchaodeng1@gmail.com Hongchao Deng: [1, 1]
	Google vmik@google.com Mik Vyatskov: [18, 8]
	Google gmarek@google.com gmarek: [264, 77]
	Google bowei@google.com Bowei Du: [175, 8]
	Mirantis yashulyak@gmail.com Dmitry Shulyak: [5, 0]
	Net EASE 网易有态度 coolhzb@163.com AdoHe: [3, 0]
	Hyper.sh feiskyer@gmail.com Pengfei Ni: [1, 1]
	Google dashpole@google.com David Ashpole: [4, 14]
	Fujitsu lukasz.zajaczkowski@ts.fujitsu.com Lukasz Zajaczkowski: [1, 1]
	Google fejta@google.com Erick Fejta: [21, 63]
	IBM dims@linux.vnet.ibm.com Davanum Srinivas: [73, 18]
	Google mml@google.com Matt Liggett: [8, 6]
	Microsoft cole.mickens@gmail.com Cole Mickens: [17, 22]
	Google etune@google.com Eric Tune: [1, 1]
	Red Hat jsafrane@redhat.com Jan Safranek: [1, 1]
	Red Hat dma@redhat.com mdshuai: [3, 3]
	Huawei shashidhara.td@huawei.com shashidharatd: [2, 1]
	Google vishnuk@google.com Vishnu kannan: [117, 24]
	CoreOS euan.kemp@coreos.com Euan Kemp: [29, 13]
	FathomDB justin@fathomdb.com Justin Santa Barbara: [7, 7]
	Red Hat pweil@redhat.com pweil-: [10, 4]
	IBM klaus1982.cn@gmail.com Klaus Ma: [92, 7]
	Google acidburn@google.com Jess Frazelle: [29, 18]
	Red Hat ffranz@redhat.com Fabiano Franz: [40, 0]
	Self jianhui.zhou@huawei.com jianhuiz: [4, 0]
	CoreOS jonathan.boulle@coreos.com Jonathan Boulle: [1, 1]
	Jimmy Cuadra jimmy@jimmycuadra.com Jimmy Cuadra: [9, 9]
	Red Hat sttts@redhat.com Dr. Stefan Schimanski: [1, 1]
	Rook lucas.kaldstrom@hotmail.co.uk Lucas Käldström: [401, 11]
	NotFound dj199008@gmail.com m1093782566: [1, 0]
	Google xuchao@google.com Chao Xu: [2052, 407]
	Red Hat agoldste@redhat.com Andy Goldstein: [16, 0]
	Google joe.github@bedafamily.com Joe Beda: [967, 873]
	Apache jay@apache.org jayunit100: [11, 7]
	Red Hat jtanenba@redhat.com Jacob Tanenbaum: [66, 13]
	Red Hat pmorie@redhat.com Paul Morie: [66, 49]
	Red Hat jvallejo@redhat.com juanvallejo: [94, 0]
	Google rmmh@google.com Ryan Hitchman: [178, 49]
	Google djmm@google.com David McMahon: [43, 1274]
	Google zml@google.com Zach Loafman: [164, 75]
	ZTE Corporation yu.peng36@zte.com.cn yupeng: [11, 11]
	Cockroach alexdwanerobinson@gmail.com Alex Robinson: [7, 1]
	Google beacham@google.com Jacob Beacham: [139, 0]
	Red Hat mfojtik@redhat.com Michal Fojtik: [4, 4]
	Red Hat asalkeld@mirantis.com Angus Salkeld: [57, 7]
	Fujitsu chenr.fnst@cn.fujitsu.com xilabao: [7, 0]
	Mirantis ishvedunov@mirantis.com Ivan Shvedunov: [2, 2]
	Mirantis lukaszoles@gmail.com Łukasz Oleś: [25, 2]
	Google vishh@users.noreply.github.com Vish Kannan: [1, 1]
	VMware sritesh@vmware.com Ritesh H Shukla: [134, 29]
	Google maisem@google.com Maisem Ali: [3, 3]
	Red Hat eparis@redhat.com Eric Paris: [15, 16]
	Google krousey@users.noreply.github.com krousey: [2, 4]
	Red Hat mawong@redhat.com Matthew Wong: [1, 1]
	Allegro mrostecki@mirantis.com Michal Rostecki: [14, 0]
	Mirantis pskamruk@mirantis.com Piotr Skamruk: [13, 6]
	(Unknown) jansel0@gmail.com Jason Ansel: [1, 1]
	IBM mspreitz@us.ibm.com Mike Spreitzer: [29, 9]
	CoreOS colin.hom@coreos.com Colin Hom: [112, 49]
	CNM Consulting clove@cnmconsulting.net chrislovecnm: [152, 67]
	Canonical chuck@dasroot.net Charles Butler: [1, 1]
	Google adityakali@google.com Aditya Kali: [2, 2]
	aporeto-inc bernard@bvandewa.com Bernard Van De Walle: [1, 1]
	IBM dug@us.ibm.com Doug Davis: [1, 1]
	Cisco aanm90@gmail.com André Martins: [3, 2]
	IBM mkumatag@in.ibm.com Manjunath A Kumatagi: [7, 1]
	Google dbsmith@google.com Daniel Smith: [73, 47]
	Huawei pengjingtian@huawei.com Jingtian Peng: [1, 1]
	Google ameyd@google.com Amey Deshpande: [2, 2]
	RealNames ilya@lebedev.net Ilya WingedFox Lebedev: [12, 6]
	Red Hat sdodson@redhat.com Scott Dodson: [1, 1]
	IBM fraenkel@us.ibm.com Michael Fraenkel: [9, 0]
	(Unknown) martin@mwl.dk Martin Westergaard Lassen: [2, 2]
	(Unknown) argregoryian@gmail.com Gregory Ian: [2, 2]
	Palantir Technologies bmoylan@palantir.com Brad Moylan: [16, 7]
	Jaconda ant.mironov@gmail.com Anton Mironov: [5, 4]
	(Unknown) lparam@users.noreply.github.com lparam: [1, 0]
unknown 523051 252707
	Google saadali@google.com saadali: [114, 248]
	Google jsz@google.com Jerzy Szczepkowski: [589, 105]
	Google stclair@google.com Tim St. Clair: [4825, 2849]
	Google jinxu@google.com Jing Xu: [2225, 570]
	Google mehdy@google.com mbohlool: [97720, 48750]
	Google spxtr@google.com Joe Finney: [298, 574]
	Red Hat sjenning@redhat.com Seth Jennings: [774, 104]
	Google mwielgus@google.com Marcin Wielgus: [17270, 2329]
	Google thockin@google.com Tim Hockin: [230, 12661]
	Red Hat jliggitt@redhat.com Jordan Liggitt: [3034, 1100]
	Red Hat decarr@redhat.com Derek Carr: [2263, 661]
	Red Hat mkargaki@redhat.com Michail Kargakis: [3825, 1380]
	Red Hat deads@redhat.com deads2k: [21119, 51312]
	Google madhusudancs@google.com Madhusudan.C.S: [3986, 486]
	(Unknown) ttsujika@zlab.co.jp Tatsuhiro Tsujikawa: [4, 0]
	Google dawnchen@google.com Dawn Chen: [61, 16]
	Google mixia@google.com Minhan Xia: [1087, 684]
	Fujitsu caosf.fnst@cn.fujitsu.com Cao Shufeng: [24, 1]
	Google mikedanese@google.com Mike Danese: [2137, 1156]
	Google zihongz@google.com Zihong Zheng: [949, 437]
	Intel alexander.kanevskiy@intel.com Alexander Kanevskiy: [56, 20]
	Google jgrafton@google.com Jeff Grafton: [16, 9]
	Net EASE 网易有态度 yarntime@163.com yarntime@163.com: [279, 3]
	Google ramanathana@google.com Anirudh: [1058, 618]
	Google mengqiy@google.com ymqytw: [6368, 5525]
	Google mtaufen@google.com Michael Taufen: [684, 334]
	Google beeps@google.com bprashanth: [2855, 1260]
	Google rkouj@google.com rkouj: [360, 49]
	Google wojtekt@google.com Wojciech Tyczynski: [2621, 2054]
	Google chiachenk@google.com Janet Kuo: [6583, 3724]
	Self taotaotheripper@gmail.com Random-Liu: [7227, 2680]
	Google yjhong@google.com Yu-Ju Hong: [3652, 1781]
	VMware miaol@vmware.com Miao Luo: [2486, 75]
	Google rfranken@google.com Rob Franken: [3, 3]
	Google nikhiljindal@google.com nikhiljindal: [2331, 540]
	Google bryk@google.com bryk: [10, 10]
	Red Hat ccoleman@redhat.com Clayton Coleman: [11745, 4150]
	Google pszczesniak@google.com Piotr Szczesniak: [243, 9298]
	CoreOS hongchaodeng1@gmail.com Hongchao Deng: [1099, 589]
	Google krousey@google.com Kris: [79, 63]
	Google vmik@google.com Mik Vyatskov: [806, 627]
	Google gmarek@google.com gmarek: [4956, 3904]
	Google bowei@google.com Bowei Du: [2623, 538]
	Google jeffml@google.com Jeff Lowdermilk: [452, 36]
	Smile Open Source Solutions metal3d@gmail.com Patrice Ferlet: [1, 1]
	Mirantis yashulyak@gmail.com Dmitry Shulyak: [336, 26]
	Microsoft bburns@google.com Brendan Burns: [1141, 91]
	Red Hat maszulik@redhat.com Maciej Szulik: [2467, 1364]
	Hyper.sh harryz@hyper.sh Harry Zhang: [745, 114]
	Net EASE 网易有态度 coolhzb@163.com AdoHe: [1252, 963]
	Hyper.sh feiskyer@gmail.com Pengfei Ni: [4518, 1607]
	Embedded Systems, ECE apelisse@gmail.com Antoine Pelisse: [781, 936]
	Red Hat bchilds@redhat.com childsb: [5, 14]
	Google dashpole@google.com David Ashpole: [1030, 547]
	Fujitsu lukasz.zajaczkowski@ts.fujitsu.com Lukasz Zajaczkowski: [53, 0]
	Fujitsu sebastian.florek@ts.fujitsu.com Sebastian Florek: [71, 0]
	Google marcin@owsiany.pl Marcin Owsiany: [2, 2]
	Google rayt@google.com Ray Tsang: [5, 5]
	Bitnami runseb@gmail.com sebgoa: [4, 160]
	ZTE Corporation zhao.xiangpeng@zte.com.cn xiangpengzhao: [5, 5]
	Google fejta@google.com Erick Fejta: [126, 142]
	Red Hat hchiramm@redhat.com Humble Chirammal: [187, 71]
	IBM dims@linux.vnet.ibm.com Davanum Srinivas: [480, 167]
	Google mml@google.com Matt Liggett: [421, 168]
	Google mjog@google.com Mandar U Jog: [36, 7]
	Microsoft cole.mickens@gmail.com Cole Mickens: [63, 30]
	Intel jakub.dlugolecki@intel.com Dlugolecki, Jakub: [3, 6]
	Red Hat jsafrane@redhat.com Jan Safranek: [2135, 836]
	Huawei wangzefeng@huawei.com Kevin: [223, 102]
	Red Hat dma@redhat.com mdshuai: [6, 6]
	Huawei shashidhara.td@huawei.com shashidharatd: [620, 250]
	Google vishnuk@google.com Vishnu kannan: [565, 330]
	CoreOS euan.kemp@coreos.com Euan Kemp: [538, 295]
	FathomDB justin@fathomdb.com Justin Santa Barbara: [2224, 1373]
	(Unknown) leitzler@gmail.com Pontus Leitzler: [1, 1]
	Red Hat pweil@redhat.com pweil-: [1523, 33]
	IBM klaus1982.cn@gmail.com Klaus Ma: [332, 224]
	Google acidburn@google.com Jess Frazelle: [59, 58]
	Google cjcullen@google.com CJ Cullen: [6, 3]
	CoreOS brandon.philips@coreos.com Brandon Philips: [42, 83]
	Red Hat ffranz@redhat.com Fabiano Franz: [1435, 656]
	Self jianhui.zhou@huawei.com jianhuiz: [66, 6]
	Huawei irfan.rehman@huawei.com Irfan Ur Rehman: [30, 6]
	Airbnb rickyp999@gmail.com Ricky Pai: [1, 1]
	CoreOS jonathan.boulle@coreos.com Jonathan Boulle: [281, 278]
	Jimmy Cuadra jimmy@jimmycuadra.com Jimmy Cuadra: [35, 36]
	Red Hat sross@redhat.com Solly Ross: [1802, 540]
	Self ablock84@gmail.com Alexander Block: [2, 1]
	Red Hat rcarvalh@redhat.com Rodolfo Carvalho: [75, 41]
	Red Hat ppospisi@redhat.com pospispa: [14, 47]
	Apprenda pires@apprenda.com Paulo Pires: [4285, 571]
	Apprenda jbhurat@apprenda.com Jitendra Bhurat: [402, 38]
	Red Hat sttts@redhat.com Dr. Stefan Schimanski: [5619, 2802]
	CoreOS gyuhox@gmail.com Gyu-Ho Lee: [1, 1]
	Rook lucas.kaldstrom@hotmail.co.uk Lucas Käldström: [588, 1258]
	Tencent jungong@tencent.com Jun Gong: [2, 2]
	Google foxish@users.noreply.github.com Anirudh Ramanathan: [3, 3]
	NotFound dj199008@gmail.com m1093782566: [417, 222]
	Google xuchao@google.com Chao Xu: [220438, 45182]
	Red Hat agoldste@redhat.com Andy Goldstein: [2258, 473]
	Google bdbauer@google.com Benjamin Bauer: [1282, 5]
	Google joe.github@bedafamily.com Joe Beda: [168, 99]
	Red Hat tstclair@redhat.com Timothy St. Clair: [1046, 615]
	Self stephenhsu90@gmail.com Di Xu: [46, 8]
	Red Hat hchen@redhat.com Huamin Chen: [1033, 141]
	Apache jay@apache.org jayunit100: [928, 303]
	Red Hat jtanenba@redhat.com Jacob Tanenbaum: [350, 13]
	Red Hat pmorie@redhat.com Paul Morie: [3442, 3332]
	Red Hat jvallejo@redhat.com juanvallejo: [699, 301]
	ZTE Corporation ouyang.qinhua@zte.com.cn bruceauyeung: [43, 16]
	ZTE Corporation li.guangxu@zte.com.cn guangxuli: [124, 36]
	Google rmmh@google.com Ryan Hitchman: [875, 711]
	Red Hat dgoodwin@redhat.com Devan Goodwin: [1284, 237]
	HP kiall@hpe.com Kiall Mac Innes: [97, 124]
	Mirantis maciej.iai@gmail.com Maciej Kwiek: [612, 533]
	ZTE Corporation zhang.dongjie@zte.com.cn zdj6373: [2, 2]
	Google djmm@google.com David McMahon: [0, 397]
	Google zml@google.com Zach Loafman: [337, 304]
	ZTE Corporation yu.peng36@zte.com.cn yupeng: [37, 37]
	moovel mkulke@gmail.com Magnus Kulke: [8, 5]
	Cockroach alexdwanerobinson@gmail.com Alex Robinson: [109, 30]
	Apprenda abrand@apprenda.com Alexander Brand: [141, 427]
	Red Hat cewong@redhat.com Cesar Wong: [541, 98]
	Google beacham@google.com Jacob Beacham: [327, 3]
	Self christiankoep@gmail.com Christian Koep: [43, 43]
	Viavi Solutions sergey.maslyakov@viavisolutions.com Sergey Maslyakov: [1, 1]
	Red Hat mfojtik@redhat.com Michal Fojtik: [95, 67]
	Red Hat asalkeld@mirantis.com Angus Salkeld: [1635, 922]
	Capgemini jv.cyril@gmail.com Cyril Jouve: [11, 8]
	(Unknown) 867919864@qq.com bulletRush: [17, 0]
	Apprenda dmcquay@apprenda.com Derek McQuay: [806, 139]
	Google pwittroc+github@google.com Phillip Wittrock: [69, 189]
	Intel connor.p.doyle@intel.com Connor Doyle: [1017, 198]
	Google filipg@google.com Filip Grzadkowski: [497, 0]
	eBay fmeng@ebay.com fmeng: [120, 10]
	Fujitsu chenr.fnst@cn.fujitsu.com xilabao: [1, 1]
	Red Hat mmilata@redhat.com Martin Milata: [1, 1]
	Gynzy vincent.heet@topicus.nl Vincent Heet: [4, 4]
	VMware shivania@vmware.com Abrar Shivani: [261, 26]
	Mirantis ishvedunov@mirantis.com Ivan Shvedunov: [809, 1245]
	Weaveworks errordeveloper@gmail.com Ilya Dmitrichenko: [4540, 2298]
	ZTE Corporation miao.yanqiang@zte.com.cn Yanqiang Miao: [0, 25]
	Red Hat jcope@redhat.com Jon Cope: [395, 315]
	Mirantis lukaszoles@gmail.com Łukasz Oleś: [105, 11]
	Red Hat mturansk@redhat.com markturansky: [315, 136]
	Google vishh@users.noreply.github.com Vish Kannan: [393, 393]
	Google lantaol@google.com Random Liu: [580, 279]
	Red Hat jchaloup@redhat.com Jan Chaloupka: [2571, 2390]
	Intel michal.zylowski@intel.com Michał Żyłowski: [5, 1]
	VMware sritesh@vmware.com Ritesh H Shukla: [3, 3]
	(Unknown) i.mikushin@gmail.com Ivan Mikushin: [0, 1]
	Google mrick@google.com Matt Rickard: [27, 17]
	Zalando m@moscar.net Mikkel Oscar Lyderik: [3, 0]
	Red Hat avagarwa@redhat.com Avesh Agarwal: [700, 21]
	IBM mbauer@us.ibm.com Morgan Bauer: [13, 8]
	Google maisem@google.com Maisem Ali: [31, 22]
	Red Hat eparis@redhat.com Eric Paris: [1, 2]
	Treasure Data eduardo@treasure-data.com Eduardo Silva: [2, 0]
	Hewlett Packard davideagnello@gmail.com Davide Agnello: [167, 102]
	Red Hat dcbw@redhat.com Dan Williams: [9, 5]
	CNCF dan@dankohn.com Dan Kohn: [1, 54]
	Red Hat mawong@redhat.com Matthew Wong: [3546, 317]
	Red Hat screeley@redhat.com Scott Creeley: [300, 164]
	Allegro mrostecki@mirantis.com Michal Rostecki: [1, 1]
	Self rodrigo@sdfg.com.ar Rodrigo Campos: [151, 177]
	(Unknown) walter.david@gmail.com davidwalter0: [1, 1]
	Mirantis pskamruk@mirantis.com Piotr Skamruk: [6, 0]
	Amadeus salvatore-dario.minonne@amadeus.com Salvatore Dario Minonne: [99, 0]
	Mirantis pigmej@gmail.com Jędrzej Nowak: [72, 72]
	CERN mathieu.velten@cern.ch Mathieu Velten: [92, 71]
	Google davidopp@google.com David Oppenheimer: [42, 292]
	(Unknown) jm.carp@gmail.com Joshua Carp: [36, 18]
	HP graham.hayes@hpe.com Graham Hayes: [272, 31]
	Fujitsu atanas.mirchev@est.fujitsu.com Atanas Mirchev: [241, 126]
	Google quinton@google.com Quinton Hoole: [720, 213]
	(Unknown) pskieu@gmail.com Phu Kieu: [11, 2]
	Mirantis ikhudoshyn@mirantis.com Illia Khudoshyn: [76, 27]
	Cisco xiaoquwl@gmail.com Peng Xiao: [1, 1]
	CoreOS colin.hom@coreos.com Colin Hom: [3, 1]
	CoreOS yifan.gu@coreos.com Yifan Gu: [696, 513]
	CNM Consulting clove@cnmconsulting.net chrislovecnm: [545, 151]
	Intel elson.rodriguez@gmail.com Elson Rodriguez: [60, 20]
	ocadotechnology mike@mikebryant.me.uk Mike Bryant: [10, 1]
	(Unknown) zhaohuizhi@gmail.com Hui-Zhi: [10, 1]
	Canonical chuck@dasroot.net Charles Butler: [12, 0]
	DigitalOcean mac@digitalocean.com Mac Browning: [7, 7]
	Google adityakali@google.com Aditya Kali: [1, 1]
	Red Hat gethemant@gmail.com Hemant Kumar: [6, 1]
	Mayflower GmbH robin.gloster@mayflower.de Robin Gloster: [1, 1]
	CoreOS xiangli.cs@gmail.com Xiang Li: [2, 2]
	Bulletproof gus@inodes.org Angus Lees: [269, 56]
	Eficode markus.suonto@eficode.com Markus Suonto: [336, 84]
	Mirantis eli@mirantis.com Evgeny L: [150, 32]
	HP kokhang@gmail.com Steve Leon: [54, 39]
	Red Hat vsemushi@redhat.com Slava Semushin: [2, 2]
	Aperian Global aaronjlevy@gmail.com Aaron Levy: [1, 1]
	Self zachaller@hotmail.com Zach Aller: [2, 2]
	Luke Marsden me@lukemarsden.net Luke Marsden: [314, 8]
	IBM dug@us.ibm.com Doug Davis: [85, 87]
	Self sander@xanzy.io Sander van Harmelen: [14, 15]
	ZTE Corporation zhang.ke106@zte.com.cn Ke Zhang: [134, 85]
	vipshop optimuswu8685@gmail.com wu8685: [655, 225]
	ZTE Corporation lu.zhenxing@zte.com.cn lojies: [86, 64]
	Comcast sean@coreitpro.com Sean M. Collins: [1, 41]
	(Unknown) oz.tiram@mobilityhouse.com Oz N Tiram: [1, 1]
	Jetstack simon@swine.de Christian Simon: [1069, 322]
	IBM mkumatag@in.ibm.com Manjunath A Kumatagi: [67, 12]
	Google grosskur@google.com Alan Grosskurth: [11, 6]
	Blizzard jackson.coakley@gmail.com hacktastic: [3, 21]
	Google dbsmith@google.com Daniel Smith: [704, 5951]
	CoreOS eric.chiang.m@gmail.com Eric Chiang: [40, 16]
	Shopify philibert.dugas@gmail.com Philibert Dugas: [27, 22]
	Fujitsu marcin.maciaszczyk@ts.fujitsu.com Marcin Maciaszczyk: [0, 89]
	Mirantis spyzalski@mirantis.com Szymon Pyżalski: [3, 5]
	SalesForce mayank.kumar@salesforce.com Mayank Kumar: [3, 3]
	Google ameyd@google.com Amey Deshpande: [1, 1]
	Net EASE 网易有态度 xiaoping378@163.com xiaoping378: [1, 0]
	ZTE Corporation wang.ping5@zte.com.cn PingWang: [195, 145]
	Huawei dujun5@huawei.com d00369826: [139, 119]
	(Unknown) anthony.elizondo@gmail.com Anthony Elizondo: [6, 6]
	inovex GmbH johannes.scheuermann@inovex.de Johannes Scheuermann: [376, 20]
	(Unknown) tom@haddons.net Tom Haddon: [2, 2]
	IBM haih@us.ibm.com Hai Huang: [1, 1]
	Google zhoufang@google.com Zhou Fang: [193, 96]
	(Unknown) adi.ofry@gmail.com Adi Ofry: [1, 0]
	Red Hat jbieren@redhat.com Johnny Bieren: [4, 4]
	Net EASE 网易有态度 feixiaoboy@163.com Harry Fei: [1, 0]
	Google magorzata@google.com mksalawa: [2, 1]
	Weaveworks bryan@weave.works Bryan Boreham: [48, 23]
	Intel jacek.lakis@intel.com Jacek J. Łakis: [26, 6]
	Google jrhoak@gmail.com Josh Hoak: [1, 1]
	Google gkalele@google.com Girish Kalele: [449, 29]
	eBay zhouhaibing089@gmail.com zhouhaibing089: [7, 1]
	IBM fraenkel@us.ibm.com Michael Fraenkel: [212, 277]
	Yahoo takashi.kusumi@gmail.com Takashi Kusumi: [3, 3]
	Huawei kaveh.shafiee@huawei.com kshafiee: [122, 25]
	Docker github@hollensbe.org Erik Hollensbe: [6, 2]
	IBM kalexandra@us.ibm.com Kara Alexandra: [56, 29]
	Canonical matthew.bruzek@canonical.com Matt Bruzek: [2, 2]
	(Unknown) mehdy@users.noreply.github.com mehdy: [3, 2]
	(Unknown) andrew@areed.io Andrew Reed: [146, 3]
	Red Hat jvance@redhat.com Jeff Vance: [2, 2]
	(Unknown) emve.dev@yandex.ru Vladi: [3, 0]
	Self contact@tmrts.com Tamer Tas: [251, 248]
	Lazada Group pliutau.aliaksandr@lazada.com Aliaksandr Pliutau: [6, 5]
	Jaconda ant.mironov@gmail.com Anton Mironov: [70, 42]
image 0 2
	Red Hat deads@redhat.com deads2k: [0, 2]
	Bitnami runseb@gmail.com sebgoa: [0, 0]
	Google filipg@google.com Filip Grzadkowski: [0, 0]
documentation 710 103
	Google saadali@google.com saadali: [1, 0]
	Google jsz@google.com Jerzy Szczepkowski: [1, 1]
	Google jinxu@google.com Jing Xu: [1, 0]
	Google mehdy@google.com mbohlool: [0, 0]
	Google mwielgus@google.com Marcin Wielgus: [22, 0]
	Google thockin@google.com Tim Hockin: [1, 0]
	Red Hat jliggitt@redhat.com Jordan Liggitt: [3, 0]
	Red Hat decarr@redhat.com Derek Carr: [2, 0]
	Red Hat mkargaki@redhat.com Michail Kargakis: [0, 0]
	Red Hat deads@redhat.com deads2k: [6, 1]
	Google madhusudancs@google.com Madhusudan.C.S: [6, 0]
	Google mixia@google.com Minhan Xia: [5, 1]
	Google mikedanese@google.com Mike Danese: [9, 0]
	Google mengqiy@google.com ymqytw: [28, 0]
	Google mtaufen@google.com Michael Taufen: [1, 0]
	Google rkouj@google.com rkouj: [1, 0]
	Google wojtekt@google.com Wojciech Tyczynski: [3, 2]
	Google chiachenk@google.com Janet Kuo: [0, 0]
	Self taotaotheripper@gmail.com Random-Liu: [3, 1]
	Google yjhong@google.com Yu-Ju Hong: [3, 2]
	VMware miaol@vmware.com Miao Luo: [0, 0]
	Red Hat ccoleman@redhat.com Clayton Coleman: [0, 0]
	CoreOS hongchaodeng1@gmail.com Hongchao Deng: [1, 0]
	Google vmik@google.com Mik Vyatskov: [5, 3]
	Google gmarek@google.com gmarek: [2, 0]
	Google bowei@google.com Bowei Du: [5, 2]
	Mirantis yashulyak@gmail.com Dmitry Shulyak: [1, 0]
	Microsoft bburns@google.com Brendan Burns: [3, 0]
	Red Hat maszulik@redhat.com Maciej Szulik: [0, 0]
	ZTE Corporation zhao.xiangpeng@zte.com.cn xiangpengzhao: [0, 0]
	IBM dims@linux.vnet.ibm.com Davanum Srinivas: [1, 0]
	Google mml@google.com Matt Liggett: [0, 0]
	Google vishnuk@google.com Vishnu kannan: [11, 4]
	FathomDB justin@fathomdb.com Justin Santa Barbara: [2, 0]
	CoreOS brandon.philips@coreos.com Brandon Philips: [0, 0]
	Red Hat rcarvalh@redhat.com Rodolfo Carvalho: [0, 0]
	Red Hat sttts@redhat.com Dr. Stefan Schimanski: [1, 0]
	Rook lucas.kaldstrom@hotmail.co.uk Lucas Käldström: [1, 7]
	Google xuchao@google.com Chao Xu: [440, 0]
	Google bdbauer@google.com Benjamin Bauer: [0, 0]
	Red Hat tstclair@redhat.com Timothy St. Clair: [1, 0]
	Self stephenhsu90@gmail.com Di Xu: [1, 0]
	Apache jay@apache.org jayunit100: [1, 0]
	Red Hat jtanenba@redhat.com Jacob Tanenbaum: [3, 0]
	Red Hat jvallejo@redhat.com juanvallejo: [1, 0]
	Red Hat dgoodwin@redhat.com Devan Goodwin: [1, 0]
	Google zml@google.com Zach Loafman: [8, 1]
	Google beacham@google.com Jacob Beacham: [1, 0]
	Red Hat mfojtik@redhat.com Michal Fojtik: [1, 0]
	Red Hat asalkeld@mirantis.com Angus Salkeld: [0, 0]
	Weaveworks errordeveloper@gmail.com Ilya Dmitrichenko: [35, 31]
	Mirantis lukaszoles@gmail.com Łukasz Oleś: [0, 0]
	Google vishh@users.noreply.github.com Vish Kannan: [8, 8]
	VMware sritesh@vmware.com Ritesh H Shukla: [2, 0]
	Google maisem@google.com Maisem Ali: [1, 0]
	CoreOS yifan.gu@coreos.com Yifan Gu: [3, 3]
	CNM Consulting clove@cnmconsulting.net chrislovecnm: [5, 3]
	Mirantis eli@mirantis.com Evgeny L: [11, 1]
	IBM dug@us.ibm.com Doug Davis: [39, 28]
	Cisco aanm90@gmail.com André Martins: [1, 1]
	Jetstack simon@swine.de Christian Simon: [0, 0]
	IBM mkumatag@in.ibm.com Manjunath A Kumatagi: [15, 0]
	Google grosskur@google.com Alan Grosskurth: [1, 0]
	Fujitsu marcin.maciaszczyk@ts.fujitsu.com Marcin Maciaszczyk: [0, 3]
	Weaveworks bryan@weave.works Bryan Boreham: [2, 0]
build 1525 558
	Google saadali@google.com saadali: [0, 9]
	Google jsz@google.com Jerzy Szczepkowski: [76, 2]
	Google jinxu@google.com Jing Xu: [5, 5]
	Google mehdy@google.com mbohlool: [117, 15]
	Google mwielgus@google.com Marcin Wielgus: [0, 0]
	Google thockin@google.com Tim Hockin: [114, 57]
	Red Hat mkargaki@redhat.com Michail Kargakis: [8, 0]
	Red Hat deads@redhat.com deads2k: [5, 1]
	Google madhusudancs@google.com Madhusudan.C.S: [46, 2]
	Google dawnchen@google.com Dawn Chen: [1, 0]
	Google mixia@google.com Minhan Xia: [9, 6]
	Google mikedanese@google.com Mike Danese: [14, 6]
	Google zihongz@google.com Zihong Zheng: [84, 91]
	Google mengqiy@google.com ymqytw: [1, 1]
	Google mtaufen@google.com Michael Taufen: [6, 4]
	Google beeps@google.com bprashanth: [3, 1]
	Google rkouj@google.com rkouj: [1, 0]
	Google wojtekt@google.com Wojciech Tyczynski: [101, 36]
	Google chiachenk@google.com Janet Kuo: [0, 0]
	Self taotaotheripper@gmail.com Random-Liu: [64, 0]
	Google yjhong@google.com Yu-Ju Hong: [26, 5]
	Google robertbailey@google.com Robert Bailey: [1, 1]
	Red Hat ccoleman@redhat.com Clayton Coleman: [142, 2]
	Google pszczesniak@google.com Piotr Szczesniak: [4, 4]
	Google vmik@google.com Mik Vyatskov: [169, 43]
	Google gmarek@google.com gmarek: [22, 14]
	Google bowei@google.com Bowei Du: [79, 5]
	Red Hat dma@redhat.com mdshuai: [1, 1]
	Google vishnuk@google.com Vishnu kannan: [99, 23]
	CoreOS euan.kemp@coreos.com Euan Kemp: [2, 2]
	FathomDB justin@fathomdb.com Justin Santa Barbara: [4, 19]
	Google acidburn@google.com Jess Frazelle: [71, 68]
	Self jianhui.zhou@huawei.com jianhuiz: [4, 0]
	Rook lucas.kaldstrom@hotmail.co.uk Lucas Käldström: [6, 80]
	NotFound dj199008@gmail.com m1093782566: [82, 19]
	Google xuchao@google.com Chao Xu: [61, 2]
	Red Hat agoldste@redhat.com Andy Goldstein: [0, 0]
	Google joe.github@bedafamily.com Joe Beda: [0, 4]
	Red Hat pmorie@redhat.com Paul Morie: [1, 0]
	Red Hat dgoodwin@redhat.com Devan Goodwin: [53, 0]
	ZTE Corporation yu.peng36@zte.com.cn yupeng: [1, 1]
	Google fabioy@google.com Fabio Yeon: [6, 7]
	Google beacham@google.com Jacob Beacham: [1, 0]
	Google vishh@users.noreply.github.com Vish Kannan: [2, 3]
	Intel michal.zylowski@intel.com Michał Żyłowski: [1, 1]
	Google mrick@google.com Matt Rickard: [1, 4]
	(Unknown) wojtut01@stepstone.com Tomasz Wojtuń: [1, 1]
	Red Hat eparis@redhat.com Eric Paris: [4, 4]
	Walt Disney justinleegarrison@gmail.com Justin Garrison: [1, 1]
	CNM Consulting clove@cnmconsulting.net chrislovecnm: [7, 5]
	ZTE Corporation wang.yuexiao@zte.com.cn yuexiao-wang: [2, 0]
	Google adityakali@google.com Aditya Kali: [8, 0]
	Aperian Global aaronjlevy@gmail.com Aaron Levy: [1, 0]
	(Unknown) yancey1989@gmail.com Yancey1989: [2, 2]
	Weaveworks bryan@weave.works Bryan Boreham: [5, 1]
devel-doc 58929 19042
code 11505 7769
unknown 523051 252707
image 0 2
documentation 710 103
build 1525 558
