open output file /Users/lukasz/dev/cncf/gitdm/grpc_repos/combined_after.csv

@DEFSTREAM is an author name, probably not what you want
unknown@hacker.net Unknown hacker
	unknown [478, 384]
	devel-doc [2375, 3230]
	code [424, 43]
	build [18, 18]
	documentation [17, 17]
michal@improbable.io Michal Witkowski
	unknown [2318, 228]
	devel-doc [356, 78]
	code [5, 0]
	build [0, 0]
ctiller@google.com Craig Tiller
	unknown [28845, 6790]
	devel-doc [583, 84]
	code [25297, 22058]
	build [1291, 908]
	documentation [76, 37]
mxyan@google.com Muxi Yan
	unknown [1784, 1367]
	devel-doc [72, 32]
	code [2693, 1748]
	build [15, 2]
jtattermusch@users.noreply.github.com Jan Tattermusch
	unknown [575, 261]
	devel-doc [47, 123]
	code [5171, 1385]
	build [111, 59]
	documentation [7, 69]
yuxuanli@google.com lyuxuan
	unknown [651, 17]
	code [1084, 314]
	build [153, 49]
atash@google.com Masood Malekghassemi
	unknown [315, 129]
	code [1082, 560]
	build [4, 4]
apolcyn@google.com apolcyn
	unknown [142, 146]
	devel-doc [18, 3]
	code [2306, 857]
	build [14, 19]
mattkwong@google.com Matt Kwong
	unknown [959, 47]
	devel-doc [1, 1]
	code [576, 327]
stanleycheung@google.com Stanley Cheung
	code [27, 21]
	unknown [42, 10]
	devel-doc [7, 0]
	documentation [39, 7]
	build [3, 3]
mlumish@google.com Michael Lumish
	unknown [380, 119]
	code [872, 426]
	build [41, 40]
roth@google.com Mark D. Roth
	devel-doc [125, 88]
	code [7244, 5811]
	unknown [82000, 82658]
	image [4, 0]
	documentation [62, 38]
	build [12870, 239]
stevej@buoyant.io Steve Jenson
	unknown [1, 0]
sreek@google.com Sree Kuchibhotla
	unknown [595, 430]
	devel-doc [15, 0]
	code [1727, 1165]
	build [147, 98]
	documentation [10, 0]
mario@emmenlauer.de Mario Emmenlauer
	code [5, 9]
	build [120, 108]
makarandd@google.com Makarand Dharmapurikar
	unknown [8, 0]
	code [1608, 344]
	build [4, 0]
yangg@google.com yang-g
	unknown [3585, 852]
	devel-doc [187, 26]
	code [2345, 878]
	build [216, 56]
	documentation [36, 16]
makdharma@users.noreply.github.com makdharma
ncteisen@gmail.com Noah Eisen
	unknown [996, 310]
	devel-doc [325, 0]
	code [1330, 235]
	build [285, 102]
	documentation [183, 0]
adelez@google.com adelez
	unknown [65, 68]
adelez@adelez2.mtv.corp.google.com Adele Zhou
	devel-doc [2, 0]
ericgribkoff@google.com Eric Gribkoff
	unknown [806, 11]
	devel-doc [4, 0]
	code [17791, 829]
	build [90, 2]
	documentation [0, 0]
thinkerou@gmail.com thinkerou
	devel-doc [2, 2]
	code [115, 108]
nathaniel@google.com Nathaniel Manista
	unknown [16, 16]
	code [1178, 724]
nicolasnoble@users.noreply.github.com Nicolas Noble
jozef.izso@gmail.com Jozef Izso
	devel-doc [2, 2]
y-zeng@users.noreply.github.com Yuchen Zeng
	unknown [212, 5]
	devel-doc [6, 1]
	code [1387, 983]
	build [17, 0]
	documentation [3, 0]
jboeuf@users.noreply.github.com jboeuf
lendage@gmail.com Yuan He
	unknown [3, 3]
	code [12, 6]
jboeuf@google.com Julien Boeuf
	code [121, 9]
siddharthshukla@outlook.com siddharthshukla
	unknown [2, 1]
	code [264, 7]
dborn@google.com Dan Born
	code [7, 0]
dgq@google.com David G. Quintas
	unknown [1082, 345]
	code [1948, 1209]
	build [47, 44]
bryan.blanchard@gmail.com Bryan Blanchard
	code [12, 2]
defstream@users.noreply.github.com @DEFSTREAM
	unknown [1, 1]
ronakjain@outlook.in Ronak Jain
	unknown [1, 1]
vpai@google.com Vijay Pai
	unknown [342, 570]
	devel-doc [0, 27]
	code [746, 1366]
	build [0, 39]
	documentation [0, 27]
kpayson@google.com kpayson64
	unknown [1, 1]
	code [186, 157]
randvis@users.noreply.github.com randvis
	unknown [2, 2]
igorpeshansky@users.noreply.github.com igorpeshansky
	code [1, 1]
jcanizales@google.com Jorge Canizales
	unknown [37, 20]
pquerna@apache.org Paul Querna
	code [1, 1]
paul@pmarks.net Paul Marks
	code [68, 50]
gcasto@chromium.org Garrett Casto
	unknown [2, 2]
	devel-doc [1, 1]
	code [385, 318]
rjshade@google.com Robbie Shade
	code [4, 2]
ryanvo@users.noreply.github.com Ryan
	code [1, 1]
klempner@google.com David Klempner
	code [21, 10]
fengli@google.com Feng Li
wenboz@google.com Wenbo Zhu
	unknown [152, 2]
zlizan@google.com Lizan Zhou
	devel-doc [388, 21]
	code [89, 78]
pavlovichev@coccoc.com Stanislav Pavlovichev
	code [8, 8]
perumaal@chromium.org Perumaal S
	code [1, 1]
docent.net@gmail.com Maciej Lasyk
	code [4, 1]
htuch@google.com Harvey Tuch
	unknown [460, 572]
	code [47, 22]
	build [7, 1]
	documentation [0, 62]
lipixun@gmail.com lipixun
	unknown [2, 0]
travis.cline@gmail.com Travis Cline
	unknown [954, 498]
	devel-doc [5, 3]
	code [1, 1]
msample@users.noreply.github.com msample
	unknown [288, 20]
johansja@gmail.com Johan Sim Jian An
	unknown [73, 35]
bluehallu@gmail.com bluehallu
	devel-doc [4, 2]
linuxerwang@gmail.com linuxerwang
	unknown [24, 4]
	devel-doc [2, 1]
dprotaso@gmail.com dave
	unknown [18, 8]
	code [14, 2]
nathan@nathanborror.com Nathan Borror
	unknown [2, 2]
mail@philipithomas.com Philip I. Thomas
	unknown [11, 7]
mmukhi@google.com MakMukhi
	unknown [857, 243]
	code [2, 2]
menghanl@google.com Menghan Li
	unknown [4433, 2300]
	devel-doc [9, 0]
toqizhao@gmail.com Qi Zhao
	unknown [604, 87]
thibault.riviere@scality.com Thibault Riviere
	code [3, 2]
rhys.hiltner@gmail.com Rhys Hiltner
	unknown [122, 42]
xyzzyz@google.com Adam Michalik
	unknown [8, 6]
yang.clive@gmail.com Clive Young
	unknown [2, 2]
thomashabets@users.noreply.github.com Thomas Habets
	unknown [3, 4]
mike@iroot.net Mike Wiacek
	unknown [1, 1]
gyuhox@gmail.com Gyu-Ho Lee
	unknown [4, 1]
kolmodin@gmail.com Lennart Kolmodin
	unknown [902, 479]
	devel-doc [15, 6]
	code [2754, 560]
hashtable@yandex.ru Vladimir Kochnev
	code [113, 19]
qiwzhang@google.com Wayne Zhang
	unknown [88, 21]
	devel-doc [388, 589]
	code [9737, 791]
	documentation [458, 0]
zhangkun83@users.noreply.github.com Kun Zhang
	unknown [2, 2]
	code [8857, 802]
	documentation [0, 0]
notcarl@google.com Carl Mastrangelo
	unknown [96, 49]
	code [1158, 524]
jorg.heymans@gmail.com Jorg Heymans
	unknown [4, 5]
ejona@google.com Eric Anderson
	unknown [20, 21]
	devel-doc [20, 27]
	code [23, 23]
	documentation [1, 6]
kenji.kaneda@gmail.com Kenji Kaneda
	code [8, 11]
h.github@tuch.id.au htuch
	code [198, 21]
zdapeng@google.com ZHANG Dapeng
	unknown [3, 0]
	devel-doc [20, 0]
	code [2284, 386]
	documentation [12, 0]
lukasz.strzalkowski@gmail.com Łukasz Strzałkowski
	unknown [1, 1]
	code [1281, 21]
anuraaga@gmail.com Anuraag Agrawal
	code [5, 11]
lukasz@squareup.com Lukasz Strzalkowski
	devel-doc [1, 1]
	code [0, 5]
joey@joeyb.org Joey Bratton
	unknown [35, 26]
	code [411, 0]
hsaliak@gmail.com Kailash Sethuraman
	unknown [59, 0]
	devel-doc [133, 30]
mavrukin@gmail.com Michael Avrukin
	code [2, 1]
benelot@users.noreply.github.com Benjamin Ellenberger
	code [6, 5]
nishidha@us.ibm.com Nishidha
	unknown [5, 1]
bucjac@gmail.com Jakob Buchgraber
	unknown [7, 7]
	code [40, 79]
bensigelman@users.noreply.github.com bhs
	unknown [5, 0]
ryan.rlhh@gmail.com rlhh
	unknown [10, 13]
guillaume@wercker.com Guillaume Fillon
	unknown [2, 2]
mark.mandel@gmail.com Mark Mandel
	devel-doc [104, 389]
	code [28, 32771]
	unknown [20192, 10893]
	image [0, 655]
	documentation [6, 5292]
	ui [2, 2]
	build [75, 27]
timburks@google.com Tim Burks
	unknown [9426, 50321]
	devel-doc [267, 866]
	code [289, 420]
	build [149, 201]
	image [0, 0]
lcarey@google.com LisaFC
	unknown [4, 4]
josh@wealthfront.com Josh Toft
	unknown [4, 0]
rutsky@users.noreply.github.com Vladimir Rutsky
	unknown [4, 0]
matias@insaurral.de Matias Insaurralde
	documentation [5, 0]
magicae@users.noreply.github.com Hanzhao Lin
	unknown [1, 1]
me@ian.pw Ian Macalinao
	unknown [6, 3]
mail@fokkezb.nl Fokke Zandbergen
	documentation [2, 2]
jkolhe@google.com Jayant Kolhe
	unknown [1, 1]
chadgates@users.noreply.github.com chadgates
	unknown [1, 1]
jan.willem.ps@gmail.com jagij
	unknown [6, 0]
claud.coman@gmail.com Claudiu Coman
	unknown [1, 0]
devel-doc 5484 5633
	unknown@hacker.net Unknown hacker: [2375, 3230]
	michal@improbable.io Michal Witkowski: [356, 78]
	ctiller@google.com Craig Tiller: [583, 84]
	mxyan@google.com Muxi Yan: [72, 32]
	jtattermusch@users.noreply.github.com Jan Tattermusch: [47, 123]
	apolcyn@google.com apolcyn: [18, 3]
	mattkwong@google.com Matt Kwong: [1, 1]
	stanleycheung@google.com Stanley Cheung: [7, 0]
	roth@google.com Mark D. Roth: [125, 88]
	sreek@google.com Sree Kuchibhotla: [15, 0]
	yangg@google.com yang-g: [187, 26]
	ncteisen@gmail.com Noah Eisen: [325, 0]
	adelez@adelez2.mtv.corp.google.com Adele Zhou: [2, 0]
	ericgribkoff@google.com Eric Gribkoff: [4, 0]
	thinkerou@gmail.com thinkerou: [2, 2]
	jozef.izso@gmail.com Jozef Izso: [2, 2]
	y-zeng@users.noreply.github.com Yuchen Zeng: [6, 1]
	vpai@google.com Vijay Pai: [0, 27]
	gcasto@chromium.org Garrett Casto: [1, 1]
	zlizan@google.com Lizan Zhou: [388, 21]
	travis.cline@gmail.com Travis Cline: [5, 3]
	bluehallu@gmail.com bluehallu: [4, 2]
	linuxerwang@gmail.com linuxerwang: [2, 1]
	menghanl@google.com Menghan Li: [9, 0]
	kolmodin@gmail.com Lennart Kolmodin: [15, 6]
	qiwzhang@google.com Wayne Zhang: [388, 589]
	ejona@google.com Eric Anderson: [20, 27]
	zdapeng@google.com ZHANG Dapeng: [20, 0]
	lukasz@squareup.com Lukasz Strzalkowski: [1, 1]
	hsaliak@gmail.com Kailash Sethuraman: [133, 30]
	mark.mandel@gmail.com Mark Mandel: [104, 389]
	timburks@google.com Tim Burks: [267, 866]
code 105407 78531
	unknown@hacker.net Unknown hacker: [424, 43]
	michal@improbable.io Michal Witkowski: [5, 0]
	ctiller@google.com Craig Tiller: [25297, 22058]
	mxyan@google.com Muxi Yan: [2693, 1748]
	jtattermusch@users.noreply.github.com Jan Tattermusch: [5171, 1385]
	yuxuanli@google.com lyuxuan: [1084, 314]
	atash@google.com Masood Malekghassemi: [1082, 560]
	apolcyn@google.com apolcyn: [2306, 857]
	mattkwong@google.com Matt Kwong: [576, 327]
	stanleycheung@google.com Stanley Cheung: [27, 21]
	mlumish@google.com Michael Lumish: [872, 426]
	roth@google.com Mark D. Roth: [7244, 5811]
	sreek@google.com Sree Kuchibhotla: [1727, 1165]
	mario@emmenlauer.de Mario Emmenlauer: [5, 9]
	makarandd@google.com Makarand Dharmapurikar: [1608, 344]
	yangg@google.com yang-g: [2345, 878]
	ncteisen@gmail.com Noah Eisen: [1330, 235]
	ericgribkoff@google.com Eric Gribkoff: [17791, 829]
	thinkerou@gmail.com thinkerou: [115, 108]
	nathaniel@google.com Nathaniel Manista: [1178, 724]
	y-zeng@users.noreply.github.com Yuchen Zeng: [1387, 983]
	lendage@gmail.com Yuan He: [12, 6]
	jboeuf@google.com Julien Boeuf: [121, 9]
	siddharthshukla@outlook.com siddharthshukla: [264, 7]
	dborn@google.com Dan Born: [7, 0]
	dgq@google.com David G. Quintas: [1948, 1209]
	bryan.blanchard@gmail.com Bryan Blanchard: [12, 2]
	vpai@google.com Vijay Pai: [746, 1366]
	kpayson@google.com kpayson64: [186, 157]
	igorpeshansky@users.noreply.github.com igorpeshansky: [1, 1]
	pquerna@apache.org Paul Querna: [1, 1]
	paul@pmarks.net Paul Marks: [68, 50]
	gcasto@chromium.org Garrett Casto: [385, 318]
	rjshade@google.com Robbie Shade: [4, 2]
	ryanvo@users.noreply.github.com Ryan: [1, 1]
	klempner@google.com David Klempner: [21, 10]
	zlizan@google.com Lizan Zhou: [89, 78]
	pavlovichev@coccoc.com Stanislav Pavlovichev: [8, 8]
	perumaal@chromium.org Perumaal S: [1, 1]
	docent.net@gmail.com Maciej Lasyk: [4, 1]
	htuch@google.com Harvey Tuch: [47, 22]
	travis.cline@gmail.com Travis Cline: [1, 1]
	dprotaso@gmail.com dave: [14, 2]
	mmukhi@google.com MakMukhi: [2, 2]
	thibault.riviere@scality.com Thibault Riviere: [3, 2]
	kolmodin@gmail.com Lennart Kolmodin: [2754, 560]
	hashtable@yandex.ru Vladimir Kochnev: [113, 19]
	qiwzhang@google.com Wayne Zhang: [9737, 791]
	zhangkun83@users.noreply.github.com Kun Zhang: [8857, 802]
	notcarl@google.com Carl Mastrangelo: [1158, 524]
	ejona@google.com Eric Anderson: [23, 23]
	kenji.kaneda@gmail.com Kenji Kaneda: [8, 11]
	h.github@tuch.id.au htuch: [198, 21]
	zdapeng@google.com ZHANG Dapeng: [2284, 386]
	lukasz.strzalkowski@gmail.com Łukasz Strzałkowski: [1281, 21]
	anuraaga@gmail.com Anuraag Agrawal: [5, 11]
	lukasz@squareup.com Lukasz Strzalkowski: [0, 5]
	joey@joeyb.org Joey Bratton: [411, 0]
	mavrukin@gmail.com Michael Avrukin: [2, 1]
	benelot@users.noreply.github.com Benjamin Ellenberger: [6, 5]
	bucjac@gmail.com Jakob Buchgraber: [40, 79]
	mark.mandel@gmail.com Mark Mandel: [28, 32771]
	timburks@google.com Tim Burks: [289, 420]
unknown 165149 160479
	unknown@hacker.net Unknown hacker: [478, 384]
	michal@improbable.io Michal Witkowski: [2318, 228]
	ctiller@google.com Craig Tiller: [28845, 6790]
	mxyan@google.com Muxi Yan: [1784, 1367]
	jtattermusch@users.noreply.github.com Jan Tattermusch: [575, 261]
	yuxuanli@google.com lyuxuan: [651, 17]
	atash@google.com Masood Malekghassemi: [315, 129]
	apolcyn@google.com apolcyn: [142, 146]
	mattkwong@google.com Matt Kwong: [959, 47]
	stanleycheung@google.com Stanley Cheung: [42, 10]
	mlumish@google.com Michael Lumish: [380, 119]
	roth@google.com Mark D. Roth: [82000, 82658]
	stevej@buoyant.io Steve Jenson: [1, 0]
	sreek@google.com Sree Kuchibhotla: [595, 430]
	makarandd@google.com Makarand Dharmapurikar: [8, 0]
	yangg@google.com yang-g: [3585, 852]
	ncteisen@gmail.com Noah Eisen: [996, 310]
	adelez@google.com adelez: [65, 68]
	ericgribkoff@google.com Eric Gribkoff: [806, 11]
	nathaniel@google.com Nathaniel Manista: [16, 16]
	y-zeng@users.noreply.github.com Yuchen Zeng: [212, 5]
	lendage@gmail.com Yuan He: [3, 3]
	siddharthshukla@outlook.com siddharthshukla: [2, 1]
	dgq@google.com David G. Quintas: [1082, 345]
	defstream@users.noreply.github.com @DEFSTREAM: [1, 1]
	ronakjain@outlook.in Ronak Jain: [1, 1]
	vpai@google.com Vijay Pai: [342, 570]
	kpayson@google.com kpayson64: [1, 1]
	randvis@users.noreply.github.com randvis: [2, 2]
	jcanizales@google.com Jorge Canizales: [37, 20]
	gcasto@chromium.org Garrett Casto: [2, 2]
	wenboz@google.com Wenbo Zhu: [152, 2]
	htuch@google.com Harvey Tuch: [460, 572]
	lipixun@gmail.com lipixun: [2, 0]
	travis.cline@gmail.com Travis Cline: [954, 498]
	msample@users.noreply.github.com msample: [288, 20]
	johansja@gmail.com Johan Sim Jian An: [73, 35]
	linuxerwang@gmail.com linuxerwang: [24, 4]
	dprotaso@gmail.com dave: [18, 8]
	nathan@nathanborror.com Nathan Borror: [2, 2]
	mail@philipithomas.com Philip I. Thomas: [11, 7]
	mmukhi@google.com MakMukhi: [857, 243]
	menghanl@google.com Menghan Li: [4433, 2300]
	toqizhao@gmail.com Qi Zhao: [604, 87]
	rhys.hiltner@gmail.com Rhys Hiltner: [122, 42]
	xyzzyz@google.com Adam Michalik: [8, 6]
	yang.clive@gmail.com Clive Young: [2, 2]
	thomashabets@users.noreply.github.com Thomas Habets: [3, 4]
	mike@iroot.net Mike Wiacek: [1, 1]
	gyuhox@gmail.com Gyu-Ho Lee: [4, 1]
	kolmodin@gmail.com Lennart Kolmodin: [902, 479]
	qiwzhang@google.com Wayne Zhang: [88, 21]
	zhangkun83@users.noreply.github.com Kun Zhang: [2, 2]
	notcarl@google.com Carl Mastrangelo: [96, 49]
	jorg.heymans@gmail.com Jorg Heymans: [4, 5]
	ejona@google.com Eric Anderson: [20, 21]
	zdapeng@google.com ZHANG Dapeng: [3, 0]
	lukasz.strzalkowski@gmail.com Łukasz Strzałkowski: [1, 1]
	joey@joeyb.org Joey Bratton: [35, 26]
	hsaliak@gmail.com Kailash Sethuraman: [59, 0]
	nishidha@us.ibm.com Nishidha: [5, 1]
	bucjac@gmail.com Jakob Buchgraber: [7, 7]
	bensigelman@users.noreply.github.com bhs: [5, 0]
	ryan.rlhh@gmail.com rlhh: [10, 13]
	guillaume@wercker.com Guillaume Fillon: [2, 2]
	mark.mandel@gmail.com Mark Mandel: [20192, 10893]
	timburks@google.com Tim Burks: [9426, 50321]
	lcarey@google.com LisaFC: [4, 4]
	josh@wealthfront.com Josh Toft: [4, 0]
	rutsky@users.noreply.github.com Vladimir Rutsky: [4, 0]
	magicae@users.noreply.github.com Hanzhao Lin: [1, 1]
	me@ian.pw Ian Macalinao: [6, 3]
	jkolhe@google.com Jayant Kolhe: [1, 1]
	chadgates@users.noreply.github.com chadgates: [1, 1]
	jan.willem.ps@gmail.com jagij: [6, 0]
	claud.coman@gmail.com Claudiu Coman: [1, 0]
image 4 655
	roth@google.com Mark D. Roth: [4, 0]
	mark.mandel@gmail.com Mark Mandel: [0, 655]
	timburks@google.com Tim Burks: [0, 0]
documentation 917 5573
	unknown@hacker.net Unknown hacker: [17, 17]
	ctiller@google.com Craig Tiller: [76, 37]
	jtattermusch@users.noreply.github.com Jan Tattermusch: [7, 69]
	stanleycheung@google.com Stanley Cheung: [39, 7]
	roth@google.com Mark D. Roth: [62, 38]
	sreek@google.com Sree Kuchibhotla: [10, 0]
	yangg@google.com yang-g: [36, 16]
	ncteisen@gmail.com Noah Eisen: [183, 0]
	ericgribkoff@google.com Eric Gribkoff: [0, 0]
	y-zeng@users.noreply.github.com Yuchen Zeng: [3, 0]
	vpai@google.com Vijay Pai: [0, 27]
	htuch@google.com Harvey Tuch: [0, 62]
	qiwzhang@google.com Wayne Zhang: [458, 0]
	zhangkun83@users.noreply.github.com Kun Zhang: [0, 0]
	ejona@google.com Eric Anderson: [1, 6]
	zdapeng@google.com ZHANG Dapeng: [12, 0]
	mark.mandel@gmail.com Mark Mandel: [6, 5292]
	matias@insaurral.de Matias Insaurralde: [5, 0]
	mail@fokkezb.nl Fokke Zandbergen: [2, 2]
ui 2 2
	mark.mandel@gmail.com Mark Mandel: [2, 2]
build 15677 2019
	unknown@hacker.net Unknown hacker: [18, 18]
	michal@improbable.io Michal Witkowski: [0, 0]
	ctiller@google.com Craig Tiller: [1291, 908]
	mxyan@google.com Muxi Yan: [15, 2]
	jtattermusch@users.noreply.github.com Jan Tattermusch: [111, 59]
	yuxuanli@google.com lyuxuan: [153, 49]
	atash@google.com Masood Malekghassemi: [4, 4]
	apolcyn@google.com apolcyn: [14, 19]
	stanleycheung@google.com Stanley Cheung: [3, 3]
	mlumish@google.com Michael Lumish: [41, 40]
	roth@google.com Mark D. Roth: [12870, 239]
	sreek@google.com Sree Kuchibhotla: [147, 98]
	mario@emmenlauer.de Mario Emmenlauer: [120, 108]
	makarandd@google.com Makarand Dharmapurikar: [4, 0]
	yangg@google.com yang-g: [216, 56]
	ncteisen@gmail.com Noah Eisen: [285, 102]
	ericgribkoff@google.com Eric Gribkoff: [90, 2]
	y-zeng@users.noreply.github.com Yuchen Zeng: [17, 0]
	dgq@google.com David G. Quintas: [47, 44]
	vpai@google.com Vijay Pai: [0, 39]
	htuch@google.com Harvey Tuch: [7, 1]
	mark.mandel@gmail.com Mark Mandel: [75, 27]
	timburks@google.com Tim Burks: [149, 201]
devel-doc 5484 5633
code 105407 78531
unknown 165149 160479
image 4 655
documentation 917 5573
ui 2 2
build 15677 2019
