Filter on "^vendor/|/vendor/"
open output file /Users/lukasz/dev/cncf/gitdm/repos/apimachinery.csv

WARNING: duplicate email/empl for pekowski@gmail.com
WARNING: duplicate email/empl for thingee@gmail.com
WARNING: duplicate email/empl for t.trifonov@gmail.com
WARNING: duplicate email/empl for lyz@princessleia.com
WARNING: duplicate email/empl for robertc@robertcollins.net
WARNING: duplicate email/empl for clint@fewbar.com
WARNING: duplicate email/empl for andrew@linuxjedi.co.uk
WARNING: duplicate email/empl for duncan.thomas@gmail.com
WARNING: duplicate email/empl for kiall@managedit.ie
WARNING: duplicate email/empl for devananda.vdv@gmail.com
WARNING: duplicate email/empl for zaro0508@gmail.com
WARNING: duplicate email/empl for shrewsbury.dave@gmail.com
WARNING: duplicate email/empl for j3p0uk@hotmail.com
WARNING: duplicate email/empl for me@mark.atwood.name
WARNING: duplicate email/empl for slicknik@gmail.com
WARNING: duplicate email/empl for cmsj@tenshu.net
WARNING: duplicate email/empl for anteaya@anteaya.info
WARNING: duplicate email/empl for greg@greghaynes.net
WARNING: duplicate email/empl for matt@mattfarina.com
WARNING: duplicate email/empl for jp@jamezpolley.com
WARNING: duplicate email/empl for steven@wedontsleep.org
WARNING: duplicate email/empl for gleebix@gmail.com
WARNING: duplicate email/empl for code@gentlydownthe.net
WARNING: duplicate email/empl for morgan.fainberg@gmail.com
WARNING: duplicate email/empl for jeblair@hp.com
WARNING: duplicate email/empl for juliaashleykreger@gmail.com
WARNING: duplicate email/empl for stephane@alum.mit.edu
WARNING: duplicate email/empl for kragniz@gmail.com
WARNING: duplicate email/empl for wchrisjohnson@gmail.com
WARNING: duplicate email/empl for daisy.ycguo@gmail.com
WARNING: duplicate email/empl for mordred@inaugust.com
WARNING: duplicate email/empl for zxkuqyb@gmail.com
WARNING: duplicate email/empl for amigliaccio@internap.com
WARNING: duplicate email/empl for yorik.sar@gmail.com
WARNING: duplicate email/empl for e0ne@e0ne.info
WARNING: duplicate email/empl for gabriel@strikeawe.com
WARNING: duplicate email/empl for heckj@mac.com
WARNING: duplicate email/empl for ke.wu@ibeca.me
WARNING: duplicate email/empl for rushi.agr@gmail.com
WARNING: duplicate email/empl for salv.orlando@gmail.com
WARNING: duplicate email/empl for tushar.vitthal.patil@gmail.com
WARNING: duplicate email/empl for jmckenty@gmail.com
WARNING: duplicate email/empl for anne@openstack.org
WARNING: duplicate email/empl for breu@breu.org
WARNING: duplicate email/empl for cbehrens@codestud.com
WARNING: duplicate email/empl for clay.gerrard@gmail.com
WARNING: duplicate email/empl for corywright@gmail.com
WARNING: duplicate email/empl for cp16net@gmail.com
WARNING: duplicate email/empl for cthier@gmail.com
WARNING: duplicate email/empl for darren.birkett@gmail.com
WARNING: duplicate email/empl for dolph.mathews@gmail.com
WARNING: duplicate email/empl for ed@leafe.com
WARNING: duplicate email/empl for github@highbridgellc.com
WARNING: duplicate email/empl for greglange@gmail.com
WARNING: duplicate email/empl for hugh@wherenow.org
WARNING: duplicate email/empl for imsplitbit@gmail.com
WARNING: duplicate email/empl for jason@koelker.net
WARNING: duplicate email/empl for jcruz7@gmail.com
WARNING: duplicate email/empl for josh@jk0.org
WARNING: duplicate email/empl for mattt@defunct.ca
WARNING: duplicate email/empl for mbasnight@gmail.com
WARNING: duplicate email/empl for mike@weirdlooking.com
WARNING: duplicate email/empl for msherborne@gmail.com
WARNING: duplicate email/empl for naveedm9@gmail.com
WARNING: duplicate email/empl for paul@openstack.org
WARNING: duplicate email/empl for rnirmal@gmail.com
WARNING: duplicate email/empl for rconradharris@gmail.com
WARNING: duplicate email/empl for thierry@openstack.org
WARNING: duplicate email/empl for throughnothing@gmail.com
WARNING: duplicate email/empl for yoga80@yahoo.com
WARNING: duplicate email/empl for mark.washenberger@markwash.net
WARNING: duplicate email/empl for p@draigbrady.com
WARNING: duplicate email/empl for zaitcev@kotori.zaitcev.us
WARNING: duplicate email/empl for julie.pichon@gmail.com
WARNING: duplicate email/empl for ghe@debian.org
WARNING: duplicate email/empl for sorrison@gmail.com
unknown@hacker.net Unknown hacker
ccoleman@redhat.com Clayton Coleman
	unknown [6106, 922]
	devel-doc [85, 2]
admin@toph.ca Christoph Blecker
	unknown [43, 2]
nikhiljindal@google.com nikhiljindal
	unknown [187, 139]
stefan.schimanski@gmail.com Dr. Stefan Schimanski
	unknown [10860, 378]
	devel-doc [55, 54]
sid@rancher.com wlan0
	unknown [31, 0]
	devel-doc [1, 0]
mehdy@google.com mbohlool
	unknown [21, 4]
jamie.hannaford@rackspace.com Jamie Hannaford
	unknown [34, 14]
	devel-doc [2, 0]
deads@redhat.com deads2k
	unknown [41690, 579]
	devel-doc [236, 0]
	code [140, 9]
mikedanese@google.com Mike Danese
	unknown [51, 126]
	devel-doc [1770, 4]
xuchao@google.com Chao Xu
	unknown [399, 158]
cezarsa@gmail.com Cezar Sa Espinola
	unknown [31, 2]
andy.goldstein@gmail.com Andy Goldstein
	unknown [613, 342]
	devel-doc [1, 0]
yifan.gu@coreos.com Yifan Gu
	unknown [3, 1]
enisoc@google.com Anthony Yeh
	unknown [83, 22]
lucas.kaldstrom@hotmail.co.uk Lucas Käldström
	unknown [5, 5]
liamwhite@uk.ibm.com Liam White
	unknown [172, 20]
	devel-doc [1, 0]
vsemushi@redhat.com Slava Semushin
	unknown [0, 1]
m@moscar.net Mikkel Oscar Lyderik Larsen
	unknown [2, 2]
yashulyak@gmail.com Dmitry Shulyak
	unknown [53, 0]
jliggitt@redhat.com Jordan Liggitt
	unknown [479, 132]
gyliu513@gmail.com Guangya Liu
	unknown [2, 4]
1585370057@qq.com jorenhehe
	unknown [2, 2]
timothysc@gmail.com Timothy St. Clair
	unknown [1082, 1036]
1004815462@qq.com knightXun
	unknown [0, 2]
mengqiy@google.com ymqytw
	unknown [1712, 629]
spxtr@google.com Joe Finney
	unknown [0, 1]
pszczesniak@google.com Piotr Szczesniak
	unknown [0, 6]
justin@fathomdb.com Justin Santa Barbara
	unknown [1, 1]
deads2k@users.noreply.github.com David Eads
maszulik@redhat.com Maciej Szulik
	unknown [272, 9]
chenr.fnst@cn.fujitsu.com xilabao
	unknown [1, 1]
wojtekt@google.com Wojciech Tyczynski
	unknown [1219, 59]
chiachenk@google.com Janet Kuo
	unknown [11, 7]
sjenning@redhat.com Seth Jennings
	unknown [2, 2]
dmcquay@apprenda.com Derek McQuay
	unknown [3, 3]
joe.github@bedafamily.com Joe Beda
	unknown [3, 1]
mbauer@us.ibm.com Morgan Bauer
	unknown [8, 2]
anastasis90@yahoo.gr Anastasis Andronidis
	unknown [52, 21]
mkhan@redhat.com Monis Khan
	unknown [5, 0]
dbsmith@google.com Daniel Smith
	unknown [35, 2]
wangzefeng@huawei.com Kevin
	unknown [11, 0]
lukasz.szaszkiewicz@gmail.com p0lyn0mial
	unknown [195, 132]
jvallejo@redhat.com juanvallejo
	unknown [56, 4]
tan.shanshan@zte.com.cn tanshanshan
	unknown [4, 4]
apelisse@google.com Antoine Pelisse
	unknown [10, 5]
grod@google.com Garrett Rodrigues
	unknown [0, 1]
pires@apprenda.com Paulo Pires
	unknown [4, 4]
unknown 65553 4787
	ccoleman@redhat.com Clayton Coleman: [6106, 922]
	admin@toph.ca Christoph Blecker: [43, 2]
	nikhiljindal@google.com nikhiljindal: [187, 139]
	stefan.schimanski@gmail.com Dr. Stefan Schimanski: [10860, 378]
	sid@rancher.com wlan0: [31, 0]
	mehdy@google.com mbohlool: [21, 4]
	jamie.hannaford@rackspace.com Jamie Hannaford: [34, 14]
	deads@redhat.com deads2k: [41690, 579]
	mikedanese@google.com Mike Danese: [51, 126]
	xuchao@google.com Chao Xu: [399, 158]
	cezarsa@gmail.com Cezar Sa Espinola: [31, 2]
	andy.goldstein@gmail.com Andy Goldstein: [613, 342]
	yifan.gu@coreos.com Yifan Gu: [3, 1]
	enisoc@google.com Anthony Yeh: [83, 22]
	lucas.kaldstrom@hotmail.co.uk Lucas Käldström: [5, 5]
	liamwhite@uk.ibm.com Liam White: [172, 20]
	vsemushi@redhat.com Slava Semushin: [0, 1]
	m@moscar.net Mikkel Oscar Lyderik Larsen: [2, 2]
	yashulyak@gmail.com Dmitry Shulyak: [53, 0]
	jliggitt@redhat.com Jordan Liggitt: [479, 132]
	gyliu513@gmail.com Guangya Liu: [2, 4]
	1585370057@qq.com jorenhehe: [2, 2]
	timothysc@gmail.com Timothy St. Clair: [1082, 1036]
	1004815462@qq.com knightXun: [0, 2]
	mengqiy@google.com ymqytw: [1712, 629]
	spxtr@google.com Joe Finney: [0, 1]
	pszczesniak@google.com Piotr Szczesniak: [0, 6]
	justin@fathomdb.com Justin Santa Barbara: [1, 1]
	maszulik@redhat.com Maciej Szulik: [272, 9]
	chenr.fnst@cn.fujitsu.com xilabao: [1, 1]
	wojtekt@google.com Wojciech Tyczynski: [1219, 59]
	chiachenk@google.com Janet Kuo: [11, 7]
	sjenning@redhat.com Seth Jennings: [2, 2]
	dmcquay@apprenda.com Derek McQuay: [3, 3]
	joe.github@bedafamily.com Joe Beda: [3, 1]
	mbauer@us.ibm.com Morgan Bauer: [8, 2]
	anastasis90@yahoo.gr Anastasis Andronidis: [52, 21]
	mkhan@redhat.com Monis Khan: [5, 0]
	dbsmith@google.com Daniel Smith: [35, 2]
	wangzefeng@huawei.com Kevin: [11, 0]
	lukasz.szaszkiewicz@gmail.com p0lyn0mial: [195, 132]
	jvallejo@redhat.com juanvallejo: [56, 4]
	tan.shanshan@zte.com.cn tanshanshan: [4, 4]
	apelisse@google.com Antoine Pelisse: [10, 5]
	grod@google.com Garrett Rodrigues: [0, 1]
	pires@apprenda.com Paulo Pires: [4, 4]
devel-doc 2151 60
	ccoleman@redhat.com Clayton Coleman: [85, 2]
	stefan.schimanski@gmail.com Dr. Stefan Schimanski: [55, 54]
	sid@rancher.com wlan0: [1, 0]
	jamie.hannaford@rackspace.com Jamie Hannaford: [2, 0]
	deads@redhat.com deads2k: [236, 0]
	mikedanese@google.com Mike Danese: [1770, 4]
	andy.goldstein@gmail.com Andy Goldstein: [1, 0]
	liamwhite@uk.ibm.com Liam White: [1, 0]
code 140 9
	deads@redhat.com deads2k: [140, 9]
unknown 65553 4787
devel-doc 2151 60
code 140 9
