Filter on "^vendor/|/vendor/"
open output file /Users/lukasz/dev/cncf/gitdm/repos/apiserver.csv

WARNING: duplicate email/empl for pekowski@gmail.com
WARNING: duplicate email/empl for thingee@gmail.com
WARNING: duplicate email/empl for t.trifonov@gmail.com
WARNING: duplicate email/empl for lyz@princessleia.com
WARNING: duplicate email/empl for robertc@robertcollins.net
WARNING: duplicate email/empl for clint@fewbar.com
WARNING: duplicate email/empl for andrew@linuxjedi.co.uk
WARNING: duplicate email/empl for duncan.thomas@gmail.com
WARNING: duplicate email/empl for kiall@managedit.ie
WARNING: duplicate email/empl for devananda.vdv@gmail.com
WARNING: duplicate email/empl for zaro0508@gmail.com
WARNING: duplicate email/empl for shrewsbury.dave@gmail.com
WARNING: duplicate email/empl for j3p0uk@hotmail.com
WARNING: duplicate email/empl for me@mark.atwood.name
WARNING: duplicate email/empl for slicknik@gmail.com
WARNING: duplicate email/empl for cmsj@tenshu.net
WARNING: duplicate email/empl for anteaya@anteaya.info
WARNING: duplicate email/empl for greg@greghaynes.net
WARNING: duplicate email/empl for matt@mattfarina.com
WARNING: duplicate email/empl for jp@jamezpolley.com
WARNING: duplicate email/empl for steven@wedontsleep.org
WARNING: duplicate email/empl for gleebix@gmail.com
WARNING: duplicate email/empl for code@gentlydownthe.net
WARNING: duplicate email/empl for morgan.fainberg@gmail.com
WARNING: duplicate email/empl for jeblair@hp.com
WARNING: duplicate email/empl for juliaashleykreger@gmail.com
WARNING: duplicate email/empl for stephane@alum.mit.edu
WARNING: duplicate email/empl for kragniz@gmail.com
WARNING: duplicate email/empl for wchrisjohnson@gmail.com
WARNING: duplicate email/empl for daisy.ycguo@gmail.com
WARNING: duplicate email/empl for mordred@inaugust.com
WARNING: duplicate email/empl for zxkuqyb@gmail.com
WARNING: duplicate email/empl for amigliaccio@internap.com
WARNING: duplicate email/empl for yorik.sar@gmail.com
WARNING: duplicate email/empl for e0ne@e0ne.info
WARNING: duplicate email/empl for gabriel@strikeawe.com
WARNING: duplicate email/empl for heckj@mac.com
WARNING: duplicate email/empl for ke.wu@ibeca.me
WARNING: duplicate email/empl for rushi.agr@gmail.com
WARNING: duplicate email/empl for salv.orlando@gmail.com
WARNING: duplicate email/empl for tushar.vitthal.patil@gmail.com
WARNING: duplicate email/empl for jmckenty@gmail.com
WARNING: duplicate email/empl for anne@openstack.org
WARNING: duplicate email/empl for breu@breu.org
WARNING: duplicate email/empl for cbehrens@codestud.com
WARNING: duplicate email/empl for clay.gerrard@gmail.com
WARNING: duplicate email/empl for corywright@gmail.com
WARNING: duplicate email/empl for cp16net@gmail.com
WARNING: duplicate email/empl for cthier@gmail.com
WARNING: duplicate email/empl for darren.birkett@gmail.com
WARNING: duplicate email/empl for dolph.mathews@gmail.com
WARNING: duplicate email/empl for ed@leafe.com
WARNING: duplicate email/empl for github@highbridgellc.com
WARNING: duplicate email/empl for greglange@gmail.com
WARNING: duplicate email/empl for hugh@wherenow.org
WARNING: duplicate email/empl for imsplitbit@gmail.com
WARNING: duplicate email/empl for jason@koelker.net
WARNING: duplicate email/empl for jcruz7@gmail.com
WARNING: duplicate email/empl for josh@jk0.org
WARNING: duplicate email/empl for mattt@defunct.ca
WARNING: duplicate email/empl for mbasnight@gmail.com
WARNING: duplicate email/empl for mike@weirdlooking.com
WARNING: duplicate email/empl for msherborne@gmail.com
WARNING: duplicate email/empl for naveedm9@gmail.com
WARNING: duplicate email/empl for paul@openstack.org
WARNING: duplicate email/empl for rnirmal@gmail.com
WARNING: duplicate email/empl for rconradharris@gmail.com
WARNING: duplicate email/empl for thierry@openstack.org
WARNING: duplicate email/empl for throughnothing@gmail.com
WARNING: duplicate email/empl for yoga80@yahoo.com
WARNING: duplicate email/empl for mark.washenberger@markwash.net
WARNING: duplicate email/empl for p@draigbrady.com
WARNING: duplicate email/empl for zaitcev@kotori.zaitcev.us
WARNING: duplicate email/empl for julie.pichon@gmail.com
WARNING: duplicate email/empl for ghe@debian.org
WARNING: duplicate email/empl for sorrison@gmail.com
unknown@hacker.net Unknown hacker
ccoleman@redhat.com Clayton Coleman
	unknown [1107, 599]
	devel-doc [59, 39]
mehdy@google.com mbohlool
	unknown [179, 25]
	devel-doc [37, 22]
yu.peng36@zte.com.cn yupengzte
	unknown [1, 1]
shyamjvs@google.com Shyam Jeedigunta
	unknown [3, 2]
stclair@google.com Tim St. Clair
	unknown [8549, 18]
	devel-doc [129, 1]
admin@toph.ca Christoph Blecker
	unknown [23, 9]
stefan.schimanski@gmail.com Dr. Stefan Schimanski
	unknown [41088, 1066]
	devel-doc [1835, 546]
	code [102, 0]
caosf.fnst@cn.fujitsu.com Cao Shufeng
	unknown [63, 30]
	devel-doc [1, 1]
deads@redhat.com deads2k
	unknown [37190, 3246]
	devel-doc [451, 242]
	code [175, 0]
lukasz.szaszkiewicz@gmail.com p0lyn0mial
	unknown [371, 31]
	devel-doc [15, 1]
nikhiljindal@google.com nikhiljindal
	unknown [204, 45]
xuchao@google.com Chao Xu
	unknown [444, 491]
	devel-doc [16, 17]
nislamov@atlassian.com Nail Islamov
	unknown [5, 5]
rmmh@google.com Ryan Hitchman
	unknown [92, 4]
	devel-doc [6, 1]
deads2k@users.noreply.github.com David Eads
mbauer@us.ibm.com Morgan Bauer
	devel-doc [3, 2]
zhao.xiangpeng@zte.com.cn xiangpengzhao
	unknown [2, 2]
mikedanese@google.com Mike Danese
	unknown [1, 1]
	devel-doc [2905, 0]
andy.goldstein@gmail.com Andy Goldstein
	unknown [29, 109]
pwittroc@google.com Phillip Wittrock
	unknown [8, 0]
lucas.kaldstrom@hotmail.co.uk Lucas Käldström
	unknown [1, 1]
jwhitlock@apache.org Jeremy Whitlock
	unknown [821, 0]
	devel-doc [18, 0]
	code [107, 0]
enisoc@google.com Anthony Yeh
	unknown [71, 16]
mkhan@redhat.com Monis Khan
	unknown [10, 0]
zhouhaibing089@gmail.com zhouhaibing089
	unknown [48, 6]
jliggitt@redhat.com Jordan Liggitt
	unknown [339, 71]
	devel-doc [2, 0]
marun@redhat.com Maru Newby
	unknown [42, 43]
gmarek@google.com gmarek
	unknown [15, 9]
jesse.haka@elisa.fi Jesse Haka
	unknown [7, 7]
chenr.fnst@cn.fujitsu.com xilabao
	unknown [1, 5]
mml@google.com Matt Liggett
	unknown [23, 3]
spzala@us.ibm.com Sahdev P. Zala
	unknown [14, 0]
timothysc@gmail.com Timothy St. Clair
	unknown [387, 345]
a10gupta@linux.vnet.ibm.com Abhishek Dasgupta
	unknown [79, 76]
jmyue@hotmail.com supereagle
	devel-doc [2, 2]
dims@linux.vnet.ibm.com Davanum Srinivas
	unknown [1, 1]
spxtr@google.com Joe Finney
	unknown [0, 1]
lin.youchong@zte.com.cn linyouchong
	unknown [3, 3]
m@moscar.net Mikkel Oscar Lyderik Larsen
	unknown [1, 1]
curtis.allen@robotsandpencils.com Curtis Allen
	unknown [5, 5]
dominik.schulz@gauner.org Dominik Schulz
	unknown [47, 1]
mengqiy@google.com ymqytw
	unknown [34, 2]
maszulik@redhat.com Maciej Szulik
	unknown [0, 88]
eric.chiang.m@gmail.com Eric Chiang
	unknown [26, 8]
decarr@redhat.com Derek Carr
	unknown [4, 3]
wojtekt@google.com Wojciech Tyczynski
	unknown [195, 173]
	devel-doc [8, 6]
chiachenk@google.com Janet Kuo
	unknown [4, 4]
sjenning@redhat.com Seth Jennings
	unknown [4, 70]
21521209@zju.edu.cn jg Chen
	unknown [1, 1]
gus@inodes.org Angus Lees
	unknown [2, 2]
rrati@redhat.com Robert Rati
	unknown [2, 0]
chenjg@harmonycloud.cn fate-grand-order
	unknown [1, 1]
unknown 91547 6630
	ccoleman@redhat.com Clayton Coleman: [1107, 599]
	mehdy@google.com mbohlool: [179, 25]
	yu.peng36@zte.com.cn yupengzte: [1, 1]
	shyamjvs@google.com Shyam Jeedigunta: [3, 2]
	stclair@google.com Tim St. Clair: [8549, 18]
	admin@toph.ca Christoph Blecker: [23, 9]
	stefan.schimanski@gmail.com Dr. Stefan Schimanski: [41088, 1066]
	caosf.fnst@cn.fujitsu.com Cao Shufeng: [63, 30]
	deads@redhat.com deads2k: [37190, 3246]
	lukasz.szaszkiewicz@gmail.com p0lyn0mial: [371, 31]
	nikhiljindal@google.com nikhiljindal: [204, 45]
	xuchao@google.com Chao Xu: [444, 491]
	nislamov@atlassian.com Nail Islamov: [5, 5]
	rmmh@google.com Ryan Hitchman: [92, 4]
	zhao.xiangpeng@zte.com.cn xiangpengzhao: [2, 2]
	mikedanese@google.com Mike Danese: [1, 1]
	andy.goldstein@gmail.com Andy Goldstein: [29, 109]
	pwittroc@google.com Phillip Wittrock: [8, 0]
	lucas.kaldstrom@hotmail.co.uk Lucas Käldström: [1, 1]
	jwhitlock@apache.org Jeremy Whitlock: [821, 0]
	enisoc@google.com Anthony Yeh: [71, 16]
	mkhan@redhat.com Monis Khan: [10, 0]
	zhouhaibing089@gmail.com zhouhaibing089: [48, 6]
	jliggitt@redhat.com Jordan Liggitt: [339, 71]
	marun@redhat.com Maru Newby: [42, 43]
	gmarek@google.com gmarek: [15, 9]
	jesse.haka@elisa.fi Jesse Haka: [7, 7]
	chenr.fnst@cn.fujitsu.com xilabao: [1, 5]
	mml@google.com Matt Liggett: [23, 3]
	spzala@us.ibm.com Sahdev P. Zala: [14, 0]
	timothysc@gmail.com Timothy St. Clair: [387, 345]
	a10gupta@linux.vnet.ibm.com Abhishek Dasgupta: [79, 76]
	dims@linux.vnet.ibm.com Davanum Srinivas: [1, 1]
	spxtr@google.com Joe Finney: [0, 1]
	lin.youchong@zte.com.cn linyouchong: [3, 3]
	m@moscar.net Mikkel Oscar Lyderik Larsen: [1, 1]
	curtis.allen@robotsandpencils.com Curtis Allen: [5, 5]
	dominik.schulz@gauner.org Dominik Schulz: [47, 1]
	mengqiy@google.com ymqytw: [34, 2]
	maszulik@redhat.com Maciej Szulik: [0, 88]
	eric.chiang.m@gmail.com Eric Chiang: [26, 8]
	decarr@redhat.com Derek Carr: [4, 3]
	wojtekt@google.com Wojciech Tyczynski: [195, 173]
	chiachenk@google.com Janet Kuo: [4, 4]
	sjenning@redhat.com Seth Jennings: [4, 70]
	21521209@zju.edu.cn jg Chen: [1, 1]
	gus@inodes.org Angus Lees: [2, 2]
	rrati@redhat.com Robert Rati: [2, 0]
	chenjg@harmonycloud.cn fate-grand-order: [1, 1]
devel-doc 5487 880
	ccoleman@redhat.com Clayton Coleman: [59, 39]
	mehdy@google.com mbohlool: [37, 22]
	stclair@google.com Tim St. Clair: [129, 1]
	stefan.schimanski@gmail.com Dr. Stefan Schimanski: [1835, 546]
	caosf.fnst@cn.fujitsu.com Cao Shufeng: [1, 1]
	deads@redhat.com deads2k: [451, 242]
	lukasz.szaszkiewicz@gmail.com p0lyn0mial: [15, 1]
	xuchao@google.com Chao Xu: [16, 17]
	rmmh@google.com Ryan Hitchman: [6, 1]
	mbauer@us.ibm.com Morgan Bauer: [3, 2]
	mikedanese@google.com Mike Danese: [2905, 0]
	jwhitlock@apache.org Jeremy Whitlock: [18, 0]
	jliggitt@redhat.com Jordan Liggitt: [2, 0]
	jmyue@hotmail.com supereagle: [2, 2]
	wojtekt@google.com Wojciech Tyczynski: [8, 6]
code 384 0
	stefan.schimanski@gmail.com Dr. Stefan Schimanski: [102, 0]
	deads@redhat.com deads2k: [175, 0]
	jwhitlock@apache.org Jeremy Whitlock: [107, 0]
unknown 91547 6630
devel-doc 5487 880
code 384 0
