Filter on "^vendor/|/vendor/"
open output file /Users/lukasz/dev/cncf/gitdm/repos/apiserver-builder.csv

WARNING: duplicate email/empl for sandeeppissay@users.noreply.github.com
WARNING: duplicate email/empl for ssrinivas@vmware.com
(Unknown) unknown@hacker.net Unknown hacker
Google pwittroc+github@google.com Phillip Wittrock
	devel-doc [3617, 3471]
	code [61854, 61795]
	unknown [46617, 38278]
	image [3247, 3247]
	documentation [20764, 20748]
	ui [71, 71]
	build [272, 225]
Virtuozzo ibazhitov@virtuozzo.com Igor Bazhitov
	unknown [12, 8]
Virtuozzo avagin@virtuozzo.com Andrei Vagin
	unknown [1, 1]
Red Hat sross@redhat.com Solly Ross
	unknown [253, 1]
	devel-doc [9, 0]
Google alexanderhcampbell@gmail.com Alexander Campbell
	unknown [183, 275]
	devel-doc [13, 14]
	build [24, 0]
Red Hat jimmidyson@gmail.com Jimmi Dyson
	unknown [26, 21]
CoreOS xiangli.cs@gmail.com Xiang
	unknown [276, 43]
	build [2, 2]
Ceph calebamiles@users.noreply.github.com caleb miles
	unknown [16, 0]
	devel-doc [282, 2]
devel-doc 3921 3487
	Google pwittroc+github@google.com Phillip Wittrock: [3617, 3471]
	Red Hat sross@redhat.com Solly Ross: [9, 0]
	Google alexanderhcampbell@gmail.com Alexander Campbell: [13, 14]
	Ceph calebamiles@users.noreply.github.com caleb miles: [282, 2]
code 61854 61795
	Google pwittroc+github@google.com Phillip Wittrock: [61854, 61795]
unknown 47384 38627
	Google pwittroc+github@google.com Phillip Wittrock: [46617, 38278]
	Virtuozzo ibazhitov@virtuozzo.com Igor Bazhitov: [12, 8]
	Virtuozzo avagin@virtuozzo.com Andrei Vagin: [1, 1]
	Red Hat sross@redhat.com Solly Ross: [253, 1]
	Google alexanderhcampbell@gmail.com Alexander Campbell: [183, 275]
	Red Hat jimmidyson@gmail.com Jimmi Dyson: [26, 21]
	CoreOS xiangli.cs@gmail.com Xiang: [276, 43]
	Ceph calebamiles@users.noreply.github.com caleb miles: [16, 0]
image 3247 3247
	Google pwittroc+github@google.com Phillip Wittrock: [3247, 3247]
documentation 20764 20748
	Google pwittroc+github@google.com Phillip Wittrock: [20764, 20748]
ui 71 71
	Google pwittroc+github@google.com Phillip Wittrock: [71, 71]
build 298 227
	Google pwittroc+github@google.com Phillip Wittrock: [272, 225]
	Google alexanderhcampbell@gmail.com Alexander Campbell: [24, 0]
	CoreOS xiangli.cs@gmail.com Xiang: [2, 2]
devel-doc 3921 3487
code 61854 61795
unknown 47384 38627
image 3247 3247
documentation 20764 20748
ui 71 71
build 298 227
