open output file /Users/lukasz/dev/cncf/gitdm/repos/autoscaler.csv

unknown@hacker.net Unknown hacker
maciekpytel@google.com MaciekPytel
	unknown [1833, 344]
	devel-doc [10, 8]
	code [572, 0]
	documentation [46, 0]
walt@seamlessdocs.com Matthew Walter
	unknown [5, 5]
mwielgus@google.com Marcin Wielgus
	unknown [1272005, 445467]
	devel-doc [24537, 10455]
	code [3184, 59]
	build [312, 5]
	documentation [4590, 1082]
ykuoka@gmail.com Yusuke Kuoka
	unknown [2067, 720]
	devel-doc [83, 1]
	build [5, 1]
gfilipek@google.com Gabriela Filipek
	unknown [647965, 0]
	devel-doc [9947, 0]
	code [449, 0]
	build [178, 0]
	documentation [1083, 0]
jessek@allenai.org Jesse Kinkead
	unknown [21, 21]
ouyang.qinhua@zte.com.cn bruceauyeung
	devel-doc [2, 2]
kgrygiel+github@google.com kgrygiel
	unknown [673, 110]
kenm47@users.noreply.github.com Kendall Miller
	devel-doc [1, 1]
k8s-merge-robot@users.noreply.github.com Kubernetes Submit Queue
diwu1989@users.noreply.github.com Di Wu
	unknown [12, 11]
	devel-doc [2, 2]
chenjg@harmonycloud.cn fate-grand-order
	unknown [3, 3]
me@philkates.com Phil Kates
	unknown [2, 1]
oatamanenko@eastbanctech.com Oleg Atamanenko
	unknown [11703, 2]
	devel-doc [487, 0]
andrew@wattpad.com andrewsykim
	unknown [25, 14]
	devel-doc [143, 6]
jgrafton@google.com Jeff Grafton
	build [1, 1]
thebigjc@gmail.com thebigjc
	unknown [498, 44]
	devel-doc [4, 2]
apelisse@google.com Antoine Pelisse
	unknown [5, 2]
craig@craig-willis.co.uk Craig Willis
	unknown [2, 2]
rhyde@hydenetworks.com Trey Hyde
	build [3, 2]
crigor@gmail.com Christopher Rigor
	unknown [1, 1]
arnaldo@luizalabs.com Arnaldo de Moraes Pereira
	devel-doc [1, 1]
jchaloup@redhat.com Jan Chaloupka
	unknown [32, 32]
	code [2, 2]
osxi@users.noreply.github.com osxi
	unknown [5085, 2]
	devel-doc [26, 0]
pszczesniak@google.com Piotr Szczesniak
	unknown [89865, 9650]
	devel-doc [777, 26]
	code [40, 0]
	build [0, 0]
	documentation [0, 0]
maciej.strzelecki@gmail.com Maciej Strzelecki
	unknown [0, 47]
	devel-doc [0, 1]
ramanathana@google.com foxish
	unknown [5, 0]
mikedanese@gmail.com Mike Danese
filipg@google.com Filip Grzadkowski
	unknown [140786, 34530]
	devel-doc [2878, 130]
	code [102, 60]
	build [70, 76]
	documentation [55, 7]
madhusudancs@google.com Madhusudan.C.S
	unknown [71, 24]
	devel-doc [2, 1]
zml@google.com Zach Loafman
	unknown [9, 8]
jsz@google.com Jerzy Szczepkowski
	unknown [35, 12]
eparis@redhat.com Eric Paris
	unknown [23, 0]
unknown 2172731 491052
	maciekpytel@google.com MaciekPytel: [1833, 344]
	walt@seamlessdocs.com Matthew Walter: [5, 5]
	mwielgus@google.com Marcin Wielgus: [1272005, 445467]
	ykuoka@gmail.com Yusuke Kuoka: [2067, 720]
	gfilipek@google.com Gabriela Filipek: [647965, 0]
	jessek@allenai.org Jesse Kinkead: [21, 21]
	kgrygiel+github@google.com kgrygiel: [673, 110]
	diwu1989@users.noreply.github.com Di Wu: [12, 11]
	chenjg@harmonycloud.cn fate-grand-order: [3, 3]
	me@philkates.com Phil Kates: [2, 1]
	oatamanenko@eastbanctech.com Oleg Atamanenko: [11703, 2]
	andrew@wattpad.com andrewsykim: [25, 14]
	thebigjc@gmail.com thebigjc: [498, 44]
	apelisse@google.com Antoine Pelisse: [5, 2]
	craig@craig-willis.co.uk Craig Willis: [2, 2]
	crigor@gmail.com Christopher Rigor: [1, 1]
	jchaloup@redhat.com Jan Chaloupka: [32, 32]
	osxi@users.noreply.github.com osxi: [5085, 2]
	pszczesniak@google.com Piotr Szczesniak: [89865, 9650]
	maciej.strzelecki@gmail.com Maciej Strzelecki: [0, 47]
	ramanathana@google.com foxish: [5, 0]
	filipg@google.com Filip Grzadkowski: [140786, 34530]
	madhusudancs@google.com Madhusudan.C.S: [71, 24]
	zml@google.com Zach Loafman: [9, 8]
	jsz@google.com Jerzy Szczepkowski: [35, 12]
	eparis@redhat.com Eric Paris: [23, 0]
devel-doc 38900 10636
	maciekpytel@google.com MaciekPytel: [10, 8]
	mwielgus@google.com Marcin Wielgus: [24537, 10455]
	ykuoka@gmail.com Yusuke Kuoka: [83, 1]
	gfilipek@google.com Gabriela Filipek: [9947, 0]
	ouyang.qinhua@zte.com.cn bruceauyeung: [2, 2]
	kenm47@users.noreply.github.com Kendall Miller: [1, 1]
	diwu1989@users.noreply.github.com Di Wu: [2, 2]
	oatamanenko@eastbanctech.com Oleg Atamanenko: [487, 0]
	andrew@wattpad.com andrewsykim: [143, 6]
	thebigjc@gmail.com thebigjc: [4, 2]
	arnaldo@luizalabs.com Arnaldo de Moraes Pereira: [1, 1]
	osxi@users.noreply.github.com osxi: [26, 0]
	pszczesniak@google.com Piotr Szczesniak: [777, 26]
	maciej.strzelecki@gmail.com Maciej Strzelecki: [0, 1]
	filipg@google.com Filip Grzadkowski: [2878, 130]
	madhusudancs@google.com Madhusudan.C.S: [2, 1]
code 4349 121
	maciekpytel@google.com MaciekPytel: [572, 0]
	mwielgus@google.com Marcin Wielgus: [3184, 59]
	gfilipek@google.com Gabriela Filipek: [449, 0]
	jchaloup@redhat.com Jan Chaloupka: [2, 2]
	pszczesniak@google.com Piotr Szczesniak: [40, 0]
	filipg@google.com Filip Grzadkowski: [102, 60]
build 569 85
	mwielgus@google.com Marcin Wielgus: [312, 5]
	ykuoka@gmail.com Yusuke Kuoka: [5, 1]
	gfilipek@google.com Gabriela Filipek: [178, 0]
	jgrafton@google.com Jeff Grafton: [1, 1]
	rhyde@hydenetworks.com Trey Hyde: [3, 2]
	pszczesniak@google.com Piotr Szczesniak: [0, 0]
	filipg@google.com Filip Grzadkowski: [70, 76]
documentation 5774 1089
	maciekpytel@google.com MaciekPytel: [46, 0]
	mwielgus@google.com Marcin Wielgus: [4590, 1082]
	gfilipek@google.com Gabriela Filipek: [1083, 0]
	pszczesniak@google.com Piotr Szczesniak: [0, 0]
	filipg@google.com Filip Grzadkowski: [55, 7]
unknown 2172731 491052
devel-doc 38900 10636
code 4349 121
build 569 85
documentation 5774 1089
