Filter on "^vendor/|/vendor/"
open output file /Users/lukasz/dev/cncf/gitdm/repos/bootkube.csv

WARNING: duplicate email/empl for pekowski@gmail.com
WARNING: duplicate email/empl for thingee@gmail.com
WARNING: duplicate email/empl for t.trifonov@gmail.com
WARNING: duplicate email/empl for lyz@princessleia.com
WARNING: duplicate email/empl for robertc@robertcollins.net
WARNING: duplicate email/empl for clint@fewbar.com
WARNING: duplicate email/empl for andrew@linuxjedi.co.uk
WARNING: duplicate email/empl for duncan.thomas@gmail.com
WARNING: duplicate email/empl for kiall@managedit.ie
WARNING: duplicate email/empl for devananda.vdv@gmail.com
WARNING: duplicate email/empl for zaro0508@gmail.com
WARNING: duplicate email/empl for shrewsbury.dave@gmail.com
WARNING: duplicate email/empl for j3p0uk@hotmail.com
WARNING: duplicate email/empl for me@mark.atwood.name
WARNING: duplicate email/empl for slicknik@gmail.com
WARNING: duplicate email/empl for cmsj@tenshu.net
WARNING: duplicate email/empl for anteaya@anteaya.info
WARNING: duplicate email/empl for greg@greghaynes.net
WARNING: duplicate email/empl for matt@mattfarina.com
WARNING: duplicate email/empl for jp@jamezpolley.com
WARNING: duplicate email/empl for steven@wedontsleep.org
WARNING: duplicate email/empl for gleebix@gmail.com
WARNING: duplicate email/empl for code@gentlydownthe.net
WARNING: duplicate email/empl for morgan.fainberg@gmail.com
WARNING: duplicate email/empl for jeblair@hp.com
WARNING: duplicate email/empl for juliaashleykreger@gmail.com
WARNING: duplicate email/empl for stephane@alum.mit.edu
WARNING: duplicate email/empl for kragniz@gmail.com
WARNING: duplicate email/empl for wchrisjohnson@gmail.com
WARNING: duplicate email/empl for daisy.ycguo@gmail.com
WARNING: duplicate email/empl for mordred@inaugust.com
WARNING: duplicate email/empl for zxkuqyb@gmail.com
WARNING: duplicate email/empl for amigliaccio@internap.com
WARNING: duplicate email/empl for yorik.sar@gmail.com
WARNING: duplicate email/empl for e0ne@e0ne.info
WARNING: duplicate email/empl for gabriel@strikeawe.com
WARNING: duplicate email/empl for heckj@mac.com
WARNING: duplicate email/empl for ke.wu@ibeca.me
WARNING: duplicate email/empl for rushi.agr@gmail.com
WARNING: duplicate email/empl for salv.orlando@gmail.com
WARNING: duplicate email/empl for tushar.vitthal.patil@gmail.com
WARNING: duplicate email/empl for jmckenty@gmail.com
WARNING: duplicate email/empl for anne@openstack.org
WARNING: duplicate email/empl for breu@breu.org
WARNING: duplicate email/empl for cbehrens@codestud.com
WARNING: duplicate email/empl for clay.gerrard@gmail.com
WARNING: duplicate email/empl for corywright@gmail.com
WARNING: duplicate email/empl for cp16net@gmail.com
WARNING: duplicate email/empl for cthier@gmail.com
WARNING: duplicate email/empl for darren.birkett@gmail.com
WARNING: duplicate email/empl for dolph.mathews@gmail.com
WARNING: duplicate email/empl for ed@leafe.com
WARNING: duplicate email/empl for github@highbridgellc.com
WARNING: duplicate email/empl for greglange@gmail.com
WARNING: duplicate email/empl for hugh@wherenow.org
WARNING: duplicate email/empl for imsplitbit@gmail.com
WARNING: duplicate email/empl for jason@koelker.net
WARNING: duplicate email/empl for jcruz7@gmail.com
WARNING: duplicate email/empl for josh@jk0.org
WARNING: duplicate email/empl for mattt@defunct.ca
WARNING: duplicate email/empl for mbasnight@gmail.com
WARNING: duplicate email/empl for mike@weirdlooking.com
WARNING: duplicate email/empl for msherborne@gmail.com
WARNING: duplicate email/empl for naveedm9@gmail.com
WARNING: duplicate email/empl for paul@openstack.org
WARNING: duplicate email/empl for rnirmal@gmail.com
WARNING: duplicate email/empl for rconradharris@gmail.com
WARNING: duplicate email/empl for thierry@openstack.org
WARNING: duplicate email/empl for throughnothing@gmail.com
WARNING: duplicate email/empl for yoga80@yahoo.com
WARNING: duplicate email/empl for mark.washenberger@markwash.net
WARNING: duplicate email/empl for p@draigbrady.com
WARNING: duplicate email/empl for zaitcev@kotori.zaitcev.us
WARNING: duplicate email/empl for julie.pichon@gmail.com
WARNING: duplicate email/empl for ghe@debian.org
WARNING: duplicate email/empl for sorrison@gmail.com
unknown@hacker.net Unknown hacker
xiangli.cs@gmail.com Xiang Li
	unknown [693, 169]
	devel-doc [8, 2]
yifan.gu@coreos.com Yifan Gu
	unknown [1081, 182]
	devel-doc [5, 0]
	code [76, 35]
	build [16, 3]
hongchaodeng1@gmail.com Hongchao Deng
	unknown [594, 189]
	code [2, 2]
	build [10, 3]
pb@coreos.com Patrick Baxter
	unknown [1137, 295]
	devel-doc [43, 0]
	code [100, 54]
	build [6, 4]
dpontor@gmail.com Diego Pontoriero
	unknown [2462, 885]
	devel-doc [29, 3]
	code [36, 23]
aaronjlevy@gmail.com Aaron Levy
	unknown [7377, 3772]
	devel-doc [532, 189]
	code [650, 286]
	build [146, 123]
kamal@marhubi.com Kamal Marhubi
	unknown [13, 11]
	code [1, 1]
robertbailey@google.com Robert Bailey
	unknown [3, 3]
	code [23, 21]
shanestarcher@gmail.com Shane Starcher
	devel-doc [1, 1]
levi.blackstone@rackspace.com Levi Blackstone
	unknown [145, 76]
jamie.hannaford@rackspace.com Jamie Hannaford
	unknown [114, 18]
dghubble@gmail.com Dalton Hubble
	unknown [2225, 756]
	devel-doc [1, 1]
	code [2, 2]
	build [1, 1]
lserven@gmail.com Lucas Serven
	unknown [169, 102]
	code [1, 1]
	build [1, 1]
parkerderek86@gmail.com Derek Parker
	unknown [1920, 1196]
	devel-doc [100, 4]
	code [49, 19]
	build [21, 9]
hasbro17@gmail.com hasbro17
	unknown [3, 3]
carolyn.vanslyck@rackspace.com Carolyn Van Slyck
	unknown [48, 40]
eric.chiang.m@gmail.com Eric Chiang
	unknown [584, 2016]
	code [41, 81]
	build [3, 9]
jan.willies@accenture.com Jan Willies
	unknown [0, 1]
dhawal55@gmail.com Dhawal Patel
	unknown [78, 6]
	devel-doc [9, 2]
rahul@rmenn.in Rahul
	devel-doc [6, 0]
dan.gillespie@coreos.com Dan Gillespie
	unknown [6, 2]
	devel-doc [3, 0]
	build [23, 11]
me@quentin-machu.fr Quentin Machu
	unknown [531, 153]
	code [85, 42]
adieu@adieu.me adieu
	unknown [3, 0]
brandon@ifup.org Brandon Philips
	unknown [8, 12]
	devel-doc [14, 2]
norlund@gmail.com jmn
	unknown [1, 1]
justin@fathomdb.com Justin Santa Barbara
	unknown [79, 67]
	devel-doc [1, 2]
fbranczyk@gmail.com Frederic Branczyk
	unknown [44, 6]
wael.nasreddine@gmail.com Wael M. Nasreddine
	unknown [9, 1]
kenan435@gmail.com Kenan Karamehmedovic
	unknown [53, 13]
chance.zibolski@gmail.com Chance Zibolski
	unknown [2, 3]
antonio.meireles@reformi.st António Meireles
	unknown [2, 2]
gosharplite@gmail.com Tony Hsu
	devel-doc [1, 1]
unknown 19384 9980
	xiangli.cs@gmail.com Xiang Li: [693, 169]
	yifan.gu@coreos.com Yifan Gu: [1081, 182]
	hongchaodeng1@gmail.com Hongchao Deng: [594, 189]
	pb@coreos.com Patrick Baxter: [1137, 295]
	dpontor@gmail.com Diego Pontoriero: [2462, 885]
	aaronjlevy@gmail.com Aaron Levy: [7377, 3772]
	kamal@marhubi.com Kamal Marhubi: [13, 11]
	robertbailey@google.com Robert Bailey: [3, 3]
	levi.blackstone@rackspace.com Levi Blackstone: [145, 76]
	jamie.hannaford@rackspace.com Jamie Hannaford: [114, 18]
	dghubble@gmail.com Dalton Hubble: [2225, 756]
	lserven@gmail.com Lucas Serven: [169, 102]
	parkerderek86@gmail.com Derek Parker: [1920, 1196]
	hasbro17@gmail.com hasbro17: [3, 3]
	carolyn.vanslyck@rackspace.com Carolyn Van Slyck: [48, 40]
	eric.chiang.m@gmail.com Eric Chiang: [584, 2016]
	jan.willies@accenture.com Jan Willies: [0, 1]
	dhawal55@gmail.com Dhawal Patel: [78, 6]
	dan.gillespie@coreos.com Dan Gillespie: [6, 2]
	me@quentin-machu.fr Quentin Machu: [531, 153]
	adieu@adieu.me adieu: [3, 0]
	brandon@ifup.org Brandon Philips: [8, 12]
	norlund@gmail.com jmn: [1, 1]
	justin@fathomdb.com Justin Santa Barbara: [79, 67]
	fbranczyk@gmail.com Frederic Branczyk: [44, 6]
	wael.nasreddine@gmail.com Wael M. Nasreddine: [9, 1]
	kenan435@gmail.com Kenan Karamehmedovic: [53, 13]
	chance.zibolski@gmail.com Chance Zibolski: [2, 3]
	antonio.meireles@reformi.st António Meireles: [2, 2]
devel-doc 753 207
	xiangli.cs@gmail.com Xiang Li: [8, 2]
	yifan.gu@coreos.com Yifan Gu: [5, 0]
	pb@coreos.com Patrick Baxter: [43, 0]
	dpontor@gmail.com Diego Pontoriero: [29, 3]
	aaronjlevy@gmail.com Aaron Levy: [532, 189]
	shanestarcher@gmail.com Shane Starcher: [1, 1]
	dghubble@gmail.com Dalton Hubble: [1, 1]
	parkerderek86@gmail.com Derek Parker: [100, 4]
	dhawal55@gmail.com Dhawal Patel: [9, 2]
	rahul@rmenn.in Rahul: [6, 0]
	dan.gillespie@coreos.com Dan Gillespie: [3, 0]
	brandon@ifup.org Brandon Philips: [14, 2]
	justin@fathomdb.com Justin Santa Barbara: [1, 2]
	gosharplite@gmail.com Tony Hsu: [1, 1]
code 1066 567
	yifan.gu@coreos.com Yifan Gu: [76, 35]
	hongchaodeng1@gmail.com Hongchao Deng: [2, 2]
	pb@coreos.com Patrick Baxter: [100, 54]
	dpontor@gmail.com Diego Pontoriero: [36, 23]
	aaronjlevy@gmail.com Aaron Levy: [650, 286]
	kamal@marhubi.com Kamal Marhubi: [1, 1]
	robertbailey@google.com Robert Bailey: [23, 21]
	dghubble@gmail.com Dalton Hubble: [2, 2]
	lserven@gmail.com Lucas Serven: [1, 1]
	parkerderek86@gmail.com Derek Parker: [49, 19]
	eric.chiang.m@gmail.com Eric Chiang: [41, 81]
	me@quentin-machu.fr Quentin Machu: [85, 42]
build 227 164
	yifan.gu@coreos.com Yifan Gu: [16, 3]
	hongchaodeng1@gmail.com Hongchao Deng: [10, 3]
	pb@coreos.com Patrick Baxter: [6, 4]
	aaronjlevy@gmail.com Aaron Levy: [146, 123]
	dghubble@gmail.com Dalton Hubble: [1, 1]
	lserven@gmail.com Lucas Serven: [1, 1]
	parkerderek86@gmail.com Derek Parker: [21, 9]
	eric.chiang.m@gmail.com Eric Chiang: [3, 9]
	dan.gillespie@coreos.com Dan Gillespie: [23, 11]
unknown 19384 9980
devel-doc 753 207
code 1066 567
build 227 164
