Filter on "^vendor/|/vendor/"
open output file /Users/lukasz/dev/cncf/gitdm/repos/client-python.csv

WARNING: duplicate email/empl for pekowski@gmail.com
WARNING: duplicate email/empl for thingee@gmail.com
WARNING: duplicate email/empl for t.trifonov@gmail.com
WARNING: duplicate email/empl for lyz@princessleia.com
WARNING: duplicate email/empl for robertc@robertcollins.net
WARNING: duplicate email/empl for clint@fewbar.com
WARNING: duplicate email/empl for andrew@linuxjedi.co.uk
WARNING: duplicate email/empl for duncan.thomas@gmail.com
WARNING: duplicate email/empl for kiall@managedit.ie
WARNING: duplicate email/empl for devananda.vdv@gmail.com
WARNING: duplicate email/empl for zaro0508@gmail.com
WARNING: duplicate email/empl for shrewsbury.dave@gmail.com
WARNING: duplicate email/empl for j3p0uk@hotmail.com
WARNING: duplicate email/empl for me@mark.atwood.name
WARNING: duplicate email/empl for slicknik@gmail.com
WARNING: duplicate email/empl for cmsj@tenshu.net
WARNING: duplicate email/empl for anteaya@anteaya.info
WARNING: duplicate email/empl for greg@greghaynes.net
WARNING: duplicate email/empl for matt@mattfarina.com
WARNING: duplicate email/empl for jp@jamezpolley.com
WARNING: duplicate email/empl for steven@wedontsleep.org
WARNING: duplicate email/empl for gleebix@gmail.com
WARNING: duplicate email/empl for code@gentlydownthe.net
WARNING: duplicate email/empl for morgan.fainberg@gmail.com
WARNING: duplicate email/empl for jeblair@hp.com
WARNING: duplicate email/empl for juliaashleykreger@gmail.com
WARNING: duplicate email/empl for stephane@alum.mit.edu
WARNING: duplicate email/empl for kragniz@gmail.com
WARNING: duplicate email/empl for wchrisjohnson@gmail.com
WARNING: duplicate email/empl for daisy.ycguo@gmail.com
WARNING: duplicate email/empl for mordred@inaugust.com
WARNING: duplicate email/empl for zxkuqyb@gmail.com
WARNING: duplicate email/empl for amigliaccio@internap.com
WARNING: duplicate email/empl for yorik.sar@gmail.com
WARNING: duplicate email/empl for e0ne@e0ne.info
WARNING: duplicate email/empl for gabriel@strikeawe.com
WARNING: duplicate email/empl for heckj@mac.com
WARNING: duplicate email/empl for ke.wu@ibeca.me
WARNING: duplicate email/empl for rushi.agr@gmail.com
WARNING: duplicate email/empl for salv.orlando@gmail.com
WARNING: duplicate email/empl for tushar.vitthal.patil@gmail.com
WARNING: duplicate email/empl for jmckenty@gmail.com
WARNING: duplicate email/empl for anne@openstack.org
WARNING: duplicate email/empl for breu@breu.org
WARNING: duplicate email/empl for cbehrens@codestud.com
WARNING: duplicate email/empl for clay.gerrard@gmail.com
WARNING: duplicate email/empl for corywright@gmail.com
WARNING: duplicate email/empl for cp16net@gmail.com
WARNING: duplicate email/empl for cthier@gmail.com
WARNING: duplicate email/empl for darren.birkett@gmail.com
WARNING: duplicate email/empl for dolph.mathews@gmail.com
WARNING: duplicate email/empl for ed@leafe.com
WARNING: duplicate email/empl for github@highbridgellc.com
WARNING: duplicate email/empl for greglange@gmail.com
WARNING: duplicate email/empl for hugh@wherenow.org
WARNING: duplicate email/empl for imsplitbit@gmail.com
WARNING: duplicate email/empl for jason@koelker.net
WARNING: duplicate email/empl for jcruz7@gmail.com
WARNING: duplicate email/empl for josh@jk0.org
WARNING: duplicate email/empl for mattt@defunct.ca
WARNING: duplicate email/empl for mbasnight@gmail.com
WARNING: duplicate email/empl for mike@weirdlooking.com
WARNING: duplicate email/empl for msherborne@gmail.com
WARNING: duplicate email/empl for naveedm9@gmail.com
WARNING: duplicate email/empl for paul@openstack.org
WARNING: duplicate email/empl for rnirmal@gmail.com
WARNING: duplicate email/empl for rconradharris@gmail.com
WARNING: duplicate email/empl for thierry@openstack.org
WARNING: duplicate email/empl for throughnothing@gmail.com
WARNING: duplicate email/empl for yoga80@yahoo.com
WARNING: duplicate email/empl for mark.washenberger@markwash.net
WARNING: duplicate email/empl for p@draigbrady.com
WARNING: duplicate email/empl for zaitcev@kotori.zaitcev.us
WARNING: duplicate email/empl for julie.pichon@gmail.com
WARNING: duplicate email/empl for ghe@debian.org
WARNING: duplicate email/empl for sorrison@gmail.com
unknown@hacker.net Unknown hacker
mehdy@google.com Mehdy Bohlool
	unknown [107117, 27620]
	devel-doc [2656, 1332]
	code [226663, 74579]
	build [12, 1]
	documentation [76, 7]
sergi@koolpi.com Sergi Almacellas Abellana
	code [6, 11]
jonathan@saharacluster.com Jonathan Kosgei
	unknown [307, 0]
	code [11, 0]
runseb@gmail.com Sebastien Goasguen
	unknown [572, 58]
	devel-doc [50, 3]
benjamin@jivesoftware.com Benjamin Sherman
	devel-doc [3, 0]
	code [2, 2]
gabrielpjordao@gmail.com Gabriel
	devel-doc [1, 1]
skuda21@gmail.com Miguel Angel Rasero
	code [2, 2]
will@icog.net William Denniss
	devel-doc [22, 0]
dims@linux.vnet.ibm.com Davanum Srinivas
	unknown [4857, 72]
	devel-doc [16, 0]
	code [1126, 343]
	build [49, 13]
	documentation [19, 13]
webwurst@gmail.com Tobias Bradtke
	code [2, 2]
jeffschroeder@computer.org Jeff Schroeder
	devel-doc [2, 2]
	code [3, 3]
unknown 112853 27750
	mehdy@google.com Mehdy Bohlool: [107117, 27620]
	jonathan@saharacluster.com Jonathan Kosgei: [307, 0]
	runseb@gmail.com Sebastien Goasguen: [572, 58]
	dims@linux.vnet.ibm.com Davanum Srinivas: [4857, 72]
devel-doc 2750 1338
	mehdy@google.com Mehdy Bohlool: [2656, 1332]
	runseb@gmail.com Sebastien Goasguen: [50, 3]
	benjamin@jivesoftware.com Benjamin Sherman: [3, 0]
	gabrielpjordao@gmail.com Gabriel: [1, 1]
	will@icog.net William Denniss: [22, 0]
	dims@linux.vnet.ibm.com Davanum Srinivas: [16, 0]
	jeffschroeder@computer.org Jeff Schroeder: [2, 2]
code 227815 74942
	mehdy@google.com Mehdy Bohlool: [226663, 74579]
	sergi@koolpi.com Sergi Almacellas Abellana: [6, 11]
	jonathan@saharacluster.com Jonathan Kosgei: [11, 0]
	benjamin@jivesoftware.com Benjamin Sherman: [2, 2]
	skuda21@gmail.com Miguel Angel Rasero: [2, 2]
	dims@linux.vnet.ibm.com Davanum Srinivas: [1126, 343]
	webwurst@gmail.com Tobias Bradtke: [2, 2]
	jeffschroeder@computer.org Jeff Schroeder: [3, 3]
build 61 14
	mehdy@google.com Mehdy Bohlool: [12, 1]
	dims@linux.vnet.ibm.com Davanum Srinivas: [49, 13]
documentation 95 20
	mehdy@google.com Mehdy Bohlool: [76, 7]
	dims@linux.vnet.ibm.com Davanum Srinivas: [19, 13]
unknown 112853 27750
devel-doc 2750 1338
code 227815 74942
build 61 14
documentation 95 20
