Filter on "^vendor/|/vendor/"
open output file /Users/lukasz/dev/cncf/gitdm/repos/client-go.csv

(Unknown) unknown@hacker.net Unknown hacker
Red Hat stefan.schimanski@gmail.com Dr. Stefan Schimanski
	unknown [71, 25]
	devel-doc [25, 13]
Google chiachenk@google.com Janet Kuo
	unknown [796, 464]
	devel-doc [2, 0]
Google ahmetb@google.com Ahmet Alp Balkan
	unknown [990, 794]
	devel-doc [234, 8]
Caicloud 393926893@qq.com zhengjiajin
	unknown [40, 40]
Google owensk@google.com Kenneth Owens
	unknown [4658, 801]
	devel-doc [4, 0]
Microsoft cosmc@microsoft.com Cosmin Cojocar
	unknown [503, 0]
	devel-doc [78, 0]
NotFound caesarxuchao@users.noreply.github.com Chao Xu
	unknown [515506, 894224]
	devel-doc [2804, 4813]
	code [0, 163]
	build [0, 0]
	documentation [0, 0]
IBM gyliu513@gmail.com Guangya Liu
	unknown [15, 23]
(Unknown) simon.croome@storageos.com Simon Croome
	unknown [3633, 1492]
Google jgrafton@google.com Jeff Grafton
	unknown [24, 0]
IBM madaxa@cn.ibm.com Klaus Ma
	unknown [353, 226]
	devel-doc [20, 0]
Kelowna admin@toph.ca Christoph Blecker
	unknown [1067, 426]
	devel-doc [1, 1]
Google jinxu@google.com Jing Xu
	unknown [1266, 1090]
Red Hat jpeeler@redhat.com Jeff Peeler
	unknown [6, 0]
Red Hat sross@redhat.com Solly Ross
	unknown [4232, 2276]
Red Hat ccoleman@redhat.com Clayton Coleman
	unknown [2040, 1985]
	devel-doc [10, 32]
Red Hat haowang@redhat.com Haoran Wang
	unknown [15, 4]
Google thockin@google.com Tim Hockin
	unknown [864, 999]
Google dbsmith@google.com Daniel Smith
	unknown [32, 13]
	devel-doc [241, 22]
Google qlee@google.com Quintin Lee
	unknown [8, 0]
Red Hat deads@redhat.com deads2k
	unknown [2053, 1852]
	devel-doc [2, 0]
(Unknown) tnozicka@gmail.com Tomas Nozicka
	unknown [1, 0]
(Unknown) horwitzja@gmail.com Josh Horwitz
	unknown [490, 343]
Red Hat danw@redhat.com Dan Winship
	unknown [6080, 42]
	devel-doc [200, 0]
Fujitsu chenr.fnst@cn.fujitsu.com xilabao
	unknown [41, 1]
Red Hat mkargaki@redhat.com Michail Kargakis
	unknown [722, 456]
(Unknown) ninkendo@gmail.com Ken Simon
	unknown [38, 21]
ASG Consulting andy.goldstein@gmail.com Andy Goldstein
	unknown [77, 49]
Google ramanathana@google.com Anirudh
	unknown [628, 420]
VMware bdontu@vmware.com System Administrator
	unknown [961, 740]
Google msau@google.com Michelle Au
	unknown [1988, 1279]
Google etune@google.com Eric Tune
	unknown [3, 13]
CoreOS eric.chiang.m@gmail.com Eric Chiang
	unknown [196, 444]
	devel-doc [52, 30]
IBM seharris@us.ibm.com Steven E. Harris
	unknown [5, 12]
Google jregan@google.com Jeffrey Regan
	unknown [83, 36]
	devel-doc [1, 1]
HarmonyCloud chenjg@harmonycloud.cn fate-grand-order
	unknown [2, 2]
Microsoft bburns@google.com Brendan Burns
	unknown [914, 753]
Google stclair@google.com Tim St. Clair
	unknown [343, 351]
Google zihongz@google.com Zihong Zheng
	unknown [1100, 752]
Google mehdy@google.com mbohlool
	unknown [1694, 1727]
	devel-doc [3, 3]
Mirantis yashulyak@gmail.com Dmitry Shulyak
	unknown [1459, 217]
	devel-doc [69, 4]
Fujitsu caosf.fnst@cn.fujitsu.com Cao Shufeng
	unknown [63, 19]
Red Hat jliggitt@redhat.com Jordan Liggitt
	unknown [425, 212]
Pardot andy@lindeman.io Andy Lindeman
	unknown [104, 73]
Atlassian nislamov@atlassian.com Nail Islamov
	unknown [420, 191]
	devel-doc [90, 21]
Rackspace jamie.hannaford@rackspace.com Jamie Hannaford
	unknown [935, 789]
	devel-doc [1, 0]
EasyStack nickren19@gmail.com NickrenREN
	unknown [16, 21]
Universidade Federal de Campina Grande henrique@lsd.ufcg.edu.br Henrique Truta
	unknown [3, 3]
Airbnb ricky.pai@airbnb.com Ricky Pai
	unknown [1798, 1002]
Red Hat ffranz@redhat.com Fabiano Franz
	unknown [5, 2]
Google pwittroc@google.com Phillip Wittrock
	unknown [118, 0]
	devel-doc [4, 0]
Rook lucas.kaldstrom@hotmail.co.uk Lucas Käldström
	unknown [18, 18]
Red Hat jsafrane@redhat.com Jan Safranek
	unknown [1948, 6]
	devel-doc [7, 5]
Red Hat rmohr@redhat.com Roman Mohr
	unknown [218, 0]
	devel-doc [51, 0]
(Unknown) ypwebstuff@gmail.com Yves Peter
	unknown [1, 2]
Google enisoc@google.com Anthony Yeh
	unknown [24, 10]
Google apelisse@google.com Antoine Pelisse
	unknown [2, 2]
NotFound 1004815462@qq.com xu fei
	unknown [8, 8]
Google mikedanese@google.com Mike Danese
	devel-doc [4906, 0]
Red Hat maszulik@redhat.com Maciej Szulik
	unknown [475, 5747]
ZTE Corporation wei.chuanhui1@zte.com.cn StudyNick
	unknown [1, 1]
IBM spzala@us.ibm.com Sahdev P. Zala
	unknown [633, 0]
Heptio timothysc@gmail.com Timothy St. Clair
	unknown [15195, 14729]
Google jacobsimpson@google.com Jacob Simpson
	unknown [2, 2]
Google mengqiy@google.com ymqytw
	unknown [90, 0]
Red Hat hchen@redhat.com Huamin Chen
	unknown [1417, 1079]
Hyper.sh harryz@hyper.sh Harry Zhang
	unknown [142, 0]
IBM chupman@us.ibm.com Chris Hupman
	unknown [17, 19]
Wattpad andrew@wattpad.com andrewsykim
	unknown [5, 4]
IBM mbauer@us.ibm.com Morgan Bauer
	unknown [8, 4]
ZTE Corporation yu.peng36@zte.com.cn yupengzte
	unknown [1, 1]
Red Hat avagarwa@redhat.com Avesh Agarwal
	unknown [93, 0]
TravelSky Technology Limited supermouselyh@hotmail.com Lou Yihua
	unknown [671, 561]
Google krousey@google.com Kris
	unknown [0, 2]
(Unknown) deads2k@users.noreply.github.com David Eads
Robots and Pencils curtis.allen@robotsandpencils.com Curtis Allen
	unknown [5, 5]
JPMorgan Chase & Co. michael.fraenkel@gmail.com Michael Fraenkel
	unknown [7, 7]
Google jeffml@google.com Jeff Lowdermilk
	unknown [198, 72]
Dell vladimir.vivien@gmail.com Vladimir Vivien
	unknown [3276, 1443]
Google wdenniss@google.com William Denniss
	devel-doc [7, 3]
Google joe.github@bedafamily.com Joe Beda
	devel-doc [6, 19]
Atlassian mmazurskiy@atlassian.com Mikhail Mazurskiy
	devel-doc [2, 2]
(Unknown) hongchaodeng@users.noreply.github.com Hongchao Deng
	devel-doc [1, 1]
(Unknown) kasper@firemango.dk Kasper Bentsen
	devel-doc [1, 1]
Wantedly dtanshi45@gmail.com Daisuke Fujita
	unknown [22, 22]
wfarr systems wcfarrington@gmail.com Will Farrington
	unknown [232, 0]
	devel-doc [43, 0]
unknown 583593 940448
	Red Hat stefan.schimanski@gmail.com Dr. Stefan Schimanski: [71, 25]
	Google chiachenk@google.com Janet Kuo: [796, 464]
	Google ahmetb@google.com Ahmet Alp Balkan: [990, 794]
	Caicloud 393926893@qq.com zhengjiajin: [40, 40]
	Google owensk@google.com Kenneth Owens: [4658, 801]
	Microsoft cosmc@microsoft.com Cosmin Cojocar: [503, 0]
	NotFound caesarxuchao@users.noreply.github.com Chao Xu: [515506, 894224]
	IBM gyliu513@gmail.com Guangya Liu: [15, 23]
	(Unknown) simon.croome@storageos.com Simon Croome: [3633, 1492]
	Google jgrafton@google.com Jeff Grafton: [24, 0]
	IBM madaxa@cn.ibm.com Klaus Ma: [353, 226]
	Kelowna admin@toph.ca Christoph Blecker: [1067, 426]
	Google jinxu@google.com Jing Xu: [1266, 1090]
	Red Hat jpeeler@redhat.com Jeff Peeler: [6, 0]
	Red Hat sross@redhat.com Solly Ross: [4232, 2276]
	Red Hat ccoleman@redhat.com Clayton Coleman: [2040, 1985]
	Red Hat haowang@redhat.com Haoran Wang: [15, 4]
	Google thockin@google.com Tim Hockin: [864, 999]
	Google dbsmith@google.com Daniel Smith: [32, 13]
	Google qlee@google.com Quintin Lee: [8, 0]
	Red Hat deads@redhat.com deads2k: [2053, 1852]
	(Unknown) tnozicka@gmail.com Tomas Nozicka: [1, 0]
	(Unknown) horwitzja@gmail.com Josh Horwitz: [490, 343]
	Red Hat danw@redhat.com Dan Winship: [6080, 42]
	Fujitsu chenr.fnst@cn.fujitsu.com xilabao: [41, 1]
	Red Hat mkargaki@redhat.com Michail Kargakis: [722, 456]
	(Unknown) ninkendo@gmail.com Ken Simon: [38, 21]
	ASG Consulting andy.goldstein@gmail.com Andy Goldstein: [77, 49]
	Google ramanathana@google.com Anirudh: [628, 420]
	VMware bdontu@vmware.com System Administrator: [961, 740]
	Google msau@google.com Michelle Au: [1988, 1279]
	Google etune@google.com Eric Tune: [3, 13]
	CoreOS eric.chiang.m@gmail.com Eric Chiang: [196, 444]
	IBM seharris@us.ibm.com Steven E. Harris: [5, 12]
	Google jregan@google.com Jeffrey Regan: [83, 36]
	HarmonyCloud chenjg@harmonycloud.cn fate-grand-order: [2, 2]
	Microsoft bburns@google.com Brendan Burns: [914, 753]
	Google stclair@google.com Tim St. Clair: [343, 351]
	Google zihongz@google.com Zihong Zheng: [1100, 752]
	Google mehdy@google.com mbohlool: [1694, 1727]
	Mirantis yashulyak@gmail.com Dmitry Shulyak: [1459, 217]
	Fujitsu caosf.fnst@cn.fujitsu.com Cao Shufeng: [63, 19]
	Red Hat jliggitt@redhat.com Jordan Liggitt: [425, 212]
	Pardot andy@lindeman.io Andy Lindeman: [104, 73]
	Atlassian nislamov@atlassian.com Nail Islamov: [420, 191]
	Rackspace jamie.hannaford@rackspace.com Jamie Hannaford: [935, 789]
	EasyStack nickren19@gmail.com NickrenREN: [16, 21]
	Universidade Federal de Campina Grande henrique@lsd.ufcg.edu.br Henrique Truta: [3, 3]
	Airbnb ricky.pai@airbnb.com Ricky Pai: [1798, 1002]
	Red Hat ffranz@redhat.com Fabiano Franz: [5, 2]
	Google pwittroc@google.com Phillip Wittrock: [118, 0]
	Rook lucas.kaldstrom@hotmail.co.uk Lucas Käldström: [18, 18]
	Red Hat jsafrane@redhat.com Jan Safranek: [1948, 6]
	Red Hat rmohr@redhat.com Roman Mohr: [218, 0]
	(Unknown) ypwebstuff@gmail.com Yves Peter: [1, 2]
	Google enisoc@google.com Anthony Yeh: [24, 10]
	Google apelisse@google.com Antoine Pelisse: [2, 2]
	NotFound 1004815462@qq.com xu fei: [8, 8]
	Red Hat maszulik@redhat.com Maciej Szulik: [475, 5747]
	ZTE Corporation wei.chuanhui1@zte.com.cn StudyNick: [1, 1]
	IBM spzala@us.ibm.com Sahdev P. Zala: [633, 0]
	Heptio timothysc@gmail.com Timothy St. Clair: [15195, 14729]
	Google jacobsimpson@google.com Jacob Simpson: [2, 2]
	Google mengqiy@google.com ymqytw: [90, 0]
	Red Hat hchen@redhat.com Huamin Chen: [1417, 1079]
	Hyper.sh harryz@hyper.sh Harry Zhang: [142, 0]
	IBM chupman@us.ibm.com Chris Hupman: [17, 19]
	Wattpad andrew@wattpad.com andrewsykim: [5, 4]
	IBM mbauer@us.ibm.com Morgan Bauer: [8, 4]
	ZTE Corporation yu.peng36@zte.com.cn yupengzte: [1, 1]
	Red Hat avagarwa@redhat.com Avesh Agarwal: [93, 0]
	TravelSky Technology Limited supermouselyh@hotmail.com Lou Yihua: [671, 561]
	Google krousey@google.com Kris: [0, 2]
	Robots and Pencils curtis.allen@robotsandpencils.com Curtis Allen: [5, 5]
	JPMorgan Chase & Co. michael.fraenkel@gmail.com Michael Fraenkel: [7, 7]
	Google jeffml@google.com Jeff Lowdermilk: [198, 72]
	Dell vladimir.vivien@gmail.com Vladimir Vivien: [3276, 1443]
	Wantedly dtanshi45@gmail.com Daisuke Fujita: [22, 22]
	wfarr systems wcfarrington@gmail.com Will Farrington: [232, 0]
devel-doc 8865 4979
	Red Hat stefan.schimanski@gmail.com Dr. Stefan Schimanski: [25, 13]
	Google chiachenk@google.com Janet Kuo: [2, 0]
	Google ahmetb@google.com Ahmet Alp Balkan: [234, 8]
	Google owensk@google.com Kenneth Owens: [4, 0]
	Microsoft cosmc@microsoft.com Cosmin Cojocar: [78, 0]
	NotFound caesarxuchao@users.noreply.github.com Chao Xu: [2804, 4813]
	IBM madaxa@cn.ibm.com Klaus Ma: [20, 0]
	Kelowna admin@toph.ca Christoph Blecker: [1, 1]
	Red Hat ccoleman@redhat.com Clayton Coleman: [10, 32]
	Google dbsmith@google.com Daniel Smith: [241, 22]
	Red Hat deads@redhat.com deads2k: [2, 0]
	Red Hat danw@redhat.com Dan Winship: [200, 0]
	CoreOS eric.chiang.m@gmail.com Eric Chiang: [52, 30]
	Google jregan@google.com Jeffrey Regan: [1, 1]
	Google mehdy@google.com mbohlool: [3, 3]
	Mirantis yashulyak@gmail.com Dmitry Shulyak: [69, 4]
	Atlassian nislamov@atlassian.com Nail Islamov: [90, 21]
	Rackspace jamie.hannaford@rackspace.com Jamie Hannaford: [1, 0]
	Google pwittroc@google.com Phillip Wittrock: [4, 0]
	Red Hat jsafrane@redhat.com Jan Safranek: [7, 5]
	Red Hat rmohr@redhat.com Roman Mohr: [51, 0]
	Google mikedanese@google.com Mike Danese: [4906, 0]
	Google wdenniss@google.com William Denniss: [7, 3]
	Google joe.github@bedafamily.com Joe Beda: [6, 19]
	Atlassian mmazurskiy@atlassian.com Mikhail Mazurskiy: [2, 2]
	(Unknown) hongchaodeng@users.noreply.github.com Hongchao Deng: [1, 1]
	(Unknown) kasper@firemango.dk Kasper Bentsen: [1, 1]
	wfarr systems wcfarrington@gmail.com Will Farrington: [43, 0]
code 0 163
	NotFound caesarxuchao@users.noreply.github.com Chao Xu: [0, 163]
build 0 0
	NotFound caesarxuchao@users.noreply.github.com Chao Xu: [0, 0]
documentation 0 0
	NotFound caesarxuchao@users.noreply.github.com Chao Xu: [0, 0]
unknown 583593 940448
devel-doc 8865 4979
code 0 163
build 0 0
documentation 0 0
