Filter on "^vendor/|/vendor/"
open output file /Users/lukasz/dev/cncf/gitdm/repos/cluster-capacity.csv

WARNING: duplicate email/empl for pekowski@gmail.com
WARNING: duplicate email/empl for thingee@gmail.com
WARNING: duplicate email/empl for t.trifonov@gmail.com
WARNING: duplicate email/empl for lyz@princessleia.com
WARNING: duplicate email/empl for robertc@robertcollins.net
WARNING: duplicate email/empl for clint@fewbar.com
WARNING: duplicate email/empl for andrew@linuxjedi.co.uk
WARNING: duplicate email/empl for duncan.thomas@gmail.com
WARNING: duplicate email/empl for kiall@managedit.ie
WARNING: duplicate email/empl for devananda.vdv@gmail.com
WARNING: duplicate email/empl for zaro0508@gmail.com
WARNING: duplicate email/empl for shrewsbury.dave@gmail.com
WARNING: duplicate email/empl for j3p0uk@hotmail.com
WARNING: duplicate email/empl for me@mark.atwood.name
WARNING: duplicate email/empl for slicknik@gmail.com
WARNING: duplicate email/empl for cmsj@tenshu.net
WARNING: duplicate email/empl for anteaya@anteaya.info
WARNING: duplicate email/empl for greg@greghaynes.net
WARNING: duplicate email/empl for matt@mattfarina.com
WARNING: duplicate email/empl for jp@jamezpolley.com
WARNING: duplicate email/empl for steven@wedontsleep.org
WARNING: duplicate email/empl for gleebix@gmail.com
WARNING: duplicate email/empl for code@gentlydownthe.net
WARNING: duplicate email/empl for morgan.fainberg@gmail.com
WARNING: duplicate email/empl for jeblair@hp.com
WARNING: duplicate email/empl for juliaashleykreger@gmail.com
WARNING: duplicate email/empl for stephane@alum.mit.edu
WARNING: duplicate email/empl for kragniz@gmail.com
WARNING: duplicate email/empl for wchrisjohnson@gmail.com
WARNING: duplicate email/empl for daisy.ycguo@gmail.com
WARNING: duplicate email/empl for mordred@inaugust.com
WARNING: duplicate email/empl for zxkuqyb@gmail.com
WARNING: duplicate email/empl for amigliaccio@internap.com
WARNING: duplicate email/empl for yorik.sar@gmail.com
WARNING: duplicate email/empl for e0ne@e0ne.info
WARNING: duplicate email/empl for gabriel@strikeawe.com
WARNING: duplicate email/empl for heckj@mac.com
WARNING: duplicate email/empl for ke.wu@ibeca.me
WARNING: duplicate email/empl for rushi.agr@gmail.com
WARNING: duplicate email/empl for salv.orlando@gmail.com
WARNING: duplicate email/empl for tushar.vitthal.patil@gmail.com
WARNING: duplicate email/empl for jmckenty@gmail.com
WARNING: duplicate email/empl for anne@openstack.org
WARNING: duplicate email/empl for breu@breu.org
WARNING: duplicate email/empl for cbehrens@codestud.com
WARNING: duplicate email/empl for clay.gerrard@gmail.com
WARNING: duplicate email/empl for corywright@gmail.com
WARNING: duplicate email/empl for cp16net@gmail.com
WARNING: duplicate email/empl for cthier@gmail.com
WARNING: duplicate email/empl for darren.birkett@gmail.com
WARNING: duplicate email/empl for dolph.mathews@gmail.com
WARNING: duplicate email/empl for ed@leafe.com
WARNING: duplicate email/empl for github@highbridgellc.com
WARNING: duplicate email/empl for greglange@gmail.com
WARNING: duplicate email/empl for hugh@wherenow.org
WARNING: duplicate email/empl for imsplitbit@gmail.com
WARNING: duplicate email/empl for jason@koelker.net
WARNING: duplicate email/empl for jcruz7@gmail.com
WARNING: duplicate email/empl for josh@jk0.org
WARNING: duplicate email/empl for mattt@defunct.ca
WARNING: duplicate email/empl for mbasnight@gmail.com
WARNING: duplicate email/empl for mike@weirdlooking.com
WARNING: duplicate email/empl for msherborne@gmail.com
WARNING: duplicate email/empl for naveedm9@gmail.com
WARNING: duplicate email/empl for paul@openstack.org
WARNING: duplicate email/empl for rnirmal@gmail.com
WARNING: duplicate email/empl for rconradharris@gmail.com
WARNING: duplicate email/empl for thierry@openstack.org
WARNING: duplicate email/empl for throughnothing@gmail.com
WARNING: duplicate email/empl for yoga80@yahoo.com
WARNING: duplicate email/empl for mark.washenberger@markwash.net
WARNING: duplicate email/empl for p@draigbrady.com
WARNING: duplicate email/empl for zaitcev@kotori.zaitcev.us
WARNING: duplicate email/empl for julie.pichon@gmail.com
WARNING: duplicate email/empl for ghe@debian.org
WARNING: duplicate email/empl for sorrison@gmail.com
unknown@hacker.net Unknown hacker
avesh.ncsu@gmail.com Avesh Agarwal
	unknown [1326, 3561]
	devel-doc [36, 186]
	code [1, 58]
	build [4, 1]
	documentation [1, 1]
decarr@redhat.com Derek Carr
	unknown [2359, 247]
	devel-doc [212, 0]
	code [421, 0]
	build [28, 0]
	documentation [58, 0]
jchaloup@redhat.com Jan Chaloupka
	unknown [6163, 2271]
	devel-doc [364, 39]
	code [128, 18]
	build [19, 4]
dhodovsk@redhat.com Dominika Hodovska
	unknown [2937, 970]
	devel-doc [50, 32]
	code [66, 11]
	documentation [1218, 29]
unknown 12785 7049
	avesh.ncsu@gmail.com Avesh Agarwal: [1326, 3561]
	decarr@redhat.com Derek Carr: [2359, 247]
	jchaloup@redhat.com Jan Chaloupka: [6163, 2271]
	dhodovsk@redhat.com Dominika Hodovska: [2937, 970]
devel-doc 662 257
	avesh.ncsu@gmail.com Avesh Agarwal: [36, 186]
	decarr@redhat.com Derek Carr: [212, 0]
	jchaloup@redhat.com Jan Chaloupka: [364, 39]
	dhodovsk@redhat.com Dominika Hodovska: [50, 32]
code 616 87
	avesh.ncsu@gmail.com Avesh Agarwal: [1, 58]
	decarr@redhat.com Derek Carr: [421, 0]
	jchaloup@redhat.com Jan Chaloupka: [128, 18]
	dhodovsk@redhat.com Dominika Hodovska: [66, 11]
build 51 5
	avesh.ncsu@gmail.com Avesh Agarwal: [4, 1]
	decarr@redhat.com Derek Carr: [28, 0]
	jchaloup@redhat.com Jan Chaloupka: [19, 4]
documentation 1277 30
	avesh.ncsu@gmail.com Avesh Agarwal: [1, 1]
	decarr@redhat.com Derek Carr: [58, 0]
	dhodovsk@redhat.com Dominika Hodovska: [1218, 29]
unknown 12785 7049
devel-doc 662 257
code 616 87
build 51 5
documentation 1277 30
