Filter on "^vendor/|/vendor/"
open output file /Users/lukasz/dev/cncf/gitdm/repos/cluster-proportional-autoscaler.csv

WARNING: duplicate email/empl for sandeeppissay@users.noreply.github.com
WARNING: duplicate email/empl for ssrinivas@vmware.com
(Unknown) unknown@hacker.net Unknown hacker
Google zihongz@google.com Zihong Zheng
	unknown [3547, 619]
	devel-doc [251, 81]
	code [92, 0]
	build [179, 7]
Google bowei.du@gmail.com Bowei Du
Google wojtekt@google.com Wojciech Tyczynski
	unknown [2, 0]
Google gkalele@google.com Girish Kalele
	unknown [10, 6]
	devel-doc [6, 8]
CoreOS brandon@ifup.org Brandon Philips
	unknown [99, 0]
	devel-doc [224, 0]
unknown 3658 625
	Google zihongz@google.com Zihong Zheng: [3547, 619]
	Google wojtekt@google.com Wojciech Tyczynski: [2, 0]
	Google gkalele@google.com Girish Kalele: [10, 6]
	CoreOS brandon@ifup.org Brandon Philips: [99, 0]
devel-doc 481 89
	Google zihongz@google.com Zihong Zheng: [251, 81]
	Google gkalele@google.com Girish Kalele: [6, 8]
	CoreOS brandon@ifup.org Brandon Philips: [224, 0]
code 92 0
	Google zihongz@google.com Zihong Zheng: [92, 0]
build 179 7
	Google zihongz@google.com Zihong Zheng: [179, 7]
unknown 3658 625
devel-doc 481 89
code 92 0
build 179 7
