Filter on "^vendor/|/vendor/"
open output file /Users/lukasz/dev/cncf/gitdm/repos/community.csv

(Unknown) unknown@hacker.net Unknown hacker
Hyper.sh feiskyer@users.noreply.github.com Pengfei Ni
	unknown [314, 3]
Google sarah.novotny@gmail.com sarahnovotny
	unknown [60, 3]
	devel-doc [35, 28]
Google vishnuk@google.com Vishnu Kannan
	unknown [2427, 427]
	devel-doc [32, 25]
	documentation [8, 0]
	build [1, 1]
	image [0, 0]
Kelowna admin@toph.ca Christoph Blecker
	unknown [27, 51]
	devel-doc [4, 4]
Microsoft bburns@microsoft.com Brendan Burns
	unknown [876, 21]
	devel-doc [2, 0]
Google joe.github@bedafamily.com Joe Beda
	unknown [464, 33]
	devel-doc [54, 7]
	build [32, 7]
	image [0, 0]
(Unknown) ttr314@googlemail.com Timo Reimann
	unknown [2, 0]
Red Hat stefan.schimanski@gmail.com Dr. Stefan Schimanski
	unknown [721, 12]
Rackspace jamie.hannaford@rackspace.com Jamie Hannaford
	unknown [1219, 383]
	devel-doc [702, 511]
	code [38, 0]
	build [20, 5]
	documentation [62, 7]
Red Hat jordan@liggitt.net Jordan Liggitt
	unknown [388, 57]
DEIS jdumars@gmail.com Jason Singer DuMars
	unknown [47, 22]
	devel-doc [34, 3]
Red Hat bchilds@redhat.com bradley childs
	unknown [1, 1]
Canonical marco@ceppi.net Marco Ceppi
	unknown [6, 3]
Red Hat pmorie@redhat.com Paul Morie
	unknown [4248, 801]
	devel-doc [56, 31]
	build [14, 0]
(Unknown) timothysc@users.noreply.github.com Timothy St. Clair
	unknown [145, 0]
Samsung spiffxp@gmail.com Aaron Crickenberger
	unknown [284, 71]
	devel-doc [267, 109]
IBM gyliu513@gmail.com Guang Ya Liu
	unknown [32, 33]
	devel-doc [6, 3]
IBM mspreitz@us.ibm.com Mike Spreitzer
	unknown [16, 3]
	devel-doc [2, 0]
ZTE Corporation zhao.xiangpeng@zte.com.cn xiangpengzhao
	unknown [49, 38]
	devel-doc [4, 4]
Google senlu@google.com Sen Lu
Google mikedanese@gmail.com Mike Danese
	unknown [354, 74]
	devel-doc [4, 0]
Google bgrant0607@users.noreply.github.com Brian Grant
	unknown [1329, 642]
	devel-doc [477, 285]
Google pwittroc+github@google.com Phillip Wittrock
	unknown [2764, 567]
	devel-doc [26, 1]
FOSSEE madhusudancs@gmail.com Madhusudan.C.S
	unknown [16, 12]
	devel-doc [9, 2]
Huawei shashidhara.td@huawei.com shashidharatd
	unknown [5, 5]
	devel-doc [3, 2]
Red Hat ccoleman@redhat.com Clayton Coleman
	unknown [2927, 14]
Google czahedi@google.com Cameron Zahedi
	unknown [225, 7]
	devel-doc [12, 2]
Google campbellalex@google.com Alexander Campbell
	unknown [103, 116]
(Unknown) baldwin@stackpointcloud.com Matt Baldwin
	unknown [1, 0]
Xlab miha.plesko@xlab.si Miha Pleško
	devel-doc [1, 1]
Red Hat mkargaki@redhat.com Michail Kargakis
	unknown [262, 102]
Self kowens0826@gmail.com Kenneth Owens
	unknown [1918, 628]
Google acidburn@google.com Jess Frazelle
	unknown [895, 147]
Google xuchao@google.com Chao Xu
	unknown [2289, 1049]
	devel-doc [3, 0]
Google grodrigues3@users.noreply.github.com grodrigues3
	devel-doc [7, 5]
(Unknown) deads2k@users.noreply.github.com David Eads
	devel-doc [1, 1]
Hyper.sh harryz@hyper.sh Harry Zhang
	unknown [1, 1]
CNCF dan@dankohn.com Dan Kohn
	unknown [3, 5]
Airbnb rickyp999@gmail.com Ricky Pai
	unknown [10, 8]
Intel lin.a.yang@intel.com Lin Yang
	unknown [2, 2]
Google saadali@google.com Saad Ali
	unknown [126, 51]
	devel-doc [257, 23]
Red Hat arun.gupta@gmail.com Arun Gupta
	unknown [20, 1]
Google mtaufen@users.noreply.github.com Michael Taufen
	unknown [5, 0]
IBM xingzhou@cn.ibm.com Xing Zhou
	unknown [65, 0]
Mirantis ihor@dvoretskyi.com Ihor Dvoretskyi
	unknown [231, 89]
	devel-doc [94, 44]
Red Hat sgordon@redhat.com Stephen Gordon
	unknown [1, 1]
	devel-doc [64, 20]
Google stclair@google.com Tim St. Clair
	unknown [959, 97]
	devel-doc [61, 3]
	image [0, 0]
Google thockin@google.com Tim Hockin
	unknown [3538, 6891]
	devel-doc [171, 173]
Self jmyue@hotmail.com supereagle
	unknown [20, 20]
Google yangguan@google.com Yang Guan
	devel-doc [1, 1]
Heptio captainshar@gmail.com Sharon
	unknown [293, 373]
Google etune@google.com Eric Tune
	unknown [3860, 228]
	image [113, 0]
(Unknown) nikitaraghunath@gmail.com Nikhita Raghunath
	unknown [2, 2]
Google mengqiy@google.com ymqytw
	unknown [1385, 177]
Red Hat decarr@redhat.com Derek Carr
	unknown [2967, 1005]
	devel-doc [54, 0]
Google ahmetb@google.com Ahmet Alp Balkan
	unknown [5, 4]
Google dbsmith@google.com Daniel Smith
	unknown [996, 308]
	devel-doc [9, 1]
Red Hat ffranz@redhat.com Fabiano Franz
	unknown [21, 17]
	devel-doc [20, 1]
Ceph calebamiles@users.noreply.github.com caleb miles
	unknown [13, 4]
	devel-doc [278, 50]
DEIS michelle@deis.com Michelle Noorali
	unknown [236, 28]
	devel-doc [6, 4]
FathomDB justin@fathomdb.com Justin Santa Barbara
	unknown [786, 241]
Google gmarek@google.com Marek Grabowski
	unknown [811, 39]
	devel-doc [7, 4]
	image [0, 0]
Google vishh@users.noreply.github.com Vish Kannan
	unknown [9, 6]
Google zihongz@google.com Zihong Zheng
	unknown [61, 1]
Google grod@google.com Garrett Rodrigues
	devel-doc [61, 1]
Red Hat directxman12+github@gmail.com Solly Ross
	unknown [743, 0]
	devel-doc [1, 1]
Google chenopis@users.noreply.github.com Andrew Chen
	devel-doc [4, 4]
Pear techtonik@gmail.com anatoly techtonik
	unknown [1, 1]
Google erick@fejta.com Erick Fejta
	unknown [330, 118]
Red Hat eparis@redhat.com Eric Paris
	unknown [163, 199]
	devel-doc [5, 5]
CoreOS eric.chiang.m@gmail.com Eric Chiang
	unknown [254, 1]
IBM cmluciano@us.ibm.com Christopher M. Luciano
	unknown [1, 1]
(Unknown) soltysh@gmail.com Maciej Szulik
	unknown [831, 61]
Red Hat hekumar@redhat.com Hemant Kumar
	unknown [235, 30]
	devel-doc [1, 1]
ZTE Corporation zhang.xiaoyu33@zte.com.cn Xiaoyu Zhang
	devel-doc [2, 2]
Google enisoc@google.com Anthony Yeh
	unknown [402, 83]
Red Hat deads@redhat.com deads2k
	unknown [996, 7]
Google mehdy@google.com Mehdy Bohlool
	unknown [321, 12]
	devel-doc [9, 5]
IBM spzala@us.ibm.com Sahdev P. Zala
	unknown [5, 8]
Self jesse.kinkead@gmail.com Jesse Kinkead
	unknown [2, 3]
Red Hat aslak@4fs.no Aslak Knutsen
	unknown [1, 1]
(Unknown) alpe@users.noreply.github.com Alex Peters
	unknown [7, 2]
Nokia ruebenramirez@gmail.com Rueben Ramirez
	unknown [1, 1]
Google beacham@google.com Jacob Beacham
	unknown [270, 2]
CNM Consulting clove@cnmconsulting.net chrislovecnm
	devel-doc [28, 13]
IBM tengqim@cn.ibm.com Qiming Teng
	unknown [1, 1]
Mirantis ivan4th@users.noreply.github.com Ivan Shvedunov
	unknown [21, 7]
(Unknown) roland@ro14nd.de Roland Huß
	unknown [1, 1]
ZTE Corporation wang.bin21@zte.com.cn billy2180
	unknown [3, 4]
Google msau@google.com Michelle Au
	unknown [630, 541]
IBM madaxa@cn.ibm.com Klaus Ma
	unknown [11, 6]
Self luischivaldes@gmail.com Luis Valdes
	unknown [2, 2]
CoreOS brandon.philips@coreos.com Brandon Philips
	unknown [456, 88]
	image [0, 0]
	devel-doc [2, 2]
(Unknown) willdon@nerdondon.com Will Sean Don
	unknown [2, 2]
Google bsalamat@google.com Bobby (Babak) Salamat
	unknown [12, 0]
Google nikhiljindal@google.com Nikhil Jindal
	unknown [672, 0]
	devel-doc [2, 1]
Red Hat haowang@redhat.com Haoran Wang
	unknown [7, 7]
Allegro michal@kinvolk.io Michal Rostecki
	unknown [67, 0]
RackN rob@rackn.com Rob Hirschfeld
	devel-doc [1, 1]
(Unknown) tjskrishna@gmail.com Thejas Krishnan
	unknown [5, 3]
IBM dims@linux.vnet.ibm.com Davanum Srinivas
	unknown [39, 0]
	devel-doc [7, 1]
ZTE Corporation song.ruixia@zte.com.cn SongRuixia
	unknown [4, 4]
	devel-doc [1, 1]
Self taotaotheripper@gmail.com Lantao Liu
	unknown [32, 0]
Google ygg@google.com Yang Guo
	unknown [1, 1]
CoreOS euan.kemp@coreos.com Euan Kemp
	unknown [423, 51]
	devel-doc [1, 1]
Apache jay@apache.org jay vyas
	unknown [159, 29]
BetterWorks diwu1989@users.noreply.github.com Di Wu
	unknown [5, 5]
(Unknown) mml@users.noreply.github.com Matt Liggett
	unknown [17, 17]
ZTE Corporation li.guangxu@zte.com.cn guangxuli
	unknown [3, 3]
	devel-doc [1, 1]
Google foxish@users.noreply.github.com Anirudh Ramanathan
	unknown [12, 0]
	devel-doc [26, 3]
Juju Ecosystem mbruzek@gmail.com Matt Bruzek
	devel-doc [8, 8]
EasyStack yuquan.ren@easystack.cn NickrenREN
Lancope paul.cichonski@gmail.com Paul Cichonski
	unknown [1, 1]
(Unknown) jharai0815@gmail.com Akihiro Harai
	unknown [1, 1]
HP louis@kragniz.eu Louis Taylor
Diamanti nelcyguy@gmail.com Chakravarthy Nelluri
	unknown [128, 0]
Google ddonnelly@google.com devin-donnelly
Self lukasz.szaszkiewicz@gmail.com p0lyn0mial
	unknown [58, 0]
ZTE Corporation cai.yixiang@zte.com.cn caiyixiang
	unknown [6, 6]
(Unknown) ixdy@users.noreply.github.com Jeff Grafton
	unknown [92, 39]
Google jinxu@google.com Jing Xu
	unknown [108, 0]
Google yjhong@google.com Yu-Ju Hong
	unknown [1169, 54]
	image [0, 0]
Self pjpires@gmail.com Paulo Pires
	devel-doc [1, 0]
(Unknown) will@icog.net William Denniss
	unknown [1, 0]
Google jaredbhatti@users.noreply.github.com Jared
	unknown [1, 1]
	devel-doc [35, 8]
Styra, Inc. torinsandall@gmail.com Torin Sandall
	unknown [371, 0]
	devel-doc [2, 2]
(Unknown) dxia@spotify.com David Xia
	unknown [4, 5]
Concur danw@concur.com Wilson, Dan
	unknown [81, 0]
Google jregan@google.com Jeffrey Regan
	unknown [685, 467]
	devel-doc [79, 68]
(Unknown) michmike@users.noreply.github.com Michael Michael
	devel-doc [13, 5]
ZTE Corporation tan.shanshan@zte.com.cn tanshanshan
	unknown [7, 8]
Venturit shekhar@venturit.com Shekhar
	unknown [1, 1]
(Unknown) wlan0@users.noreply.github.com Sidhartha Mani
	unknown [168, 0]
Socrata jaescobar.cell@gmail.com Alejandro Escobar
	devel-doc [25, 9]
Red Hat dma@redhat.com mdshuai
	unknown [28, 28]
Google chiachenk@google.com Janet Kuo
	unknown [989, 183]
Red Hat jpeeler@redhat.com Jeff Peeler
	unknown [320, 14]
OpenStack chris@openstack.org Chris Hoge
	devel-doc [18, 9]
(Unknown) maru@thesprawl.net Maru Newby
	unknown [1, 1]
The New York Times tonyli.lives@gmail.com Tony Li
	unknown [18, 16]
Red Hat jsafrane@redhat.com Jan Šafránek
	unknown [642, 43]
(Unknown) shaynewang@users.noreply.github.com Shayne Wang
	unknown [2, 2]
NotFound development@stp-ip.net Michael Grosser
	devel-doc [1, 1]
Mirantis pigmej@gmail.com Jędrzej Nowak
	unknown [1, 1]
	devel-doc [1, 1]
Mirantis tomasz@napierala.org Tomasz Napierala
	unknown [5, 4]
	devel-doc [25, 3]
(Unknown) iain@humblyarrogant.io Iain Cambridge
	unknown [2, 2]
Net EASE 网易有态度 coolhzb@163.com TonyAdo
	unknown [2, 0]
Engine Yard sgoings@engineyard.com Seth Goings
	devel-doc [3, 2]
Apprenda dmcquay@apprenda.com Derek McQuay
	unknown [2, 2]
(Unknown) github@lvlv.email Lv Lv
	unknown [190, 3]
Google pszczesniak@google.com Piotr Szczesniak
	unknown [451, 840]
Mirantis psiwczak@mirantis.com Piotr Siwczak
	devel-doc [1, 1]
Google ramanathana@google.com Anirudh
	unknown [29, 0]
	devel-doc [2, 2]
Google dashpole@google.com David Ashpole
	unknown [169, 13]
IBM mbauer@us.ibm.com Morgan Bauer
	unknown [44, 21]
Mirantis lukaszoles@gmail.com Łukasz Oleś
	unknown [3, 2]
Google minhan.xia@gmail.com Minhan Xia
	unknown [215, 0]
HP matt@mattfarina.com Matt Farina
	unknown [75, 12]
	devel-doc [140, 9]
Google dawnchen@google.com Dawn Chen
	unknown [3641, 943]
	devel-doc [87, 21]
Google verb@google.com Lee Verberne
	unknown [174, 97]
	devel-doc [1, 1]
Microsoft kris@nivenly.com Kris Nova
	unknown [26, 0]
	devel-doc [31, 21]
Tigera caseydavenport@users.noreply.github.com Casey Davenport
	unknown [333, 0]
	devel-doc [47, 5]
Google wojtekt@google.com Wojciech Tyczynski
	unknown [386, 57]
Self contact@tmrts.com Tamer Tas
	unknown [397, 92]
	devel-doc [21, 3]
Google shyamjvs@google.com Shyam JVS
	unknown [106, 58]
Google mrubin@google.com Michael Rubin
	unknown [9, 7]
	devel-doc [2, 2]
JPMorgan Chase & Co. michael.fraenkel@gmail.com Michael Fraenkel
	unknown [446, 0]
CoreOS fab.reinartz@gmail.com Fabian Reinartz
	unknown [186, 18]
	devel-doc [9, 0]
ZTE Corporation li.xialong@zte.com.cn xialonglee
	unknown [1, 1]
	devel-doc [3, 3]
Nebula heckj@mac.com Joe Heck
	devel-doc [2, 2]
Red Hat vsemushi@redhat.com Slava Semushin
	unknown [16, 16]
Red Hat hchiramm@redhat.com hchiramm
	unknown [1, 1]
Wattpad andrew@wattpad.com andrewsykim
	unknown [1, 1]
Apprenda dromlein@apprenda.com Dan Romlein
	devel-doc [20, 2]
Fujitsu chenr.fnst@cn.fujitsu.com xilabao
	unknown [10, 3]
Zhejiang University energylyn@zju.edu.cn yanan Lee
	unknown [137, 137]
	devel-doc [9, 9]
Self mail@frederic-hemberger.de Frederic Hemberger
	unknown [2, 2]
Google djmm@google.com David McMahon
	unknown [3157, 8085]
	devel-doc [52, 188]
	build [1, 1]
Self vikilwq@zju.edu.cn liwenqi
	unknown [13, 13]
Zhejiang University luo612@zju.edu.cn Jie Luo
	unknown [1, 1]
Self xihuanbo_0521@zju.edu.cn Xinbo Weng
	unknown [7, 7]
Zhejiang University 21651152@zju.edu.cn tim-zju
	unknown [1, 1]
(Unknown) elijahcainemv@gmail.com Elijah C. Voigt
	unknown [1, 1]
Self qinglanpeng@zju.edu.cn Qinglan Peng
	unknown [144, 170]
Google fangyuhao@gmail.com x1957
	devel-doc [2, 2]
(Unknown) hongchaodeng@users.noreply.github.com Hongchao Deng
	unknown [77, 47]
Google bowei.du@gmail.com Bowei Du
(Unknown) email@michaeldolan.com Mike Dolan
	unknown [1, 0]
Google robertbailey@google.com Robert Bailey
	unknown [145, 54]
	devel-doc [14, 1]
Red Hat jberkus@redhat.com Josh Berkus
	unknown [107, 0]
	documentation [0, 0]
NStack jonathanboulle@gmail.com Jonathan Boulle
	unknown [2, 2]
	devel-doc [1, 1]
Rackspace blake.haggerty@rackspace.com Blake Haggerty
	unknown [1, 1]
ZTE Corporation yu.peng36@zte.com.cn yupeng
	unknown [24, 24]
Mirantis maciej.iai@gmail.com Maciej Kwiek
	unknown [1, 1]
Google marcin@owsiany.pl Marcin Owsiany
	unknown [2, 2]
Bitnami runseb@gmail.com sebgoa
	unknown [2, 2]
Red Hat jvance@redhat.com Jeff Vance
	unknown [45, 0]
Google quinton@google.com Quinton Hoole
	unknown [2574, 186]
	image [0, 0]
Jimmy Cuadra jimmy@jimmycuadra.com Jimmy Cuadra
	unknown [18, 18]
Self christiankoep@gmail.com Christian Koep
	unknown [41, 41]
Viavi Solutions sergey.maslyakov@viavisolutions.com Sergey Maslyakov
	unknown [1, 1]
Google filipg@google.com Filip Grzadkowski
	unknown [707, 6]
	image [0, 0]
Google mwielgus@google.com Marcin Wielgus
	unknown [553, 11]
VREAL kemi.krm@gmail.com Keith Mitchell
	devel-doc [3, 3]
Goonswarm tazjin@gmail.com Vincent Ambo
	devel-doc [1, 1]
CoreOS yifan.gu@coreos.com Yifan Gu
	unknown [135, 3]
	devel-doc [4, 0]
Feenix GmbH da.colonel@gmail.com Denis Andrejew
	unknown [1, 1]
Red Hat mturansk@redhat.com markturansky
	unknown [260, 28]
Weaveworks errordeveloper@gmail.com Ilya Dmitrichenko
	unknown [24, 21]
Red Hat dcbw@redhat.com Dan Williams
	unknown [7, 4]
Luke Marsden me@lukemarsden.net Luke Marsden
	unknown [292, 0]
	devel-doc [1, 0]
IBM dug@us.ibm.com Doug Davis
	unknown [14, 14]
Comcast sean@coreitpro.com Sean M. Collins
	unknown [1, 1]
Google spxtr@google.com Joe Finney
	unknown [4, 13]
(Unknown) stephen.a.gordon@gmail.com Steve Gordon
	devel-doc [4, 4]
(Unknown) anthony.elizondo@gmail.com Anthony Elizondo
	unknown [6, 6]
Walt Disney justinleegarrison@gmail.com Justin Garrison
	devel-doc [1, 1]
Google bryk@google.com Piotr Bryk
	devel-doc [2, 2]
Apprenda abrand@apprenda.com Alexander Brand
	devel-doc [10, 0]
Google gkalele@google.com Girish Kalele
	unknown [268, 1]
Google ciwang@google.com Cindy Wang
	unknown [555, 3]
	image [0, 0]
Google jeffmendoza@google.com Jeff Mendoza
	unknown [13, 13]
	devel-doc [1, 1]
	image [0, 0]
Rook lucas.kaldstrom@hotmail.co.uk Lucas Käldström
	unknown [575, 4]
Red Hat swatt@redhat.com Steve Watt
	unknown [41, 2]
	devel-doc [3, 0]
ZTE Corporation wang.yuexiao@zte.com.cn yuexiao-wang
	build [2, 0]
(Unknown) emve.dev@yandex.ru Vladi
	unknown [3, 0]
Apcera peter.miron@apcera.com Peter Miron
	unknown [11, 0]
Rombit bart.vanbos@rombit.be Bart Van Bos
	unknown [2, 1]
Clarifai rudi@clarifai.com Rudi Chiarito
	unknown [403, 60]
(Unknown) mspetrovic@gmail.com Mark Petrovic
	devel-doc [1, 1]
Google mnshaw@google.com Marie Shaw
	unknown [178, 7]
	image [0, 0]
Self crazykev@zju.edu.cn Crazykev
	unknown [7, 7]
Self xlgao@zju.edu.cn Xianglin Gao
	unknown [3, 3]
Red Hat hchen@redhat.com Huamin Chen
	unknown [1, 1]
ZTE Corporation li.xiaobing1@zte.com.cn lixiaobing10051267
	unknown [26, 26]
GoDaddy silas@godaddy.com Silas Boyd-Wickizer
	unknown [2, 0]
Intel connordoyle@users.noreply.github.com Connor Doyle
	devel-doc [16, 1]
Red Hat danw@redhat.com Dan Winship
	unknown [0, 2]
Google jeffml@google.com Jeff Lowdermilk
	unknown [239, 21]
	image [0, 0]
	devel-doc [9, 1]
Google ronl@google.com bindata-mockuser
	unknown [16, 5]
IBM brownwm@us.ibm.com Mike Brown
	unknown [7046, 4023]
	devel-doc [65, 18]
(Unknown) taariql@gmail.com Taariq Levack
	unknown [1, 1]
Google buddhap@google.com Buddha Prakash
	unknown [456, 3]
Google rmmh@google.com Ryan Hitchman
	unknown [15, 15]
(Unknown) slowlight@yeah.net Tong
	unknown [2, 2]
Codigami aps.sids@gmail.com Amanpreet Singh
	unknown [1, 1]
Google apelisse@google.com Antoine Pelisse
	unknown [14, 1]
Self rodrigo@sdfg.com.ar Rodrigo Campos
	unknown [402, 0]
Ammeon joe2farrell@gmail.com joe2far
	unknown [697, 687]
	devel-doc [15, 15]
Red Hat asalkeld@mirantis.com Angus Salkeld
	unknown [24, 24]
Jetstack simon@swine.de Christian Simon
	devel-doc [4, 1]
Google davidopp@google.com David Oppenheimer
	unknown [3354, 289]
	devel-doc [53, 15]
	image [499, 0]
CNCF bob@bobsplanet.com Bob Wise
	devel-doc [1, 1]
Google zml@google.com Zach Loafman
	unknown [3837, 967]
	devel-doc [87, 21]
Amadeus salvatore-dario.minonne@amadeus.com Salvatore Dario Minonne
	unknown [527, 607]
CoreOS colin.hom@coreos.com Colin Hom
	unknown [121, 0]
Red Hat avagarwa@redhat.com Avesh Agarwal
	unknown [654, 3]
Aperian Global aaronjlevy@gmail.com Aaron Levy
	unknown [1, 0]
(Unknown) borismattijssen@gmail.com Boris Mattijssen
	unknown [1, 1]
Red Hat jchaloup@redhat.com Jan Chaloupka
	unknown [1, 0]
Google ihmccreery@google.com Isaac Hollander McCreery
	unknown [680, 848]
	image [0, 113]
Google cjcullen@google.com CJ Cullen
	unknown [1, 3]
CoreOS george.tankersley@coreos.com George Tankersley
	unknown [372, 100]
Google lorenc.d@gmail.com Dan Lorenc
	unknown [1, 1]
CoreOS derek.parker@coreos.com Derek Parker
	unknown [209, 45]
Google admpyle@gmail.com Adam Pyle
	unknown [2, 2]
Google deyuan.deng@gmail.com Deyuan Deng
	unknown [37, 56]
Google beeps@google.com Prashanth Balasubramanian
	unknown [302, 47]
Apcera preet@apcera.com Preet Bhinder
	unknown [1, 1]
Cockroach alexdwanerobinson@gmail.com Alex Robinson
	unknown [330, 350]
	devel-doc [3, 3]
Red Hat tnguyen@redhat.com Thien-Thi Nguyen
	unknown [1, 1]
(Unknown) yangbaohua@gmail.com yeasy
	unknown [1, 1]
Atlas Informatics joshua.piccari@gmail.com Joshua Piccari
	devel-doc [1, 1]
Buildbot rutsky@users.noreply.github.com Vladimir Rutsky
	unknown [3, 3]
Net EASE 网易有态度 gaozheng0123@163.com Gao Zheng
	unknown [1, 1]
Red Hat bparees@redhat.com Ben Parees
	unknown [609, 11]
(Unknown) thibserot@gmail.com Thibault Serot
	unknown [20, 4]
(Unknown) laurie.malau@gmail.com laushinka
	unknown [30, 30]
	devel-doc [1, 1]
Red Hat jawnsy@redhat.com Jonathan Yu
	unknown [9, 0]
Google goltermann@users.noreply.github.com goltermann
	unknown [81, 19]
Eldarion, Inc. brian@brosner.com Brian Rosner
	unknown [1, 0]
CoreOS chris@kinvolk.io Chris Kühl
	unknown [7, 7]
Red Hat kstam@redhat.com Kurt Stam
	unknown [98, 0]
Red Hat jolamb@redhat.com dobbymoodge
	unknown [31, 30]
Red Hat pweil@redhat.com Paul Weil
	unknown [674, 77]
Docker harryzhang@zju.edu.cn harry
	unknown [2, 1]
Stylify Your Blog prayag.verma@gmail.com Prayag Verma
	unknown [4, 4]
Self arsen@mamikonyan.am Arsen Mamikonyan
	unknown [5, 5]
Google mohr@google.com Alex Mohr
	unknown [9, 5]
One.com christophe@augello.be Christophe Augello
	unknown [1, 1]
Mesosphere karl@mesosphere.io Karl Isenberg
	unknown [5, 1]
Reddit snagglepants@gmail.com Greg Taylor
	unknown [5, 6]
(Unknown) doriordan@gmail.com David O'Riordan
	unknown [1, 0]
Huawei huruifeng@huawei.com hurf
	unknown [3, 3]
Petback epc@epcostello.com Ed Costello
	unknown [57, 57]
Google amyu@google.com Amy Unruh
	unknown [2, 1]
Huawei zhenggouyong.zheng@huawei.com zhengguoyong
	unknown [15, 15]
(Unknown) yanatan16@users.noreply.github.com Jon Eisen
	unknown [1, 0]
Udacity eosrei@gmail.com Brad Erickson
	unknown [46, 46]
Google jsz@google.com Jerzy Szczepkowski
	unknown [718, 303]
NetEase mqliang.zju@gmail.com mqliang
	unknown [6, 0]
Diamanti ravi@datawisesystems.com Ravi Gadde
	unknown [117, 0]
Google abshah@google.com Abhi Shah
Huawei dinghaiyang@huawei.com dingh
	unknown [213, 12]
(Unknown) rcw@wehnerortega.net Robert Wehner
	unknown [5, 5]
Huawei jiangfeihu@huawei.com feihujiang
	unknown [2, 2]
Huawei liguangbo@huawei.com liguangbo
	unknown [1, 1]
Huawei linzichang@huawei.com Zichang Lin
	unknown [1, 1]
Self skywalker94@gmail.com Ananya Kumar
	unknown [350, 29]
Huawei qiaolei2@huawei.com qiaolei
	unknown [27, 24]
	image [1832, 388]
hackmh mattjmcnaughton@gmail.com Matt McNaughton
	unknown [13, 13]
Tyk mvdan@mvdan.cc Daniel Martí
	unknown [189, 12]
Box sam@box.com Sam Ghods
	unknown [20, 18]
Huawei wangzefeng@huawei.com Kevin
	unknown [1, 1]
	image [0, 0]
Google maxforbes@google.com Max Forbes
	unknown [8, 0]
Red Hat jimmidyson@gmail.com Jimmi Dyson
	unknown [2, 2]
Google krousey@google.com Kris Rousey
	unknown [21, 21]
volleylabs git.push.origin@gmail.com Patrick Flor
	unknown [1, 1]
Docker hesimei@zju.edu.cn He Simei
	unknown [3, 3]
Revinate bryan.stenson@gmail.com Bryan Stenson
	unknown [1, 1]
DrEd Online Doctor vlajos@gmail.com Veres Lajos
	unknown [2, 2]
Connectifier ben@connectifier.com Ben McCann
	unknown [5, 4]
	image [49, 49]
Google biskup@google.com Marek Biskup
	unknown [42, 9]
	devel-doc [10, 0]
Microsoft akshayaurora@yahoo.com Akshay Aurora
	unknown [1, 0]
Google jnagal@google.com Rohit Jnagal
	unknown [327, 0]
Huawei jiangyaoguo@gmail.com jiangyaoguo
	unknown [2, 2]
Google vmarmol@google.com Victor Marmol
	unknown [9, 9]
Google satnam@raintown.org Satnam Singh
Google rescarez@google.com RichieEscarez
	unknown [9, 9]
Google freighttrain@google.com Jeffrey Paine
	unknown [48, 31]
	image [0, 0]
(Unknown) konzems@gmail.com Scott Konzem
	unknown [3, 3]
CERN anastasis90@yahoo.gr Anastasis Andronidis
	unknown [95, 95]
Self mtb19@columbia.edu Matt Bogosian
	unknown [67, 50]
Red Hat wjiang@redhat.com Weiwei Jiang
	unknown [1, 1]
Red Hat rrati@redhat.com Robert Rati
	unknown [76, 30]
(Unknown) tamsky@users.noreply.github.com Marc Tamsky
	unknown [5, 1]
Intel commonlisp@gmail.com George Kuan
	unknown [15, 15]
(Unknown) caesarxuchao@gmail.com caesarxuchao
	unknown [1, 1]
OpenBet ian.miell@gmail.com Ian Miell
	unknown [8, 6]
Self antonio.meireles@reformi.st António Meireles
	unknown [13, 3]
Teradata Aster mmaglana@gmail.com Mark Maglana
	unknown [1, 1]
AdapTechSolutions.net adam@dymitruk.com Adam Dymitruk
	unknown [2, 2]
ZeMoSo Technologies hi@pcx.io Phaneendra Chiruvella
	unknown [1, 1]
Self afe.young@gmail.com Young
	unknown [2, 2]
Red Hat agoldste@redhat.com Andy Goldstein
	unknown [144, 0]
Red Hat cewong@redhat.com csrwng
	unknown [217, 27]
Red Hat michaliskargakis@gmail.com kargakis
	unknown [1, 1]
Red Hat mrunalp@gmail.com Mrunal Patel
	unknown [2, 2]
(Unknown) parthoberoi@hotmail.com Parth Oberoi
	unknown [1, 1]
	devel-doc [1, 1]
(Unknown) sergey.evstifeev@gmail.com Sergey Evstifeev
	unknown [1, 1]
Google mikejeffrey@users.noreply.github.com MikeJeffrey
	devel-doc [19, 0]
Kalon maria.nita.dn@gmail.com Maria Nita
	unknown [2, 2]
Yext meirfischer@gmail.com Meir Fischer
	unknown [1, 1]
(Unknown) pnowaczyk.mail@gmail.com Przemo Nowaczyk
	unknown [3, 3]
Google kouhei@google.com Kouhei Ueno
	unknown [1, 1]
devel-doc 3886 1872
	Google sarah.novotny@gmail.com sarahnovotny: [35, 28]
	Google vishnuk@google.com Vishnu Kannan: [32, 25]
	Kelowna admin@toph.ca Christoph Blecker: [4, 4]
	Microsoft bburns@microsoft.com Brendan Burns: [2, 0]
	Google joe.github@bedafamily.com Joe Beda: [54, 7]
	Rackspace jamie.hannaford@rackspace.com Jamie Hannaford: [702, 511]
	DEIS jdumars@gmail.com Jason Singer DuMars: [34, 3]
	Red Hat pmorie@redhat.com Paul Morie: [56, 31]
	Samsung spiffxp@gmail.com Aaron Crickenberger: [267, 109]
	IBM gyliu513@gmail.com Guang Ya Liu: [6, 3]
	IBM mspreitz@us.ibm.com Mike Spreitzer: [2, 0]
	ZTE Corporation zhao.xiangpeng@zte.com.cn xiangpengzhao: [4, 4]
	Google mikedanese@gmail.com Mike Danese: [4, 0]
	Google bgrant0607@users.noreply.github.com Brian Grant: [477, 285]
	Google pwittroc+github@google.com Phillip Wittrock: [26, 1]
	FOSSEE madhusudancs@gmail.com Madhusudan.C.S: [9, 2]
	Huawei shashidhara.td@huawei.com shashidharatd: [3, 2]
	Google czahedi@google.com Cameron Zahedi: [12, 2]
	Xlab miha.plesko@xlab.si Miha Pleško: [1, 1]
	Google xuchao@google.com Chao Xu: [3, 0]
	Google grodrigues3@users.noreply.github.com grodrigues3: [7, 5]
	(Unknown) deads2k@users.noreply.github.com David Eads: [1, 1]
	Google saadali@google.com Saad Ali: [257, 23]
	Mirantis ihor@dvoretskyi.com Ihor Dvoretskyi: [94, 44]
	Red Hat sgordon@redhat.com Stephen Gordon: [64, 20]
	Google stclair@google.com Tim St. Clair: [61, 3]
	Google thockin@google.com Tim Hockin: [171, 173]
	Google yangguan@google.com Yang Guan: [1, 1]
	Red Hat decarr@redhat.com Derek Carr: [54, 0]
	Google dbsmith@google.com Daniel Smith: [9, 1]
	Red Hat ffranz@redhat.com Fabiano Franz: [20, 1]
	Ceph calebamiles@users.noreply.github.com caleb miles: [278, 50]
	DEIS michelle@deis.com Michelle Noorali: [6, 4]
	Google gmarek@google.com Marek Grabowski: [7, 4]
	Google grod@google.com Garrett Rodrigues: [61, 1]
	Red Hat directxman12+github@gmail.com Solly Ross: [1, 1]
	Google chenopis@users.noreply.github.com Andrew Chen: [4, 4]
	Red Hat eparis@redhat.com Eric Paris: [5, 5]
	Red Hat hekumar@redhat.com Hemant Kumar: [1, 1]
	ZTE Corporation zhang.xiaoyu33@zte.com.cn Xiaoyu Zhang: [2, 2]
	Google mehdy@google.com Mehdy Bohlool: [9, 5]
	CNM Consulting clove@cnmconsulting.net chrislovecnm: [28, 13]
	CoreOS brandon.philips@coreos.com Brandon Philips: [2, 2]
	Google nikhiljindal@google.com Nikhil Jindal: [2, 1]
	RackN rob@rackn.com Rob Hirschfeld: [1, 1]
	IBM dims@linux.vnet.ibm.com Davanum Srinivas: [7, 1]
	ZTE Corporation song.ruixia@zte.com.cn SongRuixia: [1, 1]
	CoreOS euan.kemp@coreos.com Euan Kemp: [1, 1]
	ZTE Corporation li.guangxu@zte.com.cn guangxuli: [1, 1]
	Google foxish@users.noreply.github.com Anirudh Ramanathan: [26, 3]
	Juju Ecosystem mbruzek@gmail.com Matt Bruzek: [8, 8]
	Self pjpires@gmail.com Paulo Pires: [1, 0]
	Google jaredbhatti@users.noreply.github.com Jared: [35, 8]
	Styra, Inc. torinsandall@gmail.com Torin Sandall: [2, 2]
	Google jregan@google.com Jeffrey Regan: [79, 68]
	(Unknown) michmike@users.noreply.github.com Michael Michael: [13, 5]
	Socrata jaescobar.cell@gmail.com Alejandro Escobar: [25, 9]
	OpenStack chris@openstack.org Chris Hoge: [18, 9]
	NotFound development@stp-ip.net Michael Grosser: [1, 1]
	Mirantis pigmej@gmail.com Jędrzej Nowak: [1, 1]
	Mirantis tomasz@napierala.org Tomasz Napierala: [25, 3]
	Engine Yard sgoings@engineyard.com Seth Goings: [3, 2]
	Mirantis psiwczak@mirantis.com Piotr Siwczak: [1, 1]
	Google ramanathana@google.com Anirudh: [2, 2]
	HP matt@mattfarina.com Matt Farina: [140, 9]
	Google dawnchen@google.com Dawn Chen: [87, 21]
	Google verb@google.com Lee Verberne: [1, 1]
	Microsoft kris@nivenly.com Kris Nova: [31, 21]
	Tigera caseydavenport@users.noreply.github.com Casey Davenport: [47, 5]
	Self contact@tmrts.com Tamer Tas: [21, 3]
	Google mrubin@google.com Michael Rubin: [2, 2]
	CoreOS fab.reinartz@gmail.com Fabian Reinartz: [9, 0]
	ZTE Corporation li.xialong@zte.com.cn xialonglee: [3, 3]
	Nebula heckj@mac.com Joe Heck: [2, 2]
	Apprenda dromlein@apprenda.com Dan Romlein: [20, 2]
	Zhejiang University energylyn@zju.edu.cn yanan Lee: [9, 9]
	Google djmm@google.com David McMahon: [52, 188]
	Google fangyuhao@gmail.com x1957: [2, 2]
	Google robertbailey@google.com Robert Bailey: [14, 1]
	NStack jonathanboulle@gmail.com Jonathan Boulle: [1, 1]
	VREAL kemi.krm@gmail.com Keith Mitchell: [3, 3]
	Goonswarm tazjin@gmail.com Vincent Ambo: [1, 1]
	CoreOS yifan.gu@coreos.com Yifan Gu: [4, 0]
	Luke Marsden me@lukemarsden.net Luke Marsden: [1, 0]
	(Unknown) stephen.a.gordon@gmail.com Steve Gordon: [4, 4]
	Walt Disney justinleegarrison@gmail.com Justin Garrison: [1, 1]
	Google bryk@google.com Piotr Bryk: [2, 2]
	Apprenda abrand@apprenda.com Alexander Brand: [10, 0]
	Google jeffmendoza@google.com Jeff Mendoza: [1, 1]
	Red Hat swatt@redhat.com Steve Watt: [3, 0]
	(Unknown) mspetrovic@gmail.com Mark Petrovic: [1, 1]
	Intel connordoyle@users.noreply.github.com Connor Doyle: [16, 1]
	Google jeffml@google.com Jeff Lowdermilk: [9, 1]
	IBM brownwm@us.ibm.com Mike Brown: [65, 18]
	Ammeon joe2farrell@gmail.com joe2far: [15, 15]
	Jetstack simon@swine.de Christian Simon: [4, 1]
	Google davidopp@google.com David Oppenheimer: [53, 15]
	CNCF bob@bobsplanet.com Bob Wise: [1, 1]
	Google zml@google.com Zach Loafman: [87, 21]
	Cockroach alexdwanerobinson@gmail.com Alex Robinson: [3, 3]
	Atlas Informatics joshua.piccari@gmail.com Joshua Piccari: [1, 1]
	(Unknown) laurie.malau@gmail.com laushinka: [1, 1]
	Google biskup@google.com Marek Biskup: [10, 0]
	(Unknown) parthoberoi@hotmail.com Parth Oberoi: [1, 1]
	Google mikejeffrey@users.noreply.github.com MikeJeffrey: [19, 0]
code 38 0
	Rackspace jamie.hannaford@rackspace.com Jamie Hannaford: [38, 0]
unknown 94260 37521
	Hyper.sh feiskyer@users.noreply.github.com Pengfei Ni: [314, 3]
	Google sarah.novotny@gmail.com sarahnovotny: [60, 3]
	Google vishnuk@google.com Vishnu Kannan: [2427, 427]
	Kelowna admin@toph.ca Christoph Blecker: [27, 51]
	Microsoft bburns@microsoft.com Brendan Burns: [876, 21]
	Google joe.github@bedafamily.com Joe Beda: [464, 33]
	(Unknown) ttr314@googlemail.com Timo Reimann: [2, 0]
	Red Hat stefan.schimanski@gmail.com Dr. Stefan Schimanski: [721, 12]
	Rackspace jamie.hannaford@rackspace.com Jamie Hannaford: [1219, 383]
	Red Hat jordan@liggitt.net Jordan Liggitt: [388, 57]
	DEIS jdumars@gmail.com Jason Singer DuMars: [47, 22]
	Red Hat bchilds@redhat.com bradley childs: [1, 1]
	Canonical marco@ceppi.net Marco Ceppi: [6, 3]
	Red Hat pmorie@redhat.com Paul Morie: [4248, 801]
	(Unknown) timothysc@users.noreply.github.com Timothy St. Clair: [145, 0]
	Samsung spiffxp@gmail.com Aaron Crickenberger: [284, 71]
	IBM gyliu513@gmail.com Guang Ya Liu: [32, 33]
	IBM mspreitz@us.ibm.com Mike Spreitzer: [16, 3]
	ZTE Corporation zhao.xiangpeng@zte.com.cn xiangpengzhao: [49, 38]
	Google mikedanese@gmail.com Mike Danese: [354, 74]
	Google bgrant0607@users.noreply.github.com Brian Grant: [1329, 642]
	Google pwittroc+github@google.com Phillip Wittrock: [2764, 567]
	FOSSEE madhusudancs@gmail.com Madhusudan.C.S: [16, 12]
	Huawei shashidhara.td@huawei.com shashidharatd: [5, 5]
	Red Hat ccoleman@redhat.com Clayton Coleman: [2927, 14]
	Google czahedi@google.com Cameron Zahedi: [225, 7]
	Google campbellalex@google.com Alexander Campbell: [103, 116]
	(Unknown) baldwin@stackpointcloud.com Matt Baldwin: [1, 0]
	Red Hat mkargaki@redhat.com Michail Kargakis: [262, 102]
	Self kowens0826@gmail.com Kenneth Owens: [1918, 628]
	Google acidburn@google.com Jess Frazelle: [895, 147]
	Google xuchao@google.com Chao Xu: [2289, 1049]
	Hyper.sh harryz@hyper.sh Harry Zhang: [1, 1]
	CNCF dan@dankohn.com Dan Kohn: [3, 5]
	Airbnb rickyp999@gmail.com Ricky Pai: [10, 8]
	Intel lin.a.yang@intel.com Lin Yang: [2, 2]
	Google saadali@google.com Saad Ali: [126, 51]
	Red Hat arun.gupta@gmail.com Arun Gupta: [20, 1]
	Google mtaufen@users.noreply.github.com Michael Taufen: [5, 0]
	IBM xingzhou@cn.ibm.com Xing Zhou: [65, 0]
	Mirantis ihor@dvoretskyi.com Ihor Dvoretskyi: [231, 89]
	Red Hat sgordon@redhat.com Stephen Gordon: [1, 1]
	Google stclair@google.com Tim St. Clair: [959, 97]
	Google thockin@google.com Tim Hockin: [3538, 6891]
	Self jmyue@hotmail.com supereagle: [20, 20]
	Heptio captainshar@gmail.com Sharon: [293, 373]
	Google etune@google.com Eric Tune: [3860, 228]
	(Unknown) nikitaraghunath@gmail.com Nikhita Raghunath: [2, 2]
	Google mengqiy@google.com ymqytw: [1385, 177]
	Red Hat decarr@redhat.com Derek Carr: [2967, 1005]
	Google ahmetb@google.com Ahmet Alp Balkan: [5, 4]
	Google dbsmith@google.com Daniel Smith: [996, 308]
	Red Hat ffranz@redhat.com Fabiano Franz: [21, 17]
	Ceph calebamiles@users.noreply.github.com caleb miles: [13, 4]
	DEIS michelle@deis.com Michelle Noorali: [236, 28]
	FathomDB justin@fathomdb.com Justin Santa Barbara: [786, 241]
	Google gmarek@google.com Marek Grabowski: [811, 39]
	Google vishh@users.noreply.github.com Vish Kannan: [9, 6]
	Google zihongz@google.com Zihong Zheng: [61, 1]
	Red Hat directxman12+github@gmail.com Solly Ross: [743, 0]
	Pear techtonik@gmail.com anatoly techtonik: [1, 1]
	Google erick@fejta.com Erick Fejta: [330, 118]
	Red Hat eparis@redhat.com Eric Paris: [163, 199]
	CoreOS eric.chiang.m@gmail.com Eric Chiang: [254, 1]
	IBM cmluciano@us.ibm.com Christopher M. Luciano: [1, 1]
	(Unknown) soltysh@gmail.com Maciej Szulik: [831, 61]
	Red Hat hekumar@redhat.com Hemant Kumar: [235, 30]
	Google enisoc@google.com Anthony Yeh: [402, 83]
	Red Hat deads@redhat.com deads2k: [996, 7]
	Google mehdy@google.com Mehdy Bohlool: [321, 12]
	IBM spzala@us.ibm.com Sahdev P. Zala: [5, 8]
	Self jesse.kinkead@gmail.com Jesse Kinkead: [2, 3]
	Red Hat aslak@4fs.no Aslak Knutsen: [1, 1]
	(Unknown) alpe@users.noreply.github.com Alex Peters: [7, 2]
	Nokia ruebenramirez@gmail.com Rueben Ramirez: [1, 1]
	Google beacham@google.com Jacob Beacham: [270, 2]
	IBM tengqim@cn.ibm.com Qiming Teng: [1, 1]
	Mirantis ivan4th@users.noreply.github.com Ivan Shvedunov: [21, 7]
	(Unknown) roland@ro14nd.de Roland Huß: [1, 1]
	ZTE Corporation wang.bin21@zte.com.cn billy2180: [3, 4]
	Google msau@google.com Michelle Au: [630, 541]
	IBM madaxa@cn.ibm.com Klaus Ma: [11, 6]
	Self luischivaldes@gmail.com Luis Valdes: [2, 2]
	CoreOS brandon.philips@coreos.com Brandon Philips: [456, 88]
	(Unknown) willdon@nerdondon.com Will Sean Don: [2, 2]
	Google bsalamat@google.com Bobby (Babak) Salamat: [12, 0]
	Google nikhiljindal@google.com Nikhil Jindal: [672, 0]
	Red Hat haowang@redhat.com Haoran Wang: [7, 7]
	Allegro michal@kinvolk.io Michal Rostecki: [67, 0]
	(Unknown) tjskrishna@gmail.com Thejas Krishnan: [5, 3]
	IBM dims@linux.vnet.ibm.com Davanum Srinivas: [39, 0]
	ZTE Corporation song.ruixia@zte.com.cn SongRuixia: [4, 4]
	Self taotaotheripper@gmail.com Lantao Liu: [32, 0]
	Google ygg@google.com Yang Guo: [1, 1]
	CoreOS euan.kemp@coreos.com Euan Kemp: [423, 51]
	Apache jay@apache.org jay vyas: [159, 29]
	BetterWorks diwu1989@users.noreply.github.com Di Wu: [5, 5]
	(Unknown) mml@users.noreply.github.com Matt Liggett: [17, 17]
	ZTE Corporation li.guangxu@zte.com.cn guangxuli: [3, 3]
	Google foxish@users.noreply.github.com Anirudh Ramanathan: [12, 0]
	Lancope paul.cichonski@gmail.com Paul Cichonski: [1, 1]
	(Unknown) jharai0815@gmail.com Akihiro Harai: [1, 1]
	Diamanti nelcyguy@gmail.com Chakravarthy Nelluri: [128, 0]
	Self lukasz.szaszkiewicz@gmail.com p0lyn0mial: [58, 0]
	ZTE Corporation cai.yixiang@zte.com.cn caiyixiang: [6, 6]
	(Unknown) ixdy@users.noreply.github.com Jeff Grafton: [92, 39]
	Google jinxu@google.com Jing Xu: [108, 0]
	Google yjhong@google.com Yu-Ju Hong: [1169, 54]
	(Unknown) will@icog.net William Denniss: [1, 0]
	Google jaredbhatti@users.noreply.github.com Jared: [1, 1]
	Styra, Inc. torinsandall@gmail.com Torin Sandall: [371, 0]
	(Unknown) dxia@spotify.com David Xia: [4, 5]
	Concur danw@concur.com Wilson, Dan: [81, 0]
	Google jregan@google.com Jeffrey Regan: [685, 467]
	ZTE Corporation tan.shanshan@zte.com.cn tanshanshan: [7, 8]
	Venturit shekhar@venturit.com Shekhar: [1, 1]
	(Unknown) wlan0@users.noreply.github.com Sidhartha Mani: [168, 0]
	Red Hat dma@redhat.com mdshuai: [28, 28]
	Google chiachenk@google.com Janet Kuo: [989, 183]
	Red Hat jpeeler@redhat.com Jeff Peeler: [320, 14]
	(Unknown) maru@thesprawl.net Maru Newby: [1, 1]
	The New York Times tonyli.lives@gmail.com Tony Li: [18, 16]
	Red Hat jsafrane@redhat.com Jan Šafránek: [642, 43]
	(Unknown) shaynewang@users.noreply.github.com Shayne Wang: [2, 2]
	Mirantis pigmej@gmail.com Jędrzej Nowak: [1, 1]
	Mirantis tomasz@napierala.org Tomasz Napierala: [5, 4]
	(Unknown) iain@humblyarrogant.io Iain Cambridge: [2, 2]
	Net EASE 网易有态度 coolhzb@163.com TonyAdo: [2, 0]
	Apprenda dmcquay@apprenda.com Derek McQuay: [2, 2]
	(Unknown) github@lvlv.email Lv Lv: [190, 3]
	Google pszczesniak@google.com Piotr Szczesniak: [451, 840]
	Google ramanathana@google.com Anirudh: [29, 0]
	Google dashpole@google.com David Ashpole: [169, 13]
	IBM mbauer@us.ibm.com Morgan Bauer: [44, 21]
	Mirantis lukaszoles@gmail.com Łukasz Oleś: [3, 2]
	Google minhan.xia@gmail.com Minhan Xia: [215, 0]
	HP matt@mattfarina.com Matt Farina: [75, 12]
	Google dawnchen@google.com Dawn Chen: [3641, 943]
	Google verb@google.com Lee Verberne: [174, 97]
	Microsoft kris@nivenly.com Kris Nova: [26, 0]
	Tigera caseydavenport@users.noreply.github.com Casey Davenport: [333, 0]
	Google wojtekt@google.com Wojciech Tyczynski: [386, 57]
	Self contact@tmrts.com Tamer Tas: [397, 92]
	Google shyamjvs@google.com Shyam JVS: [106, 58]
	Google mrubin@google.com Michael Rubin: [9, 7]
	JPMorgan Chase & Co. michael.fraenkel@gmail.com Michael Fraenkel: [446, 0]
	CoreOS fab.reinartz@gmail.com Fabian Reinartz: [186, 18]
	ZTE Corporation li.xialong@zte.com.cn xialonglee: [1, 1]
	Red Hat vsemushi@redhat.com Slava Semushin: [16, 16]
	Red Hat hchiramm@redhat.com hchiramm: [1, 1]
	Wattpad andrew@wattpad.com andrewsykim: [1, 1]
	Fujitsu chenr.fnst@cn.fujitsu.com xilabao: [10, 3]
	Zhejiang University energylyn@zju.edu.cn yanan Lee: [137, 137]
	Self mail@frederic-hemberger.de Frederic Hemberger: [2, 2]
	Google djmm@google.com David McMahon: [3157, 8085]
	Self vikilwq@zju.edu.cn liwenqi: [13, 13]
	Zhejiang University luo612@zju.edu.cn Jie Luo: [1, 1]
	Self xihuanbo_0521@zju.edu.cn Xinbo Weng: [7, 7]
	Zhejiang University 21651152@zju.edu.cn tim-zju: [1, 1]
	(Unknown) elijahcainemv@gmail.com Elijah C. Voigt: [1, 1]
	Self qinglanpeng@zju.edu.cn Qinglan Peng: [144, 170]
	(Unknown) hongchaodeng@users.noreply.github.com Hongchao Deng: [77, 47]
	(Unknown) email@michaeldolan.com Mike Dolan: [1, 0]
	Google robertbailey@google.com Robert Bailey: [145, 54]
	Red Hat jberkus@redhat.com Josh Berkus: [107, 0]
	NStack jonathanboulle@gmail.com Jonathan Boulle: [2, 2]
	Rackspace blake.haggerty@rackspace.com Blake Haggerty: [1, 1]
	ZTE Corporation yu.peng36@zte.com.cn yupeng: [24, 24]
	Mirantis maciej.iai@gmail.com Maciej Kwiek: [1, 1]
	Google marcin@owsiany.pl Marcin Owsiany: [2, 2]
	Bitnami runseb@gmail.com sebgoa: [2, 2]
	Red Hat jvance@redhat.com Jeff Vance: [45, 0]
	Google quinton@google.com Quinton Hoole: [2574, 186]
	Jimmy Cuadra jimmy@jimmycuadra.com Jimmy Cuadra: [18, 18]
	Self christiankoep@gmail.com Christian Koep: [41, 41]
	Viavi Solutions sergey.maslyakov@viavisolutions.com Sergey Maslyakov: [1, 1]
	Google filipg@google.com Filip Grzadkowski: [707, 6]
	Google mwielgus@google.com Marcin Wielgus: [553, 11]
	CoreOS yifan.gu@coreos.com Yifan Gu: [135, 3]
	Feenix GmbH da.colonel@gmail.com Denis Andrejew: [1, 1]
	Red Hat mturansk@redhat.com markturansky: [260, 28]
	Weaveworks errordeveloper@gmail.com Ilya Dmitrichenko: [24, 21]
	Red Hat dcbw@redhat.com Dan Williams: [7, 4]
	Luke Marsden me@lukemarsden.net Luke Marsden: [292, 0]
	IBM dug@us.ibm.com Doug Davis: [14, 14]
	Comcast sean@coreitpro.com Sean M. Collins: [1, 1]
	Google spxtr@google.com Joe Finney: [4, 13]
	(Unknown) anthony.elizondo@gmail.com Anthony Elizondo: [6, 6]
	Google gkalele@google.com Girish Kalele: [268, 1]
	Google ciwang@google.com Cindy Wang: [555, 3]
	Google jeffmendoza@google.com Jeff Mendoza: [13, 13]
	Rook lucas.kaldstrom@hotmail.co.uk Lucas Käldström: [575, 4]
	Red Hat swatt@redhat.com Steve Watt: [41, 2]
	(Unknown) emve.dev@yandex.ru Vladi: [3, 0]
	Apcera peter.miron@apcera.com Peter Miron: [11, 0]
	Rombit bart.vanbos@rombit.be Bart Van Bos: [2, 1]
	Clarifai rudi@clarifai.com Rudi Chiarito: [403, 60]
	Google mnshaw@google.com Marie Shaw: [178, 7]
	Self crazykev@zju.edu.cn Crazykev: [7, 7]
	Self xlgao@zju.edu.cn Xianglin Gao: [3, 3]
	Red Hat hchen@redhat.com Huamin Chen: [1, 1]
	ZTE Corporation li.xiaobing1@zte.com.cn lixiaobing10051267: [26, 26]
	GoDaddy silas@godaddy.com Silas Boyd-Wickizer: [2, 0]
	Red Hat danw@redhat.com Dan Winship: [0, 2]
	Google jeffml@google.com Jeff Lowdermilk: [239, 21]
	Google ronl@google.com bindata-mockuser: [16, 5]
	IBM brownwm@us.ibm.com Mike Brown: [7046, 4023]
	(Unknown) taariql@gmail.com Taariq Levack: [1, 1]
	Google buddhap@google.com Buddha Prakash: [456, 3]
	Google rmmh@google.com Ryan Hitchman: [15, 15]
	(Unknown) slowlight@yeah.net Tong: [2, 2]
	Codigami aps.sids@gmail.com Amanpreet Singh: [1, 1]
	Google apelisse@google.com Antoine Pelisse: [14, 1]
	Self rodrigo@sdfg.com.ar Rodrigo Campos: [402, 0]
	Ammeon joe2farrell@gmail.com joe2far: [697, 687]
	Red Hat asalkeld@mirantis.com Angus Salkeld: [24, 24]
	Google davidopp@google.com David Oppenheimer: [3354, 289]
	Google zml@google.com Zach Loafman: [3837, 967]
	Amadeus salvatore-dario.minonne@amadeus.com Salvatore Dario Minonne: [527, 607]
	CoreOS colin.hom@coreos.com Colin Hom: [121, 0]
	Red Hat avagarwa@redhat.com Avesh Agarwal: [654, 3]
	Aperian Global aaronjlevy@gmail.com Aaron Levy: [1, 0]
	(Unknown) borismattijssen@gmail.com Boris Mattijssen: [1, 1]
	Red Hat jchaloup@redhat.com Jan Chaloupka: [1, 0]
	Google ihmccreery@google.com Isaac Hollander McCreery: [680, 848]
	Google cjcullen@google.com CJ Cullen: [1, 3]
	CoreOS george.tankersley@coreos.com George Tankersley: [372, 100]
	Google lorenc.d@gmail.com Dan Lorenc: [1, 1]
	CoreOS derek.parker@coreos.com Derek Parker: [209, 45]
	Google admpyle@gmail.com Adam Pyle: [2, 2]
	Google deyuan.deng@gmail.com Deyuan Deng: [37, 56]
	Google beeps@google.com Prashanth Balasubramanian: [302, 47]
	Apcera preet@apcera.com Preet Bhinder: [1, 1]
	Cockroach alexdwanerobinson@gmail.com Alex Robinson: [330, 350]
	Red Hat tnguyen@redhat.com Thien-Thi Nguyen: [1, 1]
	(Unknown) yangbaohua@gmail.com yeasy: [1, 1]
	Buildbot rutsky@users.noreply.github.com Vladimir Rutsky: [3, 3]
	Net EASE 网易有态度 gaozheng0123@163.com Gao Zheng: [1, 1]
	Red Hat bparees@redhat.com Ben Parees: [609, 11]
	(Unknown) thibserot@gmail.com Thibault Serot: [20, 4]
	(Unknown) laurie.malau@gmail.com laushinka: [30, 30]
	Red Hat jawnsy@redhat.com Jonathan Yu: [9, 0]
	Google goltermann@users.noreply.github.com goltermann: [81, 19]
	Eldarion, Inc. brian@brosner.com Brian Rosner: [1, 0]
	CoreOS chris@kinvolk.io Chris Kühl: [7, 7]
	Red Hat kstam@redhat.com Kurt Stam: [98, 0]
	Red Hat jolamb@redhat.com dobbymoodge: [31, 30]
	Red Hat pweil@redhat.com Paul Weil: [674, 77]
	Docker harryzhang@zju.edu.cn harry: [2, 1]
	Stylify Your Blog prayag.verma@gmail.com Prayag Verma: [4, 4]
	Self arsen@mamikonyan.am Arsen Mamikonyan: [5, 5]
	Google mohr@google.com Alex Mohr: [9, 5]
	One.com christophe@augello.be Christophe Augello: [1, 1]
	Mesosphere karl@mesosphere.io Karl Isenberg: [5, 1]
	Reddit snagglepants@gmail.com Greg Taylor: [5, 6]
	(Unknown) doriordan@gmail.com David O'Riordan: [1, 0]
	Huawei huruifeng@huawei.com hurf: [3, 3]
	Petback epc@epcostello.com Ed Costello: [57, 57]
	Google amyu@google.com Amy Unruh: [2, 1]
	Huawei zhenggouyong.zheng@huawei.com zhengguoyong: [15, 15]
	(Unknown) yanatan16@users.noreply.github.com Jon Eisen: [1, 0]
	Udacity eosrei@gmail.com Brad Erickson: [46, 46]
	Google jsz@google.com Jerzy Szczepkowski: [718, 303]
	NetEase mqliang.zju@gmail.com mqliang: [6, 0]
	Diamanti ravi@datawisesystems.com Ravi Gadde: [117, 0]
	Huawei dinghaiyang@huawei.com dingh: [213, 12]
	(Unknown) rcw@wehnerortega.net Robert Wehner: [5, 5]
	Huawei jiangfeihu@huawei.com feihujiang: [2, 2]
	Huawei liguangbo@huawei.com liguangbo: [1, 1]
	Huawei linzichang@huawei.com Zichang Lin: [1, 1]
	Self skywalker94@gmail.com Ananya Kumar: [350, 29]
	Huawei qiaolei2@huawei.com qiaolei: [27, 24]
	hackmh mattjmcnaughton@gmail.com Matt McNaughton: [13, 13]
	Tyk mvdan@mvdan.cc Daniel Martí: [189, 12]
	Box sam@box.com Sam Ghods: [20, 18]
	Huawei wangzefeng@huawei.com Kevin: [1, 1]
	Google maxforbes@google.com Max Forbes: [8, 0]
	Red Hat jimmidyson@gmail.com Jimmi Dyson: [2, 2]
	Google krousey@google.com Kris Rousey: [21, 21]
	volleylabs git.push.origin@gmail.com Patrick Flor: [1, 1]
	Docker hesimei@zju.edu.cn He Simei: [3, 3]
	Revinate bryan.stenson@gmail.com Bryan Stenson: [1, 1]
	DrEd Online Doctor vlajos@gmail.com Veres Lajos: [2, 2]
	Connectifier ben@connectifier.com Ben McCann: [5, 4]
	Google biskup@google.com Marek Biskup: [42, 9]
	Microsoft akshayaurora@yahoo.com Akshay Aurora: [1, 0]
	Google jnagal@google.com Rohit Jnagal: [327, 0]
	Huawei jiangyaoguo@gmail.com jiangyaoguo: [2, 2]
	Google vmarmol@google.com Victor Marmol: [9, 9]
	Google rescarez@google.com RichieEscarez: [9, 9]
	Google freighttrain@google.com Jeffrey Paine: [48, 31]
	(Unknown) konzems@gmail.com Scott Konzem: [3, 3]
	CERN anastasis90@yahoo.gr Anastasis Andronidis: [95, 95]
	Self mtb19@columbia.edu Matt Bogosian: [67, 50]
	Red Hat wjiang@redhat.com Weiwei Jiang: [1, 1]
	Red Hat rrati@redhat.com Robert Rati: [76, 30]
	(Unknown) tamsky@users.noreply.github.com Marc Tamsky: [5, 1]
	Intel commonlisp@gmail.com George Kuan: [15, 15]
	(Unknown) caesarxuchao@gmail.com caesarxuchao: [1, 1]
	OpenBet ian.miell@gmail.com Ian Miell: [8, 6]
	Self antonio.meireles@reformi.st António Meireles: [13, 3]
	Teradata Aster mmaglana@gmail.com Mark Maglana: [1, 1]
	AdapTechSolutions.net adam@dymitruk.com Adam Dymitruk: [2, 2]
	ZeMoSo Technologies hi@pcx.io Phaneendra Chiruvella: [1, 1]
	Self afe.young@gmail.com Young: [2, 2]
	Red Hat agoldste@redhat.com Andy Goldstein: [144, 0]
	Red Hat cewong@redhat.com csrwng: [217, 27]
	Red Hat michaliskargakis@gmail.com kargakis: [1, 1]
	Red Hat mrunalp@gmail.com Mrunal Patel: [2, 2]
	(Unknown) parthoberoi@hotmail.com Parth Oberoi: [1, 1]
	(Unknown) sergey.evstifeev@gmail.com Sergey Evstifeev: [1, 1]
	Kalon maria.nita.dn@gmail.com Maria Nita: [2, 2]
	Yext meirfischer@gmail.com Meir Fischer: [1, 1]
	(Unknown) pnowaczyk.mail@gmail.com Przemo Nowaczyk: [3, 3]
	Google kouhei@google.com Kouhei Ueno: [1, 1]
image 2493 550
	Google vishnuk@google.com Vishnu Kannan: [0, 0]
	Google joe.github@bedafamily.com Joe Beda: [0, 0]
	Google stclair@google.com Tim St. Clair: [0, 0]
	Google etune@google.com Eric Tune: [113, 0]
	Google gmarek@google.com Marek Grabowski: [0, 0]
	CoreOS brandon.philips@coreos.com Brandon Philips: [0, 0]
	Google yjhong@google.com Yu-Ju Hong: [0, 0]
	Google quinton@google.com Quinton Hoole: [0, 0]
	Google filipg@google.com Filip Grzadkowski: [0, 0]
	Google ciwang@google.com Cindy Wang: [0, 0]
	Google jeffmendoza@google.com Jeff Mendoza: [0, 0]
	Google mnshaw@google.com Marie Shaw: [0, 0]
	Google jeffml@google.com Jeff Lowdermilk: [0, 0]
	Google davidopp@google.com David Oppenheimer: [499, 0]
	Google ihmccreery@google.com Isaac Hollander McCreery: [0, 113]
	Huawei qiaolei2@huawei.com qiaolei: [1832, 388]
	Huawei wangzefeng@huawei.com Kevin: [0, 0]
	Connectifier ben@connectifier.com Ben McCann: [49, 49]
	Google freighttrain@google.com Jeffrey Paine: [0, 0]
documentation 70 7
	Google vishnuk@google.com Vishnu Kannan: [8, 0]
	Rackspace jamie.hannaford@rackspace.com Jamie Hannaford: [62, 7]
	Red Hat jberkus@redhat.com Josh Berkus: [0, 0]
build 70 14
	Google vishnuk@google.com Vishnu Kannan: [1, 1]
	Google joe.github@bedafamily.com Joe Beda: [32, 7]
	Rackspace jamie.hannaford@rackspace.com Jamie Hannaford: [20, 5]
	Red Hat pmorie@redhat.com Paul Morie: [14, 0]
	Google djmm@google.com David McMahon: [1, 1]
	ZTE Corporation wang.yuexiao@zte.com.cn yuexiao-wang: [2, 0]
devel-doc 3886 1872
code 38 0
unknown 94260 37521
image 2493 550
documentation 70 7
build 70 14
