Filter on "^vendor/|/vendor/"
open output file /Users/lukasz/dev/cncf/gitdm/repos/cri-tools.csv

WARNING: duplicate email/empl for pekowski@gmail.com
WARNING: duplicate email/empl for thingee@gmail.com
WARNING: duplicate email/empl for t.trifonov@gmail.com
WARNING: duplicate email/empl for lyz@princessleia.com
WARNING: duplicate email/empl for robertc@robertcollins.net
WARNING: duplicate email/empl for clint@fewbar.com
WARNING: duplicate email/empl for andrew@linuxjedi.co.uk
WARNING: duplicate email/empl for duncan.thomas@gmail.com
WARNING: duplicate email/empl for kiall@managedit.ie
WARNING: duplicate email/empl for devananda.vdv@gmail.com
WARNING: duplicate email/empl for zaro0508@gmail.com
WARNING: duplicate email/empl for shrewsbury.dave@gmail.com
WARNING: duplicate email/empl for j3p0uk@hotmail.com
WARNING: duplicate email/empl for me@mark.atwood.name
WARNING: duplicate email/empl for slicknik@gmail.com
WARNING: duplicate email/empl for cmsj@tenshu.net
WARNING: duplicate email/empl for anteaya@anteaya.info
WARNING: duplicate email/empl for greg@greghaynes.net
WARNING: duplicate email/empl for matt@mattfarina.com
WARNING: duplicate email/empl for jp@jamezpolley.com
WARNING: duplicate email/empl for steven@wedontsleep.org
WARNING: duplicate email/empl for gleebix@gmail.com
WARNING: duplicate email/empl for code@gentlydownthe.net
WARNING: duplicate email/empl for morgan.fainberg@gmail.com
WARNING: duplicate email/empl for jeblair@hp.com
WARNING: duplicate email/empl for juliaashleykreger@gmail.com
WARNING: duplicate email/empl for stephane@alum.mit.edu
WARNING: duplicate email/empl for kragniz@gmail.com
WARNING: duplicate email/empl for wchrisjohnson@gmail.com
WARNING: duplicate email/empl for daisy.ycguo@gmail.com
WARNING: duplicate email/empl for mordred@inaugust.com
WARNING: duplicate email/empl for zxkuqyb@gmail.com
WARNING: duplicate email/empl for amigliaccio@internap.com
WARNING: duplicate email/empl for yorik.sar@gmail.com
WARNING: duplicate email/empl for e0ne@e0ne.info
WARNING: duplicate email/empl for gabriel@strikeawe.com
WARNING: duplicate email/empl for heckj@mac.com
WARNING: duplicate email/empl for ke.wu@ibeca.me
WARNING: duplicate email/empl for rushi.agr@gmail.com
WARNING: duplicate email/empl for salv.orlando@gmail.com
WARNING: duplicate email/empl for tushar.vitthal.patil@gmail.com
WARNING: duplicate email/empl for jmckenty@gmail.com
WARNING: duplicate email/empl for anne@openstack.org
WARNING: duplicate email/empl for breu@breu.org
WARNING: duplicate email/empl for cbehrens@codestud.com
WARNING: duplicate email/empl for clay.gerrard@gmail.com
WARNING: duplicate email/empl for corywright@gmail.com
WARNING: duplicate email/empl for cp16net@gmail.com
WARNING: duplicate email/empl for cthier@gmail.com
WARNING: duplicate email/empl for darren.birkett@gmail.com
WARNING: duplicate email/empl for dolph.mathews@gmail.com
WARNING: duplicate email/empl for ed@leafe.com
WARNING: duplicate email/empl for github@highbridgellc.com
WARNING: duplicate email/empl for greglange@gmail.com
WARNING: duplicate email/empl for hugh@wherenow.org
WARNING: duplicate email/empl for imsplitbit@gmail.com
WARNING: duplicate email/empl for jason@koelker.net
WARNING: duplicate email/empl for jcruz7@gmail.com
WARNING: duplicate email/empl for josh@jk0.org
WARNING: duplicate email/empl for mattt@defunct.ca
WARNING: duplicate email/empl for mbasnight@gmail.com
WARNING: duplicate email/empl for mike@weirdlooking.com
WARNING: duplicate email/empl for msherborne@gmail.com
WARNING: duplicate email/empl for naveedm9@gmail.com
WARNING: duplicate email/empl for paul@openstack.org
WARNING: duplicate email/empl for rnirmal@gmail.com
WARNING: duplicate email/empl for rconradharris@gmail.com
WARNING: duplicate email/empl for thierry@openstack.org
WARNING: duplicate email/empl for throughnothing@gmail.com
WARNING: duplicate email/empl for yoga80@yahoo.com
WARNING: duplicate email/empl for mark.washenberger@markwash.net
WARNING: duplicate email/empl for p@draigbrady.com
WARNING: duplicate email/empl for zaitcev@kotori.zaitcev.us
WARNING: duplicate email/empl for julie.pichon@gmail.com
WARNING: duplicate email/empl for ghe@debian.org
WARNING: duplicate email/empl for sorrison@gmail.com
unknown@hacker.net Unknown hacker
mozhuli@users.noreply.github.com Wade Lee
	unknown [107, 9]
	devel-doc [9, 0]
21621232@zju.edu.cn mozhuli
taotaotheripper@gmail.com Lantao Liu
	unknown [24, 34]
runcom@users.noreply.github.com Antonio Murdaca
	unknown [29, 1]
21521209@zju.edu.cn Luke Chen
	unknown [2170, 227]
	devel-doc [94, 6]
	code [35, 0]
	build [1, 1]
yulinxie@zju.edu.cn Yulin Xie
	unknown [1577, 298]
feiskyer@users.noreply.github.com Pengfei Ni
	unknown [748, 250]
	devel-doc [369, 22]
	code [679, 4]
	build [30, 0]
	documentation [58, 0]
xlgao@zju.edu.cn Xianglin Gao
	unknown [3433, 949]
	devel-doc [40, 6]
	code [10, 5]
	build [59, 1]
yjhong@google.com Yu-Ju Hong
	unknown [3, 0]
mrunalp@gmail.com Mrunal Patel
	unknown [111, 0]
	build [8, 1]
harryz@hyper.sh Harry Zhang
	unknown [1, 0]
dawnchen@google.com Dawn Chen
	unknown [104, 0]
	devel-doc [244, 0]
unknown 8307 1768
	mozhuli@users.noreply.github.com Wade Lee: [107, 9]
	taotaotheripper@gmail.com Lantao Liu: [24, 34]
	runcom@users.noreply.github.com Antonio Murdaca: [29, 1]
	21521209@zju.edu.cn Luke Chen: [2170, 227]
	yulinxie@zju.edu.cn Yulin Xie: [1577, 298]
	feiskyer@users.noreply.github.com Pengfei Ni: [748, 250]
	xlgao@zju.edu.cn Xianglin Gao: [3433, 949]
	yjhong@google.com Yu-Ju Hong: [3, 0]
	mrunalp@gmail.com Mrunal Patel: [111, 0]
	harryz@hyper.sh Harry Zhang: [1, 0]
	dawnchen@google.com Dawn Chen: [104, 0]
devel-doc 756 34
	mozhuli@users.noreply.github.com Wade Lee: [9, 0]
	21521209@zju.edu.cn Luke Chen: [94, 6]
	feiskyer@users.noreply.github.com Pengfei Ni: [369, 22]
	xlgao@zju.edu.cn Xianglin Gao: [40, 6]
	dawnchen@google.com Dawn Chen: [244, 0]
code 724 9
	21521209@zju.edu.cn Luke Chen: [35, 0]
	feiskyer@users.noreply.github.com Pengfei Ni: [679, 4]
	xlgao@zju.edu.cn Xianglin Gao: [10, 5]
build 98 3
	21521209@zju.edu.cn Luke Chen: [1, 1]
	feiskyer@users.noreply.github.com Pengfei Ni: [30, 0]
	xlgao@zju.edu.cn Xianglin Gao: [59, 1]
	mrunalp@gmail.com Mrunal Patel: [8, 1]
documentation 58 0
	feiskyer@users.noreply.github.com Pengfei Ni: [58, 0]
unknown 8307 1768
devel-doc 756 34
code 724 9
build 98 3
documentation 58 0
