Filter on "^vendor/|/vendor/"
open output file /Users/lukasz/dev/cncf/gitdm/repos/csharp.csv

(Unknown) unknown@hacker.net Unknown hacker
Microsoft bburns@microsoft.com Brendan Burns
	unknown [42485, 0]
	devel-doc [26, 0]
	code [166316, 0]
Microsoft kr.abhishek8260@gmail.com krabhishek8260
	unknown [235, 0]
	code [5354, 763]
Google mehdy@google.com Mehdy Bohlool
	unknown [7, 0]
	devel-doc [203, 0]
unknown 42727 0
	Microsoft bburns@microsoft.com Brendan Burns: [42485, 0]
	Microsoft kr.abhishek8260@gmail.com krabhishek8260: [235, 0]
	Google mehdy@google.com Mehdy Bohlool: [7, 0]
devel-doc 229 0
	Microsoft bburns@microsoft.com Brendan Burns: [26, 0]
	Google mehdy@google.com Mehdy Bohlool: [203, 0]
code 171670 763
	Microsoft bburns@microsoft.com Brendan Burns: [166316, 0]
	Microsoft kr.abhishek8260@gmail.com krabhishek8260: [5354, 763]
unknown 42727 0
devel-doc 229 0
code 171670 763
