Filter on "^vendor/|/vendor/"
open output file /Users/lukasz/dev/cncf/gitdm/repos/dashboard.csv

唐飞雄 (twitter: @tangfx) is an author name, probably not what you want
unknown@hacker.net Unknown hacker
andreas@kruger.nu Andreas Krüger
	code [1, 1]
maciaszczykm@users.noreply.github.com Marcin Maciaszczyk
	devel-doc [56443, 4]
	code [81038, 3244]
	package [0, 0]
	unknown [1650141, 3709]
	image [21781, 2]
	documentation [103146, 875]
	ui [101, 0]
	build [10268, 0]
s.florek91@gmail.com Sebastian Florek
	devel-doc [3269, 3]
	code [21940, 8437]
	unknown [501930, 49670]
	image [18, 0]
	documentation [6288, 3644]
	ui [6, 4]
	build [199, 0]
kenan.karamehmedovic@est.fujitsu.com Kenan Karamehmedovic
	unknown [362, 46]
	code [853, 392]
	documentation [148, 67]
zounengren@cmss.chinamobile.com zoues
	unknown [117, 115]
christoph.held@est.fujitsu.com Christoph Held
	unknown [1669, 468]
	devel-doc [201, 236]
	code [934, 340]
	image [0, 0]
	documentation [138, 33]
timothyjosefik@gmail.com Timothy Josefik
	unknown [7, 7]
bryk@google.com Piotr Bryk
	devel-doc [4233, 88172]
	code [88965, 145161]
	package [0, 0]
	unknown [525798, 1935065]
	image [67, 21779]
	documentation [23230, 117740]
	ui [149, 123]
	build [90, 10328]
wang.bin21@zte.com.cn billy2180
	unknown [48, 48]
steffen.hanikel@gmail.com Steffen Hanikel
	unknown [153, 90]
tangfx128@gmail.com 唐飞雄 (twitter: @tangfx)
	unknown [806, 0]
janos@lenart.io Janos Lenart
	unknown [540, 124]
	devel-doc [7, 3]
zhouhaibing089@gmail.com zhouhaibing089
	unknown [24, 6]
	code [82, 3]
	documentation [4, 0]
kaijun@users.noreply.github.com Kaijun Chen
	code [2, 2]
sean@soundcloud.com Sean Treadway
	unknown [2, 2]
	devel-doc [2, 2]
rob@rob-franken.nl Rob Franken
	unknown [3236, 1982]
	code [2036, 195]
	documentation [497, 30]
mlamina09@gmail.com Marco Lamina
	unknown [799, 28]
	image [0, 0]
	code [400, 6]
	documentation [117, 0]
olekz@google.com olekzabl
	unknown [206, 0]
	image [0, 0]
	code [2, 2]
yamagami-takuma@users.noreply.github.com Yamagami-Takuma
	unknown [1937, 2279]
	documentation [3, 3]
dromlein@apprenda.com Dan Romlein
	unknown [7, 12]
	devel-doc [42, 9]
	image [0, 0]
vineet@doorstop.net Vineet Kumar
	unknown [5, 3]
lvroyce0210@gmail.com VeraLyu
	unknown [4, 4]
jsloyer@gmail.com Jeff Sloyer
	unknown [1, 0]
ianlewis@google.com Ian Lewis
	unknown [680, 383]
	image [0, 0]
	code [162, 51]
	devel-doc [3, 28]
	documentation [16, 3]
wang.xiaoren@zte.com.cn wefine
	unknown [14, 9]
liuhgxa@gmail.com Hougang Liu
	unknown [94, 59]
tktk.stereoman@gmail.com tktk
	unknown [1, 1]
sesispla@outlook.com Sergio Sisternes
	unknown [148, 0]
cs006061@gmail.com Kodai Sakabe
li.xialong@zte.com.cn Peter Lee
	unknown [1, 1]
xihuanbo_0521@zju.edu.cn wxb0521
	unknown [33, 33]
	code [16, 16]
	documentation [1, 1]
vikilwq@zju.edu.cn liwenqi
vandelaerjoren@gmail.com JorenVDL
	unknown [1, 1]
saturnism@users.noreply.github.com Ray Tsang
	unknown [98, 12]
mrwacky42@users.noreply.github.com Sharif Nassar
	code [38, 27]
	documentation [4, 4]
batikanu@yahoo.com Batikan Urcan
	unknown [1915, 757]
	code [1756, 14]
	documentation [731, 14]
denis.poisson@ts.fujitsu.com Denis Poisson
	unknown [1937, 176]
	code [3626, 2986]
	documentation [1287, 815]
gus@inodes.org Angus Lees
	unknown [4, 0]
	documentation [3, 3]
leave24534@gmail.com foliage
	unknown [2, 2]
marian@giantswarm.io Marian Steinbach
	documentation [3, 4]
nicroland9@gmail.com Nic Roland
	unknown [68, 68]
	code [16, 16]
	documentation [10, 10]
sn0rt@abc.shop.edu.cn Sn0rt
	unknown [139, 73]
	code [50, 18]
antti.ahti@gmail.com Antti Ahti
	code [1, 1]
puja108@gmail.com Puja
	unknown [50, 51]
	devel-doc [2, 0]
egeland@gmail.com Frode Egeland
	devel-doc [4, 4]
jskswamy@users.noreply.github.com Krishnaswamy Subramanian
pdabkowski@google.com Piotr Dabkowski
	unknown [4533, 1045]
	code [1846, 329]
	ui [1, 0]
	documentation [429, 190]
cole.mickens@gmail.com Cole Mickens
	devel-doc [14, 1]
ekuefler@gmail.com Erik Kuefler
	unknown [1, 0]
	code [54, 2]
	documentation [1, 1]
ryanday2@gmail.com Ryan Day
	unknown [36, 3]
me@vincentwoo.com Vincent Woo
	unknown [10, 6]
luke.nickerson@gmail.com Luke Nickerson
	unknown [323, 60]
	devel-doc [3, 3]
edouard.kaiser@gmail.com Edouard Kaiser
	unknown [17, 1]
	code [3, 0]
	documentation [6, 0]
atanas.mirchev@est.fujitsu.com Atanas Mirchev
	unknown [1412, 102]
	devel-doc [0, 1]
	code [2980, 430]
	ui [1, 3]
	documentation [671, 486]
gerti.poppel@est.fujitsu.com gertipoppel
	unknown [307, 308]
	code [550, 496]
	documentation [286, 282]
aps.sids@gmail.com Aman
	unknown [1, 1]
higashi.isao@jp.fujitsu.com higashi isao
	unknown [10702, 772]
	devel-doc [229, 0]
	code [644, 187]
	build [16, 0]
	documentation [21, 17]
luiz.felipe.gp@gmail.com Luiz Felipe G. Pereira
	unknown [525, 112]
	code [197, 13]
	documentation [68, 4]
sebastien.coavoux@nuance.com Sebastien Coavoux
	devel-doc [34375, 65]
	code [13, 7]
	unknown [43331, 8062]
	image [0, 0]
	documentation [32, 2]
	build [5, 3]
s.coavoux@free.fr Sébastien Coavoux
	unknown [1, 0]
alainr@vmware.com Alain Roy
	unknown [37, 0]
amitbitcse@gmail.com Amit Kumar Prasad
	documentation [1, 1]
zhomart@users.noreply.github.com Zhomart Mukhamejanov
	devel-doc [3, 0]
markdevilliers@gmail.com Mark deVilliers
	devel-doc [2, 2]
batikan.urcan@est.fujitsu.com urcan
	unknown [225, 66]
	code [880, 121]
	ui [3, 1]
	documentation [123, 58]
joe.bowers@coreos.com Joe Bowers
	unknown [91, 6]
	code [234, 28]
	documentation [43, 10]
errordeveloper@gmail.com Ilya Dmitrichenko
	unknown [48, 45]
	devel-doc [1, 3]
lucas.kaldstrom@hotmail.co.uk Lucas Käldström
	unknown [69, 2]
	devel-doc [9, 6]
	code [34, 0]
jason@murrayinfotech.com thecanadianbaker
	devel-doc [76, 25]
lukasz.zajaczkowski@ts.fujitsu.com Lukasz Zajaczkowski
	unknown [1255, 159]
	code [1538, 221]
	ui [3, 0]
	documentation [136, 14]
tombenner@gmail.com Tom Benner
	code [7, 2]
mateuszg@gmail.com Mateusz
kenmoore@gmail.com Ken Moore
pwiech@gmail.com Przemek Więch
info@sebastian-mueller.net Sebastian Müller
	unknown [11, 7]
adzakrzew@gmail.com azakrzewski
eparis@redhat.com Eric Paris
ramitsurana@gmail.com Ramit Surana
	devel-doc [9, 0]
bolu@google.com bolu
filipg@google.com Filip Grzadkowski
	devel-doc [1, 0]
devel-doc 98928 88567
	maciaszczykm@users.noreply.github.com Marcin Maciaszczyk: [56443, 4]
	s.florek91@gmail.com Sebastian Florek: [3269, 3]
	christoph.held@est.fujitsu.com Christoph Held: [201, 236]
	bryk@google.com Piotr Bryk: [4233, 88172]
	janos@lenart.io Janos Lenart: [7, 3]
	sean@soundcloud.com Sean Treadway: [2, 2]
	dromlein@apprenda.com Dan Romlein: [42, 9]
	ianlewis@google.com Ian Lewis: [3, 28]
	puja108@gmail.com Puja: [2, 0]
	egeland@gmail.com Frode Egeland: [4, 4]
	cole.mickens@gmail.com Cole Mickens: [14, 1]
	luke.nickerson@gmail.com Luke Nickerson: [3, 3]
	atanas.mirchev@est.fujitsu.com Atanas Mirchev: [0, 1]
	higashi.isao@jp.fujitsu.com higashi isao: [229, 0]
	sebastien.coavoux@nuance.com Sebastien Coavoux: [34375, 65]
	zhomart@users.noreply.github.com Zhomart Mukhamejanov: [3, 0]
	markdevilliers@gmail.com Mark deVilliers: [2, 2]
	errordeveloper@gmail.com Ilya Dmitrichenko: [1, 3]
	lucas.kaldstrom@hotmail.co.uk Lucas Käldström: [9, 6]
	jason@murrayinfotech.com thecanadianbaker: [76, 25]
	ramitsurana@gmail.com Ramit Surana: [9, 0]
	filipg@google.com Filip Grzadkowski: [1, 0]
code 210898 162748
	andreas@kruger.nu Andreas Krüger: [1, 1]
	maciaszczykm@users.noreply.github.com Marcin Maciaszczyk: [81038, 3244]
	s.florek91@gmail.com Sebastian Florek: [21940, 8437]
	kenan.karamehmedovic@est.fujitsu.com Kenan Karamehmedovic: [853, 392]
	christoph.held@est.fujitsu.com Christoph Held: [934, 340]
	bryk@google.com Piotr Bryk: [88965, 145161]
	zhouhaibing089@gmail.com zhouhaibing089: [82, 3]
	kaijun@users.noreply.github.com Kaijun Chen: [2, 2]
	rob@rob-franken.nl Rob Franken: [2036, 195]
	mlamina09@gmail.com Marco Lamina: [400, 6]
	olekz@google.com olekzabl: [2, 2]
	ianlewis@google.com Ian Lewis: [162, 51]
	xihuanbo_0521@zju.edu.cn wxb0521: [16, 16]
	mrwacky42@users.noreply.github.com Sharif Nassar: [38, 27]
	batikanu@yahoo.com Batikan Urcan: [1756, 14]
	denis.poisson@ts.fujitsu.com Denis Poisson: [3626, 2986]
	nicroland9@gmail.com Nic Roland: [16, 16]
	sn0rt@abc.shop.edu.cn Sn0rt: [50, 18]
	antti.ahti@gmail.com Antti Ahti: [1, 1]
	pdabkowski@google.com Piotr Dabkowski: [1846, 329]
	ekuefler@gmail.com Erik Kuefler: [54, 2]
	edouard.kaiser@gmail.com Edouard Kaiser: [3, 0]
	atanas.mirchev@est.fujitsu.com Atanas Mirchev: [2980, 430]
	gerti.poppel@est.fujitsu.com gertipoppel: [550, 496]
	higashi.isao@jp.fujitsu.com higashi isao: [644, 187]
	luiz.felipe.gp@gmail.com Luiz Felipe G. Pereira: [197, 13]
	sebastien.coavoux@nuance.com Sebastien Coavoux: [13, 7]
	batikan.urcan@est.fujitsu.com urcan: [880, 121]
	joe.bowers@coreos.com Joe Bowers: [234, 28]
	lucas.kaldstrom@hotmail.co.uk Lucas Käldström: [34, 0]
	lukasz.zajaczkowski@ts.fujitsu.com Lukasz Zajaczkowski: [1538, 221]
	tombenner@gmail.com Tom Benner: [7, 2]
package 0 0
	maciaszczykm@users.noreply.github.com Marcin Maciaszczyk: [0, 0]
	bryk@google.com Piotr Bryk: [0, 0]
unknown 2755912 2006041
	maciaszczykm@users.noreply.github.com Marcin Maciaszczyk: [1650141, 3709]
	s.florek91@gmail.com Sebastian Florek: [501930, 49670]
	kenan.karamehmedovic@est.fujitsu.com Kenan Karamehmedovic: [362, 46]
	zounengren@cmss.chinamobile.com zoues: [117, 115]
	christoph.held@est.fujitsu.com Christoph Held: [1669, 468]
	timothyjosefik@gmail.com Timothy Josefik: [7, 7]
	bryk@google.com Piotr Bryk: [525798, 1935065]
	wang.bin21@zte.com.cn billy2180: [48, 48]
	steffen.hanikel@gmail.com Steffen Hanikel: [153, 90]
	tangfx128@gmail.com 唐飞雄 (twitter: @tangfx): [806, 0]
	janos@lenart.io Janos Lenart: [540, 124]
	zhouhaibing089@gmail.com zhouhaibing089: [24, 6]
	sean@soundcloud.com Sean Treadway: [2, 2]
	rob@rob-franken.nl Rob Franken: [3236, 1982]
	mlamina09@gmail.com Marco Lamina: [799, 28]
	olekz@google.com olekzabl: [206, 0]
	yamagami-takuma@users.noreply.github.com Yamagami-Takuma: [1937, 2279]
	dromlein@apprenda.com Dan Romlein: [7, 12]
	vineet@doorstop.net Vineet Kumar: [5, 3]
	lvroyce0210@gmail.com VeraLyu: [4, 4]
	jsloyer@gmail.com Jeff Sloyer: [1, 0]
	ianlewis@google.com Ian Lewis: [680, 383]
	wang.xiaoren@zte.com.cn wefine: [14, 9]
	liuhgxa@gmail.com Hougang Liu: [94, 59]
	tktk.stereoman@gmail.com tktk: [1, 1]
	sesispla@outlook.com Sergio Sisternes: [148, 0]
	li.xialong@zte.com.cn Peter Lee: [1, 1]
	xihuanbo_0521@zju.edu.cn wxb0521: [33, 33]
	vandelaerjoren@gmail.com JorenVDL: [1, 1]
	saturnism@users.noreply.github.com Ray Tsang: [98, 12]
	batikanu@yahoo.com Batikan Urcan: [1915, 757]
	denis.poisson@ts.fujitsu.com Denis Poisson: [1937, 176]
	gus@inodes.org Angus Lees: [4, 0]
	leave24534@gmail.com foliage: [2, 2]
	nicroland9@gmail.com Nic Roland: [68, 68]
	sn0rt@abc.shop.edu.cn Sn0rt: [139, 73]
	puja108@gmail.com Puja: [50, 51]
	pdabkowski@google.com Piotr Dabkowski: [4533, 1045]
	ekuefler@gmail.com Erik Kuefler: [1, 0]
	ryanday2@gmail.com Ryan Day: [36, 3]
	me@vincentwoo.com Vincent Woo: [10, 6]
	luke.nickerson@gmail.com Luke Nickerson: [323, 60]
	edouard.kaiser@gmail.com Edouard Kaiser: [17, 1]
	atanas.mirchev@est.fujitsu.com Atanas Mirchev: [1412, 102]
	gerti.poppel@est.fujitsu.com gertipoppel: [307, 308]
	aps.sids@gmail.com Aman: [1, 1]
	higashi.isao@jp.fujitsu.com higashi isao: [10702, 772]
	luiz.felipe.gp@gmail.com Luiz Felipe G. Pereira: [525, 112]
	sebastien.coavoux@nuance.com Sebastien Coavoux: [43331, 8062]
	s.coavoux@free.fr Sébastien Coavoux: [1, 0]
	alainr@vmware.com Alain Roy: [37, 0]
	batikan.urcan@est.fujitsu.com urcan: [225, 66]
	joe.bowers@coreos.com Joe Bowers: [91, 6]
	errordeveloper@gmail.com Ilya Dmitrichenko: [48, 45]
	lucas.kaldstrom@hotmail.co.uk Lucas Käldström: [69, 2]
	lukasz.zajaczkowski@ts.fujitsu.com Lukasz Zajaczkowski: [1255, 159]
	info@sebastian-mueller.net Sebastian Müller: [11, 7]
image 21866 21781
	maciaszczykm@users.noreply.github.com Marcin Maciaszczyk: [21781, 2]
	s.florek91@gmail.com Sebastian Florek: [18, 0]
	christoph.held@est.fujitsu.com Christoph Held: [0, 0]
	bryk@google.com Piotr Bryk: [67, 21779]
	mlamina09@gmail.com Marco Lamina: [0, 0]
	olekz@google.com olekzabl: [0, 0]
	dromlein@apprenda.com Dan Romlein: [0, 0]
	ianlewis@google.com Ian Lewis: [0, 0]
	sebastien.coavoux@nuance.com Sebastien Coavoux: [0, 0]
documentation 137443 124311
	maciaszczykm@users.noreply.github.com Marcin Maciaszczyk: [103146, 875]
	s.florek91@gmail.com Sebastian Florek: [6288, 3644]
	kenan.karamehmedovic@est.fujitsu.com Kenan Karamehmedovic: [148, 67]
	christoph.held@est.fujitsu.com Christoph Held: [138, 33]
	bryk@google.com Piotr Bryk: [23230, 117740]
	zhouhaibing089@gmail.com zhouhaibing089: [4, 0]
	rob@rob-franken.nl Rob Franken: [497, 30]
	mlamina09@gmail.com Marco Lamina: [117, 0]
	yamagami-takuma@users.noreply.github.com Yamagami-Takuma: [3, 3]
	ianlewis@google.com Ian Lewis: [16, 3]
	xihuanbo_0521@zju.edu.cn wxb0521: [1, 1]
	mrwacky42@users.noreply.github.com Sharif Nassar: [4, 4]
	batikanu@yahoo.com Batikan Urcan: [731, 14]
	denis.poisson@ts.fujitsu.com Denis Poisson: [1287, 815]
	gus@inodes.org Angus Lees: [3, 3]
	marian@giantswarm.io Marian Steinbach: [3, 4]
	nicroland9@gmail.com Nic Roland: [10, 10]
	pdabkowski@google.com Piotr Dabkowski: [429, 190]
	ekuefler@gmail.com Erik Kuefler: [1, 1]
	edouard.kaiser@gmail.com Edouard Kaiser: [6, 0]
	atanas.mirchev@est.fujitsu.com Atanas Mirchev: [671, 486]
	gerti.poppel@est.fujitsu.com gertipoppel: [286, 282]
	higashi.isao@jp.fujitsu.com higashi isao: [21, 17]
	luiz.felipe.gp@gmail.com Luiz Felipe G. Pereira: [68, 4]
	sebastien.coavoux@nuance.com Sebastien Coavoux: [32, 2]
	amitbitcse@gmail.com Amit Kumar Prasad: [1, 1]
	batikan.urcan@est.fujitsu.com urcan: [123, 58]
	joe.bowers@coreos.com Joe Bowers: [43, 10]
	lukasz.zajaczkowski@ts.fujitsu.com Lukasz Zajaczkowski: [136, 14]
ui 264 131
	maciaszczykm@users.noreply.github.com Marcin Maciaszczyk: [101, 0]
	s.florek91@gmail.com Sebastian Florek: [6, 4]
	bryk@google.com Piotr Bryk: [149, 123]
	pdabkowski@google.com Piotr Dabkowski: [1, 0]
	atanas.mirchev@est.fujitsu.com Atanas Mirchev: [1, 3]
	batikan.urcan@est.fujitsu.com urcan: [3, 1]
	lukasz.zajaczkowski@ts.fujitsu.com Lukasz Zajaczkowski: [3, 0]
build 10578 10331
	maciaszczykm@users.noreply.github.com Marcin Maciaszczyk: [10268, 0]
	s.florek91@gmail.com Sebastian Florek: [199, 0]
	bryk@google.com Piotr Bryk: [90, 10328]
	higashi.isao@jp.fujitsu.com higashi isao: [16, 0]
	sebastien.coavoux@nuance.com Sebastien Coavoux: [5, 3]
devel-doc 98928 88567
code 210898 162748
package 0 0
unknown 2755912 2006041
image 21866 21781
documentation 137443 124311
ui 264 131
build 10578 10331
