Filter on "\/vendor\/"
open output file /Users/lukasz/dev/cncf/gitdm/repos/dns.csv

unknown@hacker.net Unknown hacker
bowei.du@gmail.com Bowei Du
	unknown [760736, 3456]
	devel-doc [11021, 394]
	code [3894, 248]
	build [922, 69]
	documentation [3634, 67]
jessek@allenai.org Jesse Kinkead
	build [4, 4]
abrand@apprenda.com Alexander Brand
	unknown [2, 1]
zihongz@google.com Zihong Zheng
	unknown [63, 54]
	build [2, 0]
mrick@google.com Matt Rickard
	unknown [1, 1]
ashley@victorianfox.com Ashley Reese
	unknown [85, 6]
shashidhara.td@huawei.com shashidharatd
	unknown [12, 1]
wojtekt@google.com Wojciech Tyczynski
	unknown [4, 1]
graut@us.ibm.com gajju26
	build [7, 3]
cmluciano@us.ibm.com Christopher M. Luciano
	unknown [46, 0]
	code [1, 1]
ben.corlett@gmail.com Ben Corlett
	unknown [45, 0]
jliggitt@redhat.com Jordan Liggitt
	unknown [549, 123]
rdmello@us.ibm.com Ryan D'Mello
	build [4, 0]
jbelamaric@infoblox.com John Belamaric
	unknown [186, 1]
ghe@debian.org Ghe Rivero
	unknown [2, 2]
	build [5, 0]
sadlil@appscode.com sadlil
	unknown [294, 57]
li.xialong@zte.com.cn xialong.lee
	unknown [7, 7]
xuchao@google.com Chao Xu
	unknown [117, 116]
	devel-doc [13, 13]
mikedanese@google.com Mike Danese
	unknown [6, 7]
	devel-doc [158, 20]
ccoleman@redhat.com Clayton Coleman
	unknown [13, 13]
	devel-doc [4, 4]
feiskyer@gmail.com Pengfei Ni
	unknown [15, 15]
grosskur@google.com Alan Grosskurth
	unknown [11, 6]
lu.zhenxing@zte.com.cn lojies
	unknown [1, 1]
pigmej@gmail.com Jedrzej Nowak
	unknown [3, 3]
krousey@google.com Kris
	unknown [2, 0]
rudi@clarifai.com Rudi Chiarito
	unknown [94, 10]
nakayamakenjiro@gmail.com Kenjiro Nakayama
	unknown [2, 10]
wang.ping5@zte.com.cn PingWang
	unknown [3, 4]
lucas.kaldstrom@hotmail.co.uk Lucas Käldström
	unknown [5, 3]
fraenkel@us.ibm.com Michael Fraenkel
	unknown [3, 3]
mrostecki@mirantis.com Michal Rostecki
	unknown [1, 1]
dims@linux.vnet.ibm.com Davanum Srinivas
	unknown [2, 2]
aaron.mills@returnpath.com Aaron Mills
	unknown [7, 7]
mml@google.com Matt Liggett
	unknown [51, 21]
djmm@google.com David McMahon
	unknown [7, 7]
nikhiljindal@google.com nikhiljindal
	unknown [254, 32]
madhusudancs@google.com Madhusudan.C.S
	unknown [366, 55]
beeps@google.com Prashanth Balasubramanian
	unknown [253, 27]
abshah@google.com Abhishek Shah
	unknown [1694, 278]
chen.tao3@zte.com.cn chentao1596
	unknown [7, 7]
unknown 764949 4338
	bowei.du@gmail.com Bowei Du: [760736, 3456]
	abrand@apprenda.com Alexander Brand: [2, 1]
	zihongz@google.com Zihong Zheng: [63, 54]
	mrick@google.com Matt Rickard: [1, 1]
	ashley@victorianfox.com Ashley Reese: [85, 6]
	shashidhara.td@huawei.com shashidharatd: [12, 1]
	wojtekt@google.com Wojciech Tyczynski: [4, 1]
	cmluciano@us.ibm.com Christopher M. Luciano: [46, 0]
	ben.corlett@gmail.com Ben Corlett: [45, 0]
	jliggitt@redhat.com Jordan Liggitt: [549, 123]
	jbelamaric@infoblox.com John Belamaric: [186, 1]
	ghe@debian.org Ghe Rivero: [2, 2]
	sadlil@appscode.com sadlil: [294, 57]
	li.xialong@zte.com.cn xialong.lee: [7, 7]
	xuchao@google.com Chao Xu: [117, 116]
	mikedanese@google.com Mike Danese: [6, 7]
	ccoleman@redhat.com Clayton Coleman: [13, 13]
	feiskyer@gmail.com Pengfei Ni: [15, 15]
	grosskur@google.com Alan Grosskurth: [11, 6]
	lu.zhenxing@zte.com.cn lojies: [1, 1]
	pigmej@gmail.com Jedrzej Nowak: [3, 3]
	krousey@google.com Kris: [2, 0]
	rudi@clarifai.com Rudi Chiarito: [94, 10]
	nakayamakenjiro@gmail.com Kenjiro Nakayama: [2, 10]
	wang.ping5@zte.com.cn PingWang: [3, 4]
	lucas.kaldstrom@hotmail.co.uk Lucas Käldström: [5, 3]
	fraenkel@us.ibm.com Michael Fraenkel: [3, 3]
	mrostecki@mirantis.com Michal Rostecki: [1, 1]
	dims@linux.vnet.ibm.com Davanum Srinivas: [2, 2]
	aaron.mills@returnpath.com Aaron Mills: [7, 7]
	mml@google.com Matt Liggett: [51, 21]
	djmm@google.com David McMahon: [7, 7]
	nikhiljindal@google.com nikhiljindal: [254, 32]
	madhusudancs@google.com Madhusudan.C.S: [366, 55]
	beeps@google.com Prashanth Balasubramanian: [253, 27]
	abshah@google.com Abhishek Shah: [1694, 278]
	chen.tao3@zte.com.cn chentao1596: [7, 7]
devel-doc 11196 431
	bowei.du@gmail.com Bowei Du: [11021, 394]
	xuchao@google.com Chao Xu: [13, 13]
	mikedanese@google.com Mike Danese: [158, 20]
	ccoleman@redhat.com Clayton Coleman: [4, 4]
code 3895 249
	bowei.du@gmail.com Bowei Du: [3894, 248]
	cmluciano@us.ibm.com Christopher M. Luciano: [1, 1]
build 944 76
	bowei.du@gmail.com Bowei Du: [922, 69]
	jessek@allenai.org Jesse Kinkead: [4, 4]
	zihongz@google.com Zihong Zheng: [2, 0]
	graut@us.ibm.com gajju26: [7, 3]
	rdmello@us.ibm.com Ryan D'Mello: [4, 0]
	ghe@debian.org Ghe Rivero: [5, 0]
documentation 3634 67
	bowei.du@gmail.com Bowei Du: [3634, 67]
unknown 764949 4338
devel-doc 11196 431
code 3895 249
build 944 76
documentation 3634 67
