Filter on "^vendor/|/vendor/"
open output file /Users/lukasz/dev/cncf/gitdm/repos/examples.csv

(Unknown) unknown@hacker.net Unknown hacker
Bitnami runseb@gmail.com sebgoa
	devel-doc [21, 13]
(Unknown) mikhail.plavskiy@quest.com Mike Plavsky
	devel-doc [2, 2]
(Unknown) nikitaraghunath@gmail.com Nikhita Raghunath
	unknown [13, 13]
Google ahmetb@google.com Ahmet Alp Balkan
	devel-doc [13, 13]
	code [0, 0]
	unknown [8, 162]
	image [0, 0]
	documentation [0, 0]
	build [0, 0]
Google bgrant0607@users.noreply.github.com Brian Grant
	devel-doc [210, 3]
(Unknown) sky.captin@gmail.com Werner
	unknown [15, 14]
	build [2, 1]
(Unknown) sanderp@q42.nl Sander Ploegsma
	code [1, 1]
(Unknown) rober.morales@rstor.io Rober Morales-Chaparro
	unknown [1, 1]
Cockroach alexdwanerobinson@gmail.com Alex Robinson
	unknown [211, 40392]
	devel-doc [367, 123]
	code [8, 2]
	image [0, 9564]
	build [34, 0]
ContaAzul caarlos0@users.noreply.github.com Carlos Alexandro Becker
	unknown [1, 1]
ZTE Corporation jiang.lingxia@zte.com.cn jianglingxia
	devel-doc [4, 4]
IBM gyliu513@gmail.com Guangya Liu
	unknown [38, 55]
ZTE Corporation zhao.xiangpeng@zte.com.cn xiangpengzhao
	unknown [1, 1]
	devel-doc [1, 1]
Tata Consultancy Services tiwari.nitish@gmail.com Nitish
	unknown [160, 18]
	devel-doc [686, 345]
Red Hat hchiramm@redhat.com Humble Chirammal
	unknown [15, 14]
	devel-doc [93, 40]
(Unknown) public@omeid.me O'meid
	devel-doc [1, 1]
VMware divyenp@vmware.com divyenpatel
	devel-doc [12, 1]
Mirantis psiwczak@mirantis.com Piotr Siwczak
	unknown [1, 1]
Heptio timothysc@gmail.com Timothy St. Clair
	unknown [7, 494]
	devel-doc [0, 197]
	code [0, 1291]
	build [0, 138]
	documentation [0, 116]
EasyStack nickren19@gmail.com NickrenREN
	unknown [52, 0]
	devel-doc [27, 0]
ZTE Corporation zhang.xiaoyu33@zte.com.cn zhangxiaoyu-zidif
	devel-doc [19, 19]
(Unknown) klausenbusk@hotmail.com Kristian Klausen
	unknown [0, 15]
Google thockin@google.com Tim Hockin
	unknown [209, 198]
	devel-doc [1617, 2923]
	code [29, 28]
	build [4, 3]
Google mikedanese@google.com Mike Danese
	devel-doc [378, 1640]
	code [345, 685]
	unknown [150, 1467]
	image [0, 0]
	documentation [76, 152]
	build [2, 39]
Caicloud haoyuan.ge@caicloud.io haoyuan
	devel-doc [3, 3]
Red Hat hchen@redhat.com Huamin Chen
	unknown [560, 17]
	devel-doc [713, 27]
	code [72, 0]
	image [0, 0]
VMware shivania@vmware.com Abrar Shivani
	unknown [113, 1]
	devel-doc [422, 25]
Bits Working chris@linuxuser.at Chris Hager
	unknown [1, 1]
	devel-doc [35, 36]
Self christiankoep@gmail.com Christian Koep
	unknown [5, 8]
	devel-doc [21, 21]
Red Hat eparis@redhat.com Eric Paris
	unknown [18, 12]
	devel-doc [82, 82]
	code [195, 15]
FINN.no sbekkhus91@gmail.com Simen Bekkhus
	unknown [1, 1]
(Unknown) vivekbhat@live.com Vivek Bhat
	devel-doc [6, 6]
VMware bdontu@vmware.com Balu Dontu
	unknown [27, 0]
	devel-doc [198, 1]
Red Hat lxia@redhat.com liangxia
	devel-doc [0, 1]
Diamanti nelcyguy@gmail.com Chakravarthy Nelluri
	unknown [380, 18]
	devel-doc [195, 165]
(Unknown) ancosen@gmail.com Andrea Cosentino
	unknown [24, 57]
	devel-doc [147, 166]
NotFound huzhifeng@douyu.tv huzhifeng
	unknown [1, 1]
Dell vladimir.vivien@gmail.com Vladimir Vivien
	unknown [66, 0]
	devel-doc [318, 16]
Red Hat jliggitt@redhat.com Jordan Liggitt
	unknown [18, 10]
Red Hat jsafrane@redhat.com Jan Safranek
	unknown [176, 62]
	devel-doc [153, 79]
	documentation [1, 0]
indiehosters pierre@ozoux.net Pierre Ozoux
	unknown [1, 3]
(Unknown) yong.tang.github@outlook.com Yong Tang
	devel-doc [3, 3]
VMware sritesh@vmware.com Ritesh H Shukla
	unknown [53, 0]
	devel-doc [79, 5]
NotFound 837829664@qq.com timchenxiaoyu
	unknown [1, 1]
	devel-doc [1, 1]
	build [2, 2]
Portworx aditya@portworx.com Aditya Dani
	unknown [89, 0]
	devel-doc [394, 0]
Red Hat deads@redhat.com deads2k
	unknown [132, 383]
	devel-doc [27, 180]
	code [5, 5]
Self stephenhsu90@gmail.com Di Xu
	unknown [1, 1]
CNM Consulting clove@cnmconsulting.net chrislovecnm
	unknown [755, 251]
	devel-doc [545, 122]
	code [555, 253]
	build [21, 13]
	documentation [132, 51]
CoreOS eric.chiang.m@gmail.com Eric Chiang
	devel-doc [11, 7]
(Unknown) saratk@gmail.com Sarat Kamisetty
	unknown [2, 1]
inovex joh.scheuer@gmail.com Johannes Scheuermann
	unknown [65, 1]
	devel-doc [222, 7]
(Unknown) nitisht@users.noreply.github.com Nitish Tiwari
	unknown [1, 0]
Google shyamjvs@google.com Shyam JVS
	unknown [6, 0]
	devel-doc [2, 0]
Red Hat stefan.schimanski@gmail.com Dr. Stefan Schimanski
	unknown [85, 77]
	devel-doc [18, 17]
	code [2, 2]
	build [26, 0]
	documentation [1, 1]
Google mtaufen@google.com Michael Taufen
	unknown [12, 12]
(Unknown) rahn.jonathan@gmail.com Jonathan Rahn
	devel-doc [4, 4]
Microsoft cole.mickens@gmail.com Cole Mickens
	devel-doc [1, 1]
IBM xingzhou@cn.ibm.com Xing Zhou
	devel-doc [16, 16]
Red Hat ccoleman@redhat.com Clayton Coleman
	unknown [410, 146]
	devel-doc [6, 3]
Red Hat sjenning@redhat.com Seth Jennings
	devel-doc [3, 3]
Google grod@google.com Garrett Rodrigues
	unknown [5, 2]
Pierre Mavro deimos@deimos.fr Deimosfr
	unknown [4, 0]
ZTE Corporation tan.shanshan@zte.com.cn tanshanshan
	unknown [7, 5]
	devel-doc [7, 7]
Google jgrafton@google.com Jeff Grafton
	devel-doc [132, 3]
	build [8, 8]
Red Hat mkargaki@redhat.com Michail Kargakis
	unknown [16, 27]
	devel-doc [2, 2]
VMware xiangfeiz@vmware.com Xiangfei Zhu
	unknown [5, 5]
	devel-doc [2, 2]
Microsoft oguzp@microsoft.com Oguz Pastirmaci
	unknown [30, 0]
	devel-doc [61, 0]
	image [0, 0]
Mozilla diparfitt@gmail.com Dave Parfitt
	devel-doc [11, 0]
Rook lucas.kaldstrom@hotmail.co.uk Lucas Käldström
	unknown [17, 8]
	devel-doc [17, 1]
	build [4, 1]
Red Hat mkhan@redhat.com Monis Khan
	unknown [45, 45]
ZTE Corporation pu.junqi@zte.com.cn tianshapjq
	devel-doc [1, 1]
Red Hat obnox@redhat.com Michael Adam
	unknown [2, 0]
	devel-doc [5, 1]
Intel elson.rodriguez@gmail.com Elson Rodriguez
	unknown [189, 34]
	devel-doc [431, 86]
	code [33, 0]
(Unknown) lvnilesh@users.noreply.github.com Nilesh Londhe
	unknown [1, 1]
Self aledbf@gmail.com Manuel de Brito Fontes
	unknown [13, 12]
	devel-doc [3, 0]
	code [6, 5]
	build [4, 2]
Google wojtekt@google.com Wojciech Tyczynski
	unknown [11, 4]
(Unknown) mrevilgnome@gmail.com Matthew Stump
	unknown [247, 7]
	code [83, 37]
	documentation [1, 1]
Google chiachenk@google.com Janet Kuo
	unknown [192, 88]
	devel-doc [347, 208]
Mirantis maciej.iai@gmail.com Maciej Kwiek
	code [1, 1]
Google ramanathana@google.com foxish
	unknown [0, 7]
Embedded Systems, ECE apelisse@gmail.com Antoine Pelisse
	unknown [21, 3]
Google mengqiy@google.com ymqytw
	unknown [23, 4]
	devel-doc [105, 42]
	code [31, 1]
	build [1, 1]
	documentation [28, 0]
Red Hat pweil@redhat.com pweil-
	unknown [146, 0]
	devel-doc [224, 0]
Jimmy Cuadra jimmy@jimmycuadra.com Jimmy Cuadra
	unknown [12, 12]
	devel-doc [55, 55]
	code [5, 5]
Google xuchao@google.com Chao Xu
	unknown [1182, 2057]
	devel-doc [1228, 1609]
	code [711, 61]
	documentation [12, 2]
Carrot Creative slang800@gmail.com Sean Lang
	devel-doc [1, 1]
ZTE Corporation yu.peng36@zte.com.cn YuPengZTE
	devel-doc [3, 3]
(Unknown) allan.caffee@gmail.com Allan Caffee
	devel-doc [1, 1]
Mirantis ishvedunov@mirantis.com Ivan Shvedunov
	devel-doc [1, 1]
Google acidburn@google.com Jess Frazelle
	devel-doc [1, 1]
	build [8, 8]
ZTE Corporation wang.yuexiao@zte.com.cn yuexiao-wang
	devel-doc [2, 2]
IBM dug@us.ibm.com Doug Davis
	devel-doc [30, 30]
	code [1, 1]
CoreOS hongchaodeng1@gmail.com Hongchao Deng
	unknown [26, 13]
IBM dims@linux.vnet.ibm.com Davanum Srinivas
	unknown [4, 1]
	build [1, 1]
EVRY hans@starefossen.com Hans Kristian Flaatten
	devel-doc [1, 1]
CoreOS yifan.gu@coreos.com Yifan Gu
	unknown [6, 10]
OPES Software derek.mahar@gmail.com Derek Mahar
	devel-doc [1, 1]
Google jrhoak@gmail.com Josh Hoak
	unknown [1, 1]
	devel-doc [1, 1]
Google djmm@google.com David McMahon
	unknown [75, 158]
	devel-doc [1032, 3188]
	code [43, 43]
	build [8, 8]
IBM klaus1982.cn@gmail.com Klaus Ma
	unknown [17, 0]
	devel-doc [34, 9]
	code [109, 49]
Google vishnuk@google.com Vishnu kannan
	unknown [66, 168]
	devel-doc [54, 378]
	code [1, 97]
Google jeffmendoza@google.com Jeff Mendoza
	unknown [539, 190]
	devel-doc [602, 367]
	image [0, 0]
(Unknown) baldwin@stackpointcloud.com Matt Baldwin
	unknown [3, 0]
Red Hat jvance@redhat.com Jeff Vance
	unknown [5, 28]
	devel-doc [52, 2]
	code [19, 15]
(Unknown) tobias.schottdorf@gmail.com Tobias Schottdorf
	unknown [96, 0]
	devel-doc [97, 0]
	code [113, 0]
Red Hat mturansk@redhat.com markturansky
	unknown [184, 13]
	devel-doc [282, 44]
Self contact@tmrts.com Tamer Tas
	unknown [13, 15]
	devel-doc [1, 1]
Google magorzata@google.com mksalawa
	unknown [6, 3]
Google rmmh@google.com Ryan Hitchman
	code [4, 4]
ZE PowerGroup wesley@ze.com Wesley Hartford
	unknown [1, 1]
	devel-doc [1, 1]
(Unknown) 03cranec@users.noreply.github.com Chris Crane
	unknown [153, 7]
	devel-doc [63, 7]
Sourcegraph.com keegan.csmith@gmail.com Keegan Carruthers-Smith
	devel-doc [1, 1]
Mirantis spyzalski@mirantis.com Szymon Pyżalski
	unknown [1, 1]
	devel-doc [9, 1]
Google etune@google.com Eric Tune
	unknown [215, 154]
	devel-doc [981, 861]
	code [202, 202]
	documentation [25, 25]
Ammeon joe2farrell@gmail.com joe2far
	unknown [10, 10]
	devel-doc [269, 269]
Google foxish@users.noreply.github.com Anirudh Ramanathan
	devel-doc [1, 2]
Red Hat asalkeld@mirantis.com Angus Salkeld
	unknown [0, 2]
(Unknown) development@advance-leap.com Adrian Ursu
	unknown [0, 1]
	devel-doc [2, 2]
Google ciwang@google.com Cindy Wang
	devel-doc [107, 192]
	code [0, 0]
	unknown [13, 13]
	image [0, 0]
	documentation [0, 0]
	build [0, 0]
(Unknown) mulloymorrow@users.noreply.github.com Mulloy Morrow
	devel-doc [1, 1]
CoreOS brandon@ifup.org Brandon Philips
	unknown [1, 2]
	devel-doc [1, 1]
Google dbsmith@google.com Daniel Smith
	unknown [412, 53]
	devel-doc [1021, 314]
	build [46, 0]
Google zml@google.com Zach Loafman
	unknown [514, 394]
	devel-doc [1855, 578]
	code [100, 51]
	build [69, 11]
	documentation [22, 3]
Google dawnchen@google.com Dawn Chen
	unknown [259, 21]
	devel-doc [1829, 365]
Google gkalele@google.com Girish Kalele
	devel-doc [2, 2]
(Unknown) zellster@gmail.com Adam Zell
	unknown [2, 2]
	devel-doc [2, 2]
	code [1, 1]
Tinkerbox bobintornado@gmail.com Bob Cao
	unknown [2, 2]
Google nikhiljindal@google.com nikhiljindal
	unknown [603, 348]
	devel-doc [236, 150]
Google robertbailey@google.com Robert Bailey
	unknown [69, 96]
	devel-doc [122, 119]
	code [34, 201]
	documentation [9, 9]
Huawei wangzefeng@huawei.com Kevin
	unknown [1, 1]
Google yjhong@google.com Yu-Ju Hong
	unknown [0, 3]
Red Hat maszulik@redhat.com Maciej Szulik
	unknown [5, 4]
(Unknown) tobias.adamson@gmail.com tobad357
	unknown [32, 53]
	devel-doc [34, 24]
Google amyu@google.com Amy Unruh
	unknown [250, 240]
	devel-doc [1107, 619]
	code [44, 16]
	build [3, 3]
	documentation [1, 1]
Google goltermann@google.com goltermann
	unknown [12, 10]
	devel-doc [22, 25]
Google pwittroc@google.com Phillip Wittrock
	unknown [12, 10]
	devel-doc [1, 1]
Red Hat matthias.luebken@gmail.com Matthias Luebken
	unknown [7, 7]
	devel-doc [19, 31]
	code [0, 115]
	build [39, 0]
CoreOS alban@kinvolk.io Alban Crequy
	unknown [7, 0]
Cisco nicholas.stogner@gmail.com Nick Stogner
	unknown [1, 1]
Devops gambol99@gmail.com Rohith
	unknown [2, 0]
Net EASE 网易有态度 coolhzb@163.com AdoHe
	unknown [5, 3]
thinkstep magnus.kulke@thinkstep.com Magnus Kulke
	unknown [7, 4]
Google fejta@google.com Erick Fejta
	unknown [2, 2]
	devel-doc [1, 1]
Mirantis ihor.dvoretskyi@gmail.com Ihor Dvoretskyi
	devel-doc [1, 1]
Google fabioy@users.noreply.github.com Fabio Yeon
Google stclair@google.com Tim St. Clair
	devel-doc [4, 6]
	build [3, 3]
Buildbot rutsky@users.noreply.github.com Vladimir Rutsky
	devel-doc [1, 1]
Apache jay@apache.org jay vyas
	unknown [182, 272]
	devel-doc [442, 470]
	code [487, 374]
	build [2, 2]
(Unknown) laurie.malau@gmail.com laushinka
	devel-doc [6, 6]
	code [11, 11]
(Unknown) ckleban@gmail.com ckleban
	unknown [11, 13]
Atlassian jtblin@gmail.com Jerome Touffe-Blin
	unknown [3, 3]
	devel-doc [34, 40]
Google maisem@google.com Maisem Ali
	unknown [19, 19]
Red Hat matt@redhat.com Matthew Farrellee
	unknown [172, 197]
	devel-doc [345, 40]
	code [0, 141]
	build [15, 73]
	documentation [0, 19]
Google madhusudancs@google.com Madhusudan.C.S
	unknown [2, 1]
Red Hat pmorie@redhat.com Paul Morie
	unknown [359, 7]
	devel-doc [115, 34]
	build [84, 0]
Google mixia@google.com Minhan Xia
	unknown [1, 2]
(Unknown) michael.j.schmidt@gmail.com Michael Schmidt
	devel-doc [1, 0]
DoubleDutch pj@born2code.net Pieter Joost van de Sande
	unknown [1, 1]
ClusterHQ ryan.wallner@clusterhq.com Ryan Wallner
	unknown [47, 0]
	devel-doc [27, 7]
Google uluyol0@gmail.com Muhammed Uluyol
	unknown [2, 2]
	devel-doc [3, 8]
	code [4, 2]
	build [9, 5]
FathomDB justin@fathomdb.com Justin Santa Barbara
	unknown [2, 1]
	code [5, 1]
Microsoft bburns@google.com Brendan Burns
	unknown [1779, 97]
	devel-doc [1002, 233]
	code [639, 19]
	build [1681, 0]
	documentation [124, 1]
Google jeffml@google.com Jeff Lowdermilk
	unknown [44, 28]
	devel-doc [106, 6]
	build [2, 2]
Georgia Tech anish@gatech.edu Anish Bhatt
	unknown [5, 5]
	devel-doc [18, 14]
NFLabs abezzubov@nflabs.com Alexander
	devel-doc [1, 1]
Huawei hongbin.lu@huawei.com Hongbin Lu
	unknown [0, 1]
(Unknown) till@backha.us Till Backhaus
	unknown [0, 1]
Google gmarek@google.com Marek Grabowski
	unknown [1, 63]
	devel-doc [0, 220]
Fujitsu gerti.poppel@est.fujitsu.com Gerti Poppel
	devel-doc [21, 21]
Diamanti ravi@datawisesystems.com Ravi Gadde
	unknown [28, 2]
Udacity eosrei@gmail.com Brad Erickson
	devel-doc [2, 2]
kickstarter coreyf@rwell.org Corey Farwell
	devel-doc [1, 1]
FACE IT christian@paral.in Christian Stewart
	unknown [124, 0]
	devel-doc [274, 0]
	code [20, 0]
Huawei jiangfeihu@huawei.com feihujiang
	unknown [3, 5]
	devel-doc [2, 2]
Huawei linzichang@huawei.com Zichang Lin
	unknown [425, 126]
	devel-doc [363, 295]
Google mikejeffrey@users.noreply.github.com MikeJeffrey
	unknown [531, 78]
	devel-doc [7, 7]
Engine Yard krancourt@engineyard.com Kent Rancourt
	build [1, 1]
Huawei huruifeng@huawei.com hurf
	devel-doc [2, 2]
	code [9, 9]
Google enisoc@google.com Anthony Yeh
	unknown [388, 14]
	devel-doc [160, 14]
	code [676, 12]
	build [73, 0]
Google jsz@google.com Jerzy Szczepkowski
	unknown [41, 42]
	devel-doc [217, 206]
	code [7, 7]
Red Hat jcope@redhat.com Jon Cope
	unknown [96, 0]
	devel-doc [156, 0]
Google beeps@google.com Prashanth Balasubramanian
	unknown [258, 44]
	devel-doc [527, 84]
	build [41, 0]
Huawei qiaolei2@huawei.com qiaolei
	devel-doc [18, 18]
Google pszczesniak@google.com Piotr Szczesniak
	unknown [18, 21]
	devel-doc [76, 105]
	code [13, 15]
Red Hat smilner@redhat.com Steve Milner
	unknown [4, 4]
Docker harryzhang@zju.edu.cn Harry Zhang
	unknown [61, 2]
	devel-doc [253, 33]
	image [0, 0]
Huawei zhenggouyong.zheng@huawei.com eulerzgy
	devel-doc [2, 2]
Huawei jijun2@huawei.com jijun2
	unknown [19, 37]
	devel-doc [2, 2]
Red Hat kevensen@redhat.com Kenneth Evensen
	unknown [0, 0]
	code [6, 3]
	documentation [2, 2]
HP patg@hp.com Patrick Galbraith
	unknown [296, 0]
	devel-doc [170, 0]
	code [164, 0]
jobandtalent agonzalezro@gmail.com Álex González
	unknown [19, 0]
	devel-doc [128, 0]
Red Hat decarr@redhat.com derekwaynecarr
	unknown [325, 169]
	devel-doc [1040, 62]
	code [313, 257]
Google filipg@google.com Filip Grzadkowski
	unknown [118, 42]
	devel-doc [249, 81]
	code [44, 35]
	build [12, 0]
Huawei alfred.huangjian@huawei.com Jian Huang
	unknown [1, 1]
Elastic court@epixa.com Court Ewing
	devel-doc [5, 5]
Tyk mvdan@mvdan.cc Daniel Martí
	unknown [2, 1]
D2C Media bastien974@gmail.com Bastien Chong
	devel-doc [13, 4]
(Unknown) wbin00@gmail.com Bin Wang
	unknown [13, 0]
	devel-doc [9, 0]
Red Hat clasohm@redhat.com Carsten Clasohm
	devel-doc [23, 23]
Amazon daizuozhuo@gmail.com Dai Zuozhuo
	code [4, 4]
Google quinton@google.com Quinton Hoole
	code [20, 55]
Self pjpires@gmail.com Paulo Pires
	unknown [333, 560]
	devel-doc [918, 542]
	code [0, 24]
	build [0, 14]
Amadeus salvatore-dario.minonne@amadeus.com Salvatore Dario Minonne
	unknown [3, 0]
wellcometrust alex@alexwlchan.net Alex Chan
	devel-doc [2, 2]
eBay spothanis@ebay.com Sreekanth Pothanis
	unknown [86, 0]
	devel-doc [168, 0]
(Unknown) shaunrparker@gmail.com Shaun Parker
	unknown [1, 1]
	devel-doc [3, 3]
	code [1, 2]
	build [1, 1]
Red Hat arun.gupta@gmail.com arun-gupta
	unknown [62, 0]
	devel-doc [167, 0]
Google sandeepdinesh@google.com Sandeep Dinesh
	unknown [98, 0]
	devel-doc [315, 0]
Google krousey@google.com Kris Rousey
	unknown [73, 78]
	devel-doc [20, 15]
	code [1, 1]
Google satnam@google.com Satnam Singh
	unknown [45170, 4299]
	devel-doc [558, 427]
	code [25, 0]
	build [27, 21]
	image [9564, 0]
Google mwielgus@google.com Marcin Wielgus
	unknown [138, 45]
	devel-doc [230, 176]
	code [93, 10]
Petback epc@epcostello.com Ed Costello
	devel-doc [7, 7]
DrEd Online Doctor vlajos@gmail.com Veres Lajos
	unknown [1, 1]
	devel-doc [1, 1]
	code [1, 1]
Red Hat steve.kuznetsov@gmail.com Steve Kuznetsov
	unknown [157, 6]
	devel-doc [75, 24]
	code [125, 17]
GatsbyJS mathews.kyle@gmail.com Kyle Mathews
	devel-doc [7, 7]
Uninett AS gurvindersinghdahiya@gmail.com Gurvinder Singh
	unknown [28, 0]
	devel-doc [60, 28]
	code [25, 2]
WillCall pat2man@gmail.com Patrick Tescher
	unknown [12, 3]
	documentation [13, 0]
(Unknown) r.gajdulewicz@gmail.com Rafal Gajdulewicz
	devel-doc [1, 1]
Google vishh@users.noreply.github.com Vish Kannan
Mesosphere karl@mesosphere.io Karl Isenberg
	unknown [3, 2]
	documentation [4, 4]
Google krousey@users.noreply.github.com krousey
Google davidopp@google.com David Oppenheimer
	unknown [69, 126]
	devel-doc [63, 63]
	code [1, 2]
Google abshah@google.com Abhi Shah
	unknown [310, 76]
	devel-doc [188, 114]
Google jnagal@google.com Rohit Jnagal
	devel-doc [15, 20]
Google vmarmol@google.com Victor Marmol
Google rescarez@google.com RichieEscarez
	unknown [3, 3]
	devel-doc [302, 274]
CERN anastasis90@yahoo.gr Anastasis Andronidis
	unknown [51, 1]
	devel-doc [107, 107]
(Unknown) mbforbes@users.noreply.github.com Maxwell Forbes
Red Hat swagiaal@redhat.com Sami Wagiaalla
	unknown [31, 10]
	devel-doc [31, 1]
Google biskup@google.com Marek Biskup
	devel-doc [42, 7]
Huawei dinghaiyang@huawei.com dingh
	unknown [36, 8]
Google ihmccreery@google.com Isaac Hollander McCreery
	unknown [1, 12]
	devel-doc [2, 5]
	code [2, 2]
	documentation [2, 2]
Google deyuan@google.com Deyuan Deng
	unknown [117, 42]
	devel-doc [225, 100]
	code [83, 0]
Google saadali@google.com Saad Ali
Google filbranden@google.com Filipe Brandenburger
Google kprobst@google.com Kathrin Probst
	unknown [7, 1]
	devel-doc [2, 3]
Google pedro.r.marques@gmail.com Pedro Marques
	code [123, 109]
(Unknown) konzems@gmail.com Scott Konzem
	devel-doc [7, 7]
Apache jasong@apache.org Jason Giedymin
	unknown [2, 0]
	devel-doc [3, 3]
Mercari sabo.ttenda@gmail.com Masahiro Sano
	unknown [143, 2]
Kismatic patrick@kismatic.io Patrick Reilly
	unknown [1, 1]
Red Hat tnguyen@redhat.com Thien-Thi Nguyen
	unknown [1, 1]
Red Hat swatt@redhat.com Steve Watt
	unknown [2, 2]
	devel-doc [3, 3]
Endocode karl@endocode.com Karl Beecher
	unknown [220, 106]
	devel-doc [351, 117]
	code [64, 0]
Vayable bc@kismatic.io BC Broussard
	unknown [288, 167]
	devel-doc [76, 54]
Red Hat kargakis@users.noreply.github.com kargakis
	unknown [2, 0]
Q42 mail@chees.info Christiaan Hees
	unknown [100, 0]
	devel-doc [81, 0]
Google aronchick@gmail.com David Aronchick
	devel-doc [3, 2]
Google jthunter@google.com Jason Hunter
	unknown [11, 6]
Self afe.young@gmail.com you-n-g
	devel-doc [15, 2]
Box sam@box.com Sam Ghods
	unknown [2, 0]
	devel-doc [2, 2]
Ubisoft gosharplite@gmail.com Tony Hsu
	devel-doc [1, 1]
Google cjcullen888@gmail.com CJ Cullen
	devel-doc [1, 1]
(Unknown) anshichao.cn@gmail.com Shichao An
	devel-doc [1, 1]
Samsung github@mikelnelson.net Mikel Nelson
	devel-doc [3, 0]
	code [3, 0]
eDigitalResearch juzna.cz@gmail.com Jan Dolecek
	devel-doc [2, 1]
Red Hat calfonso@redhat.com Chris Alfonso
	unknown [30, 0]
Red Hat jayunit100@gmail.com jayunit100
	unknown [553, 133]
	devel-doc [366, 78]
	code [415, 0]
	build [2397, 2259]
	documentation [116, 0]
Self scuxiayiqian@gmail.com scuxiayiqian
	devel-doc [2, 2]
Google mohr@google.com Alex Mohr
	unknown [13, 13]
Reddit snagglepants@gmail.com Greg Taylor
	devel-doc [1, 1]
Apache subin@apache.org Subin M
	unknown [1041, 415]
	devel-doc [154, 2]
Google rsokolowski@google.com rsokolowski
	unknown [57, 47]
	devel-doc [129, 79]
MiWay Insurance pierre@pcservice.co.za Pierre du Plessis
	devel-doc [1, 1]
(Unknown) antmanler@gmail.com Antmanler
	unknown [101, 0]
	devel-doc [106, 0]
	code [81, 0]
(Unknown) adam@nine.net Adam Durana
	devel-doc [1, 1]
Google tiro.jeff.ml@gmail.com Jeff Lowdermlk
	unknown [50, 3]
	devel-doc [69, 56]
	code [34, 18]
Red Hat nalin@redhat.com Nalin Dahyabhai
	unknown [2, 2]
Luxiar jeanepaul@gmail.com hokutosei
	unknown [1, 1]
Google joe.github@bedafamily.com Joe Beda
	code [260, 62]
	unknown [419, 124]
	devel-doc [122, 90]
	documentation [30, 16]
	image [0, 0]
Fedora Project aditya@adityapatawari.com Aditya Patawari
	devel-doc [3, 0]
IBM liugya@cn.ibm.com Jay Lau
	devel-doc [0, 1]
Virtu Financial LLC me@andrewmichaelsmith.com Andrew Smith
	unknown [1, 1]
Apple jasonkuhrt@me.com Jason Kuhrt
	devel-doc [0, 1]
crondevelopment alen.komljen@live.com Alen Komljen
	devel-doc [66, 52]
	code [0, 37]
Google ciruli@gmail.com oaktowner
	unknown [1, 1]
Atish Narlawar atish@atish.info Atish
	devel-doc [1, 1]
Google matt.proud@gmail.com Matt T. Proud
	devel-doc [3, 3]
Gurpartap Singh contact@gurpartap.com Gurpartap Singh
	unknown [332, 136]
	devel-doc [217, 9]
	code [242, 72]
	documentation [241, 146]
Google proppy@google.com Johan Euphrosine
	unknown [12, 10]
	code [1, 12]
Google maxforbes@google.com Max Forbes
	devel-doc [40, 18]
	code [48, 21]
	documentation [1, 0]
カブク keisuke.oohashi@gmail.com keisuke oohashi
	devel-doc [1, 1]
Google kelsey.hightower@gmail.com Kelsey Hightower
	unknown [1, 1]
Google julia.ferraioli@gmail.com Julia Ferraioli
	devel-doc [8, 0]
Google shiketa1999@gmail.com Takeshi Hagikura
	devel-doc [4, 4]
MyFitnessPal rafaelchacon@gmail.com Rafael Chacon
	devel-doc [4, 4]
(Unknown) in.gottwald@gmail.com Ingo Gottwald
	unknown [1, 1]
Google brian@dorseys.org Brian Dorsey
	unknown [50, 444]
Google brianlynch@gmail.com Brian Lynch
	unknown [1, 1]
devel-doc 30772 20520
	Bitnami runseb@gmail.com sebgoa: [21, 13]
	(Unknown) mikhail.plavskiy@quest.com Mike Plavsky: [2, 2]
	Google ahmetb@google.com Ahmet Alp Balkan: [13, 13]
	Google bgrant0607@users.noreply.github.com Brian Grant: [210, 3]
	Cockroach alexdwanerobinson@gmail.com Alex Robinson: [367, 123]
	ZTE Corporation jiang.lingxia@zte.com.cn jianglingxia: [4, 4]
	ZTE Corporation zhao.xiangpeng@zte.com.cn xiangpengzhao: [1, 1]
	Tata Consultancy Services tiwari.nitish@gmail.com Nitish: [686, 345]
	Red Hat hchiramm@redhat.com Humble Chirammal: [93, 40]
	(Unknown) public@omeid.me O'meid: [1, 1]
	VMware divyenp@vmware.com divyenpatel: [12, 1]
	Heptio timothysc@gmail.com Timothy St. Clair: [0, 197]
	EasyStack nickren19@gmail.com NickrenREN: [27, 0]
	ZTE Corporation zhang.xiaoyu33@zte.com.cn zhangxiaoyu-zidif: [19, 19]
	Google thockin@google.com Tim Hockin: [1617, 2923]
	Google mikedanese@google.com Mike Danese: [378, 1640]
	Caicloud haoyuan.ge@caicloud.io haoyuan: [3, 3]
	Red Hat hchen@redhat.com Huamin Chen: [713, 27]
	VMware shivania@vmware.com Abrar Shivani: [422, 25]
	Bits Working chris@linuxuser.at Chris Hager: [35, 36]
	Self christiankoep@gmail.com Christian Koep: [21, 21]
	Red Hat eparis@redhat.com Eric Paris: [82, 82]
	(Unknown) vivekbhat@live.com Vivek Bhat: [6, 6]
	VMware bdontu@vmware.com Balu Dontu: [198, 1]
	Red Hat lxia@redhat.com liangxia: [0, 1]
	Diamanti nelcyguy@gmail.com Chakravarthy Nelluri: [195, 165]
	(Unknown) ancosen@gmail.com Andrea Cosentino: [147, 166]
	Dell vladimir.vivien@gmail.com Vladimir Vivien: [318, 16]
	Red Hat jsafrane@redhat.com Jan Safranek: [153, 79]
	(Unknown) yong.tang.github@outlook.com Yong Tang: [3, 3]
	VMware sritesh@vmware.com Ritesh H Shukla: [79, 5]
	NotFound 837829664@qq.com timchenxiaoyu: [1, 1]
	Portworx aditya@portworx.com Aditya Dani: [394, 0]
	Red Hat deads@redhat.com deads2k: [27, 180]
	CNM Consulting clove@cnmconsulting.net chrislovecnm: [545, 122]
	CoreOS eric.chiang.m@gmail.com Eric Chiang: [11, 7]
	inovex joh.scheuer@gmail.com Johannes Scheuermann: [222, 7]
	Google shyamjvs@google.com Shyam JVS: [2, 0]
	Red Hat stefan.schimanski@gmail.com Dr. Stefan Schimanski: [18, 17]
	(Unknown) rahn.jonathan@gmail.com Jonathan Rahn: [4, 4]
	Microsoft cole.mickens@gmail.com Cole Mickens: [1, 1]
	IBM xingzhou@cn.ibm.com Xing Zhou: [16, 16]
	Red Hat ccoleman@redhat.com Clayton Coleman: [6, 3]
	Red Hat sjenning@redhat.com Seth Jennings: [3, 3]
	ZTE Corporation tan.shanshan@zte.com.cn tanshanshan: [7, 7]
	Google jgrafton@google.com Jeff Grafton: [132, 3]
	Red Hat mkargaki@redhat.com Michail Kargakis: [2, 2]
	VMware xiangfeiz@vmware.com Xiangfei Zhu: [2, 2]
	Microsoft oguzp@microsoft.com Oguz Pastirmaci: [61, 0]
	Mozilla diparfitt@gmail.com Dave Parfitt: [11, 0]
	Rook lucas.kaldstrom@hotmail.co.uk Lucas Käldström: [17, 1]
	ZTE Corporation pu.junqi@zte.com.cn tianshapjq: [1, 1]
	Red Hat obnox@redhat.com Michael Adam: [5, 1]
	Intel elson.rodriguez@gmail.com Elson Rodriguez: [431, 86]
	Self aledbf@gmail.com Manuel de Brito Fontes: [3, 0]
	Google chiachenk@google.com Janet Kuo: [347, 208]
	Google mengqiy@google.com ymqytw: [105, 42]
	Red Hat pweil@redhat.com pweil-: [224, 0]
	Jimmy Cuadra jimmy@jimmycuadra.com Jimmy Cuadra: [55, 55]
	Google xuchao@google.com Chao Xu: [1228, 1609]
	Carrot Creative slang800@gmail.com Sean Lang: [1, 1]
	ZTE Corporation yu.peng36@zte.com.cn YuPengZTE: [3, 3]
	(Unknown) allan.caffee@gmail.com Allan Caffee: [1, 1]
	Mirantis ishvedunov@mirantis.com Ivan Shvedunov: [1, 1]
	Google acidburn@google.com Jess Frazelle: [1, 1]
	ZTE Corporation wang.yuexiao@zte.com.cn yuexiao-wang: [2, 2]
	IBM dug@us.ibm.com Doug Davis: [30, 30]
	EVRY hans@starefossen.com Hans Kristian Flaatten: [1, 1]
	OPES Software derek.mahar@gmail.com Derek Mahar: [1, 1]
	Google jrhoak@gmail.com Josh Hoak: [1, 1]
	Google djmm@google.com David McMahon: [1032, 3188]
	IBM klaus1982.cn@gmail.com Klaus Ma: [34, 9]
	Google vishnuk@google.com Vishnu kannan: [54, 378]
	Google jeffmendoza@google.com Jeff Mendoza: [602, 367]
	Red Hat jvance@redhat.com Jeff Vance: [52, 2]
	(Unknown) tobias.schottdorf@gmail.com Tobias Schottdorf: [97, 0]
	Red Hat mturansk@redhat.com markturansky: [282, 44]
	Self contact@tmrts.com Tamer Tas: [1, 1]
	ZE PowerGroup wesley@ze.com Wesley Hartford: [1, 1]
	(Unknown) 03cranec@users.noreply.github.com Chris Crane: [63, 7]
	Sourcegraph.com keegan.csmith@gmail.com Keegan Carruthers-Smith: [1, 1]
	Mirantis spyzalski@mirantis.com Szymon Pyżalski: [9, 1]
	Google etune@google.com Eric Tune: [981, 861]
	Ammeon joe2farrell@gmail.com joe2far: [269, 269]
	Google foxish@users.noreply.github.com Anirudh Ramanathan: [1, 2]
	(Unknown) development@advance-leap.com Adrian Ursu: [2, 2]
	Google ciwang@google.com Cindy Wang: [107, 192]
	(Unknown) mulloymorrow@users.noreply.github.com Mulloy Morrow: [1, 1]
	CoreOS brandon@ifup.org Brandon Philips: [1, 1]
	Google dbsmith@google.com Daniel Smith: [1021, 314]
	Google zml@google.com Zach Loafman: [1855, 578]
	Google dawnchen@google.com Dawn Chen: [1829, 365]
	Google gkalele@google.com Girish Kalele: [2, 2]
	(Unknown) zellster@gmail.com Adam Zell: [2, 2]
	Google nikhiljindal@google.com nikhiljindal: [236, 150]
	Google robertbailey@google.com Robert Bailey: [122, 119]
	(Unknown) tobias.adamson@gmail.com tobad357: [34, 24]
	Google amyu@google.com Amy Unruh: [1107, 619]
	Google goltermann@google.com goltermann: [22, 25]
	Google pwittroc@google.com Phillip Wittrock: [1, 1]
	Red Hat matthias.luebken@gmail.com Matthias Luebken: [19, 31]
	Google fejta@google.com Erick Fejta: [1, 1]
	Mirantis ihor.dvoretskyi@gmail.com Ihor Dvoretskyi: [1, 1]
	Google stclair@google.com Tim St. Clair: [4, 6]
	Buildbot rutsky@users.noreply.github.com Vladimir Rutsky: [1, 1]
	Apache jay@apache.org jay vyas: [442, 470]
	(Unknown) laurie.malau@gmail.com laushinka: [6, 6]
	Atlassian jtblin@gmail.com Jerome Touffe-Blin: [34, 40]
	Red Hat matt@redhat.com Matthew Farrellee: [345, 40]
	Red Hat pmorie@redhat.com Paul Morie: [115, 34]
	(Unknown) michael.j.schmidt@gmail.com Michael Schmidt: [1, 0]
	ClusterHQ ryan.wallner@clusterhq.com Ryan Wallner: [27, 7]
	Google uluyol0@gmail.com Muhammed Uluyol: [3, 8]
	Microsoft bburns@google.com Brendan Burns: [1002, 233]
	Google jeffml@google.com Jeff Lowdermilk: [106, 6]
	Georgia Tech anish@gatech.edu Anish Bhatt: [18, 14]
	NFLabs abezzubov@nflabs.com Alexander: [1, 1]
	Google gmarek@google.com Marek Grabowski: [0, 220]
	Fujitsu gerti.poppel@est.fujitsu.com Gerti Poppel: [21, 21]
	Udacity eosrei@gmail.com Brad Erickson: [2, 2]
	kickstarter coreyf@rwell.org Corey Farwell: [1, 1]
	FACE IT christian@paral.in Christian Stewart: [274, 0]
	Huawei jiangfeihu@huawei.com feihujiang: [2, 2]
	Huawei linzichang@huawei.com Zichang Lin: [363, 295]
	Google mikejeffrey@users.noreply.github.com MikeJeffrey: [7, 7]
	Huawei huruifeng@huawei.com hurf: [2, 2]
	Google enisoc@google.com Anthony Yeh: [160, 14]
	Google jsz@google.com Jerzy Szczepkowski: [217, 206]
	Red Hat jcope@redhat.com Jon Cope: [156, 0]
	Google beeps@google.com Prashanth Balasubramanian: [527, 84]
	Huawei qiaolei2@huawei.com qiaolei: [18, 18]
	Google pszczesniak@google.com Piotr Szczesniak: [76, 105]
	Docker harryzhang@zju.edu.cn Harry Zhang: [253, 33]
	Huawei zhenggouyong.zheng@huawei.com eulerzgy: [2, 2]
	Huawei jijun2@huawei.com jijun2: [2, 2]
	HP patg@hp.com Patrick Galbraith: [170, 0]
	jobandtalent agonzalezro@gmail.com Álex González: [128, 0]
	Red Hat decarr@redhat.com derekwaynecarr: [1040, 62]
	Google filipg@google.com Filip Grzadkowski: [249, 81]
	Elastic court@epixa.com Court Ewing: [5, 5]
	D2C Media bastien974@gmail.com Bastien Chong: [13, 4]
	(Unknown) wbin00@gmail.com Bin Wang: [9, 0]
	Red Hat clasohm@redhat.com Carsten Clasohm: [23, 23]
	Self pjpires@gmail.com Paulo Pires: [918, 542]
	wellcometrust alex@alexwlchan.net Alex Chan: [2, 2]
	eBay spothanis@ebay.com Sreekanth Pothanis: [168, 0]
	(Unknown) shaunrparker@gmail.com Shaun Parker: [3, 3]
	Red Hat arun.gupta@gmail.com arun-gupta: [167, 0]
	Google sandeepdinesh@google.com Sandeep Dinesh: [315, 0]
	Google krousey@google.com Kris Rousey: [20, 15]
	Google satnam@google.com Satnam Singh: [558, 427]
	Google mwielgus@google.com Marcin Wielgus: [230, 176]
	Petback epc@epcostello.com Ed Costello: [7, 7]
	DrEd Online Doctor vlajos@gmail.com Veres Lajos: [1, 1]
	Red Hat steve.kuznetsov@gmail.com Steve Kuznetsov: [75, 24]
	GatsbyJS mathews.kyle@gmail.com Kyle Mathews: [7, 7]
	Uninett AS gurvindersinghdahiya@gmail.com Gurvinder Singh: [60, 28]
	(Unknown) r.gajdulewicz@gmail.com Rafal Gajdulewicz: [1, 1]
	Google davidopp@google.com David Oppenheimer: [63, 63]
	Google abshah@google.com Abhi Shah: [188, 114]
	Google jnagal@google.com Rohit Jnagal: [15, 20]
	Google rescarez@google.com RichieEscarez: [302, 274]
	CERN anastasis90@yahoo.gr Anastasis Andronidis: [107, 107]
	Red Hat swagiaal@redhat.com Sami Wagiaalla: [31, 1]
	Google biskup@google.com Marek Biskup: [42, 7]
	Google ihmccreery@google.com Isaac Hollander McCreery: [2, 5]
	Google deyuan@google.com Deyuan Deng: [225, 100]
	Google kprobst@google.com Kathrin Probst: [2, 3]
	(Unknown) konzems@gmail.com Scott Konzem: [7, 7]
	Apache jasong@apache.org Jason Giedymin: [3, 3]
	Red Hat swatt@redhat.com Steve Watt: [3, 3]
	Endocode karl@endocode.com Karl Beecher: [351, 117]
	Vayable bc@kismatic.io BC Broussard: [76, 54]
	Q42 mail@chees.info Christiaan Hees: [81, 0]
	Google aronchick@gmail.com David Aronchick: [3, 2]
	Self afe.young@gmail.com you-n-g: [15, 2]
	Box sam@box.com Sam Ghods: [2, 2]
	Ubisoft gosharplite@gmail.com Tony Hsu: [1, 1]
	Google cjcullen888@gmail.com CJ Cullen: [1, 1]
	(Unknown) anshichao.cn@gmail.com Shichao An: [1, 1]
	Samsung github@mikelnelson.net Mikel Nelson: [3, 0]
	eDigitalResearch juzna.cz@gmail.com Jan Dolecek: [2, 1]
	Red Hat jayunit100@gmail.com jayunit100: [366, 78]
	Self scuxiayiqian@gmail.com scuxiayiqian: [2, 2]
	Reddit snagglepants@gmail.com Greg Taylor: [1, 1]
	Apache subin@apache.org Subin M: [154, 2]
	Google rsokolowski@google.com rsokolowski: [129, 79]
	MiWay Insurance pierre@pcservice.co.za Pierre du Plessis: [1, 1]
	(Unknown) antmanler@gmail.com Antmanler: [106, 0]
	(Unknown) adam@nine.net Adam Durana: [1, 1]
	Google tiro.jeff.ml@gmail.com Jeff Lowdermlk: [69, 56]
	Google joe.github@bedafamily.com Joe Beda: [122, 90]
	Fedora Project aditya@adityapatawari.com Aditya Patawari: [3, 0]
	IBM liugya@cn.ibm.com Jay Lau: [0, 1]
	Apple jasonkuhrt@me.com Jason Kuhrt: [0, 1]
	crondevelopment alen.komljen@live.com Alen Komljen: [66, 52]
	Atish Narlawar atish@atish.info Atish: [1, 1]
	Google matt.proud@gmail.com Matt T. Proud: [3, 3]
	Gurpartap Singh contact@gurpartap.com Gurpartap Singh: [217, 9]
	Google maxforbes@google.com Max Forbes: [40, 18]
	カブク keisuke.oohashi@gmail.com keisuke oohashi: [1, 1]
	Google julia.ferraioli@gmail.com Julia Ferraioli: [8, 0]
	Google shiketa1999@gmail.com Takeshi Hagikura: [4, 4]
	MyFitnessPal rafaelchacon@gmail.com Rafael Chacon: [4, 4]
code 6803 4524
	Google ahmetb@google.com Ahmet Alp Balkan: [0, 0]
	(Unknown) sanderp@q42.nl Sander Ploegsma: [1, 1]
	Cockroach alexdwanerobinson@gmail.com Alex Robinson: [8, 2]
	Heptio timothysc@gmail.com Timothy St. Clair: [0, 1291]
	Google thockin@google.com Tim Hockin: [29, 28]
	Google mikedanese@google.com Mike Danese: [345, 685]
	Red Hat hchen@redhat.com Huamin Chen: [72, 0]
	Red Hat eparis@redhat.com Eric Paris: [195, 15]
	Red Hat deads@redhat.com deads2k: [5, 5]
	CNM Consulting clove@cnmconsulting.net chrislovecnm: [555, 253]
	Red Hat stefan.schimanski@gmail.com Dr. Stefan Schimanski: [2, 2]
	Intel elson.rodriguez@gmail.com Elson Rodriguez: [33, 0]
	Self aledbf@gmail.com Manuel de Brito Fontes: [6, 5]
	(Unknown) mrevilgnome@gmail.com Matthew Stump: [83, 37]
	Mirantis maciej.iai@gmail.com Maciej Kwiek: [1, 1]
	Google mengqiy@google.com ymqytw: [31, 1]
	Jimmy Cuadra jimmy@jimmycuadra.com Jimmy Cuadra: [5, 5]
	Google xuchao@google.com Chao Xu: [711, 61]
	IBM dug@us.ibm.com Doug Davis: [1, 1]
	Google djmm@google.com David McMahon: [43, 43]
	IBM klaus1982.cn@gmail.com Klaus Ma: [109, 49]
	Google vishnuk@google.com Vishnu kannan: [1, 97]
	Red Hat jvance@redhat.com Jeff Vance: [19, 15]
	(Unknown) tobias.schottdorf@gmail.com Tobias Schottdorf: [113, 0]
	Google rmmh@google.com Ryan Hitchman: [4, 4]
	Google etune@google.com Eric Tune: [202, 202]
	Google ciwang@google.com Cindy Wang: [0, 0]
	Google zml@google.com Zach Loafman: [100, 51]
	(Unknown) zellster@gmail.com Adam Zell: [1, 1]
	Google robertbailey@google.com Robert Bailey: [34, 201]
	Google amyu@google.com Amy Unruh: [44, 16]
	Red Hat matthias.luebken@gmail.com Matthias Luebken: [0, 115]
	Apache jay@apache.org jay vyas: [487, 374]
	(Unknown) laurie.malau@gmail.com laushinka: [11, 11]
	Red Hat matt@redhat.com Matthew Farrellee: [0, 141]
	Google uluyol0@gmail.com Muhammed Uluyol: [4, 2]
	FathomDB justin@fathomdb.com Justin Santa Barbara: [5, 1]
	Microsoft bburns@google.com Brendan Burns: [639, 19]
	FACE IT christian@paral.in Christian Stewart: [20, 0]
	Huawei huruifeng@huawei.com hurf: [9, 9]
	Google enisoc@google.com Anthony Yeh: [676, 12]
	Google jsz@google.com Jerzy Szczepkowski: [7, 7]
	Google pszczesniak@google.com Piotr Szczesniak: [13, 15]
	Red Hat kevensen@redhat.com Kenneth Evensen: [6, 3]
	HP patg@hp.com Patrick Galbraith: [164, 0]
	Red Hat decarr@redhat.com derekwaynecarr: [313, 257]
	Google filipg@google.com Filip Grzadkowski: [44, 35]
	Amazon daizuozhuo@gmail.com Dai Zuozhuo: [4, 4]
	Google quinton@google.com Quinton Hoole: [20, 55]
	Self pjpires@gmail.com Paulo Pires: [0, 24]
	(Unknown) shaunrparker@gmail.com Shaun Parker: [1, 2]
	Google krousey@google.com Kris Rousey: [1, 1]
	Google satnam@google.com Satnam Singh: [25, 0]
	Google mwielgus@google.com Marcin Wielgus: [93, 10]
	DrEd Online Doctor vlajos@gmail.com Veres Lajos: [1, 1]
	Red Hat steve.kuznetsov@gmail.com Steve Kuznetsov: [125, 17]
	Uninett AS gurvindersinghdahiya@gmail.com Gurvinder Singh: [25, 2]
	Google davidopp@google.com David Oppenheimer: [1, 2]
	Google ihmccreery@google.com Isaac Hollander McCreery: [2, 2]
	Google deyuan@google.com Deyuan Deng: [83, 0]
	Google pedro.r.marques@gmail.com Pedro Marques: [123, 109]
	Endocode karl@endocode.com Karl Beecher: [64, 0]
	Samsung github@mikelnelson.net Mikel Nelson: [3, 0]
	Red Hat jayunit100@gmail.com jayunit100: [415, 0]
	(Unknown) antmanler@gmail.com Antmanler: [81, 0]
	Google tiro.jeff.ml@gmail.com Jeff Lowdermlk: [34, 18]
	Google joe.github@bedafamily.com Joe Beda: [260, 62]
	crondevelopment alen.komljen@live.com Alen Komljen: [0, 37]
	Gurpartap Singh contact@gurpartap.com Gurpartap Singh: [242, 72]
	Google proppy@google.com Johan Euphrosine: [1, 12]
	Google maxforbes@google.com Max Forbes: [48, 21]
unknown 65320 56469
	(Unknown) nikitaraghunath@gmail.com Nikhita Raghunath: [13, 13]
	Google ahmetb@google.com Ahmet Alp Balkan: [8, 162]
	(Unknown) sky.captin@gmail.com Werner: [15, 14]
	(Unknown) rober.morales@rstor.io Rober Morales-Chaparro: [1, 1]
	Cockroach alexdwanerobinson@gmail.com Alex Robinson: [211, 40392]
	ContaAzul caarlos0@users.noreply.github.com Carlos Alexandro Becker: [1, 1]
	IBM gyliu513@gmail.com Guangya Liu: [38, 55]
	ZTE Corporation zhao.xiangpeng@zte.com.cn xiangpengzhao: [1, 1]
	Tata Consultancy Services tiwari.nitish@gmail.com Nitish: [160, 18]
	Red Hat hchiramm@redhat.com Humble Chirammal: [15, 14]
	Mirantis psiwczak@mirantis.com Piotr Siwczak: [1, 1]
	Heptio timothysc@gmail.com Timothy St. Clair: [7, 494]
	EasyStack nickren19@gmail.com NickrenREN: [52, 0]
	(Unknown) klausenbusk@hotmail.com Kristian Klausen: [0, 15]
	Google thockin@google.com Tim Hockin: [209, 198]
	Google mikedanese@google.com Mike Danese: [150, 1467]
	Red Hat hchen@redhat.com Huamin Chen: [560, 17]
	VMware shivania@vmware.com Abrar Shivani: [113, 1]
	Bits Working chris@linuxuser.at Chris Hager: [1, 1]
	Self christiankoep@gmail.com Christian Koep: [5, 8]
	Red Hat eparis@redhat.com Eric Paris: [18, 12]
	FINN.no sbekkhus91@gmail.com Simen Bekkhus: [1, 1]
	VMware bdontu@vmware.com Balu Dontu: [27, 0]
	Diamanti nelcyguy@gmail.com Chakravarthy Nelluri: [380, 18]
	(Unknown) ancosen@gmail.com Andrea Cosentino: [24, 57]
	NotFound huzhifeng@douyu.tv huzhifeng: [1, 1]
	Dell vladimir.vivien@gmail.com Vladimir Vivien: [66, 0]
	Red Hat jliggitt@redhat.com Jordan Liggitt: [18, 10]
	Red Hat jsafrane@redhat.com Jan Safranek: [176, 62]
	indiehosters pierre@ozoux.net Pierre Ozoux: [1, 3]
	VMware sritesh@vmware.com Ritesh H Shukla: [53, 0]
	NotFound 837829664@qq.com timchenxiaoyu: [1, 1]
	Portworx aditya@portworx.com Aditya Dani: [89, 0]
	Red Hat deads@redhat.com deads2k: [132, 383]
	Self stephenhsu90@gmail.com Di Xu: [1, 1]
	CNM Consulting clove@cnmconsulting.net chrislovecnm: [755, 251]
	(Unknown) saratk@gmail.com Sarat Kamisetty: [2, 1]
	inovex joh.scheuer@gmail.com Johannes Scheuermann: [65, 1]
	(Unknown) nitisht@users.noreply.github.com Nitish Tiwari: [1, 0]
	Google shyamjvs@google.com Shyam JVS: [6, 0]
	Red Hat stefan.schimanski@gmail.com Dr. Stefan Schimanski: [85, 77]
	Google mtaufen@google.com Michael Taufen: [12, 12]
	Red Hat ccoleman@redhat.com Clayton Coleman: [410, 146]
	Google grod@google.com Garrett Rodrigues: [5, 2]
	Pierre Mavro deimos@deimos.fr Deimosfr: [4, 0]
	ZTE Corporation tan.shanshan@zte.com.cn tanshanshan: [7, 5]
	Red Hat mkargaki@redhat.com Michail Kargakis: [16, 27]
	VMware xiangfeiz@vmware.com Xiangfei Zhu: [5, 5]
	Microsoft oguzp@microsoft.com Oguz Pastirmaci: [30, 0]
	Rook lucas.kaldstrom@hotmail.co.uk Lucas Käldström: [17, 8]
	Red Hat mkhan@redhat.com Monis Khan: [45, 45]
	Red Hat obnox@redhat.com Michael Adam: [2, 0]
	Intel elson.rodriguez@gmail.com Elson Rodriguez: [189, 34]
	(Unknown) lvnilesh@users.noreply.github.com Nilesh Londhe: [1, 1]
	Self aledbf@gmail.com Manuel de Brito Fontes: [13, 12]
	Google wojtekt@google.com Wojciech Tyczynski: [11, 4]
	(Unknown) mrevilgnome@gmail.com Matthew Stump: [247, 7]
	Google chiachenk@google.com Janet Kuo: [192, 88]
	Google ramanathana@google.com foxish: [0, 7]
	Embedded Systems, ECE apelisse@gmail.com Antoine Pelisse: [21, 3]
	Google mengqiy@google.com ymqytw: [23, 4]
	Red Hat pweil@redhat.com pweil-: [146, 0]
	Jimmy Cuadra jimmy@jimmycuadra.com Jimmy Cuadra: [12, 12]
	Google xuchao@google.com Chao Xu: [1182, 2057]
	CoreOS hongchaodeng1@gmail.com Hongchao Deng: [26, 13]
	IBM dims@linux.vnet.ibm.com Davanum Srinivas: [4, 1]
	CoreOS yifan.gu@coreos.com Yifan Gu: [6, 10]
	Google jrhoak@gmail.com Josh Hoak: [1, 1]
	Google djmm@google.com David McMahon: [75, 158]
	IBM klaus1982.cn@gmail.com Klaus Ma: [17, 0]
	Google vishnuk@google.com Vishnu kannan: [66, 168]
	Google jeffmendoza@google.com Jeff Mendoza: [539, 190]
	(Unknown) baldwin@stackpointcloud.com Matt Baldwin: [3, 0]
	Red Hat jvance@redhat.com Jeff Vance: [5, 28]
	(Unknown) tobias.schottdorf@gmail.com Tobias Schottdorf: [96, 0]
	Red Hat mturansk@redhat.com markturansky: [184, 13]
	Self contact@tmrts.com Tamer Tas: [13, 15]
	Google magorzata@google.com mksalawa: [6, 3]
	ZE PowerGroup wesley@ze.com Wesley Hartford: [1, 1]
	(Unknown) 03cranec@users.noreply.github.com Chris Crane: [153, 7]
	Mirantis spyzalski@mirantis.com Szymon Pyżalski: [1, 1]
	Google etune@google.com Eric Tune: [215, 154]
	Ammeon joe2farrell@gmail.com joe2far: [10, 10]
	Red Hat asalkeld@mirantis.com Angus Salkeld: [0, 2]
	(Unknown) development@advance-leap.com Adrian Ursu: [0, 1]
	Google ciwang@google.com Cindy Wang: [13, 13]
	CoreOS brandon@ifup.org Brandon Philips: [1, 2]
	Google dbsmith@google.com Daniel Smith: [412, 53]
	Google zml@google.com Zach Loafman: [514, 394]
	Google dawnchen@google.com Dawn Chen: [259, 21]
	(Unknown) zellster@gmail.com Adam Zell: [2, 2]
	Tinkerbox bobintornado@gmail.com Bob Cao: [2, 2]
	Google nikhiljindal@google.com nikhiljindal: [603, 348]
	Google robertbailey@google.com Robert Bailey: [69, 96]
	Huawei wangzefeng@huawei.com Kevin: [1, 1]
	Google yjhong@google.com Yu-Ju Hong: [0, 3]
	Red Hat maszulik@redhat.com Maciej Szulik: [5, 4]
	(Unknown) tobias.adamson@gmail.com tobad357: [32, 53]
	Google amyu@google.com Amy Unruh: [250, 240]
	Google goltermann@google.com goltermann: [12, 10]
	Google pwittroc@google.com Phillip Wittrock: [12, 10]
	Red Hat matthias.luebken@gmail.com Matthias Luebken: [7, 7]
	CoreOS alban@kinvolk.io Alban Crequy: [7, 0]
	Cisco nicholas.stogner@gmail.com Nick Stogner: [1, 1]
	Devops gambol99@gmail.com Rohith: [2, 0]
	Net EASE 网易有态度 coolhzb@163.com AdoHe: [5, 3]
	thinkstep magnus.kulke@thinkstep.com Magnus Kulke: [7, 4]
	Google fejta@google.com Erick Fejta: [2, 2]
	Apache jay@apache.org jay vyas: [182, 272]
	(Unknown) ckleban@gmail.com ckleban: [11, 13]
	Atlassian jtblin@gmail.com Jerome Touffe-Blin: [3, 3]
	Google maisem@google.com Maisem Ali: [19, 19]
	Red Hat matt@redhat.com Matthew Farrellee: [172, 197]
	Google madhusudancs@google.com Madhusudan.C.S: [2, 1]
	Red Hat pmorie@redhat.com Paul Morie: [359, 7]
	Google mixia@google.com Minhan Xia: [1, 2]
	DoubleDutch pj@born2code.net Pieter Joost van de Sande: [1, 1]
	ClusterHQ ryan.wallner@clusterhq.com Ryan Wallner: [47, 0]
	Google uluyol0@gmail.com Muhammed Uluyol: [2, 2]
	FathomDB justin@fathomdb.com Justin Santa Barbara: [2, 1]
	Microsoft bburns@google.com Brendan Burns: [1779, 97]
	Google jeffml@google.com Jeff Lowdermilk: [44, 28]
	Georgia Tech anish@gatech.edu Anish Bhatt: [5, 5]
	Huawei hongbin.lu@huawei.com Hongbin Lu: [0, 1]
	(Unknown) till@backha.us Till Backhaus: [0, 1]
	Google gmarek@google.com Marek Grabowski: [1, 63]
	Diamanti ravi@datawisesystems.com Ravi Gadde: [28, 2]
	FACE IT christian@paral.in Christian Stewart: [124, 0]
	Huawei jiangfeihu@huawei.com feihujiang: [3, 5]
	Huawei linzichang@huawei.com Zichang Lin: [425, 126]
	Google mikejeffrey@users.noreply.github.com MikeJeffrey: [531, 78]
	Google enisoc@google.com Anthony Yeh: [388, 14]
	Google jsz@google.com Jerzy Szczepkowski: [41, 42]
	Red Hat jcope@redhat.com Jon Cope: [96, 0]
	Google beeps@google.com Prashanth Balasubramanian: [258, 44]
	Google pszczesniak@google.com Piotr Szczesniak: [18, 21]
	Red Hat smilner@redhat.com Steve Milner: [4, 4]
	Docker harryzhang@zju.edu.cn Harry Zhang: [61, 2]
	Huawei jijun2@huawei.com jijun2: [19, 37]
	Red Hat kevensen@redhat.com Kenneth Evensen: [0, 0]
	HP patg@hp.com Patrick Galbraith: [296, 0]
	jobandtalent agonzalezro@gmail.com Álex González: [19, 0]
	Red Hat decarr@redhat.com derekwaynecarr: [325, 169]
	Google filipg@google.com Filip Grzadkowski: [118, 42]
	Huawei alfred.huangjian@huawei.com Jian Huang: [1, 1]
	Tyk mvdan@mvdan.cc Daniel Martí: [2, 1]
	(Unknown) wbin00@gmail.com Bin Wang: [13, 0]
	Self pjpires@gmail.com Paulo Pires: [333, 560]
	Amadeus salvatore-dario.minonne@amadeus.com Salvatore Dario Minonne: [3, 0]
	eBay spothanis@ebay.com Sreekanth Pothanis: [86, 0]
	(Unknown) shaunrparker@gmail.com Shaun Parker: [1, 1]
	Red Hat arun.gupta@gmail.com arun-gupta: [62, 0]
	Google sandeepdinesh@google.com Sandeep Dinesh: [98, 0]
	Google krousey@google.com Kris Rousey: [73, 78]
	Google satnam@google.com Satnam Singh: [45170, 4299]
	Google mwielgus@google.com Marcin Wielgus: [138, 45]
	DrEd Online Doctor vlajos@gmail.com Veres Lajos: [1, 1]
	Red Hat steve.kuznetsov@gmail.com Steve Kuznetsov: [157, 6]
	Uninett AS gurvindersinghdahiya@gmail.com Gurvinder Singh: [28, 0]
	WillCall pat2man@gmail.com Patrick Tescher: [12, 3]
	Mesosphere karl@mesosphere.io Karl Isenberg: [3, 2]
	Google davidopp@google.com David Oppenheimer: [69, 126]
	Google abshah@google.com Abhi Shah: [310, 76]
	Google rescarez@google.com RichieEscarez: [3, 3]
	CERN anastasis90@yahoo.gr Anastasis Andronidis: [51, 1]
	Red Hat swagiaal@redhat.com Sami Wagiaalla: [31, 10]
	Huawei dinghaiyang@huawei.com dingh: [36, 8]
	Google ihmccreery@google.com Isaac Hollander McCreery: [1, 12]
	Google deyuan@google.com Deyuan Deng: [117, 42]
	Google kprobst@google.com Kathrin Probst: [7, 1]
	Apache jasong@apache.org Jason Giedymin: [2, 0]
	Mercari sabo.ttenda@gmail.com Masahiro Sano: [143, 2]
	Kismatic patrick@kismatic.io Patrick Reilly: [1, 1]
	Red Hat tnguyen@redhat.com Thien-Thi Nguyen: [1, 1]
	Red Hat swatt@redhat.com Steve Watt: [2, 2]
	Endocode karl@endocode.com Karl Beecher: [220, 106]
	Vayable bc@kismatic.io BC Broussard: [288, 167]
	Red Hat kargakis@users.noreply.github.com kargakis: [2, 0]
	Q42 mail@chees.info Christiaan Hees: [100, 0]
	Google jthunter@google.com Jason Hunter: [11, 6]
	Box sam@box.com Sam Ghods: [2, 0]
	Red Hat calfonso@redhat.com Chris Alfonso: [30, 0]
	Red Hat jayunit100@gmail.com jayunit100: [553, 133]
	Google mohr@google.com Alex Mohr: [13, 13]
	Apache subin@apache.org Subin M: [1041, 415]
	Google rsokolowski@google.com rsokolowski: [57, 47]
	(Unknown) antmanler@gmail.com Antmanler: [101, 0]
	Google tiro.jeff.ml@gmail.com Jeff Lowdermlk: [50, 3]
	Red Hat nalin@redhat.com Nalin Dahyabhai: [2, 2]
	Luxiar jeanepaul@gmail.com hokutosei: [1, 1]
	Google joe.github@bedafamily.com Joe Beda: [419, 124]
	Virtu Financial LLC me@andrewmichaelsmith.com Andrew Smith: [1, 1]
	Google ciruli@gmail.com oaktowner: [1, 1]
	Gurpartap Singh contact@gurpartap.com Gurpartap Singh: [332, 136]
	Google proppy@google.com Johan Euphrosine: [12, 10]
	Google kelsey.hightower@gmail.com Kelsey Hightower: [1, 1]
	(Unknown) in.gottwald@gmail.com Ingo Gottwald: [1, 1]
	Google brian@dorseys.org Brian Dorsey: [50, 444]
	Google brianlynch@gmail.com Brian Lynch: [1, 1]
image 9564 9564
	Google ahmetb@google.com Ahmet Alp Balkan: [0, 0]
	Cockroach alexdwanerobinson@gmail.com Alex Robinson: [0, 9564]
	Google mikedanese@google.com Mike Danese: [0, 0]
	Red Hat hchen@redhat.com Huamin Chen: [0, 0]
	Microsoft oguzp@microsoft.com Oguz Pastirmaci: [0, 0]
	Google jeffmendoza@google.com Jeff Mendoza: [0, 0]
	Google ciwang@google.com Cindy Wang: [0, 0]
	Docker harryzhang@zju.edu.cn Harry Zhang: [0, 0]
	Google satnam@google.com Satnam Singh: [9564, 0]
	Google joe.github@bedafamily.com Joe Beda: [0, 0]
documentation 841 551
	Google ahmetb@google.com Ahmet Alp Balkan: [0, 0]
	Heptio timothysc@gmail.com Timothy St. Clair: [0, 116]
	Google mikedanese@google.com Mike Danese: [76, 152]
	Red Hat jsafrane@redhat.com Jan Safranek: [1, 0]
	CNM Consulting clove@cnmconsulting.net chrislovecnm: [132, 51]
	Red Hat stefan.schimanski@gmail.com Dr. Stefan Schimanski: [1, 1]
	(Unknown) mrevilgnome@gmail.com Matthew Stump: [1, 1]
	Google mengqiy@google.com ymqytw: [28, 0]
	Google xuchao@google.com Chao Xu: [12, 2]
	Google etune@google.com Eric Tune: [25, 25]
	Google ciwang@google.com Cindy Wang: [0, 0]
	Google zml@google.com Zach Loafman: [22, 3]
	Google robertbailey@google.com Robert Bailey: [9, 9]
	Google amyu@google.com Amy Unruh: [1, 1]
	Red Hat matt@redhat.com Matthew Farrellee: [0, 19]
	Microsoft bburns@google.com Brendan Burns: [124, 1]
	Red Hat kevensen@redhat.com Kenneth Evensen: [2, 2]
	WillCall pat2man@gmail.com Patrick Tescher: [13, 0]
	Mesosphere karl@mesosphere.io Karl Isenberg: [4, 4]
	Google ihmccreery@google.com Isaac Hollander McCreery: [2, 2]
	Red Hat jayunit100@gmail.com jayunit100: [116, 0]
	Google joe.github@bedafamily.com Joe Beda: [30, 16]
	Gurpartap Singh contact@gurpartap.com Gurpartap Singh: [241, 146]
	Google maxforbes@google.com Max Forbes: [1, 0]
build 4630 2620
	Google ahmetb@google.com Ahmet Alp Balkan: [0, 0]
	(Unknown) sky.captin@gmail.com Werner: [2, 1]
	Cockroach alexdwanerobinson@gmail.com Alex Robinson: [34, 0]
	Heptio timothysc@gmail.com Timothy St. Clair: [0, 138]
	Google thockin@google.com Tim Hockin: [4, 3]
	Google mikedanese@google.com Mike Danese: [2, 39]
	NotFound 837829664@qq.com timchenxiaoyu: [2, 2]
	CNM Consulting clove@cnmconsulting.net chrislovecnm: [21, 13]
	Red Hat stefan.schimanski@gmail.com Dr. Stefan Schimanski: [26, 0]
	Google jgrafton@google.com Jeff Grafton: [8, 8]
	Rook lucas.kaldstrom@hotmail.co.uk Lucas Käldström: [4, 1]
	Self aledbf@gmail.com Manuel de Brito Fontes: [4, 2]
	Google mengqiy@google.com ymqytw: [1, 1]
	Google acidburn@google.com Jess Frazelle: [8, 8]
	IBM dims@linux.vnet.ibm.com Davanum Srinivas: [1, 1]
	Google djmm@google.com David McMahon: [8, 8]
	Google ciwang@google.com Cindy Wang: [0, 0]
	Google dbsmith@google.com Daniel Smith: [46, 0]
	Google zml@google.com Zach Loafman: [69, 11]
	Google amyu@google.com Amy Unruh: [3, 3]
	Red Hat matthias.luebken@gmail.com Matthias Luebken: [39, 0]
	Google stclair@google.com Tim St. Clair: [3, 3]
	Apache jay@apache.org jay vyas: [2, 2]
	Red Hat matt@redhat.com Matthew Farrellee: [15, 73]
	Red Hat pmorie@redhat.com Paul Morie: [84, 0]
	Google uluyol0@gmail.com Muhammed Uluyol: [9, 5]
	Microsoft bburns@google.com Brendan Burns: [1681, 0]
	Google jeffml@google.com Jeff Lowdermilk: [2, 2]
	Engine Yard krancourt@engineyard.com Kent Rancourt: [1, 1]
	Google enisoc@google.com Anthony Yeh: [73, 0]
	Google beeps@google.com Prashanth Balasubramanian: [41, 0]
	Google filipg@google.com Filip Grzadkowski: [12, 0]
	Self pjpires@gmail.com Paulo Pires: [0, 14]
	(Unknown) shaunrparker@gmail.com Shaun Parker: [1, 1]
	Google satnam@google.com Satnam Singh: [27, 21]
	Red Hat jayunit100@gmail.com jayunit100: [2397, 2259]
devel-doc 30772 20520
code 6803 4524
unknown 65320 56469
image 9564 9564
documentation 841 551
build 4630 2620
