Filter on "^vendor/|/vendor/"
open output file /Users/lukasz/dev/cncf/gitdm/repos/external-storage.csv

unknown@hacker.net Unknown hacker
wongma7@users.noreply.github.com Matthew Wong
	unknown [26295, 18976]
	devel-doc [2854, 1135]
	code [1013, 259]
	build [532, 286]
	documentation [80, 49]
jsafrane@redhat.com Jan Safranek
	unknown [51, 13]
	devel-doc [27, 5]
kent.wang@cheanjia.com Kent Wang
	unknown [3, 3]
deyuan.deng@gmail.com Deyuan Deng
	unknown [113, 36]
	devel-doc [2, 2]
msau@google.com Michelle Au
	unknown [2211, 450]
	devel-doc [243, 45]
	build [51, 0]
hchiramm@redhat.com Humble Chirammal
	unknown [1363, 451]
	devel-doc [130, 22]
	code [13, 0]
	build [69, 0]
obnox@redhat.com Michael Adam
	devel-doc [9, 9]
humble.devassy@gmail.com Humble Devassy Chirammal
	unknown [2, 1]
	devel-doc [2, 2]
jackie.space@gmail.com Jackie Li
	unknown [270, 7]
	devel-doc [17, 2]
	code [17, 1]
xingzhou@cn.ibm.com Xing Zhou
	unknown [53, 1]
marko.luksa@gmail.com Marko Luksa
	unknown [3, 0]
hchen@redhat.com Huamin Chen
	unknown [412, 18]
	devel-doc [64, 5]
	code [299, 0]
bchilds@redhat.com childsb
	unknown [1294, 793]
	devel-doc [23, 0]
	code [133, 0]
	build [115, 45]
andrew@andrewklau.com Andrew Lau
	devel-doc [3, 1]
tamal@appscode.com tamal
	unknown [2, 0]
dlorenc@google.com dlorenc
	unknown [14, 2]
	devel-doc [7, 1]
	build [14, 0]
pramod@us.ibm.com Nagapramod Mandagere
	unknown [104, 39]
gavrie@philipson.co.il Gavrie Philipson
	unknown [30, 39]
	build [2, 1]
sarah.novotny@gmail.com sarahnovotny
	devel-doc [202, 0]
unknown 32220 20829
	wongma7@users.noreply.github.com Matthew Wong: [26295, 18976]
	jsafrane@redhat.com Jan Safranek: [51, 13]
	kent.wang@cheanjia.com Kent Wang: [3, 3]
	deyuan.deng@gmail.com Deyuan Deng: [113, 36]
	msau@google.com Michelle Au: [2211, 450]
	hchiramm@redhat.com Humble Chirammal: [1363, 451]
	humble.devassy@gmail.com Humble Devassy Chirammal: [2, 1]
	jackie.space@gmail.com Jackie Li: [270, 7]
	xingzhou@cn.ibm.com Xing Zhou: [53, 1]
	marko.luksa@gmail.com Marko Luksa: [3, 0]
	hchen@redhat.com Huamin Chen: [412, 18]
	bchilds@redhat.com childsb: [1294, 793]
	tamal@appscode.com tamal: [2, 0]
	dlorenc@google.com dlorenc: [14, 2]
	pramod@us.ibm.com Nagapramod Mandagere: [104, 39]
	gavrie@philipson.co.il Gavrie Philipson: [30, 39]
devel-doc 3583 1229
	wongma7@users.noreply.github.com Matthew Wong: [2854, 1135]
	jsafrane@redhat.com Jan Safranek: [27, 5]
	deyuan.deng@gmail.com Deyuan Deng: [2, 2]
	msau@google.com Michelle Au: [243, 45]
	hchiramm@redhat.com Humble Chirammal: [130, 22]
	obnox@redhat.com Michael Adam: [9, 9]
	humble.devassy@gmail.com Humble Devassy Chirammal: [2, 2]
	jackie.space@gmail.com Jackie Li: [17, 2]
	hchen@redhat.com Huamin Chen: [64, 5]
	bchilds@redhat.com childsb: [23, 0]
	andrew@andrewklau.com Andrew Lau: [3, 1]
	dlorenc@google.com dlorenc: [7, 1]
	sarah.novotny@gmail.com sarahnovotny: [202, 0]
code 1475 260
	wongma7@users.noreply.github.com Matthew Wong: [1013, 259]
	hchiramm@redhat.com Humble Chirammal: [13, 0]
	jackie.space@gmail.com Jackie Li: [17, 1]
	hchen@redhat.com Huamin Chen: [299, 0]
	bchilds@redhat.com childsb: [133, 0]
build 783 332
	wongma7@users.noreply.github.com Matthew Wong: [532, 286]
	msau@google.com Michelle Au: [51, 0]
	hchiramm@redhat.com Humble Chirammal: [69, 0]
	bchilds@redhat.com childsb: [115, 45]
	dlorenc@google.com dlorenc: [14, 0]
	gavrie@philipson.co.il Gavrie Philipson: [2, 1]
documentation 80 49
	wongma7@users.noreply.github.com Matthew Wong: [80, 49]
unknown 32220 20829
devel-doc 3583 1229
code 1475 260
build 783 332
documentation 80 49
