Filter on "^vendor/|/vendor/"
open output file /Users/lukasz/dev/cncf/gitdm/repos/features.csv

Oops...funky email ihor dvoretskyi
(Unknown) unknown@hacker.net Unknown hacker
Ceph calebamiles@users.noreply.github.com caleb miles
	unknown [4150, 2093]
	devel-doc [31, 60]
Mirantis ihor@dvoretskyi.com Ihor Dvoretskyi
	unknown [1006, 324]
	devel-doc [1, 1]
Google grodrigues3@users.noreply.github.com grodrigues3
	unknown [4, 5]
	devel-doc [2, 2]
Google saadali@google.com Saad Ali
	unknown [119, 82]
Red Hat marun@redhat.com Maru Newby
	unknown [1, 1]
CoreOS brandon@ifup.org Brandon Philips
	unknown [12, 6]
	devel-doc [15, 3]
Google grod@google.com Garrett Rodrigues
	unknown [149, 6]
Google yjhong@google.com Yu-Ju Hong
	unknown [141, 69]
Yahoo ejc3@yahoo-inc.com EJ
	unknown [4, 4]
Google mwielgus@google.com Marcin Wielgus
	unknown [10, 1]
FathomDB justin@fathomdb.com Justin Santa Barbara
	unknown [26, 2]
Factotum craig.box@gmail.com craigbox
	unknown [22, 22]
Google joe.github@bedafamily.com Joe Beda
	unknown [52, 35]
Google pwittroc+github@google.com Phillip Wittrock
	unknown [68, 2]
	devel-doc [203, 0]
Google mengqiy@google.com ymqytw
	unknown [80, 5]
Google davidopp@google.com David Oppenheimer
	unknown [40, 6]
Red Hat jliggitt@redhat.com Jordan Liggitt
	unknown [22, 0]
Google mikedanese@google.com Mike Danese
	unknown [1, 1]
(Unknown) maxwell92@126.com liyao
	unknown [3, 3]
Google chiachenk@google.com Janet Kuo
	unknown [2, 2]
Google vishh@users.noreply.github.com Vish Kannan
	unknown [1, 0]
Google bowei.du@gmail.com Bowei Du
	unknown [30, 15]
Luke Marsden me@lukemarsden.net Luke Marsden
	unknown [72, 21]
(Unknown) michmike@users.noreply.github.com Michael Michael
	unknown [1, 3]
Red Hat maszulik@redhat.com Maciej Szulik
	unknown [14, 14]
Redspread dan@redspread.com Dan Gillespie
	unknown [129, 6]
Google bgrant0607@users.noreply.github.com Brian Grant
Samsung spiffxp@gmail.com Aaron Crickenberger
	unknown [124, 20]
Google mehdy@google.com mbohlool
	unknown [2, 0]
Google madhusudancs@google.com Madhusudan.C.S
	unknown [8, 1]
Google thockin@google.com Tim Hockin
Google djmm@google.com David McMahon
	unknown [0, 13]
Google zihongz@google.com Zihong Zheng
	unknown [1, 0]
Red Hat ccoleman@redhat.com Clayton Coleman
	unknown [6, 1]
Rook lucas.kaldstrom@hotmail.co.uk Lucas Käldström
	unknown [4, 4]
Google enisoc@google.com Anthony Yeh
	unknown [15, 4]
Google sarah.novotny@gmail.com sarahnovotny
Google beacham@google.com Jacob Beacham
	unknown [9, 9]
Google goltermann@google.com goltermann
	unknown [149, 4]
Red Hat eparis@redhat.com Eric Paris
Google aronchick@gmail.com David Aronchick
	unknown [10, 3]
Mirantis pigmej@gmail.com Jędrzej Nowak
	unknown [1, 1]
Google stclair@google.com Tim St. Clair
	unknown [2, 2]
Red Hat dma@redhat.com DeShuai Ma
	unknown [1, 1]
Google etune@google.com Eric Tune
	unknown [41, 8]
	devel-doc [72, 0]
Google verb@google.com Lee Verberne
	devel-doc [1, 1]
unknown 6532 2799
	Ceph calebamiles@users.noreply.github.com caleb miles: [4150, 2093]
	Mirantis ihor@dvoretskyi.com Ihor Dvoretskyi: [1006, 324]
	Google grodrigues3@users.noreply.github.com grodrigues3: [4, 5]
	Google saadali@google.com Saad Ali: [119, 82]
	Red Hat marun@redhat.com Maru Newby: [1, 1]
	CoreOS brandon@ifup.org Brandon Philips: [12, 6]
	Google grod@google.com Garrett Rodrigues: [149, 6]
	Google yjhong@google.com Yu-Ju Hong: [141, 69]
	Yahoo ejc3@yahoo-inc.com EJ: [4, 4]
	Google mwielgus@google.com Marcin Wielgus: [10, 1]
	FathomDB justin@fathomdb.com Justin Santa Barbara: [26, 2]
	Factotum craig.box@gmail.com craigbox: [22, 22]
	Google joe.github@bedafamily.com Joe Beda: [52, 35]
	Google pwittroc+github@google.com Phillip Wittrock: [68, 2]
	Google mengqiy@google.com ymqytw: [80, 5]
	Google davidopp@google.com David Oppenheimer: [40, 6]
	Red Hat jliggitt@redhat.com Jordan Liggitt: [22, 0]
	Google mikedanese@google.com Mike Danese: [1, 1]
	(Unknown) maxwell92@126.com liyao: [3, 3]
	Google chiachenk@google.com Janet Kuo: [2, 2]
	Google vishh@users.noreply.github.com Vish Kannan: [1, 0]
	Google bowei.du@gmail.com Bowei Du: [30, 15]
	Luke Marsden me@lukemarsden.net Luke Marsden: [72, 21]
	(Unknown) michmike@users.noreply.github.com Michael Michael: [1, 3]
	Red Hat maszulik@redhat.com Maciej Szulik: [14, 14]
	Redspread dan@redspread.com Dan Gillespie: [129, 6]
	Samsung spiffxp@gmail.com Aaron Crickenberger: [124, 20]
	Google mehdy@google.com mbohlool: [2, 0]
	Google madhusudancs@google.com Madhusudan.C.S: [8, 1]
	Google djmm@google.com David McMahon: [0, 13]
	Google zihongz@google.com Zihong Zheng: [1, 0]
	Red Hat ccoleman@redhat.com Clayton Coleman: [6, 1]
	Rook lucas.kaldstrom@hotmail.co.uk Lucas Käldström: [4, 4]
	Google enisoc@google.com Anthony Yeh: [15, 4]
	Google beacham@google.com Jacob Beacham: [9, 9]
	Google goltermann@google.com goltermann: [149, 4]
	Google aronchick@gmail.com David Aronchick: [10, 3]
	Mirantis pigmej@gmail.com Jędrzej Nowak: [1, 1]
	Google stclair@google.com Tim St. Clair: [2, 2]
	Red Hat dma@redhat.com DeShuai Ma: [1, 1]
	Google etune@google.com Eric Tune: [41, 8]
devel-doc 325 67
	Ceph calebamiles@users.noreply.github.com caleb miles: [31, 60]
	Mirantis ihor@dvoretskyi.com Ihor Dvoretskyi: [1, 1]
	Google grodrigues3@users.noreply.github.com grodrigues3: [2, 2]
	CoreOS brandon@ifup.org Brandon Philips: [15, 3]
	Google pwittroc+github@google.com Phillip Wittrock: [203, 0]
	Google etune@google.com Eric Tune: [72, 0]
	Google verb@google.com Lee Verberne: [1, 1]
unknown 6532 2799
devel-doc 325 67
