Filter on "^vendor/|/vendor/"
open output file /Users/lukasz/dev/cncf/gitdm/repos/gen.csv

unknown@hacker.net Unknown hacker
mehdy@google.com Mehdy Bohlool
	unknown [4, 0]
	devel-doc [245, 5]
	code [514, 58]
	documentation [172, 52]
brendan.d.burns@gmail.com Brendan Burns
	code [100, 0]
	documentation [130, 2]
unknown 4 0
	mehdy@google.com Mehdy Bohlool: [4, 0]
devel-doc 245 5
	mehdy@google.com Mehdy Bohlool: [245, 5]
code 614 58
	mehdy@google.com Mehdy Bohlool: [514, 58]
	brendan.d.burns@gmail.com Brendan Burns: [100, 0]
documentation 302 54
	mehdy@google.com Mehdy Bohlool: [172, 52]
	brendan.d.burns@gmail.com Brendan Burns: [130, 2]
unknown 4 0
devel-doc 245 5
code 614 58
documentation 302 54
