Filter on "^vendor/|/vendor/"
open output file /Users/lukasz/dev/cncf/gitdm/repos/gengo.csv

WARNING: duplicate email/empl for sandeeppissay@users.noreply.github.com
WARNING: duplicate email/empl for ssrinivas@vmware.com
(Unknown) unknown@hacker.net Unknown hacker
Google dbsmith@google.com Daniel Smith
	unknown [5019, 172]
	devel-doc [252, 0]
	documentation [16, 0]
Google xuchao@google.com Chao Xu
	unknown [276, 44]
Red Hat stefan.schimanski@gmail.com Dr. Stefan Schimanski
	unknown [58, 34]
Google thockin@google.com Tim Hockin
	unknown [3093, 814]
	code [60, 60]
	build [16, 0]
IBM spzala@us.ibm.com Sahdev P. Zala
	unknown [277, 16]
Kelowna admin@toph.ca Christoph Blecker
	unknown [8, 4]
Red Hat ccoleman@redhat.com Clayton Coleman
	unknown [2932, 105]
	devel-doc [3, 2]
Red Hat jliggitt@redhat.com Jordan Liggitt
	unknown [49, 29]
Google pwittroc@google.com Phillip Wittrock
	unknown [1, 1]
HarmonyCloud chenjg@harmonycloud.cn fate-grand-order
	unknown [2, 2]
Red Hat deads@redhat.com deads2k
	unknown [103, 19]
Google wojtekt@google.com Wojciech Tyczynski
	unknown [857, 419]
Red Hat agoldste@redhat.com Andy Goldstein
	unknown [58, 5]
Google mehdy@google.com mbohlool
	unknown [9, 0]
Google qlee@google.com Quintin Lee
	unknown [1, 0]
Google stclair@google.com Tim St. Clair
	unknown [8, 8]
IBM dims@linux.vnet.ibm.com Davanum Srinivas
Google djmm@google.com David McMahon
Google nikhiljindal@google.com nikhiljindal
CoreOS george.tankersley@coreos.com George Tankersley
	unknown [3, 0]
Google pszczesniak@google.com Piotr Szczesniak
CoreOS eric.chiang@coreos.com Eric Chiang
	unknown [3, 0]
Google cjcullen@google.com CJ Cullen
	unknown [2, 0]
Red Hat maszulik@redhat.com Maciej Szulik
	unknown [2, 0]
Google mml@google.com Matt Liggett
Self jianhui@outlook.com jianhuiz
	unknown [1, 0]
Google beeps@google.com Prashanth Balasubramanian
Google goltermann@google.com goltermann
	unknown [3, 4]
Google abshah@google.com Abhi Shah
Red Hat eparis@redhat.com Eric Paris
Immobilien Scout GmbH laurie.malau@gmail.com laushinka
Microsoft bburns@google.com Brendan Burns
code 60 60
	Google thockin@google.com Tim Hockin: [60, 60]
unknown 12765 1676
	Google dbsmith@google.com Daniel Smith: [5019, 172]
	Google xuchao@google.com Chao Xu: [276, 44]
	Red Hat stefan.schimanski@gmail.com Dr. Stefan Schimanski: [58, 34]
	Google thockin@google.com Tim Hockin: [3093, 814]
	IBM spzala@us.ibm.com Sahdev P. Zala: [277, 16]
	Kelowna admin@toph.ca Christoph Blecker: [8, 4]
	Red Hat ccoleman@redhat.com Clayton Coleman: [2932, 105]
	Red Hat jliggitt@redhat.com Jordan Liggitt: [49, 29]
	Google pwittroc@google.com Phillip Wittrock: [1, 1]
	HarmonyCloud chenjg@harmonycloud.cn fate-grand-order: [2, 2]
	Red Hat deads@redhat.com deads2k: [103, 19]
	Google wojtekt@google.com Wojciech Tyczynski: [857, 419]
	Red Hat agoldste@redhat.com Andy Goldstein: [58, 5]
	Google mehdy@google.com mbohlool: [9, 0]
	Google qlee@google.com Quintin Lee: [1, 0]
	Google stclair@google.com Tim St. Clair: [8, 8]
	CoreOS george.tankersley@coreos.com George Tankersley: [3, 0]
	CoreOS eric.chiang@coreos.com Eric Chiang: [3, 0]
	Google cjcullen@google.com CJ Cullen: [2, 0]
	Red Hat maszulik@redhat.com Maciej Szulik: [2, 0]
	Self jianhui@outlook.com jianhuiz: [1, 0]
	Google goltermann@google.com goltermann: [3, 4]
devel-doc 255 2
	Google dbsmith@google.com Daniel Smith: [252, 0]
	Red Hat ccoleman@redhat.com Clayton Coleman: [3, 2]
documentation 16 0
	Google dbsmith@google.com Daniel Smith: [16, 0]
build 16 0
	Google thockin@google.com Tim Hockin: [16, 0]
code 60 60
unknown 12765 1676
devel-doc 255 2
documentation 16 0
build 16 0
