Filter on "^vendor/|/vendor/"
open output file /Users/lukasz/dev/cncf/gitdm/repos/git-sync.csv

WARNING: duplicate email/empl for pekowski@gmail.com
WARNING: duplicate email/empl for thingee@gmail.com
WARNING: duplicate email/empl for t.trifonov@gmail.com
WARNING: duplicate email/empl for lyz@princessleia.com
WARNING: duplicate email/empl for robertc@robertcollins.net
WARNING: duplicate email/empl for clint@fewbar.com
WARNING: duplicate email/empl for andrew@linuxjedi.co.uk
WARNING: duplicate email/empl for duncan.thomas@gmail.com
WARNING: duplicate email/empl for kiall@managedit.ie
WARNING: duplicate email/empl for devananda.vdv@gmail.com
WARNING: duplicate email/empl for zaro0508@gmail.com
WARNING: duplicate email/empl for shrewsbury.dave@gmail.com
WARNING: duplicate email/empl for j3p0uk@hotmail.com
WARNING: duplicate email/empl for me@mark.atwood.name
WARNING: duplicate email/empl for slicknik@gmail.com
WARNING: duplicate email/empl for cmsj@tenshu.net
WARNING: duplicate email/empl for anteaya@anteaya.info
WARNING: duplicate email/empl for greg@greghaynes.net
WARNING: duplicate email/empl for matt@mattfarina.com
WARNING: duplicate email/empl for jp@jamezpolley.com
WARNING: duplicate email/empl for steven@wedontsleep.org
WARNING: duplicate email/empl for gleebix@gmail.com
WARNING: duplicate email/empl for code@gentlydownthe.net
WARNING: duplicate email/empl for morgan.fainberg@gmail.com
WARNING: duplicate email/empl for jeblair@hp.com
WARNING: duplicate email/empl for juliaashleykreger@gmail.com
WARNING: duplicate email/empl for stephane@alum.mit.edu
WARNING: duplicate email/empl for kragniz@gmail.com
WARNING: duplicate email/empl for wchrisjohnson@gmail.com
WARNING: duplicate email/empl for daisy.ycguo@gmail.com
WARNING: duplicate email/empl for mordred@inaugust.com
WARNING: duplicate email/empl for zxkuqyb@gmail.com
WARNING: duplicate email/empl for amigliaccio@internap.com
WARNING: duplicate email/empl for yorik.sar@gmail.com
WARNING: duplicate email/empl for e0ne@e0ne.info
WARNING: duplicate email/empl for gabriel@strikeawe.com
WARNING: duplicate email/empl for heckj@mac.com
WARNING: duplicate email/empl for ke.wu@ibeca.me
WARNING: duplicate email/empl for rushi.agr@gmail.com
WARNING: duplicate email/empl for salv.orlando@gmail.com
WARNING: duplicate email/empl for tushar.vitthal.patil@gmail.com
WARNING: duplicate email/empl for jmckenty@gmail.com
WARNING: duplicate email/empl for anne@openstack.org
WARNING: duplicate email/empl for breu@breu.org
WARNING: duplicate email/empl for cbehrens@codestud.com
WARNING: duplicate email/empl for clay.gerrard@gmail.com
WARNING: duplicate email/empl for corywright@gmail.com
WARNING: duplicate email/empl for cp16net@gmail.com
WARNING: duplicate email/empl for cthier@gmail.com
WARNING: duplicate email/empl for darren.birkett@gmail.com
WARNING: duplicate email/empl for dolph.mathews@gmail.com
WARNING: duplicate email/empl for ed@leafe.com
WARNING: duplicate email/empl for github@highbridgellc.com
WARNING: duplicate email/empl for greglange@gmail.com
WARNING: duplicate email/empl for hugh@wherenow.org
WARNING: duplicate email/empl for imsplitbit@gmail.com
WARNING: duplicate email/empl for jason@koelker.net
WARNING: duplicate email/empl for jcruz7@gmail.com
WARNING: duplicate email/empl for josh@jk0.org
WARNING: duplicate email/empl for mattt@defunct.ca
WARNING: duplicate email/empl for mbasnight@gmail.com
WARNING: duplicate email/empl for mike@weirdlooking.com
WARNING: duplicate email/empl for msherborne@gmail.com
WARNING: duplicate email/empl for naveedm9@gmail.com
WARNING: duplicate email/empl for paul@openstack.org
WARNING: duplicate email/empl for rnirmal@gmail.com
WARNING: duplicate email/empl for rconradharris@gmail.com
WARNING: duplicate email/empl for thierry@openstack.org
WARNING: duplicate email/empl for throughnothing@gmail.com
WARNING: duplicate email/empl for yoga80@yahoo.com
WARNING: duplicate email/empl for mark.washenberger@markwash.net
WARNING: duplicate email/empl for p@draigbrady.com
WARNING: duplicate email/empl for zaitcev@kotori.zaitcev.us
WARNING: duplicate email/empl for julie.pichon@gmail.com
WARNING: duplicate email/empl for ghe@debian.org
WARNING: duplicate email/empl for sorrison@gmail.com
unknown@hacker.net Unknown hacker
thockin@google.com Tim Hockin
	unknown [1205, 258]
	devel-doc [319, 30]
	code [557, 67]
	build [275, 81]
pieter@ptlc.nl Pieter Lange
	unknown [29, 7]
development@stp-ip.net Michael Grosser
	unknown [10, 9]
	devel-doc [1, 1]
	code [4, 4]
	build [4, 4]
vikramtheone1@gmail.com Vikram Tiwari
	unknown [1, 1]
	devel-doc [2, 2]
sjernigan@reverbnation.com Steve Jernigan
	unknown [6, 2]
yerken.tussupbekov@zalando.de ideahitme
	unknown [9, 1]
	code [0, 25]
	build [0, 4]
chenjg@harmonycloud.cn fate-grand-order
	unknown [1, 1]
aps.sids@gmail.com Aman
	unknown [5, 11]
service@futurequest.net TerraTech
	unknown [1, 1]
	build [2, 2]
mikedanese@gmail.com Mike Danese
unknown 1267 291
	thockin@google.com Tim Hockin: [1205, 258]
	pieter@ptlc.nl Pieter Lange: [29, 7]
	development@stp-ip.net Michael Grosser: [10, 9]
	vikramtheone1@gmail.com Vikram Tiwari: [1, 1]
	sjernigan@reverbnation.com Steve Jernigan: [6, 2]
	yerken.tussupbekov@zalando.de ideahitme: [9, 1]
	chenjg@harmonycloud.cn fate-grand-order: [1, 1]
	aps.sids@gmail.com Aman: [5, 11]
	service@futurequest.net TerraTech: [1, 1]
devel-doc 322 33
	thockin@google.com Tim Hockin: [319, 30]
	development@stp-ip.net Michael Grosser: [1, 1]
	vikramtheone1@gmail.com Vikram Tiwari: [2, 2]
code 561 96
	thockin@google.com Tim Hockin: [557, 67]
	development@stp-ip.net Michael Grosser: [4, 4]
	yerken.tussupbekov@zalando.de ideahitme: [0, 25]
build 281 91
	thockin@google.com Tim Hockin: [275, 81]
	development@stp-ip.net Michael Grosser: [4, 4]
	yerken.tussupbekov@zalando.de ideahitme: [0, 4]
	service@futurequest.net TerraTech: [2, 2]
unknown 1267 291
devel-doc 322 33
code 561 96
build 281 91
