Filter on "^vendor/|/vendor/"
open output file /Users/lukasz/dev/cncf/gitdm/repos/graph.csv

unknown@hacker.net Unknown hacker
jackgr@users.noreply.github.com Jack Greenfield
jackgr@google.com jackgr
	unknown [14374, 346]
	image [21, 2]
	code [5915, 4725]
	devel-doc [20, 1]
	documentation [594, 409]
xinzh@google.com Xin Zhang
	unknown [50, 3]
	image [3, 2]
	code [370, 63]
	documentation [184, 57]
preilly@php.net Patrick
	unknown [36, 4]
	devel-doc [1, 0]
	code [57, 57]
duftler@google.com duftler
	unknown [105, 27]
	image [11, 0]
	code [6463, 4141]
	documentation [3, 3]
zaw@google.com Zak Wise
	unknown [314, 14048]
	code [539, 914]
	documentation [42, 42]
bcbroussard@users.noreply.github.com BC Broussard
	unknown [5, 5]
	documentation [1, 1]
unknown 14884 14433
	jackgr@google.com jackgr: [14374, 346]
	xinzh@google.com Xin Zhang: [50, 3]
	preilly@php.net Patrick: [36, 4]
	duftler@google.com duftler: [105, 27]
	zaw@google.com Zak Wise: [314, 14048]
	bcbroussard@users.noreply.github.com BC Broussard: [5, 5]
image 35 4
	jackgr@google.com jackgr: [21, 2]
	xinzh@google.com Xin Zhang: [3, 2]
	duftler@google.com duftler: [11, 0]
code 13344 9900
	jackgr@google.com jackgr: [5915, 4725]
	xinzh@google.com Xin Zhang: [370, 63]
	preilly@php.net Patrick: [57, 57]
	duftler@google.com duftler: [6463, 4141]
	zaw@google.com Zak Wise: [539, 914]
devel-doc 21 1
	jackgr@google.com jackgr: [20, 1]
	preilly@php.net Patrick: [1, 0]
documentation 824 512
	jackgr@google.com jackgr: [594, 409]
	xinzh@google.com Xin Zhang: [184, 57]
	duftler@google.com duftler: [3, 3]
	zaw@google.com Zak Wise: [42, 42]
	bcbroussard@users.noreply.github.com BC Broussard: [1, 1]
unknown 14884 14433
image 35 4
code 13344 9900
devel-doc 21 1
documentation 824 512
