Filter on "^vendor/|/vendor/"
open output file /Users/lukasz/dev/cncf/gitdm/repos/ingress.csv

unknown@hacker.net Unknown hacker
aledbf@gmail.com Manuel Alejandro de Brito Fontes
	devel-doc [4635, 6741]
	code [322, 672]
	package [0, 0]
	unknown [105685, 413788]
	image [0, 0]
	documentation [1061, 2777]
	build [332, 496]
jcmoraisjr@gmail.com Joao Morais
	unknown [361, 179]
	devel-doc [829, 156]
nicksardo@users.noreply.github.com Nick Sardo
	unknown [1661, 692]
	devel-doc [31, 13]
	build [1, 1]
andrey.arapov@nixaid.com Andrey Arapov
	unknown [6, 1]
	devel-doc [7, 1]
olve@vimond.com Olve Sæther Hansen
	documentation [3, 0]
jan@iosphere.de Jan Weitz
	unknown [34, 0]
	devel-doc [31, 0]
my@famer.me 明扬
	devel-doc [1, 1]
arjan.schaaf@luminis.eu Arjan Schaaf
	unknown [9, 14]
	devel-doc [9, 5]
	documentation [0, 3]
ft@le-fay.org Liss Tarnell
	unknown [78, 5]
lars.solberg+github@gmail.com Lars Solberg
	devel-doc [1, 1]
arve.knudsen@gmail.com Arve Knudsen
	devel-doc [2, 2]
ohaiwalt@gmail.com Matthew Walter
	unknown [1, 1]
julian.modesto@liveramp.com Julian V. Modesto
	unknown [5, 2]
chen.tao3@zte.com.cn chentao1596
	unknown [2701, 121]
	devel-doc [293, 4]
	build [1, 1]
stevenk1@stanford.edu Steve Kallestad
	unknown [106, 0]
	devel-doc [143, 0]
mkumatag@in.ibm.com Manjunath A Kumatagi
	unknown [4, 1]
	devel-doc [3, 1]
	code [51, 22]
	build [183, 20]
sandor.szuecs@zalando.de Sandor Szücs
	unknown [1, 0]
me@ckeyer.net Chuanjian Wang
	unknown [3, 1]
v@gor.io Vlad Gorodetsky
	unknown [10, 0]
	documentation [3, 1]
wangdk@inspur.com Damon Wang
	devel-doc [1, 1]
zouyee1989@gmail.com zouyee
	unknown [134, 1]
	devel-doc [87, 24]
cai.yixiang@zte.com.cn caiyixiang
	unknown [213, 21]
	devel-doc [244, 6]
	documentation [1, 1]
olvesh@gmail.com Olve S. Hansen
	devel-doc [1, 1]
cheungpat@oursky.com Kwok-kuen Cheung
	documentation [2, 0]
payam.hekmat@gmail.com Payam Hekmat
	documentation [1, 1]
dcech@grafana.com Dan Cech
	unknown [2, 2]
	code [3, 3]
tobilarscheid@gmail.com tobilarscheid
	devel-doc [5, 1]
david.pratt@gmail.com David Pratt
	unknown [26, 1]
	documentation [3, 3]
donald@tulip.co Donald Guy
	unknown [8, 6]
matjaz.pancur@gmail.com Matjaz Pancur
	documentation [1, 1]
jxpearce@godaddy.com Jeff Pearce
	unknown [22, 0]
	documentation [8, 5]
luitvd@gmail.com Luit van Drongelen
	unknown [1, 2]
thakkaryash94@gmail.com Yash Thakkar
	devel-doc [1, 1]
eduardobaitello@gmail.com Eduardo Baitello
	unknown [1, 1]
brandon@ifup.org Brandon Philips
	unknown [14, 12]
wmorgan@users.noreply.github.com William Morgan
	unknown [1, 0]
fengyun.pan@easystack.cn FengyunPan
	unknown [2, 9]
justin@fathomdb.com Justin Santa Barbara
	unknown [82, 13]
	documentation [4, 5]
thockin@google.com Tim Hockin
	unknown [143, 8]
	devel-doc [201, 0]
kint.jonas@gmail.com Jonas Kint
	documentation [1, 0]
lihan.li@hotmail.com Lihan Li
	unknown [7, 7]
martin.stiborsky@gmail.com Martin Stiborsky
	documentation [1, 1]
gyliu513@gmail.com Guangya Liu
	devel-doc [1, 1]
gianrubio@gmail.com Giancarlo Rubio
	unknown [1101, 233]
	devel-doc [443, 0]
	code [1, 1]
	image [0, 0]
	documentation [25, 36]
andreas.kohn@gmail.com Andreas Kohn
	unknown [18, 18]
jgrafton@google.com Jeff Grafton
	build [7, 7]
porridge@google.com Marcin Owsiany
	unknown [50, 17]
	devel-doc [1, 1]
	build [4, 4]
ash_github@firemirror.com Ash Berlin
	unknown [94, 7]
electroma@gmail.com rsafronov
	unknown [380, 9]
	devel-doc [138, 0]
	documentation [3, 0]
	build [24, 1]
canhnt@gmail.com Canh Ngo
	documentation [18, 10]
mr.maatoug@gmail.com mrmm
	unknown [1, 1]
tsupertramp90@gmail.com Thomas Peitz
	unknown [1, 1]
msachs@google.com Matthew Sachs
	unknown [11, 11]
	devel-doc [2, 2]
qsj.daniel@gmail.com shijunqian
	unknown [7, 1]
	documentation [10, 4]
danny.kulchinsky@telefonica.com Danny Kulchinsky
	unknown [6, 0]
ricardo.katz@gmail.com Ricardo Pchevuzinske Katz
	unknown [944, 322]
	devel-doc [282, 58]
	documentation [44, 18]
levin.kirill@gmail.com Kirill Levin
	documentation [5, 5]
rikatz@users.noreply.github.com Ricardo Katz
	devel-doc [2, 2]
leecalcote@gmail.com Lee Calcote
	devel-doc [2, 2]
ian.quick@gmail.com Ian Quick
	unknown [2, 2]
jiangjun1990@gmail.com ohmystack
	unknown [31, 18]
cole.mickens@gmail.com Cole Mickens
	unknown [74, 21]
	devel-doc [46, 1]
	documentation [8, 0]
	build [30, 2]
tony.li@nytimes.com Tony Li
	unknown [111, 23]
	build [4, 4]
glertxundi@gmail.com Gorka Lerchundi Osa
	unknown [192, 18]
	devel-doc [79, 0]
stclair@google.com Tim St. Clair
	unknown [7, 21]
	devel-doc [3, 3]
	build [1, 1]
craig@malachiarts.com craigmonson
	devel-doc [1, 1]
victor@unegbu.com Victor Unegbu
	unknown [1, 0]
itamarost@gmail.com Itamar Ostricher
	unknown [1, 1]
dev@jakobjarosch.de Jakob Jarosch
	unknown [6, 3]
li.xialong@zte.com.cn Peter Lee
	devel-doc [1, 1]
pwillie@users.noreply.github.com Peter Wilson
	unknown [48, 10]
	documentation [24, 24]
aaron@roydhouse.com Aaron Roydhouse
	documentation [1, 0]
csbell@google.com Christian Bell
	unknown [258, 133]
pszczesniak@google.com Piotr Szczesniak
	unknown [2, 0]
jo@umask.net Jo Geraerts
	devel-doc [1, 1]
chenjg@harmonycloud.cn fate-grand-order
	unknown [3, 3]
at28997146@163.com Tang Le
	unknown [42, 33]
beeps@google.com Prashanth B
	devel-doc [16131, 5503]
	code [3686, 2570]
	package [0, 0]
	unknown [1091855, 167796]
	documentation [6857, 454]
	build [661, 79]
kraig.amador@ticketmaster.com Kraig Amador
	unknown [9, 0]
andrew.stuart2@gmail.com Andrew Stuart
	unknown [12, 2]
arnd.hannemann@credativ.de Arnd Hannemann
	devel-doc [1, 1]
joshrosso@gmail.com joshrosso
	unknown [1, 1]
leszek@charkiewicz.net Leszek Charkiewicz
	unknown [1, 1]
justin.ryan@nytimes.com Justin Ryan
	devel-doc [1, 1]
pedrosland@gmail.com Peter Sutherland
	unknown [160, 143]
m.cola@tlrg.com.au Mark Cola
	documentation [1, 1]
lucas@weave.works Lucas Käldström
	unknown [141, 19]
	devel-doc [53, 19]
euan.kemp@coreos.com Euan Kemp
	documentation [4, 4]
lichen.hangzhou@gmail.com Chen Li
	unknown [1, 1]
mrick@google.com Matt Rickard
	unknown [6, 0]
	documentation [1, 0]
da.colonel@gmail.com Denis Andrejew
	devel-doc [1, 1]
kay.diam@gmail.com kayrus
	unknown [34, 34]
	documentation [2, 2]
jwhitlock@apache.org Jeremy Whitlock
	documentation [7, 0]
git@gg7.io George G
	devel-doc [1, 1]
beeradb@gmail.com Brad Bowman
	unknown [1, 1]
shane@node.mu Vy-Shane Xie
	unknown [9, 0]
	documentation [1, 0]
liumengxinfly@gmail.com oilbeater
	devel-doc [8, 8]
jchaloup@redhat.com Jan Chaloupka
	unknown [61, 61]
	code [1, 1]
pdoreau@gmail.com Pierrick
	devel-doc [25, 8]
mml@google.com Matt Liggett
	unknown [0, 9]
ramanathana@google.com Anirudh
	unknown [5, 3]
sivabalan.manivannan@gmail.com Siva Manivannan
	devel-doc [1, 1]
alex@bengler.no Alexander Staubo
	documentation [1, 0]
fcvarela@gmail.com Filipe Varela
	unknown [17, 6]
luke@mallon.io Luke Mallon
	devel-doc [6, 5]
simon@swine.de Christian Simon
	unknown [680, 326]
	devel-doc [70, 7]
	documentation [6, 4]
coryfklein@gmail.com Cory Klein
	unknown [6, 6]
robertspencersmith@gmail.com Spencer Smith
	unknown [10, 10]
	build [1, 1]
andrew@ajohnstone.com Andrew Johnstone
	unknown [1, 1]
github@cutterslade.ca Wesley Hartford
	unknown [1, 1]
joonathan@gmail.com Joonathan Mägi
	devel-doc [1, 1]
devel-doc 23826 12588
	aledbf@gmail.com Manuel Alejandro de Brito Fontes: [4635, 6741]
	jcmoraisjr@gmail.com Joao Morais: [829, 156]
	nicksardo@users.noreply.github.com Nick Sardo: [31, 13]
	andrey.arapov@nixaid.com Andrey Arapov: [7, 1]
	jan@iosphere.de Jan Weitz: [31, 0]
	my@famer.me 明扬: [1, 1]
	arjan.schaaf@luminis.eu Arjan Schaaf: [9, 5]
	lars.solberg+github@gmail.com Lars Solberg: [1, 1]
	arve.knudsen@gmail.com Arve Knudsen: [2, 2]
	chen.tao3@zte.com.cn chentao1596: [293, 4]
	stevenk1@stanford.edu Steve Kallestad: [143, 0]
	mkumatag@in.ibm.com Manjunath A Kumatagi: [3, 1]
	wangdk@inspur.com Damon Wang: [1, 1]
	zouyee1989@gmail.com zouyee: [87, 24]
	cai.yixiang@zte.com.cn caiyixiang: [244, 6]
	olvesh@gmail.com Olve S. Hansen: [1, 1]
	tobilarscheid@gmail.com tobilarscheid: [5, 1]
	thakkaryash94@gmail.com Yash Thakkar: [1, 1]
	thockin@google.com Tim Hockin: [201, 0]
	gyliu513@gmail.com Guangya Liu: [1, 1]
	gianrubio@gmail.com Giancarlo Rubio: [443, 0]
	porridge@google.com Marcin Owsiany: [1, 1]
	electroma@gmail.com rsafronov: [138, 0]
	msachs@google.com Matthew Sachs: [2, 2]
	ricardo.katz@gmail.com Ricardo Pchevuzinske Katz: [282, 58]
	rikatz@users.noreply.github.com Ricardo Katz: [2, 2]
	leecalcote@gmail.com Lee Calcote: [2, 2]
	cole.mickens@gmail.com Cole Mickens: [46, 1]
	glertxundi@gmail.com Gorka Lerchundi Osa: [79, 0]
	stclair@google.com Tim St. Clair: [3, 3]
	craig@malachiarts.com craigmonson: [1, 1]
	li.xialong@zte.com.cn Peter Lee: [1, 1]
	jo@umask.net Jo Geraerts: [1, 1]
	beeps@google.com Prashanth B: [16131, 5503]
	arnd.hannemann@credativ.de Arnd Hannemann: [1, 1]
	justin.ryan@nytimes.com Justin Ryan: [1, 1]
	lucas@weave.works Lucas Käldström: [53, 19]
	da.colonel@gmail.com Denis Andrejew: [1, 1]
	git@gg7.io George G: [1, 1]
	liumengxinfly@gmail.com oilbeater: [8, 8]
	pdoreau@gmail.com Pierrick: [25, 8]
	sivabalan.manivannan@gmail.com Siva Manivannan: [1, 1]
	luke@mallon.io Luke Mallon: [6, 5]
	simon@swine.de Christian Simon: [70, 7]
	joonathan@gmail.com Joonathan Mägi: [1, 1]
code 4064 3269
	aledbf@gmail.com Manuel Alejandro de Brito Fontes: [322, 672]
	mkumatag@in.ibm.com Manjunath A Kumatagi: [51, 22]
	dcech@grafana.com Dan Cech: [3, 3]
	gianrubio@gmail.com Giancarlo Rubio: [1, 1]
	beeps@google.com Prashanth B: [3686, 2570]
	jchaloup@redhat.com Jan Chaloupka: [1, 1]
package 0 0
	aledbf@gmail.com Manuel Alejandro de Brito Fontes: [0, 0]
	beeps@google.com Prashanth B: [0, 0]
unknown 1207723 584215
	aledbf@gmail.com Manuel Alejandro de Brito Fontes: [105685, 413788]
	jcmoraisjr@gmail.com Joao Morais: [361, 179]
	nicksardo@users.noreply.github.com Nick Sardo: [1661, 692]
	andrey.arapov@nixaid.com Andrey Arapov: [6, 1]
	jan@iosphere.de Jan Weitz: [34, 0]
	arjan.schaaf@luminis.eu Arjan Schaaf: [9, 14]
	ft@le-fay.org Liss Tarnell: [78, 5]
	ohaiwalt@gmail.com Matthew Walter: [1, 1]
	julian.modesto@liveramp.com Julian V. Modesto: [5, 2]
	chen.tao3@zte.com.cn chentao1596: [2701, 121]
	stevenk1@stanford.edu Steve Kallestad: [106, 0]
	mkumatag@in.ibm.com Manjunath A Kumatagi: [4, 1]
	sandor.szuecs@zalando.de Sandor Szücs: [1, 0]
	me@ckeyer.net Chuanjian Wang: [3, 1]
	v@gor.io Vlad Gorodetsky: [10, 0]
	zouyee1989@gmail.com zouyee: [134, 1]
	cai.yixiang@zte.com.cn caiyixiang: [213, 21]
	dcech@grafana.com Dan Cech: [2, 2]
	david.pratt@gmail.com David Pratt: [26, 1]
	donald@tulip.co Donald Guy: [8, 6]
	jxpearce@godaddy.com Jeff Pearce: [22, 0]
	luitvd@gmail.com Luit van Drongelen: [1, 2]
	eduardobaitello@gmail.com Eduardo Baitello: [1, 1]
	brandon@ifup.org Brandon Philips: [14, 12]
	wmorgan@users.noreply.github.com William Morgan: [1, 0]
	fengyun.pan@easystack.cn FengyunPan: [2, 9]
	justin@fathomdb.com Justin Santa Barbara: [82, 13]
	thockin@google.com Tim Hockin: [143, 8]
	lihan.li@hotmail.com Lihan Li: [7, 7]
	gianrubio@gmail.com Giancarlo Rubio: [1101, 233]
	andreas.kohn@gmail.com Andreas Kohn: [18, 18]
	porridge@google.com Marcin Owsiany: [50, 17]
	ash_github@firemirror.com Ash Berlin: [94, 7]
	electroma@gmail.com rsafronov: [380, 9]
	mr.maatoug@gmail.com mrmm: [1, 1]
	tsupertramp90@gmail.com Thomas Peitz: [1, 1]
	msachs@google.com Matthew Sachs: [11, 11]
	qsj.daniel@gmail.com shijunqian: [7, 1]
	danny.kulchinsky@telefonica.com Danny Kulchinsky: [6, 0]
	ricardo.katz@gmail.com Ricardo Pchevuzinske Katz: [944, 322]
	ian.quick@gmail.com Ian Quick: [2, 2]
	jiangjun1990@gmail.com ohmystack: [31, 18]
	cole.mickens@gmail.com Cole Mickens: [74, 21]
	tony.li@nytimes.com Tony Li: [111, 23]
	glertxundi@gmail.com Gorka Lerchundi Osa: [192, 18]
	stclair@google.com Tim St. Clair: [7, 21]
	victor@unegbu.com Victor Unegbu: [1, 0]
	itamarost@gmail.com Itamar Ostricher: [1, 1]
	dev@jakobjarosch.de Jakob Jarosch: [6, 3]
	pwillie@users.noreply.github.com Peter Wilson: [48, 10]
	csbell@google.com Christian Bell: [258, 133]
	pszczesniak@google.com Piotr Szczesniak: [2, 0]
	chenjg@harmonycloud.cn fate-grand-order: [3, 3]
	at28997146@163.com Tang Le: [42, 33]
	beeps@google.com Prashanth B: [1091855, 167796]
	kraig.amador@ticketmaster.com Kraig Amador: [9, 0]
	andrew.stuart2@gmail.com Andrew Stuart: [12, 2]
	joshrosso@gmail.com joshrosso: [1, 1]
	leszek@charkiewicz.net Leszek Charkiewicz: [1, 1]
	pedrosland@gmail.com Peter Sutherland: [160, 143]
	lucas@weave.works Lucas Käldström: [141, 19]
	lichen.hangzhou@gmail.com Chen Li: [1, 1]
	mrick@google.com Matt Rickard: [6, 0]
	kay.diam@gmail.com kayrus: [34, 34]
	beeradb@gmail.com Brad Bowman: [1, 1]
	shane@node.mu Vy-Shane Xie: [9, 0]
	jchaloup@redhat.com Jan Chaloupka: [61, 61]
	mml@google.com Matt Liggett: [0, 9]
	ramanathana@google.com Anirudh: [5, 3]
	fcvarela@gmail.com Filipe Varela: [17, 6]
	simon@swine.de Christian Simon: [680, 326]
	coryfklein@gmail.com Cory Klein: [6, 6]
	robertspencersmith@gmail.com Spencer Smith: [10, 10]
	andrew@ajohnstone.com Andrew Johnstone: [1, 1]
	github@cutterslade.ca Wesley Hartford: [1, 1]
image 0 0
	aledbf@gmail.com Manuel Alejandro de Brito Fontes: [0, 0]
	gianrubio@gmail.com Giancarlo Rubio: [0, 0]
documentation 8107 3360
	aledbf@gmail.com Manuel Alejandro de Brito Fontes: [1061, 2777]
	olve@vimond.com Olve Sæther Hansen: [3, 0]
	arjan.schaaf@luminis.eu Arjan Schaaf: [0, 3]
	v@gor.io Vlad Gorodetsky: [3, 1]
	cai.yixiang@zte.com.cn caiyixiang: [1, 1]
	cheungpat@oursky.com Kwok-kuen Cheung: [2, 0]
	payam.hekmat@gmail.com Payam Hekmat: [1, 1]
	david.pratt@gmail.com David Pratt: [3, 3]
	matjaz.pancur@gmail.com Matjaz Pancur: [1, 1]
	jxpearce@godaddy.com Jeff Pearce: [8, 5]
	justin@fathomdb.com Justin Santa Barbara: [4, 5]
	kint.jonas@gmail.com Jonas Kint: [1, 0]
	martin.stiborsky@gmail.com Martin Stiborsky: [1, 1]
	gianrubio@gmail.com Giancarlo Rubio: [25, 36]
	electroma@gmail.com rsafronov: [3, 0]
	canhnt@gmail.com Canh Ngo: [18, 10]
	qsj.daniel@gmail.com shijunqian: [10, 4]
	ricardo.katz@gmail.com Ricardo Pchevuzinske Katz: [44, 18]
	levin.kirill@gmail.com Kirill Levin: [5, 5]
	cole.mickens@gmail.com Cole Mickens: [8, 0]
	pwillie@users.noreply.github.com Peter Wilson: [24, 24]
	aaron@roydhouse.com Aaron Roydhouse: [1, 0]
	beeps@google.com Prashanth B: [6857, 454]
	m.cola@tlrg.com.au Mark Cola: [1, 1]
	euan.kemp@coreos.com Euan Kemp: [4, 4]
	mrick@google.com Matt Rickard: [1, 0]
	kay.diam@gmail.com kayrus: [2, 2]
	jwhitlock@apache.org Jeremy Whitlock: [7, 0]
	shane@node.mu Vy-Shane Xie: [1, 0]
	alex@bengler.no Alexander Staubo: [1, 0]
	simon@swine.de Christian Simon: [6, 4]
build 1249 617
	aledbf@gmail.com Manuel Alejandro de Brito Fontes: [332, 496]
	nicksardo@users.noreply.github.com Nick Sardo: [1, 1]
	chen.tao3@zte.com.cn chentao1596: [1, 1]
	mkumatag@in.ibm.com Manjunath A Kumatagi: [183, 20]
	jgrafton@google.com Jeff Grafton: [7, 7]
	porridge@google.com Marcin Owsiany: [4, 4]
	electroma@gmail.com rsafronov: [24, 1]
	cole.mickens@gmail.com Cole Mickens: [30, 2]
	tony.li@nytimes.com Tony Li: [4, 4]
	stclair@google.com Tim St. Clair: [1, 1]
	beeps@google.com Prashanth B: [661, 79]
	robertspencersmith@gmail.com Spencer Smith: [1, 1]
devel-doc 23826 12588
code 4064 3269
package 0 0
unknown 1207723 584215
image 0 0
documentation 8107 3360
build 1249 617
