Filter on "\/vendor\/"
open output file /Users/lukasz/dev/cncf/gitdm/repos/jumpserver.csv

unknown@hacker.net Unknown hacker
zhiyuan.cai@gmail.com Max Cai
	code [12, 0]
	unknown [53, 7]
	devel-doc [85, 5]
	documentation [7, 0]
	build [28, 6]
code 12 0
	zhiyuan.cai@gmail.com Max Cai: [12, 0]
unknown 53 7
	zhiyuan.cai@gmail.com Max Cai: [53, 7]
devel-doc 85 5
	zhiyuan.cai@gmail.com Max Cai: [85, 5]
documentation 7 0
	zhiyuan.cai@gmail.com Max Cai: [7, 0]
build 28 6
	zhiyuan.cai@gmail.com Max Cai: [28, 6]
code 12 0
unknown 53 7
devel-doc 85 5
documentation 7 0
build 28 6
