Filter on "^vendor/|/vendor/"
open output file /Users/lukasz/dev/cncf/gitdm/repos/k8s.io.csv

WARNING: duplicate email/empl for pekowski@gmail.com
WARNING: duplicate email/empl for thingee@gmail.com
WARNING: duplicate email/empl for t.trifonov@gmail.com
WARNING: duplicate email/empl for lyz@princessleia.com
WARNING: duplicate email/empl for robertc@robertcollins.net
WARNING: duplicate email/empl for clint@fewbar.com
WARNING: duplicate email/empl for andrew@linuxjedi.co.uk
WARNING: duplicate email/empl for duncan.thomas@gmail.com
WARNING: duplicate email/empl for kiall@managedit.ie
WARNING: duplicate email/empl for devananda.vdv@gmail.com
WARNING: duplicate email/empl for zaro0508@gmail.com
WARNING: duplicate email/empl for shrewsbury.dave@gmail.com
WARNING: duplicate email/empl for j3p0uk@hotmail.com
WARNING: duplicate email/empl for me@mark.atwood.name
WARNING: duplicate email/empl for slicknik@gmail.com
WARNING: duplicate email/empl for cmsj@tenshu.net
WARNING: duplicate email/empl for anteaya@anteaya.info
WARNING: duplicate email/empl for greg@greghaynes.net
WARNING: duplicate email/empl for matt@mattfarina.com
WARNING: duplicate email/empl for jp@jamezpolley.com
WARNING: duplicate email/empl for steven@wedontsleep.org
WARNING: duplicate email/empl for gleebix@gmail.com
WARNING: duplicate email/empl for code@gentlydownthe.net
WARNING: duplicate email/empl for morgan.fainberg@gmail.com
WARNING: duplicate email/empl for jeblair@hp.com
WARNING: duplicate email/empl for juliaashleykreger@gmail.com
WARNING: duplicate email/empl for stephane@alum.mit.edu
WARNING: duplicate email/empl for kragniz@gmail.com
WARNING: duplicate email/empl for wchrisjohnson@gmail.com
WARNING: duplicate email/empl for daisy.ycguo@gmail.com
WARNING: duplicate email/empl for mordred@inaugust.com
WARNING: duplicate email/empl for zxkuqyb@gmail.com
WARNING: duplicate email/empl for amigliaccio@internap.com
WARNING: duplicate email/empl for yorik.sar@gmail.com
WARNING: duplicate email/empl for e0ne@e0ne.info
WARNING: duplicate email/empl for gabriel@strikeawe.com
WARNING: duplicate email/empl for heckj@mac.com
WARNING: duplicate email/empl for ke.wu@ibeca.me
WARNING: duplicate email/empl for rushi.agr@gmail.com
WARNING: duplicate email/empl for salv.orlando@gmail.com
WARNING: duplicate email/empl for tushar.vitthal.patil@gmail.com
WARNING: duplicate email/empl for jmckenty@gmail.com
WARNING: duplicate email/empl for anne@openstack.org
WARNING: duplicate email/empl for breu@breu.org
WARNING: duplicate email/empl for cbehrens@codestud.com
WARNING: duplicate email/empl for clay.gerrard@gmail.com
WARNING: duplicate email/empl for corywright@gmail.com
WARNING: duplicate email/empl for cp16net@gmail.com
WARNING: duplicate email/empl for cthier@gmail.com
WARNING: duplicate email/empl for darren.birkett@gmail.com
WARNING: duplicate email/empl for dolph.mathews@gmail.com
WARNING: duplicate email/empl for ed@leafe.com
WARNING: duplicate email/empl for github@highbridgellc.com
WARNING: duplicate email/empl for greglange@gmail.com
WARNING: duplicate email/empl for hugh@wherenow.org
WARNING: duplicate email/empl for imsplitbit@gmail.com
WARNING: duplicate email/empl for jason@koelker.net
WARNING: duplicate email/empl for jcruz7@gmail.com
WARNING: duplicate email/empl for josh@jk0.org
WARNING: duplicate email/empl for mattt@defunct.ca
WARNING: duplicate email/empl for mbasnight@gmail.com
WARNING: duplicate email/empl for mike@weirdlooking.com
WARNING: duplicate email/empl for msherborne@gmail.com
WARNING: duplicate email/empl for naveedm9@gmail.com
WARNING: duplicate email/empl for paul@openstack.org
WARNING: duplicate email/empl for rnirmal@gmail.com
WARNING: duplicate email/empl for rconradharris@gmail.com
WARNING: duplicate email/empl for thierry@openstack.org
WARNING: duplicate email/empl for throughnothing@gmail.com
WARNING: duplicate email/empl for yoga80@yahoo.com
WARNING: duplicate email/empl for mark.washenberger@markwash.net
WARNING: duplicate email/empl for p@draigbrady.com
WARNING: duplicate email/empl for zaitcev@kotori.zaitcev.us
WARNING: duplicate email/empl for julie.pichon@gmail.com
WARNING: duplicate email/empl for ghe@debian.org
WARNING: duplicate email/empl for sorrison@gmail.com
unknown@hacker.net Unknown hacker
thockin@google.com Tim Hockin
	unknown [554, 48]
	devel-doc [599, 0]
	code [153, 79]
	build [1, 1]
mwielgus@google.com Marcin Wielgus
	unknown [5, 0]
jgrafton@google.com Jeff Grafton
	unknown [129, 241]
	devel-doc [10, 0]
	code [96, 62]
	build [5, 0]
fejta@google.com Erick Fejta
	unknown [3, 1]
	code [6, 0]
sross@redhat.com Solly Ross
	unknown [5, 0]
deads@redhat.com deads2k
	unknown [20, 0]
euank@euank.com Euan Kemp
	unknown [6, 0]
dbsmith@google.com Daniel Smith
	unknown [5, 0]
rmmh@google.com Ryan Hitchman
	unknown [506, 2]
	devel-doc [28, 7]
	code [232, 3]
	build [27, 6]
spxtr@google.com Joe Finney
	unknown [5, 0]
techtonik@gmail.com anatoly techtonik
	devel-doc [44, 10]
joe.github@bedafamily.com Joe Beda
	unknown [9, 0]
	code [8, 0]
mikedanese@google.com Mike Danese
	unknown [8, 1]
	code [11, 4]
xuchao@google.com Chao Xu
	unknown [5, 0]
unknown 1260 293
	thockin@google.com Tim Hockin: [554, 48]
	mwielgus@google.com Marcin Wielgus: [5, 0]
	jgrafton@google.com Jeff Grafton: [129, 241]
	fejta@google.com Erick Fejta: [3, 1]
	sross@redhat.com Solly Ross: [5, 0]
	deads@redhat.com deads2k: [20, 0]
	euank@euank.com Euan Kemp: [6, 0]
	dbsmith@google.com Daniel Smith: [5, 0]
	rmmh@google.com Ryan Hitchman: [506, 2]
	spxtr@google.com Joe Finney: [5, 0]
	joe.github@bedafamily.com Joe Beda: [9, 0]
	mikedanese@google.com Mike Danese: [8, 1]
	xuchao@google.com Chao Xu: [5, 0]
devel-doc 681 17
	thockin@google.com Tim Hockin: [599, 0]
	jgrafton@google.com Jeff Grafton: [10, 0]
	rmmh@google.com Ryan Hitchman: [28, 7]
	techtonik@gmail.com anatoly techtonik: [44, 10]
code 506 148
	thockin@google.com Tim Hockin: [153, 79]
	jgrafton@google.com Jeff Grafton: [96, 62]
	fejta@google.com Erick Fejta: [6, 0]
	rmmh@google.com Ryan Hitchman: [232, 3]
	joe.github@bedafamily.com Joe Beda: [8, 0]
	mikedanese@google.com Mike Danese: [11, 4]
build 33 7
	thockin@google.com Tim Hockin: [1, 1]
	jgrafton@google.com Jeff Grafton: [5, 0]
	rmmh@google.com Ryan Hitchman: [27, 6]
unknown 1260 293
devel-doc 681 17
code 506 148
build 33 7
