Filter on "^vendor/|/vendor/"
open output file /Users/lukasz/dev/cncf/gitdm/repos/kompose.csv

(Unknown) unknown@hacker.net Unknown hacker
Red Hat tomas.kral@gmail.com Tomas Kral
	unknown [6131, 4327]
	devel-doc [27, 35]
	code [88, 152]
	build [104, 40]
Linux abhishek@linux.com Abhishek
	unknown [4306, 1510]
	devel-doc [10, 10]
	code [86, 52]
	build [0, 0]
Red Hat surajd.service@gmail.com Suraj Deshmukh
	unknown [7031, 3797]
	devel-doc [91, 26]
	code [321, 56]
	build [26, 0]
Red Hat charlie@charliedrage.com Charlie Drage
	unknown [5401, 1500]
	devel-doc [617, 170]
	code [543, 114]
	build [31, 7]
Red Hat surajnarwade353@gmail.com Suraj Narwade
	unknown [1067, 621]
	devel-doc [11, 0]
	code [80, 17]
(Unknown) lawrleegle@gmail.com gitlawr
	unknown [223, 43]
Red Hat ashetty@redhat.com Anush Shetty
	unknown [26, 2]
	code [598, 10]
	build [7, 1]
EMC abhishek.becs@gmail.com Abhishek Chanda
	unknown [5, 1]
Apache ng.tuna@gmail.com Tuna
	unknown [10825, 5505]
	devel-doc [548, 289]
	code [61, 17]
	build [27, 4]
	image [0, 0]
Net EASE 网易有态度 nk_ysg@163.com mi
	unknown [5, 5]
(Unknown) jjqquu@gmail.com qujinping
	unknown [40, 10]
Linux shubham@linux.com Shubham Minglani
	unknown [3268, 447]
	code [80, 0]
Bitnami runseb@gmail.com sebgoa
	unknown [977, 206]
	devel-doc [501, 179]
	code [76, 4]
Red Hat rtnpro@gmail.com Ratnadeep Debnath
	unknown [1179, 583]
	code [1, 1]
CABNetworks cab@cabnetworks.net Chris Baumbauer
	unknown [542, 2]
	code [11, 0]
(Unknown) cab@skippbox.com Christopher A. Baumbauer
	unknown [34, 1]
Google chiachenk@google.com Janet Kuo
	unknown [1152, 743]
	devel-doc [64, 65]
	build [2, 6]
Dusty Mabe dusty@dustymabe.com Dusty Mabe
	unknown [173, 113]
	devel-doc [3, 2]
Red Hat matthias.luebken@gmail.com Matthias Lübken
	devel-doc [1, 1]
unknown 42385 19416
	Red Hat tomas.kral@gmail.com Tomas Kral: [6131, 4327]
	Linux abhishek@linux.com Abhishek: [4306, 1510]
	Red Hat surajd.service@gmail.com Suraj Deshmukh: [7031, 3797]
	Red Hat charlie@charliedrage.com Charlie Drage: [5401, 1500]
	Red Hat surajnarwade353@gmail.com Suraj Narwade: [1067, 621]
	(Unknown) lawrleegle@gmail.com gitlawr: [223, 43]
	Red Hat ashetty@redhat.com Anush Shetty: [26, 2]
	EMC abhishek.becs@gmail.com Abhishek Chanda: [5, 1]
	Apache ng.tuna@gmail.com Tuna: [10825, 5505]
	Net EASE 网易有态度 nk_ysg@163.com mi: [5, 5]
	(Unknown) jjqquu@gmail.com qujinping: [40, 10]
	Linux shubham@linux.com Shubham Minglani: [3268, 447]
	Bitnami runseb@gmail.com sebgoa: [977, 206]
	Red Hat rtnpro@gmail.com Ratnadeep Debnath: [1179, 583]
	CABNetworks cab@cabnetworks.net Chris Baumbauer: [542, 2]
	(Unknown) cab@skippbox.com Christopher A. Baumbauer: [34, 1]
	Google chiachenk@google.com Janet Kuo: [1152, 743]
	Dusty Mabe dusty@dustymabe.com Dusty Mabe: [173, 113]
devel-doc 1873 777
	Red Hat tomas.kral@gmail.com Tomas Kral: [27, 35]
	Linux abhishek@linux.com Abhishek: [10, 10]
	Red Hat surajd.service@gmail.com Suraj Deshmukh: [91, 26]
	Red Hat charlie@charliedrage.com Charlie Drage: [617, 170]
	Red Hat surajnarwade353@gmail.com Suraj Narwade: [11, 0]
	Apache ng.tuna@gmail.com Tuna: [548, 289]
	Bitnami runseb@gmail.com sebgoa: [501, 179]
	Google chiachenk@google.com Janet Kuo: [64, 65]
	Dusty Mabe dusty@dustymabe.com Dusty Mabe: [3, 2]
	Red Hat matthias.luebken@gmail.com Matthias Lübken: [1, 1]
code 1945 423
	Red Hat tomas.kral@gmail.com Tomas Kral: [88, 152]
	Linux abhishek@linux.com Abhishek: [86, 52]
	Red Hat surajd.service@gmail.com Suraj Deshmukh: [321, 56]
	Red Hat charlie@charliedrage.com Charlie Drage: [543, 114]
	Red Hat surajnarwade353@gmail.com Suraj Narwade: [80, 17]
	Red Hat ashetty@redhat.com Anush Shetty: [598, 10]
	Apache ng.tuna@gmail.com Tuna: [61, 17]
	Linux shubham@linux.com Shubham Minglani: [80, 0]
	Bitnami runseb@gmail.com sebgoa: [76, 4]
	Red Hat rtnpro@gmail.com Ratnadeep Debnath: [1, 1]
	CABNetworks cab@cabnetworks.net Chris Baumbauer: [11, 0]
build 197 58
	Red Hat tomas.kral@gmail.com Tomas Kral: [104, 40]
	Linux abhishek@linux.com Abhishek: [0, 0]
	Red Hat surajd.service@gmail.com Suraj Deshmukh: [26, 0]
	Red Hat charlie@charliedrage.com Charlie Drage: [31, 7]
	Red Hat ashetty@redhat.com Anush Shetty: [7, 1]
	Apache ng.tuna@gmail.com Tuna: [27, 4]
	Google chiachenk@google.com Janet Kuo: [2, 6]
image 0 0
	Apache ng.tuna@gmail.com Tuna: [0, 0]
unknown 42385 19416
devel-doc 1873 777
code 1945 423
build 197 58
image 0 0
