Filter on "^vendor/|/vendor/"
open output file /Users/lukasz/dev/cncf/gitdm/repos/kube-aggregator.csv

WARNING: duplicate email/empl for pekowski@gmail.com
WARNING: duplicate email/empl for thingee@gmail.com
WARNING: duplicate email/empl for t.trifonov@gmail.com
WARNING: duplicate email/empl for lyz@princessleia.com
WARNING: duplicate email/empl for robertc@robertcollins.net
WARNING: duplicate email/empl for clint@fewbar.com
WARNING: duplicate email/empl for andrew@linuxjedi.co.uk
WARNING: duplicate email/empl for duncan.thomas@gmail.com
WARNING: duplicate email/empl for kiall@managedit.ie
WARNING: duplicate email/empl for devananda.vdv@gmail.com
WARNING: duplicate email/empl for zaro0508@gmail.com
WARNING: duplicate email/empl for shrewsbury.dave@gmail.com
WARNING: duplicate email/empl for j3p0uk@hotmail.com
WARNING: duplicate email/empl for me@mark.atwood.name
WARNING: duplicate email/empl for slicknik@gmail.com
WARNING: duplicate email/empl for cmsj@tenshu.net
WARNING: duplicate email/empl for anteaya@anteaya.info
WARNING: duplicate email/empl for greg@greghaynes.net
WARNING: duplicate email/empl for matt@mattfarina.com
WARNING: duplicate email/empl for jp@jamezpolley.com
WARNING: duplicate email/empl for steven@wedontsleep.org
WARNING: duplicate email/empl for gleebix@gmail.com
WARNING: duplicate email/empl for code@gentlydownthe.net
WARNING: duplicate email/empl for morgan.fainberg@gmail.com
WARNING: duplicate email/empl for jeblair@hp.com
WARNING: duplicate email/empl for juliaashleykreger@gmail.com
WARNING: duplicate email/empl for stephane@alum.mit.edu
WARNING: duplicate email/empl for kragniz@gmail.com
WARNING: duplicate email/empl for wchrisjohnson@gmail.com
WARNING: duplicate email/empl for daisy.ycguo@gmail.com
WARNING: duplicate email/empl for mordred@inaugust.com
WARNING: duplicate email/empl for zxkuqyb@gmail.com
WARNING: duplicate email/empl for amigliaccio@internap.com
WARNING: duplicate email/empl for yorik.sar@gmail.com
WARNING: duplicate email/empl for e0ne@e0ne.info
WARNING: duplicate email/empl for gabriel@strikeawe.com
WARNING: duplicate email/empl for heckj@mac.com
WARNING: duplicate email/empl for ke.wu@ibeca.me
WARNING: duplicate email/empl for rushi.agr@gmail.com
WARNING: duplicate email/empl for salv.orlando@gmail.com
WARNING: duplicate email/empl for tushar.vitthal.patil@gmail.com
WARNING: duplicate email/empl for jmckenty@gmail.com
WARNING: duplicate email/empl for anne@openstack.org
WARNING: duplicate email/empl for breu@breu.org
WARNING: duplicate email/empl for cbehrens@codestud.com
WARNING: duplicate email/empl for clay.gerrard@gmail.com
WARNING: duplicate email/empl for corywright@gmail.com
WARNING: duplicate email/empl for cp16net@gmail.com
WARNING: duplicate email/empl for cthier@gmail.com
WARNING: duplicate email/empl for darren.birkett@gmail.com
WARNING: duplicate email/empl for dolph.mathews@gmail.com
WARNING: duplicate email/empl for ed@leafe.com
WARNING: duplicate email/empl for github@highbridgellc.com
WARNING: duplicate email/empl for greglange@gmail.com
WARNING: duplicate email/empl for hugh@wherenow.org
WARNING: duplicate email/empl for imsplitbit@gmail.com
WARNING: duplicate email/empl for jason@koelker.net
WARNING: duplicate email/empl for jcruz7@gmail.com
WARNING: duplicate email/empl for josh@jk0.org
WARNING: duplicate email/empl for mattt@defunct.ca
WARNING: duplicate email/empl for mbasnight@gmail.com
WARNING: duplicate email/empl for mike@weirdlooking.com
WARNING: duplicate email/empl for msherborne@gmail.com
WARNING: duplicate email/empl for naveedm9@gmail.com
WARNING: duplicate email/empl for paul@openstack.org
WARNING: duplicate email/empl for rnirmal@gmail.com
WARNING: duplicate email/empl for rconradharris@gmail.com
WARNING: duplicate email/empl for thierry@openstack.org
WARNING: duplicate email/empl for throughnothing@gmail.com
WARNING: duplicate email/empl for yoga80@yahoo.com
WARNING: duplicate email/empl for mark.washenberger@markwash.net
WARNING: duplicate email/empl for p@draigbrady.com
WARNING: duplicate email/empl for zaitcev@kotori.zaitcev.us
WARNING: duplicate email/empl for julie.pichon@gmail.com
WARNING: duplicate email/empl for ghe@debian.org
WARNING: duplicate email/empl for sorrison@gmail.com
unknown@hacker.net Unknown hacker
ccoleman@redhat.com Clayton Coleman
	unknown [0, 4]
mehdy@google.com mbohlool
	unknown [501, 2863]
	devel-doc [20, 23]
	code [4, 4]
stefan.schimanski@gmail.com Dr. Stefan Schimanski
	unknown [291, 80]
	devel-doc [1, 0]
	code [0, 10]
admin@toph.ca Christoph Blecker
	unknown [14, 2]
deads@redhat.com deads2k
	unknown [13388, 817]
	devel-doc [341, 5]
	code [545, 42]
madaxa@cn.ibm.com Klaus Ma
	unknown [46, 0]
xuchao@google.com Chao Xu
	unknown [65, 1055]
	devel-doc [2, 7]
andy.goldstein@gmail.com Andy Goldstein
	unknown [52, 7]
	devel-doc [2, 0]
pwittroc@google.com Phillip Wittrock
	unknown [8, 0]
mikedanese@google.com Mike Danese
	devel-doc [870, 0]
qsj.daniel@gmail.com shijunqian
	unknown [3, 17]
mkhan@redhat.com Monis Khan
	unknown [3, 6]
1004815462@qq.com xu fei
	unknown [1, 1]
spzala@us.ibm.com Sahdev P. Zala
	unknown [10, 0]
timothysc@gmail.com Timothy St. Clair
	unknown [41, 37]
caosf.fnst@cn.fujitsu.com Cao Shufeng
	unknown [2, 1]
dcbw@redhat.com Dan Williams
	code [1, 1]
deads2k@users.noreply.github.com David Eads
m@moscar.net Mikkel Oscar Lyderik Larsen
	unknown [1, 1]
maszulik@redhat.com Maciej Szulik
	unknown [0, 41]
chenr.fnst@cn.fujitsu.com xilabao
	unknown [1, 1]
jliggitt@redhat.com Jordan Liggitt
	unknown [4, 4]
wojtekt@google.com Wojciech Tyczynski
	unknown [24, 24]
chiachenk@google.com Janet Kuo
	unknown [4, 4]
sjenning@redhat.com Seth Jennings
	unknown [4, 109]
eric.chiang.m@gmail.com Eric Chiang
	unknown [0, 2]
unknown 14463 5076
	ccoleman@redhat.com Clayton Coleman: [0, 4]
	mehdy@google.com mbohlool: [501, 2863]
	stefan.schimanski@gmail.com Dr. Stefan Schimanski: [291, 80]
	admin@toph.ca Christoph Blecker: [14, 2]
	deads@redhat.com deads2k: [13388, 817]
	madaxa@cn.ibm.com Klaus Ma: [46, 0]
	xuchao@google.com Chao Xu: [65, 1055]
	andy.goldstein@gmail.com Andy Goldstein: [52, 7]
	pwittroc@google.com Phillip Wittrock: [8, 0]
	qsj.daniel@gmail.com shijunqian: [3, 17]
	mkhan@redhat.com Monis Khan: [3, 6]
	1004815462@qq.com xu fei: [1, 1]
	spzala@us.ibm.com Sahdev P. Zala: [10, 0]
	timothysc@gmail.com Timothy St. Clair: [41, 37]
	caosf.fnst@cn.fujitsu.com Cao Shufeng: [2, 1]
	m@moscar.net Mikkel Oscar Lyderik Larsen: [1, 1]
	maszulik@redhat.com Maciej Szulik: [0, 41]
	chenr.fnst@cn.fujitsu.com xilabao: [1, 1]
	jliggitt@redhat.com Jordan Liggitt: [4, 4]
	wojtekt@google.com Wojciech Tyczynski: [24, 24]
	chiachenk@google.com Janet Kuo: [4, 4]
	sjenning@redhat.com Seth Jennings: [4, 109]
	eric.chiang.m@gmail.com Eric Chiang: [0, 2]
devel-doc 1236 35
	mehdy@google.com mbohlool: [20, 23]
	stefan.schimanski@gmail.com Dr. Stefan Schimanski: [1, 0]
	deads@redhat.com deads2k: [341, 5]
	xuchao@google.com Chao Xu: [2, 7]
	andy.goldstein@gmail.com Andy Goldstein: [2, 0]
	mikedanese@google.com Mike Danese: [870, 0]
code 550 57
	mehdy@google.com mbohlool: [4, 4]
	stefan.schimanski@gmail.com Dr. Stefan Schimanski: [0, 10]
	deads@redhat.com deads2k: [545, 42]
	dcbw@redhat.com Dan Williams: [1, 1]
unknown 14463 5076
devel-doc 1236 35
code 550 57
