Filter on "^vendor/|/vendor/"
open output file /Users/lukasz/dev/cncf/gitdm/repos/kube-aws.csv

unknown@hacker.net Unknown hacker
ykuoka@gmail.com KUOKA Yusuke
	code [30, 2]
	unknown [24405, 8150]
	devel-doc [1440, 273]
	documentation [1, 1]
	build [92, 17]
ivanov.maxim@gmail.com Maxim Ivanov
	unknown [2011, 1505]
	devel-doc [2, 2]
	build [1, 1]
camil@edka.io Camil Blanaru
	unknown [1245, 285]
	devel-doc [67, 2]
	code [112, 0]
	build [22, 1]
jeremydeininger@gmail.com Jeremy Deininger
	unknown [412, 185]
me@cheungpat.com Kwok-kuen Cheung
	unknown [12, 9]
daniel.tritone@gmail.com Daniel Martins
	unknown [2341, 462]
patrik@votocek.cz Patrik Votoček
	unknown [175, 10]
velo@users.noreply.github.com Marvin Froeder
	unknown [1, 1]
ioanowen@gmail.com tyrannasaurusbanks
	unknown [28, 19]
fabian.selles@schibsted.com Fabian Selles Rosa
	unknown [539, 164]
simon@wydooghe.com Simon Wydooghe
	unknown [1, 1]
jhollinshead@hotels.com Joseph Hollinshead
	unknown [516, 36]
	devel-doc [42, 2]
	code [166, 3]
daniel.martins@descomplica.com.br Daniel Fernandes Martins
	unknown [59, 16]
oliver@soell.net Oliver Soell
	unknown [55, 5]
james@jamesbrennan.ca James Brennan
	unknown [62, 1]
kevtaylor@expedia.com Kevin Taylor
	unknown [142, 17]
c-knowles@users.noreply.github.com Chris Knowles
	unknown [603, 152]
	devel-doc [4, 6]
jollinshead@users.noreply.github.com J. Hollinshead
	unknown [22, 38]
gianrubio@gmail.com Giancarlo Rubio
	unknown [492, 104]
	devel-doc [8, 3]
	build [1, 1]
jorge.arcoma@gmail.com Jorge Arco
	unknown [3, 3]
almog.baku@gmail.com AlmogBaku
	unknown [3, 3]
	devel-doc [2, 2]
	build [1, 1]
almogbaku@rimoto.com Almog Baku
	unknown [10, 10]
	devel-doc [2, 2]
	build [1, 1]
swestcott@gmail.com Simon Westcott
	unknown [55, 0]
	devel-doc [1, 1]
brandon@ifup.org Brandon Philips
	devel-doc [2, 17]
bfallik@gmail.com Brian Fallik
	unknown [5, 5]
msanterre@users.noreply.github.com Maxime Santerre
	unknown [1, 1]
andreas.kohn@gmail.com Andreas Kohn
	unknown [22, 20]
ole.skudsvik@gmail.com Ole Fredrik Skudsvik
	unknown [80, 11]
pwillie@users.noreply.github.com pwillie
	unknown [33, 10]
heschlie@gmail.com heschlie
	unknown [252, 149]
eli@iame.li Eli Mallon
	unknown [92, 9]
sasso@users.noreply.github.com Saso Matejina
	unknown [96, 90]
jordi.miguel@schibsted.com Jordi Miguel
	unknown [307, 372]
jm.carp@gmail.com Joshua Carp
	unknown [7, 6]
aaron@roydhouse.com Aaron Roydhouse
	unknown [18, 22]
artushin@gmail.com artushin
	unknown [13, 23]
miguel.gil.biraud@ieee.org Miguel Eduardo Gil Biraud
	unknown [1, 0]
helinwang@baidu.com Helin Wang
	unknown [3, 0]
	devel-doc [3, 0]
reiichiro.s.nakano@gmail.com Reiichiro Nakano
	unknown [3, 5]
jgmize@gmail.com Josh Mize
	unknown [17, 3]
neoclimber@gmail.com Jordi
icereval@gmail.com icereval
	unknown [862, 488]
andrejvanderzee@gmail.com Andrej van der Zee
	unknown [7, 3]
tarvi@salemove.com Tarvi Pillessaar
	unknown [24, 10]
dimitar@thoughtmachine.net dimitar
	unknown [2, 0]
everpeace@gmail.com Shingo Omura
	unknown [1, 1]
matt.fellows@onegeek.com.au Matt Fellows
	unknown [1, 0]
pieter@ptlc.nl Pieter Lange
	unknown [550, 63]
	devel-doc [4, 1]
joshrosso@gmail.com joshrosso
	unknown [3, 3]
nicroland9@gmail.com Nic Roland
	unknown [1, 1]
	devel-doc [4, 2]
colhom@gmail.com Colin Hom
	code [5, 327]
	unknown [18718, 17804]
	devel-doc [280, 1316]
	documentation [19, 35]
	build [4, 19]
qqshfox@gmail.com Hanfei Shen
	unknown [25, 8]
pb@coreos.com Patrick Baxter
	unknown [713, 555]
buenemann@louis.info Felix Bünemann
	unknown [31, 20]
harsha@earnest.com Harsha Yalamanchili
	unknown [1, 1]
aaronjlevy@gmail.com Aaron Levy
	unknown [220, 146]
	code [16, 14]
tom@tomdee.co.uk Tom Denham
	unknown [199, 2]
	devel-doc [2, 0]
bjorn@asana.com Bjorn Swift
	unknown [4, 2]
euank@euank.com Euan Kemp
	unknown [11, 11]
casey@tigera.io Casey Davenport
	unknown [8, 30]
curtis@curtis.io Curtis Gagliardi
	unknown [719, 218]
	devel-doc [18, 12]
jhansen@deis.com Jason Hansen
	unknown [10, 10]
dghubble@gmail.com Dalton Hubble
	unknown [1, 1]
oscar.morante@mirada.tv Oscar Morante
	unknown [32, 5]
github@putpixel.nl Jacco Flenter
	unknown [7, 7]
ltiao@users.noreply.github.com Louis Tiao
	devel-doc [1, 1]
derek.parker@coreos.com Derek Parker
	unknown [2, 2]
mahata777+github@gmail.com mahata
	devel-doc [1, 1]
stephan@turbinelabs.io Stephan Zuercher
	unknown [1, 1]
orkhan.mamedov@namely.com orkhanM
	unknown [40, 28]
joe.bowers@coreos.com Joe Bowers
	unknown [225, 168]
	devel-doc [2, 2]
	code [12, 0]
mail@bharr.is Ben Harris
	unknown [1, 0]
cgag@cgag-deb.libcore.so cgag
	unknown [7, 7]
brian@waldon.cc Brian Waldon
	unknown [77522, 21]
	devel-doc [1576, 1]
	code [309, 2]
	build [27, 0]
	documentation [2144, 0]
patrick.hemmer@gmail.com Patrick Hemmer
	unknown [25, 12]
	code [1, 0]
chance@coreos.com Chance Zibolski
	unknown [2, 2]
ankit.agarwal@wadi.com ankitforcode
	unknown [10, 0]
gmonroy@engineyard.com Gabriel Monroy
	devel-doc [1, 1]
silas@sewell.org Silas Sewell
	unknown [122, 38]
fearsome.lucidity@gmail.com Elias Levy
	unknown [1, 1]
rob@robszumski.com Rob Szumski
	unknown [1, 1]
code 651 348
	ykuoka@gmail.com KUOKA Yusuke: [30, 2]
	camil@edka.io Camil Blanaru: [112, 0]
	jhollinshead@hotels.com Joseph Hollinshead: [166, 3]
	colhom@gmail.com Colin Hom: [5, 327]
	aaronjlevy@gmail.com Aaron Levy: [16, 14]
	joe.bowers@coreos.com Joe Bowers: [12, 0]
	brian@waldon.cc Brian Waldon: [309, 2]
	patrick.hemmer@gmail.com Patrick Hemmer: [1, 0]
unknown 134251 31572
	ykuoka@gmail.com KUOKA Yusuke: [24405, 8150]
	ivanov.maxim@gmail.com Maxim Ivanov: [2011, 1505]
	camil@edka.io Camil Blanaru: [1245, 285]
	jeremydeininger@gmail.com Jeremy Deininger: [412, 185]
	me@cheungpat.com Kwok-kuen Cheung: [12, 9]
	daniel.tritone@gmail.com Daniel Martins: [2341, 462]
	patrik@votocek.cz Patrik Votoček: [175, 10]
	velo@users.noreply.github.com Marvin Froeder: [1, 1]
	ioanowen@gmail.com tyrannasaurusbanks: [28, 19]
	fabian.selles@schibsted.com Fabian Selles Rosa: [539, 164]
	simon@wydooghe.com Simon Wydooghe: [1, 1]
	jhollinshead@hotels.com Joseph Hollinshead: [516, 36]
	daniel.martins@descomplica.com.br Daniel Fernandes Martins: [59, 16]
	oliver@soell.net Oliver Soell: [55, 5]
	james@jamesbrennan.ca James Brennan: [62, 1]
	kevtaylor@expedia.com Kevin Taylor: [142, 17]
	c-knowles@users.noreply.github.com Chris Knowles: [603, 152]
	jollinshead@users.noreply.github.com J. Hollinshead: [22, 38]
	gianrubio@gmail.com Giancarlo Rubio: [492, 104]
	jorge.arcoma@gmail.com Jorge Arco: [3, 3]
	almog.baku@gmail.com AlmogBaku: [3, 3]
	almogbaku@rimoto.com Almog Baku: [10, 10]
	swestcott@gmail.com Simon Westcott: [55, 0]
	bfallik@gmail.com Brian Fallik: [5, 5]
	msanterre@users.noreply.github.com Maxime Santerre: [1, 1]
	andreas.kohn@gmail.com Andreas Kohn: [22, 20]
	ole.skudsvik@gmail.com Ole Fredrik Skudsvik: [80, 11]
	pwillie@users.noreply.github.com pwillie: [33, 10]
	heschlie@gmail.com heschlie: [252, 149]
	eli@iame.li Eli Mallon: [92, 9]
	sasso@users.noreply.github.com Saso Matejina: [96, 90]
	jordi.miguel@schibsted.com Jordi Miguel: [307, 372]
	jm.carp@gmail.com Joshua Carp: [7, 6]
	aaron@roydhouse.com Aaron Roydhouse: [18, 22]
	artushin@gmail.com artushin: [13, 23]
	miguel.gil.biraud@ieee.org Miguel Eduardo Gil Biraud: [1, 0]
	helinwang@baidu.com Helin Wang: [3, 0]
	reiichiro.s.nakano@gmail.com Reiichiro Nakano: [3, 5]
	jgmize@gmail.com Josh Mize: [17, 3]
	icereval@gmail.com icereval: [862, 488]
	andrejvanderzee@gmail.com Andrej van der Zee: [7, 3]
	tarvi@salemove.com Tarvi Pillessaar: [24, 10]
	dimitar@thoughtmachine.net dimitar: [2, 0]
	everpeace@gmail.com Shingo Omura: [1, 1]
	matt.fellows@onegeek.com.au Matt Fellows: [1, 0]
	pieter@ptlc.nl Pieter Lange: [550, 63]
	joshrosso@gmail.com joshrosso: [3, 3]
	nicroland9@gmail.com Nic Roland: [1, 1]
	colhom@gmail.com Colin Hom: [18718, 17804]
	qqshfox@gmail.com Hanfei Shen: [25, 8]
	pb@coreos.com Patrick Baxter: [713, 555]
	buenemann@louis.info Felix Bünemann: [31, 20]
	harsha@earnest.com Harsha Yalamanchili: [1, 1]
	aaronjlevy@gmail.com Aaron Levy: [220, 146]
	tom@tomdee.co.uk Tom Denham: [199, 2]
	bjorn@asana.com Bjorn Swift: [4, 2]
	euank@euank.com Euan Kemp: [11, 11]
	casey@tigera.io Casey Davenport: [8, 30]
	curtis@curtis.io Curtis Gagliardi: [719, 218]
	jhansen@deis.com Jason Hansen: [10, 10]
	dghubble@gmail.com Dalton Hubble: [1, 1]
	oscar.morante@mirada.tv Oscar Morante: [32, 5]
	github@putpixel.nl Jacco Flenter: [7, 7]
	derek.parker@coreos.com Derek Parker: [2, 2]
	stephan@turbinelabs.io Stephan Zuercher: [1, 1]
	orkhan.mamedov@namely.com orkhanM: [40, 28]
	joe.bowers@coreos.com Joe Bowers: [225, 168]
	mail@bharr.is Ben Harris: [1, 0]
	cgag@cgag-deb.libcore.so cgag: [7, 7]
	brian@waldon.cc Brian Waldon: [77522, 21]
	patrick.hemmer@gmail.com Patrick Hemmer: [25, 12]
	chance@coreos.com Chance Zibolski: [2, 2]
	ankit.agarwal@wadi.com ankitforcode: [10, 0]
	silas@sewell.org Silas Sewell: [122, 38]
	fearsome.lucidity@gmail.com Elias Levy: [1, 1]
	rob@robszumski.com Rob Szumski: [1, 1]
devel-doc 3462 1647
	ykuoka@gmail.com KUOKA Yusuke: [1440, 273]
	ivanov.maxim@gmail.com Maxim Ivanov: [2, 2]
	camil@edka.io Camil Blanaru: [67, 2]
	jhollinshead@hotels.com Joseph Hollinshead: [42, 2]
	c-knowles@users.noreply.github.com Chris Knowles: [4, 6]
	gianrubio@gmail.com Giancarlo Rubio: [8, 3]
	almog.baku@gmail.com AlmogBaku: [2, 2]
	almogbaku@rimoto.com Almog Baku: [2, 2]
	swestcott@gmail.com Simon Westcott: [1, 1]
	brandon@ifup.org Brandon Philips: [2, 17]
	helinwang@baidu.com Helin Wang: [3, 0]
	pieter@ptlc.nl Pieter Lange: [4, 1]
	nicroland9@gmail.com Nic Roland: [4, 2]
	colhom@gmail.com Colin Hom: [280, 1316]
	tom@tomdee.co.uk Tom Denham: [2, 0]
	curtis@curtis.io Curtis Gagliardi: [18, 12]
	ltiao@users.noreply.github.com Louis Tiao: [1, 1]
	mahata777+github@gmail.com mahata: [1, 1]
	joe.bowers@coreos.com Joe Bowers: [2, 2]
	brian@waldon.cc Brian Waldon: [1576, 1]
	gmonroy@engineyard.com Gabriel Monroy: [1, 1]
documentation 2164 36
	ykuoka@gmail.com KUOKA Yusuke: [1, 1]
	colhom@gmail.com Colin Hom: [19, 35]
	brian@waldon.cc Brian Waldon: [2144, 0]
build 149 41
	ykuoka@gmail.com KUOKA Yusuke: [92, 17]
	ivanov.maxim@gmail.com Maxim Ivanov: [1, 1]
	camil@edka.io Camil Blanaru: [22, 1]
	gianrubio@gmail.com Giancarlo Rubio: [1, 1]
	almog.baku@gmail.com AlmogBaku: [1, 1]
	almogbaku@rimoto.com Almog Baku: [1, 1]
	colhom@gmail.com Colin Hom: [4, 19]
	brian@waldon.cc Brian Waldon: [27, 0]
code 651 348
unknown 134251 31572
devel-doc 3462 1647
documentation 2164 36
build 149 41
