open output file /Users/lukasz/dev/cncf/gitdm/repos/kubernetes.github.io.csv

Skip big patch (1899339)
Skip big patch (1899339)
unknown@hacker.net Unknown hacker
paulbattaglia@google.com paulbattagliag
	unknown [98, 120]
	build [11, 50]
clairelundeby@gmail.com Claire Lundeby
	unknown [32, 35]
wshaffer74@mac.com Wendy Shaffer
	unknown [49, 69]
mcginnisrr@gmail.com Ryan McGinnis
	unknown [152, 168]
chenopis@users.noreply.github.com Andrew Chen
	code [254, 123]
	unknown [5899, 5498]
	devel-doc [173, 7]
	documentation [8379, 307]
	build [97, 13]
ryan.coates@gmail.com Pheo
	unknown [36, 14]
gwhitt@pacbell.net geraldinewhitt
	unknown [41, 16]
isa-bel@users.noreply.github.com isa-bel
	unknown [31, 4]
j.putrino@f5.com Jodie Putrino
	unknown [110, 420]
steveperry-53@users.noreply.github.com Steve Perry
	code [4, 0]
	unknown [22807, 21852]
	devel-doc [56, 5]
	documentation [433, 113]
	build [469, 63]
cbatra@salesforce.com cbatra
	unknown [5, 5]
beacham@google.com Jacob Beacham
	unknown [8, 6]
gyliu513@gmail.com Guangya Liu
	unknown [85, 42]
joshuaswaney@users.noreply.github.com Joshua Swaney
	unknown [1, 1]
zhang.ming5@zte.com.cn zhangmingld
	unknown [2, 2]
danw@redhat.com Dan Winship
	unknown [69, 56]
kasper@firemango.dk Kasper Bentsen
	build [1, 0]
sam@vilain.net Sam Vilain
	devel-doc [1, 1]
mvasilenko@gmail.com Mikhail Vasilenko
	devel-doc [1, 1]
jupp0r@gmail.com Jupp Müller
	unknown [3, 3]
mike@mikebryant.me.uk Mike Bryant
	unknown [1, 1]
chenr.fnst@cn.fujitsu.com Charlie R.C
	unknown [47, 12]
nicdex@users.noreply.github.com Nicolas Dextraze
	unknown [2, 2]
jesse.haka@alumni.aalto.fi Jesse Haka
	unknown [3, 3]
mkargaki@redhat.com Michail Kargakis
	unknown [556, 255]
haowang@redhat.com Haoran Wang
	unknown [34, 0]
iamexile@gmail.com Eugene Pirogov
	unknown [1, 1]
agarwalrohit@google.com Rohit Agarwal
	unknown [1, 1]
vmik@google.com Mik Vyatskov
	unknown [1236, 394]
	image [0, 0]
	devel-doc [0, 12]
	build [0, 40]
yu.peng36@zte.com.cn yupengzte
	unknown [451, 451]
	devel-doc [15, 15]
	documentation [2953, 2953]
techtonik@gmail.com anatoly techtonik
	unknown [10, 10]
olvesh@gmail.com Olve S. Hansen
	unknown [15, 0]
ltupin@users.noreply.github.com Tupin Laurent
	unknown [18, 13]
kelly.a.campbell@gmail.com Kelly Campbell
	unknown [1, 1]
zhang.wanmin@zte.com.cn William Chang
	unknown [4, 4]
zhang.xiaoyu33@zte.com.cn Xiaoyu Zhang
	unknown [290, 295]
	documentation [5, 5]
	build [15, 15]
marcel@messagebird.com Marcel Corso
	unknown [2, 2]
wujun8@hotmail.com wujun8
	unknown [4, 0]
vinit.mahedia@gmail.com Vinit Mahedia
	unknown [9, 12]
drebes@gmail.com Roberto Jung Drebes
	unknown [2, 2]
jiangzhao_l@hotmail.com Jiangzhao Lv
	unknown [1, 1]
artmr@lsd.ufcg.edu.br Arthur Miranda
	unknown [23, 23]
aprindle@google.com Aaron Prindle
	unknown [4, 8]
ahmetalpbalkan@gmail.com Ahmet Alp Balkan
	code [61, 59]
	unknown [101, 108]
	devel-doc [4, 38]
	documentation [17, 3]
marco@ceppi.net Marco Ceppi
	unknown [43, 12]
	devel-doc [3, 3]
foxish@users.noreply.github.com Anirudh Ramanathan
	unknown [625, 59]
	build [15, 0]
olalonde@gmail.com Oli Lalonde
	unknown [0, 66]
	documentation [1, 1]
mail@saschagrunert.de Sascha Grunert
	unknown [1, 1]
hkang.sunysb@gmail.com huikang
	unknown [1, 1]
everett.toews@rackspace.com Everett Toews
	unknown [5, 14]
jmyue@hotmail.com supereagle
	documentation [2, 2]
jiang.lingxia@zte.com.cn jianglingxia
	unknown [24, 24]
heschlie@gmail.com Stephen Schlie
	unknown [1, 1]
juntee@google.com Jun Xiang Tee
	unknown [52, 4]
j@coreos.com Josh Wood
	unknown [355, 300]
xujun@cmss.chinamobile.com Jun Xu
	unknown [1, 1]
zhao.xiangpeng@zte.com.cn xiangpengzhao
	unknown [7, 21]
	documentation [403, 405]
craig.box@gmail.com craigbox
	unknown [36, 35]
	devel-doc [395, 201]
	documentation [1, 1]
li.guangxu@zte.com.cn guangxuli
	unknown [2, 2]
eric.chiang.m@gmail.com Eric Chiang
	unknown [635, 65]
clenimar.filemon@gmail.com Clenimar Filemon
	unknown [9, 9]
hoatlevan@gmail.com Hoat Le
	unknown [2, 1]
foxylion@users.noreply.github.com Jakob Jarosch
	unknown [4, 1]
marklam@google.com mlambert890b
	image [0, 0]
	code [238, 6]
willdon@nerdondon.com nerdondon
	unknown [356, 220]
chen.huan@zte.com.cn chenhuan12
	unknown [218, 203]
	build [2, 2]
rob.scott87@gmail.com Rob Scott
	unknown [22, 0]
	build [54, 19]
darren.mutz@appfolio.com Darren Mutz
	documentation [2, 2]
ctodea@users.noreply.github.com Cristian Todea
	unknown [1, 1]
brendan.d.burns@gmail.com Brendan Burns
	unknown [27, 1]
joe.github@bedafamily.com Joe Beda
	unknown [1338, 652]
res@qoxp.net Richard E. Silverman
	unknown [1, 1]
damien.leflon@gmail.com Damien Leflon
	unknown [2, 2]
charlie@charliedrage.com Charlie Drage
	unknown [478, 104]
	documentation [3, 3]
didrocks@ubuntu.com Didier Roche
	unknown [1, 1]
li.xialong@zte.com.cn Peter Lee
	unknown [54, 54]
pu.junqi@zte.com.cn Drinky Pool
	unknown [5, 25]
marc@slintes.net Marc Sluiter
	unknown [3, 1]
shry.harsh@gmail.com Harsh Choudhary
	unknown [3, 2]
spzala@us.ibm.com Sahdev P. Zala
	unknown [19, 15]
	devel-doc [1, 1]
artem.vysotsky@gmail.com Artem Vysotsky
	unknown [3, 3]
mikedanese@google.com Mike Danese
	unknown [220, 1]
	documentation [1, 0]
pauljuliusmartinez@gmail.com PaulJuliusMartinez
	unknown [217, 217]
	code [85, 0]
	build [2, 2]
tan.shanshan@zte.com.cn tanshanshan
	unknown [20, 16]
bjboreham@gmail.com Bryan Boreham
	unknown [40, 19]
haoyuan.ge@caicloud.io haoyuan
	unknown [23, 2]
bdontu@vmware.com Balu Dontu
	unknown [52, 1]
shashidhara.td@huawei.com shashidharatd
	unknown [137, 0]
maugusto@ciandt.com Marcelo Costa
	unknown [1, 1]
hou.jun2@zte.com.cn houjun
	unknown [6, 4]
ianeta.hutchinson@intel.com ihutchin
	unknown [381, 362]
chiachenk@google.com Janet Kuo
	code [95, 27]
	unknown [6695, 5920]
	devel-doc [10, 13]
	documentation [77816, 6228]
andrew@sig.gy Andrew Seigner
	unknown [1, 1]
ramd@hpe.com Ramkumar Devanathan
	unknown [1, 1]
jbcrail@gmail.com Joseph Crail
	unknown [1, 1]
andrewjamesmorgan@gmail.com Andrew Morgan
	unknown [1, 1]
btopol@us.ibm.com bradtopol
	unknown [1, 1]
david@gageot.net David Gageot
	unknown [5, 5]
caosf.fnst@cn.fujitsu.com Cao Shufeng
	unknown [31, 28]
	build [1, 0]
peter@styk.tv Peter Styk
	unknown [4, 0]
divyenp@vmware.com divyenpatel
	unknown [31, 9]
craig.bilner@gmail.com Craig Bilner
	unknown [3, 0]
warmchang@outlook.com Wiiliam Chang
	unknown [5, 3]
justin@balduncle.com Justin Johnson
	unknown [1, 1]
brandon@ifup.org Brandon Philips
	unknown [303, 101]
surajnarwade353@gmail.com Suraj Narwade
	unknown [63, 0]
gytisgreitai@users.noreply.github.com Gytis
	unknown [1, 1]
mkorejo@gmail.com Murad Korejo
	image [242, 401]
	documentation [93, 120]
slava.semushin@gmail.com Vyacheslav Semushin
	unknown [53, 34]
email.ahmedkamal@googlemail.com Ahmed Kamal
	unknown [1, 1]
jaredbhatti@users.noreply.github.com Jared
	unknown [225, 157]
	image [0, 0]
	documentation [7, 4]
vladimir@rutsky.org Vladimir Rutsky
	unknown [14, 11]
pwittroc@google.com Phillip Wittrock
	devel-doc [19754, 0]
	code [368834, 1694]
	unknown [249338, 126476]
	image [19482, 0]
	documentation [357288, 19175]
	ui [426, 0]
	build [336, 0]
sureshv@yahoo-inc.com suresh
	unknown [1, 1]
cynerva@gmail.com Cynerva
	unknown [27, 21]
michael.fraenkel@gmail.com Michael Fraenkel
	unknown [219, 290]
vsemushi@redhat.com Slava Semushin
	unknown [45, 23]
jliggitt@redhat.com Jordan Liggitt
	unknown [1628, 825]
	devel-doc [4, 4]
	code [1, 1]
	build [36, 14]
mehdy@google.com mbohlool
	unknown [28, 5]
casey@tigera.io Casey Davenport
	unknown [387, 1637]
	image [0, 0]
	code [8, 1]
luxas@users.noreply.github.com Lucas Käldström
	unknown [461, 836]
	code [0, 474]
	build [0, 136]
	documentation [0, 1]
rob.holland@gmail.com Rob Holland
	unknown [2, 2]
vishh@users.noreply.github.com Vish Kannan
	unknown [137, 0]
vishnuk@google.com Vishnu kannan
	unknown [249, 480]
patelgunjan5@gmail.com Gunjan Patel
	unknown [2, 2]
justin@fathomdb.com Justin Santa Barbara
	unknown [708, 285]
	devel-doc [4, 1]
stevepe@google.com steveperry-53
	devel-doc [33, 330]
	code [9, 0]
	unknown [4969, 3000]
	image [11780, 0]
	documentation [23759, 652]
	build [690, 11]
tgraf@suug.ch Thomas Graf
	unknown [1, 0]
g.o.crawford@gmail.com George Crawford
	unknown [2, 1]
yogendrarampuria@gmail.com Yogendra Rampuria - Yogi
	documentation [1, 1]
brunovern.a@gmail.com Bruno Vernay
	unknown [2, 2]
github@fgribreau.com Francois-Guillaume Ribreau
	unknown [1, 1]
aditya@portworx.com Aditya Dani
	unknown [69, 0]
stlwrt@gmail.com Pavel Shevchuk
	build [3, 3]
stefan.schimanski@gmail.com Dr. Stefan Schimanski
	unknown [125, 1]
simon@rueggs.ch Simon Rüegg
	unknown [1, 1]
kowens0826@gmail.com Kenneth Owens
	unknown [4395, 1046]
elijah.caine@coreos.com Elijah C. Voigt
	unknown [380, 260]
ddonnelly@google.com devin-donnelly
	unknown [822, 616]
	devel-doc [14, 55]
	documentation [43, 18]
maszulik@redhat.com Maciej Szulik
	unknown [533, 383]
	devel-doc [0, 4]
	documentation [20603, 3279]
acidburn@google.com Jess Frazelle
	code [67, 0]
	unknown [593, 79]
	documentation [531, 550]
keith.bartholomew@rackspace.com Keith Bartholomew
	unknown [2, 2]
josh@curl.me Josh Curl
	unknown [1, 1]
aniket.contrail@gmail.com aniket-contrail
	unknown [4, 0]
vladimir.vivien@gmail.com Vladimir Vivien
	unknown [74, 1]
rohan@sah.ai Rohan Sahai
	documentation [1, 1]
mml@users.noreply.github.com Matt Liggett
	unknown [311, 2]
errordeveloper@gmail.com Ilya Dmitrichenko
	unknown [267, 408]
	code [0, 518]
dvorakviolinist@gmail.com Jonathan MacMillan
	unknown [28, 0]
mike@kollegienet.dk Mike Rostermund
	unknown [1, 1]
10110918@zte.com.cn ztewyk
	unknown [9, 8]
mengqiy@google.com Mengqi Yu
	unknown [557, 6123]
	code [29, 6]
	documentation [2654, 97338]
lvjiangzhao@jd.com lvjiangzhao
	unknown [1, 0]
estidham@gmail.com Erik Stidham
	unknown [1, 1]
robin.kurz@student.reutlingen-university.de blackbird29
	build [1, 1]
diwu1989@users.noreply.github.com Di Wu
	unknown [1, 1]
richard@aggress.net Richard Shaw
	unknown [3, 3]
leecalcote@gmail.com Lee Calcote
	unknown [8, 10]
stevenerenst@gmail.com Steven Erenst
	unknown [2, 2]
dhodovsk@redhat.com Dominika Hodovska
	unknown [76, 80]
	documentation [2, 2]
	build [12, 13]
nickleefly@gmail.com Xiuyu Li
	unknown [5, 5]
	image [0, 0]
boukevanderbijl@gmail.com Bouke van der Bijl
	unknown [1, 1]
xm@faascape.com faascape
	unknown [1, 1]
joewang@berkeley.edu Joe Wang
	unknown [1, 1]
gurvindersinghdahiya@gmail.com Gurvinder Singh
	unknown [4, 3]
simon@wydooghe.com Simon Wydooghe
	unknown [1, 1]
jsafrane@redhat.com Jan Safranek
	unknown [311, 45]
madhusudancs@google.com Madhusudan.C.S
	unknown [1496, 293]
csbell@google.com Christian Bell
	unknown [2, 40]
nikhiljindal@google.com nikhiljindal
	unknown [4425, 2327]
	devel-doc [27, 8]
	code [38, 23]
	documentation [92617, 4541]
sross@redhat.com Solly Ross
	unknown [213, 60]
decarr@redhat.com Derek Carr
	unknown [1531, 497]
	code [31, 0]
hekumar@redhat.com Hemant Kumar
	unknown [53, 11]
davidopp@google.com David Oppenheimer
	unknown [680, 106]
wenlxie@ebay.com wenlxie
	unknown [1, 1]
shiywang@users.noreply.github.com Shiyang Wang
	unknown [4, 2]
xuchao@google.com Chao Xu
	unknown [174, 71]
sid@rancher.com sidharthamani
	unknown [58, 0]
jakob.karalus@gmx.net Jakob Karalus
	unknown [9, 0]
mawong@redhat.com Matthew Wong
	unknown [586, 351]
thockin@google.com Tim Hockin
	unknown [311, 118]
wojtekt@google.com Wojciech Tyczynski
	unknown [4, 1]
timothysc@gmail.com Timothy St. Clair
	unknown [36, 3]
peay@protonmail.com peay
	unknown [7, 1]
oshalygin@gmail.com Oleg Shalygin
	unknown [2, 4]
stclair@google.com Tim St. Clair
	unknown [424, 2]
	image [0, 0]
xinzhang1228@gmail.com Xin Zhang
	unknown [0, 0]
markronquillo23@gmail.com Mark Joseph Ronquillo
	unknown [1, 1]
wangzefeng@huawei.com Kevin
	unknown [57, 75]
chen.tao3@zte.com.cn chentao1596
	unknown [9, 12]
carre.marc@gmail.com Marc CARRE
	unknown [1, 1]
justin.r.nauman+github@gmail.com Justin Nauman
	unknown [26, 13]
phanindra.nitw@gmail.com Phanindra Pydisetty
	unknown [1, 1]
csutherland@gmail.com Craig Sutherland
	documentation [1, 1]
jorge@ubuntu.com Jorge O. Castro
	unknown [1558, 373]
	devel-doc [85, 104]
	image [0, 0]
klaus1982.cn@gmail.com Klaus Ma
	unknown [31, 39]
eduardobaitello@gmail.com Eduardo Baitello
	unknown [3, 3]
jpeeler@redhat.com Jeff Peeler
	unknown [81, 3]
liu.hao89@zte.com.cn foxyriver
	unknown [3, 3]
schmch@gmail.com Chris Schmich
	unknown [1, 1]
github@rpaisley.com Rob Paisley
	documentation [1, 1]
ouyang.qinhua@zte.com.cn Bruce Auyeung
	unknown [183, 176]
	documentation [26, 26]
huzhifeng@douyu.tv huzhifeng
	unknown [73, 16]
jregan@google.com Jeffrey Regan
	unknown [3, 1]
hvn@familug.org Hung Nguyen Viet
	unknown [7, 7]
hvnsweeting@gmail.com Viet Hung Nguyen
	unknown [5, 4]
kos.tsakalozos@canonical.com Konstantinos Tsakalozos
	unknown [20, 20]
	devel-doc [2, 2]
mkumatag@in.ibm.com Manjunath A Kumatagi
	unknown [2, 2]
rob.szumski@coreos.com Rob Szumski
	unknown [1, 0]
wangjie5@chinaskycloud.com Wang Jie
	unknown [121, 113]
philippt@users.noreply.github.com Philipp T
	unknown [3, 3]
ejc3@yahoo-inc.com EJ
	build [1, 1]
sgordon@redhat.com Stephen Gordon
	unknown [3, 3]
pdecat@gmail.com Patrick Decat
	unknown [2, 2]
jeffmendoza@google.com Jeff Mendoza
	code [1, 20]
	unknown [1201, 570]
	devel-doc [49, 3]
	documentation [12, 5]
	build [11, 0]
tailnode@gmail.com tailnode
	documentation [12, 12]
rparikh@platform9.net roopakparikh
	unknown [8, 1]
andres.via@gmail.com Andres Villarroel
	unknown [4, 6]
kad@linux.intel.com Alexander Kanevskiy
	unknown [15, 8]
rmaugusto@gmail.com Ricardo M. Augusto
	unknown [4, 4]
ben@mathews2000.com Ben Mathews
	unknown [0, 2]
olegs@jeremejevs.com Olegs Jeremejevs
	unknown [2, 2]
xuxinkun@gmail.com xuxinkun
	unknown [6, 0]
harryz@hyper.sh Harry Zhang
	unknown [46, 8]
guillaume@monzo.com Guillaume Breton
	unknown [4, 4]
greatbsky@163.com architect.bian
	unknown [2, 2]
shapeliang@gmail.com liangxiaoping
	unknown [4, 4]
ramanathana@google.com foxish
	unknown [1816, 449]
deng.xilian@zte.com.cn sallydeng
	unknown [22, 14]
michael.mrowetz@cdnetworks.co.kr Michael Mrowetz
	unknown [27, 17]
hostirosti@users.noreply.github.com Robert Kubis
	unknown [4, 0]
mistobaan@users.noreply.github.com Fabrizio Milo
	unknown [4, 4]
pierre@ozoux.net Pierre Ozoux
	unknown [2, 2]
joseph.zhoutao@huawei.com Zhou Tao
	unknown [2, 2]
james@jagregory.com James Gregory
	unknown [9, 9]
albertvaka@gmail.com Albert Vaca
	unknown [2, 2]
	documentation [2, 2]
erikbean08@gmail.com Erik Bean
	unknown [2, 2]
jjohnston@istreamplanet.com Jesse Johnston
	unknown [2, 2]
admin@toph.ca Christoph Blecker
	unknown [8, 8]
cai.yixiang@zte.com.cn caiyixiang
	unknown [17, 17]
andreas.kohn@gmail.com Andreas Kohn
	unknown [5, 5]
samnap+github@gmail.com samiam
	unknown [8, 4]
hello@jasonjlock.com Jason Lock
	unknown [8, 4]
jeremy.wimsingues@insa-lyon.fr Jérémy Wimsingues
	unknown [4, 4]
ben.moss.uk+githubpassionforpie@gmail.com PassionForPie
	documentation [2, 2]
jasmine@jhegman.com Jasmine Hegman
	unknown [2, 2]
cwitte@xmlhq.com cwitte4191
	unknown [22, 2]
robert.roland@hpe.com Robert Roland
	unknown [2, 0]
rhim@users.noreply.github.com Himanshu Raj
	unknown [2, 0]
jamesduncannz@users.noreply.github.com James Duncan
	unknown [2, 2]
eamontaaffe@gmail.com Eamon Taaffe
	unknown [2, 2]
ghe@debian.org Ghe Rivero
	unknown [6, 0]
sublimino@gmail.com Andrew Martin
	unknown [2, 2]
ben.spoon@coreos.com Ben Spoon
	unknown [2, 0]
vupornikov@gmail.com Vasily Upornikov
	unknown [2, 2]
xcompass@gmail.com Pan Luo
	unknown [6, 6]
david.calavera@gmail.com David Calavera
	unknown [148, 16]
	code [122, 0]
	build [19, 1]
sritesh@vmware.com Ritesh H Shukla
	unknown [127, 23]
deads@redhat.com deads2k
	unknown [144, 4]
sarah.novotny@gmail.com sarahnovotny
wma@thoughtworks.com Wei Ma
	unknown [2, 2]
cole.mickens@gmail.com Cole Mickens
	unknown [242, 817]
	image [0, 0]
aneesh.e@imaginea.com Aneesh Kumar
	documentation [0, 1]
shawn.mccarthy3@gmail.com Shawn McCarthy
	unknown [1, 1]
hekra@cisco.com hekra01
	unknown [1, 1]
henry.nash@uk.ibm.com Henry Nash
	unknown [2, 2]
sean@coreitpro.com Sean M. Collins
	unknown [1, 2]
marc.boorshtein@tremolosecurity.com Marc Boorshtein
	unknown [116, 39]
	image [1, 0]
viglesias@google.com Vic Iglesias
	unknown [1, 1]
eugene.chow.ct@gmail.com Eugene Chow
	unknown [2, 2]
alex2789@gmail.com Alexander
	unknown [1, 1]
samuel.cozannet@canonical.com Samuel Cozannet
	unknown [350, 52]
matt.singletary@gmail.com Matt Singletary
	unknown [1, 1]
snocorp@gmail.com Dave Sewell
	unknown [1, 1]
red@treesandclouds.net Richard Edwards
	unknown [1, 1]
github@tolleiv.de tolleiv
	unknown [21, 6]
jan.kubernetes@zerebecki.de Jan Zerebecki
	unknown [1, 1]
mturansk@redhat.com markturansky
	unknown [118, 4]
blake.barnett@postmates.com blakebarnett
	unknown [1, 1]
dbsmith@google.com Daniel Smith
	unknown [1, 12]
therc@users.noreply.github.com Rudi C
	unknown [81, 6]
stevenlasker@hotmail.com Steve Lasker
	unknown [1, 1]
xiaobo.liao@gmail.com leonliao
	unknown [13, 2]
mishak@mishak.net Michal Gebauer
	unknown [1, 1]
sandeepveldi@users.noreply.github.com sandeepveldi
	unknown [3, 0]
s0rc3r3r01@users.noreply.github.com s0rc3r3r01
	unknown [1, 1]
absoludity@gmail.com Michael Nelson
	unknown [10, 0]
bibryam@gmail.com Bilgin Ibryam
	unknown [16, 16]
bogdando@mail.ru Bogdan Dobrelya
	unknown [108, 2]
emailscottcollier@gmail.com Scott Collier
	unknown [2, 2]
hmalphettes@gmail.com Hugues Malphettes
	unknown [1, 1]
cemalettin.koc@gmail.com Cemalettin Koc
	unknown [1, 2]
luksvs@gmail.com luks
	unknown [3, 5]
yonathan@liftigniter.com Yonathan Randolph
	unknown [29, 29]
hchen@redhat.com Huamin Chen
	unknown [34, 7]
enisoc@google.com Anthony Yeh
	unknown [2568, 609]
euan-am@users.noreply.github.com euan-am
	unknown [1, 1]
omer.zach@gmail.com Omer Zach
	unknown [1, 1]
ensonic@hora-obscura.de Stefan Sauer
	unknown [2, 2]
bgrant0607@users.noreply.github.com Brian Grant
	unknown [196, 204]
	documentation [14, 14]
mrick@google.com Matt Rickard
	unknown [257, 87]
oskar@deckle.co.uk Oskar Pearson
	unknown [3, 15]
khalpin11@gmail.com khalpin11
	unknown [2, 2]
ahawtho@users.noreply.github.com ahawtho
	unknown [3, 3]
gregoplex@gmail.com gregoplex
	unknown [5, 5]
	documentation [5, 5]
francescrosasbosque@gmail.com Francesc Rosas
	unknown [1, 1]
nateq314@gmail.com Nathan Quarles
	documentation [1, 1]
xingzhou@cn.ibm.com Xing Zhou
	unknown [23, 11]
brandon.w.cole@gmail.com Brandon Cole
	unknown [13, 1]
ben@benhall.me.uk Ben Hall
	devel-doc [1, 1]
	documentation [27, 18]
ronald.petty@minimumdistance.com Ronald Petty
	unknown [51, 51]
chuck@dasroot.net Charles Butler
	unknown [53, 61]
pclinger@proboards.com Patrick Clinger
	unknown [4, 4]
erik@nsk.io Erik Nelson
alexanderilyin@users.noreply.github.com Alexander Ilyin
	unknown [11, 7]
dserodio@users.noreply.github.com Daniel Serodio
	unknown [1, 1]
abhishek@linux.com Abhishek
	unknown [150, 62]
leahnpetersen@gmail.com Leah Petersen
	unknown [1, 1]
xarg@users.noreply.github.com Alex Plugaru
	unknown [1, 1]
gavin.brebner@orange.fr gavinB-orange
	unknown [8, 0]
arbeit@lbox.cc Muharem Hrnjadovic
	unknown [1, 1]
geojaz@users.noreply.github.com Eric Hole
	unknown [6, 0]
mixia@google.com Minhan Xia
	unknown [128, 14]
amccarthy@apprenda.com a-mccarthy
	unknown [99, 8]
mark007@gmail.com mark007
	documentation [1, 1]
aarons88@gmail.com Aaron Signorelli
	build [1, 1]
voigte@osuosl.org Elijah Caine
	unknown [0, 1]
ben.balter@github.com Ben Balter
	unknown [861, 901]
	devel-doc [2, 0]
	documentation [119, 95]
	build [3, 2]
mikael.cluseau@gmail.com Mikaël Cluseau
	unknown [33, 0]
jgmize@users.noreply.github.com Josh Mize
	unknown [1, 1]
jbischof@gmail.com Jared Bischof
	unknown [1, 0]
mayank.kumar@salesforce.com Mayank Kumar
	unknown [5, 5]
jsloyer@gmail.com Jeff Sloyer
	unknown [22, 0]
gigi-s@bigfoot.com Gigi Sayfan
	unknown [4, 4]
premanandc@gmail.com Premanand Chandrasekaran
	unknown [1, 1]
gbzhu@zju.edu.cn gbzhu
	unknown [404, 404]
	devel-doc [2, 2]
waprin@google.com Bill Prin
	unknown [310, 0]
	code [7, 0]
timcrall@gmail.com timcrall
	unknown [2, 2]
ykhrustalev@users.noreply.github.com Yuri Khrustalev
	unknown [1, 1]
leave24534@gmail.com foliage
	unknown [3, 3]
stkevintan@zju.edu.cn stkevintan
	code [463, 463]
nicolai@vonneudeck.com Nicolai von Neudeck
	unknown [35, 15]
likexu@harmonycloud.cn Aaron.L.Xu
dongziming@zju.edu.cn dongziming
	unknown [33, 33]
	documentation [5, 5]
guohaifang@zju.edu.cn guohaifang
	unknown [1, 1]
21651061@zju.edu.cn Martially
	unknown [3, 3]
guoqian@zju.edu.cn CandiceGuo
	unknown [3, 3]
energylyn@zju.edu.cn yanan Lee
	unknown [25, 25]
luo612@zju.edu.cn Jie Luo
	unknown [13, 13]
jaescobar.cell@gmail.com Alejandro Escobar
	unknown [17, 8]
taylor.l.thomas@intel.com Taylor Thomas
	unknown [23, 2]
21651152@zju.edu.cn tim-zju
	unknown [491, 493]
	devel-doc [1, 1]
	code [6, 6]
	documentation [40, 40]
andrey.chernishov@gmail.com Andrey
	documentation [1, 2]
qishen@zju.edu.cn SRaddict
	unknown [34, 34]
	devel-doc [1, 1]
	code [1, 1]
	documentation [31, 31]
kyle.ibrahim@gmail.com Kyle Ibrahim
	unknown [2, 2]
stephen.a.gordon@gmail.com Steve Gordon
	unknown [1, 1]
king-julien@users.noreply.github.com king-julien
	unknown [1, 1]
baldwin@stackpointcloud.com Matt Baldwin
	unknown [209, 0]
	image [0, 0]
	code [15, 1]
jbhurat@apprenda.com Jitendra Bhurat
	unknown [4, 3]
	devel-doc [396, 72]
	image [0, 0]
nicolas.lamirault@gmail.com Nicolas Lamirault
	unknown [1, 1]
cychiang0823@gmail.com Casper CY Chiang
	unknown [1, 1]
joshrosso@gmail.com joshrosso
	unknown [42, 45]
contacto@unisis.com.ar unisisdev
	unknown [8, 0]
guru@ovn.org Gurucharan Shetty
	unknown [8, 0]
duglin@users.noreply.github.com Doug Davis
	unknown [1, 4]
	image [0, 0]
	documentation [1, 0]
hades32@gmail.com Martin Rauscher
	unknown [11, 11]
joe.rocklin@gmail.com Joe Rocklin
	unknown [1, 1]
incognym@googlemail.com dbaumgarten
	unknown [1, 1]
nanopy@nanopy.com Eric Baum
	code [18, 0]
	unknown [91, 6]
	image [231, 2]
	documentation [21, 9]
jimmy@jimmycuadra.com Jimmy Cuadra
	unknown [118, 45]
andrewmoorewatson@gmail.com Andrew Watson
	unknown [2, 4]
hasahni@users.noreply.github.com hasahni
	unknown [6, 0]
saadali@google.com Saad Ali
	unknown [0, 0]
grodrigues3@users.noreply.github.com grodrigues3
saksham0808@gmail.com Saksham Sharma
	unknown [1, 1]
junaidali@plumgrid.com Junaid Ali
	documentation [1, 1]
ankurshukla@users.noreply.github.com Ankur Shukla
	documentation [0, 1]
criviere@cisco.com Chris Riviere
	unknown [4, 3]
jeffschroeder@computer.org Jeff Schroeder
	unknown [2, 2]
agonzalezro@gmail.com Alexandre González
	unknown [1, 1]
dictvm@dictvm.org Daniel Heitmann
	unknown [1, 1]
berrange@redhat.com Daniel P. Berrange
	unknown [25, 37]
beeps@google.com bprashanth
	unknown [1709, 102]
mwielgus@google.com Marcin Wielgus
	unknown [642, 30]
lantaol@google.com Random-Liu
	unknown [464, 129]
jsz@google.com Jerzy Szczepkowski
	unknown [331, 13]
	image [0, 0]
connor.p.doyle@intel.com Connor Doyle
	unknown [186, 16]
bryk@google.com bryk
	unknown [121, 207]
	image [0, 0]
zihongz@google.com Zihong Zheng
	unknown [693, 8]
stephenhsu90@gmail.com Di Xu
	unknown [14, 0]
sam@box.com Sam Ghods
	unknown [251, 229]
da.colonel@gmail.com Denis Andrejew
	unknown [3, 3]
deniskolodin@gmail.com Denis Kolodin
	unknown [3, 3]
mtaufen@google.com Michael Taufen
	unknown [7, 7]
ccoleman@redhat.com Clayton Coleman
	unknown [60, 3]
lkysow@gmail.com Luke Kysow
	unknown [2, 0]
ankurshukla16@gmail.com ankurshukla
	unknown [16, 4]
	image [0, 0]
	code [100, 9]
	devel-doc [20, 17]
	documentation [31, 18]
rmmh@google.com Ryan Hitchman
	unknown [12, 12]
ianlewis@google.com Ian Lewis
	unknown [127, 0]
harryge00@gmail.com pao
	unknown [34, 5]
justinleegarrison@gmail.com Justin Garrison
	unknown [40, 18]
ppospisi@redhat.com pospispa
	unknown [30, 1]
wilk3ert@gmail.com Vincenzo Ferrari
	unknown [1, 1]
jpeterson4223@yahoo.com Justin Peterson
	image [177, 405]
jide.b.tade@gmail.com Babajide Fowotade
	unknown [4, 4]
jason@loodse.com Jason Murray
	unknown [1, 1]
chrismarino@users.noreply.github.com chrismarino
	unknown [10, 7]
	devel-doc [3, 3]
sjenning@redhat.com Seth Jennings
	unknown [3, 3]
luke@faraone.cc Luke Faraone
	unknown [7, 7]
randy@randyfay.com Randy Fay
	unknown [3, 3]
erik@kupoday.net erikus
	unknown [1, 1]
johanan.lieberman@gmail.com Johanan Lieberman
	unknown [8, 2]
scott@unitedcreations.com scotty
	code [4450, 3793]
	unknown [3035, 781]
	image [3, 0]
	documentation [3904, 2774]
	devel-doc [2, 0]
robertspencersmith@gmail.com Spencer Smith
	unknown [1, 1]
francois@ctrlaltdel.ch Francois Deppierraz
	unknown [1, 1]
mfisher@deis.com Matthew Fisher
	unknown [24, 30]
tomvons@gmail.com Tom von Schwerdtner
	unknown [2, 0]
etune@google.com Eric Tune
	unknown [1291, 126]
	image [4, 0]
	code [160, 0]
	documentation [18, 0]
gamma.dave@gmail.com David Newswanger
	unknown [6, 4]
quinton@google.com Quinton Hoole
	unknown [759, 51]
bdurette@users.noreply.github.com Brandon DuRette
	unknown [1, 1]
me@lukemarsden.net Luke Marsden
	unknown [392, 103]
frozenice@frozenice.de David Kirstein
	unknown [2, 2]
st+github@st-g.de Steffen Gebert
	unknown [1, 1]
tcguitar@gmail.com TRAVIS ALLEN SALAS COX
	unknown [1, 1]
tremaineeto@ucla.edu Tremaine Eto
	unknown [1, 1]
dciccale@gmail.com Denis Ciccale
	unknown [1, 1]
matthias@hoopla.net blankenhaus
	unknown [1, 1]
swordbeta@users.noreply.github.com Michael van Tricht
	unknown [1, 1]
mail@wombatsoftware.de Daniel Sachse
	unknown [3, 3]
mkulke@gmail.com Magnus Kulke
	unknown [2, 2]
martinvladev@gmail.com fen4o
	unknown [3, 3]
linfan.china@gmail.com Fan Lin
	unknown [3, 1]
dominicdevos@t-online.de Dominic001
	unknown [6, 7]
photo.allen@gmail.com Bill
	unknown [1, 1]
clove@cnmconsulting.net Chris Love
	unknown [226, 71]
alexdwanerobinson@gmail.com Alex Robinson
	unknown [68, 202]
keithw@lochan.org Keith Wansbrough
	unknown [6, 4]
vey.julien@gmail.com Julien Vey
	unknown [12, 12]
jadekler@gmail.com Jean de Klerk
	unknown [0, 1]
kay.diam@gmail.com kayrus
	unknown [50, 0]
seanturner83@gmail.com seanturner83
	image [0, 0]
	code [8, 1]
chris@paninetworks.com Chris Marino
	unknown [78, 79]
shivania@vmware.com Abrar Shivani
	unknown [33, 8]
michal.mankowski@intel.com MichalMankowski
	unknown [11, 4]
masstomato@users.noreply.github.com masstomato
	unknown [1, 1]
dgoodwin@redhat.com Devan Goodwin
	unknown [17, 0]
sascha@brawer.ch Sascha Brawer
	unknown [6, 6]
eparis@redhat.com Eric Paris
	unknown [14, 4]
rodrigo@sdfg.com.ar Rodrigo Campos
	unknown [121, 30]
	documentation [1, 1]
clemens@build2be.com Clemens Tolboom
	unknown [3, 1]
spousty@redhat.com Steven Pousty
	unknown [2, 0]
nordri@gmail.com Fede Diaz
	unknown [61, 19]
feynman.liang@gmail.com Feynman Liang
	unknown [1, 1]
chris@cjones.org Chris Jones
	unknown [1, 0]
rickyp999@gmail.com Ricky Pai
	unknown [25, 26]
marrrvin@users.noreply.github.com Sergey Orlov
denis.poisson@ts.fujitsu.com Denis Poisson
	unknown [1, 1]
hey@vito.io Victor Gama
	documentation [1, 1]
kami.gerami@gmail.com Kami Gerami
	unknown [5, 5]
orlovsergeypost@gmail.com Sergei Orlov
	unknown [1, 1]
mspreitz@us.ibm.com Mike Spreitzer
	unknown [82, 67]
banzeletti@gmx.at anbern
	unknown [2, 0]
seperry53test@gmail.com seperry53test
	unknown [1, 1]
bobsky@users.noreply.github.com bobsky
	unknown [1, 1]
copejon@users.noreply.github.com Jonathan Cope
jcope@redhat.com Jon Cope
	unknown [2, 3]
pablo.guerrero@gmail.com Pablo Guerrero
	unknown [8, 7]
mistydemeo@github.com Misty De Meo
	documentation [1, 1]
talklittle@gmail.com Andrew Shu
	documentation [13, 13]
steelbrain@users.noreply.github.com Steel Brain
	unknown [2, 2]
apelisse@google.com Antoine Pelisse
	unknown [4, 3]
robert@creativequeries.com Robert Ross
	unknown [3, 0]
james@munnelly.eu James Munnelly
	unknown [144, 0]
iokcluster@gmail.com kcluster
	unknown [3, 0]
lukaszoles@gmail.com Łukasz Oleś
	unknown [10, 5]
theotime.leveque@dailymotion.com Theotime Leveque
	unknown [1, 1]
jv.cyril@gmail.com Cyril Jouve
	unknown [26, 18]
jonathan.boulle@coreos.com Jonathan Boulle
	unknown [3, 1]
sbekkhus91@gmail.com Simen Bekkhus
	unknown [1, 1]
rnaveiras@gmail.com Raúl Naveiras
	unknown [1, 1]
madanpiyush@gmail.com Piyush Madan
	unknown [1, 1]
webwurst@gmail.com Tobias Bradtke
	unknown [2, 2]
callermann@gmail.com callermann
	unknown [1, 1]
deads2k@users.noreply.github.com David Eads
tivvit@seznam.cz Vít Listík
	unknown [1, 1]
walterdolce@gmail.com Walter Dolce
	unknown [1, 1]
tchinmai7@gmail.com Tarun Chinmai
	unknown [1, 2]
adieu@adieu.me adieu
	unknown [1603, 1603]
chmouel@chmouel.com Chmouel Boudjnah
	unknown [9, 9]
	devel-doc [1, 1]
keglevich2@gmail.com keglevich3
	unknown [3, 4]
pweil@redhat.com pweil-
	unknown [183, 1]
	documentation [2, 0]
derek.mahar@gmail.com Derek Mahar
	unknown [1, 1]
caleb.miles@coreos.com caleb miles
	unknown [94, 14]
christopherjkim@gmail.com Chris Kim
	unknown [2, 2]
enfermo337@yahoo.com John Torres
	unknown [26, 4]
sammiestoel@gmail.com Sam Stoelinga
	unknown [4, 11]
pszczesniak@google.com Piotr Szczesniak
	unknown [148, 122]
kazuki.suda@gmail.com Kazuki Suda
	unknown [8, 8]
pallavagarwal07@gmail.com Pallav Agarwal
	unknown [5, 2]
tamal@appscode.com tamal
	unknown [3, 0]
git@gg7.io George G
	unknown [45, 20]
evan.cordell@coreos.com Evan Cordell
	unknown [112, 0]
cjcullen@google.com CJ Cullen
	unknown [2, 2]
gmarek@google.com gmarek
	unknown [45, 22]
epatro@gmail.com Eduardo Patrocinio
	unknown [3, 0]
hellwen.wu@gmail.com hellwen
	unknown [1, 1]
cube@sneakybox.com Aaron Rice
	unknown [1, 1]
rustyrobot@users.noreply.github.com Evgeniy L
avagarwa@redhat.com Avesh Agarwal
	unknown [186, 24]
	devel-doc [24, 3]
hyunchel@fashionmetric.com Hyunchel Kim
	unknown [16, 15]
pigmej@gmail.com Jedrzej Nowak
	unknown [51, 52]
jchaloup@redhat.com Jan Chaloupka
	unknown [114, 46]
johannes.scheuermann@inovex.de Johannes Scheuermann
	unknown [23, 0]
fbsolo@gmail.com fbsolo
	unknown [14, 15]
	image [0, 0]
yifan.gu@coreos.com Yifan Gu
	unknown [162, 207]
eli@mirantis.com Evgeny L
	unknown [2, 2]
alexbrand09@gmail.com Alexander Brand
	unknown [4, 0]
jesse@cockroachlabs.com jseldess
	unknown [2, 2]
jamie@stoic.net Jamie Alessio
	unknown [1, 1]
enregistrements@gmail.com Eric Khun
	unknown [1, 1]
gkalele@google.com Girish Kalele
	unknown [128, 48]
desert-orchid@users.noreply.github.com desert-orchid
	unknown [1, 1]
jzhou@cliqr.com jzhoucliqr
	unknown [2, 2]
martin@mwl.dk Martin Westergaard Lassen
	unknown [1, 1]
peter@novotnak.net Peter Novotnak
	unknown [5, 1]
czahedi@google.com czahedi
	unknown [1, 1]
stapelberg@google.com Michael Stapelberg
	unknown [2, 2]
jrhoak@gmail.com Josh Hoak
	unknown [111, 56]
ihor.dvoretskyi@gmail.com Ihor Dvoretskyi
	unknown [65, 27]
	code [2, 2]
kyle@lodge.glasgownet.com Kyle Gordon
	unknown [5, 4]
md@stoi.cc Matthew L Daniel
	unknown [3, 3]
	documentation [2, 2]
ronnie.maor@gmail.com Ronnie Maor
	unknown [3, 3]
nsrinivasan1976@gmail.com Naveen
	unknown [14, 10]
sputnik13@gmail.com Min Pae
	unknown [3, 3]
rapenchukd@gmail.com Drew Rapenchuk
	unknown [1, 1]
moylan.brad@gmail.com Brad Moylan
	unknown [1, 1]
dghubble@gmail.com Dalton Hubble
	unknown [9, 2]
luke.nickerson@gmail.com Luke Nickerson
	devel-doc [8, 3]
gabe@philo.com Gabe Kopley
	unknown [1, 1]
aalexand@google.com Alexey Alexandrov
	unknown [16, 12]
kelsey.hightower@gmail.com Kelsey Hightower
	unknown [13, 7]
grod@google.com Garrett Rodrigues
	unknown [1, 1]
arnaldo.pereira@luizalabs.com Arnaldo de Moraes Pereira
	unknown [12, 14]
anishkny@gmail.com anishkny
	unknown [1, 1]
christoph.held@est.fujitsu.com Christoph Held
	unknown [121, 95]
tolleiv.nietsch@aoe.com Tolleiv Nietsch
	unknown [33, 7]
nullstyle@gmail.com Scott Fleckenstein
	unknown [1, 1]
anassri@google.com Ace Nassri
	unknown [21, 17]
rudi@clarifai.com Rudi Chiarito
	unknown [1, 1]
wangsha@users.noreply.github.com Sha
	unknown [1, 1]
matthew.bruzek@canonical.com Matt Bruzek
	unknown [238, 172]
age.mooij@gmail.com Age Mooij
	unknown [1, 1]
imhael@gmail.com kevinll
	unknown [5, 1]
akurilin@mirantis.com Andrey Kurilin
	image [4, 0]
me@bdang.it Ben Dang
	unknown [1, 1]
chriskseto@gmail.com Chris Seto
	unknown [1, 1]
cartermorgan1321+github@gmail.com Carter Morgan
	unknown [6, 64]
johndylan@google.com johndmulhausen
	devel-doc [46943, 48908]
	code [55212, 57520]
	package [0, 0]
	unknown [1683865, 1727006]
	image [14460, 16880]
	documentation [106626, 106449]
	ui [75, 75]
	build [10877, 11208]
matthias@endocode.com Matthias Schmitz
	unknown [7, 7]
scottstensland@gmail.com Scott Stensland
	unknown [1, 1]
dshulyak@mirantis.com Dmitry Shulyak
	unknown [21, 0]
	devel-doc [3, 0]
leenders.gert@gmail.com Gert Leenders
	unknown [72, 69]
matt.proud@gmail.com Matt T. Proud
	unknown [2, 2]
eyalev@gmail.com Eyal Levin
	unknown [7, 8]
untoldone@users.noreply.github.com Michael Wasser
	unknown [1, 1]
shridhar.jatin@gmail.com jatins
	unknown [5, 4]
matthew.dupre@metaswitch.com Matt Dupre
	unknown [6, 6]
miller.pete@gmail.com Pete Miller
	unknown [8, 8]
allanlei@helveticode.com Allan Lei
	unknown [1, 1]
aledbf@gmail.com Manuel de Brito Fontes
	unknown [2, 7]
jedroadam@gmail.com Adam J
	unknown [2, 2]
akaplan@findyr.com Adam Kaplan
	unknown [7, 1]
ryanesc@gmail.com Ryan Eschinger
	unknown [1, 1]
alena@rancher.com Alena Prokharchyk
	unknown [1, 1]
ibobrik@gmail.com Ivan Babrou
	unknown [5, 5]
timbrockman@users.noreply.github.com Tim Brockman
	unknown [10, 8]
gangefors@users.noreply.github.com Stefan Gangefors
	unknown [18, 0]
xxxyel@gmail.com Jisoo Park
	unknown [1, 1]
wonsek@gmail.com Tomasz Kopczynski
	unknown [1, 1]
alainr@vmware.com Alain Roy
	unknown [252, 4]
jeffml@google.com Jeff Lowdermilk
	unknown [54, 25]
runseb@gmail.com runseb
	unknown [10, 9]
michael@nervd.com Malet
	unknown [5, 2]
surajssd009005@gmail.com Suraj Deshmukh
	code [3, 3]
asalkeld@mirantis.com Angus Salkeld
	unknown [15, 0]
johndylan@johndylan-macbookpro2.roam.corp.google.com John Mulhausen
	devel-doc [4138, 1697]
	code [8170, 4337]
	unknown [159131, 81887]
	image [12300, 7065]
	documentation [158623, 96275]
	build [945, 366]
dlorenc@google.com dlorenc
	unknown [6, 1]
brownwm@us.ibm.com Mike Brown
	unknown [214, 144]
takitake.create@gmail.com Takeshi Takizawa
	unknown [24, 10]
elson.rodriguez@gmail.com Elson Rodriguez
	unknown [2, 2]
bodepd@gmail.com Dan Bode
	unknown [24, 0]
gerti.poppel@est.fujitsu.com Gerti Poppel
	unknown [205, 128]
	image [0, 0]
purificant@users.noreply.github.com purificant
	unknown [1, 1]
nicholas.anderson@nike.com Nicholas Anderson
	unknown [8, 8]
metral@gmail.com Mike Metral
	unknown [43, 0]
lorenc.d@gmail.com Dan Lorenc
	unknown [125, 1]
zoidbergwill@gmail.com William Martin Stewart
	unknown [0, 1]
matt@mattfischer.com Matt Fischer
	unknown [10, 2]
jonathan@saharacluster.com Jonathan Kosgei
	unknown [6, 0]
davidxia@users.noreply.github.com David Xia
	unknown [1, 1]
ffledgling@gmail.com Anhad Jai Singh
	unknown [1, 1]
josh@6bit.com Joshua Perry
	unknown [21, 11]
me@andrewmichaelsmith.com Andrew Smith
	unknown [17, 38]
euank@coreos.com Euan Kemp
	unknown [5, 5]
luciano.mores@softplan.com.br lucianomores
	unknown [1, 1]
ben.hosmer@gmail.com Ben Hosmer
	unknown [6, 0]
atomantic@gmail.com Adam Eivy
	unknown [1, 1]
liujunhui@gmail.com liujunhui74
	unknown [5, 0]
harryzhang@zju.edu.cn harryz
	unknown [1, 0]
paweloczadly@gmail.com Paweł Oczadły
	unknown [1, 0]
jkwan@vistaprint.com Jeff Kwan
	unknown [2, 2]
nic@worldofnic.org Nicolas Doye
	unknown [3, 4]
isubuz.g@gmail.com isubuz
	unknown [8, 8]
gouyang@redhat.com Guohua Ouyang
	unknown [3, 5]
james.defabia@lexisnexis.com DrDePhobia
	unknown [665, 381]
	documentation [4, 4]
abaker@twilio.com Andrew T. Baker
	unknown [9, 1]
	code [0, 43]
mindy.moreland@puppetlabs.com Mindy Moreland
	image [8, 0]
pzimmerm@cisco.com Paul Zimmerman
	unknown [11, 11]
	image [11, 7]
	documentation [3, 3]
allison@mistressofinformation.com Allison Reinheimer Moore
	unknown [4, 15]
pavel.strashkin@gmail.com Pavel Strashkin
	unknown [1, 1]
mwhooker@gmail.com Matthew Hooker
	unknown [1, 13]
elson.o.rodriguez@intel.com Elson O Rodriguez
	unknown [192, 65]
alginmaduro@users.noreply.github.com AlginMaduro
	unknown [2, 2]
tpryan@google.com Terrence Ryan
	unknown [12927, 6483]
	image [2, 1]
gnomation@gnomeontherun.com Jeremy Wilken
	unknown [386, 5]
rick@beerdrinker.org Rick
	unknown [1, 1]
development@stp-ip.net Michael Grosser
	unknown [1, 1]
spiffxp@gmail.com Aaron Crickenberger
	unknown [7, 1]
mattdoran76@gmail.com Matt Doran
	unknown [4, 4]
khaliddermoumi@users.noreply.github.com Khalid Dermoumi
	unknown [6, 8]
thuey100@gmail.com Trevor Huey
	unknown [1, 1]
mbauer@us.ibm.com Morgan Bauer
	unknown [3, 3]
prullan@apsl.net Pau Ruŀlan
	unknown [5, 2]
hi@karlherler.com Karl Herler
	unknown [3, 3]
scheele.s@web.de Sebastian
	unknown [1, 1]
ca@carsonoid.net Carson A
	unknown [5, 9]
robertbailey@google.com Robert Bailey
teemow@gmail.com Timo Derstappen
	unknown [3, 1]
dims@linux.vnet.ibm.com Davanum Srinivas
	unknown [7, 1]
joonathan@gmail.com Joonathan Mägi
	unknown [9, 9]
mahata777+github@gmail.com Yasu
	unknown [2, 2]
ironstorm@gmail.com jumpkick
	unknown [2, 0]
ross@kukulinski.com Ross Kukulinski
	unknown [4, 5]
zreigz@gmail.com Lukasz Zajaczkowski
	unknown [120, 1]
burdandrei@users.noreply.github.com Andrei Burd
	unknown [1, 1]
stephencharlesb@gmail.com Stephen Baldwin
	unknown [19, 19]
aschultz@next-development.com Alex Schultz
	unknown [3, 3]
coolhzb@163.com AdoHe
	unknown [2, 0]
hughes.matt@gmail.com Matt Hughes
	unknown [3, 3]
cquiter@gmail.com Craig Quiter
	unknown [3, 2]
dagnello@hp.com dagnello
	unknown [39, 0]
mkhir@users.noreply.github.com Mohammad Khodadadi
	unknown [52, 51]
ohtake.tomohiro@jp.fujitsu.com OHTAKE Tomohiro
	unknown [6, 6]
jojow@users.noreply.github.com Johannes
	unknown [1, 1]
carton.antoine@gmail.com Antoine Carton
	unknown [1, 1]
ahmad.aabed.m@gmail.com Aabed
	unknown [4, 4]
guillaume@databerries.com Guillaume Charhon
	unknown [1, 1]
abuehrle@users.noreply.github.com Anita Buehrle
	unknown [9, 4]
werner@beroux.com Werner Beroux
	image [1, 0]
rachel@willmer.org Rachel Willmer
	unknown [21, 1]
jorge.middleton@gmail.com Jorge Luis Middleton
	unknown [16, 16]
steve@stevesloka.com Steve Sloka
	unknown [9, 3]
jimmyjones2@gmx.co.uk Jimmy Jones
	unknown [3, 2]
alr@alrubinger.com Andrew Lee Rubinger
	unknown [2, 2]
redbeard@dead-city.org Brian 'Redbeard' Harrington
	unknown [5, 3]
spencer@spencerbrown.org Spencer Brown
	unknown [1, 1]
king6cong@gmail.com king6cong
	unknown [1, 0]
mehdi.chamouma@gmail.com Mehdi Chamouma
	unknown [1, 1]
anzhsoft@gmail.com anzhsoft
	unknown [1, 1]
javi@diacode.com Javier Cuevas
	unknown [1, 1]
doug@dougkoch.me Doug Koch
	unknown [1, 1]
vipijain@insiemenetworks.com Vipin Jain
	unknown [4, 0]
higashi.isao@jp.fujitsu.com higashi
	code [2, 2]
mikolaj@pawlikowski.pl Mikolaj Pawlikowski
	unknown [2, 2]
jhansen@deis.com Jason Hansen
	image [0, 0]
	documentation [1, 0]
vitale@google.com benvitale
	unknown [1, 1]
porridge@google.com Marcin Owsiany
	unknown [11, 10]
ckleban@gmail.com ckleban
	unknown [402, 65]
jeroenvisser101@users.noreply.github.com Jeroen Visser
	unknown [1, 1]
benjamin@sonntag.fr Benjamin Sonntag
	unknown [2, 2]
erwin_dso@hotmail.com Erwin van Eyk
	unknown [4, 4]
matt@elasticbox.com Matt Nickles
	image [2, 2]
zhouhaibing089@gmail.com zhouhaibing089
	unknown [1, 3]
swagiaal@redhat.com Sami Wagiaalla
	unknown [80, 1]
aleks.saul@gmail.com Aleks Saul
	unknown [2, 2]
djmm@google.com David McMahon
	unknown [1, 28]
filipg@google.com Filip Grzadkowski
gosharplite@gmail.com Tony Hsu
	unknown [1, 1]
ssaasen@atlassian.com Stefan Saasen
	unknown [3, 3]
cben@redhat.com Beni Cherniavsky-Paskin
	unknown [1, 1]
matthias.luebken@gmail.com Matthias Lübken
	unknown [3, 1]
r.dahlen@gmail.com Ragnar Dahlén
	unknown [3, 3]
jdubay@discogsinc.com Jesse Dubay
	documentation [1, 1]
fmeng@ebay.com mfanjie
	unknown [2448, 2426]
matt@stackoverflow.com Matt Sherman
	unknown [1, 1]
	image [0, 0]
	documentation [1, 1]
jtblin@atlassian.com Jerome Touffe-Blin
	unknown [2, 2]
	devel-doc [2, 2]
devel-doc 72178 51519
	chenopis@users.noreply.github.com Andrew Chen: [173, 7]
	steveperry-53@users.noreply.github.com Steve Perry: [56, 5]
	sam@vilain.net Sam Vilain: [1, 1]
	mvasilenko@gmail.com Mikhail Vasilenko: [1, 1]
	vmik@google.com Mik Vyatskov: [0, 12]
	yu.peng36@zte.com.cn yupengzte: [15, 15]
	ahmetalpbalkan@gmail.com Ahmet Alp Balkan: [4, 38]
	marco@ceppi.net Marco Ceppi: [3, 3]
	craig.box@gmail.com craigbox: [395, 201]
	spzala@us.ibm.com Sahdev P. Zala: [1, 1]
	chiachenk@google.com Janet Kuo: [10, 13]
	pwittroc@google.com Phillip Wittrock: [19754, 0]
	jliggitt@redhat.com Jordan Liggitt: [4, 4]
	justin@fathomdb.com Justin Santa Barbara: [4, 1]
	stevepe@google.com steveperry-53: [33, 330]
	ddonnelly@google.com devin-donnelly: [14, 55]
	maszulik@redhat.com Maciej Szulik: [0, 4]
	nikhiljindal@google.com nikhiljindal: [27, 8]
	jorge@ubuntu.com Jorge O. Castro: [85, 104]
	kos.tsakalozos@canonical.com Konstantinos Tsakalozos: [2, 2]
	jeffmendoza@google.com Jeff Mendoza: [49, 3]
	ben@benhall.me.uk Ben Hall: [1, 1]
	ben.balter@github.com Ben Balter: [2, 0]
	gbzhu@zju.edu.cn gbzhu: [2, 2]
	21651152@zju.edu.cn tim-zju: [1, 1]
	qishen@zju.edu.cn SRaddict: [1, 1]
	jbhurat@apprenda.com Jitendra Bhurat: [396, 72]
	ankurshukla16@gmail.com ankurshukla: [20, 17]
	chrismarino@users.noreply.github.com chrismarino: [3, 3]
	scott@unitedcreations.com scotty: [2, 0]
	chmouel@chmouel.com Chmouel Boudjnah: [1, 1]
	avagarwa@redhat.com Avesh Agarwal: [24, 3]
	luke.nickerson@gmail.com Luke Nickerson: [8, 3]
	johndylan@google.com johndmulhausen: [46943, 48908]
	dshulyak@mirantis.com Dmitry Shulyak: [3, 0]
	johndylan@johndylan-macbookpro2.roam.corp.google.com John Mulhausen: [4138, 1697]
	jtblin@atlassian.com Jerome Touffe-Blin: [2, 2]
code 438494 69133
	chenopis@users.noreply.github.com Andrew Chen: [254, 123]
	steveperry-53@users.noreply.github.com Steve Perry: [4, 0]
	ahmetalpbalkan@gmail.com Ahmet Alp Balkan: [61, 59]
	marklam@google.com mlambert890b: [238, 6]
	pauljuliusmartinez@gmail.com PaulJuliusMartinez: [85, 0]
	chiachenk@google.com Janet Kuo: [95, 27]
	pwittroc@google.com Phillip Wittrock: [368834, 1694]
	jliggitt@redhat.com Jordan Liggitt: [1, 1]
	casey@tigera.io Casey Davenport: [8, 1]
	luxas@users.noreply.github.com Lucas Käldström: [0, 474]
	stevepe@google.com steveperry-53: [9, 0]
	acidburn@google.com Jess Frazelle: [67, 0]
	errordeveloper@gmail.com Ilya Dmitrichenko: [0, 518]
	mengqiy@google.com Mengqi Yu: [29, 6]
	nikhiljindal@google.com nikhiljindal: [38, 23]
	decarr@redhat.com Derek Carr: [31, 0]
	jeffmendoza@google.com Jeff Mendoza: [1, 20]
	david.calavera@gmail.com David Calavera: [122, 0]
	waprin@google.com Bill Prin: [7, 0]
	stkevintan@zju.edu.cn stkevintan: [463, 463]
	21651152@zju.edu.cn tim-zju: [6, 6]
	qishen@zju.edu.cn SRaddict: [1, 1]
	baldwin@stackpointcloud.com Matt Baldwin: [15, 1]
	nanopy@nanopy.com Eric Baum: [18, 0]
	ankurshukla16@gmail.com ankurshukla: [100, 9]
	scott@unitedcreations.com scotty: [4450, 3793]
	etune@google.com Eric Tune: [160, 0]
	seanturner83@gmail.com seanturner83: [8, 1]
	ihor.dvoretskyi@gmail.com Ihor Dvoretskyi: [2, 2]
	johndylan@google.com johndmulhausen: [55212, 57520]
	surajssd009005@gmail.com Suraj Deshmukh: [3, 3]
	johndylan@johndylan-macbookpro2.roam.corp.google.com John Mulhausen: [8170, 4337]
	abaker@twilio.com Andrew T. Baker: [0, 43]
	higashi.isao@jp.fujitsu.com higashi: [2, 2]
package 0 0
	johndylan@google.com johndmulhausen: [0, 0]
unknown 2212337 2016410
	paulbattaglia@google.com paulbattagliag: [98, 120]
	clairelundeby@gmail.com Claire Lundeby: [32, 35]
	wshaffer74@mac.com Wendy Shaffer: [49, 69]
	mcginnisrr@gmail.com Ryan McGinnis: [152, 168]
	chenopis@users.noreply.github.com Andrew Chen: [5899, 5498]
	ryan.coates@gmail.com Pheo: [36, 14]
	gwhitt@pacbell.net geraldinewhitt: [41, 16]
	isa-bel@users.noreply.github.com isa-bel: [31, 4]
	j.putrino@f5.com Jodie Putrino: [110, 420]
	steveperry-53@users.noreply.github.com Steve Perry: [22807, 21852]
	cbatra@salesforce.com cbatra: [5, 5]
	beacham@google.com Jacob Beacham: [8, 6]
	gyliu513@gmail.com Guangya Liu: [85, 42]
	joshuaswaney@users.noreply.github.com Joshua Swaney: [1, 1]
	zhang.ming5@zte.com.cn zhangmingld: [2, 2]
	danw@redhat.com Dan Winship: [69, 56]
	jupp0r@gmail.com Jupp Müller: [3, 3]
	mike@mikebryant.me.uk Mike Bryant: [1, 1]
	chenr.fnst@cn.fujitsu.com Charlie R.C: [47, 12]
	nicdex@users.noreply.github.com Nicolas Dextraze: [2, 2]
	jesse.haka@alumni.aalto.fi Jesse Haka: [3, 3]
	mkargaki@redhat.com Michail Kargakis: [556, 255]
	haowang@redhat.com Haoran Wang: [34, 0]
	iamexile@gmail.com Eugene Pirogov: [1, 1]
	agarwalrohit@google.com Rohit Agarwal: [1, 1]
	vmik@google.com Mik Vyatskov: [1236, 394]
	yu.peng36@zte.com.cn yupengzte: [451, 451]
	techtonik@gmail.com anatoly techtonik: [10, 10]
	olvesh@gmail.com Olve S. Hansen: [15, 0]
	ltupin@users.noreply.github.com Tupin Laurent: [18, 13]
	kelly.a.campbell@gmail.com Kelly Campbell: [1, 1]
	zhang.wanmin@zte.com.cn William Chang: [4, 4]
	zhang.xiaoyu33@zte.com.cn Xiaoyu Zhang: [290, 295]
	marcel@messagebird.com Marcel Corso: [2, 2]
	wujun8@hotmail.com wujun8: [4, 0]
	vinit.mahedia@gmail.com Vinit Mahedia: [9, 12]
	drebes@gmail.com Roberto Jung Drebes: [2, 2]
	jiangzhao_l@hotmail.com Jiangzhao Lv: [1, 1]
	artmr@lsd.ufcg.edu.br Arthur Miranda: [23, 23]
	aprindle@google.com Aaron Prindle: [4, 8]
	ahmetalpbalkan@gmail.com Ahmet Alp Balkan: [101, 108]
	marco@ceppi.net Marco Ceppi: [43, 12]
	foxish@users.noreply.github.com Anirudh Ramanathan: [625, 59]
	olalonde@gmail.com Oli Lalonde: [0, 66]
	mail@saschagrunert.de Sascha Grunert: [1, 1]
	hkang.sunysb@gmail.com huikang: [1, 1]
	everett.toews@rackspace.com Everett Toews: [5, 14]
	jiang.lingxia@zte.com.cn jianglingxia: [24, 24]
	heschlie@gmail.com Stephen Schlie: [1, 1]
	juntee@google.com Jun Xiang Tee: [52, 4]
	j@coreos.com Josh Wood: [355, 300]
	xujun@cmss.chinamobile.com Jun Xu: [1, 1]
	zhao.xiangpeng@zte.com.cn xiangpengzhao: [7, 21]
	craig.box@gmail.com craigbox: [36, 35]
	li.guangxu@zte.com.cn guangxuli: [2, 2]
	eric.chiang.m@gmail.com Eric Chiang: [635, 65]
	clenimar.filemon@gmail.com Clenimar Filemon: [9, 9]
	hoatlevan@gmail.com Hoat Le: [2, 1]
	foxylion@users.noreply.github.com Jakob Jarosch: [4, 1]
	willdon@nerdondon.com nerdondon: [356, 220]
	chen.huan@zte.com.cn chenhuan12: [218, 203]
	rob.scott87@gmail.com Rob Scott: [22, 0]
	ctodea@users.noreply.github.com Cristian Todea: [1, 1]
	brendan.d.burns@gmail.com Brendan Burns: [27, 1]
	joe.github@bedafamily.com Joe Beda: [1338, 652]
	res@qoxp.net Richard E. Silverman: [1, 1]
	damien.leflon@gmail.com Damien Leflon: [2, 2]
	charlie@charliedrage.com Charlie Drage: [478, 104]
	didrocks@ubuntu.com Didier Roche: [1, 1]
	li.xialong@zte.com.cn Peter Lee: [54, 54]
	pu.junqi@zte.com.cn Drinky Pool: [5, 25]
	marc@slintes.net Marc Sluiter: [3, 1]
	shry.harsh@gmail.com Harsh Choudhary: [3, 2]
	spzala@us.ibm.com Sahdev P. Zala: [19, 15]
	artem.vysotsky@gmail.com Artem Vysotsky: [3, 3]
	mikedanese@google.com Mike Danese: [220, 1]
	pauljuliusmartinez@gmail.com PaulJuliusMartinez: [217, 217]
	tan.shanshan@zte.com.cn tanshanshan: [20, 16]
	bjboreham@gmail.com Bryan Boreham: [40, 19]
	haoyuan.ge@caicloud.io haoyuan: [23, 2]
	bdontu@vmware.com Balu Dontu: [52, 1]
	shashidhara.td@huawei.com shashidharatd: [137, 0]
	maugusto@ciandt.com Marcelo Costa: [1, 1]
	hou.jun2@zte.com.cn houjun: [6, 4]
	ianeta.hutchinson@intel.com ihutchin: [381, 362]
	chiachenk@google.com Janet Kuo: [6695, 5920]
	andrew@sig.gy Andrew Seigner: [1, 1]
	ramd@hpe.com Ramkumar Devanathan: [1, 1]
	jbcrail@gmail.com Joseph Crail: [1, 1]
	andrewjamesmorgan@gmail.com Andrew Morgan: [1, 1]
	btopol@us.ibm.com bradtopol: [1, 1]
	david@gageot.net David Gageot: [5, 5]
	caosf.fnst@cn.fujitsu.com Cao Shufeng: [31, 28]
	peter@styk.tv Peter Styk: [4, 0]
	divyenp@vmware.com divyenpatel: [31, 9]
	craig.bilner@gmail.com Craig Bilner: [3, 0]
	warmchang@outlook.com Wiiliam Chang: [5, 3]
	justin@balduncle.com Justin Johnson: [1, 1]
	brandon@ifup.org Brandon Philips: [303, 101]
	surajnarwade353@gmail.com Suraj Narwade: [63, 0]
	gytisgreitai@users.noreply.github.com Gytis: [1, 1]
	slava.semushin@gmail.com Vyacheslav Semushin: [53, 34]
	email.ahmedkamal@googlemail.com Ahmed Kamal: [1, 1]
	jaredbhatti@users.noreply.github.com Jared: [225, 157]
	vladimir@rutsky.org Vladimir Rutsky: [14, 11]
	pwittroc@google.com Phillip Wittrock: [249338, 126476]
	sureshv@yahoo-inc.com suresh: [1, 1]
	cynerva@gmail.com Cynerva: [27, 21]
	michael.fraenkel@gmail.com Michael Fraenkel: [219, 290]
	vsemushi@redhat.com Slava Semushin: [45, 23]
	jliggitt@redhat.com Jordan Liggitt: [1628, 825]
	mehdy@google.com mbohlool: [28, 5]
	casey@tigera.io Casey Davenport: [387, 1637]
	luxas@users.noreply.github.com Lucas Käldström: [461, 836]
	rob.holland@gmail.com Rob Holland: [2, 2]
	vishh@users.noreply.github.com Vish Kannan: [137, 0]
	vishnuk@google.com Vishnu kannan: [249, 480]
	patelgunjan5@gmail.com Gunjan Patel: [2, 2]
	justin@fathomdb.com Justin Santa Barbara: [708, 285]
	stevepe@google.com steveperry-53: [4969, 3000]
	tgraf@suug.ch Thomas Graf: [1, 0]
	g.o.crawford@gmail.com George Crawford: [2, 1]
	brunovern.a@gmail.com Bruno Vernay: [2, 2]
	github@fgribreau.com Francois-Guillaume Ribreau: [1, 1]
	aditya@portworx.com Aditya Dani: [69, 0]
	stefan.schimanski@gmail.com Dr. Stefan Schimanski: [125, 1]
	simon@rueggs.ch Simon Rüegg: [1, 1]
	kowens0826@gmail.com Kenneth Owens: [4395, 1046]
	elijah.caine@coreos.com Elijah C. Voigt: [380, 260]
	ddonnelly@google.com devin-donnelly: [822, 616]
	maszulik@redhat.com Maciej Szulik: [533, 383]
	acidburn@google.com Jess Frazelle: [593, 79]
	keith.bartholomew@rackspace.com Keith Bartholomew: [2, 2]
	josh@curl.me Josh Curl: [1, 1]
	aniket.contrail@gmail.com aniket-contrail: [4, 0]
	vladimir.vivien@gmail.com Vladimir Vivien: [74, 1]
	mml@users.noreply.github.com Matt Liggett: [311, 2]
	errordeveloper@gmail.com Ilya Dmitrichenko: [267, 408]
	dvorakviolinist@gmail.com Jonathan MacMillan: [28, 0]
	mike@kollegienet.dk Mike Rostermund: [1, 1]
	10110918@zte.com.cn ztewyk: [9, 8]
	mengqiy@google.com Mengqi Yu: [557, 6123]
	lvjiangzhao@jd.com lvjiangzhao: [1, 0]
	estidham@gmail.com Erik Stidham: [1, 1]
	diwu1989@users.noreply.github.com Di Wu: [1, 1]
	richard@aggress.net Richard Shaw: [3, 3]
	leecalcote@gmail.com Lee Calcote: [8, 10]
	stevenerenst@gmail.com Steven Erenst: [2, 2]
	dhodovsk@redhat.com Dominika Hodovska: [76, 80]
	nickleefly@gmail.com Xiuyu Li: [5, 5]
	boukevanderbijl@gmail.com Bouke van der Bijl: [1, 1]
	xm@faascape.com faascape: [1, 1]
	joewang@berkeley.edu Joe Wang: [1, 1]
	gurvindersinghdahiya@gmail.com Gurvinder Singh: [4, 3]
	simon@wydooghe.com Simon Wydooghe: [1, 1]
	jsafrane@redhat.com Jan Safranek: [311, 45]
	madhusudancs@google.com Madhusudan.C.S: [1496, 293]
	csbell@google.com Christian Bell: [2, 40]
	nikhiljindal@google.com nikhiljindal: [4425, 2327]
	sross@redhat.com Solly Ross: [213, 60]
	decarr@redhat.com Derek Carr: [1531, 497]
	hekumar@redhat.com Hemant Kumar: [53, 11]
	davidopp@google.com David Oppenheimer: [680, 106]
	wenlxie@ebay.com wenlxie: [1, 1]
	shiywang@users.noreply.github.com Shiyang Wang: [4, 2]
	xuchao@google.com Chao Xu: [174, 71]
	sid@rancher.com sidharthamani: [58, 0]
	jakob.karalus@gmx.net Jakob Karalus: [9, 0]
	mawong@redhat.com Matthew Wong: [586, 351]
	thockin@google.com Tim Hockin: [311, 118]
	wojtekt@google.com Wojciech Tyczynski: [4, 1]
	timothysc@gmail.com Timothy St. Clair: [36, 3]
	peay@protonmail.com peay: [7, 1]
	oshalygin@gmail.com Oleg Shalygin: [2, 4]
	stclair@google.com Tim St. Clair: [424, 2]
	xinzhang1228@gmail.com Xin Zhang: [0, 0]
	markronquillo23@gmail.com Mark Joseph Ronquillo: [1, 1]
	wangzefeng@huawei.com Kevin: [57, 75]
	chen.tao3@zte.com.cn chentao1596: [9, 12]
	carre.marc@gmail.com Marc CARRE: [1, 1]
	justin.r.nauman+github@gmail.com Justin Nauman: [26, 13]
	phanindra.nitw@gmail.com Phanindra Pydisetty: [1, 1]
	jorge@ubuntu.com Jorge O. Castro: [1558, 373]
	klaus1982.cn@gmail.com Klaus Ma: [31, 39]
	eduardobaitello@gmail.com Eduardo Baitello: [3, 3]
	jpeeler@redhat.com Jeff Peeler: [81, 3]
	liu.hao89@zte.com.cn foxyriver: [3, 3]
	schmch@gmail.com Chris Schmich: [1, 1]
	ouyang.qinhua@zte.com.cn Bruce Auyeung: [183, 176]
	huzhifeng@douyu.tv huzhifeng: [73, 16]
	jregan@google.com Jeffrey Regan: [3, 1]
	hvn@familug.org Hung Nguyen Viet: [7, 7]
	hvnsweeting@gmail.com Viet Hung Nguyen: [5, 4]
	kos.tsakalozos@canonical.com Konstantinos Tsakalozos: [20, 20]
	mkumatag@in.ibm.com Manjunath A Kumatagi: [2, 2]
	rob.szumski@coreos.com Rob Szumski: [1, 0]
	wangjie5@chinaskycloud.com Wang Jie: [121, 113]
	philippt@users.noreply.github.com Philipp T: [3, 3]
	sgordon@redhat.com Stephen Gordon: [3, 3]
	pdecat@gmail.com Patrick Decat: [2, 2]
	jeffmendoza@google.com Jeff Mendoza: [1201, 570]
	rparikh@platform9.net roopakparikh: [8, 1]
	andres.via@gmail.com Andres Villarroel: [4, 6]
	kad@linux.intel.com Alexander Kanevskiy: [15, 8]
	rmaugusto@gmail.com Ricardo M. Augusto: [4, 4]
	ben@mathews2000.com Ben Mathews: [0, 2]
	olegs@jeremejevs.com Olegs Jeremejevs: [2, 2]
	xuxinkun@gmail.com xuxinkun: [6, 0]
	harryz@hyper.sh Harry Zhang: [46, 8]
	guillaume@monzo.com Guillaume Breton: [4, 4]
	greatbsky@163.com architect.bian: [2, 2]
	shapeliang@gmail.com liangxiaoping: [4, 4]
	ramanathana@google.com foxish: [1816, 449]
	deng.xilian@zte.com.cn sallydeng: [22, 14]
	michael.mrowetz@cdnetworks.co.kr Michael Mrowetz: [27, 17]
	hostirosti@users.noreply.github.com Robert Kubis: [4, 0]
	mistobaan@users.noreply.github.com Fabrizio Milo: [4, 4]
	pierre@ozoux.net Pierre Ozoux: [2, 2]
	joseph.zhoutao@huawei.com Zhou Tao: [2, 2]
	james@jagregory.com James Gregory: [9, 9]
	albertvaka@gmail.com Albert Vaca: [2, 2]
	erikbean08@gmail.com Erik Bean: [2, 2]
	jjohnston@istreamplanet.com Jesse Johnston: [2, 2]
	admin@toph.ca Christoph Blecker: [8, 8]
	cai.yixiang@zte.com.cn caiyixiang: [17, 17]
	andreas.kohn@gmail.com Andreas Kohn: [5, 5]
	samnap+github@gmail.com samiam: [8, 4]
	hello@jasonjlock.com Jason Lock: [8, 4]
	jeremy.wimsingues@insa-lyon.fr Jérémy Wimsingues: [4, 4]
	jasmine@jhegman.com Jasmine Hegman: [2, 2]
	cwitte@xmlhq.com cwitte4191: [22, 2]
	robert.roland@hpe.com Robert Roland: [2, 0]
	rhim@users.noreply.github.com Himanshu Raj: [2, 0]
	jamesduncannz@users.noreply.github.com James Duncan: [2, 2]
	eamontaaffe@gmail.com Eamon Taaffe: [2, 2]
	ghe@debian.org Ghe Rivero: [6, 0]
	sublimino@gmail.com Andrew Martin: [2, 2]
	ben.spoon@coreos.com Ben Spoon: [2, 0]
	vupornikov@gmail.com Vasily Upornikov: [2, 2]
	xcompass@gmail.com Pan Luo: [6, 6]
	david.calavera@gmail.com David Calavera: [148, 16]
	sritesh@vmware.com Ritesh H Shukla: [127, 23]
	deads@redhat.com deads2k: [144, 4]
	wma@thoughtworks.com Wei Ma: [2, 2]
	cole.mickens@gmail.com Cole Mickens: [242, 817]
	shawn.mccarthy3@gmail.com Shawn McCarthy: [1, 1]
	hekra@cisco.com hekra01: [1, 1]
	henry.nash@uk.ibm.com Henry Nash: [2, 2]
	sean@coreitpro.com Sean M. Collins: [1, 2]
	marc.boorshtein@tremolosecurity.com Marc Boorshtein: [116, 39]
	viglesias@google.com Vic Iglesias: [1, 1]
	eugene.chow.ct@gmail.com Eugene Chow: [2, 2]
	alex2789@gmail.com Alexander: [1, 1]
	samuel.cozannet@canonical.com Samuel Cozannet: [350, 52]
	matt.singletary@gmail.com Matt Singletary: [1, 1]
	snocorp@gmail.com Dave Sewell: [1, 1]
	red@treesandclouds.net Richard Edwards: [1, 1]
	github@tolleiv.de tolleiv: [21, 6]
	jan.kubernetes@zerebecki.de Jan Zerebecki: [1, 1]
	mturansk@redhat.com markturansky: [118, 4]
	blake.barnett@postmates.com blakebarnett: [1, 1]
	dbsmith@google.com Daniel Smith: [1, 12]
	therc@users.noreply.github.com Rudi C: [81, 6]
	stevenlasker@hotmail.com Steve Lasker: [1, 1]
	xiaobo.liao@gmail.com leonliao: [13, 2]
	mishak@mishak.net Michal Gebauer: [1, 1]
	sandeepveldi@users.noreply.github.com sandeepveldi: [3, 0]
	s0rc3r3r01@users.noreply.github.com s0rc3r3r01: [1, 1]
	absoludity@gmail.com Michael Nelson: [10, 0]
	bibryam@gmail.com Bilgin Ibryam: [16, 16]
	bogdando@mail.ru Bogdan Dobrelya: [108, 2]
	emailscottcollier@gmail.com Scott Collier: [2, 2]
	hmalphettes@gmail.com Hugues Malphettes: [1, 1]
	cemalettin.koc@gmail.com Cemalettin Koc: [1, 2]
	luksvs@gmail.com luks: [3, 5]
	yonathan@liftigniter.com Yonathan Randolph: [29, 29]
	hchen@redhat.com Huamin Chen: [34, 7]
	enisoc@google.com Anthony Yeh: [2568, 609]
	euan-am@users.noreply.github.com euan-am: [1, 1]
	omer.zach@gmail.com Omer Zach: [1, 1]
	ensonic@hora-obscura.de Stefan Sauer: [2, 2]
	bgrant0607@users.noreply.github.com Brian Grant: [196, 204]
	mrick@google.com Matt Rickard: [257, 87]
	oskar@deckle.co.uk Oskar Pearson: [3, 15]
	khalpin11@gmail.com khalpin11: [2, 2]
	ahawtho@users.noreply.github.com ahawtho: [3, 3]
	gregoplex@gmail.com gregoplex: [5, 5]
	francescrosasbosque@gmail.com Francesc Rosas: [1, 1]
	xingzhou@cn.ibm.com Xing Zhou: [23, 11]
	brandon.w.cole@gmail.com Brandon Cole: [13, 1]
	ronald.petty@minimumdistance.com Ronald Petty: [51, 51]
	chuck@dasroot.net Charles Butler: [53, 61]
	pclinger@proboards.com Patrick Clinger: [4, 4]
	alexanderilyin@users.noreply.github.com Alexander Ilyin: [11, 7]
	dserodio@users.noreply.github.com Daniel Serodio: [1, 1]
	abhishek@linux.com Abhishek: [150, 62]
	leahnpetersen@gmail.com Leah Petersen: [1, 1]
	xarg@users.noreply.github.com Alex Plugaru: [1, 1]
	gavin.brebner@orange.fr gavinB-orange: [8, 0]
	arbeit@lbox.cc Muharem Hrnjadovic: [1, 1]
	geojaz@users.noreply.github.com Eric Hole: [6, 0]
	mixia@google.com Minhan Xia: [128, 14]
	amccarthy@apprenda.com a-mccarthy: [99, 8]
	voigte@osuosl.org Elijah Caine: [0, 1]
	ben.balter@github.com Ben Balter: [861, 901]
	mikael.cluseau@gmail.com Mikaël Cluseau: [33, 0]
	jgmize@users.noreply.github.com Josh Mize: [1, 1]
	jbischof@gmail.com Jared Bischof: [1, 0]
	mayank.kumar@salesforce.com Mayank Kumar: [5, 5]
	jsloyer@gmail.com Jeff Sloyer: [22, 0]
	gigi-s@bigfoot.com Gigi Sayfan: [4, 4]
	premanandc@gmail.com Premanand Chandrasekaran: [1, 1]
	gbzhu@zju.edu.cn gbzhu: [404, 404]
	waprin@google.com Bill Prin: [310, 0]
	timcrall@gmail.com timcrall: [2, 2]
	ykhrustalev@users.noreply.github.com Yuri Khrustalev: [1, 1]
	leave24534@gmail.com foliage: [3, 3]
	nicolai@vonneudeck.com Nicolai von Neudeck: [35, 15]
	dongziming@zju.edu.cn dongziming: [33, 33]
	guohaifang@zju.edu.cn guohaifang: [1, 1]
	21651061@zju.edu.cn Martially: [3, 3]
	guoqian@zju.edu.cn CandiceGuo: [3, 3]
	energylyn@zju.edu.cn yanan Lee: [25, 25]
	luo612@zju.edu.cn Jie Luo: [13, 13]
	jaescobar.cell@gmail.com Alejandro Escobar: [17, 8]
	taylor.l.thomas@intel.com Taylor Thomas: [23, 2]
	21651152@zju.edu.cn tim-zju: [491, 493]
	qishen@zju.edu.cn SRaddict: [34, 34]
	kyle.ibrahim@gmail.com Kyle Ibrahim: [2, 2]
	stephen.a.gordon@gmail.com Steve Gordon: [1, 1]
	king-julien@users.noreply.github.com king-julien: [1, 1]
	baldwin@stackpointcloud.com Matt Baldwin: [209, 0]
	jbhurat@apprenda.com Jitendra Bhurat: [4, 3]
	nicolas.lamirault@gmail.com Nicolas Lamirault: [1, 1]
	cychiang0823@gmail.com Casper CY Chiang: [1, 1]
	joshrosso@gmail.com joshrosso: [42, 45]
	contacto@unisis.com.ar unisisdev: [8, 0]
	guru@ovn.org Gurucharan Shetty: [8, 0]
	duglin@users.noreply.github.com Doug Davis: [1, 4]
	hades32@gmail.com Martin Rauscher: [11, 11]
	joe.rocklin@gmail.com Joe Rocklin: [1, 1]
	incognym@googlemail.com dbaumgarten: [1, 1]
	nanopy@nanopy.com Eric Baum: [91, 6]
	jimmy@jimmycuadra.com Jimmy Cuadra: [118, 45]
	andrewmoorewatson@gmail.com Andrew Watson: [2, 4]
	hasahni@users.noreply.github.com hasahni: [6, 0]
	saadali@google.com Saad Ali: [0, 0]
	saksham0808@gmail.com Saksham Sharma: [1, 1]
	criviere@cisco.com Chris Riviere: [4, 3]
	jeffschroeder@computer.org Jeff Schroeder: [2, 2]
	agonzalezro@gmail.com Alexandre González: [1, 1]
	dictvm@dictvm.org Daniel Heitmann: [1, 1]
	berrange@redhat.com Daniel P. Berrange: [25, 37]
	beeps@google.com bprashanth: [1709, 102]
	mwielgus@google.com Marcin Wielgus: [642, 30]
	lantaol@google.com Random-Liu: [464, 129]
	jsz@google.com Jerzy Szczepkowski: [331, 13]
	connor.p.doyle@intel.com Connor Doyle: [186, 16]
	bryk@google.com bryk: [121, 207]
	zihongz@google.com Zihong Zheng: [693, 8]
	stephenhsu90@gmail.com Di Xu: [14, 0]
	sam@box.com Sam Ghods: [251, 229]
	da.colonel@gmail.com Denis Andrejew: [3, 3]
	deniskolodin@gmail.com Denis Kolodin: [3, 3]
	mtaufen@google.com Michael Taufen: [7, 7]
	ccoleman@redhat.com Clayton Coleman: [60, 3]
	lkysow@gmail.com Luke Kysow: [2, 0]
	ankurshukla16@gmail.com ankurshukla: [16, 4]
	rmmh@google.com Ryan Hitchman: [12, 12]
	ianlewis@google.com Ian Lewis: [127, 0]
	harryge00@gmail.com pao: [34, 5]
	justinleegarrison@gmail.com Justin Garrison: [40, 18]
	ppospisi@redhat.com pospispa: [30, 1]
	wilk3ert@gmail.com Vincenzo Ferrari: [1, 1]
	jide.b.tade@gmail.com Babajide Fowotade: [4, 4]
	jason@loodse.com Jason Murray: [1, 1]
	chrismarino@users.noreply.github.com chrismarino: [10, 7]
	sjenning@redhat.com Seth Jennings: [3, 3]
	luke@faraone.cc Luke Faraone: [7, 7]
	randy@randyfay.com Randy Fay: [3, 3]
	erik@kupoday.net erikus: [1, 1]
	johanan.lieberman@gmail.com Johanan Lieberman: [8, 2]
	scott@unitedcreations.com scotty: [3035, 781]
	robertspencersmith@gmail.com Spencer Smith: [1, 1]
	francois@ctrlaltdel.ch Francois Deppierraz: [1, 1]
	mfisher@deis.com Matthew Fisher: [24, 30]
	tomvons@gmail.com Tom von Schwerdtner: [2, 0]
	etune@google.com Eric Tune: [1291, 126]
	gamma.dave@gmail.com David Newswanger: [6, 4]
	quinton@google.com Quinton Hoole: [759, 51]
	bdurette@users.noreply.github.com Brandon DuRette: [1, 1]
	me@lukemarsden.net Luke Marsden: [392, 103]
	frozenice@frozenice.de David Kirstein: [2, 2]
	st+github@st-g.de Steffen Gebert: [1, 1]
	tcguitar@gmail.com TRAVIS ALLEN SALAS COX: [1, 1]
	tremaineeto@ucla.edu Tremaine Eto: [1, 1]
	dciccale@gmail.com Denis Ciccale: [1, 1]
	matthias@hoopla.net blankenhaus: [1, 1]
	swordbeta@users.noreply.github.com Michael van Tricht: [1, 1]
	mail@wombatsoftware.de Daniel Sachse: [3, 3]
	mkulke@gmail.com Magnus Kulke: [2, 2]
	martinvladev@gmail.com fen4o: [3, 3]
	linfan.china@gmail.com Fan Lin: [3, 1]
	dominicdevos@t-online.de Dominic001: [6, 7]
	photo.allen@gmail.com Bill: [1, 1]
	clove@cnmconsulting.net Chris Love: [226, 71]
	alexdwanerobinson@gmail.com Alex Robinson: [68, 202]
	keithw@lochan.org Keith Wansbrough: [6, 4]
	vey.julien@gmail.com Julien Vey: [12, 12]
	jadekler@gmail.com Jean de Klerk: [0, 1]
	kay.diam@gmail.com kayrus: [50, 0]
	chris@paninetworks.com Chris Marino: [78, 79]
	shivania@vmware.com Abrar Shivani: [33, 8]
	michal.mankowski@intel.com MichalMankowski: [11, 4]
	masstomato@users.noreply.github.com masstomato: [1, 1]
	dgoodwin@redhat.com Devan Goodwin: [17, 0]
	sascha@brawer.ch Sascha Brawer: [6, 6]
	eparis@redhat.com Eric Paris: [14, 4]
	rodrigo@sdfg.com.ar Rodrigo Campos: [121, 30]
	clemens@build2be.com Clemens Tolboom: [3, 1]
	spousty@redhat.com Steven Pousty: [2, 0]
	nordri@gmail.com Fede Diaz: [61, 19]
	feynman.liang@gmail.com Feynman Liang: [1, 1]
	chris@cjones.org Chris Jones: [1, 0]
	rickyp999@gmail.com Ricky Pai: [25, 26]
	denis.poisson@ts.fujitsu.com Denis Poisson: [1, 1]
	kami.gerami@gmail.com Kami Gerami: [5, 5]
	orlovsergeypost@gmail.com Sergei Orlov: [1, 1]
	mspreitz@us.ibm.com Mike Spreitzer: [82, 67]
	banzeletti@gmx.at anbern: [2, 0]
	seperry53test@gmail.com seperry53test: [1, 1]
	bobsky@users.noreply.github.com bobsky: [1, 1]
	jcope@redhat.com Jon Cope: [2, 3]
	pablo.guerrero@gmail.com Pablo Guerrero: [8, 7]
	steelbrain@users.noreply.github.com Steel Brain: [2, 2]
	apelisse@google.com Antoine Pelisse: [4, 3]
	robert@creativequeries.com Robert Ross: [3, 0]
	james@munnelly.eu James Munnelly: [144, 0]
	iokcluster@gmail.com kcluster: [3, 0]
	lukaszoles@gmail.com Łukasz Oleś: [10, 5]
	theotime.leveque@dailymotion.com Theotime Leveque: [1, 1]
	jv.cyril@gmail.com Cyril Jouve: [26, 18]
	jonathan.boulle@coreos.com Jonathan Boulle: [3, 1]
	sbekkhus91@gmail.com Simen Bekkhus: [1, 1]
	rnaveiras@gmail.com Raúl Naveiras: [1, 1]
	madanpiyush@gmail.com Piyush Madan: [1, 1]
	webwurst@gmail.com Tobias Bradtke: [2, 2]
	callermann@gmail.com callermann: [1, 1]
	tivvit@seznam.cz Vít Listík: [1, 1]
	walterdolce@gmail.com Walter Dolce: [1, 1]
	tchinmai7@gmail.com Tarun Chinmai: [1, 2]
	adieu@adieu.me adieu: [1603, 1603]
	chmouel@chmouel.com Chmouel Boudjnah: [9, 9]
	keglevich2@gmail.com keglevich3: [3, 4]
	pweil@redhat.com pweil-: [183, 1]
	derek.mahar@gmail.com Derek Mahar: [1, 1]
	caleb.miles@coreos.com caleb miles: [94, 14]
	christopherjkim@gmail.com Chris Kim: [2, 2]
	enfermo337@yahoo.com John Torres: [26, 4]
	sammiestoel@gmail.com Sam Stoelinga: [4, 11]
	pszczesniak@google.com Piotr Szczesniak: [148, 122]
	kazuki.suda@gmail.com Kazuki Suda: [8, 8]
	pallavagarwal07@gmail.com Pallav Agarwal: [5, 2]
	tamal@appscode.com tamal: [3, 0]
	git@gg7.io George G: [45, 20]
	evan.cordell@coreos.com Evan Cordell: [112, 0]
	cjcullen@google.com CJ Cullen: [2, 2]
	gmarek@google.com gmarek: [45, 22]
	epatro@gmail.com Eduardo Patrocinio: [3, 0]
	hellwen.wu@gmail.com hellwen: [1, 1]
	cube@sneakybox.com Aaron Rice: [1, 1]
	avagarwa@redhat.com Avesh Agarwal: [186, 24]
	hyunchel@fashionmetric.com Hyunchel Kim: [16, 15]
	pigmej@gmail.com Jedrzej Nowak: [51, 52]
	jchaloup@redhat.com Jan Chaloupka: [114, 46]
	johannes.scheuermann@inovex.de Johannes Scheuermann: [23, 0]
	fbsolo@gmail.com fbsolo: [14, 15]
	yifan.gu@coreos.com Yifan Gu: [162, 207]
	eli@mirantis.com Evgeny L: [2, 2]
	alexbrand09@gmail.com Alexander Brand: [4, 0]
	jesse@cockroachlabs.com jseldess: [2, 2]
	jamie@stoic.net Jamie Alessio: [1, 1]
	enregistrements@gmail.com Eric Khun: [1, 1]
	gkalele@google.com Girish Kalele: [128, 48]
	desert-orchid@users.noreply.github.com desert-orchid: [1, 1]
	jzhou@cliqr.com jzhoucliqr: [2, 2]
	martin@mwl.dk Martin Westergaard Lassen: [1, 1]
	peter@novotnak.net Peter Novotnak: [5, 1]
	czahedi@google.com czahedi: [1, 1]
	stapelberg@google.com Michael Stapelberg: [2, 2]
	jrhoak@gmail.com Josh Hoak: [111, 56]
	ihor.dvoretskyi@gmail.com Ihor Dvoretskyi: [65, 27]
	kyle@lodge.glasgownet.com Kyle Gordon: [5, 4]
	md@stoi.cc Matthew L Daniel: [3, 3]
	ronnie.maor@gmail.com Ronnie Maor: [3, 3]
	nsrinivasan1976@gmail.com Naveen: [14, 10]
	sputnik13@gmail.com Min Pae: [3, 3]
	rapenchukd@gmail.com Drew Rapenchuk: [1, 1]
	moylan.brad@gmail.com Brad Moylan: [1, 1]
	dghubble@gmail.com Dalton Hubble: [9, 2]
	gabe@philo.com Gabe Kopley: [1, 1]
	aalexand@google.com Alexey Alexandrov: [16, 12]
	kelsey.hightower@gmail.com Kelsey Hightower: [13, 7]
	grod@google.com Garrett Rodrigues: [1, 1]
	arnaldo.pereira@luizalabs.com Arnaldo de Moraes Pereira: [12, 14]
	anishkny@gmail.com anishkny: [1, 1]
	christoph.held@est.fujitsu.com Christoph Held: [121, 95]
	tolleiv.nietsch@aoe.com Tolleiv Nietsch: [33, 7]
	nullstyle@gmail.com Scott Fleckenstein: [1, 1]
	anassri@google.com Ace Nassri: [21, 17]
	rudi@clarifai.com Rudi Chiarito: [1, 1]
	wangsha@users.noreply.github.com Sha: [1, 1]
	matthew.bruzek@canonical.com Matt Bruzek: [238, 172]
	age.mooij@gmail.com Age Mooij: [1, 1]
	imhael@gmail.com kevinll: [5, 1]
	me@bdang.it Ben Dang: [1, 1]
	chriskseto@gmail.com Chris Seto: [1, 1]
	cartermorgan1321+github@gmail.com Carter Morgan: [6, 64]
	johndylan@google.com johndmulhausen: [1683865, 1727006]
	matthias@endocode.com Matthias Schmitz: [7, 7]
	scottstensland@gmail.com Scott Stensland: [1, 1]
	dshulyak@mirantis.com Dmitry Shulyak: [21, 0]
	leenders.gert@gmail.com Gert Leenders: [72, 69]
	matt.proud@gmail.com Matt T. Proud: [2, 2]
	eyalev@gmail.com Eyal Levin: [7, 8]
	untoldone@users.noreply.github.com Michael Wasser: [1, 1]
	shridhar.jatin@gmail.com jatins: [5, 4]
	matthew.dupre@metaswitch.com Matt Dupre: [6, 6]
	miller.pete@gmail.com Pete Miller: [8, 8]
	allanlei@helveticode.com Allan Lei: [1, 1]
	aledbf@gmail.com Manuel de Brito Fontes: [2, 7]
	jedroadam@gmail.com Adam J: [2, 2]
	akaplan@findyr.com Adam Kaplan: [7, 1]
	ryanesc@gmail.com Ryan Eschinger: [1, 1]
	alena@rancher.com Alena Prokharchyk: [1, 1]
	ibobrik@gmail.com Ivan Babrou: [5, 5]
	timbrockman@users.noreply.github.com Tim Brockman: [10, 8]
	gangefors@users.noreply.github.com Stefan Gangefors: [18, 0]
	xxxyel@gmail.com Jisoo Park: [1, 1]
	wonsek@gmail.com Tomasz Kopczynski: [1, 1]
	alainr@vmware.com Alain Roy: [252, 4]
	jeffml@google.com Jeff Lowdermilk: [54, 25]
	runseb@gmail.com runseb: [10, 9]
	michael@nervd.com Malet: [5, 2]
	asalkeld@mirantis.com Angus Salkeld: [15, 0]
	johndylan@johndylan-macbookpro2.roam.corp.google.com John Mulhausen: [159131, 81887]
	dlorenc@google.com dlorenc: [6, 1]
	brownwm@us.ibm.com Mike Brown: [214, 144]
	takitake.create@gmail.com Takeshi Takizawa: [24, 10]
	elson.rodriguez@gmail.com Elson Rodriguez: [2, 2]
	bodepd@gmail.com Dan Bode: [24, 0]
	gerti.poppel@est.fujitsu.com Gerti Poppel: [205, 128]
	purificant@users.noreply.github.com purificant: [1, 1]
	nicholas.anderson@nike.com Nicholas Anderson: [8, 8]
	metral@gmail.com Mike Metral: [43, 0]
	lorenc.d@gmail.com Dan Lorenc: [125, 1]
	zoidbergwill@gmail.com William Martin Stewart: [0, 1]
	matt@mattfischer.com Matt Fischer: [10, 2]
	jonathan@saharacluster.com Jonathan Kosgei: [6, 0]
	davidxia@users.noreply.github.com David Xia: [1, 1]
	ffledgling@gmail.com Anhad Jai Singh: [1, 1]
	josh@6bit.com Joshua Perry: [21, 11]
	me@andrewmichaelsmith.com Andrew Smith: [17, 38]
	euank@coreos.com Euan Kemp: [5, 5]
	luciano.mores@softplan.com.br lucianomores: [1, 1]
	ben.hosmer@gmail.com Ben Hosmer: [6, 0]
	atomantic@gmail.com Adam Eivy: [1, 1]
	liujunhui@gmail.com liujunhui74: [5, 0]
	harryzhang@zju.edu.cn harryz: [1, 0]
	paweloczadly@gmail.com Paweł Oczadły: [1, 0]
	jkwan@vistaprint.com Jeff Kwan: [2, 2]
	nic@worldofnic.org Nicolas Doye: [3, 4]
	isubuz.g@gmail.com isubuz: [8, 8]
	gouyang@redhat.com Guohua Ouyang: [3, 5]
	james.defabia@lexisnexis.com DrDePhobia: [665, 381]
	abaker@twilio.com Andrew T. Baker: [9, 1]
	pzimmerm@cisco.com Paul Zimmerman: [11, 11]
	allison@mistressofinformation.com Allison Reinheimer Moore: [4, 15]
	pavel.strashkin@gmail.com Pavel Strashkin: [1, 1]
	mwhooker@gmail.com Matthew Hooker: [1, 13]
	elson.o.rodriguez@intel.com Elson O Rodriguez: [192, 65]
	alginmaduro@users.noreply.github.com AlginMaduro: [2, 2]
	tpryan@google.com Terrence Ryan: [12927, 6483]
	gnomation@gnomeontherun.com Jeremy Wilken: [386, 5]
	rick@beerdrinker.org Rick: [1, 1]
	development@stp-ip.net Michael Grosser: [1, 1]
	spiffxp@gmail.com Aaron Crickenberger: [7, 1]
	mattdoran76@gmail.com Matt Doran: [4, 4]
	khaliddermoumi@users.noreply.github.com Khalid Dermoumi: [6, 8]
	thuey100@gmail.com Trevor Huey: [1, 1]
	mbauer@us.ibm.com Morgan Bauer: [3, 3]
	prullan@apsl.net Pau Ruŀlan: [5, 2]
	hi@karlherler.com Karl Herler: [3, 3]
	scheele.s@web.de Sebastian: [1, 1]
	ca@carsonoid.net Carson A: [5, 9]
	teemow@gmail.com Timo Derstappen: [3, 1]
	dims@linux.vnet.ibm.com Davanum Srinivas: [7, 1]
	joonathan@gmail.com Joonathan Mägi: [9, 9]
	mahata777+github@gmail.com Yasu: [2, 2]
	ironstorm@gmail.com jumpkick: [2, 0]
	ross@kukulinski.com Ross Kukulinski: [4, 5]
	zreigz@gmail.com Lukasz Zajaczkowski: [120, 1]
	burdandrei@users.noreply.github.com Andrei Burd: [1, 1]
	stephencharlesb@gmail.com Stephen Baldwin: [19, 19]
	aschultz@next-development.com Alex Schultz: [3, 3]
	coolhzb@163.com AdoHe: [2, 0]
	hughes.matt@gmail.com Matt Hughes: [3, 3]
	cquiter@gmail.com Craig Quiter: [3, 2]
	dagnello@hp.com dagnello: [39, 0]
	mkhir@users.noreply.github.com Mohammad Khodadadi: [52, 51]
	ohtake.tomohiro@jp.fujitsu.com OHTAKE Tomohiro: [6, 6]
	jojow@users.noreply.github.com Johannes: [1, 1]
	carton.antoine@gmail.com Antoine Carton: [1, 1]
	ahmad.aabed.m@gmail.com Aabed: [4, 4]
	guillaume@databerries.com Guillaume Charhon: [1, 1]
	abuehrle@users.noreply.github.com Anita Buehrle: [9, 4]
	rachel@willmer.org Rachel Willmer: [21, 1]
	jorge.middleton@gmail.com Jorge Luis Middleton: [16, 16]
	steve@stevesloka.com Steve Sloka: [9, 3]
	jimmyjones2@gmx.co.uk Jimmy Jones: [3, 2]
	alr@alrubinger.com Andrew Lee Rubinger: [2, 2]
	redbeard@dead-city.org Brian 'Redbeard' Harrington: [5, 3]
	spencer@spencerbrown.org Spencer Brown: [1, 1]
	king6cong@gmail.com king6cong: [1, 0]
	mehdi.chamouma@gmail.com Mehdi Chamouma: [1, 1]
	anzhsoft@gmail.com anzhsoft: [1, 1]
	javi@diacode.com Javier Cuevas: [1, 1]
	doug@dougkoch.me Doug Koch: [1, 1]
	vipijain@insiemenetworks.com Vipin Jain: [4, 0]
	mikolaj@pawlikowski.pl Mikolaj Pawlikowski: [2, 2]
	vitale@google.com benvitale: [1, 1]
	porridge@google.com Marcin Owsiany: [11, 10]
	ckleban@gmail.com ckleban: [402, 65]
	jeroenvisser101@users.noreply.github.com Jeroen Visser: [1, 1]
	benjamin@sonntag.fr Benjamin Sonntag: [2, 2]
	erwin_dso@hotmail.com Erwin van Eyk: [4, 4]
	zhouhaibing089@gmail.com zhouhaibing089: [1, 3]
	swagiaal@redhat.com Sami Wagiaalla: [80, 1]
	aleks.saul@gmail.com Aleks Saul: [2, 2]
	djmm@google.com David McMahon: [1, 28]
	gosharplite@gmail.com Tony Hsu: [1, 1]
	ssaasen@atlassian.com Stefan Saasen: [3, 3]
	cben@redhat.com Beni Cherniavsky-Paskin: [1, 1]
	matthias.luebken@gmail.com Matthias Lübken: [3, 1]
	r.dahlen@gmail.com Ragnar Dahlén: [3, 3]
	fmeng@ebay.com mfanjie: [2448, 2426]
	matt@stackoverflow.com Matt Sherman: [1, 1]
	jtblin@atlassian.com Jerome Touffe-Blin: [2, 2]
image 58708 24763
	vmik@google.com Mik Vyatskov: [0, 0]
	marklam@google.com mlambert890b: [0, 0]
	mkorejo@gmail.com Murad Korejo: [242, 401]
	jaredbhatti@users.noreply.github.com Jared: [0, 0]
	pwittroc@google.com Phillip Wittrock: [19482, 0]
	casey@tigera.io Casey Davenport: [0, 0]
	stevepe@google.com steveperry-53: [11780, 0]
	nickleefly@gmail.com Xiuyu Li: [0, 0]
	stclair@google.com Tim St. Clair: [0, 0]
	jorge@ubuntu.com Jorge O. Castro: [0, 0]
	cole.mickens@gmail.com Cole Mickens: [0, 0]
	marc.boorshtein@tremolosecurity.com Marc Boorshtein: [1, 0]
	baldwin@stackpointcloud.com Matt Baldwin: [0, 0]
	jbhurat@apprenda.com Jitendra Bhurat: [0, 0]
	duglin@users.noreply.github.com Doug Davis: [0, 0]
	nanopy@nanopy.com Eric Baum: [231, 2]
	jsz@google.com Jerzy Szczepkowski: [0, 0]
	bryk@google.com bryk: [0, 0]
	ankurshukla16@gmail.com ankurshukla: [0, 0]
	jpeterson4223@yahoo.com Justin Peterson: [177, 405]
	scott@unitedcreations.com scotty: [3, 0]
	etune@google.com Eric Tune: [4, 0]
	seanturner83@gmail.com seanturner83: [0, 0]
	fbsolo@gmail.com fbsolo: [0, 0]
	akurilin@mirantis.com Andrey Kurilin: [4, 0]
	johndylan@google.com johndmulhausen: [14460, 16880]
	johndylan@johndylan-macbookpro2.roam.corp.google.com John Mulhausen: [12300, 7065]
	gerti.poppel@est.fujitsu.com Gerti Poppel: [0, 0]
	mindy.moreland@puppetlabs.com Mindy Moreland: [8, 0]
	pzimmerm@cisco.com Paul Zimmerman: [11, 7]
	tpryan@google.com Terrence Ryan: [2, 1]
	werner@beroux.com Werner Beroux: [1, 0]
	jhansen@deis.com Jason Hansen: [0, 0]
	matt@elasticbox.com Matt Nickles: [2, 2]
	matt@stackoverflow.com Matt Sherman: [0, 0]
documentation 857170 341521
	chenopis@users.noreply.github.com Andrew Chen: [8379, 307]
	steveperry-53@users.noreply.github.com Steve Perry: [433, 113]
	yu.peng36@zte.com.cn yupengzte: [2953, 2953]
	zhang.xiaoyu33@zte.com.cn Xiaoyu Zhang: [5, 5]
	ahmetalpbalkan@gmail.com Ahmet Alp Balkan: [17, 3]
	olalonde@gmail.com Oli Lalonde: [1, 1]
	jmyue@hotmail.com supereagle: [2, 2]
	zhao.xiangpeng@zte.com.cn xiangpengzhao: [403, 405]
	craig.box@gmail.com craigbox: [1, 1]
	darren.mutz@appfolio.com Darren Mutz: [2, 2]
	charlie@charliedrage.com Charlie Drage: [3, 3]
	mikedanese@google.com Mike Danese: [1, 0]
	chiachenk@google.com Janet Kuo: [77816, 6228]
	mkorejo@gmail.com Murad Korejo: [93, 120]
	jaredbhatti@users.noreply.github.com Jared: [7, 4]
	pwittroc@google.com Phillip Wittrock: [357288, 19175]
	luxas@users.noreply.github.com Lucas Käldström: [0, 1]
	stevepe@google.com steveperry-53: [23759, 652]
	yogendrarampuria@gmail.com Yogendra Rampuria - Yogi: [1, 1]
	ddonnelly@google.com devin-donnelly: [43, 18]
	maszulik@redhat.com Maciej Szulik: [20603, 3279]
	acidburn@google.com Jess Frazelle: [531, 550]
	rohan@sah.ai Rohan Sahai: [1, 1]
	mengqiy@google.com Mengqi Yu: [2654, 97338]
	dhodovsk@redhat.com Dominika Hodovska: [2, 2]
	nikhiljindal@google.com nikhiljindal: [92617, 4541]
	csutherland@gmail.com Craig Sutherland: [1, 1]
	github@rpaisley.com Rob Paisley: [1, 1]
	ouyang.qinhua@zte.com.cn Bruce Auyeung: [26, 26]
	jeffmendoza@google.com Jeff Mendoza: [12, 5]
	tailnode@gmail.com tailnode: [12, 12]
	albertvaka@gmail.com Albert Vaca: [2, 2]
	ben.moss.uk+githubpassionforpie@gmail.com PassionForPie: [2, 2]
	aneesh.e@imaginea.com Aneesh Kumar: [0, 1]
	bgrant0607@users.noreply.github.com Brian Grant: [14, 14]
	gregoplex@gmail.com gregoplex: [5, 5]
	nateq314@gmail.com Nathan Quarles: [1, 1]
	ben@benhall.me.uk Ben Hall: [27, 18]
	mark007@gmail.com mark007: [1, 1]
	ben.balter@github.com Ben Balter: [119, 95]
	dongziming@zju.edu.cn dongziming: [5, 5]
	21651152@zju.edu.cn tim-zju: [40, 40]
	andrey.chernishov@gmail.com Andrey: [1, 2]
	qishen@zju.edu.cn SRaddict: [31, 31]
	duglin@users.noreply.github.com Doug Davis: [1, 0]
	nanopy@nanopy.com Eric Baum: [21, 9]
	junaidali@plumgrid.com Junaid Ali: [1, 1]
	ankurshukla@users.noreply.github.com Ankur Shukla: [0, 1]
	ankurshukla16@gmail.com ankurshukla: [31, 18]
	scott@unitedcreations.com scotty: [3904, 2774]
	etune@google.com Eric Tune: [18, 0]
	rodrigo@sdfg.com.ar Rodrigo Campos: [1, 1]
	hey@vito.io Victor Gama: [1, 1]
	mistydemeo@github.com Misty De Meo: [1, 1]
	talklittle@gmail.com Andrew Shu: [13, 13]
	pweil@redhat.com pweil-: [2, 0]
	md@stoi.cc Matthew L Daniel: [2, 2]
	johndylan@google.com johndmulhausen: [106626, 106449]
	johndylan@johndylan-macbookpro2.roam.corp.google.com John Mulhausen: [158623, 96275]
	james.defabia@lexisnexis.com DrDePhobia: [4, 4]
	pzimmerm@cisco.com Paul Zimmerman: [3, 3]
	jhansen@deis.com Jason Hansen: [1, 0]
	jdubay@discogsinc.com Jesse Dubay: [1, 1]
	matt@stackoverflow.com Matt Sherman: [1, 1]
ui 501 75
	pwittroc@google.com Phillip Wittrock: [426, 0]
	johndylan@google.com johndmulhausen: [75, 75]
build 13602 11961
	paulbattaglia@google.com paulbattagliag: [11, 50]
	chenopis@users.noreply.github.com Andrew Chen: [97, 13]
	steveperry-53@users.noreply.github.com Steve Perry: [469, 63]
	kasper@firemango.dk Kasper Bentsen: [1, 0]
	vmik@google.com Mik Vyatskov: [0, 40]
	zhang.xiaoyu33@zte.com.cn Xiaoyu Zhang: [15, 15]
	foxish@users.noreply.github.com Anirudh Ramanathan: [15, 0]
	chen.huan@zte.com.cn chenhuan12: [2, 2]
	rob.scott87@gmail.com Rob Scott: [54, 19]
	pauljuliusmartinez@gmail.com PaulJuliusMartinez: [2, 2]
	caosf.fnst@cn.fujitsu.com Cao Shufeng: [1, 0]
	pwittroc@google.com Phillip Wittrock: [336, 0]
	jliggitt@redhat.com Jordan Liggitt: [36, 14]
	luxas@users.noreply.github.com Lucas Käldström: [0, 136]
	stevepe@google.com steveperry-53: [690, 11]
	stlwrt@gmail.com Pavel Shevchuk: [3, 3]
	robin.kurz@student.reutlingen-university.de blackbird29: [1, 1]
	dhodovsk@redhat.com Dominika Hodovska: [12, 13]
	ejc3@yahoo-inc.com EJ: [1, 1]
	jeffmendoza@google.com Jeff Mendoza: [11, 0]
	david.calavera@gmail.com David Calavera: [19, 1]
	aarons88@gmail.com Aaron Signorelli: [1, 1]
	ben.balter@github.com Ben Balter: [3, 2]
	johndylan@google.com johndmulhausen: [10877, 11208]
	johndylan@johndylan-macbookpro2.roam.corp.google.com John Mulhausen: [945, 366]
devel-doc 72178 51519
code 438494 69133
package 0 0
unknown 2212337 2016410
image 58708 24763
documentation 857170 341521
ui 501 75
build 13602 11961
