Filter on "\/vendor\/"
open output file /Users/lukasz/dev/cncf/gitdm/repos/kube-state-metrics.csv

unknown@hacker.net Unknown hacker
fbranczyk@gmail.com Frederic Branczyk
	unknown [379730, 178067]
	devel-doc [3231, 4530]
	code [2635, 38]
	build [117, 86]
	documentation [19, 635]
zouyee1989@gmail.com zouyee
	unknown [245, 7]
	devel-doc [8, 2]
andy.xning@gmail.com Andy Xie
	unknown [20, 12]
	build [5, 3]
fab.reinartz@gmail.com Fabian Reinartz
	unknown [2274, 1228]
	devel-doc [19, 62]
	build [26, 0]
arno.uhlig@sap.com Arno Uhlig
	unknown [177, 7]
	devel-doc [3, 0]
nv@kuende.com Nicolae Vartolomei
	unknown [13, 0]
	devel-doc [1, 0]
haissam.kaj@gmail.com Haissam Kaj
	devel-doc [7, 7]
gyliu513@gmail.com Guangya Liu
	devel-doc [13, 9]
sophaskins@github.com Sophie Haskins
	devel-doc [3, 5]
dominik.schulz@gauner.org Dominik Schulz
	unknown [528, 12]
	devel-doc [23, 0]
jkeife@alianza.com josh keife
	unknown [1, 1]
russell.r.cohen@gmail.com Russell Cohen
	devel-doc [1, 1]
davidoff@qedmf.net Andrew Davidoff
	unknown [85169, 75841]
	devel-doc [61, 60]
chenjg@harmonycloud.cn fate-grand-order
	unknown [1, 1]
cs006061@gmail.com koudaiii
	unknown [10, 2]
frodenas@gmail.com Ferran Rodenas
	unknown [2, 1]
slaws@users.noreply.github.com slaws
	unknown [251, 0]
	devel-doc [6, 0]
luke@mallon.io Luke Mallon
	unknown [11, 5]
	devel-doc [5, 5]
ahakanbaba@users.noreply.github.com ahakanbaba
	unknown [111, 0]
	devel-doc [2, 0]
shamil.si@gmail.com Alex Simenduev
	unknown [19, 5]
	devel-doc [1, 0]
rul@kalgan.cc Raúl Benencia
	unknown [16, 0]
	devel-doc [1, 0]
mail@wombatsoftware.de Daniel Sachse
	unknown [43, 1]
	devel-doc [26, 6]
greg.dallavalle@ave81.com Greg Dallavalle
	unknown [49, 1]
	devel-doc [1, 0]
sam@box.com Sam Ghods
	unknown [462645, 0]
	devel-doc [8744, 18]
	code [426, 0]
	build [168, 0]
	documentation [4120, 0]
vishh@users.noreply.github.com Vish Kannan
bgrant0607@users.noreply.github.com Brian Grant
	devel-doc [203, 0]
unknown 931315 255191
	fbranczyk@gmail.com Frederic Branczyk: [379730, 178067]
	zouyee1989@gmail.com zouyee: [245, 7]
	andy.xning@gmail.com Andy Xie: [20, 12]
	fab.reinartz@gmail.com Fabian Reinartz: [2274, 1228]
	arno.uhlig@sap.com Arno Uhlig: [177, 7]
	nv@kuende.com Nicolae Vartolomei: [13, 0]
	dominik.schulz@gauner.org Dominik Schulz: [528, 12]
	jkeife@alianza.com josh keife: [1, 1]
	davidoff@qedmf.net Andrew Davidoff: [85169, 75841]
	chenjg@harmonycloud.cn fate-grand-order: [1, 1]
	cs006061@gmail.com koudaiii: [10, 2]
	frodenas@gmail.com Ferran Rodenas: [2, 1]
	slaws@users.noreply.github.com slaws: [251, 0]
	luke@mallon.io Luke Mallon: [11, 5]
	ahakanbaba@users.noreply.github.com ahakanbaba: [111, 0]
	shamil.si@gmail.com Alex Simenduev: [19, 5]
	rul@kalgan.cc Raúl Benencia: [16, 0]
	mail@wombatsoftware.de Daniel Sachse: [43, 1]
	greg.dallavalle@ave81.com Greg Dallavalle: [49, 1]
	sam@box.com Sam Ghods: [462645, 0]
devel-doc 12359 4705
	fbranczyk@gmail.com Frederic Branczyk: [3231, 4530]
	zouyee1989@gmail.com zouyee: [8, 2]
	fab.reinartz@gmail.com Fabian Reinartz: [19, 62]
	arno.uhlig@sap.com Arno Uhlig: [3, 0]
	nv@kuende.com Nicolae Vartolomei: [1, 0]
	haissam.kaj@gmail.com Haissam Kaj: [7, 7]
	gyliu513@gmail.com Guangya Liu: [13, 9]
	sophaskins@github.com Sophie Haskins: [3, 5]
	dominik.schulz@gauner.org Dominik Schulz: [23, 0]
	russell.r.cohen@gmail.com Russell Cohen: [1, 1]
	davidoff@qedmf.net Andrew Davidoff: [61, 60]
	slaws@users.noreply.github.com slaws: [6, 0]
	luke@mallon.io Luke Mallon: [5, 5]
	ahakanbaba@users.noreply.github.com ahakanbaba: [2, 0]
	shamil.si@gmail.com Alex Simenduev: [1, 0]
	rul@kalgan.cc Raúl Benencia: [1, 0]
	mail@wombatsoftware.de Daniel Sachse: [26, 6]
	greg.dallavalle@ave81.com Greg Dallavalle: [1, 0]
	sam@box.com Sam Ghods: [8744, 18]
	bgrant0607@users.noreply.github.com Brian Grant: [203, 0]
code 3061 38
	fbranczyk@gmail.com Frederic Branczyk: [2635, 38]
	sam@box.com Sam Ghods: [426, 0]
build 316 89
	fbranczyk@gmail.com Frederic Branczyk: [117, 86]
	andy.xning@gmail.com Andy Xie: [5, 3]
	fab.reinartz@gmail.com Fabian Reinartz: [26, 0]
	sam@box.com Sam Ghods: [168, 0]
documentation 4139 635
	fbranczyk@gmail.com Frederic Branczyk: [19, 635]
	sam@box.com Sam Ghods: [4120, 0]
unknown 931315 255191
devel-doc 12359 4705
code 3061 38
build 316 89
documentation 4139 635
