Filter on "^vendor/|/vendor/"
open output file /Users/lukasz/dev/cncf/gitdm/repos/kube-ui.csv

WARNING: duplicate email/empl for sandeeppissay@users.noreply.github.com
WARNING: duplicate email/empl for ssrinivas@vmware.com
(Unknown) unknown@hacker.net Unknown hacker
Google mikedanese@gmail.com Mike Danese
	unknown [6416, 1012]
	devel-doc [74, 0]
	code [71, 17]
	build [30, 4]
	documentation [16, 0]
Cisco patrick@kismatic.com Patrick Reilly
	devel-doc [2371, 180]
	code [142485, 3208]
	unknown [29872, 4423]
	image [1766, 778]
	documentation [30653, 267]
	ui [215, 1]
	build [150, 4]
Mesosphere sttts@mesosphere.io Dr. Stefan Schimanski
	unknown [528, 453]
	code [74, 24]
Google robertbailey@google.com Robert Bailey
	code [5, 1]
UPMC slokas@upmc.edu Steve Sloka
	unknown [6, 3]
	code [105, 71]
	documentation [18, 3]
adesso AG info@sebastian-mueller.net Sebastian Müller
	unknown [35, 12]
	devel-doc [1, 7]
	code [145, 130]
	documentation [1, 1]
Coding tsl0922@gmail.com Shuanglei Tao
	unknown [4, 4]
(Unknown) rich@kismatic.com rrmckinley
Google stclair@google.com Tim St. Clair
	devel-doc [1, 1]
Google jackgr@google.com jackgr
	unknown [20, 14]
	devel-doc [172, 101]
	code [261, 303]
	image [76, 0]
	documentation [248, 1638]
Cockroach alexdwanerobinson@gmail.com Alex Robinson
Red Hat shlomi@ben-hanna.com Shlomi Zadok
	documentation [2, 2]
Vayable bc@kismatic.io BC Broussard
	unknown [95, 24057]
	code [3722, 3431]
	documentation [377, 185]
Google jeffml@google.com Jeff Lowdermilk
	devel-doc [18, 1]
Apache imesh@apache.org Imesh Gunaratne
	documentation [1, 1]
Google krousey@users.noreply.github.com krousey
Rackspace blake.haggerty@rackspace.com Blake Haggerty
	devel-doc [1, 1]
Microsoft bburns@google.com Brendan Burns
	unknown [63, 1]
	image [778, 0]
	code [273, 45]
	documentation [233, 3]
Tagged djvirgen@gmail.com Hector Virgen
	unknown [1, 0]
	code [75, 1]
Google nikhiljindal18@gmail.com nikhiljindal
	image [0, 0]
	code [11473, 11473]
	documentation [1463, 1463]
Google jcarriere@google.com Jeromy Carriere
	unknown [8, 8]
	code [4, 0]
Red Hat ccoleman@redhat.com Clayton Coleman
devel-doc 2638 291
	Google mikedanese@gmail.com Mike Danese: [74, 0]
	Cisco patrick@kismatic.com Patrick Reilly: [2371, 180]
	adesso AG info@sebastian-mueller.net Sebastian Müller: [1, 7]
	Google stclair@google.com Tim St. Clair: [1, 1]
	Google jackgr@google.com jackgr: [172, 101]
	Google jeffml@google.com Jeff Lowdermilk: [18, 1]
	Rackspace blake.haggerty@rackspace.com Blake Haggerty: [1, 1]
code 158693 18704
	Google mikedanese@gmail.com Mike Danese: [71, 17]
	Cisco patrick@kismatic.com Patrick Reilly: [142485, 3208]
	Mesosphere sttts@mesosphere.io Dr. Stefan Schimanski: [74, 24]
	Google robertbailey@google.com Robert Bailey: [5, 1]
	UPMC slokas@upmc.edu Steve Sloka: [105, 71]
	adesso AG info@sebastian-mueller.net Sebastian Müller: [145, 130]
	Google jackgr@google.com jackgr: [261, 303]
	Vayable bc@kismatic.io BC Broussard: [3722, 3431]
	Microsoft bburns@google.com Brendan Burns: [273, 45]
	Tagged djvirgen@gmail.com Hector Virgen: [75, 1]
	Google nikhiljindal18@gmail.com nikhiljindal: [11473, 11473]
	Google jcarriere@google.com Jeromy Carriere: [4, 0]
unknown 37048 29987
	Google mikedanese@gmail.com Mike Danese: [6416, 1012]
	Cisco patrick@kismatic.com Patrick Reilly: [29872, 4423]
	Mesosphere sttts@mesosphere.io Dr. Stefan Schimanski: [528, 453]
	UPMC slokas@upmc.edu Steve Sloka: [6, 3]
	adesso AG info@sebastian-mueller.net Sebastian Müller: [35, 12]
	Coding tsl0922@gmail.com Shuanglei Tao: [4, 4]
	Google jackgr@google.com jackgr: [20, 14]
	Vayable bc@kismatic.io BC Broussard: [95, 24057]
	Microsoft bburns@google.com Brendan Burns: [63, 1]
	Tagged djvirgen@gmail.com Hector Virgen: [1, 0]
	Google jcarriere@google.com Jeromy Carriere: [8, 8]
image 2620 778
	Cisco patrick@kismatic.com Patrick Reilly: [1766, 778]
	Google jackgr@google.com jackgr: [76, 0]
	Microsoft bburns@google.com Brendan Burns: [778, 0]
	Google nikhiljindal18@gmail.com nikhiljindal: [0, 0]
documentation 33012 3563
	Google mikedanese@gmail.com Mike Danese: [16, 0]
	Cisco patrick@kismatic.com Patrick Reilly: [30653, 267]
	UPMC slokas@upmc.edu Steve Sloka: [18, 3]
	adesso AG info@sebastian-mueller.net Sebastian Müller: [1, 1]
	Google jackgr@google.com jackgr: [248, 1638]
	Red Hat shlomi@ben-hanna.com Shlomi Zadok: [2, 2]
	Vayable bc@kismatic.io BC Broussard: [377, 185]
	Apache imesh@apache.org Imesh Gunaratne: [1, 1]
	Microsoft bburns@google.com Brendan Burns: [233, 3]
	Google nikhiljindal18@gmail.com nikhiljindal: [1463, 1463]
ui 215 1
	Cisco patrick@kismatic.com Patrick Reilly: [215, 1]
build 180 8
	Google mikedanese@gmail.com Mike Danese: [30, 4]
	Cisco patrick@kismatic.com Patrick Reilly: [150, 4]
devel-doc 2638 291
code 158693 18704
unknown 37048 29987
image 2620 778
documentation 33012 3563
ui 215 1
build 180 8
