Filter on "^vendor/|/vendor/"
open output file /Users/lukasz/dev/cncf/gitdm/repos/kubernetes-docs-cn.csv

WARNING: duplicate email/empl for sandeeppissay@users.noreply.github.com
WARNING: duplicate email/empl for ssrinivas@vmware.com
(Unknown) unknown@hacker.net Unknown hacker
ZTE Corporation yu.peng36@zte.com.cn yupeng
	unknown [17, 17]
Huawei huruifeng@huawei.com Victor HU
	devel-doc [594, 39]
	code [3450, 0]
	unknown [33801, 531]
	image [7014, 0]
	documentation [155217, 0]
	build [302, 0]
Net EASE 网易有态度 linfan-163@163.com linfan
	unknown [55, 57]
Appcoach kurtzhong520@gmail.com Kurt Zhong
	unknown [330, 590]
TrendMicro Inc. qsunme@gmail.com iT2afL0rd
	unknown [194, 187]
Docker harryzhang@zju.edu.cn Harry Zhang
Net EASE 网易有态度 jianxin_home@163.com zhongjianxin
	unknown [31, 38]
(Unknown) lambert_sun@trendmicro.com.cn Lambert Sun (RD-CN)
	unknown [29, 40]
Google bgrant0607@users.noreply.github.com Brian Grant
	devel-doc [201, 0]
devel-doc 795 39
	Huawei huruifeng@huawei.com Victor HU: [594, 39]
	Google bgrant0607@users.noreply.github.com Brian Grant: [201, 0]
code 3450 0
	Huawei huruifeng@huawei.com Victor HU: [3450, 0]
unknown 34457 1460
	ZTE Corporation yu.peng36@zte.com.cn yupeng: [17, 17]
	Huawei huruifeng@huawei.com Victor HU: [33801, 531]
	Net EASE 网易有态度 linfan-163@163.com linfan: [55, 57]
	Appcoach kurtzhong520@gmail.com Kurt Zhong: [330, 590]
	TrendMicro Inc. qsunme@gmail.com iT2afL0rd: [194, 187]
	Net EASE 网易有态度 jianxin_home@163.com zhongjianxin: [31, 38]
	(Unknown) lambert_sun@trendmicro.com.cn Lambert Sun (RD-CN): [29, 40]
image 7014 0
	Huawei huruifeng@huawei.com Victor HU: [7014, 0]
documentation 155217 0
	Huawei huruifeng@huawei.com Victor HU: [155217, 0]
build 302 0
	Huawei huruifeng@huawei.com Victor HU: [302, 0]
devel-doc 795 39
code 3450 0
unknown 34457 1460
image 7014 0
documentation 155217 0
build 302 0
