Filter on "\/vendor\/"
open output file /Users/lukasz/dev/cncf/gitdm/repos/kube-ui-docker.csv

unknown@hacker.net Unknown hacker
patrick@kismatic.io Patrick Reilly
	devel-doc [392, 0]
	code [3358, 0]
	unknown [432282, 1]
	image [0, 0]
	documentation [83, 0]
	ui [6, 0]
	build [48, 1]
devel-doc 392 0
	patrick@kismatic.io Patrick Reilly: [392, 0]
code 3358 0
	patrick@kismatic.io Patrick Reilly: [3358, 0]
unknown 432282 1
	patrick@kismatic.io Patrick Reilly: [432282, 1]
image 0 0
	patrick@kismatic.io Patrick Reilly: [0, 0]
documentation 83 0
	patrick@kismatic.io Patrick Reilly: [83, 0]
ui 6 0
	patrick@kismatic.io Patrick Reilly: [6, 0]
build 48 1
	patrick@kismatic.io Patrick Reilly: [48, 1]
devel-doc 392 0
code 3358 0
unknown 432282 1
image 0 0
documentation 83 0
ui 6 0
build 48 1
