Filter on "^vendor/|/vendor/"
open output file /Users/lukasz/dev/cncf/gitdm/repos/kubernetes-bootcamp.csv

unknown@hacker.net Unknown hacker
steveperry-53@users.noreply.github.com Steve Perry
770581715@qq.com Bingo Huang
	documentation [1, 1]
ddonnelly@google.com devin-donnelly
	documentation [30, 24]
carloshrsouza@gmail.com Carlos Souza
	code [1, 1]
pwittroc+github@google.com Phillip Wittrock
catalin.jora@container-solutions.com Catalin Jora
	unknown [5, 0]
	image [51201, 1859]
	code [36469, 118]
	devel-doc [209, 0]
	documentation [24191, 3686]
surajssd009005@gmail.com Suraj Deshmukh
	documentation [1, 1]
maarten@moretea.nl Maarten Hoogendoorn
	code [10, 14]
	documentation [85, 38]
code 36480 133
	carloshrsouza@gmail.com Carlos Souza: [1, 1]
	catalin.jora@container-solutions.com Catalin Jora: [36469, 118]
	maarten@moretea.nl Maarten Hoogendoorn: [10, 14]
unknown 5 0
	catalin.jora@container-solutions.com Catalin Jora: [5, 0]
image 51201 1859
	catalin.jora@container-solutions.com Catalin Jora: [51201, 1859]
documentation 24308 3750
	770581715@qq.com Bingo Huang: [1, 1]
	ddonnelly@google.com devin-donnelly: [30, 24]
	catalin.jora@container-solutions.com Catalin Jora: [24191, 3686]
	surajssd009005@gmail.com Suraj Deshmukh: [1, 1]
	maarten@moretea.nl Maarten Hoogendoorn: [85, 38]
devel-doc 209 0
	catalin.jora@container-solutions.com Catalin Jora: [209, 0]
code 36480 133
unknown 5 0
image 51201 1859
documentation 24308 3750
devel-doc 209 0
