Filter on "^vendor/|/vendor/"
open output file /Users/lukasz/dev/cncf/gitdm/repos/kube-mesos-framework.csv

(Unknown) unknown@hacker.net Unknown hacker
Apple k82cn@icloud.com Klaus Ma
	unknown [1181, 5889]
	devel-doc [6, 331]
	code [60, 14371]
	image [2, 270]
	build [0, 4547]
Mesosphere joerg@mesosphere.io Joerg Schad
	unknown [523, 57]
	devel-doc [1, 0]
Red Hat deads@redhat.com deads2k
	devel-doc [6240, 4]
	code [49219, 20]
	unknown [37053, 1573]
	image [1084, 2]
	documentation [32130, 0]
	build [7000, 0]
Google davidopp@google.com David Oppenheimer
	unknown [8, 5]
Red Hat ccoleman@redhat.com Clayton Coleman
	unknown [97, 87]
Embedded Systems, ECE apelisse@gmail.com Antoine Pelisse
	unknown [2, 3]
ZTE Corporation yu.peng36@zte.com.cn YuPengZTE
	unknown [7, 7]
Google taotaotheripper@gmail.com Random-Liu
	unknown [15, 16]
Weaveworks errordeveloper@gmail.com Ilya Dmitrichenko
	unknown [2, 2]
Huawei dujun5@huawei.com d00369826
	unknown [49, 39]
Google mikedanese@google.com Mike Danese
	unknown [628, 978]
Google gmarek@google.com gmarek
	unknown [92, 62]
Red Hat mawong@redhat.com Matthew Wong
	unknown [2, 2]
Mirantis pskamruk@mirantis.com Piotr Skamruk
	unknown [1, 0]
IBM xingzhou@cn.ibm.com Tom Xing
	unknown [0, 3]
Google mtaufen@google.com Michael Taufen
	unknown [33, 33]
Google krousey@google.com Kris
	unknown [70, 66]
Red Hat jliggitt@redhat.com Jordan Liggitt
	unknown [5, 5]
Red Hat jsafrane@redhat.com Jan Safranek
	unknown [19, 32]
Google wojtekt@google.com Wojciech Tyczynski
	unknown [169, 122]
Mirantis akurilin@mirantis.com Andrey Kurilin
	unknown [2, 2]
Google xuchao@google.com Chao Xu
	unknown [204, 198]
eBay fmeng@ebay.com mfanjie
	unknown [4, 2]
ZTE Corporation wang.ping5@zte.com.cn PingWang
	unknown [16, 6]
Red Hat sjenning@redhat.com Seth Jennings
	unknown [1, 1]
IBM dims@linux.vnet.ibm.com Davanum Srinivas
	unknown [47, 47]
Rook lucas.kaldstrom@hotmail.co.uk Lucas Käldström
	unknown [0, 8]
Google beeps@google.com Prashanth Balasubramanian
	unknown [4, 1]
Google dbsmith@google.com Daniel Smith
	unknown [21, 15]
Ammeon joe2farrell@gmail.com joe2far
	unknown [3, 3]
	devel-doc [1, 1]
Google thockin@google.com Tim Hockin
	unknown [11, 10]
	code [1, 1]
Docker harryzhang@zju.edu.cn Harry Zhang
	unknown [28, 22]
Google saadali@google.com saadali
	unknown [1, 1]
Google djmm@google.com David McMahon
	unknown [203, 203]
	code [10, 10]
Red Hat mturansk@redhat.com markturansky
	unknown [22, 6]
(Unknown) justinclayton@users.noreply.github.com Justin Clayton
	devel-doc [0, 8]
FathomDB justin@fathomdb.com Justin Santa Barbara
	unknown [8, 2]
NetEase mqliang.zju@gmail.com mqliang
	unknown [8, 6]
appOrbit spotter@gmail.com Shaya Potter
	unknown [3, 3]
Red Hat rrati@redhat.com Robert Rati
	unknown [6, 0]
Teralytics vincenzo.pii@teralytics.ch Vincenzo Pii
	unknown [1, 0]
Mesosphere james@mesosphere.io James DeFelice
	unknown [23510, 3425]
	code [46, 0]
Red Hat tstclair@redhat.com Timothy St. Clair
	unknown [53, 101]
eBay zhouhaibing089@gmail.com zhouhaibing089
	unknown [1, 2]
Google goltermann@google.com goltermann
	unknown [24, 25]
Red Hat stefan.schimanski@gmail.com Dr. Stefan Schimanski
	unknown [10515, 7223]
	devel-doc [44, 1]
	code [28, 20]
	image [2, 0]
Samsung spiffxp@gmail.com Aaron Crickenberger
	code [2, 2]
IBM haih@us.ibm.com HAI HUANG
	unknown [518, 26]
Google filipg@google.com Filip Grzadkowski
	unknown [3, 2]
Red Hat decarr@redhat.com derekwaynecarr
	unknown [35, 9]
Red Hat eparis@redhat.com Eric Paris
	unknown [32, 30]
(Unknown) laurie.malau@gmail.com laushinka
	unknown [5, 5]
Google vishnuk@google.com Vishnu kannan
	unknown [19, 9]
Red Hat jchaloup@redhat.com Jan Chaloupka
	unknown [32, 32]
Google fabioy@users.noreply.github.com Fabio Yeon
	unknown [3, 2]
Red Hat jimmidyson@gmail.com Jimmi Dyson
	unknown [5, 5]
Self arsen@mamikonyan.am Arsen Mamikonyan
	unknown [1, 1]
Google mohr@google.com Alex Mohr
IBM mspreitz@us.ibm.com Mike Spreitzer
	unknown [2, 1]
Mesosphere karl@mesosphere.io Karl Isenberg
	unknown [23, 5]
	code [386, 1]
Mesosphere sur@mesosphere.io Sergiusz Urbaniak
	unknown [3198, 1321]
IBM jay.lau.513@gmail.com Jay Lau
	unknown [4, 5]
Huawei zhenggouyong.zheng@huawei.com zhengguoyong
	unknown [31, 31]
Red Hat avagarwa@redhat.com Avesh Agarwal
	unknown [10, 9]
Google stclair@google.com Tim St. Clair
	unknown [10, 10]
Yahoo ravilr@yahoo-inc.com Ravi L R
	unknown [47, 6]
Red Hat smilner@redhat.com Steve Milner
	unknown [2, 2]
Microsoft bburns@google.com Brendan Burns
	unknown [5, 1]
Google yjhong@google.com Yu-Ju Hong
	unknown [52, 51]
Hyper.sh feiskyer@gmail.com feisky
	unknown [1, 1]
Cockroach alexdwanerobinson@gmail.com Alex Robinson
	unknown [1, 1]
Huawei liguangbo@huawei.com liguangbo
	unknown [8, 8]
Google bgrant0607@users.noreply.github.com Brian Grant
Tyk mvdan@mvdan.cc Daniel Martí
	unknown [2, 2]
Google jeffml@google.com Jeff Lowdermilk
	unknown [2, 0]
CoreOS yifan.gu@coreos.com Yifan Gu
	unknown [1, 0]
Square sjung@squareup.com tummychow
	unknown [22, 21]
Google jsz@google.com Jerzy Szczepkowski
	unknown [1, 1]
Huawei jiangyaoguo@gmail.com jiangyaoguo
	unknown [5, 3]
Google abshah@google.com Abhi Shah
Heroku edwardam@interlix.com Edward Muller
	unknown [1, 1]
Juniper Networks roque@juniper.net Pedro Roque Marques
	unknown [2, 0]
CERN matmaul@gmail.com Mathieu Velten
	unknown [29, 17]
China Mobile International Limited caogaojin@cmss.chinamobile.com caogaojin
	unknown [3, 3]
Self runningwild@gmail.com Jonathan Wills
	unknown [1, 0]
Google robertbailey@google.com Robert Bailey
	unknown [1, 1]
Google cjcullen888@gmail.com CJ Cullen
Revinate bryan.stenson@gmail.com Bryan Stenson
	unknown [1, 1]
Petback epc@epcostello.com Ed Costello
	unknown [1, 1]
DrEd Online Doctor vlajos@gmail.com Veres Lajos
	unknown [5, 5]
Google satnam@raintown.org Satnam Singh
	unknown [0, 3]
Self skywalker94@gmail.com Ananya Kumar
	unknown [5, 3]
(Unknown) walter.david@gmail.com David Walter
	unknown [4, 4]
Google vishh@users.noreply.github.com Vish Kannan
Metaswitch casey.davenport@metaswitch.com Casey D
	unknown [1, 1]
Google etune@google.com Eric Tune
Google nikhiljindal@google.com nikhiljindal
	unknown [1, 1]
UW mbforbes@users.noreply.github.com Maxwell Forbes
Google dawnchen@google.com Dawn Chen
	unknown [2, 0]
Google pszczesniak@google.com Piotr Szczesniak
	unknown [0, 1]
Amadeus salvatore-dario.minonne@amadeus.com Salvatore Dario Minonne
	unknown [1, 1]
devel-doc 6292 345
	Apple k82cn@icloud.com Klaus Ma: [6, 331]
	Mesosphere joerg@mesosphere.io Joerg Schad: [1, 0]
	Red Hat deads@redhat.com deads2k: [6240, 4]
	Ammeon joe2farrell@gmail.com joe2far: [1, 1]
	(Unknown) justinclayton@users.noreply.github.com Justin Clayton: [0, 8]
	Red Hat stefan.schimanski@gmail.com Dr. Stefan Schimanski: [44, 1]
code 49752 14425
	Apple k82cn@icloud.com Klaus Ma: [60, 14371]
	Red Hat deads@redhat.com deads2k: [49219, 20]
	Google thockin@google.com Tim Hockin: [1, 1]
	Google djmm@google.com David McMahon: [10, 10]
	Mesosphere james@mesosphere.io James DeFelice: [46, 0]
	Red Hat stefan.schimanski@gmail.com Dr. Stefan Schimanski: [28, 20]
	Samsung spiffxp@gmail.com Aaron Crickenberger: [2, 2]
	Mesosphere karl@mesosphere.io Karl Isenberg: [386, 1]
unknown 78790 21936
	Apple k82cn@icloud.com Klaus Ma: [1181, 5889]
	Mesosphere joerg@mesosphere.io Joerg Schad: [523, 57]
	Red Hat deads@redhat.com deads2k: [37053, 1573]
	Google davidopp@google.com David Oppenheimer: [8, 5]
	Red Hat ccoleman@redhat.com Clayton Coleman: [97, 87]
	Embedded Systems, ECE apelisse@gmail.com Antoine Pelisse: [2, 3]
	ZTE Corporation yu.peng36@zte.com.cn YuPengZTE: [7, 7]
	Google taotaotheripper@gmail.com Random-Liu: [15, 16]
	Weaveworks errordeveloper@gmail.com Ilya Dmitrichenko: [2, 2]
	Huawei dujun5@huawei.com d00369826: [49, 39]
	Google mikedanese@google.com Mike Danese: [628, 978]
	Google gmarek@google.com gmarek: [92, 62]
	Red Hat mawong@redhat.com Matthew Wong: [2, 2]
	Mirantis pskamruk@mirantis.com Piotr Skamruk: [1, 0]
	IBM xingzhou@cn.ibm.com Tom Xing: [0, 3]
	Google mtaufen@google.com Michael Taufen: [33, 33]
	Google krousey@google.com Kris: [70, 66]
	Red Hat jliggitt@redhat.com Jordan Liggitt: [5, 5]
	Red Hat jsafrane@redhat.com Jan Safranek: [19, 32]
	Google wojtekt@google.com Wojciech Tyczynski: [169, 122]
	Mirantis akurilin@mirantis.com Andrey Kurilin: [2, 2]
	Google xuchao@google.com Chao Xu: [204, 198]
	eBay fmeng@ebay.com mfanjie: [4, 2]
	ZTE Corporation wang.ping5@zte.com.cn PingWang: [16, 6]
	Red Hat sjenning@redhat.com Seth Jennings: [1, 1]
	IBM dims@linux.vnet.ibm.com Davanum Srinivas: [47, 47]
	Rook lucas.kaldstrom@hotmail.co.uk Lucas Käldström: [0, 8]
	Google beeps@google.com Prashanth Balasubramanian: [4, 1]
	Google dbsmith@google.com Daniel Smith: [21, 15]
	Ammeon joe2farrell@gmail.com joe2far: [3, 3]
	Google thockin@google.com Tim Hockin: [11, 10]
	Docker harryzhang@zju.edu.cn Harry Zhang: [28, 22]
	Google saadali@google.com saadali: [1, 1]
	Google djmm@google.com David McMahon: [203, 203]
	Red Hat mturansk@redhat.com markturansky: [22, 6]
	FathomDB justin@fathomdb.com Justin Santa Barbara: [8, 2]
	NetEase mqliang.zju@gmail.com mqliang: [8, 6]
	appOrbit spotter@gmail.com Shaya Potter: [3, 3]
	Red Hat rrati@redhat.com Robert Rati: [6, 0]
	Teralytics vincenzo.pii@teralytics.ch Vincenzo Pii: [1, 0]
	Mesosphere james@mesosphere.io James DeFelice: [23510, 3425]
	Red Hat tstclair@redhat.com Timothy St. Clair: [53, 101]
	eBay zhouhaibing089@gmail.com zhouhaibing089: [1, 2]
	Google goltermann@google.com goltermann: [24, 25]
	Red Hat stefan.schimanski@gmail.com Dr. Stefan Schimanski: [10515, 7223]
	IBM haih@us.ibm.com HAI HUANG: [518, 26]
	Google filipg@google.com Filip Grzadkowski: [3, 2]
	Red Hat decarr@redhat.com derekwaynecarr: [35, 9]
	Red Hat eparis@redhat.com Eric Paris: [32, 30]
	(Unknown) laurie.malau@gmail.com laushinka: [5, 5]
	Google vishnuk@google.com Vishnu kannan: [19, 9]
	Red Hat jchaloup@redhat.com Jan Chaloupka: [32, 32]
	Google fabioy@users.noreply.github.com Fabio Yeon: [3, 2]
	Red Hat jimmidyson@gmail.com Jimmi Dyson: [5, 5]
	Self arsen@mamikonyan.am Arsen Mamikonyan: [1, 1]
	IBM mspreitz@us.ibm.com Mike Spreitzer: [2, 1]
	Mesosphere karl@mesosphere.io Karl Isenberg: [23, 5]
	Mesosphere sur@mesosphere.io Sergiusz Urbaniak: [3198, 1321]
	IBM jay.lau.513@gmail.com Jay Lau: [4, 5]
	Huawei zhenggouyong.zheng@huawei.com zhengguoyong: [31, 31]
	Red Hat avagarwa@redhat.com Avesh Agarwal: [10, 9]
	Google stclair@google.com Tim St. Clair: [10, 10]
	Yahoo ravilr@yahoo-inc.com Ravi L R: [47, 6]
	Red Hat smilner@redhat.com Steve Milner: [2, 2]
	Microsoft bburns@google.com Brendan Burns: [5, 1]
	Google yjhong@google.com Yu-Ju Hong: [52, 51]
	Hyper.sh feiskyer@gmail.com feisky: [1, 1]
	Cockroach alexdwanerobinson@gmail.com Alex Robinson: [1, 1]
	Huawei liguangbo@huawei.com liguangbo: [8, 8]
	Tyk mvdan@mvdan.cc Daniel Martí: [2, 2]
	Google jeffml@google.com Jeff Lowdermilk: [2, 0]
	CoreOS yifan.gu@coreos.com Yifan Gu: [1, 0]
	Square sjung@squareup.com tummychow: [22, 21]
	Google jsz@google.com Jerzy Szczepkowski: [1, 1]
	Huawei jiangyaoguo@gmail.com jiangyaoguo: [5, 3]
	Heroku edwardam@interlix.com Edward Muller: [1, 1]
	Juniper Networks roque@juniper.net Pedro Roque Marques: [2, 0]
	CERN matmaul@gmail.com Mathieu Velten: [29, 17]
	China Mobile International Limited caogaojin@cmss.chinamobile.com caogaojin: [3, 3]
	Self runningwild@gmail.com Jonathan Wills: [1, 0]
	Google robertbailey@google.com Robert Bailey: [1, 1]
	Revinate bryan.stenson@gmail.com Bryan Stenson: [1, 1]
	Petback epc@epcostello.com Ed Costello: [1, 1]
	DrEd Online Doctor vlajos@gmail.com Veres Lajos: [5, 5]
	Google satnam@raintown.org Satnam Singh: [0, 3]
	Self skywalker94@gmail.com Ananya Kumar: [5, 3]
	(Unknown) walter.david@gmail.com David Walter: [4, 4]
	Metaswitch casey.davenport@metaswitch.com Casey D: [1, 1]
	Google nikhiljindal@google.com nikhiljindal: [1, 1]
	Google dawnchen@google.com Dawn Chen: [2, 0]
	Google pszczesniak@google.com Piotr Szczesniak: [0, 1]
	Amadeus salvatore-dario.minonne@amadeus.com Salvatore Dario Minonne: [1, 1]
image 1088 272
	Apple k82cn@icloud.com Klaus Ma: [2, 270]
	Red Hat deads@redhat.com deads2k: [1084, 2]
	Red Hat stefan.schimanski@gmail.com Dr. Stefan Schimanski: [2, 0]
documentation 32130 0
	Red Hat deads@redhat.com deads2k: [32130, 0]
build 7000 4547
	Apple k82cn@icloud.com Klaus Ma: [0, 4547]
	Red Hat deads@redhat.com deads2k: [7000, 0]
devel-doc 6292 345
code 49752 14425
unknown 78790 21936
image 1088 272
documentation 32130 0
build 7000 4547
