Filter on "^vendor/|/vendor/"
open output file /Users/lukasz/dev/cncf/gitdm/repos/kubeadm.csv

WARNING: duplicate email/empl for sandeeppissay@users.noreply.github.com
WARNING: duplicate email/empl for ssrinivas@vmware.com
(Unknown) unknown@hacker.net Unknown hacker
Rook luxas@users.noreply.github.com Lucas Käldström
	unknown [261, 0]
	devel-doc [46, 1]
Rackspace jamie.hannaford@rackspace.com Jamie Hannaford
	unknown [44, 0]
Rackspace everett.toews@rackspace.com Everett Toews
	unknown [56, 0]
Self pjpires@gmail.com Paulo Pires
Google mikedanese@gmail.com Mike Danese
	unknown [92, 0]
	devel-doc [217, 0]
unknown 453 0
	Rook luxas@users.noreply.github.com Lucas Käldström: [261, 0]
	Rackspace jamie.hannaford@rackspace.com Jamie Hannaford: [44, 0]
	Rackspace everett.toews@rackspace.com Everett Toews: [56, 0]
	Google mikedanese@gmail.com Mike Danese: [92, 0]
devel-doc 263 1
	Rook luxas@users.noreply.github.com Lucas Käldström: [46, 1]
	Google mikedanese@gmail.com Mike Danese: [217, 0]
unknown 453 0
devel-doc 263 1
