Filter on "^vendor/|/vendor/"
open output file /Users/lukasz/dev/cncf/gitdm/repos/kubernetes-anywhere.csv

unknown@hacker.net Unknown hacker
mikedanese@gmail.com Mike Danese
	unknown [2053, 3539]
	devel-doc [115, 781]
	code [40, 1264]
	build [404, 391]
djosborne10@gmail.com Dan Osborne
	code [1, 1]
sritesh@vmware.com Ritesh H Shukla
	unknown [7, 7]
	devel-doc [194, 25]
	build [14, 16]
divyenp@vmware.com divyenpatel
	unknown [22, 9]
	devel-doc [54, 21]
	build [37, 8]
beacham@google.com Jacob Beacham
	unknown [310, 17]
	code [15, 4]
	build [133, 48]
abrarshivani@users.noreply.github.com Abrar Shivani
	unknown [250, 28]
	devel-doc [160, 31]
	build [155, 21]
vollivier@live.fr Vincent OLLIVIER
	unknown [13, 18]
	devel-doc [2, 2]
	code [1, 2]
steve.ruckdashel@gmail.com Steve Ruckdashel
	devel-doc [1, 1]
mark@praseodym.net Mark Janssen
	devel-doc [3, 3]
miaol@vmware.com Miao Luo
	unknown [2, 0]
	build [57, 1]
bdontu@vmware.com Balu Dontu
	unknown [16, 2]
	build [6, 0]
theofilos@ieee.org Theofilos Papapanagiotou
	devel-doc [2, 1]
ian@ianberinger.com Ian Beringer
	unknown [2, 1]
	devel-doc [6, 0]
	build [6, 0]
jacobsimpson@google.com Jacob Simpson
	unknown [310, 49]
	build [5, 3]
cole.mickens@gmail.com Cole Mickens
	unknown [1256, 494]
	devel-doc [213, 43]
	code [235, 67]
	build [233, 66]
jordan.e.yaker@gmail.com Jordan Yaker
	unknown [1, 0]
oleg.atamanenko@gmail.com Oleg Atamanenko
	devel-doc [3, 3]
ahmetalpbalkan@gmail.com Ahmet Alp Balkan
	build [1, 1]
errordeveloper@gmail.com Ilya Dmitrichenko
	unknown [9629, 7184]
	devel-doc [1246, 355]
	code [2735, 1121]
	build [290, 51]
madhusudancs@google.com Madhusudan.C.S
	unknown [55, 51]
	build [5, 3]
raeesiqbal@users.noreply.github.com Raees Iqbal
	unknown [1, 1]
predrag.gruevski@gmail.com Predrag Gruevski
	code [2, 2]
paul.a.bellamy@gmail.com Paul Bellamy
	unknown [34, 82]
	devel-doc [47, 0]
	build [27, 0]
vpetersson@wireload.net Viktor Petersson
	code [1, 1]
mikeb@squaremobius.net Michael Bridgen
	devel-doc [10, 10]
asim@chuhnk.me Asim
	devel-doc [1, 1]
unknown 13961 11482
	mikedanese@gmail.com Mike Danese: [2053, 3539]
	sritesh@vmware.com Ritesh H Shukla: [7, 7]
	divyenp@vmware.com divyenpatel: [22, 9]
	beacham@google.com Jacob Beacham: [310, 17]
	abrarshivani@users.noreply.github.com Abrar Shivani: [250, 28]
	vollivier@live.fr Vincent OLLIVIER: [13, 18]
	miaol@vmware.com Miao Luo: [2, 0]
	bdontu@vmware.com Balu Dontu: [16, 2]
	ian@ianberinger.com Ian Beringer: [2, 1]
	jacobsimpson@google.com Jacob Simpson: [310, 49]
	cole.mickens@gmail.com Cole Mickens: [1256, 494]
	jordan.e.yaker@gmail.com Jordan Yaker: [1, 0]
	errordeveloper@gmail.com Ilya Dmitrichenko: [9629, 7184]
	madhusudancs@google.com Madhusudan.C.S: [55, 51]
	raeesiqbal@users.noreply.github.com Raees Iqbal: [1, 1]
	paul.a.bellamy@gmail.com Paul Bellamy: [34, 82]
devel-doc 2057 1277
	mikedanese@gmail.com Mike Danese: [115, 781]
	sritesh@vmware.com Ritesh H Shukla: [194, 25]
	divyenp@vmware.com divyenpatel: [54, 21]
	abrarshivani@users.noreply.github.com Abrar Shivani: [160, 31]
	vollivier@live.fr Vincent OLLIVIER: [2, 2]
	steve.ruckdashel@gmail.com Steve Ruckdashel: [1, 1]
	mark@praseodym.net Mark Janssen: [3, 3]
	theofilos@ieee.org Theofilos Papapanagiotou: [2, 1]
	ian@ianberinger.com Ian Beringer: [6, 0]
	cole.mickens@gmail.com Cole Mickens: [213, 43]
	oleg.atamanenko@gmail.com Oleg Atamanenko: [3, 3]
	errordeveloper@gmail.com Ilya Dmitrichenko: [1246, 355]
	paul.a.bellamy@gmail.com Paul Bellamy: [47, 0]
	mikeb@squaremobius.net Michael Bridgen: [10, 10]
	asim@chuhnk.me Asim: [1, 1]
code 3030 2462
	mikedanese@gmail.com Mike Danese: [40, 1264]
	djosborne10@gmail.com Dan Osborne: [1, 1]
	beacham@google.com Jacob Beacham: [15, 4]
	vollivier@live.fr Vincent OLLIVIER: [1, 2]
	cole.mickens@gmail.com Cole Mickens: [235, 67]
	errordeveloper@gmail.com Ilya Dmitrichenko: [2735, 1121]
	predrag.gruevski@gmail.com Predrag Gruevski: [2, 2]
	vpetersson@wireload.net Viktor Petersson: [1, 1]
build 1373 609
	mikedanese@gmail.com Mike Danese: [404, 391]
	sritesh@vmware.com Ritesh H Shukla: [14, 16]
	divyenp@vmware.com divyenpatel: [37, 8]
	beacham@google.com Jacob Beacham: [133, 48]
	abrarshivani@users.noreply.github.com Abrar Shivani: [155, 21]
	miaol@vmware.com Miao Luo: [57, 1]
	bdontu@vmware.com Balu Dontu: [6, 0]
	ian@ianberinger.com Ian Beringer: [6, 0]
	jacobsimpson@google.com Jacob Simpson: [5, 3]
	cole.mickens@gmail.com Cole Mickens: [233, 66]
	ahmetalpbalkan@gmail.com Ahmet Alp Balkan: [1, 1]
	errordeveloper@gmail.com Ilya Dmitrichenko: [290, 51]
	madhusudancs@google.com Madhusudan.C.S: [5, 3]
	paul.a.bellamy@gmail.com Paul Bellamy: [27, 0]
unknown 13961 11482
devel-doc 2057 1277
code 3030 2462
build 1373 609
