Filter on "\/vendor\/"
open output file /Users/lukasz/dev/cncf/gitdm/repos/label-selector.csv

unknown@hacker.net Unknown hacker
spadgett@redhat.com Sam Padgett
	unknown [13, 14]
	code [45, 40]
	documentation [9, 12]
jforrest@redhat.com Jessica Forrester
	unknown [313, 22]
	devel-doc [143, 1]
	code [841, 58]
	image [0, 0]
	documentation [617, 0]
rhamilto@redhat.com Robb Hamilton
	unknown [93, 162]
	devel-doc [3, 3]
	code [2, 2]
	image [0, 0]
	documentation [128, 198]
sgoodwin@redhat.com Steve Goodwin
	code [53, 32]
	unknown [221, 159]
	documentation [265, 155]
jordan@liggitt.net Jordan Liggitt
	unknown [2, 2]
unknown 642 359
	spadgett@redhat.com Sam Padgett: [13, 14]
	jforrest@redhat.com Jessica Forrester: [313, 22]
	rhamilto@redhat.com Robb Hamilton: [93, 162]
	sgoodwin@redhat.com Steve Goodwin: [221, 159]
	jordan@liggitt.net Jordan Liggitt: [2, 2]
devel-doc 146 4
	jforrest@redhat.com Jessica Forrester: [143, 1]
	rhamilto@redhat.com Robb Hamilton: [3, 3]
code 941 132
	spadgett@redhat.com Sam Padgett: [45, 40]
	jforrest@redhat.com Jessica Forrester: [841, 58]
	rhamilto@redhat.com Robb Hamilton: [2, 2]
	sgoodwin@redhat.com Steve Goodwin: [53, 32]
image 0 0
	jforrest@redhat.com Jessica Forrester: [0, 0]
	rhamilto@redhat.com Robb Hamilton: [0, 0]
documentation 1019 365
	spadgett@redhat.com Sam Padgett: [9, 12]
	jforrest@redhat.com Jessica Forrester: [617, 0]
	rhamilto@redhat.com Robb Hamilton: [128, 198]
	sgoodwin@redhat.com Steve Goodwin: [265, 155]
unknown 642 359
devel-doc 146 4
code 941 132
image 0 0
documentation 1019 365
