Filter on "\/vendor\/"
open output file /Users/lukasz/dev/cncf/gitdm/repos/md-check.csv

unknown@hacker.net Unknown hacker
etune@google.com Eric Tune
21521209@zju.edu.cn jg Chen
	unknown [1, 1]
jrhoak@gmail.com Josh Hoak
	unknown [3440, 0]
	devel-doc [337, 4]
techtonik@gmail.com anatoly techtonik
	devel-doc [1, 1]
foxish@users.noreply.github.com Anirudh Ramanathan
ramanathana@google.com Anirudh
	unknown [4, 3]
pwittroc+github@google.com Phillip Wittrock
bgrant0607@users.noreply.github.com Brian Grant
	devel-doc [202, 0]
unknown 3445 4
	21521209@zju.edu.cn jg Chen: [1, 1]
	jrhoak@gmail.com Josh Hoak: [3440, 0]
	ramanathana@google.com Anirudh: [4, 3]
devel-doc 540 5
	jrhoak@gmail.com Josh Hoak: [337, 4]
	techtonik@gmail.com anatoly techtonik: [1, 1]
	bgrant0607@users.noreply.github.com Brian Grant: [202, 0]
unknown 3445 4
devel-doc 540 5
