Filter on "^vendor/|/vendor/"
open output file /Users/lukasz/dev/cncf/gitdm/repos/nfs-provisioner.csv

(Unknown) unknown@hacker.net Unknown hacker
Red Hat wongma7@users.noreply.github.com Matthew Wong
	unknown [15390, 5793]
	devel-doc [1013, 392]
	code [207, 142]
	build [201, 125]
IBM pramod@us.ibm.com Nagapramod Mandagere
	unknown [104, 39]
Gavrie Philipson gavrie@philipson.co.il Gavrie Philipson
	unknown [30, 39]
	build [2, 1]
Red Hat bchilds@redhat.com childsb
	unknown [10, 10]
Red Hat jsafrane@redhat.com Jan Safranek
	unknown [51, 13]
Google sarah.novotny@gmail.com sarahnovotny
	devel-doc [202, 0]
unknown 15585 5894
	Red Hat wongma7@users.noreply.github.com Matthew Wong: [15390, 5793]
	IBM pramod@us.ibm.com Nagapramod Mandagere: [104, 39]
	Gavrie Philipson gavrie@philipson.co.il Gavrie Philipson: [30, 39]
	Red Hat bchilds@redhat.com childsb: [10, 10]
	Red Hat jsafrane@redhat.com Jan Safranek: [51, 13]
devel-doc 1215 392
	Red Hat wongma7@users.noreply.github.com Matthew Wong: [1013, 392]
	Google sarah.novotny@gmail.com sarahnovotny: [202, 0]
code 207 142
	Red Hat wongma7@users.noreply.github.com Matthew Wong: [207, 142]
build 203 126
	Red Hat wongma7@users.noreply.github.com Matthew Wong: [201, 125]
	Gavrie Philipson gavrie@philipson.co.il Gavrie Philipson: [2, 1]
unknown 15585 5894
devel-doc 1215 392
code 207 142
build 203 126
