Filter on "^vendor/|/vendor/"
open output file /Users/lukasz/dev/cncf/gitdm/repos/node-problem-detector.csv

unknown@hacker.net Unknown hacker
taotaotheripper@gmail.com Lantao Liu
	unknown [1, 1]
jmilan@redhat.com Julius Milan
	unknown [39, 1]
	devel-doc [1, 0]
zhang.xiaoyu33@zte.com.cn Xiaoyu Zhang
	devel-doc [1, 1]
dawnchen@google.com Dawn Chen
	devel-doc [203, 0]
euan.kemp@coreos.com Euan Kemp
	unknown [5, 3]
	build [11, 2]
lantaol@google.com Random-Liu
	unknown [5567, 1626]
	devel-doc [282, 58]
	code [66, 0]
	build [175, 41]
andy.xning@gmail.com Andy Xie
	unknown [890, 416]
	devel-doc [35, 10]
	build [13, 9]
chenjg@harmonycloud.cn fate-grand-order
	unknown [3, 3]
aps.sids@gmail.com Amanpreet Singh
	devel-doc [6, 4]
shyamjvs@google.com Shyam Jeedigunta
	unknown [1, 1]
thecantero@users.noreply.github.com thecantero
	devel-doc [1, 1]
coolhzb@163.com AdoHe
	unknown [140, 102]
johannes.scheuermann@inovex.de Johannes Scheuermann
	devel-doc [1, 1]
gkalele@google.com Girish Kalele
	unknown [149, 0]
	devel-doc [29, 0]
	build [42, 0]
edwardam@interlix.com Edward Muller
	unknown [9, 13]
unknown 6804 2166
	taotaotheripper@gmail.com Lantao Liu: [1, 1]
	jmilan@redhat.com Julius Milan: [39, 1]
	euan.kemp@coreos.com Euan Kemp: [5, 3]
	lantaol@google.com Random-Liu: [5567, 1626]
	andy.xning@gmail.com Andy Xie: [890, 416]
	chenjg@harmonycloud.cn fate-grand-order: [3, 3]
	shyamjvs@google.com Shyam Jeedigunta: [1, 1]
	coolhzb@163.com AdoHe: [140, 102]
	gkalele@google.com Girish Kalele: [149, 0]
	edwardam@interlix.com Edward Muller: [9, 13]
devel-doc 559 75
	jmilan@redhat.com Julius Milan: [1, 0]
	zhang.xiaoyu33@zte.com.cn Xiaoyu Zhang: [1, 1]
	dawnchen@google.com Dawn Chen: [203, 0]
	lantaol@google.com Random-Liu: [282, 58]
	andy.xning@gmail.com Andy Xie: [35, 10]
	aps.sids@gmail.com Amanpreet Singh: [6, 4]
	thecantero@users.noreply.github.com thecantero: [1, 1]
	johannes.scheuermann@inovex.de Johannes Scheuermann: [1, 1]
	gkalele@google.com Girish Kalele: [29, 0]
code 66 0
	lantaol@google.com Random-Liu: [66, 0]
build 241 52
	euan.kemp@coreos.com Euan Kemp: [11, 2]
	lantaol@google.com Random-Liu: [175, 41]
	andy.xning@gmail.com Andy Xie: [13, 9]
	gkalele@google.com Girish Kalele: [42, 0]
unknown 6804 2166
devel-doc 559 75
code 66 0
build 241 52
