Filter on "^vendor/|/vendor/"
open output file /Users/lukasz/dev/cncf/gitdm/repos/node-feature-discovery.csv

WARNING: duplicate email/empl for pekowski@gmail.com
WARNING: duplicate email/empl for thingee@gmail.com
WARNING: duplicate email/empl for t.trifonov@gmail.com
WARNING: duplicate email/empl for lyz@princessleia.com
WARNING: duplicate email/empl for robertc@robertcollins.net
WARNING: duplicate email/empl for clint@fewbar.com
WARNING: duplicate email/empl for andrew@linuxjedi.co.uk
WARNING: duplicate email/empl for duncan.thomas@gmail.com
WARNING: duplicate email/empl for kiall@managedit.ie
WARNING: duplicate email/empl for devananda.vdv@gmail.com
WARNING: duplicate email/empl for zaro0508@gmail.com
WARNING: duplicate email/empl for shrewsbury.dave@gmail.com
WARNING: duplicate email/empl for j3p0uk@hotmail.com
WARNING: duplicate email/empl for me@mark.atwood.name
WARNING: duplicate email/empl for slicknik@gmail.com
WARNING: duplicate email/empl for cmsj@tenshu.net
WARNING: duplicate email/empl for anteaya@anteaya.info
WARNING: duplicate email/empl for greg@greghaynes.net
WARNING: duplicate email/empl for matt@mattfarina.com
WARNING: duplicate email/empl for jp@jamezpolley.com
WARNING: duplicate email/empl for steven@wedontsleep.org
WARNING: duplicate email/empl for gleebix@gmail.com
WARNING: duplicate email/empl for code@gentlydownthe.net
WARNING: duplicate email/empl for morgan.fainberg@gmail.com
WARNING: duplicate email/empl for jeblair@hp.com
WARNING: duplicate email/empl for juliaashleykreger@gmail.com
WARNING: duplicate email/empl for stephane@alum.mit.edu
WARNING: duplicate email/empl for kragniz@gmail.com
WARNING: duplicate email/empl for wchrisjohnson@gmail.com
WARNING: duplicate email/empl for daisy.ycguo@gmail.com
WARNING: duplicate email/empl for mordred@inaugust.com
WARNING: duplicate email/empl for zxkuqyb@gmail.com
WARNING: duplicate email/empl for amigliaccio@internap.com
WARNING: duplicate email/empl for yorik.sar@gmail.com
WARNING: duplicate email/empl for e0ne@e0ne.info
WARNING: duplicate email/empl for gabriel@strikeawe.com
WARNING: duplicate email/empl for heckj@mac.com
WARNING: duplicate email/empl for ke.wu@ibeca.me
WARNING: duplicate email/empl for rushi.agr@gmail.com
WARNING: duplicate email/empl for salv.orlando@gmail.com
WARNING: duplicate email/empl for tushar.vitthal.patil@gmail.com
WARNING: duplicate email/empl for jmckenty@gmail.com
WARNING: duplicate email/empl for anne@openstack.org
WARNING: duplicate email/empl for breu@breu.org
WARNING: duplicate email/empl for cbehrens@codestud.com
WARNING: duplicate email/empl for clay.gerrard@gmail.com
WARNING: duplicate email/empl for corywright@gmail.com
WARNING: duplicate email/empl for cp16net@gmail.com
WARNING: duplicate email/empl for cthier@gmail.com
WARNING: duplicate email/empl for darren.birkett@gmail.com
WARNING: duplicate email/empl for dolph.mathews@gmail.com
WARNING: duplicate email/empl for ed@leafe.com
WARNING: duplicate email/empl for github@highbridgellc.com
WARNING: duplicate email/empl for greglange@gmail.com
WARNING: duplicate email/empl for hugh@wherenow.org
WARNING: duplicate email/empl for imsplitbit@gmail.com
WARNING: duplicate email/empl for jason@koelker.net
WARNING: duplicate email/empl for jcruz7@gmail.com
WARNING: duplicate email/empl for josh@jk0.org
WARNING: duplicate email/empl for mattt@defunct.ca
WARNING: duplicate email/empl for mbasnight@gmail.com
WARNING: duplicate email/empl for mike@weirdlooking.com
WARNING: duplicate email/empl for msherborne@gmail.com
WARNING: duplicate email/empl for naveedm9@gmail.com
WARNING: duplicate email/empl for paul@openstack.org
WARNING: duplicate email/empl for rnirmal@gmail.com
WARNING: duplicate email/empl for rconradharris@gmail.com
WARNING: duplicate email/empl for thierry@openstack.org
WARNING: duplicate email/empl for throughnothing@gmail.com
WARNING: duplicate email/empl for yoga80@yahoo.com
WARNING: duplicate email/empl for mark.washenberger@markwash.net
WARNING: duplicate email/empl for p@draigbrady.com
WARNING: duplicate email/empl for zaitcev@kotori.zaitcev.us
WARNING: duplicate email/empl for julie.pichon@gmail.com
WARNING: duplicate email/empl for ghe@debian.org
WARNING: duplicate email/empl for sorrison@gmail.com
unknown@hacker.net Unknown hacker
balaji.subramaniam@intel.com Balaji Subramaniam
	devel-doc [426, 34]
	code [410, 48]
	package [0, 0]
	unknown [1127, 159]
	image [0, 0]
	build [25, 9]
connordoyle@users.noreply.github.com Connor Doyle
	unknown [749, 541]
	devel-doc [211, 125]
	code [63, 63]
	build [15, 2]
cody.roseborough@intel.com Cody Roseborough
	unknown [133, 24]
	devel-doc [5, 0]
brandon.philips@coreos.com Brandon Philips
	devel-doc [7, 0]
davidopp@google.com David Oppenheimer
	unknown [117, 0]
	devel-doc [234, 0]
devel-doc 883 159
	balaji.subramaniam@intel.com Balaji Subramaniam: [426, 34]
	connordoyle@users.noreply.github.com Connor Doyle: [211, 125]
	cody.roseborough@intel.com Cody Roseborough: [5, 0]
	brandon.philips@coreos.com Brandon Philips: [7, 0]
	davidopp@google.com David Oppenheimer: [234, 0]
code 473 111
	balaji.subramaniam@intel.com Balaji Subramaniam: [410, 48]
	connordoyle@users.noreply.github.com Connor Doyle: [63, 63]
package 0 0
	balaji.subramaniam@intel.com Balaji Subramaniam: [0, 0]
unknown 2126 724
	balaji.subramaniam@intel.com Balaji Subramaniam: [1127, 159]
	connordoyle@users.noreply.github.com Connor Doyle: [749, 541]
	cody.roseborough@intel.com Cody Roseborough: [133, 24]
	davidopp@google.com David Oppenheimer: [117, 0]
image 0 0
	balaji.subramaniam@intel.com Balaji Subramaniam: [0, 0]
build 40 11
	balaji.subramaniam@intel.com Balaji Subramaniam: [25, 9]
	connordoyle@users.noreply.github.com Connor Doyle: [15, 2]
devel-doc 883 159
code 473 111
package 0 0
unknown 2126 724
image 0 0
build 40 11
