Filter on "^vendor/|/vendor/"
open output file /Users/lukasz/dev/cncf/gitdm/repos/release.csv

(Unknown) unknown@hacker.net Unknown hacker
Google djmm@google.com David McMahon
	unknown [2223, 390]
	devel-doc [1003, 57]
	code [2706, 444]
(Unknown) ixdy@users.noreply.github.com Jeff Grafton
	unknown [49, 29]
	devel-doc [40, 17]
	code [229, 79]
	build [10, 10]
Kelowna admin@toph.ca Christoph Blecker
	code [3, 1]
Google mikedanese@gmail.com Mike Danese
	unknown [690, 70]
	devel-doc [109, 11]
	code [215, 196]
	build [160, 48]
Google beacham@google.com Jacob Beacham
	unknown [1, 1]
	code [10, 2]
	build [15, 6]
Red Hat dgoodwin@redhat.com Devan Goodwin
	unknown [43, 14]
	devel-doc [21, 9]
	code [31, 5]
	build [173, 43]
Microsoft bburns@microsoft.com Brendan Burns
	devel-doc [3, 2]
	code [8, 0]
Google joe.github@bedafamily.com Joe Beda
	unknown [21, 8]
	code [3, 3]
Rook luxas@users.noreply.github.com Lucas Käldström
	unknown [239, 122]
	devel-doc [2, 2]
	code [54, 3]
	build [96, 67]
IBM mkumatag@in.ibm.com Manjunath A Kumatagi
	unknown [4, 10]
	code [33, 9]
	build [6, 5]
Intel alexander.kanevskiy@intel.com Alexander Kanevskiy
	unknown [4, 4]
Google erick@fejta.com Erick Fejta
	code [15, 10]
(Unknown) tomwilkie@users.noreply.github.com Tom Wilkie
	unknown [21, 5]
Google madhusudancs@google.com Madhusudan.C.S
	code [1, 1]
Google enisoc@google.com Anthony Yeh
	code [7, 3]
Google zml@google.com Zach Loafman
	code [7, 0]
Google rmmh@google.com Ryan Hitchman
	code [27, 56]
	build [9, 9]
Red Hat jchaloup@redhat.com Jan Chaloupka
	build [1, 0]
(Unknown) kad@kad.name Alexander D. Kanevskiy
	build [5, 3]
Google saadali@google.com saadali
	unknown [5, 15]
	code [1, 0]
Google acidburn@google.com Jess Frazelle
	code [2, 1]
Weaveworks errordeveloper@gmail.com Ilya Dmitrichenko
	unknown [47, 37]
	devel-doc [18, 0]
	code [9, 9]
	build [31, 22]
American Express marciopuga@gmail.com Marcio Puga
	devel-doc [1, 1]
Mirantis mmosesohn@mirantis.com Matthew Mosesohn
	unknown [9, 0]
	devel-doc [42, 15]
	code [4, 1]
	build [22, 15]
Google mtaufen@users.noreply.github.com Michael Taufen
	unknown [7, 7]
Mirantis pigmej@gmail.com Jedrzej Nowak
	code [23, 5]
Luke Marsden me@lukemarsden.net Luke Marsden
	unknown [3, 1]
Mirantis eli@mirantis.com Evgeny L
	unknown [10, 12]
	code [1, 0]
	build [4, 1]
Google pwittroc+github@google.com Phillip Wittrock
Google robertbailey@google.com Robert Bailey
Google bgrant0607@users.noreply.github.com Brian Grant
	devel-doc [203, 0]
unknown 3376 725
	Google djmm@google.com David McMahon: [2223, 390]
	(Unknown) ixdy@users.noreply.github.com Jeff Grafton: [49, 29]
	Google mikedanese@gmail.com Mike Danese: [690, 70]
	Google beacham@google.com Jacob Beacham: [1, 1]
	Red Hat dgoodwin@redhat.com Devan Goodwin: [43, 14]
	Google joe.github@bedafamily.com Joe Beda: [21, 8]
	Rook luxas@users.noreply.github.com Lucas Käldström: [239, 122]
	IBM mkumatag@in.ibm.com Manjunath A Kumatagi: [4, 10]
	Intel alexander.kanevskiy@intel.com Alexander Kanevskiy: [4, 4]
	(Unknown) tomwilkie@users.noreply.github.com Tom Wilkie: [21, 5]
	Google saadali@google.com saadali: [5, 15]
	Weaveworks errordeveloper@gmail.com Ilya Dmitrichenko: [47, 37]
	Mirantis mmosesohn@mirantis.com Matthew Mosesohn: [9, 0]
	Google mtaufen@users.noreply.github.com Michael Taufen: [7, 7]
	Luke Marsden me@lukemarsden.net Luke Marsden: [3, 1]
	Mirantis eli@mirantis.com Evgeny L: [10, 12]
devel-doc 1442 114
	Google djmm@google.com David McMahon: [1003, 57]
	(Unknown) ixdy@users.noreply.github.com Jeff Grafton: [40, 17]
	Google mikedanese@gmail.com Mike Danese: [109, 11]
	Red Hat dgoodwin@redhat.com Devan Goodwin: [21, 9]
	Microsoft bburns@microsoft.com Brendan Burns: [3, 2]
	Rook luxas@users.noreply.github.com Lucas Käldström: [2, 2]
	Weaveworks errordeveloper@gmail.com Ilya Dmitrichenko: [18, 0]
	American Express marciopuga@gmail.com Marcio Puga: [1, 1]
	Mirantis mmosesohn@mirantis.com Matthew Mosesohn: [42, 15]
	Google bgrant0607@users.noreply.github.com Brian Grant: [203, 0]
code 3389 828
	Google djmm@google.com David McMahon: [2706, 444]
	(Unknown) ixdy@users.noreply.github.com Jeff Grafton: [229, 79]
	Kelowna admin@toph.ca Christoph Blecker: [3, 1]
	Google mikedanese@gmail.com Mike Danese: [215, 196]
	Google beacham@google.com Jacob Beacham: [10, 2]
	Red Hat dgoodwin@redhat.com Devan Goodwin: [31, 5]
	Microsoft bburns@microsoft.com Brendan Burns: [8, 0]
	Google joe.github@bedafamily.com Joe Beda: [3, 3]
	Rook luxas@users.noreply.github.com Lucas Käldström: [54, 3]
	IBM mkumatag@in.ibm.com Manjunath A Kumatagi: [33, 9]
	Google erick@fejta.com Erick Fejta: [15, 10]
	Google madhusudancs@google.com Madhusudan.C.S: [1, 1]
	Google enisoc@google.com Anthony Yeh: [7, 3]
	Google zml@google.com Zach Loafman: [7, 0]
	Google rmmh@google.com Ryan Hitchman: [27, 56]
	Google saadali@google.com saadali: [1, 0]
	Google acidburn@google.com Jess Frazelle: [2, 1]
	Weaveworks errordeveloper@gmail.com Ilya Dmitrichenko: [9, 9]
	Mirantis mmosesohn@mirantis.com Matthew Mosesohn: [4, 1]
	Mirantis pigmej@gmail.com Jedrzej Nowak: [23, 5]
	Mirantis eli@mirantis.com Evgeny L: [1, 0]
build 532 229
	(Unknown) ixdy@users.noreply.github.com Jeff Grafton: [10, 10]
	Google mikedanese@gmail.com Mike Danese: [160, 48]
	Google beacham@google.com Jacob Beacham: [15, 6]
	Red Hat dgoodwin@redhat.com Devan Goodwin: [173, 43]
	Rook luxas@users.noreply.github.com Lucas Käldström: [96, 67]
	IBM mkumatag@in.ibm.com Manjunath A Kumatagi: [6, 5]
	Google rmmh@google.com Ryan Hitchman: [9, 9]
	Red Hat jchaloup@redhat.com Jan Chaloupka: [1, 0]
	(Unknown) kad@kad.name Alexander D. Kanevskiy: [5, 3]
	Weaveworks errordeveloper@gmail.com Ilya Dmitrichenko: [31, 22]
	Mirantis mmosesohn@mirantis.com Matthew Mosesohn: [22, 15]
	Mirantis eli@mirantis.com Evgeny L: [4, 1]
unknown 3376 725
devel-doc 1442 114
code 3389 828
build 532 229
