Filter on "^vendor/|/vendor/"
open output file /Users/lukasz/dev/cncf/gitdm/repos/repo-infra.csv

WARNING: duplicate email/empl for pekowski@gmail.com
WARNING: duplicate email/empl for thingee@gmail.com
WARNING: duplicate email/empl for t.trifonov@gmail.com
WARNING: duplicate email/empl for lyz@princessleia.com
WARNING: duplicate email/empl for robertc@robertcollins.net
WARNING: duplicate email/empl for clint@fewbar.com
WARNING: duplicate email/empl for andrew@linuxjedi.co.uk
WARNING: duplicate email/empl for duncan.thomas@gmail.com
WARNING: duplicate email/empl for kiall@managedit.ie
WARNING: duplicate email/empl for devananda.vdv@gmail.com
WARNING: duplicate email/empl for zaro0508@gmail.com
WARNING: duplicate email/empl for shrewsbury.dave@gmail.com
WARNING: duplicate email/empl for j3p0uk@hotmail.com
WARNING: duplicate email/empl for me@mark.atwood.name
WARNING: duplicate email/empl for slicknik@gmail.com
WARNING: duplicate email/empl for cmsj@tenshu.net
WARNING: duplicate email/empl for anteaya@anteaya.info
WARNING: duplicate email/empl for greg@greghaynes.net
WARNING: duplicate email/empl for matt@mattfarina.com
WARNING: duplicate email/empl for jp@jamezpolley.com
WARNING: duplicate email/empl for steven@wedontsleep.org
WARNING: duplicate email/empl for gleebix@gmail.com
WARNING: duplicate email/empl for code@gentlydownthe.net
WARNING: duplicate email/empl for morgan.fainberg@gmail.com
WARNING: duplicate email/empl for jeblair@hp.com
WARNING: duplicate email/empl for juliaashleykreger@gmail.com
WARNING: duplicate email/empl for stephane@alum.mit.edu
WARNING: duplicate email/empl for kragniz@gmail.com
WARNING: duplicate email/empl for wchrisjohnson@gmail.com
WARNING: duplicate email/empl for daisy.ycguo@gmail.com
WARNING: duplicate email/empl for mordred@inaugust.com
WARNING: duplicate email/empl for zxkuqyb@gmail.com
WARNING: duplicate email/empl for amigliaccio@internap.com
WARNING: duplicate email/empl for yorik.sar@gmail.com
WARNING: duplicate email/empl for e0ne@e0ne.info
WARNING: duplicate email/empl for gabriel@strikeawe.com
WARNING: duplicate email/empl for heckj@mac.com
WARNING: duplicate email/empl for ke.wu@ibeca.me
WARNING: duplicate email/empl for rushi.agr@gmail.com
WARNING: duplicate email/empl for salv.orlando@gmail.com
WARNING: duplicate email/empl for tushar.vitthal.patil@gmail.com
WARNING: duplicate email/empl for jmckenty@gmail.com
WARNING: duplicate email/empl for anne@openstack.org
WARNING: duplicate email/empl for breu@breu.org
WARNING: duplicate email/empl for cbehrens@codestud.com
WARNING: duplicate email/empl for clay.gerrard@gmail.com
WARNING: duplicate email/empl for corywright@gmail.com
WARNING: duplicate email/empl for cp16net@gmail.com
WARNING: duplicate email/empl for cthier@gmail.com
WARNING: duplicate email/empl for darren.birkett@gmail.com
WARNING: duplicate email/empl for dolph.mathews@gmail.com
WARNING: duplicate email/empl for ed@leafe.com
WARNING: duplicate email/empl for github@highbridgellc.com
WARNING: duplicate email/empl for greglange@gmail.com
WARNING: duplicate email/empl for hugh@wherenow.org
WARNING: duplicate email/empl for imsplitbit@gmail.com
WARNING: duplicate email/empl for jason@koelker.net
WARNING: duplicate email/empl for jcruz7@gmail.com
WARNING: duplicate email/empl for josh@jk0.org
WARNING: duplicate email/empl for mattt@defunct.ca
WARNING: duplicate email/empl for mbasnight@gmail.com
WARNING: duplicate email/empl for mike@weirdlooking.com
WARNING: duplicate email/empl for msherborne@gmail.com
WARNING: duplicate email/empl for naveedm9@gmail.com
WARNING: duplicate email/empl for paul@openstack.org
WARNING: duplicate email/empl for rnirmal@gmail.com
WARNING: duplicate email/empl for rconradharris@gmail.com
WARNING: duplicate email/empl for thierry@openstack.org
WARNING: duplicate email/empl for throughnothing@gmail.com
WARNING: duplicate email/empl for yoga80@yahoo.com
WARNING: duplicate email/empl for mark.washenberger@markwash.net
WARNING: duplicate email/empl for p@draigbrady.com
WARNING: duplicate email/empl for zaitcev@kotori.zaitcev.us
WARNING: duplicate email/empl for julie.pichon@gmail.com
WARNING: duplicate email/empl for ghe@debian.org
WARNING: duplicate email/empl for sorrison@gmail.com
unknown@hacker.net Unknown hacker
ixdy@users.noreply.github.com Jeff Grafton
	unknown [102, 13]
	code [39, 9]
spxtr@users.noreply.github.com Joe Finney
eparis@redhat.com Eric Paris
	unknown [22, 1]
yerken.tussupbekov@zalando.de Yerken
	unknown [1, 0]
	devel-doc [53, 1]
	code [196, 0]
jchaloup@redhat.com Jan Chaloupka
	code [5, 3]
pmorie@redhat.com Paul Morie
	unknown [36, 0]
	devel-doc [60, 1]
	code [343, 2]
	build [14, 0]
	documentation [60, 2]
mikedanese@google.com Mike Danese
	unknown [179, 0]
	devel-doc [8, 0]
	code [51, 0]
dug@us.ibm.com Doug Davis
	devel-doc [17, 13]
	code [3, 2]
sarah.novotny@gmail.com sarahnovotny
	devel-doc [202, 0]
unknown 340 14
	ixdy@users.noreply.github.com Jeff Grafton: [102, 13]
	eparis@redhat.com Eric Paris: [22, 1]
	yerken.tussupbekov@zalando.de Yerken: [1, 0]
	pmorie@redhat.com Paul Morie: [36, 0]
	mikedanese@google.com Mike Danese: [179, 0]
devel-doc 340 15
	yerken.tussupbekov@zalando.de Yerken: [53, 1]
	pmorie@redhat.com Paul Morie: [60, 1]
	mikedanese@google.com Mike Danese: [8, 0]
	dug@us.ibm.com Doug Davis: [17, 13]
	sarah.novotny@gmail.com sarahnovotny: [202, 0]
code 637 16
	ixdy@users.noreply.github.com Jeff Grafton: [39, 9]
	yerken.tussupbekov@zalando.de Yerken: [196, 0]
	jchaloup@redhat.com Jan Chaloupka: [5, 3]
	pmorie@redhat.com Paul Morie: [343, 2]
	mikedanese@google.com Mike Danese: [51, 0]
	dug@us.ibm.com Doug Davis: [3, 2]
build 14 0
	pmorie@redhat.com Paul Morie: [14, 0]
documentation 60 2
	pmorie@redhat.com Paul Morie: [60, 2]
unknown 340 14
devel-doc 340 15
code 637 16
build 14 0
documentation 60 2
