Filter on "\/vendor\/"
open output file /Users/lukasz/dev/cncf/gitdm/repos/topology-graph.csv

unknown@hacker.net Unknown hacker
stefw@redhat.com Stef Walter
	unknown [2883, 86]
	devel-doc [704, 43]
	code [1219, 389]
	image [0, 0]
	documentation [641, 143]
mhradil@redhat.com Martin Hradil
	unknown [21, 3]
rhamilto@redhat.com Robb Hamilton
	documentation [10, 12]
rblanco@redhat.com Roman Blanco
	unknown [1, 1]
abonas@redhat.com Alissa Bonas
	unknown [2, 2]
	devel-doc [3, 3]
	code [18, 6]
	documentation [1, 1]
unknown 2907 92
	stefw@redhat.com Stef Walter: [2883, 86]
	mhradil@redhat.com Martin Hradil: [21, 3]
	rblanco@redhat.com Roman Blanco: [1, 1]
	abonas@redhat.com Alissa Bonas: [2, 2]
devel-doc 707 46
	stefw@redhat.com Stef Walter: [704, 43]
	abonas@redhat.com Alissa Bonas: [3, 3]
code 1237 395
	stefw@redhat.com Stef Walter: [1219, 389]
	abonas@redhat.com Alissa Bonas: [18, 6]
image 0 0
	stefw@redhat.com Stef Walter: [0, 0]
documentation 652 156
	stefw@redhat.com Stef Walter: [641, 143]
	rhamilto@redhat.com Robb Hamilton: [10, 12]
	abonas@redhat.com Alissa Bonas: [1, 1]
unknown 2907 92
devel-doc 707 46
code 1237 395
image 0 0
documentation 652 156
