open output file /Users/lukasz/dev/cncf/gitdm/linkerd_repos/combined_before.csv

unknown@hacker.net Unknown hacker
leozc@users.noreply.github.com Leo Liang
	unknown [45, 2]
alex@buoyant.io Alex Leong
	unknown [3885, 1123]
	devel-doc [211, 38]
	code [62, 14]
	build [3, 2]
	documentation [1, 0]
github@ashald.net Borys Pierov
	unknown [2324, 499]
	devel-doc [18, 2]
andrew@sig.gy Andrew Seigner
	unknown [129, 247]
	devel-doc [68, 47]
	code [0, 6]
ver@buoyant.io Oliver Gould
	unknown [2759, 1554]
	devel-doc [32, 6]
	code [5, 0]
oleksandr.berezianskyi@gmail.com Oleksandr Berezianskyi
	unknown [5, 5]
fantayeneh@gmail.com fantayeneh
	unknown [260, 128]
erdody@gmail.com Diego Erdody
	unknown [33, 6]
mykhailo.oleksiuk@gmail.com Mykhailo Oleksiuk
	unknown [134, 0]
sarah@buoyant.io Sarah Brown
	unknown [1279, 984]
oliver@obeattie.com Oliver Beattie
	unknown [127, 32]
justin.venus@gmail.com Justin Venus
	unknown [215, 90]
	devel-doc [1, 0]
rmars@users.noreply.github.com Risha Mars
	unknown [6, 2]
	code [50, 12]
	documentation [5, 0]
wmorgan@users.noreply.github.com William Morgan
	unknown [68, 39]
cab@users.noreply.github.com Conner Bryan
	devel-doc [1, 1]
stevej@fruitless.org Steve Jenson
	unknown [20, 1]
	devel-doc [6, 0]
unknown 11289 4712
	leozc@users.noreply.github.com Leo Liang: [45, 2]
	alex@buoyant.io Alex Leong: [3885, 1123]
	github@ashald.net Borys Pierov: [2324, 499]
	andrew@sig.gy Andrew Seigner: [129, 247]
	ver@buoyant.io Oliver Gould: [2759, 1554]
	oleksandr.berezianskyi@gmail.com Oleksandr Berezianskyi: [5, 5]
	fantayeneh@gmail.com fantayeneh: [260, 128]
	erdody@gmail.com Diego Erdody: [33, 6]
	mykhailo.oleksiuk@gmail.com Mykhailo Oleksiuk: [134, 0]
	sarah@buoyant.io Sarah Brown: [1279, 984]
	oliver@obeattie.com Oliver Beattie: [127, 32]
	justin.venus@gmail.com Justin Venus: [215, 90]
	rmars@users.noreply.github.com Risha Mars: [6, 2]
	wmorgan@users.noreply.github.com William Morgan: [68, 39]
	stevej@fruitless.org Steve Jenson: [20, 1]
devel-doc 337 94
	alex@buoyant.io Alex Leong: [211, 38]
	github@ashald.net Borys Pierov: [18, 2]
	andrew@sig.gy Andrew Seigner: [68, 47]
	ver@buoyant.io Oliver Gould: [32, 6]
	justin.venus@gmail.com Justin Venus: [1, 0]
	cab@users.noreply.github.com Conner Bryan: [1, 1]
	stevej@fruitless.org Steve Jenson: [6, 0]
code 117 32
	alex@buoyant.io Alex Leong: [62, 14]
	andrew@sig.gy Andrew Seigner: [0, 6]
	ver@buoyant.io Oliver Gould: [5, 0]
	rmars@users.noreply.github.com Risha Mars: [50, 12]
build 3 2
	alex@buoyant.io Alex Leong: [3, 2]
documentation 6 0
	alex@buoyant.io Alex Leong: [1, 0]
	rmars@users.noreply.github.com Risha Mars: [5, 0]
unknown 11289 4712
devel-doc 337 94
code 117 32
build 3 2
documentation 6 0
