open output file /Users/lukasz/dev/cncf/gitdm/linkerd_repos/combined_after.csv

unknown@hacker.net Unknown hacker
dima.exe@gmail.com Dmitry Galinsky
	unknown [195, 49]
	devel-doc [2, 0]
kl@buoyant.io Kevin Lingerfelt
	unknown [897, 227]
	devel-doc [196, 172]
	code [10, 1]
	documentation [187, 0]
alex@buoyant.io Alex Leong
	unknown [2802, 318]
	devel-doc [44, 14]
	code [41, 14]
	build [1, 0]
ver@buoyant.io Oliver Gould
	unknown [10848, 4198]
	devel-doc [41, 20]
	code [4, 3]
andrew@sig.gy Andrew Seigner
	unknown [3528, 209]
	devel-doc [366, 118]
	build [10, 10]
sarah@buoyant.io Sarah Brown
	unknown [326, 144]
	devel-doc [1, 0]
hwithuhn@paypal.com Harry Withuhn
	unknown [258, 2]
	devel-doc [1, 0]
jesus@sevein.com Jesús García Crespo
	unknown [1, 1]
	devel-doc [1, 1]
justin.venus@gmail.com Justin Venus
	unknown [23, 5]
	devel-doc [3, 0]
wmorgan@users.noreply.github.com William Morgan
	unknown [44, 0]
	devel-doc [27, 12]
nick.huanca@gmail.com Nick Huanca
	unknown [1, 1]
andersschuller@users.noreply.github.com Anders Schuller
	unknown [1, 1]
github@ashald.net Borys Pierov
	unknown [79, 8]
	devel-doc [1, 0]
leozc@users.noreply.github.com Leo Liang
	unknown [54, 1]
	devel-doc [19, 2]
rmars@users.noreply.github.com Risha Mars
	unknown [366, 45]
	devel-doc [48, 5]
	code [31, 7]
njoyce@users.noreply.github.com Nick Joyce
	unknown [69, 10]
	devel-doc [14, 14]
lkysow@gmail.com Luke Kysow
	unknown [0, 6]
joonas@users.noreply.github.com Joonas Bergius
	unknown [101, 0]
	devel-doc [14, 1]
stevej@fruitless.org Steve Jenson
	unknown [557, 222]
	devel-doc [233, 3]
unknown 20150 5447
	dima.exe@gmail.com Dmitry Galinsky: [195, 49]
	kl@buoyant.io Kevin Lingerfelt: [897, 227]
	alex@buoyant.io Alex Leong: [2802, 318]
	ver@buoyant.io Oliver Gould: [10848, 4198]
	andrew@sig.gy Andrew Seigner: [3528, 209]
	sarah@buoyant.io Sarah Brown: [326, 144]
	hwithuhn@paypal.com Harry Withuhn: [258, 2]
	jesus@sevein.com Jesús García Crespo: [1, 1]
	justin.venus@gmail.com Justin Venus: [23, 5]
	wmorgan@users.noreply.github.com William Morgan: [44, 0]
	nick.huanca@gmail.com Nick Huanca: [1, 1]
	andersschuller@users.noreply.github.com Anders Schuller: [1, 1]
	github@ashald.net Borys Pierov: [79, 8]
	leozc@users.noreply.github.com Leo Liang: [54, 1]
	rmars@users.noreply.github.com Risha Mars: [366, 45]
	njoyce@users.noreply.github.com Nick Joyce: [69, 10]
	lkysow@gmail.com Luke Kysow: [0, 6]
	joonas@users.noreply.github.com Joonas Bergius: [101, 0]
	stevej@fruitless.org Steve Jenson: [557, 222]
devel-doc 1011 362
	dima.exe@gmail.com Dmitry Galinsky: [2, 0]
	kl@buoyant.io Kevin Lingerfelt: [196, 172]
	alex@buoyant.io Alex Leong: [44, 14]
	ver@buoyant.io Oliver Gould: [41, 20]
	andrew@sig.gy Andrew Seigner: [366, 118]
	sarah@buoyant.io Sarah Brown: [1, 0]
	hwithuhn@paypal.com Harry Withuhn: [1, 0]
	jesus@sevein.com Jesús García Crespo: [1, 1]
	justin.venus@gmail.com Justin Venus: [3, 0]
	wmorgan@users.noreply.github.com William Morgan: [27, 12]
	github@ashald.net Borys Pierov: [1, 0]
	leozc@users.noreply.github.com Leo Liang: [19, 2]
	rmars@users.noreply.github.com Risha Mars: [48, 5]
	njoyce@users.noreply.github.com Nick Joyce: [14, 14]
	joonas@users.noreply.github.com Joonas Bergius: [14, 1]
	stevej@fruitless.org Steve Jenson: [233, 3]
code 86 25
	kl@buoyant.io Kevin Lingerfelt: [10, 1]
	alex@buoyant.io Alex Leong: [41, 14]
	ver@buoyant.io Oliver Gould: [4, 3]
	rmars@users.noreply.github.com Risha Mars: [31, 7]
build 11 10
	alex@buoyant.io Alex Leong: [1, 0]
	andrew@sig.gy Andrew Seigner: [10, 10]
documentation 187 0
	kl@buoyant.io Kevin Lingerfelt: [187, 0]
unknown 20150 5447
devel-doc 1011 362
code 86 25
build 11 10
documentation 187 0
