open output file /Users/lukasz/dev/cncf/gitdm/etcd_repos/combined_after.csv

unknown@hacker.net Unknown hacker
xiangli.cs@gmail.com Xiang Li
	unknown [46, 35]
ravi.gadde@gmail.com Ravi Gadde
	unknown [66, 6]
mkumatag@in.ibm.com Manjunath A Kumatagi
	unknown [11, 10]
mitake.hitoshi@gmail.com Hitoshi Mitake
	unknown [105, 27]
gyuhox@gmail.com Gyu-Ho Lee
	unknown [4752, 1450]
	devel-doc [215, 5]
	build [1, 10]
fanmin.shi@coreos.com fanmin shi
	unknown [74, 35]
nmiyake@users.noreply.github.com Nick Miyake
	unknown [1, 1]
anthony.romano@coreos.com Anthony Romano
	unknown [1230, 309]
	devel-doc [3, 193]
	documentation [19, 0]
rpatel@clearslide.com rpatel
	unknown [294, 107]
lenferinkroy@gmail.com Roy Lenferink
	unknown [2, 1]
sinsharat@gmail.com sharat
	unknown [1033, 366]
	devel-doc [12, 0]
jimmy@jimmycuadra.com Jimmy Cuadra
	unknown [4, 0]
vimal78@gmail.com Vimal Kumar
	unknown [35, 13]
	devel-doc [1, 1]
i@disksing.com disksing
	unknown [20, 2]
andrew.stuart2@gmail.com Andrew Stuart
	unknown [18, 0]
derekchiang93@gmail.com Derek Chiang
	unknown [2, 3]
asko.kauppi@zalando.fi Asko Kauppi
	unknown [1, 1]
j@coreos.com Josh Wood
	unknown [2, 2]
jiaolong@meitu.com 焦龙
	unknown [16, 6]
steve@tryingtobeawesome.com Steve Phillips
	unknown [1, 1]
tobilarscheid@gmail.com tobilarscheid
	unknown [33, 31]
hhkbp2@gmail.com Dylan.Wen
	unknown [79, 3]
stefan.schimanski@gmail.com Dr. Stefan Schimanski
	unknown [9, 16]
overvenus@gmail.com Neil Shen
	unknown [3, 3]
unknown 7837 2428
	xiangli.cs@gmail.com Xiang Li: [46, 35]
	ravi.gadde@gmail.com Ravi Gadde: [66, 6]
	mkumatag@in.ibm.com Manjunath A Kumatagi: [11, 10]
	mitake.hitoshi@gmail.com Hitoshi Mitake: [105, 27]
	gyuhox@gmail.com Gyu-Ho Lee: [4752, 1450]
	fanmin.shi@coreos.com fanmin shi: [74, 35]
	nmiyake@users.noreply.github.com Nick Miyake: [1, 1]
	anthony.romano@coreos.com Anthony Romano: [1230, 309]
	rpatel@clearslide.com rpatel: [294, 107]
	lenferinkroy@gmail.com Roy Lenferink: [2, 1]
	sinsharat@gmail.com sharat: [1033, 366]
	jimmy@jimmycuadra.com Jimmy Cuadra: [4, 0]
	vimal78@gmail.com Vimal Kumar: [35, 13]
	i@disksing.com disksing: [20, 2]
	andrew.stuart2@gmail.com Andrew Stuart: [18, 0]
	derekchiang93@gmail.com Derek Chiang: [2, 3]
	asko.kauppi@zalando.fi Asko Kauppi: [1, 1]
	j@coreos.com Josh Wood: [2, 2]
	jiaolong@meitu.com 焦龙: [16, 6]
	steve@tryingtobeawesome.com Steve Phillips: [1, 1]
	tobilarscheid@gmail.com tobilarscheid: [33, 31]
	hhkbp2@gmail.com Dylan.Wen: [79, 3]
	stefan.schimanski@gmail.com Dr. Stefan Schimanski: [9, 16]
	overvenus@gmail.com Neil Shen: [3, 3]
devel-doc 231 199
	gyuhox@gmail.com Gyu-Ho Lee: [215, 5]
	anthony.romano@coreos.com Anthony Romano: [3, 193]
	sinsharat@gmail.com sharat: [12, 0]
	vimal78@gmail.com Vimal Kumar: [1, 1]
documentation 19 0
	anthony.romano@coreos.com Anthony Romano: [19, 0]
build 1 10
	gyuhox@gmail.com Gyu-Ho Lee: [1, 10]
unknown 7837 2428
devel-doc 231 199
documentation 19 0
build 1 10
