open output file /Users/lukasz/dev/cncf/gitdm/etcd_repos/combined_before.csv

unknown@hacker.net Unknown hacker
xiangli.cs@gmail.com Xiang Li
	unknown [23049, 16863]
	devel-doc [1363, 13]
	code [13, 13]
	documentation [0, 5021]
ajityagaty@gmail.com Ajit Yagaty
	unknown [681, 165]
	devel-doc [6, 0]
anthony.romano@coreos.com Anthony Romano
	unknown [19935, 60649]
	devel-doc [2296, 1594]
	code [80, 130]
	build [21, 118]
	documentation [9, 1941]
gyuhox@gmail.com Gyu-Ho Lee
	unknown [10438, 7889]
	devel-doc [340, 179]
	code [32, 3]
maciej.bilas@gmail.com Maciej Bilas
	unknown [4, 0]
geoff@infradead.org Geoff Levand
	unknown [15, 4]
	devel-doc [12, 6]
j@joshix.com Joshua Wood
	unknown [23, 22]
clawsicus@gmail.com Chris Laws
	devel-doc [1, 1]
brian.brazil@robustperception.io Brian Brazil
	unknown [15, 16]
ronald.gundlach-chmara@webtrends.com Ronald Gundlach-Chmara
	devel-doc [1, 1]
raoofm@users.noreply.github.com Raoof Mohammed
	unknown [13, 2]
rob@clearbit.com Rob Holland
	unknown [1, 1]
j@coreos.com Josh Wood
	unknown [4, 4]
	devel-doc [6, 0]
mitake.hitoshi@gmail.com Hitoshi Mitake
	unknown [9727, 3066]
	code [3, 6]
github@judsonwhite.com Jud White
	unknown [1, 0]
wangbowang.wang@huawei.com magicwang-cn
	unknown [1, 0]
agupta@pivotal.io Amit Kumar Gupta
	unknown [1, 1]
zhupengbupt@gmail.com 朱鹏
	unknown [10, 0]
mqliang.zju@gmail.com mqliang
	unknown [662, 77]
londevil@gmail.com lolynx
	unknown [10, 0]
es_chow@163.com es-chow
	unknown [378, 38]
kay.diam@gmail.com kayrus
	unknown [52, 51]
hongchaodeng1@gmail.com Hongchao Deng
	unknown [457, 240]
tamird@gmail.com Tamir Duberstein
	unknown [6, 6]
cdancy@users.noreply.github.com Christopher Dancy
	unknown [1, 0]
jonathanboulle@gmail.com Jonathan Boulle
	unknown [1, 1]
mischief@offblast.org Nick Owens
	unknown [1, 0]
brandon.philips@coreos.com Brandon Philips
	devel-doc [1, 0]
siddontang@gmail.com siddontang
	unknown [11, 1]
andy.boyett@gmail.com Andy Boyett
	unknown [1, 0]
lucas.kaldstrom@hotmail.co.uk Lucas Käldström
	unknown [6, 6]
peter@bourgon.org Peter Bourgon
	unknown [34, 34]
matt.singletary@gmail.com Matt Singletary
	unknown [1, 1]
coolhzb@163.com AdoHe
	unknown [12, 3]
arve.knudsen@gmail.com Arve Knudsen
	unknown [154, 154]
brandon@ixsystems.com Brandon Schneider
	unknown [1, 1]
unknown 65706 89295
	xiangli.cs@gmail.com Xiang Li: [23049, 16863]
	ajityagaty@gmail.com Ajit Yagaty: [681, 165]
	anthony.romano@coreos.com Anthony Romano: [19935, 60649]
	gyuhox@gmail.com Gyu-Ho Lee: [10438, 7889]
	maciej.bilas@gmail.com Maciej Bilas: [4, 0]
	geoff@infradead.org Geoff Levand: [15, 4]
	j@joshix.com Joshua Wood: [23, 22]
	brian.brazil@robustperception.io Brian Brazil: [15, 16]
	raoofm@users.noreply.github.com Raoof Mohammed: [13, 2]
	rob@clearbit.com Rob Holland: [1, 1]
	j@coreos.com Josh Wood: [4, 4]
	mitake.hitoshi@gmail.com Hitoshi Mitake: [9727, 3066]
	github@judsonwhite.com Jud White: [1, 0]
	wangbowang.wang@huawei.com magicwang-cn: [1, 0]
	agupta@pivotal.io Amit Kumar Gupta: [1, 1]
	zhupengbupt@gmail.com 朱鹏: [10, 0]
	mqliang.zju@gmail.com mqliang: [662, 77]
	londevil@gmail.com lolynx: [10, 0]
	es_chow@163.com es-chow: [378, 38]
	kay.diam@gmail.com kayrus: [52, 51]
	hongchaodeng1@gmail.com Hongchao Deng: [457, 240]
	tamird@gmail.com Tamir Duberstein: [6, 6]
	cdancy@users.noreply.github.com Christopher Dancy: [1, 0]
	jonathanboulle@gmail.com Jonathan Boulle: [1, 1]
	mischief@offblast.org Nick Owens: [1, 0]
	siddontang@gmail.com siddontang: [11, 1]
	andy.boyett@gmail.com Andy Boyett: [1, 0]
	lucas.kaldstrom@hotmail.co.uk Lucas Käldström: [6, 6]
	peter@bourgon.org Peter Bourgon: [34, 34]
	matt.singletary@gmail.com Matt Singletary: [1, 1]
	coolhzb@163.com AdoHe: [12, 3]
	arve.knudsen@gmail.com Arve Knudsen: [154, 154]
	brandon@ixsystems.com Brandon Schneider: [1, 1]
devel-doc 4026 1794
	xiangli.cs@gmail.com Xiang Li: [1363, 13]
	ajityagaty@gmail.com Ajit Yagaty: [6, 0]
	anthony.romano@coreos.com Anthony Romano: [2296, 1594]
	gyuhox@gmail.com Gyu-Ho Lee: [340, 179]
	geoff@infradead.org Geoff Levand: [12, 6]
	clawsicus@gmail.com Chris Laws: [1, 1]
	ronald.gundlach-chmara@webtrends.com Ronald Gundlach-Chmara: [1, 1]
	j@coreos.com Josh Wood: [6, 0]
	brandon.philips@coreos.com Brandon Philips: [1, 0]
code 128 152
	xiangli.cs@gmail.com Xiang Li: [13, 13]
	anthony.romano@coreos.com Anthony Romano: [80, 130]
	gyuhox@gmail.com Gyu-Ho Lee: [32, 3]
	mitake.hitoshi@gmail.com Hitoshi Mitake: [3, 6]
build 21 118
	anthony.romano@coreos.com Anthony Romano: [21, 118]
documentation 9 6962
	xiangli.cs@gmail.com Xiang Li: [0, 5021]
	anthony.romano@coreos.com Anthony Romano: [9, 1941]
unknown 65706 89295
devel-doc 4026 1794
code 128 152
build 21 118
documentation 9 6962
