Filter on "^vendor/|/vendor/"
open output file /Users/lukasz/dev/cncf/gitdm/output_strict_numstat.csv

yarntime@163.com is an author name, probably not what you want
henry.nash@uk.ibm.com is an author name, probably not what you want
(Unknown) unknown@hacker.net Unknown hacker
Google enisoc@google.com Anthony Yeh
	unknown [15654, 14088]
	devel-doc [1554, 712]
	code [1, 4]
	build [71, 1]
	documentation [27769, 27769]
CoreOS dan.gillespie@coreos.com Dan Gillespie
	unknown [918, 1000]
	code [52, 21]
	build [1, 1]
Google jsz@google.com Jerzy Szczepkowski
	unknown [356, 185]
	devel-doc [14, 8]
	code [85, 14]
	build [14, 2]
	documentation [1, 1]
Google jgrafton@google.com Jeff Grafton
	devel-doc [15207, 105]
	code [274, 152]
	unknown [762, 689]
	documentation [2, 0]
	ui [3, 0]
	build [85, 70]
Self taotaotheripper@gmail.com Random-Liu
	unknown [3026, 1321]
	devel-doc [28, 5]
	code [125, 28]
	build [97, 6]
	documentation [1, 2]
Google krousey@users.noreply.github.com krousey
	unknown [2, 2]
Google vmik@google.com Mik Vyatskov
	unknown [1861, 693]
	devel-doc [66, 23]
	code [53, 39]
	build [145, 398]
Red Hat jliggitt@redhat.com Jordan Liggitt
	unknown [18309, 8330]
	devel-doc [859, 399]
	code [395, 81]
	build [196, 54]
	documentation [6, 4]
CoreOS caleb.miles@coreos.com caleb miles
	unknown [1305, 1826]
	devel-doc [1, 0]
	code [0, 861]
	build [5, 8]
Google yjhong@google.com Yu-Ju Hong
	unknown [18330, 1431]
	devel-doc [69, 17]
	code [25, 57]
	build [15, 2]
	documentation [1, 0]
Diamanti nelcyguy@gmail.com Chakravarthy Nelluri
	unknown [1905, 884]
	devel-doc [100, 164]
Google krousey@google.com Kris
	unknown [931, 289]
	devel-doc [43, 0]
	documentation [1, 0]
Google mikedanese@google.com Mike Danese
	unknown [3778, 1852]
	devel-doc [1744, 2977]
	code [82, 1587]
	build [247, 1648]
	documentation [3, 0]
Google maciekpytel@google.com Maciej Pytel
	unknown [225, 33]
	devel-doc [12, 3]
Red Hat mkargaki@redhat.com Michail Kargakis
	unknown [4050, 1547]
	devel-doc [26, 71]
	code [26, 3]
	documentation [4, 0]
Red Hat avagarwa@redhat.com Avesh Agarwal
	unknown [1375, 1191]
	devel-doc [2, 3]
	code [3, 1]
	build [3, 1]
	documentation [0, 0]
Google saadali@google.com Saad Ali
	unknown [267, 307]
	devel-doc [1095, 474]
Google madhusudancs@google.com Madhusudan.C.S
	unknown [652, 309]
	devel-doc [15, 11]
	code [599, 403]
Google chiachenk@google.com Janet Kuo
	unknown [1639, 645]
	devel-doc [20, 7]
	documentation [0, 0]
Red Hat dcbw@redhat.com Dan Williams
	unknown [1148, 414]
	devel-doc [27, 52]
Google pszczesniak@google.com Piotr Szczesniak
	unknown [299, 2751]
	devel-doc [24, 30]
	code [24, 20]
	build [34, 23]
	documentation [0, 0]
Google csbell@google.com Christian Bell
	unknown [438, 120]
	devel-doc [5, 0]
	code [3, 1]
Google mwielgus@google.com Marcin Wielgus
	unknown [474, 196]
	devel-doc [160, 101]
Google wojtekt@google.com Wojciech Tyczynski
	unknown [10001, 3765]
	devel-doc [417, 36]
	code [371, 508]
	build [50, 10]
	documentation [18, 8]
Google thockin@google.com Tim Hockin
	unknown [2089, 522]
	devel-doc [18, 32]
	code [2, 0]
	build [64, 68]
Red Hat decarr@redhat.com Derek Carr
	unknown [2556, 702]
	devel-doc [236, 6]
	code [24, 7]
	build [1, 1]
	documentation [2, 1]
Hyper.sh feiskyer@gmail.com Pengfei Ni
	unknown [3917, 4488]
	devel-doc [6, 2]
	code [38, 1]
	documentation [8, 9]
Rook lucas.kaldstrom@hotmail.co.uk Lucas Käldström
	code [34, 446]
	unknown [6296, 6176]
	devel-doc [599, 300]
	documentation [12, 5]
	build [22, 76]
Google fejta@google.com Erick Fejta
	unknown [578, 981]
	code [10, 6]
	build [1, 1]
Google dawnchen@google.com Dawn Chen
	unknown [167, 600]
	devel-doc [3, 1]
	code [15, 6]
	build [1, 0]
Red Hat hekumar@redhat.com Hemant Kumar
	unknown [1607, 447]
	devel-doc [76, 27]
Google stclair@google.com Tim St. Clair
	unknown [1544, 594]
	devel-doc [148, 6]
	code [16, 16]
	build [85, 401]
Pressly vojtech.vitek@pressly.com Vojtech Vitek
	unknown [5, 5]
Net EASE 网易有态度 better0332@163.com better88
	unknown [3, 4]
Red Hat jsafrane@redhat.com Jan Safranek
	code [26, 4]
	unknown [8011, 1640]
	devel-doc [581, 74]
	documentation [0, 0]
	build [13, 1]
Red Hat ccoleman@redhat.com Clayton Coleman
	unknown [32957, 25074]
	devel-doc [1657, 1020]
	code [50, 28]
	documentation [4, 0]
Google cjcullen@google.com CJ Cullen
	unknown [57, 6]
	devel-doc [3, 1]
	code [28, 13]
	build [87, 7]
(Unknown) martinvladev@gmail.com fen4o
	unknown [1, 1]
Google xuchao@google.com Chao Xu
	code [59, 2110]
	unknown [27368, 293952]
	devel-doc [1101, 6207]
	documentation [0, 1098]
	build [0, 185]
Red Hat sjenning@redhat.com Seth Jennings
	code [1, 0]
	unknown [1016, 538]
	devel-doc [11, 7]
	documentation [2, 0]
Fujitsu s.florek91@gmail.com Sebastian Florek
	unknown [1, 1]
Google bsalamat@google.com Bobby Salamat
	unknown [223, 66]
	devel-doc [7, 0]
Google mehdy@google.com mbohlool
	unknown [10744, 5979]
	devel-doc [33, 2]
	code [1, 1]
	documentation [0, 0]
Google mtaufen@google.com Michael Taufen
	code [14, 8]
	unknown [215, 218]
	devel-doc [1, 0]
	documentation [0, 3]
	build [6, 6]
Google mml@google.com Matt Liggett
	code [2, 1]
	unknown [557, 5]
	documentation [4, 0]
	build [4, 4]
Google msau@google.com Michelle Au
	unknown [619, 439]
	devel-doc [10, 2]
Kelowna admin@toph.ca Christoph Blecker
	unknown [49, 226]
	devel-doc [3, 1]
	code [15, 54]
	build [5, 5]
Google shyamjvs@google.com Shyam Jeedigunta
	unknown [1169, 332]
	devel-doc [30, 0]
	code [1821, 1139]
	build [57, 18]
	documentation [8, 3]
(Unknown) crassirostris@yandex.com Mikhail Vyatskov
	unknown [24, 13]
Google ramanathana@google.com Anirudh
	unknown [150, 42]
	devel-doc [2, 0]
VMware miaol@vmware.com Miao Luo
	unknown [277, 157]
	devel-doc [82, 0]
Intel connor.p.doyle@intel.com Connor Doyle
	unknown [488, 246]
	devel-doc [5, 0]
	code [22, 19]
Zalando m@moscar.net Mikkel Oscar Lyderik Larsen
	unknown [5, 5]
(Unknown) karol.kraskiewicz@gmail.com Karol Kraśkiewicz
	unknown [44, 39]
	devel-doc [29, 1]
Dell vladimir.vivien@gmail.com Vladimir Vivien
	unknown [3416, 10]
	devel-doc [813, 16]
	documentation [0, 0]
Google foxish@users.noreply.github.com Anirudh Ramanathan
	unknown [24, 21]
Google joe.github@bedafamily.com Joe Beda
	unknown [1371, 49]
	devel-doc [114, 1]
IBM gyliu513@gmail.com Guangya Liu
	unknown [51, 13]
	documentation [0, 2]
Heptio timothysc@gmail.com Timothy St. Clair
	unknown [672, 983]
	devel-doc [650, 602]
eBay wenlxie@ebay.com wenlxie
	unknown [16, 8]
Google nicksardo@google.com Nick Sardo
	unknown [471, 318]
	devel-doc [3, 2]
CoreOS yifan.gu@coreos.com Yifan Gu
	code [37, 23]
	unknown [8, 25]
	devel-doc [8, 9]
	documentation [3, 5]
	build [2, 3]
Red Hat marun@redhat.com Maru Newby
	unknown [518, 233]
	devel-doc [47, 5]
	code [2, 0]
Google vishnuk@google.com Vishnu kannan
	code [5, 3]
	unknown [2856, 1247]
	devel-doc [198, 58]
	documentation [66, 46]
ZTE Corporation tan.shanshan@zte.com.cn tanshanshan
	unknown [443, 59]
	devel-doc [13, 9]
	code [0, 1]
Apprenda dmcquay@apprenda.com Derek McQuay
	code [1, 1]
	unknown [3221, 440]
	devel-doc [95, 43]
	documentation [6, 0]
Red Hat stefan.schimanski@gmail.com Dr. Stefan Schimanski
	unknown [17567, 35763]
	devel-doc [3140, 4952]
	code [624, 477]
	build [1, 1]
	documentation [0, 0]
IBM klaus1982.cn@gmail.com Klaus Ma
	code [3, 3]
	unknown [1095, 281]
	devel-doc [10, 4]
	documentation [0, 1]
Red Hat ffranz@redhat.com Fabiano Franz
	unknown [476, 68]
	devel-doc [2, 1]
	code [6, 0]
Huawei shashidhara.td@huawei.com shashidharatd
	unknown [2507, 879]
	devel-doc [428, 21]
	code [83, 30]
	documentation [4, 0]
Google dashpole@google.com David Ashpole
	unknown [2807, 748]
	devel-doc [80657, 79669]
Robots and Pencils curtis.allen@robotsandpencils.com Curtis Allen
	unknown [15, 15]
Google gmarek@google.com gmarek
	unknown [4562, 1145]
	devel-doc [96, 22]
	code [8, 7]
	build [2, 2]
	documentation [4, 0]
Red Hat maszulik@redhat.com Maciej Szulik
	unknown [16828, 17719]
	devel-doc [60, 191]
	code [160, 42]
	documentation [0, 0]
CoreOS fab.reinartz@gmail.com Fabian Reinartz
	unknown [15, 19]
Bulletproof gus@inodes.org Angus Lees
	unknown [1025, 665]
	devel-doc [9798, 7204]
	code [4, 63]
	build [7, 2]
Red Hat sross@redhat.com Solly Ross
	unknown [8086, 940]
	devel-doc [3002, 7]
	code [36, 6]
	documentation [1, 0]
Red Hat ravisantoshgudimetla@gmail.com ravisantoshgudimetla
	unknown [2, 0]
Google zihongz@google.com Zihong Zheng
	unknown [3145, 2129]
	devel-doc [134, 70]
	code [123, 90]
	build [56, 68]
	documentation [1, 0]
Mirantis lukaszoles@gmail.com Łukasz Oleś
	unknown [1780, 235]
	devel-doc [61, 3]
	code [1, 1]
	build [1, 1]
	documentation [0, 0]
Huawei irfan.rehman@huawei.com Irfan Ur Rehman
	unknown [3497, 408]
	devel-doc [201, 0]
	code [4, 3]
	documentation [4, 2]
Red Hat deads@redhat.com deads2k
	unknown [98475, 100126]
	devel-doc [9329, 12687]
	code [1526, 612]
	build [41, 17]
	documentation [70, 449]
JPMorgan Chase & Co. michael.fraenkel@gmail.com Michael Fraenkel
	unknown [4104, 707]
	devel-doc [97, 4]
	documentation [6, 0]
Google jregan@google.com Jeffrey Regan
	unknown [5, 128]
	devel-doc [48, 49]
ZTE Corporation zhao.xiangpeng@zte.com.cn xiangpengzhao
	unknown [134, 33]
	devel-doc [1, 1]
	code [83, 0]
	build [167, 2]
NotFound 837829664@qq.com timchenxiaoyu
	unknown [8, 8]
	devel-doc [1, 1]
	code [2, 2]
Google nikhiljindal@google.com nikhiljindal
	unknown [2435, 3127]
	devel-doc [80, 32]
	code [3416, 2985]
	build [1, 0]
Red Hat agoldste@redhat.com Andy Goldstein
	unknown [14217, 6358]
	devel-doc [1250, 596]
	code [68, 3]
	build [22, 0]
	documentation [4, 0]
Fujitsu chenr.fnst@cn.fujitsu.com xilabao
	code [87, 19]
	unknown [1088, 286]
	devel-doc [22, 4]
	documentation [0, 1]
Google beacham@google.com Jacob Beacham
	unknown [696, 44]
	devel-doc [106, 0]
	code [4, 2]
	documentation [9, 0]
Google jeffml@google.com Jeff Lowdermilk
	unknown [198, 72]
	code [44, 38]
Rancher Labs sid@rancher.com wlan0
	unknown [808, 153]
	devel-doc [161, 25]
JustWatch dominik.schulz@gauner.org Dominik Schulz
	unknown [47, 1]
(Unknown) andrew@andrewrynhard.com Andrew Rynhard
	unknown [631, 107]
	devel-doc [55, 2]
NotFound nakayamakenjiro@gmail.com Kenjiro Nakayama
	unknown [2, 2]
Google jinxu@google.com Jing Xu
	unknown [281, 86]
	devel-doc [6, 1]
	code [26, 0]
	build [30, 25]
Google mengqiy@google.com ymqytw
	unknown [3045, 560]
	devel-doc [10, 1]
	code [136, 26]
Google owensk@google.com Kenneth Owens
	unknown [3779, 2823]
	devel-doc [19, 23]
Google qlee@google.com Quintin Lee
	build [16, 1]
VMware sritesh@vmware.com Ritesh H Shukla
	unknown [46, 83]
	devel-doc [7, 6]
	code [0, 1110]
IBM mbauer@us.ibm.com Morgan Bauer
	unknown [17, 7]
	code [3, 2]
Google acidburn@google.com Jess Frazelle
	code [10, 10]
	unknown [8278, 47]
	devel-doc [1384, 303]
	documentation [0, 0]
Google dvorak@google.com Jonathan MacMillan
	unknown [404, 154]
	devel-doc [1, 0]
	code [3, 1]
	documentation [5, 0]
Mirantis vefimova@mirantis.com vefimova
	unknown [343, 81]
	documentation [0, 0]
Loodse GmbH sebastian@loodse.com Sebastian Scheele
	unknown [23, 7]
(Unknown) 409107750@qq.com mlmhl
	unknown [2, 2]
Portworx aditya@portworx.com Aditya Dani
	unknown [1208, 0]
	devel-doc [1685, 0]
	documentation [0, 0]
Embedded Systems, ECE apelisse@gmail.com Antoine Pelisse
	unknown [3277, 1837]
(Unknown) zhaohuizhi@gmail.com Hui-Zhi
	unknown [228, 21]
Red Hat sgott@redhat.com Stu Gott
	unknown [172, 0]
	devel-doc [38, 0]
Tencent zhiguohong@tencent.com Hong Zhiguo
	unknown [1, 0]
(Unknown) matthias.bertschy@gmail.com Matthias Bertschy
	unknown [20, 5]
	devel-doc [26, 0]
(Unknown) chenchun.feed@gmail.com Chun Chen
	unknown [110, 5]
Microsoft jiangtianli@hotmail.com Jiangtian Li
	unknown [733, 15]
	devel-doc [47, 0]
Microsoft anhowe@microsoft.com Anthony Howe
	unknown [557, 1027]
	devel-doc [1, 5]
Heptio steve@heptio.com Steve Kriss
	unknown [242, 35]
	devel-doc [3, 0]
Red Hat bbennett@redhat.com Benjamin Bennett
	unknown [263, 150]
	devel-doc [46, 0]
Google zml@google.com Zach Loafman
	unknown [16, 253]
	code [128, 2410]
	build [3, 136]
	documentation [1, 0]
CoreOS eric.chiang.m@gmail.com Eric Chiang
	unknown [991, 611]
	devel-doc [57, 8]
	documentation [1, 0]
FathomDB justin@fathomdb.com Justin Santa Barbara
	unknown [1107, 313]
	devel-doc [8, 0]
	code [2, 2]
	build [5, 1]
	documentation [1, 0]
Google bowei@google.com Bowei Du
	unknown [538, 3751]
	devel-doc [48, 451]
	code [33, 44]
	build [33, 110]
(Unknown) hakanbaba83@gmail.com Hakan Baba
	unknown [204, 0]
Google mixia@google.com Minhan Xia
	unknown [2382, 1151]
	devel-doc [82, 53]
	documentation [1, 0]
Canonical george.kraft@canonical.com George Kraft
	unknown [2, 2]
	code [133, 76]
	documentation [1, 1]
Huawei wangzefeng@huawei.com Kevin
	unknown [1236, 252]
	devel-doc [49, 0]
	code [13, 13]
	build [1, 1]
Canonical axino@canonical.com axino
	unknown [5, 2]
	code [121, 4]
CNM Consulting clove@cnmconsulting.net chrislovecnm
	unknown [182, 95]
	devel-doc [24, 9]
	code [8, 3]
	build [12, 6]
	documentation [4, 2]
Google wfender@google.com Walter Fender
	code [8, 0]
	build [8, 1]
Red Hat haowang@redhat.com Haoran Wang
	unknown [112, 92]
	devel-doc [7, 3]
zlabjp kazuki.suda@gmail.com Kazuki Suda
	unknown [19, 0]
NotFound peay@protonmail.com peay
	unknown [843, 187]
Canonical marco@ceppi.net Marco Ceppi
	unknown [3, 2]
(Unknown) elipapa@users.noreply.github.com elipapa
	unknown [1, 0]
Red Hat dgoodwin@redhat.com Devan Goodwin
	unknown [890, 122]
	devel-doc [10, 0]
ZTE Corporation ouyang.qinhua@zte.com.cn bruceauyeung
	unknown [471, 86]
	devel-doc [6, 1]
ZTE Corporation song.ruixia@zte.com.cn SongRuixia
	unknown [2, 1]
SalesForce mayank.kumar@salesforce.com Mayank Kumar
	unknown [494, 163]
	devel-doc [1, 0]
Red Hat shiywang@redhat.com Shiyang Wang
	unknown [1075, 212]
	devel-doc [4, 1]
	documentation [7, 0]
Red Hat hchen@redhat.com Huamin Chen
	unknown [85, 42]
	devel-doc [3, 2]
	documentation [0, 0]
Microsoft cole.mickens@gmail.com Cole Mickens
	unknown [48, 18]
	devel-doc [1, 1]
Samsung spiffxp@gmail.com Aaron Crickenberger
	unknown [45, 13]
	code [0, 1]
	build [1, 1]
Self aledbf@gmail.com Manuel de Brito Fontes
	unknown [4, 4]
Intel alexander.kanevskiy@intel.com Alexander Kanevskiy
	unknown [243, 16]
	devel-doc [3, 1]
	documentation [27, 23]
Microsoft bburns@google.com Brendan Burns
	unknown [5575, 1790]
	devel-doc [878, 5]
	code [279, 23]
	translation [3939, 1408]
	documentation [5, 0]
(Unknown) saratk@gmail.com Sarat Kamisetty
	unknown [220, 71]
Socrata jaescobar.cell@gmail.com Alejandro Escobar
	unknown [175, 119]
	code [84, 44]
Red Hat eparis@redhat.com Eric Paris
	unknown [15, 17]
	code [45, 36]
Canonical chuck@dasroot.net Charles Butler
	unknown [1, 1]
	code [73, 15]
Red Hat hchiramm@redhat.com Humble Chirammal
	unknown [491, 134]
	devel-doc [27, 9]
	documentation [0, 0]
IBM xingzhou@cn.ibm.com Xing Zhou
	unknown [1230, 162]
	devel-doc [23, 16]
	code [34, 0]
	documentation [9, 0]
Hyper.sh harryz@hyper.sh Harry Zhang
	unknown [499, 365]
	devel-doc [10, 9]
	code [3, 1]
42 julien.balestra@gmail.com JulienBalestra
	unknown [54, 11]
VMware bdontu@vmware.com Balu Dontu
	unknown [101, 74]
	devel-doc [18, 1]
Mirantis ishvedunov@mirantis.com Ivan Shvedunov
	code [29, 17]
	unknown [488, 1099]
	devel-doc [0, 1]
	documentation [0, 0]
EasyStack rong.zhang@easystack.cn riverzhang
	unknown [1, 1]
EasyStack zhengchuan.hu@easystack.cn zhengchuan hu
	unknown [1, 1]
Self stephenhsu90@gmail.com Di Xu
	unknown [1, 1]
EasyStack yuquan.ren@easystack.cn NickrenREN
	unknown [666, 355]
	devel-doc [5, 0]
Red Hat jpeeler@redhat.com Jeff Peeler
	unknown [3839, 29]
	devel-doc [63, 0]
	documentation [8, 0]
Self ablock84@gmail.com Alexander Block
	unknown [155, 45]
	code [1, 1]
	build [4, 1]
Self 21521209@zju.edu.cn jg Chen
	unknown [1, 1]
Red Hat rrati@redhat.com Robert Rati
	unknown [5709, 1887]
	devel-doc [1, 1]
	code [8, 3]
	documentation [0, 0]
Google jacobsimpson@google.com Jacob Simpson
	unknown [1577, 69]
	devel-doc [75, 0]
	code [12, 1]
Red Hat jvallejo@redhat.com juanvallejo
	unknown [524, 85]
	devel-doc [11, 2]
	code [60, 2]
Atlassian mmazurskiy@atlassian.com Mikhail Mazurskiy
	unknown [29, 8]
Juju Ecosystem mbruzek@gmail.com Matt Bruzek
	devel-doc [405, 112]
	code [1920, 488]
	unknown [1097, 499]
	image [1498, 270]
	documentation [13, 5]
	build [54, 0]
Google pwittroc@google.com Phillip Wittrock
	unknown [320, 388]
	devel-doc [25, 1]
	code [13, 13]
Red Hat mawong@redhat.com Matthew Wong
	unknown [575, 666]
	devel-doc [9, 54]
Apache jay@apache.org jayunit100
	unknown [702, 441]
	devel-doc [153, 44]
	code [6, 0]
The New York Times tony.li@nytimes.com Tony Li
	unknown [4, 4]
Cockroach alexdwanerobinson@gmail.com Alex Robinson
	unknown [33, 20]
	devel-doc [1, 1]
	code [1, 1]
Allegro michal@kinvolk.io Michal Rostecki
	unknown [169, 155]
CDNetworks Korea michael.mrowetz@cdnetworks.co.kr Michael Mrowetz
	unknown [11, 0]
	code [7, 2]
	build [1, 0]
Self lukasz.szaszkiewicz@gmail.com p0lyn0mial
	unknown [947, 162]
	devel-doc [17, 1]
	code [11, 0]
	documentation [0, 0]
VMware divyenp@vmware.com divyenpatel
	unknown [1376, 18]
	devel-doc [14, 1]
HarmonyCloud chenjg@harmonycloud.cn fate-grand-order
	unknown [1, 1]
Red Hat jcope@redhat.com Jon Cope
	unknown [914, 401]
	devel-doc [1, 0]
Bigstep cristian.pop@bigstep.com Cristian Pop
	unknown [88, 43]
(Unknown) fabiand@fedoraproject.org Fabian Deutsch
	devel-doc [1, 0]
ZTE Corporation lin.youchong@zte.com.cn linyouchong
	unknown [2, 4]
VMware kstepniewski@vmware.com Karol Stepniewski
	unknown [14, 0]
	devel-doc [2, 0]
(Unknown) stephen.kriss@gmail.com Stephen Kriss
	unknown [147, 0]
	devel-doc [1, 0]
Sky james@r-vn.org James Ravn
	unknown [18, 14]
Red Hat vsemushi@redhat.com Slava Semushin
	unknown [4, 12]
	code [2, 3]
(Unknown) ancosen@gmail.com Andrea Cosentino
	unknown [25, 58]
	devel-doc [102, 116]
Google spxtr@google.com Joe Finney
	unknown [60, 476]
	devel-doc [51, 57]
	code [12, 26]
	ui [6, 3]
	build [14, 6]
(Unknown) ferdinand.huebner@gmail.com Ferdinand Hübner
	unknown [1, 1]
Weaveworks errordeveloper@gmail.com Ilya Dmitrichenko
	unknown [4, 3]
HP robert.roland@hpe.com Robert Roland
	unknown [40, 25]
Red Hat jvance@redhat.com Jeff Vance
	unknown [1043, 702]
	devel-doc [1, 0]
Google beeps@google.com bprashanth
	unknown [380, 117]
	devel-doc [22, 10]
Red Hat jchaloup@redhat.com Jan Chaloupka
	unknown [76, 0]
	code [1, 1]
ZTE Corporation wei.chuanhui1@zte.com.cn zte-20170208
	unknown [3, 0]
Self jianhui.zhou@huawei.com jianhuiz
	unknown [2512, 74]
	devel-doc [129, 0]
	code [2, 2]
Google aleksandram@google.com Aleksandra Malinowska
	unknown [74, 181]
	devel-doc [1, 38]
	code [14, 4]
	build [23, 13]
	documentation [0, 1]
Red Hat rchopra@redhat.com Rajat Chopra
	unknown [3, 3]
Red Hat skuznets@redhat.com Steve Kuznetsov
	unknown [13, 1]
(Unknown) rahn.jonathan@gmail.com Jonathan Rahn
	devel-doc [4, 4]
Apple kpgriffith@me.com Kevin Griffith
	unknown [56, 206]
	devel-doc [0, 2]
Red Hat berrange@redhat.com Daniel P. Berrange
	code [2, 2]
(Unknown) ashley@victorianfox.com Ashley Reese
	unknown [1, 1]
Igneous Systems andrewpilloud@igneoussystems.com Andrew Pilloud
	unknown [10, 19]
NotFound leave24534@gmail.com dutianpeng
	unknown [22, 20]
	code [1, 4]
ZTE Corporation pu.junqi@zte.com.cn tianshapjq
	unknown [54, 51]
	devel-doc [1, 1]
	documentation [0, 1]
Red Hat dhodovsk@redhat.com Dominika Hodovska
	unknown [321, 189]
	documentation [0, 0]
CoreOS luca.bruno@coreos.com Luca Bruno
	unknown [55, 47]
	devel-doc [1, 1]
	code [12, 5]
	build [6, 3]
	documentation [0, 1]
Apprenda pires@apprenda.com Paulo Pires
	unknown [585, 711]
	devel-doc [3, 7]
	documentation [1, 0]
SoundCloud rene.treffer@soundcloud.com Rene Treffer
	unknown [29, 15]
Red Hat slaskawi@redhat.com Sebastian Laskawiec
	unknown [13, 1]
CERN anastasis90@yahoo.gr Anastasis Andronidis
	unknown [252, 21]
	code [31, 0]
Pardot andy@lindeman.io Andy Lindeman
	code [3, 3]
Ubuntu jorge@ubuntu.com Jorge O. Castro
	unknown [3, 4]
Red Hat rhallise@redhat.com Ryan Hallisey
	code [11, 57]
	build [14, 4]
(Unknown) beeradb@gmail.com Brad Bowman
	unknown [1, 1]
Google robertbailey@google.com Robert Bailey
	code [18, 9]
Google dbsmith@google.com Daniel Smith
	unknown [48, 94]
	devel-doc [0, 4]
	code [0, 26]
	build [3, 3]
Google rmmh@google.com Ryan Hitchman
	unknown [54, 2]
	devel-doc [58, 0]
Red Hat ipalade@redhat.com PI-Victor
	unknown [1, 1]
Google grodrigues3@users.noreply.github.com grodrigues3
	unknown [9, 71]
eBay vija@ebay.com Vijay Samuel
	unknown [13, 13]
(Unknown) rene.saenz@gmail.com Rene Saenz
	unknown [20, 20]
	devel-doc [6, 6]
(Unknown) kmter@live.com shawyeok
	unknown [1, 0]
	code [199, 54]
	documentation [2, 0]
Mirantis maciej.iai@gmail.com Maciej Kwiek
	unknown [268, 153]
	devel-doc [1, 59]
	code [1, 1]
ZTE Corporation liu.hao89@zte.com.cn foxyriver
	unknown [62, 63]
	devel-doc [0, 2]
Google quinton@google.com Quinton Hoole
	unknown [239, 14]
Google djmm@google.com David McMahon
	devel-doc [148, 146]
	code [0, 81]
Apprenda jbhurat@apprenda.com Jitendra Bhurat
	unknown [243, 64]
Comcast sean@coreitpro.com Sean M. Collins
	code [10, 2]
TravelSky Technology Limited supermouselyh@hotmail.com Lou Yihua
	unknown [2, 0]
(Unknown) ales.nosek@gmail.com Ales Nosek
	unknown [3, 0]
Self forrestchen@tencent.com forrestchen
	unknown [25, 0]
Ustream bonifaido@gmail.com Nandor Kracser
	unknown [1, 1]
Red Hat mkhan@redhat.com Monis Khan
	unknown [884, 1582]
	devel-doc [40, 99]
Red Hat pmorie@redhat.com Paul Morie
	unknown [339, 187]
Red Hat tsmetana@redhat.com Tomas Smetana
	unknown [68, 151]
Software & Things thepope@thepopeisdead.com Keith Pope
	code [1, 0]
Google senlu@google.com Sen Lu
	code [2, 2]
Red Hat danw@redhat.com Dan Winship
	unknown [712, 278]
	devel-doc [38, 27]
	code [1, 1]
ocadotechnology mike@mikebryant.me.uk Mike Bryant
	unknown [1, 1]
CoreOS euan.kemp@coreos.com Euan Kemp
	code [307, 147]
	unknown [792, 2861]
	devel-doc [56, 17]
	documentation [3, 0]
	build [1741, 645]
Google verb@google.com Lee Verberne
	code [86, 34]
	build [13, 2]
Google grod@google.com Garrett Rodrigues
	unknown [115, 25]
Wattpad andrew@wattpad.com andrewsykim
	unknown [62, 26]
Google schickin@google.com thomasschickinger
	unknown [6, 5]
	build [13, 2]
Google maisem@google.com Maisem Ali
	code [16, 0]
(Unknown) dukexar@gmail.com Anton Klautsan
	unknown [150, 25]
Google bgrant0607@users.noreply.github.com Brian Grant
IBM seharris@us.ibm.com Steven E. Harris
	unknown [9, 6]
AppsCode sadlil@appscode.com sadlil
	unknown [5, 5]
	code [3, 3]
	build [3, 3]
(Unknown) meybohm@traum-ferienwohnungen.de Janis Meybohm
	unknown [1, 0]
	code [1, 0]
Red Hat mfojtik@redhat.com Michal Fojtik
	unknown [48, 18]
Net EASE 网易有态度 coolhzb@163.com AdoHe
	unknown [284, 78]
	devel-doc [0, 1]
	code [16, 0]
	documentation [4, 0]
ZTE Corporation zhang.dongjie@zte.com.cn zdj6373
	unknown [13, 16]
Red Hat screeley@redhat.com Scott Creeley
	unknown [121, 6]
	devel-doc [2, 0]
Pierre Mavro deimos@deimos.fr Deimosfr
	unknown [4, 0]
Google rkouj@google.com rkouj
	unknown [1705, 1167]
	devel-doc [26, 2]
Red Hat pweil@redhat.com pweil-
	unknown [1662, 60]
	documentation [0, 0]
DEIS michelle@deis.com Michelle Noorali
	unknown [162, 39285]
	devel-doc [3, 180]
	image [0, 1943]
	build [0, 41]
NotFound kay.diam@gmail.com kayrus
	build [4, 5]
Net EASE 网易有态度 yarntime@163.com yarntime@163.com
	unknown [69, 25]
Intel dominika.krzyszczyk@intel.com Dominika Krzyszczyk
	unknown [195, 164]
FounderFuel marc@proze.net Marc-Antoine Ross
	unknown [2, 2]
Google rfranken@google.com Rob Franken
	unknown [3, 3]
Red Hat xychu2008@gmail.com Ethan Chu
	unknown [2, 2]
NetEase mqliang.zju@gmail.com mqliang
	unknown [26, 6]
VMware xiangfeiz@vmware.com Xiangfei Zhu
	unknown [20, 5]
	devel-doc [2, 2]
eBay zhouhaibing089@gmail.com zhouhaibing089
	unknown [20, 4]
	devel-doc [4, 1]
Microsoft oguzp@microsoft.com Oguz Pastirmaci
	unknown [30, 0]
	devel-doc [61, 0]
	image [0, 0]
(Unknown) pjt73651@gmail.com DjangoPeng
	code [2, 2]
ZTE Corporation wang.yuexiao@zte.com.cn yuexiao-wang
	unknown [14, 14]
Mozilla diparfitt@gmail.com Dave Parfitt
	devel-doc [11, 0]
Jetstack simon@swine.de Christian Simon
	unknown [102, 11]
Mirantis yashulyak@gmail.com Dmitry Shulyak
	unknown [258, 147]
	devel-doc [0, 1]
(Unknown) andrew.oneill@nordstrom.com Andrew O'Neill
	unknown [10, 9]
Tencent jungong@tencent.com Jun Gong
	unknown [40, 25]
	documentation [1, 0]
Red Hat marko.luksa@gmail.com Marko Luksa
	unknown [28, 9]
ContainerStack.io remon.lam@lamnet.nl Remon Lam
	code [1, 0]
Red Hat ppospisi@redhat.com pospispa
	unknown [53, 0]
CoreOS jonathan.boulle@coreos.com Jonathan Boulle
	unknown [96, 32]
NotFound likexu@harmonycloud.cn Aaron.L.Xu
	unknown [76, 76]
	devel-doc [4, 4]
	code [5, 5]
Red Hat asalkeld@mirantis.com Angus Salkeld
	unknown [598, 57]
	devel-doc [8, 0]
	code [13, 0]
	documentation [3, 0]
AT&T mf6510@att.com Ciello89
	devel-doc [1, 1]
ZTE Corporation yu.peng36@zte.com.cn yupeng
	unknown [50, 50]
Feenix GmbH da.colonel@gmail.com Denis Andrejew
	unknown [3, 3]
Amadeus salvatore-dario.minonne@amadeus.com Salvatore Dario Minonne
	code [63, 5]
CoreOS xiangli.cs@gmail.com Xiang Li
	unknown [2671, 3]
	devel-doc [87, 0]
	code [0, 1]
ZTE Corporation chen.tao3@zte.com.cn chentao1596
	unknown [2, 5]
	devel-doc [2, 2]
	code [9, 9]
Apache jwhitlock@apache.org Jeremy Whitlock
	code [6, 4]
Bitnami runseb@gmail.com sebgoa
	devel-doc [25, 3]
Zhejiang University xuliker@zju.edu.cn aaronxu
	unknown [13, 13]
	code [6, 6]
JD.COM xuxinkun@gmail.com xuxinkun
	code [1, 1]
CoreOS pb@coreos.com Patrick Baxter
	unknown [1, 0]
Red Hat surajssd009005@gmail.com Suraj Deshmukh
	unknown [31, 20]
	devel-doc [31, 20]
Zalando linki@users.noreply.github.com Martin Linkhorst
	unknown [4, 4]
(Unknown) yuanying@fraction.jp OTSUKA, Yuanying
	unknown [8, 7]
	code [4, 4]
	build [1, 1]
Google ameyd@google.com Amey Deshpande
	code [3, 9]
IBM sykesmat@us.ibm.com Matthew Sykes
	unknown [105, 13]
Google etune@google.com Eric Tune
	devel-doc [7, 1]
Google vishh@users.noreply.github.com Vish Kannan
	unknown [2, 64]
VMware shivania@vmware.com Abrar Shivani
	unknown [2, 1]
CoreOS hongchaodeng1@gmail.com Hongchao Deng
	unknown [160, 226]
	devel-doc [1, 13]
	code [4, 2]
Red Hat runcom@redhat.com Antonio Murdaca
	unknown [6, 3]
(Unknown) lzw19860818@aliyun.com LouZhengwei
	unknown [6, 3]
dunnhumby mevanj89@gmail.com Morgan Jones
	unknown [0, 21]
IBM dims@linux.vnet.ibm.com Davanum Srinivas
	unknown [1, 4]
IBM graut@us.ibm.com gajju26
	unknown [8, 4]
	devel-doc [16, 1]
	code [41, 14]
	build [32, 4]
Net EASE 网易有态度 xiaoping378@163.com xiaoping378
	code [191, 28]
IBM dug@us.ibm.com Doug Davis
	unknown [12, 49]
Red Hat obnox@redhat.com Michael Adam
	unknown [741, 37]
	devel-doc [14, 2]
TripTravel igor.katson@gmail.com Igor Katson
	build [1, 1]
Zeet dave.michael@ntlworld.com David Michael
	devel-doc [1, 3]
Fujitsu lukasz.zajaczkowski@ts.fujitsu.com Lukasz Zajaczkowski
	unknown [21, 0]
	code [42, 18]
NotFound keglevich2@gmail.com keglevich3
	build [1, 0]
F24 Ag kenan435@gmail.com Kenan Karamehmedovic
	unknown [26, 0]
	devel-doc [1, 0]
Weaveworks bryan@weave.works Bryan Boreham
	unknown [1, 13]
	devel-doc [2, 2]
(Unknown) kevin807359@gmail.com Kevin Wang
	unknown [174, 10]
	devel-doc [19, 0]
Red Hat seb@stianj.ug Sebastain Jug
	unknown [6, 2]
Intel elson.rodriguez@gmail.com Elson Rodriguez
	unknown [2, 0]
	devel-doc [14, 5]
IBM henry.nash@uk.ibm.com henry.nash@uk.ibm.com
	code [1, 1]
Fujitsu caosf.fnst@cn.fujitsu.com Cao Shufeng
	unknown [25, 2]
	code [2, 2]
(Unknown) lvnilesh@users.noreply.github.com Nilesh Londhe
	unknown [1, 1]
Red Hat sejug@redhat.com Sebastian Jug
	unknown [95, 90]
	devel-doc [5, 3]
	code [1, 1]
JD.COM ailusazh@126.com ailusazh
	unknown [2, 2]
(Unknown) ttsujika@zlab.co.jp Tatsuhiro Tsujikawa
	unknown [4, 0]
(Unknown) nvartolomei@gmail.com Nicolae Vartolomei
	unknown [12, 3]
(Unknown) deads2k@users.noreply.github.com David Eads
	unknown [9, 9]
ZTE Corporation cai.yixiang@zte.com.cn caiyixiang
	unknown [3, 3]
Google filipg@google.com Filip Grzadkowski
CoreOS brandon.philips@coreos.com Brandon Philips
	unknown [3, 1]
	devel-doc [1, 1]
Net EASE 网易有态度 oulinbao@163.com oulinbao
	unknown [678, 596]
(Unknown) mrevilgnome@gmail.com Matthew Stump
	unknown [247, 7]
	code [83, 37]
	documentation [1, 1]
Red Hat jbrooks@redhat.com Jason Brooks
	unknown [2, 2]
Google bryk@google.com bryk
	unknown [2, 2]
VMware robertc@vmware.com Robert Collins
	code [20, 15]
JD.COM jiangzhao_l@hotmail.com lvjiangzhao
	unknown [1, 1]
(Unknown) minhongz@gmail.com mhzed
	code [1, 1]
Cloudera anand@cloudera.com Anand Patil
	unknown [5, 0]
(Unknown) andor@pierdelacabeza.com Alvaro [Andor]
	unknown [1, 1]
NotFound dj199008@gmail.com m1093782566
	unknown [149, 20]
ZTE Corporation li.guangxu@zte.com.cn guangxuli
	unknown [19, 13]
Red Hat jistr@redhat.com Jiri Stransky
	unknown [11, 0]
ZTE Corporation li.xialong@zte.com.cn xialong.lee
	unknown [6, 1]
	devel-doc [1, 0]
Self xlgao@zju.edu.cn Xianglin Gao
	code [24, 2]
NotFound yaoyao.xyy@alibaba-inc.com yaoyao.xyy
	unknown [14, 10]
DEIS mfisher@deis.com Matthew Fisher
	unknown [33, 9]
	devel-doc [1, 1]
	code [0, 33]
	build [61, 35]
Skillshare matt@skillshare.com Matt Condon
	unknown [30, 17]
Ubisoft rodcloutier@gmail.com Rod Cloutier
	unknown [7, 0]
(Unknown) git@hiltunen.io Sami Hiltunen
	unknown [10, 3]
(Unknown) allan.caffee@gmail.com Allan Caffee
	devel-doc [1, 1]
devel-doc 143138 121150
	Google enisoc@google.com Anthony Yeh: [1554, 712]
	Google jsz@google.com Jerzy Szczepkowski: [14, 8]
	Google jgrafton@google.com Jeff Grafton: [15207, 105]
	Self taotaotheripper@gmail.com Random-Liu: [28, 5]
	Google vmik@google.com Mik Vyatskov: [66, 23]
	Red Hat jliggitt@redhat.com Jordan Liggitt: [859, 399]
	CoreOS caleb.miles@coreos.com caleb miles: [1, 0]
	Google yjhong@google.com Yu-Ju Hong: [69, 17]
	Diamanti nelcyguy@gmail.com Chakravarthy Nelluri: [100, 164]
	Google krousey@google.com Kris: [43, 0]
	Google mikedanese@google.com Mike Danese: [1744, 2977]
	Google maciekpytel@google.com Maciej Pytel: [12, 3]
	Red Hat mkargaki@redhat.com Michail Kargakis: [26, 71]
	Red Hat avagarwa@redhat.com Avesh Agarwal: [2, 3]
	Google saadali@google.com Saad Ali: [1095, 474]
	Google madhusudancs@google.com Madhusudan.C.S: [15, 11]
	Google chiachenk@google.com Janet Kuo: [20, 7]
	Red Hat dcbw@redhat.com Dan Williams: [27, 52]
	Google pszczesniak@google.com Piotr Szczesniak: [24, 30]
	Google csbell@google.com Christian Bell: [5, 0]
	Google mwielgus@google.com Marcin Wielgus: [160, 101]
	Google wojtekt@google.com Wojciech Tyczynski: [417, 36]
	Google thockin@google.com Tim Hockin: [18, 32]
	Red Hat decarr@redhat.com Derek Carr: [236, 6]
	Hyper.sh feiskyer@gmail.com Pengfei Ni: [6, 2]
	Rook lucas.kaldstrom@hotmail.co.uk Lucas Käldström: [599, 300]
	Google dawnchen@google.com Dawn Chen: [3, 1]
	Red Hat hekumar@redhat.com Hemant Kumar: [76, 27]
	Google stclair@google.com Tim St. Clair: [148, 6]
	Red Hat jsafrane@redhat.com Jan Safranek: [581, 74]
	Red Hat ccoleman@redhat.com Clayton Coleman: [1657, 1020]
	Google cjcullen@google.com CJ Cullen: [3, 1]
	Google xuchao@google.com Chao Xu: [1101, 6207]
	Red Hat sjenning@redhat.com Seth Jennings: [11, 7]
	Google bsalamat@google.com Bobby Salamat: [7, 0]
	Google mehdy@google.com mbohlool: [33, 2]
	Google mtaufen@google.com Michael Taufen: [1, 0]
	Google msau@google.com Michelle Au: [10, 2]
	Kelowna admin@toph.ca Christoph Blecker: [3, 1]
	Google shyamjvs@google.com Shyam Jeedigunta: [30, 0]
	Google ramanathana@google.com Anirudh: [2, 0]
	VMware miaol@vmware.com Miao Luo: [82, 0]
	Intel connor.p.doyle@intel.com Connor Doyle: [5, 0]
	(Unknown) karol.kraskiewicz@gmail.com Karol Kraśkiewicz: [29, 1]
	Dell vladimir.vivien@gmail.com Vladimir Vivien: [813, 16]
	Google joe.github@bedafamily.com Joe Beda: [114, 1]
	Heptio timothysc@gmail.com Timothy St. Clair: [650, 602]
	Google nicksardo@google.com Nick Sardo: [3, 2]
	CoreOS yifan.gu@coreos.com Yifan Gu: [8, 9]
	Red Hat marun@redhat.com Maru Newby: [47, 5]
	Google vishnuk@google.com Vishnu kannan: [198, 58]
	ZTE Corporation tan.shanshan@zte.com.cn tanshanshan: [13, 9]
	Apprenda dmcquay@apprenda.com Derek McQuay: [95, 43]
	Red Hat stefan.schimanski@gmail.com Dr. Stefan Schimanski: [3140, 4952]
	IBM klaus1982.cn@gmail.com Klaus Ma: [10, 4]
	Red Hat ffranz@redhat.com Fabiano Franz: [2, 1]
	Huawei shashidhara.td@huawei.com shashidharatd: [428, 21]
	Google dashpole@google.com David Ashpole: [80657, 79669]
	Google gmarek@google.com gmarek: [96, 22]
	Red Hat maszulik@redhat.com Maciej Szulik: [60, 191]
	Bulletproof gus@inodes.org Angus Lees: [9798, 7204]
	Red Hat sross@redhat.com Solly Ross: [3002, 7]
	Google zihongz@google.com Zihong Zheng: [134, 70]
	Mirantis lukaszoles@gmail.com Łukasz Oleś: [61, 3]
	Huawei irfan.rehman@huawei.com Irfan Ur Rehman: [201, 0]
	Red Hat deads@redhat.com deads2k: [9329, 12687]
	JPMorgan Chase & Co. michael.fraenkel@gmail.com Michael Fraenkel: [97, 4]
	Google jregan@google.com Jeffrey Regan: [48, 49]
	ZTE Corporation zhao.xiangpeng@zte.com.cn xiangpengzhao: [1, 1]
	NotFound 837829664@qq.com timchenxiaoyu: [1, 1]
	Google nikhiljindal@google.com nikhiljindal: [80, 32]
	Red Hat agoldste@redhat.com Andy Goldstein: [1250, 596]
	Fujitsu chenr.fnst@cn.fujitsu.com xilabao: [22, 4]
	Google beacham@google.com Jacob Beacham: [106, 0]
	Rancher Labs sid@rancher.com wlan0: [161, 25]
	(Unknown) andrew@andrewrynhard.com Andrew Rynhard: [55, 2]
	Google jinxu@google.com Jing Xu: [6, 1]
	Google mengqiy@google.com ymqytw: [10, 1]
	Google owensk@google.com Kenneth Owens: [19, 23]
	VMware sritesh@vmware.com Ritesh H Shukla: [7, 6]
	Google acidburn@google.com Jess Frazelle: [1384, 303]
	Google dvorak@google.com Jonathan MacMillan: [1, 0]
	Portworx aditya@portworx.com Aditya Dani: [1685, 0]
	Red Hat sgott@redhat.com Stu Gott: [38, 0]
	(Unknown) matthias.bertschy@gmail.com Matthias Bertschy: [26, 0]
	Microsoft jiangtianli@hotmail.com Jiangtian Li: [47, 0]
	Microsoft anhowe@microsoft.com Anthony Howe: [1, 5]
	Heptio steve@heptio.com Steve Kriss: [3, 0]
	Red Hat bbennett@redhat.com Benjamin Bennett: [46, 0]
	CoreOS eric.chiang.m@gmail.com Eric Chiang: [57, 8]
	FathomDB justin@fathomdb.com Justin Santa Barbara: [8, 0]
	Google bowei@google.com Bowei Du: [48, 451]
	Google mixia@google.com Minhan Xia: [82, 53]
	Huawei wangzefeng@huawei.com Kevin: [49, 0]
	CNM Consulting clove@cnmconsulting.net chrislovecnm: [24, 9]
	Red Hat haowang@redhat.com Haoran Wang: [7, 3]
	Red Hat dgoodwin@redhat.com Devan Goodwin: [10, 0]
	ZTE Corporation ouyang.qinhua@zte.com.cn bruceauyeung: [6, 1]
	SalesForce mayank.kumar@salesforce.com Mayank Kumar: [1, 0]
	Red Hat shiywang@redhat.com Shiyang Wang: [4, 1]
	Red Hat hchen@redhat.com Huamin Chen: [3, 2]
	Microsoft cole.mickens@gmail.com Cole Mickens: [1, 1]
	Intel alexander.kanevskiy@intel.com Alexander Kanevskiy: [3, 1]
	Microsoft bburns@google.com Brendan Burns: [878, 5]
	Red Hat hchiramm@redhat.com Humble Chirammal: [27, 9]
	IBM xingzhou@cn.ibm.com Xing Zhou: [23, 16]
	Hyper.sh harryz@hyper.sh Harry Zhang: [10, 9]
	VMware bdontu@vmware.com Balu Dontu: [18, 1]
	Mirantis ishvedunov@mirantis.com Ivan Shvedunov: [0, 1]
	EasyStack yuquan.ren@easystack.cn NickrenREN: [5, 0]
	Red Hat jpeeler@redhat.com Jeff Peeler: [63, 0]
	Red Hat rrati@redhat.com Robert Rati: [1, 1]
	Google jacobsimpson@google.com Jacob Simpson: [75, 0]
	Red Hat jvallejo@redhat.com juanvallejo: [11, 2]
	Juju Ecosystem mbruzek@gmail.com Matt Bruzek: [405, 112]
	Google pwittroc@google.com Phillip Wittrock: [25, 1]
	Red Hat mawong@redhat.com Matthew Wong: [9, 54]
	Apache jay@apache.org jayunit100: [153, 44]
	Cockroach alexdwanerobinson@gmail.com Alex Robinson: [1, 1]
	Self lukasz.szaszkiewicz@gmail.com p0lyn0mial: [17, 1]
	VMware divyenp@vmware.com divyenpatel: [14, 1]
	Red Hat jcope@redhat.com Jon Cope: [1, 0]
	(Unknown) fabiand@fedoraproject.org Fabian Deutsch: [1, 0]
	VMware kstepniewski@vmware.com Karol Stepniewski: [2, 0]
	(Unknown) stephen.kriss@gmail.com Stephen Kriss: [1, 0]
	(Unknown) ancosen@gmail.com Andrea Cosentino: [102, 116]
	Google spxtr@google.com Joe Finney: [51, 57]
	Red Hat jvance@redhat.com Jeff Vance: [1, 0]
	Google beeps@google.com bprashanth: [22, 10]
	Self jianhui.zhou@huawei.com jianhuiz: [129, 0]
	Google aleksandram@google.com Aleksandra Malinowska: [1, 38]
	(Unknown) rahn.jonathan@gmail.com Jonathan Rahn: [4, 4]
	Apple kpgriffith@me.com Kevin Griffith: [0, 2]
	ZTE Corporation pu.junqi@zte.com.cn tianshapjq: [1, 1]
	CoreOS luca.bruno@coreos.com Luca Bruno: [1, 1]
	Apprenda pires@apprenda.com Paulo Pires: [3, 7]
	Google dbsmith@google.com Daniel Smith: [0, 4]
	Google rmmh@google.com Ryan Hitchman: [58, 0]
	(Unknown) rene.saenz@gmail.com Rene Saenz: [6, 6]
	Mirantis maciej.iai@gmail.com Maciej Kwiek: [1, 59]
	ZTE Corporation liu.hao89@zte.com.cn foxyriver: [0, 2]
	Google djmm@google.com David McMahon: [148, 146]
	Red Hat mkhan@redhat.com Monis Khan: [40, 99]
	Red Hat danw@redhat.com Dan Winship: [38, 27]
	CoreOS euan.kemp@coreos.com Euan Kemp: [56, 17]
	Net EASE 网易有态度 coolhzb@163.com AdoHe: [0, 1]
	Red Hat screeley@redhat.com Scott Creeley: [2, 0]
	Google rkouj@google.com rkouj: [26, 2]
	DEIS michelle@deis.com Michelle Noorali: [3, 180]
	VMware xiangfeiz@vmware.com Xiangfei Zhu: [2, 2]
	eBay zhouhaibing089@gmail.com zhouhaibing089: [4, 1]
	Microsoft oguzp@microsoft.com Oguz Pastirmaci: [61, 0]
	Mozilla diparfitt@gmail.com Dave Parfitt: [11, 0]
	Mirantis yashulyak@gmail.com Dmitry Shulyak: [0, 1]
	NotFound likexu@harmonycloud.cn Aaron.L.Xu: [4, 4]
	Red Hat asalkeld@mirantis.com Angus Salkeld: [8, 0]
	AT&T mf6510@att.com Ciello89: [1, 1]
	CoreOS xiangli.cs@gmail.com Xiang Li: [87, 0]
	ZTE Corporation chen.tao3@zte.com.cn chentao1596: [2, 2]
	Bitnami runseb@gmail.com sebgoa: [25, 3]
	Red Hat surajssd009005@gmail.com Suraj Deshmukh: [31, 20]
	Google etune@google.com Eric Tune: [7, 1]
	CoreOS hongchaodeng1@gmail.com Hongchao Deng: [1, 13]
	IBM graut@us.ibm.com gajju26: [16, 1]
	Red Hat obnox@redhat.com Michael Adam: [14, 2]
	Zeet dave.michael@ntlworld.com David Michael: [1, 3]
	F24 Ag kenan435@gmail.com Kenan Karamehmedovic: [1, 0]
	Weaveworks bryan@weave.works Bryan Boreham: [2, 2]
	(Unknown) kevin807359@gmail.com Kevin Wang: [19, 0]
	Intel elson.rodriguez@gmail.com Elson Rodriguez: [14, 5]
	Red Hat sejug@redhat.com Sebastian Jug: [5, 3]
	CoreOS brandon.philips@coreos.com Brandon Philips: [1, 1]
	ZTE Corporation li.xialong@zte.com.cn xialong.lee: [1, 0]
	DEIS mfisher@deis.com Matthew Fisher: [1, 1]
	(Unknown) allan.caffee@gmail.com Allan Caffee: [1, 1]
code 15108 17066
	Google enisoc@google.com Anthony Yeh: [1, 4]
	CoreOS dan.gillespie@coreos.com Dan Gillespie: [52, 21]
	Google jsz@google.com Jerzy Szczepkowski: [85, 14]
	Google jgrafton@google.com Jeff Grafton: [274, 152]
	Self taotaotheripper@gmail.com Random-Liu: [125, 28]
	Google vmik@google.com Mik Vyatskov: [53, 39]
	Red Hat jliggitt@redhat.com Jordan Liggitt: [395, 81]
	CoreOS caleb.miles@coreos.com caleb miles: [0, 861]
	Google yjhong@google.com Yu-Ju Hong: [25, 57]
	Google mikedanese@google.com Mike Danese: [82, 1587]
	Red Hat mkargaki@redhat.com Michail Kargakis: [26, 3]
	Red Hat avagarwa@redhat.com Avesh Agarwal: [3, 1]
	Google madhusudancs@google.com Madhusudan.C.S: [599, 403]
	Google pszczesniak@google.com Piotr Szczesniak: [24, 20]
	Google csbell@google.com Christian Bell: [3, 1]
	Google wojtekt@google.com Wojciech Tyczynski: [371, 508]
	Google thockin@google.com Tim Hockin: [2, 0]
	Red Hat decarr@redhat.com Derek Carr: [24, 7]
	Hyper.sh feiskyer@gmail.com Pengfei Ni: [38, 1]
	Rook lucas.kaldstrom@hotmail.co.uk Lucas Käldström: [34, 446]
	Google fejta@google.com Erick Fejta: [10, 6]
	Google dawnchen@google.com Dawn Chen: [15, 6]
	Google stclair@google.com Tim St. Clair: [16, 16]
	Red Hat jsafrane@redhat.com Jan Safranek: [26, 4]
	Red Hat ccoleman@redhat.com Clayton Coleman: [50, 28]
	Google cjcullen@google.com CJ Cullen: [28, 13]
	Google xuchao@google.com Chao Xu: [59, 2110]
	Red Hat sjenning@redhat.com Seth Jennings: [1, 0]
	Google mehdy@google.com mbohlool: [1, 1]
	Google mtaufen@google.com Michael Taufen: [14, 8]
	Google mml@google.com Matt Liggett: [2, 1]
	Kelowna admin@toph.ca Christoph Blecker: [15, 54]
	Google shyamjvs@google.com Shyam Jeedigunta: [1821, 1139]
	Intel connor.p.doyle@intel.com Connor Doyle: [22, 19]
	CoreOS yifan.gu@coreos.com Yifan Gu: [37, 23]
	Red Hat marun@redhat.com Maru Newby: [2, 0]
	Google vishnuk@google.com Vishnu kannan: [5, 3]
	ZTE Corporation tan.shanshan@zte.com.cn tanshanshan: [0, 1]
	Apprenda dmcquay@apprenda.com Derek McQuay: [1, 1]
	Red Hat stefan.schimanski@gmail.com Dr. Stefan Schimanski: [624, 477]
	IBM klaus1982.cn@gmail.com Klaus Ma: [3, 3]
	Red Hat ffranz@redhat.com Fabiano Franz: [6, 0]
	Huawei shashidhara.td@huawei.com shashidharatd: [83, 30]
	Google gmarek@google.com gmarek: [8, 7]
	Red Hat maszulik@redhat.com Maciej Szulik: [160, 42]
	Bulletproof gus@inodes.org Angus Lees: [4, 63]
	Red Hat sross@redhat.com Solly Ross: [36, 6]
	Google zihongz@google.com Zihong Zheng: [123, 90]
	Mirantis lukaszoles@gmail.com Łukasz Oleś: [1, 1]
	Huawei irfan.rehman@huawei.com Irfan Ur Rehman: [4, 3]
	Red Hat deads@redhat.com deads2k: [1526, 612]
	ZTE Corporation zhao.xiangpeng@zte.com.cn xiangpengzhao: [83, 0]
	NotFound 837829664@qq.com timchenxiaoyu: [2, 2]
	Google nikhiljindal@google.com nikhiljindal: [3416, 2985]
	Red Hat agoldste@redhat.com Andy Goldstein: [68, 3]
	Fujitsu chenr.fnst@cn.fujitsu.com xilabao: [87, 19]
	Google beacham@google.com Jacob Beacham: [4, 2]
	Google jeffml@google.com Jeff Lowdermilk: [44, 38]
	Google jinxu@google.com Jing Xu: [26, 0]
	Google mengqiy@google.com ymqytw: [136, 26]
	VMware sritesh@vmware.com Ritesh H Shukla: [0, 1110]
	IBM mbauer@us.ibm.com Morgan Bauer: [3, 2]
	Google acidburn@google.com Jess Frazelle: [10, 10]
	Google dvorak@google.com Jonathan MacMillan: [3, 1]
	Google zml@google.com Zach Loafman: [128, 2410]
	FathomDB justin@fathomdb.com Justin Santa Barbara: [2, 2]
	Google bowei@google.com Bowei Du: [33, 44]
	Canonical george.kraft@canonical.com George Kraft: [133, 76]
	Huawei wangzefeng@huawei.com Kevin: [13, 13]
	Canonical axino@canonical.com axino: [121, 4]
	CNM Consulting clove@cnmconsulting.net chrislovecnm: [8, 3]
	Google wfender@google.com Walter Fender: [8, 0]
	Samsung spiffxp@gmail.com Aaron Crickenberger: [0, 1]
	Microsoft bburns@google.com Brendan Burns: [279, 23]
	Socrata jaescobar.cell@gmail.com Alejandro Escobar: [84, 44]
	Red Hat eparis@redhat.com Eric Paris: [45, 36]
	Canonical chuck@dasroot.net Charles Butler: [73, 15]
	IBM xingzhou@cn.ibm.com Xing Zhou: [34, 0]
	Hyper.sh harryz@hyper.sh Harry Zhang: [3, 1]
	Mirantis ishvedunov@mirantis.com Ivan Shvedunov: [29, 17]
	Self ablock84@gmail.com Alexander Block: [1, 1]
	Red Hat rrati@redhat.com Robert Rati: [8, 3]
	Google jacobsimpson@google.com Jacob Simpson: [12, 1]
	Red Hat jvallejo@redhat.com juanvallejo: [60, 2]
	Juju Ecosystem mbruzek@gmail.com Matt Bruzek: [1920, 488]
	Google pwittroc@google.com Phillip Wittrock: [13, 13]
	Apache jay@apache.org jayunit100: [6, 0]
	Cockroach alexdwanerobinson@gmail.com Alex Robinson: [1, 1]
	CDNetworks Korea michael.mrowetz@cdnetworks.co.kr Michael Mrowetz: [7, 2]
	Self lukasz.szaszkiewicz@gmail.com p0lyn0mial: [11, 0]
	Red Hat vsemushi@redhat.com Slava Semushin: [2, 3]
	Google spxtr@google.com Joe Finney: [12, 26]
	Red Hat jchaloup@redhat.com Jan Chaloupka: [1, 1]
	Self jianhui.zhou@huawei.com jianhuiz: [2, 2]
	Google aleksandram@google.com Aleksandra Malinowska: [14, 4]
	Red Hat berrange@redhat.com Daniel P. Berrange: [2, 2]
	NotFound leave24534@gmail.com dutianpeng: [1, 4]
	CoreOS luca.bruno@coreos.com Luca Bruno: [12, 5]
	CERN anastasis90@yahoo.gr Anastasis Andronidis: [31, 0]
	Pardot andy@lindeman.io Andy Lindeman: [3, 3]
	Red Hat rhallise@redhat.com Ryan Hallisey: [11, 57]
	Google robertbailey@google.com Robert Bailey: [18, 9]
	Google dbsmith@google.com Daniel Smith: [0, 26]
	(Unknown) kmter@live.com shawyeok: [199, 54]
	Mirantis maciej.iai@gmail.com Maciej Kwiek: [1, 1]
	Google djmm@google.com David McMahon: [0, 81]
	Comcast sean@coreitpro.com Sean M. Collins: [10, 2]
	Software & Things thepope@thepopeisdead.com Keith Pope: [1, 0]
	Google senlu@google.com Sen Lu: [2, 2]
	Red Hat danw@redhat.com Dan Winship: [1, 1]
	CoreOS euan.kemp@coreos.com Euan Kemp: [307, 147]
	Google verb@google.com Lee Verberne: [86, 34]
	Google maisem@google.com Maisem Ali: [16, 0]
	AppsCode sadlil@appscode.com sadlil: [3, 3]
	(Unknown) meybohm@traum-ferienwohnungen.de Janis Meybohm: [1, 0]
	Net EASE 网易有态度 coolhzb@163.com AdoHe: [16, 0]
	(Unknown) pjt73651@gmail.com DjangoPeng: [2, 2]
	ContainerStack.io remon.lam@lamnet.nl Remon Lam: [1, 0]
	NotFound likexu@harmonycloud.cn Aaron.L.Xu: [5, 5]
	Red Hat asalkeld@mirantis.com Angus Salkeld: [13, 0]
	Amadeus salvatore-dario.minonne@amadeus.com Salvatore Dario Minonne: [63, 5]
	CoreOS xiangli.cs@gmail.com Xiang Li: [0, 1]
	ZTE Corporation chen.tao3@zte.com.cn chentao1596: [9, 9]
	Apache jwhitlock@apache.org Jeremy Whitlock: [6, 4]
	Zhejiang University xuliker@zju.edu.cn aaronxu: [6, 6]
	JD.COM xuxinkun@gmail.com xuxinkun: [1, 1]
	(Unknown) yuanying@fraction.jp OTSUKA, Yuanying: [4, 4]
	Google ameyd@google.com Amey Deshpande: [3, 9]
	CoreOS hongchaodeng1@gmail.com Hongchao Deng: [4, 2]
	IBM graut@us.ibm.com gajju26: [41, 14]
	Net EASE 网易有态度 xiaoping378@163.com xiaoping378: [191, 28]
	Fujitsu lukasz.zajaczkowski@ts.fujitsu.com Lukasz Zajaczkowski: [42, 18]
	IBM henry.nash@uk.ibm.com henry.nash@uk.ibm.com: [1, 1]
	Fujitsu caosf.fnst@cn.fujitsu.com Cao Shufeng: [2, 2]
	Red Hat sejug@redhat.com Sebastian Jug: [1, 1]
	(Unknown) mrevilgnome@gmail.com Matthew Stump: [83, 37]
	VMware robertc@vmware.com Robert Collins: [20, 15]
	(Unknown) minhongz@gmail.com mhzed: [1, 1]
	Self xlgao@zju.edu.cn Xianglin Gao: [24, 2]
	DEIS mfisher@deis.com Matthew Fisher: [0, 33]
unknown 472400 637568
	Google enisoc@google.com Anthony Yeh: [15654, 14088]
	CoreOS dan.gillespie@coreos.com Dan Gillespie: [918, 1000]
	Google jsz@google.com Jerzy Szczepkowski: [356, 185]
	Google jgrafton@google.com Jeff Grafton: [762, 689]
	Self taotaotheripper@gmail.com Random-Liu: [3026, 1321]
	Google krousey@users.noreply.github.com krousey: [2, 2]
	Google vmik@google.com Mik Vyatskov: [1861, 693]
	Red Hat jliggitt@redhat.com Jordan Liggitt: [18309, 8330]
	CoreOS caleb.miles@coreos.com caleb miles: [1305, 1826]
	Google yjhong@google.com Yu-Ju Hong: [18330, 1431]
	Diamanti nelcyguy@gmail.com Chakravarthy Nelluri: [1905, 884]
	Google krousey@google.com Kris: [931, 289]
	Google mikedanese@google.com Mike Danese: [3778, 1852]
	Google maciekpytel@google.com Maciej Pytel: [225, 33]
	Red Hat mkargaki@redhat.com Michail Kargakis: [4050, 1547]
	Red Hat avagarwa@redhat.com Avesh Agarwal: [1375, 1191]
	Google saadali@google.com Saad Ali: [267, 307]
	Google madhusudancs@google.com Madhusudan.C.S: [652, 309]
	Google chiachenk@google.com Janet Kuo: [1639, 645]
	Red Hat dcbw@redhat.com Dan Williams: [1148, 414]
	Google pszczesniak@google.com Piotr Szczesniak: [299, 2751]
	Google csbell@google.com Christian Bell: [438, 120]
	Google mwielgus@google.com Marcin Wielgus: [474, 196]
	Google wojtekt@google.com Wojciech Tyczynski: [10001, 3765]
	Google thockin@google.com Tim Hockin: [2089, 522]
	Red Hat decarr@redhat.com Derek Carr: [2556, 702]
	Hyper.sh feiskyer@gmail.com Pengfei Ni: [3917, 4488]
	Rook lucas.kaldstrom@hotmail.co.uk Lucas Käldström: [6296, 6176]
	Google fejta@google.com Erick Fejta: [578, 981]
	Google dawnchen@google.com Dawn Chen: [167, 600]
	Red Hat hekumar@redhat.com Hemant Kumar: [1607, 447]
	Google stclair@google.com Tim St. Clair: [1544, 594]
	Pressly vojtech.vitek@pressly.com Vojtech Vitek: [5, 5]
	Net EASE 网易有态度 better0332@163.com better88: [3, 4]
	Red Hat jsafrane@redhat.com Jan Safranek: [8011, 1640]
	Red Hat ccoleman@redhat.com Clayton Coleman: [32957, 25074]
	Google cjcullen@google.com CJ Cullen: [57, 6]
	(Unknown) martinvladev@gmail.com fen4o: [1, 1]
	Google xuchao@google.com Chao Xu: [27368, 293952]
	Red Hat sjenning@redhat.com Seth Jennings: [1016, 538]
	Fujitsu s.florek91@gmail.com Sebastian Florek: [1, 1]
	Google bsalamat@google.com Bobby Salamat: [223, 66]
	Google mehdy@google.com mbohlool: [10744, 5979]
	Google mtaufen@google.com Michael Taufen: [215, 218]
	Google mml@google.com Matt Liggett: [557, 5]
	Google msau@google.com Michelle Au: [619, 439]
	Kelowna admin@toph.ca Christoph Blecker: [49, 226]
	Google shyamjvs@google.com Shyam Jeedigunta: [1169, 332]
	(Unknown) crassirostris@yandex.com Mikhail Vyatskov: [24, 13]
	Google ramanathana@google.com Anirudh: [150, 42]
	VMware miaol@vmware.com Miao Luo: [277, 157]
	Intel connor.p.doyle@intel.com Connor Doyle: [488, 246]
	Zalando m@moscar.net Mikkel Oscar Lyderik Larsen: [5, 5]
	(Unknown) karol.kraskiewicz@gmail.com Karol Kraśkiewicz: [44, 39]
	Dell vladimir.vivien@gmail.com Vladimir Vivien: [3416, 10]
	Google foxish@users.noreply.github.com Anirudh Ramanathan: [24, 21]
	Google joe.github@bedafamily.com Joe Beda: [1371, 49]
	IBM gyliu513@gmail.com Guangya Liu: [51, 13]
	Heptio timothysc@gmail.com Timothy St. Clair: [672, 983]
	eBay wenlxie@ebay.com wenlxie: [16, 8]
	Google nicksardo@google.com Nick Sardo: [471, 318]
	CoreOS yifan.gu@coreos.com Yifan Gu: [8, 25]
	Red Hat marun@redhat.com Maru Newby: [518, 233]
	Google vishnuk@google.com Vishnu kannan: [2856, 1247]
	ZTE Corporation tan.shanshan@zte.com.cn tanshanshan: [443, 59]
	Apprenda dmcquay@apprenda.com Derek McQuay: [3221, 440]
	Red Hat stefan.schimanski@gmail.com Dr. Stefan Schimanski: [17567, 35763]
	IBM klaus1982.cn@gmail.com Klaus Ma: [1095, 281]
	Red Hat ffranz@redhat.com Fabiano Franz: [476, 68]
	Huawei shashidhara.td@huawei.com shashidharatd: [2507, 879]
	Google dashpole@google.com David Ashpole: [2807, 748]
	Robots and Pencils curtis.allen@robotsandpencils.com Curtis Allen: [15, 15]
	Google gmarek@google.com gmarek: [4562, 1145]
	Red Hat maszulik@redhat.com Maciej Szulik: [16828, 17719]
	CoreOS fab.reinartz@gmail.com Fabian Reinartz: [15, 19]
	Bulletproof gus@inodes.org Angus Lees: [1025, 665]
	Red Hat sross@redhat.com Solly Ross: [8086, 940]
	Red Hat ravisantoshgudimetla@gmail.com ravisantoshgudimetla: [2, 0]
	Google zihongz@google.com Zihong Zheng: [3145, 2129]
	Mirantis lukaszoles@gmail.com Łukasz Oleś: [1780, 235]
	Huawei irfan.rehman@huawei.com Irfan Ur Rehman: [3497, 408]
	Red Hat deads@redhat.com deads2k: [98475, 100126]
	JPMorgan Chase & Co. michael.fraenkel@gmail.com Michael Fraenkel: [4104, 707]
	Google jregan@google.com Jeffrey Regan: [5, 128]
	ZTE Corporation zhao.xiangpeng@zte.com.cn xiangpengzhao: [134, 33]
	NotFound 837829664@qq.com timchenxiaoyu: [8, 8]
	Google nikhiljindal@google.com nikhiljindal: [2435, 3127]
	Red Hat agoldste@redhat.com Andy Goldstein: [14217, 6358]
	Fujitsu chenr.fnst@cn.fujitsu.com xilabao: [1088, 286]
	Google beacham@google.com Jacob Beacham: [696, 44]
	Google jeffml@google.com Jeff Lowdermilk: [198, 72]
	Rancher Labs sid@rancher.com wlan0: [808, 153]
	JustWatch dominik.schulz@gauner.org Dominik Schulz: [47, 1]
	(Unknown) andrew@andrewrynhard.com Andrew Rynhard: [631, 107]
	NotFound nakayamakenjiro@gmail.com Kenjiro Nakayama: [2, 2]
	Google jinxu@google.com Jing Xu: [281, 86]
	Google mengqiy@google.com ymqytw: [3045, 560]
	Google owensk@google.com Kenneth Owens: [3779, 2823]
	VMware sritesh@vmware.com Ritesh H Shukla: [46, 83]
	IBM mbauer@us.ibm.com Morgan Bauer: [17, 7]
	Google acidburn@google.com Jess Frazelle: [8278, 47]
	Google dvorak@google.com Jonathan MacMillan: [404, 154]
	Mirantis vefimova@mirantis.com vefimova: [343, 81]
	Loodse GmbH sebastian@loodse.com Sebastian Scheele: [23, 7]
	(Unknown) 409107750@qq.com mlmhl: [2, 2]
	Portworx aditya@portworx.com Aditya Dani: [1208, 0]
	Embedded Systems, ECE apelisse@gmail.com Antoine Pelisse: [3277, 1837]
	(Unknown) zhaohuizhi@gmail.com Hui-Zhi: [228, 21]
	Red Hat sgott@redhat.com Stu Gott: [172, 0]
	Tencent zhiguohong@tencent.com Hong Zhiguo: [1, 0]
	(Unknown) matthias.bertschy@gmail.com Matthias Bertschy: [20, 5]
	(Unknown) chenchun.feed@gmail.com Chun Chen: [110, 5]
	Microsoft jiangtianli@hotmail.com Jiangtian Li: [733, 15]
	Microsoft anhowe@microsoft.com Anthony Howe: [557, 1027]
	Heptio steve@heptio.com Steve Kriss: [242, 35]
	Red Hat bbennett@redhat.com Benjamin Bennett: [263, 150]
	Google zml@google.com Zach Loafman: [16, 253]
	CoreOS eric.chiang.m@gmail.com Eric Chiang: [991, 611]
	FathomDB justin@fathomdb.com Justin Santa Barbara: [1107, 313]
	Google bowei@google.com Bowei Du: [538, 3751]
	(Unknown) hakanbaba83@gmail.com Hakan Baba: [204, 0]
	Google mixia@google.com Minhan Xia: [2382, 1151]
	Canonical george.kraft@canonical.com George Kraft: [2, 2]
	Huawei wangzefeng@huawei.com Kevin: [1236, 252]
	Canonical axino@canonical.com axino: [5, 2]
	CNM Consulting clove@cnmconsulting.net chrislovecnm: [182, 95]
	Red Hat haowang@redhat.com Haoran Wang: [112, 92]
	zlabjp kazuki.suda@gmail.com Kazuki Suda: [19, 0]
	NotFound peay@protonmail.com peay: [843, 187]
	Canonical marco@ceppi.net Marco Ceppi: [3, 2]
	(Unknown) elipapa@users.noreply.github.com elipapa: [1, 0]
	Red Hat dgoodwin@redhat.com Devan Goodwin: [890, 122]
	ZTE Corporation ouyang.qinhua@zte.com.cn bruceauyeung: [471, 86]
	ZTE Corporation song.ruixia@zte.com.cn SongRuixia: [2, 1]
	SalesForce mayank.kumar@salesforce.com Mayank Kumar: [494, 163]
	Red Hat shiywang@redhat.com Shiyang Wang: [1075, 212]
	Red Hat hchen@redhat.com Huamin Chen: [85, 42]
	Microsoft cole.mickens@gmail.com Cole Mickens: [48, 18]
	Samsung spiffxp@gmail.com Aaron Crickenberger: [45, 13]
	Self aledbf@gmail.com Manuel de Brito Fontes: [4, 4]
	Intel alexander.kanevskiy@intel.com Alexander Kanevskiy: [243, 16]
	Microsoft bburns@google.com Brendan Burns: [5575, 1790]
	(Unknown) saratk@gmail.com Sarat Kamisetty: [220, 71]
	Socrata jaescobar.cell@gmail.com Alejandro Escobar: [175, 119]
	Red Hat eparis@redhat.com Eric Paris: [15, 17]
	Canonical chuck@dasroot.net Charles Butler: [1, 1]
	Red Hat hchiramm@redhat.com Humble Chirammal: [491, 134]
	IBM xingzhou@cn.ibm.com Xing Zhou: [1230, 162]
	Hyper.sh harryz@hyper.sh Harry Zhang: [499, 365]
	42 julien.balestra@gmail.com JulienBalestra: [54, 11]
	VMware bdontu@vmware.com Balu Dontu: [101, 74]
	Mirantis ishvedunov@mirantis.com Ivan Shvedunov: [488, 1099]
	EasyStack rong.zhang@easystack.cn riverzhang: [1, 1]
	EasyStack zhengchuan.hu@easystack.cn zhengchuan hu: [1, 1]
	Self stephenhsu90@gmail.com Di Xu: [1, 1]
	EasyStack yuquan.ren@easystack.cn NickrenREN: [666, 355]
	Red Hat jpeeler@redhat.com Jeff Peeler: [3839, 29]
	Self ablock84@gmail.com Alexander Block: [155, 45]
	Self 21521209@zju.edu.cn jg Chen: [1, 1]
	Red Hat rrati@redhat.com Robert Rati: [5709, 1887]
	Google jacobsimpson@google.com Jacob Simpson: [1577, 69]
	Red Hat jvallejo@redhat.com juanvallejo: [524, 85]
	Atlassian mmazurskiy@atlassian.com Mikhail Mazurskiy: [29, 8]
	Juju Ecosystem mbruzek@gmail.com Matt Bruzek: [1097, 499]
	Google pwittroc@google.com Phillip Wittrock: [320, 388]
	Red Hat mawong@redhat.com Matthew Wong: [575, 666]
	Apache jay@apache.org jayunit100: [702, 441]
	The New York Times tony.li@nytimes.com Tony Li: [4, 4]
	Cockroach alexdwanerobinson@gmail.com Alex Robinson: [33, 20]
	Allegro michal@kinvolk.io Michal Rostecki: [169, 155]
	CDNetworks Korea michael.mrowetz@cdnetworks.co.kr Michael Mrowetz: [11, 0]
	Self lukasz.szaszkiewicz@gmail.com p0lyn0mial: [947, 162]
	VMware divyenp@vmware.com divyenpatel: [1376, 18]
	HarmonyCloud chenjg@harmonycloud.cn fate-grand-order: [1, 1]
	Red Hat jcope@redhat.com Jon Cope: [914, 401]
	Bigstep cristian.pop@bigstep.com Cristian Pop: [88, 43]
	ZTE Corporation lin.youchong@zte.com.cn linyouchong: [2, 4]
	VMware kstepniewski@vmware.com Karol Stepniewski: [14, 0]
	(Unknown) stephen.kriss@gmail.com Stephen Kriss: [147, 0]
	Sky james@r-vn.org James Ravn: [18, 14]
	Red Hat vsemushi@redhat.com Slava Semushin: [4, 12]
	(Unknown) ancosen@gmail.com Andrea Cosentino: [25, 58]
	Google spxtr@google.com Joe Finney: [60, 476]
	(Unknown) ferdinand.huebner@gmail.com Ferdinand Hübner: [1, 1]
	Weaveworks errordeveloper@gmail.com Ilya Dmitrichenko: [4, 3]
	HP robert.roland@hpe.com Robert Roland: [40, 25]
	Red Hat jvance@redhat.com Jeff Vance: [1043, 702]
	Google beeps@google.com bprashanth: [380, 117]
	Red Hat jchaloup@redhat.com Jan Chaloupka: [76, 0]
	ZTE Corporation wei.chuanhui1@zte.com.cn zte-20170208: [3, 0]
	Self jianhui.zhou@huawei.com jianhuiz: [2512, 74]
	Google aleksandram@google.com Aleksandra Malinowska: [74, 181]
	Red Hat rchopra@redhat.com Rajat Chopra: [3, 3]
	Red Hat skuznets@redhat.com Steve Kuznetsov: [13, 1]
	Apple kpgriffith@me.com Kevin Griffith: [56, 206]
	(Unknown) ashley@victorianfox.com Ashley Reese: [1, 1]
	Igneous Systems andrewpilloud@igneoussystems.com Andrew Pilloud: [10, 19]
	NotFound leave24534@gmail.com dutianpeng: [22, 20]
	ZTE Corporation pu.junqi@zte.com.cn tianshapjq: [54, 51]
	Red Hat dhodovsk@redhat.com Dominika Hodovska: [321, 189]
	CoreOS luca.bruno@coreos.com Luca Bruno: [55, 47]
	Apprenda pires@apprenda.com Paulo Pires: [585, 711]
	SoundCloud rene.treffer@soundcloud.com Rene Treffer: [29, 15]
	Red Hat slaskawi@redhat.com Sebastian Laskawiec: [13, 1]
	CERN anastasis90@yahoo.gr Anastasis Andronidis: [252, 21]
	Ubuntu jorge@ubuntu.com Jorge O. Castro: [3, 4]
	(Unknown) beeradb@gmail.com Brad Bowman: [1, 1]
	Google dbsmith@google.com Daniel Smith: [48, 94]
	Google rmmh@google.com Ryan Hitchman: [54, 2]
	Red Hat ipalade@redhat.com PI-Victor: [1, 1]
	Google grodrigues3@users.noreply.github.com grodrigues3: [9, 71]
	eBay vija@ebay.com Vijay Samuel: [13, 13]
	(Unknown) rene.saenz@gmail.com Rene Saenz: [20, 20]
	(Unknown) kmter@live.com shawyeok: [1, 0]
	Mirantis maciej.iai@gmail.com Maciej Kwiek: [268, 153]
	ZTE Corporation liu.hao89@zte.com.cn foxyriver: [62, 63]
	Google quinton@google.com Quinton Hoole: [239, 14]
	Apprenda jbhurat@apprenda.com Jitendra Bhurat: [243, 64]
	TravelSky Technology Limited supermouselyh@hotmail.com Lou Yihua: [2, 0]
	(Unknown) ales.nosek@gmail.com Ales Nosek: [3, 0]
	Self forrestchen@tencent.com forrestchen: [25, 0]
	Ustream bonifaido@gmail.com Nandor Kracser: [1, 1]
	Red Hat mkhan@redhat.com Monis Khan: [884, 1582]
	Red Hat pmorie@redhat.com Paul Morie: [339, 187]
	Red Hat tsmetana@redhat.com Tomas Smetana: [68, 151]
	Red Hat danw@redhat.com Dan Winship: [712, 278]
	ocadotechnology mike@mikebryant.me.uk Mike Bryant: [1, 1]
	CoreOS euan.kemp@coreos.com Euan Kemp: [792, 2861]
	Google grod@google.com Garrett Rodrigues: [115, 25]
	Wattpad andrew@wattpad.com andrewsykim: [62, 26]
	Google schickin@google.com thomasschickinger: [6, 5]
	(Unknown) dukexar@gmail.com Anton Klautsan: [150, 25]
	IBM seharris@us.ibm.com Steven E. Harris: [9, 6]
	AppsCode sadlil@appscode.com sadlil: [5, 5]
	(Unknown) meybohm@traum-ferienwohnungen.de Janis Meybohm: [1, 0]
	Red Hat mfojtik@redhat.com Michal Fojtik: [48, 18]
	Net EASE 网易有态度 coolhzb@163.com AdoHe: [284, 78]
	ZTE Corporation zhang.dongjie@zte.com.cn zdj6373: [13, 16]
	Red Hat screeley@redhat.com Scott Creeley: [121, 6]
	Pierre Mavro deimos@deimos.fr Deimosfr: [4, 0]
	Google rkouj@google.com rkouj: [1705, 1167]
	Red Hat pweil@redhat.com pweil-: [1662, 60]
	DEIS michelle@deis.com Michelle Noorali: [162, 39285]
	Net EASE 网易有态度 yarntime@163.com yarntime@163.com: [69, 25]
	Intel dominika.krzyszczyk@intel.com Dominika Krzyszczyk: [195, 164]
	FounderFuel marc@proze.net Marc-Antoine Ross: [2, 2]
	Google rfranken@google.com Rob Franken: [3, 3]
	Red Hat xychu2008@gmail.com Ethan Chu: [2, 2]
	NetEase mqliang.zju@gmail.com mqliang: [26, 6]
	VMware xiangfeiz@vmware.com Xiangfei Zhu: [20, 5]
	eBay zhouhaibing089@gmail.com zhouhaibing089: [20, 4]
	Microsoft oguzp@microsoft.com Oguz Pastirmaci: [30, 0]
	ZTE Corporation wang.yuexiao@zte.com.cn yuexiao-wang: [14, 14]
	Jetstack simon@swine.de Christian Simon: [102, 11]
	Mirantis yashulyak@gmail.com Dmitry Shulyak: [258, 147]
	(Unknown) andrew.oneill@nordstrom.com Andrew O'Neill: [10, 9]
	Tencent jungong@tencent.com Jun Gong: [40, 25]
	Red Hat marko.luksa@gmail.com Marko Luksa: [28, 9]
	Red Hat ppospisi@redhat.com pospispa: [53, 0]
	CoreOS jonathan.boulle@coreos.com Jonathan Boulle: [96, 32]
	NotFound likexu@harmonycloud.cn Aaron.L.Xu: [76, 76]
	Red Hat asalkeld@mirantis.com Angus Salkeld: [598, 57]
	ZTE Corporation yu.peng36@zte.com.cn yupeng: [50, 50]
	Feenix GmbH da.colonel@gmail.com Denis Andrejew: [3, 3]
	CoreOS xiangli.cs@gmail.com Xiang Li: [2671, 3]
	ZTE Corporation chen.tao3@zte.com.cn chentao1596: [2, 5]
	Zhejiang University xuliker@zju.edu.cn aaronxu: [13, 13]
	CoreOS pb@coreos.com Patrick Baxter: [1, 0]
	Red Hat surajssd009005@gmail.com Suraj Deshmukh: [31, 20]
	Zalando linki@users.noreply.github.com Martin Linkhorst: [4, 4]
	(Unknown) yuanying@fraction.jp OTSUKA, Yuanying: [8, 7]
	IBM sykesmat@us.ibm.com Matthew Sykes: [105, 13]
	Google vishh@users.noreply.github.com Vish Kannan: [2, 64]
	VMware shivania@vmware.com Abrar Shivani: [2, 1]
	CoreOS hongchaodeng1@gmail.com Hongchao Deng: [160, 226]
	Red Hat runcom@redhat.com Antonio Murdaca: [6, 3]
	(Unknown) lzw19860818@aliyun.com LouZhengwei: [6, 3]
	dunnhumby mevanj89@gmail.com Morgan Jones: [0, 21]
	IBM dims@linux.vnet.ibm.com Davanum Srinivas: [1, 4]
	IBM graut@us.ibm.com gajju26: [8, 4]
	IBM dug@us.ibm.com Doug Davis: [12, 49]
	Red Hat obnox@redhat.com Michael Adam: [741, 37]
	Fujitsu lukasz.zajaczkowski@ts.fujitsu.com Lukasz Zajaczkowski: [21, 0]
	F24 Ag kenan435@gmail.com Kenan Karamehmedovic: [26, 0]
	Weaveworks bryan@weave.works Bryan Boreham: [1, 13]
	(Unknown) kevin807359@gmail.com Kevin Wang: [174, 10]
	Red Hat seb@stianj.ug Sebastain Jug: [6, 2]
	Intel elson.rodriguez@gmail.com Elson Rodriguez: [2, 0]
	Fujitsu caosf.fnst@cn.fujitsu.com Cao Shufeng: [25, 2]
	(Unknown) lvnilesh@users.noreply.github.com Nilesh Londhe: [1, 1]
	Red Hat sejug@redhat.com Sebastian Jug: [95, 90]
	JD.COM ailusazh@126.com ailusazh: [2, 2]
	(Unknown) ttsujika@zlab.co.jp Tatsuhiro Tsujikawa: [4, 0]
	(Unknown) nvartolomei@gmail.com Nicolae Vartolomei: [12, 3]
	(Unknown) deads2k@users.noreply.github.com David Eads: [9, 9]
	ZTE Corporation cai.yixiang@zte.com.cn caiyixiang: [3, 3]
	CoreOS brandon.philips@coreos.com Brandon Philips: [3, 1]
	Net EASE 网易有态度 oulinbao@163.com oulinbao: [678, 596]
	(Unknown) mrevilgnome@gmail.com Matthew Stump: [247, 7]
	Red Hat jbrooks@redhat.com Jason Brooks: [2, 2]
	Google bryk@google.com bryk: [2, 2]
	JD.COM jiangzhao_l@hotmail.com lvjiangzhao: [1, 1]
	Cloudera anand@cloudera.com Anand Patil: [5, 0]
	(Unknown) andor@pierdelacabeza.com Alvaro [Andor]: [1, 1]
	NotFound dj199008@gmail.com m1093782566: [149, 20]
	ZTE Corporation li.guangxu@zte.com.cn guangxuli: [19, 13]
	Red Hat jistr@redhat.com Jiri Stransky: [11, 0]
	ZTE Corporation li.xialong@zte.com.cn xialong.lee: [6, 1]
	NotFound yaoyao.xyy@alibaba-inc.com yaoyao.xyy: [14, 10]
	DEIS mfisher@deis.com Matthew Fisher: [33, 9]
	Skillshare matt@skillshare.com Matt Condon: [30, 17]
	Ubisoft rodcloutier@gmail.com Rod Cloutier: [7, 0]
	(Unknown) git@hiltunen.io Sami Hiltunen: [10, 3]
image 1498 2213
	Juju Ecosystem mbruzek@gmail.com Matt Bruzek: [1498, 270]
	DEIS michelle@deis.com Michelle Noorali: [0, 1943]
	Microsoft oguzp@microsoft.com Oguz Pastirmaci: [0, 0]
documentation 28122 29444
	Google enisoc@google.com Anthony Yeh: [27769, 27769]
	Google jsz@google.com Jerzy Szczepkowski: [1, 1]
	Google jgrafton@google.com Jeff Grafton: [2, 0]
	Self taotaotheripper@gmail.com Random-Liu: [1, 2]
	Red Hat jliggitt@redhat.com Jordan Liggitt: [6, 4]
	Google yjhong@google.com Yu-Ju Hong: [1, 0]
	Google krousey@google.com Kris: [1, 0]
	Google mikedanese@google.com Mike Danese: [3, 0]
	Red Hat mkargaki@redhat.com Michail Kargakis: [4, 0]
	Red Hat avagarwa@redhat.com Avesh Agarwal: [0, 0]
	Google chiachenk@google.com Janet Kuo: [0, 0]
	Google pszczesniak@google.com Piotr Szczesniak: [0, 0]
	Google wojtekt@google.com Wojciech Tyczynski: [18, 8]
	Red Hat decarr@redhat.com Derek Carr: [2, 1]
	Hyper.sh feiskyer@gmail.com Pengfei Ni: [8, 9]
	Rook lucas.kaldstrom@hotmail.co.uk Lucas Käldström: [12, 5]
	Red Hat jsafrane@redhat.com Jan Safranek: [0, 0]
	Red Hat ccoleman@redhat.com Clayton Coleman: [4, 0]
	Google xuchao@google.com Chao Xu: [0, 1098]
	Red Hat sjenning@redhat.com Seth Jennings: [2, 0]
	Google mehdy@google.com mbohlool: [0, 0]
	Google mtaufen@google.com Michael Taufen: [0, 3]
	Google mml@google.com Matt Liggett: [4, 0]
	Google shyamjvs@google.com Shyam Jeedigunta: [8, 3]
	Dell vladimir.vivien@gmail.com Vladimir Vivien: [0, 0]
	IBM gyliu513@gmail.com Guangya Liu: [0, 2]
	CoreOS yifan.gu@coreos.com Yifan Gu: [3, 5]
	Google vishnuk@google.com Vishnu kannan: [66, 46]
	Apprenda dmcquay@apprenda.com Derek McQuay: [6, 0]
	Red Hat stefan.schimanski@gmail.com Dr. Stefan Schimanski: [0, 0]
	IBM klaus1982.cn@gmail.com Klaus Ma: [0, 1]
	Huawei shashidhara.td@huawei.com shashidharatd: [4, 0]
	Google gmarek@google.com gmarek: [4, 0]
	Red Hat maszulik@redhat.com Maciej Szulik: [0, 0]
	Red Hat sross@redhat.com Solly Ross: [1, 0]
	Google zihongz@google.com Zihong Zheng: [1, 0]
	Mirantis lukaszoles@gmail.com Łukasz Oleś: [0, 0]
	Huawei irfan.rehman@huawei.com Irfan Ur Rehman: [4, 2]
	Red Hat deads@redhat.com deads2k: [70, 449]
	JPMorgan Chase & Co. michael.fraenkel@gmail.com Michael Fraenkel: [6, 0]
	Red Hat agoldste@redhat.com Andy Goldstein: [4, 0]
	Fujitsu chenr.fnst@cn.fujitsu.com xilabao: [0, 1]
	Google beacham@google.com Jacob Beacham: [9, 0]
	Google acidburn@google.com Jess Frazelle: [0, 0]
	Google dvorak@google.com Jonathan MacMillan: [5, 0]
	Mirantis vefimova@mirantis.com vefimova: [0, 0]
	Portworx aditya@portworx.com Aditya Dani: [0, 0]
	Google zml@google.com Zach Loafman: [1, 0]
	CoreOS eric.chiang.m@gmail.com Eric Chiang: [1, 0]
	FathomDB justin@fathomdb.com Justin Santa Barbara: [1, 0]
	Google mixia@google.com Minhan Xia: [1, 0]
	Canonical george.kraft@canonical.com George Kraft: [1, 1]
	CNM Consulting clove@cnmconsulting.net chrislovecnm: [4, 2]
	Red Hat shiywang@redhat.com Shiyang Wang: [7, 0]
	Red Hat hchen@redhat.com Huamin Chen: [0, 0]
	Intel alexander.kanevskiy@intel.com Alexander Kanevskiy: [27, 23]
	Microsoft bburns@google.com Brendan Burns: [5, 0]
	Red Hat hchiramm@redhat.com Humble Chirammal: [0, 0]
	IBM xingzhou@cn.ibm.com Xing Zhou: [9, 0]
	Mirantis ishvedunov@mirantis.com Ivan Shvedunov: [0, 0]
	Red Hat jpeeler@redhat.com Jeff Peeler: [8, 0]
	Red Hat rrati@redhat.com Robert Rati: [0, 0]
	Juju Ecosystem mbruzek@gmail.com Matt Bruzek: [13, 5]
	Self lukasz.szaszkiewicz@gmail.com p0lyn0mial: [0, 0]
	Google aleksandram@google.com Aleksandra Malinowska: [0, 1]
	ZTE Corporation pu.junqi@zte.com.cn tianshapjq: [0, 1]
	Red Hat dhodovsk@redhat.com Dominika Hodovska: [0, 0]
	CoreOS luca.bruno@coreos.com Luca Bruno: [0, 1]
	Apprenda pires@apprenda.com Paulo Pires: [1, 0]
	(Unknown) kmter@live.com shawyeok: [2, 0]
	CoreOS euan.kemp@coreos.com Euan Kemp: [3, 0]
	Net EASE 网易有态度 coolhzb@163.com AdoHe: [4, 0]
	Red Hat pweil@redhat.com pweil-: [0, 0]
	Tencent jungong@tencent.com Jun Gong: [1, 0]
	Red Hat asalkeld@mirantis.com Angus Salkeld: [3, 0]
	(Unknown) mrevilgnome@gmail.com Matthew Stump: [1, 1]
ui 9 3
	Google jgrafton@google.com Jeff Grafton: [3, 0]
	Google spxtr@google.com Joe Finney: [6, 3]
build 3707 4144
	Google enisoc@google.com Anthony Yeh: [71, 1]
	CoreOS dan.gillespie@coreos.com Dan Gillespie: [1, 1]
	Google jsz@google.com Jerzy Szczepkowski: [14, 2]
	Google jgrafton@google.com Jeff Grafton: [85, 70]
	Self taotaotheripper@gmail.com Random-Liu: [97, 6]
	Google vmik@google.com Mik Vyatskov: [145, 398]
	Red Hat jliggitt@redhat.com Jordan Liggitt: [196, 54]
	CoreOS caleb.miles@coreos.com caleb miles: [5, 8]
	Google yjhong@google.com Yu-Ju Hong: [15, 2]
	Google mikedanese@google.com Mike Danese: [247, 1648]
	Red Hat avagarwa@redhat.com Avesh Agarwal: [3, 1]
	Google pszczesniak@google.com Piotr Szczesniak: [34, 23]
	Google wojtekt@google.com Wojciech Tyczynski: [50, 10]
	Google thockin@google.com Tim Hockin: [64, 68]
	Red Hat decarr@redhat.com Derek Carr: [1, 1]
	Rook lucas.kaldstrom@hotmail.co.uk Lucas Käldström: [22, 76]
	Google fejta@google.com Erick Fejta: [1, 1]
	Google dawnchen@google.com Dawn Chen: [1, 0]
	Google stclair@google.com Tim St. Clair: [85, 401]
	Red Hat jsafrane@redhat.com Jan Safranek: [13, 1]
	Google cjcullen@google.com CJ Cullen: [87, 7]
	Google xuchao@google.com Chao Xu: [0, 185]
	Google mtaufen@google.com Michael Taufen: [6, 6]
	Google mml@google.com Matt Liggett: [4, 4]
	Kelowna admin@toph.ca Christoph Blecker: [5, 5]
	Google shyamjvs@google.com Shyam Jeedigunta: [57, 18]
	CoreOS yifan.gu@coreos.com Yifan Gu: [2, 3]
	Red Hat stefan.schimanski@gmail.com Dr. Stefan Schimanski: [1, 1]
	Google gmarek@google.com gmarek: [2, 2]
	Bulletproof gus@inodes.org Angus Lees: [7, 2]
	Google zihongz@google.com Zihong Zheng: [56, 68]
	Mirantis lukaszoles@gmail.com Łukasz Oleś: [1, 1]
	Red Hat deads@redhat.com deads2k: [41, 17]
	ZTE Corporation zhao.xiangpeng@zte.com.cn xiangpengzhao: [167, 2]
	Google nikhiljindal@google.com nikhiljindal: [1, 0]
	Red Hat agoldste@redhat.com Andy Goldstein: [22, 0]
	Google jinxu@google.com Jing Xu: [30, 25]
	Google qlee@google.com Quintin Lee: [16, 1]
	Google zml@google.com Zach Loafman: [3, 136]
	FathomDB justin@fathomdb.com Justin Santa Barbara: [5, 1]
	Google bowei@google.com Bowei Du: [33, 110]
	Huawei wangzefeng@huawei.com Kevin: [1, 1]
	CNM Consulting clove@cnmconsulting.net chrislovecnm: [12, 6]
	Google wfender@google.com Walter Fender: [8, 1]
	Samsung spiffxp@gmail.com Aaron Crickenberger: [1, 1]
	Self ablock84@gmail.com Alexander Block: [4, 1]
	Juju Ecosystem mbruzek@gmail.com Matt Bruzek: [54, 0]
	CDNetworks Korea michael.mrowetz@cdnetworks.co.kr Michael Mrowetz: [1, 0]
	Google spxtr@google.com Joe Finney: [14, 6]
	Google aleksandram@google.com Aleksandra Malinowska: [23, 13]
	CoreOS luca.bruno@coreos.com Luca Bruno: [6, 3]
	Red Hat rhallise@redhat.com Ryan Hallisey: [14, 4]
	Google dbsmith@google.com Daniel Smith: [3, 3]
	CoreOS euan.kemp@coreos.com Euan Kemp: [1741, 645]
	Google verb@google.com Lee Verberne: [13, 2]
	Google schickin@google.com thomasschickinger: [13, 2]
	AppsCode sadlil@appscode.com sadlil: [3, 3]
	DEIS michelle@deis.com Michelle Noorali: [0, 41]
	NotFound kay.diam@gmail.com kayrus: [4, 5]
	(Unknown) yuanying@fraction.jp OTSUKA, Yuanying: [1, 1]
	IBM graut@us.ibm.com gajju26: [32, 4]
	TripTravel igor.katson@gmail.com Igor Katson: [1, 1]
	NotFound keglevich2@gmail.com keglevich3: [1, 0]
	DEIS mfisher@deis.com Matthew Fisher: [61, 35]
translation 3939 1408
	Microsoft bburns@google.com Brendan Burns: [3939, 1408]
devel-doc 143138 121150
code 15108 17066
unknown 472400 637568
image 1498 2213
documentation 28122 29444
ui 9 3
build 3707 4144
translation 3939 1408
