Filter on "^vendor/|/vendor/"
open output file /Users/lukasz/dev/cncf/gitdm/output_no_map_numstat.csv

WARNING: duplicate email/empl for pekowski@gmail.com
WARNING: duplicate email/empl for thingee@gmail.com
WARNING: duplicate email/empl for t.trifonov@gmail.com
WARNING: duplicate email/empl for lyz@princessleia.com
WARNING: duplicate email/empl for robertc@robertcollins.net
WARNING: duplicate email/empl for clint@fewbar.com
WARNING: duplicate email/empl for andrew@linuxjedi.co.uk
WARNING: duplicate email/empl for duncan.thomas@gmail.com
WARNING: duplicate email/empl for kiall@managedit.ie
WARNING: duplicate email/empl for devananda.vdv@gmail.com
WARNING: duplicate email/empl for zaro0508@gmail.com
WARNING: duplicate email/empl for shrewsbury.dave@gmail.com
WARNING: duplicate email/empl for j3p0uk@hotmail.com
WARNING: duplicate email/empl for me@mark.atwood.name
WARNING: duplicate email/empl for slicknik@gmail.com
WARNING: duplicate email/empl for cmsj@tenshu.net
WARNING: duplicate email/empl for anteaya@anteaya.info
WARNING: duplicate email/empl for greg@greghaynes.net
WARNING: duplicate email/empl for matt@mattfarina.com
WARNING: duplicate email/empl for jp@jamezpolley.com
WARNING: duplicate email/empl for steven@wedontsleep.org
WARNING: duplicate email/empl for gleebix@gmail.com
WARNING: duplicate email/empl for code@gentlydownthe.net
WARNING: duplicate email/empl for morgan.fainberg@gmail.com
WARNING: duplicate email/empl for jeblair@hp.com
WARNING: duplicate email/empl for juliaashleykreger@gmail.com
WARNING: duplicate email/empl for stephane@alum.mit.edu
WARNING: duplicate email/empl for kragniz@gmail.com
WARNING: duplicate email/empl for wchrisjohnson@gmail.com
WARNING: duplicate email/empl for daisy.ycguo@gmail.com
WARNING: duplicate email/empl for mordred@inaugust.com
WARNING: duplicate email/empl for zxkuqyb@gmail.com
WARNING: duplicate email/empl for amigliaccio@internap.com
WARNING: duplicate email/empl for yorik.sar@gmail.com
WARNING: duplicate email/empl for e0ne@e0ne.info
WARNING: duplicate email/empl for gabriel@strikeawe.com
WARNING: duplicate email/empl for heckj@mac.com
WARNING: duplicate email/empl for ke.wu@ibeca.me
WARNING: duplicate email/empl for rushi.agr@gmail.com
WARNING: duplicate email/empl for salv.orlando@gmail.com
WARNING: duplicate email/empl for tushar.vitthal.patil@gmail.com
WARNING: duplicate email/empl for jmckenty@gmail.com
WARNING: duplicate email/empl for anne@openstack.org
WARNING: duplicate email/empl for breu@breu.org
WARNING: duplicate email/empl for cbehrens@codestud.com
WARNING: duplicate email/empl for clay.gerrard@gmail.com
WARNING: duplicate email/empl for corywright@gmail.com
WARNING: duplicate email/empl for cp16net@gmail.com
WARNING: duplicate email/empl for cthier@gmail.com
WARNING: duplicate email/empl for darren.birkett@gmail.com
WARNING: duplicate email/empl for dolph.mathews@gmail.com
WARNING: duplicate email/empl for ed@leafe.com
WARNING: duplicate email/empl for github@highbridgellc.com
WARNING: duplicate email/empl for greglange@gmail.com
WARNING: duplicate email/empl for hugh@wherenow.org
WARNING: duplicate email/empl for imsplitbit@gmail.com
WARNING: duplicate email/empl for jason@koelker.net
WARNING: duplicate email/empl for jcruz7@gmail.com
WARNING: duplicate email/empl for josh@jk0.org
WARNING: duplicate email/empl for mattt@defunct.ca
WARNING: duplicate email/empl for mbasnight@gmail.com
WARNING: duplicate email/empl for mike@weirdlooking.com
WARNING: duplicate email/empl for msherborne@gmail.com
WARNING: duplicate email/empl for naveedm9@gmail.com
WARNING: duplicate email/empl for paul@openstack.org
WARNING: duplicate email/empl for rnirmal@gmail.com
WARNING: duplicate email/empl for rconradharris@gmail.com
WARNING: duplicate email/empl for thierry@openstack.org
WARNING: duplicate email/empl for throughnothing@gmail.com
WARNING: duplicate email/empl for yoga80@yahoo.com
WARNING: duplicate email/empl for mark.washenberger@markwash.net
WARNING: duplicate email/empl for p@draigbrady.com
WARNING: duplicate email/empl for zaitcev@kotori.zaitcev.us
WARNING: duplicate email/empl for julie.pichon@gmail.com
WARNING: duplicate email/empl for ghe@debian.org
WARNING: duplicate email/empl for sorrison@gmail.com
yarntime@163.com is an author name, probably not what you want
henry.nash@uk.ibm.com is an author name, probably not what you want
unknown@hacker.net Unknown hacker
enisoc@google.com Anthony Yeh
	unknown [15654, 14088]
	devel-doc [1554, 712]
	code [1, 4]
	build [71, 1]
	documentation [27769, 27769]
dan.gillespie@coreos.com Dan Gillespie
	unknown [918, 1000]
	code [52, 21]
	build [1, 1]
jsz@google.com Jerzy Szczepkowski
	unknown [356, 185]
	devel-doc [14, 8]
	code [85, 14]
	build [14, 2]
	documentation [1, 1]
jgrafton@google.com Jeff Grafton
	devel-doc [15207, 105]
	code [274, 152]
	unknown [762, 689]
	documentation [2, 0]
	ui [3, 0]
	build [85, 70]
taotaotheripper@gmail.com Random-Liu
	unknown [3026, 1321]
	devel-doc [28, 5]
	code [125, 28]
	build [97, 6]
	documentation [1, 2]
krousey@users.noreply.github.com krousey
	unknown [2, 2]
vmik@google.com Mik Vyatskov
	unknown [1861, 693]
	devel-doc [66, 23]
	code [53, 39]
	build [145, 398]
jliggitt@redhat.com Jordan Liggitt
	unknown [18309, 8330]
	devel-doc [859, 399]
	code [395, 81]
	build [196, 54]
	documentation [6, 4]
caleb.miles@coreos.com caleb miles
	unknown [1305, 1826]
	devel-doc [1, 0]
	code [0, 861]
	build [5, 8]
yjhong@google.com Yu-Ju Hong
	unknown [18330, 1431]
	devel-doc [69, 17]
	code [25, 57]
	build [15, 2]
	documentation [1, 0]
nelcyguy@gmail.com Chakravarthy Nelluri
	unknown [1905, 884]
	devel-doc [100, 164]
krousey@google.com Kris
	unknown [931, 289]
	devel-doc [43, 0]
	documentation [1, 0]
mikedanese@google.com Mike Danese
	unknown [3778, 1852]
	devel-doc [1744, 2977]
	code [82, 1587]
	build [247, 1648]
	documentation [3, 0]
maciekpytel@google.com Maciej Pytel
	unknown [225, 33]
	devel-doc [12, 3]
mkargaki@redhat.com Michail Kargakis
	unknown [4050, 1547]
	devel-doc [26, 71]
	code [26, 3]
	documentation [4, 0]
avagarwa@redhat.com Avesh Agarwal
	unknown [1375, 1191]
	devel-doc [2, 3]
	code [3, 1]
	build [3, 1]
	documentation [0, 0]
saadali@google.com Saad Ali
	unknown [267, 307]
	devel-doc [1095, 474]
madhusudancs@google.com Madhusudan.C.S
	unknown [652, 309]
	devel-doc [15, 11]
	code [599, 403]
chiachenk@google.com Janet Kuo
	unknown [1639, 645]
	devel-doc [20, 7]
	documentation [0, 0]
dcbw@redhat.com Dan Williams
	unknown [1148, 414]
	devel-doc [27, 52]
pszczesniak@google.com Piotr Szczesniak
	unknown [299, 2751]
	devel-doc [24, 30]
	code [24, 20]
	build [34, 23]
	documentation [0, 0]
csbell@google.com Christian Bell
	unknown [438, 120]
	devel-doc [5, 0]
	code [3, 1]
mwielgus@google.com Marcin Wielgus
	unknown [474, 196]
	devel-doc [160, 101]
wojtekt@google.com Wojciech Tyczynski
	unknown [10001, 3765]
	devel-doc [417, 36]
	code [371, 508]
	build [50, 10]
	documentation [18, 8]
thockin@google.com Tim Hockin
	unknown [2089, 522]
	devel-doc [18, 32]
	code [2, 0]
	build [64, 68]
decarr@redhat.com Derek Carr
	unknown [2556, 702]
	devel-doc [236, 6]
	code [24, 7]
	build [1, 1]
	documentation [2, 1]
feiskyer@gmail.com Pengfei Ni
	unknown [3917, 4488]
	devel-doc [6, 2]
	code [38, 1]
	documentation [8, 9]
lucas.kaldstrom@hotmail.co.uk Lucas Käldström
	code [34, 446]
	unknown [6296, 6176]
	devel-doc [599, 300]
	documentation [12, 5]
	build [22, 76]
fejta@google.com Erick Fejta
	unknown [578, 981]
	code [10, 6]
	build [1, 1]
dawnchen@google.com Dawn Chen
	unknown [167, 600]
	devel-doc [3, 1]
	code [15, 6]
	build [1, 0]
hekumar@redhat.com Hemant Kumar
	unknown [1607, 447]
	devel-doc [76, 27]
stclair@google.com Tim St. Clair
	unknown [1544, 594]
	devel-doc [148, 6]
	code [16, 16]
	build [85, 401]
vojtech.vitek@pressly.com Vojtech Vitek
	unknown [5, 5]
better0332@163.com better88
	unknown [3, 4]
jsafrane@redhat.com Jan Safranek
	code [26, 4]
	unknown [8011, 1640]
	devel-doc [581, 74]
	documentation [0, 0]
	build [13, 1]
ccoleman@redhat.com Clayton Coleman
	unknown [32957, 25074]
	devel-doc [1657, 1020]
	code [50, 28]
	documentation [4, 0]
cjcullen@google.com CJ Cullen
	unknown [57, 6]
	devel-doc [3, 1]
	code [28, 13]
	build [87, 7]
martinvladev@gmail.com fen4o
	unknown [1, 1]
xuchao@google.com Chao Xu
	code [59, 2110]
	unknown [27368, 293952]
	devel-doc [1101, 6207]
	documentation [0, 1098]
	build [0, 185]
sjenning@redhat.com Seth Jennings
	code [1, 0]
	unknown [1016, 538]
	devel-doc [11, 7]
	documentation [2, 0]
s.florek91@gmail.com Sebastian Florek
	unknown [1, 1]
bsalamat@google.com Bobby Salamat
	unknown [223, 66]
	devel-doc [7, 0]
mehdy@google.com mbohlool
	unknown [10744, 5979]
	devel-doc [33, 2]
	code [1, 1]
	documentation [0, 0]
mtaufen@google.com Michael Taufen
	code [14, 8]
	unknown [215, 218]
	devel-doc [1, 0]
	documentation [0, 3]
	build [6, 6]
mml@google.com Matt Liggett
	code [2, 1]
	unknown [557, 5]
	documentation [4, 0]
	build [4, 4]
msau@google.com Michelle Au
	unknown [619, 439]
	devel-doc [10, 2]
admin@toph.ca Christoph Blecker
	unknown [49, 226]
	devel-doc [3, 1]
	code [15, 54]
	build [5, 5]
shyamjvs@google.com Shyam Jeedigunta
	unknown [1169, 332]
	devel-doc [30, 0]
	code [1821, 1139]
	build [57, 18]
	documentation [8, 3]
crassirostris@yandex.com Mikhail Vyatskov
	unknown [24, 13]
ramanathana@google.com Anirudh
	unknown [150, 42]
	devel-doc [2, 0]
miaol@vmware.com Miao Luo
	unknown [277, 157]
	devel-doc [82, 0]
connor.p.doyle@intel.com Connor Doyle
	unknown [488, 246]
	devel-doc [5, 0]
	code [22, 19]
m@moscar.net Mikkel Oscar Lyderik Larsen
	unknown [5, 5]
karol.kraskiewicz@gmail.com Karol Kraśkiewicz
	unknown [44, 39]
	devel-doc [29, 1]
vladimir.vivien@gmail.com Vladimir Vivien
	unknown [3416, 10]
	devel-doc [813, 16]
	documentation [0, 0]
foxish@users.noreply.github.com Anirudh Ramanathan
	unknown [24, 21]
joe.github@bedafamily.com Joe Beda
	unknown [1371, 49]
	devel-doc [114, 1]
gyliu513@gmail.com Guangya Liu
	unknown [51, 13]
	documentation [0, 2]
timothysc@gmail.com Timothy St. Clair
	unknown [672, 983]
	devel-doc [650, 602]
wenlxie@ebay.com wenlxie
	unknown [16, 8]
nicksardo@google.com Nick Sardo
	unknown [471, 318]
	devel-doc [3, 2]
yifan.gu@coreos.com Yifan Gu
	code [37, 23]
	unknown [8, 25]
	devel-doc [8, 9]
	documentation [3, 5]
	build [2, 3]
marun@redhat.com Maru Newby
	unknown [518, 233]
	devel-doc [47, 5]
	code [2, 0]
vishnuk@google.com Vishnu kannan
	code [5, 3]
	unknown [2856, 1247]
	devel-doc [198, 58]
	documentation [66, 46]
tan.shanshan@zte.com.cn tanshanshan
	unknown [443, 59]
	devel-doc [13, 9]
	code [0, 1]
dmcquay@apprenda.com Derek McQuay
	code [1, 1]
	unknown [3221, 440]
	devel-doc [95, 43]
	documentation [6, 0]
stefan.schimanski@gmail.com Dr. Stefan Schimanski
	unknown [17567, 35763]
	devel-doc [3140, 4952]
	code [624, 477]
	build [1, 1]
	documentation [0, 0]
klaus1982.cn@gmail.com Klaus Ma
	code [3, 3]
	unknown [1095, 281]
	devel-doc [10, 4]
	documentation [0, 1]
ffranz@redhat.com Fabiano Franz
	unknown [476, 68]
	devel-doc [2, 1]
	code [6, 0]
shashidhara.td@huawei.com shashidharatd
	unknown [2507, 879]
	devel-doc [428, 21]
	code [83, 30]
	documentation [4, 0]
dashpole@google.com David Ashpole
	unknown [2807, 748]
	devel-doc [80657, 79669]
curtis.allen@robotsandpencils.com Curtis Allen
	unknown [15, 15]
gmarek@google.com gmarek
	unknown [4562, 1145]
	devel-doc [96, 22]
	code [8, 7]
	build [2, 2]
	documentation [4, 0]
maszulik@redhat.com Maciej Szulik
	unknown [16828, 17719]
	devel-doc [60, 191]
	code [160, 42]
	documentation [0, 0]
fab.reinartz@gmail.com Fabian Reinartz
	unknown [15, 19]
gus@inodes.org Angus Lees
	unknown [1025, 665]
	devel-doc [9798, 7204]
	code [4, 63]
	build [7, 2]
sross@redhat.com Solly Ross
	unknown [8086, 940]
	devel-doc [3002, 7]
	code [36, 6]
	documentation [1, 0]
ravisantoshgudimetla@gmail.com ravisantoshgudimetla
	unknown [2, 0]
zihongz@google.com Zihong Zheng
	unknown [3145, 2129]
	devel-doc [134, 70]
	code [123, 90]
	build [56, 68]
	documentation [1, 0]
lukaszoles@gmail.com Łukasz Oleś
	unknown [1780, 235]
	devel-doc [61, 3]
	code [1, 1]
	build [1, 1]
	documentation [0, 0]
irfan.rehman@huawei.com Irfan Ur Rehman
	unknown [3497, 408]
	devel-doc [201, 0]
	code [4, 3]
	documentation [4, 2]
deads@redhat.com deads2k
	unknown [98475, 100126]
	devel-doc [9329, 12687]
	code [1526, 612]
	build [41, 17]
	documentation [70, 449]
michael.fraenkel@gmail.com Michael Fraenkel
	unknown [4104, 707]
	devel-doc [97, 4]
	documentation [6, 0]
jregan@google.com Jeffrey Regan
	unknown [5, 128]
	devel-doc [48, 49]
zhao.xiangpeng@zte.com.cn xiangpengzhao
	unknown [134, 33]
	devel-doc [1, 1]
	code [83, 0]
	build [167, 2]
837829664@qq.com timchenxiaoyu
	unknown [8, 8]
	devel-doc [1, 1]
	code [2, 2]
nikhiljindal@google.com nikhiljindal
	unknown [2435, 3127]
	devel-doc [80, 32]
	code [3416, 2985]
	build [1, 0]
agoldste@redhat.com Andy Goldstein
	unknown [14217, 6358]
	devel-doc [1250, 596]
	code [68, 3]
	build [22, 0]
	documentation [4, 0]
chenr.fnst@cn.fujitsu.com xilabao
	code [87, 19]
	unknown [1088, 286]
	devel-doc [22, 4]
	documentation [0, 1]
beacham@google.com Jacob Beacham
	unknown [696, 44]
	devel-doc [106, 0]
	code [4, 2]
	documentation [9, 0]
jeffml@google.com Jeff Lowdermilk
	unknown [198, 72]
	code [44, 38]
sid@rancher.com wlan0
	unknown [808, 153]
	devel-doc [161, 25]
dominik.schulz@gauner.org Dominik Schulz
	unknown [47, 1]
andrew@andrewrynhard.com Andrew Rynhard
	unknown [631, 107]
	devel-doc [55, 2]
nakayamakenjiro@gmail.com Kenjiro Nakayama
	unknown [2, 2]
jinxu@google.com Jing Xu
	unknown [281, 86]
	devel-doc [6, 1]
	code [26, 0]
	build [30, 25]
mengqiy@google.com ymqytw
	unknown [3045, 560]
	devel-doc [10, 1]
	code [136, 26]
owensk@google.com Kenneth Owens
	unknown [3779, 2823]
	devel-doc [19, 23]
qlee@google.com Quintin Lee
	build [16, 1]
sritesh@vmware.com Ritesh H Shukla
	unknown [46, 83]
	devel-doc [7, 6]
	code [0, 1110]
mbauer@us.ibm.com Morgan Bauer
	unknown [17, 7]
	code [3, 2]
acidburn@google.com Jess Frazelle
	code [10, 10]
	unknown [8278, 47]
	devel-doc [1384, 303]
	documentation [0, 0]
dvorak@google.com Jonathan MacMillan
	unknown [404, 154]
	devel-doc [1, 0]
	code [3, 1]
	documentation [5, 0]
vefimova@mirantis.com vefimova
	unknown [343, 81]
	documentation [0, 0]
sebastian@loodse.com Sebastian Scheele
	unknown [23, 7]
409107750@qq.com mlmhl
	unknown [2, 2]
aditya@portworx.com Aditya Dani
	unknown [1208, 0]
	devel-doc [1685, 0]
	documentation [0, 0]
apelisse@gmail.com Antoine Pelisse
	unknown [3277, 1837]
zhaohuizhi@gmail.com Hui-Zhi
	unknown [228, 21]
sgott@redhat.com Stu Gott
	unknown [172, 0]
	devel-doc [38, 0]
zhiguohong@tencent.com Hong Zhiguo
	unknown [1, 0]
matthias.bertschy@gmail.com Matthias Bertschy
	unknown [20, 5]
	devel-doc [26, 0]
chenchun.feed@gmail.com Chun Chen
	unknown [110, 5]
jiangtianli@hotmail.com Jiangtian Li
	unknown [733, 15]
	devel-doc [47, 0]
anhowe@microsoft.com Anthony Howe
	unknown [557, 1027]
	devel-doc [1, 5]
steve@heptio.com Steve Kriss
	unknown [242, 35]
	devel-doc [3, 0]
bbennett@redhat.com Benjamin Bennett
	unknown [263, 150]
	devel-doc [46, 0]
zml@google.com Zach Loafman
	unknown [16, 253]
	code [128, 2410]
	build [3, 136]
	documentation [1, 0]
eric.chiang.m@gmail.com Eric Chiang
	unknown [991, 611]
	devel-doc [57, 8]
	documentation [1, 0]
justin@fathomdb.com Justin Santa Barbara
	unknown [1107, 313]
	devel-doc [8, 0]
	code [2, 2]
	build [5, 1]
	documentation [1, 0]
bowei@google.com Bowei Du
	unknown [538, 3751]
	devel-doc [48, 451]
	code [33, 44]
	build [33, 110]
hakanbaba83@gmail.com Hakan Baba
	unknown [204, 0]
mixia@google.com Minhan Xia
	unknown [2382, 1151]
	devel-doc [82, 53]
	documentation [1, 0]
george.kraft@canonical.com George Kraft
	unknown [2, 2]
	code [133, 76]
	documentation [1, 1]
wangzefeng@huawei.com Kevin
	unknown [1236, 252]
	devel-doc [49, 0]
	code [13, 13]
	build [1, 1]
axino@canonical.com axino
	unknown [5, 2]
	code [121, 4]
clove@cnmconsulting.net chrislovecnm
	unknown [182, 95]
	devel-doc [24, 9]
	code [8, 3]
	build [12, 6]
	documentation [4, 2]
wfender@google.com Walter Fender
	code [8, 0]
	build [8, 1]
haowang@redhat.com Haoran Wang
	unknown [112, 92]
	devel-doc [7, 3]
kazuki.suda@gmail.com Kazuki Suda
	unknown [19, 0]
peay@protonmail.com peay
	unknown [843, 187]
marco@ceppi.net Marco Ceppi
	unknown [3, 2]
elipapa@users.noreply.github.com elipapa
	unknown [1, 0]
dgoodwin@redhat.com Devan Goodwin
	unknown [890, 122]
	devel-doc [10, 0]
ouyang.qinhua@zte.com.cn bruceauyeung
	unknown [471, 86]
	devel-doc [6, 1]
song.ruixia@zte.com.cn SongRuixia
	unknown [2, 1]
mayank.kumar@salesforce.com Mayank Kumar
	unknown [494, 163]
	devel-doc [1, 0]
shiywang@redhat.com Shiyang Wang
	unknown [1075, 212]
	devel-doc [4, 1]
	documentation [7, 0]
hchen@redhat.com Huamin Chen
	unknown [85, 42]
	devel-doc [3, 2]
	documentation [0, 0]
cole.mickens@gmail.com Cole Mickens
	unknown [48, 18]
	devel-doc [1, 1]
spiffxp@gmail.com Aaron Crickenberger
	unknown [45, 13]
	code [0, 1]
	build [1, 1]
aledbf@gmail.com Manuel de Brito Fontes
	unknown [4, 4]
alexander.kanevskiy@intel.com Alexander Kanevskiy
	unknown [243, 16]
	devel-doc [3, 1]
	documentation [27, 23]
bburns@google.com Brendan Burns
	unknown [5575, 1790]
	devel-doc [878, 5]
	code [279, 23]
	translation [3939, 1408]
	documentation [5, 0]
saratk@gmail.com Sarat Kamisetty
	unknown [220, 71]
jaescobar.cell@gmail.com Alejandro Escobar
	unknown [175, 119]
	code [84, 44]
eparis@redhat.com Eric Paris
	unknown [15, 17]
	code [45, 36]
chuck@dasroot.net Charles Butler
	unknown [1, 1]
	code [73, 15]
hchiramm@redhat.com Humble Chirammal
	unknown [491, 134]
	devel-doc [27, 9]
	documentation [0, 0]
xingzhou@cn.ibm.com Xing Zhou
	unknown [1230, 162]
	devel-doc [23, 16]
	code [34, 0]
	documentation [9, 0]
harryz@hyper.sh Harry Zhang
	unknown [499, 365]
	devel-doc [10, 9]
	code [3, 1]
julien.balestra@gmail.com JulienBalestra
	unknown [54, 11]
bdontu@vmware.com Balu Dontu
	unknown [101, 74]
	devel-doc [18, 1]
ishvedunov@mirantis.com Ivan Shvedunov
	code [29, 17]
	unknown [488, 1099]
	devel-doc [0, 1]
	documentation [0, 0]
rong.zhang@easystack.cn riverzhang
	unknown [1, 1]
zhengchuan.hu@easystack.cn zhengchuan hu
	unknown [1, 1]
stephenhsu90@gmail.com Di Xu
	unknown [1, 1]
yuquan.ren@easystack.cn NickrenREN
	unknown [666, 355]
	devel-doc [5, 0]
jpeeler@redhat.com Jeff Peeler
	unknown [3839, 29]
	devel-doc [63, 0]
	documentation [8, 0]
ablock84@gmail.com Alexander Block
	unknown [155, 45]
	code [1, 1]
	build [4, 1]
21521209@zju.edu.cn jg Chen
	unknown [1, 1]
rrati@redhat.com Robert Rati
	unknown [5709, 1887]
	devel-doc [1, 1]
	code [8, 3]
	documentation [0, 0]
jacobsimpson@google.com Jacob Simpson
	unknown [1577, 69]
	devel-doc [75, 0]
	code [12, 1]
jvallejo@redhat.com juanvallejo
	unknown [524, 85]
	devel-doc [11, 2]
	code [60, 2]
mmazurskiy@atlassian.com Mikhail Mazurskiy
	unknown [29, 8]
mbruzek@gmail.com Matt Bruzek
	devel-doc [405, 112]
	code [1920, 488]
	unknown [1097, 499]
	image [1498, 270]
	documentation [13, 5]
	build [54, 0]
pwittroc@google.com Phillip Wittrock
	unknown [320, 388]
	devel-doc [25, 1]
	code [13, 13]
mawong@redhat.com Matthew Wong
	unknown [575, 666]
	devel-doc [9, 54]
jay@apache.org jayunit100
	unknown [702, 441]
	devel-doc [153, 44]
	code [6, 0]
tony.li@nytimes.com Tony Li
	unknown [4, 4]
alexdwanerobinson@gmail.com Alex Robinson
	unknown [33, 20]
	devel-doc [1, 1]
	code [1, 1]
michal@kinvolk.io Michal Rostecki
	unknown [169, 155]
michael.mrowetz@cdnetworks.co.kr Michael Mrowetz
	unknown [11, 0]
	code [7, 2]
	build [1, 0]
lukasz.szaszkiewicz@gmail.com p0lyn0mial
	unknown [947, 162]
	devel-doc [17, 1]
	code [11, 0]
	documentation [0, 0]
divyenp@vmware.com divyenpatel
	unknown [1376, 18]
	devel-doc [14, 1]
chenjg@harmonycloud.cn fate-grand-order
	unknown [1, 1]
jcope@redhat.com Jon Cope
	unknown [914, 401]
	devel-doc [1, 0]
cristian.pop@bigstep.com Cristian Pop
	unknown [88, 43]
fabiand@fedoraproject.org Fabian Deutsch
	devel-doc [1, 0]
lin.youchong@zte.com.cn linyouchong
	unknown [2, 4]
kstepniewski@vmware.com Karol Stepniewski
	unknown [14, 0]
	devel-doc [2, 0]
stephen.kriss@gmail.com Stephen Kriss
	unknown [147, 0]
	devel-doc [1, 0]
james@r-vn.org James Ravn
	unknown [18, 14]
vsemushi@redhat.com Slava Semushin
	unknown [4, 12]
	code [2, 3]
ancosen@gmail.com Andrea Cosentino
	unknown [25, 58]
	devel-doc [102, 116]
spxtr@google.com Joe Finney
	unknown [60, 476]
	devel-doc [51, 57]
	code [12, 26]
	ui [6, 3]
	build [14, 6]
ferdinand.huebner@gmail.com Ferdinand Hübner
	unknown [1, 1]
errordeveloper@gmail.com Ilya Dmitrichenko
	unknown [4, 3]
robert.roland@hpe.com Robert Roland
	unknown [40, 25]
jvance@redhat.com Jeff Vance
	unknown [1043, 702]
	devel-doc [1, 0]
beeps@google.com bprashanth
	unknown [380, 117]
	devel-doc [22, 10]
jchaloup@redhat.com Jan Chaloupka
	unknown [76, 0]
	code [1, 1]
wei.chuanhui1@zte.com.cn zte-20170208
	unknown [3, 0]
jianhui.zhou@huawei.com jianhuiz
	unknown [2512, 74]
	devel-doc [129, 0]
	code [2, 2]
aleksandram@google.com Aleksandra Malinowska
	unknown [74, 181]
	devel-doc [1, 38]
	code [14, 4]
	build [23, 13]
	documentation [0, 1]
rchopra@redhat.com Rajat Chopra
	unknown [3, 3]
skuznets@redhat.com Steve Kuznetsov
	unknown [13, 1]
rahn.jonathan@gmail.com Jonathan Rahn
	devel-doc [4, 4]
kpgriffith@me.com Kevin Griffith
	unknown [56, 206]
	devel-doc [0, 2]
berrange@redhat.com Daniel P. Berrange
	code [2, 2]
ashley@victorianfox.com Ashley Reese
	unknown [1, 1]
andrewpilloud@igneoussystems.com Andrew Pilloud
	unknown [10, 19]
leave24534@gmail.com dutianpeng
	unknown [22, 20]
	code [1, 4]
pu.junqi@zte.com.cn tianshapjq
	unknown [54, 51]
	devel-doc [1, 1]
	documentation [0, 1]
dhodovsk@redhat.com Dominika Hodovska
	unknown [321, 189]
	documentation [0, 0]
luca.bruno@coreos.com Luca Bruno
	unknown [55, 47]
	devel-doc [1, 1]
	code [12, 5]
	build [6, 3]
	documentation [0, 1]
pires@apprenda.com Paulo Pires
	unknown [585, 711]
	devel-doc [3, 7]
	documentation [1, 0]
rene.treffer@soundcloud.com Rene Treffer
	unknown [29, 15]
slaskawi@redhat.com Sebastian Laskawiec
	unknown [13, 1]
anastasis90@yahoo.gr Anastasis Andronidis
	unknown [252, 21]
	code [31, 0]
andy@lindeman.io Andy Lindeman
	code [3, 3]
jorge@ubuntu.com Jorge O. Castro
	unknown [3, 4]
rhallise@redhat.com Ryan Hallisey
	code [11, 57]
	build [14, 4]
beeradb@gmail.com Brad Bowman
	unknown [1, 1]
robertbailey@google.com Robert Bailey
	code [18, 9]
dbsmith@google.com Daniel Smith
	unknown [48, 94]
	devel-doc [0, 4]
	code [0, 26]
	build [3, 3]
rmmh@google.com Ryan Hitchman
	unknown [54, 2]
	devel-doc [58, 0]
ipalade@redhat.com PI-Victor
	unknown [1, 1]
grodrigues3@users.noreply.github.com grodrigues3
	unknown [9, 71]
vija@ebay.com Vijay Samuel
	unknown [13, 13]
rene.saenz@gmail.com Rene Saenz
	unknown [20, 20]
	devel-doc [6, 6]
kmter@live.com shawyeok
	unknown [1, 0]
	code [199, 54]
	documentation [2, 0]
maciej.iai@gmail.com Maciej Kwiek
	unknown [268, 153]
	devel-doc [1, 59]
	code [1, 1]
liu.hao89@zte.com.cn foxyriver
	unknown [62, 63]
	devel-doc [0, 2]
quinton@google.com Quinton Hoole
	unknown [239, 14]
djmm@google.com David McMahon
	devel-doc [148, 146]
	code [0, 81]
jbhurat@apprenda.com Jitendra Bhurat
	unknown [243, 64]
sean@coreitpro.com Sean M. Collins
	code [10, 2]
supermouselyh@hotmail.com Lou Yihua
	unknown [2, 0]
ales.nosek@gmail.com Ales Nosek
	unknown [3, 0]
forrestchen@tencent.com forrestchen
	unknown [25, 0]
bonifaido@gmail.com Nandor Kracser
	unknown [1, 1]
mkhan@redhat.com Monis Khan
	unknown [884, 1582]
	devel-doc [40, 99]
pmorie@redhat.com Paul Morie
	unknown [339, 187]
tsmetana@redhat.com Tomas Smetana
	unknown [68, 151]
thepope@thepopeisdead.com Keith Pope
	code [1, 0]
senlu@google.com Sen Lu
	code [2, 2]
danw@redhat.com Dan Winship
	unknown [712, 278]
	devel-doc [38, 27]
	code [1, 1]
mike@mikebryant.me.uk Mike Bryant
	unknown [1, 1]
euan.kemp@coreos.com Euan Kemp
	code [307, 147]
	unknown [792, 2861]
	devel-doc [56, 17]
	documentation [3, 0]
	build [1741, 645]
verb@google.com Lee Verberne
	code [86, 34]
	build [13, 2]
grod@google.com Garrett Rodrigues
	unknown [115, 25]
andrew@wattpad.com andrewsykim
	unknown [62, 26]
schickin@google.com thomasschickinger
	unknown [6, 5]
	build [13, 2]
maisem@google.com Maisem Ali
	code [16, 0]
dukexar@gmail.com Anton Klautsan
	unknown [150, 25]
bgrant0607@users.noreply.github.com Brian Grant
seharris@us.ibm.com Steven E. Harris
	unknown [9, 6]
sadlil@appscode.com sadlil
	unknown [5, 5]
	code [3, 3]
	build [3, 3]
meybohm@traum-ferienwohnungen.de Janis Meybohm
	unknown [1, 0]
	code [1, 0]
mfojtik@redhat.com Michal Fojtik
	unknown [48, 18]
coolhzb@163.com AdoHe
	unknown [284, 78]
	devel-doc [0, 1]
	code [16, 0]
	documentation [4, 0]
zhang.dongjie@zte.com.cn zdj6373
	unknown [13, 16]
screeley@redhat.com Scott Creeley
	unknown [121, 6]
	devel-doc [2, 0]
deimos@deimos.fr Deimosfr
	unknown [4, 0]
rkouj@google.com rkouj
	unknown [1705, 1167]
	devel-doc [26, 2]
pweil@redhat.com pweil-
	unknown [1662, 60]
	documentation [0, 0]
michelle@deis.com Michelle Noorali
	unknown [162, 39285]
	devel-doc [3, 180]
	image [0, 1943]
	build [0, 41]
kay.diam@gmail.com kayrus
	build [4, 5]
yarntime@163.com yarntime@163.com
	unknown [69, 25]
dominika.krzyszczyk@intel.com Dominika Krzyszczyk
	unknown [195, 164]
marc@proze.net Marc-Antoine Ross
	unknown [2, 2]
rfranken@google.com Rob Franken
	unknown [3, 3]
xychu2008@gmail.com Ethan Chu
	unknown [2, 2]
mqliang.zju@gmail.com mqliang
	unknown [26, 6]
xiangfeiz@vmware.com Xiangfei Zhu
	unknown [20, 5]
	devel-doc [2, 2]
zhouhaibing089@gmail.com zhouhaibing089
	unknown [20, 4]
	devel-doc [4, 1]
oguzp@microsoft.com Oguz Pastirmaci
	unknown [30, 0]
	devel-doc [61, 0]
	image [0, 0]
pjt73651@gmail.com DjangoPeng
	code [2, 2]
wang.yuexiao@zte.com.cn yuexiao-wang
	unknown [14, 14]
diparfitt@gmail.com Dave Parfitt
	devel-doc [11, 0]
simon@swine.de Christian Simon
	unknown [102, 11]
yashulyak@gmail.com Dmitry Shulyak
	unknown [258, 147]
	devel-doc [0, 1]
andrew.oneill@nordstrom.com Andrew O'Neill
	unknown [10, 9]
jungong@tencent.com Jun Gong
	unknown [40, 25]
	documentation [1, 0]
marko.luksa@gmail.com Marko Luksa
	unknown [28, 9]
remon.lam@lamnet.nl Remon Lam
	code [1, 0]
ppospisi@redhat.com pospispa
	unknown [53, 0]
jonathan.boulle@coreos.com Jonathan Boulle
	unknown [96, 32]
likexu@harmonycloud.cn Aaron.L.Xu
	unknown [76, 76]
	devel-doc [4, 4]
	code [5, 5]
asalkeld@mirantis.com Angus Salkeld
	unknown [598, 57]
	devel-doc [8, 0]
	code [13, 0]
	documentation [3, 0]
mf6510@att.com Ciello89
	devel-doc [1, 1]
yu.peng36@zte.com.cn yupeng
	unknown [50, 50]
da.colonel@gmail.com Denis Andrejew
	unknown [3, 3]
salvatore-dario.minonne@amadeus.com Salvatore Dario Minonne
	code [63, 5]
xiangli.cs@gmail.com Xiang Li
	unknown [2671, 3]
	devel-doc [87, 0]
	code [0, 1]
chen.tao3@zte.com.cn chentao1596
	unknown [2, 5]
	devel-doc [2, 2]
	code [9, 9]
jwhitlock@apache.org Jeremy Whitlock
	code [6, 4]
runseb@gmail.com sebgoa
	devel-doc [25, 3]
xuliker@zju.edu.cn aaronxu
	unknown [13, 13]
	code [6, 6]
xuxinkun@gmail.com xuxinkun
	code [1, 1]
pb@coreos.com Patrick Baxter
	unknown [1, 0]
surajssd009005@gmail.com Suraj Deshmukh
	unknown [31, 20]
	devel-doc [31, 20]
linki@users.noreply.github.com Martin Linkhorst
	unknown [4, 4]
yuanying@fraction.jp OTSUKA, Yuanying
	unknown [8, 7]
	code [4, 4]
	build [1, 1]
ameyd@google.com Amey Deshpande
	code [3, 9]
sykesmat@us.ibm.com Matthew Sykes
	unknown [105, 13]
etune@google.com Eric Tune
	devel-doc [7, 1]
vishh@users.noreply.github.com Vish Kannan
	unknown [2, 64]
shivania@vmware.com Abrar Shivani
	unknown [2, 1]
hongchaodeng1@gmail.com Hongchao Deng
	unknown [160, 226]
	devel-doc [1, 13]
	code [4, 2]
runcom@redhat.com Antonio Murdaca
	unknown [6, 3]
lzw19860818@aliyun.com LouZhengwei
	unknown [6, 3]
mevanj89@gmail.com Morgan Jones
	unknown [0, 21]
dims@linux.vnet.ibm.com Davanum Srinivas
	unknown [1, 4]
graut@us.ibm.com gajju26
	unknown [8, 4]
	devel-doc [16, 1]
	code [41, 14]
	build [32, 4]
xiaoping378@163.com xiaoping378
	code [191, 28]
dug@us.ibm.com Doug Davis
	unknown [12, 49]
obnox@redhat.com Michael Adam
	unknown [741, 37]
	devel-doc [14, 2]
igor.katson@gmail.com Igor Katson
	build [1, 1]
dave.michael@ntlworld.com David Michael
	devel-doc [1, 3]
lukasz.zajaczkowski@ts.fujitsu.com Lukasz Zajaczkowski
	unknown [21, 0]
	code [42, 18]
keglevich2@gmail.com keglevich3
	build [1, 0]
kenan435@gmail.com Kenan Karamehmedovic
	unknown [26, 0]
	devel-doc [1, 0]
bryan@weave.works Bryan Boreham
	unknown [1, 13]
	devel-doc [2, 2]
kevin807359@gmail.com Kevin Wang
	unknown [174, 10]
	devel-doc [19, 0]
seb@stianj.ug Sebastain Jug
	unknown [6, 2]
elson.rodriguez@gmail.com Elson Rodriguez
	unknown [2, 0]
	devel-doc [14, 5]
henry.nash@uk.ibm.com henry.nash@uk.ibm.com
	code [1, 1]
caosf.fnst@cn.fujitsu.com Cao Shufeng
	unknown [25, 2]
	code [2, 2]
lvnilesh@users.noreply.github.com Nilesh Londhe
	unknown [1, 1]
sejug@redhat.com Sebastian Jug
	unknown [95, 90]
	devel-doc [5, 3]
	code [1, 1]
ailusazh@126.com ailusazh
	unknown [2, 2]
ttsujika@zlab.co.jp Tatsuhiro Tsujikawa
	unknown [4, 0]
nvartolomei@gmail.com Nicolae Vartolomei
	unknown [12, 3]
deads2k@users.noreply.github.com David Eads
	unknown [9, 9]
cai.yixiang@zte.com.cn caiyixiang
	unknown [3, 3]
filipg@google.com Filip Grzadkowski
brandon.philips@coreos.com Brandon Philips
	unknown [3, 1]
	devel-doc [1, 1]
oulinbao@163.com oulinbao
	unknown [678, 596]
mrevilgnome@gmail.com Matthew Stump
	unknown [247, 7]
	code [83, 37]
	documentation [1, 1]
jbrooks@redhat.com Jason Brooks
	unknown [2, 2]
bryk@google.com bryk
	unknown [2, 2]
robertc@vmware.com Robert Collins
	code [20, 15]
jiangzhao_l@hotmail.com lvjiangzhao
	unknown [1, 1]
minhongz@gmail.com mhzed
	code [1, 1]
anand@cloudera.com Anand Patil
	unknown [5, 0]
andor@pierdelacabeza.com Alvaro [Andor]
	unknown [1, 1]
dj199008@gmail.com m1093782566
	unknown [149, 20]
li.guangxu@zte.com.cn guangxuli
	unknown [19, 13]
jistr@redhat.com Jiri Stransky
	unknown [11, 0]
li.xialong@zte.com.cn xialong.lee
	unknown [6, 1]
	devel-doc [1, 0]
xlgao@zju.edu.cn Xianglin Gao
	code [24, 2]
yaoyao.xyy@alibaba-inc.com yaoyao.xyy
	unknown [14, 10]
mfisher@deis.com Matthew Fisher
	unknown [33, 9]
	devel-doc [1, 1]
	code [0, 33]
	build [61, 35]
matt@skillshare.com Matt Condon
	unknown [30, 17]
rodcloutier@gmail.com Rod Cloutier
	unknown [7, 0]
git@hiltunen.io Sami Hiltunen
	unknown [10, 3]
allan.caffee@gmail.com Allan Caffee
	devel-doc [1, 1]
devel-doc 143138 121150
	enisoc@google.com Anthony Yeh: [1554, 712]
	jsz@google.com Jerzy Szczepkowski: [14, 8]
	jgrafton@google.com Jeff Grafton: [15207, 105]
	taotaotheripper@gmail.com Random-Liu: [28, 5]
	vmik@google.com Mik Vyatskov: [66, 23]
	jliggitt@redhat.com Jordan Liggitt: [859, 399]
	caleb.miles@coreos.com caleb miles: [1, 0]
	yjhong@google.com Yu-Ju Hong: [69, 17]
	nelcyguy@gmail.com Chakravarthy Nelluri: [100, 164]
	krousey@google.com Kris: [43, 0]
	mikedanese@google.com Mike Danese: [1744, 2977]
	maciekpytel@google.com Maciej Pytel: [12, 3]
	mkargaki@redhat.com Michail Kargakis: [26, 71]
	avagarwa@redhat.com Avesh Agarwal: [2, 3]
	saadali@google.com Saad Ali: [1095, 474]
	madhusudancs@google.com Madhusudan.C.S: [15, 11]
	chiachenk@google.com Janet Kuo: [20, 7]
	dcbw@redhat.com Dan Williams: [27, 52]
	pszczesniak@google.com Piotr Szczesniak: [24, 30]
	csbell@google.com Christian Bell: [5, 0]
	mwielgus@google.com Marcin Wielgus: [160, 101]
	wojtekt@google.com Wojciech Tyczynski: [417, 36]
	thockin@google.com Tim Hockin: [18, 32]
	decarr@redhat.com Derek Carr: [236, 6]
	feiskyer@gmail.com Pengfei Ni: [6, 2]
	lucas.kaldstrom@hotmail.co.uk Lucas Käldström: [599, 300]
	dawnchen@google.com Dawn Chen: [3, 1]
	hekumar@redhat.com Hemant Kumar: [76, 27]
	stclair@google.com Tim St. Clair: [148, 6]
	jsafrane@redhat.com Jan Safranek: [581, 74]
	ccoleman@redhat.com Clayton Coleman: [1657, 1020]
	cjcullen@google.com CJ Cullen: [3, 1]
	xuchao@google.com Chao Xu: [1101, 6207]
	sjenning@redhat.com Seth Jennings: [11, 7]
	bsalamat@google.com Bobby Salamat: [7, 0]
	mehdy@google.com mbohlool: [33, 2]
	mtaufen@google.com Michael Taufen: [1, 0]
	msau@google.com Michelle Au: [10, 2]
	admin@toph.ca Christoph Blecker: [3, 1]
	shyamjvs@google.com Shyam Jeedigunta: [30, 0]
	ramanathana@google.com Anirudh: [2, 0]
	miaol@vmware.com Miao Luo: [82, 0]
	connor.p.doyle@intel.com Connor Doyle: [5, 0]
	karol.kraskiewicz@gmail.com Karol Kraśkiewicz: [29, 1]
	vladimir.vivien@gmail.com Vladimir Vivien: [813, 16]
	joe.github@bedafamily.com Joe Beda: [114, 1]
	timothysc@gmail.com Timothy St. Clair: [650, 602]
	nicksardo@google.com Nick Sardo: [3, 2]
	yifan.gu@coreos.com Yifan Gu: [8, 9]
	marun@redhat.com Maru Newby: [47, 5]
	vishnuk@google.com Vishnu kannan: [198, 58]
	tan.shanshan@zte.com.cn tanshanshan: [13, 9]
	dmcquay@apprenda.com Derek McQuay: [95, 43]
	stefan.schimanski@gmail.com Dr. Stefan Schimanski: [3140, 4952]
	klaus1982.cn@gmail.com Klaus Ma: [10, 4]
	ffranz@redhat.com Fabiano Franz: [2, 1]
	shashidhara.td@huawei.com shashidharatd: [428, 21]
	dashpole@google.com David Ashpole: [80657, 79669]
	gmarek@google.com gmarek: [96, 22]
	maszulik@redhat.com Maciej Szulik: [60, 191]
	gus@inodes.org Angus Lees: [9798, 7204]
	sross@redhat.com Solly Ross: [3002, 7]
	zihongz@google.com Zihong Zheng: [134, 70]
	lukaszoles@gmail.com Łukasz Oleś: [61, 3]
	irfan.rehman@huawei.com Irfan Ur Rehman: [201, 0]
	deads@redhat.com deads2k: [9329, 12687]
	michael.fraenkel@gmail.com Michael Fraenkel: [97, 4]
	jregan@google.com Jeffrey Regan: [48, 49]
	zhao.xiangpeng@zte.com.cn xiangpengzhao: [1, 1]
	837829664@qq.com timchenxiaoyu: [1, 1]
	nikhiljindal@google.com nikhiljindal: [80, 32]
	agoldste@redhat.com Andy Goldstein: [1250, 596]
	chenr.fnst@cn.fujitsu.com xilabao: [22, 4]
	beacham@google.com Jacob Beacham: [106, 0]
	sid@rancher.com wlan0: [161, 25]
	andrew@andrewrynhard.com Andrew Rynhard: [55, 2]
	jinxu@google.com Jing Xu: [6, 1]
	mengqiy@google.com ymqytw: [10, 1]
	owensk@google.com Kenneth Owens: [19, 23]
	sritesh@vmware.com Ritesh H Shukla: [7, 6]
	acidburn@google.com Jess Frazelle: [1384, 303]
	dvorak@google.com Jonathan MacMillan: [1, 0]
	aditya@portworx.com Aditya Dani: [1685, 0]
	sgott@redhat.com Stu Gott: [38, 0]
	matthias.bertschy@gmail.com Matthias Bertschy: [26, 0]
	jiangtianli@hotmail.com Jiangtian Li: [47, 0]
	anhowe@microsoft.com Anthony Howe: [1, 5]
	steve@heptio.com Steve Kriss: [3, 0]
	bbennett@redhat.com Benjamin Bennett: [46, 0]
	eric.chiang.m@gmail.com Eric Chiang: [57, 8]
	justin@fathomdb.com Justin Santa Barbara: [8, 0]
	bowei@google.com Bowei Du: [48, 451]
	mixia@google.com Minhan Xia: [82, 53]
	wangzefeng@huawei.com Kevin: [49, 0]
	clove@cnmconsulting.net chrislovecnm: [24, 9]
	haowang@redhat.com Haoran Wang: [7, 3]
	dgoodwin@redhat.com Devan Goodwin: [10, 0]
	ouyang.qinhua@zte.com.cn bruceauyeung: [6, 1]
	mayank.kumar@salesforce.com Mayank Kumar: [1, 0]
	shiywang@redhat.com Shiyang Wang: [4, 1]
	hchen@redhat.com Huamin Chen: [3, 2]
	cole.mickens@gmail.com Cole Mickens: [1, 1]
	alexander.kanevskiy@intel.com Alexander Kanevskiy: [3, 1]
	bburns@google.com Brendan Burns: [878, 5]
	hchiramm@redhat.com Humble Chirammal: [27, 9]
	xingzhou@cn.ibm.com Xing Zhou: [23, 16]
	harryz@hyper.sh Harry Zhang: [10, 9]
	bdontu@vmware.com Balu Dontu: [18, 1]
	ishvedunov@mirantis.com Ivan Shvedunov: [0, 1]
	yuquan.ren@easystack.cn NickrenREN: [5, 0]
	jpeeler@redhat.com Jeff Peeler: [63, 0]
	rrati@redhat.com Robert Rati: [1, 1]
	jacobsimpson@google.com Jacob Simpson: [75, 0]
	jvallejo@redhat.com juanvallejo: [11, 2]
	mbruzek@gmail.com Matt Bruzek: [405, 112]
	pwittroc@google.com Phillip Wittrock: [25, 1]
	mawong@redhat.com Matthew Wong: [9, 54]
	jay@apache.org jayunit100: [153, 44]
	alexdwanerobinson@gmail.com Alex Robinson: [1, 1]
	lukasz.szaszkiewicz@gmail.com p0lyn0mial: [17, 1]
	divyenp@vmware.com divyenpatel: [14, 1]
	jcope@redhat.com Jon Cope: [1, 0]
	fabiand@fedoraproject.org Fabian Deutsch: [1, 0]
	kstepniewski@vmware.com Karol Stepniewski: [2, 0]
	stephen.kriss@gmail.com Stephen Kriss: [1, 0]
	ancosen@gmail.com Andrea Cosentino: [102, 116]
	spxtr@google.com Joe Finney: [51, 57]
	jvance@redhat.com Jeff Vance: [1, 0]
	beeps@google.com bprashanth: [22, 10]
	jianhui.zhou@huawei.com jianhuiz: [129, 0]
	aleksandram@google.com Aleksandra Malinowska: [1, 38]
	rahn.jonathan@gmail.com Jonathan Rahn: [4, 4]
	kpgriffith@me.com Kevin Griffith: [0, 2]
	pu.junqi@zte.com.cn tianshapjq: [1, 1]
	luca.bruno@coreos.com Luca Bruno: [1, 1]
	pires@apprenda.com Paulo Pires: [3, 7]
	dbsmith@google.com Daniel Smith: [0, 4]
	rmmh@google.com Ryan Hitchman: [58, 0]
	rene.saenz@gmail.com Rene Saenz: [6, 6]
	maciej.iai@gmail.com Maciej Kwiek: [1, 59]
	liu.hao89@zte.com.cn foxyriver: [0, 2]
	djmm@google.com David McMahon: [148, 146]
	mkhan@redhat.com Monis Khan: [40, 99]
	danw@redhat.com Dan Winship: [38, 27]
	euan.kemp@coreos.com Euan Kemp: [56, 17]
	coolhzb@163.com AdoHe: [0, 1]
	screeley@redhat.com Scott Creeley: [2, 0]
	rkouj@google.com rkouj: [26, 2]
	michelle@deis.com Michelle Noorali: [3, 180]
	xiangfeiz@vmware.com Xiangfei Zhu: [2, 2]
	zhouhaibing089@gmail.com zhouhaibing089: [4, 1]
	oguzp@microsoft.com Oguz Pastirmaci: [61, 0]
	diparfitt@gmail.com Dave Parfitt: [11, 0]
	yashulyak@gmail.com Dmitry Shulyak: [0, 1]
	likexu@harmonycloud.cn Aaron.L.Xu: [4, 4]
	asalkeld@mirantis.com Angus Salkeld: [8, 0]
	mf6510@att.com Ciello89: [1, 1]
	xiangli.cs@gmail.com Xiang Li: [87, 0]
	chen.tao3@zte.com.cn chentao1596: [2, 2]
	runseb@gmail.com sebgoa: [25, 3]
	surajssd009005@gmail.com Suraj Deshmukh: [31, 20]
	etune@google.com Eric Tune: [7, 1]
	hongchaodeng1@gmail.com Hongchao Deng: [1, 13]
	graut@us.ibm.com gajju26: [16, 1]
	obnox@redhat.com Michael Adam: [14, 2]
	dave.michael@ntlworld.com David Michael: [1, 3]
	kenan435@gmail.com Kenan Karamehmedovic: [1, 0]
	bryan@weave.works Bryan Boreham: [2, 2]
	kevin807359@gmail.com Kevin Wang: [19, 0]
	elson.rodriguez@gmail.com Elson Rodriguez: [14, 5]
	sejug@redhat.com Sebastian Jug: [5, 3]
	brandon.philips@coreos.com Brandon Philips: [1, 1]
	li.xialong@zte.com.cn xialong.lee: [1, 0]
	mfisher@deis.com Matthew Fisher: [1, 1]
	allan.caffee@gmail.com Allan Caffee: [1, 1]
code 15108 17066
	enisoc@google.com Anthony Yeh: [1, 4]
	dan.gillespie@coreos.com Dan Gillespie: [52, 21]
	jsz@google.com Jerzy Szczepkowski: [85, 14]
	jgrafton@google.com Jeff Grafton: [274, 152]
	taotaotheripper@gmail.com Random-Liu: [125, 28]
	vmik@google.com Mik Vyatskov: [53, 39]
	jliggitt@redhat.com Jordan Liggitt: [395, 81]
	caleb.miles@coreos.com caleb miles: [0, 861]
	yjhong@google.com Yu-Ju Hong: [25, 57]
	mikedanese@google.com Mike Danese: [82, 1587]
	mkargaki@redhat.com Michail Kargakis: [26, 3]
	avagarwa@redhat.com Avesh Agarwal: [3, 1]
	madhusudancs@google.com Madhusudan.C.S: [599, 403]
	pszczesniak@google.com Piotr Szczesniak: [24, 20]
	csbell@google.com Christian Bell: [3, 1]
	wojtekt@google.com Wojciech Tyczynski: [371, 508]
	thockin@google.com Tim Hockin: [2, 0]
	decarr@redhat.com Derek Carr: [24, 7]
	feiskyer@gmail.com Pengfei Ni: [38, 1]
	lucas.kaldstrom@hotmail.co.uk Lucas Käldström: [34, 446]
	fejta@google.com Erick Fejta: [10, 6]
	dawnchen@google.com Dawn Chen: [15, 6]
	stclair@google.com Tim St. Clair: [16, 16]
	jsafrane@redhat.com Jan Safranek: [26, 4]
	ccoleman@redhat.com Clayton Coleman: [50, 28]
	cjcullen@google.com CJ Cullen: [28, 13]
	xuchao@google.com Chao Xu: [59, 2110]
	sjenning@redhat.com Seth Jennings: [1, 0]
	mehdy@google.com mbohlool: [1, 1]
	mtaufen@google.com Michael Taufen: [14, 8]
	mml@google.com Matt Liggett: [2, 1]
	admin@toph.ca Christoph Blecker: [15, 54]
	shyamjvs@google.com Shyam Jeedigunta: [1821, 1139]
	connor.p.doyle@intel.com Connor Doyle: [22, 19]
	yifan.gu@coreos.com Yifan Gu: [37, 23]
	marun@redhat.com Maru Newby: [2, 0]
	vishnuk@google.com Vishnu kannan: [5, 3]
	tan.shanshan@zte.com.cn tanshanshan: [0, 1]
	dmcquay@apprenda.com Derek McQuay: [1, 1]
	stefan.schimanski@gmail.com Dr. Stefan Schimanski: [624, 477]
	klaus1982.cn@gmail.com Klaus Ma: [3, 3]
	ffranz@redhat.com Fabiano Franz: [6, 0]
	shashidhara.td@huawei.com shashidharatd: [83, 30]
	gmarek@google.com gmarek: [8, 7]
	maszulik@redhat.com Maciej Szulik: [160, 42]
	gus@inodes.org Angus Lees: [4, 63]
	sross@redhat.com Solly Ross: [36, 6]
	zihongz@google.com Zihong Zheng: [123, 90]
	lukaszoles@gmail.com Łukasz Oleś: [1, 1]
	irfan.rehman@huawei.com Irfan Ur Rehman: [4, 3]
	deads@redhat.com deads2k: [1526, 612]
	zhao.xiangpeng@zte.com.cn xiangpengzhao: [83, 0]
	837829664@qq.com timchenxiaoyu: [2, 2]
	nikhiljindal@google.com nikhiljindal: [3416, 2985]
	agoldste@redhat.com Andy Goldstein: [68, 3]
	chenr.fnst@cn.fujitsu.com xilabao: [87, 19]
	beacham@google.com Jacob Beacham: [4, 2]
	jeffml@google.com Jeff Lowdermilk: [44, 38]
	jinxu@google.com Jing Xu: [26, 0]
	mengqiy@google.com ymqytw: [136, 26]
	sritesh@vmware.com Ritesh H Shukla: [0, 1110]
	mbauer@us.ibm.com Morgan Bauer: [3, 2]
	acidburn@google.com Jess Frazelle: [10, 10]
	dvorak@google.com Jonathan MacMillan: [3, 1]
	zml@google.com Zach Loafman: [128, 2410]
	justin@fathomdb.com Justin Santa Barbara: [2, 2]
	bowei@google.com Bowei Du: [33, 44]
	george.kraft@canonical.com George Kraft: [133, 76]
	wangzefeng@huawei.com Kevin: [13, 13]
	axino@canonical.com axino: [121, 4]
	clove@cnmconsulting.net chrislovecnm: [8, 3]
	wfender@google.com Walter Fender: [8, 0]
	spiffxp@gmail.com Aaron Crickenberger: [0, 1]
	bburns@google.com Brendan Burns: [279, 23]
	jaescobar.cell@gmail.com Alejandro Escobar: [84, 44]
	eparis@redhat.com Eric Paris: [45, 36]
	chuck@dasroot.net Charles Butler: [73, 15]
	xingzhou@cn.ibm.com Xing Zhou: [34, 0]
	harryz@hyper.sh Harry Zhang: [3, 1]
	ishvedunov@mirantis.com Ivan Shvedunov: [29, 17]
	ablock84@gmail.com Alexander Block: [1, 1]
	rrati@redhat.com Robert Rati: [8, 3]
	jacobsimpson@google.com Jacob Simpson: [12, 1]
	jvallejo@redhat.com juanvallejo: [60, 2]
	mbruzek@gmail.com Matt Bruzek: [1920, 488]
	pwittroc@google.com Phillip Wittrock: [13, 13]
	jay@apache.org jayunit100: [6, 0]
	alexdwanerobinson@gmail.com Alex Robinson: [1, 1]
	michael.mrowetz@cdnetworks.co.kr Michael Mrowetz: [7, 2]
	lukasz.szaszkiewicz@gmail.com p0lyn0mial: [11, 0]
	vsemushi@redhat.com Slava Semushin: [2, 3]
	spxtr@google.com Joe Finney: [12, 26]
	jchaloup@redhat.com Jan Chaloupka: [1, 1]
	jianhui.zhou@huawei.com jianhuiz: [2, 2]
	aleksandram@google.com Aleksandra Malinowska: [14, 4]
	berrange@redhat.com Daniel P. Berrange: [2, 2]
	leave24534@gmail.com dutianpeng: [1, 4]
	luca.bruno@coreos.com Luca Bruno: [12, 5]
	anastasis90@yahoo.gr Anastasis Andronidis: [31, 0]
	andy@lindeman.io Andy Lindeman: [3, 3]
	rhallise@redhat.com Ryan Hallisey: [11, 57]
	robertbailey@google.com Robert Bailey: [18, 9]
	dbsmith@google.com Daniel Smith: [0, 26]
	kmter@live.com shawyeok: [199, 54]
	maciej.iai@gmail.com Maciej Kwiek: [1, 1]
	djmm@google.com David McMahon: [0, 81]
	sean@coreitpro.com Sean M. Collins: [10, 2]
	thepope@thepopeisdead.com Keith Pope: [1, 0]
	senlu@google.com Sen Lu: [2, 2]
	danw@redhat.com Dan Winship: [1, 1]
	euan.kemp@coreos.com Euan Kemp: [307, 147]
	verb@google.com Lee Verberne: [86, 34]
	maisem@google.com Maisem Ali: [16, 0]
	sadlil@appscode.com sadlil: [3, 3]
	meybohm@traum-ferienwohnungen.de Janis Meybohm: [1, 0]
	coolhzb@163.com AdoHe: [16, 0]
	pjt73651@gmail.com DjangoPeng: [2, 2]
	remon.lam@lamnet.nl Remon Lam: [1, 0]
	likexu@harmonycloud.cn Aaron.L.Xu: [5, 5]
	asalkeld@mirantis.com Angus Salkeld: [13, 0]
	salvatore-dario.minonne@amadeus.com Salvatore Dario Minonne: [63, 5]
	xiangli.cs@gmail.com Xiang Li: [0, 1]
	chen.tao3@zte.com.cn chentao1596: [9, 9]
	jwhitlock@apache.org Jeremy Whitlock: [6, 4]
	xuliker@zju.edu.cn aaronxu: [6, 6]
	xuxinkun@gmail.com xuxinkun: [1, 1]
	yuanying@fraction.jp OTSUKA, Yuanying: [4, 4]
	ameyd@google.com Amey Deshpande: [3, 9]
	hongchaodeng1@gmail.com Hongchao Deng: [4, 2]
	graut@us.ibm.com gajju26: [41, 14]
	xiaoping378@163.com xiaoping378: [191, 28]
	lukasz.zajaczkowski@ts.fujitsu.com Lukasz Zajaczkowski: [42, 18]
	henry.nash@uk.ibm.com henry.nash@uk.ibm.com: [1, 1]
	caosf.fnst@cn.fujitsu.com Cao Shufeng: [2, 2]
	sejug@redhat.com Sebastian Jug: [1, 1]
	mrevilgnome@gmail.com Matthew Stump: [83, 37]
	robertc@vmware.com Robert Collins: [20, 15]
	minhongz@gmail.com mhzed: [1, 1]
	xlgao@zju.edu.cn Xianglin Gao: [24, 2]
	mfisher@deis.com Matthew Fisher: [0, 33]
unknown 472400 637568
	enisoc@google.com Anthony Yeh: [15654, 14088]
	dan.gillespie@coreos.com Dan Gillespie: [918, 1000]
	jsz@google.com Jerzy Szczepkowski: [356, 185]
	jgrafton@google.com Jeff Grafton: [762, 689]
	taotaotheripper@gmail.com Random-Liu: [3026, 1321]
	krousey@users.noreply.github.com krousey: [2, 2]
	vmik@google.com Mik Vyatskov: [1861, 693]
	jliggitt@redhat.com Jordan Liggitt: [18309, 8330]
	caleb.miles@coreos.com caleb miles: [1305, 1826]
	yjhong@google.com Yu-Ju Hong: [18330, 1431]
	nelcyguy@gmail.com Chakravarthy Nelluri: [1905, 884]
	krousey@google.com Kris: [931, 289]
	mikedanese@google.com Mike Danese: [3778, 1852]
	maciekpytel@google.com Maciej Pytel: [225, 33]
	mkargaki@redhat.com Michail Kargakis: [4050, 1547]
	avagarwa@redhat.com Avesh Agarwal: [1375, 1191]
	saadali@google.com Saad Ali: [267, 307]
	madhusudancs@google.com Madhusudan.C.S: [652, 309]
	chiachenk@google.com Janet Kuo: [1639, 645]
	dcbw@redhat.com Dan Williams: [1148, 414]
	pszczesniak@google.com Piotr Szczesniak: [299, 2751]
	csbell@google.com Christian Bell: [438, 120]
	mwielgus@google.com Marcin Wielgus: [474, 196]
	wojtekt@google.com Wojciech Tyczynski: [10001, 3765]
	thockin@google.com Tim Hockin: [2089, 522]
	decarr@redhat.com Derek Carr: [2556, 702]
	feiskyer@gmail.com Pengfei Ni: [3917, 4488]
	lucas.kaldstrom@hotmail.co.uk Lucas Käldström: [6296, 6176]
	fejta@google.com Erick Fejta: [578, 981]
	dawnchen@google.com Dawn Chen: [167, 600]
	hekumar@redhat.com Hemant Kumar: [1607, 447]
	stclair@google.com Tim St. Clair: [1544, 594]
	vojtech.vitek@pressly.com Vojtech Vitek: [5, 5]
	better0332@163.com better88: [3, 4]
	jsafrane@redhat.com Jan Safranek: [8011, 1640]
	ccoleman@redhat.com Clayton Coleman: [32957, 25074]
	cjcullen@google.com CJ Cullen: [57, 6]
	martinvladev@gmail.com fen4o: [1, 1]
	xuchao@google.com Chao Xu: [27368, 293952]
	sjenning@redhat.com Seth Jennings: [1016, 538]
	s.florek91@gmail.com Sebastian Florek: [1, 1]
	bsalamat@google.com Bobby Salamat: [223, 66]
	mehdy@google.com mbohlool: [10744, 5979]
	mtaufen@google.com Michael Taufen: [215, 218]
	mml@google.com Matt Liggett: [557, 5]
	msau@google.com Michelle Au: [619, 439]
	admin@toph.ca Christoph Blecker: [49, 226]
	shyamjvs@google.com Shyam Jeedigunta: [1169, 332]
	crassirostris@yandex.com Mikhail Vyatskov: [24, 13]
	ramanathana@google.com Anirudh: [150, 42]
	miaol@vmware.com Miao Luo: [277, 157]
	connor.p.doyle@intel.com Connor Doyle: [488, 246]
	m@moscar.net Mikkel Oscar Lyderik Larsen: [5, 5]
	karol.kraskiewicz@gmail.com Karol Kraśkiewicz: [44, 39]
	vladimir.vivien@gmail.com Vladimir Vivien: [3416, 10]
	foxish@users.noreply.github.com Anirudh Ramanathan: [24, 21]
	joe.github@bedafamily.com Joe Beda: [1371, 49]
	gyliu513@gmail.com Guangya Liu: [51, 13]
	timothysc@gmail.com Timothy St. Clair: [672, 983]
	wenlxie@ebay.com wenlxie: [16, 8]
	nicksardo@google.com Nick Sardo: [471, 318]
	yifan.gu@coreos.com Yifan Gu: [8, 25]
	marun@redhat.com Maru Newby: [518, 233]
	vishnuk@google.com Vishnu kannan: [2856, 1247]
	tan.shanshan@zte.com.cn tanshanshan: [443, 59]
	dmcquay@apprenda.com Derek McQuay: [3221, 440]
	stefan.schimanski@gmail.com Dr. Stefan Schimanski: [17567, 35763]
	klaus1982.cn@gmail.com Klaus Ma: [1095, 281]
	ffranz@redhat.com Fabiano Franz: [476, 68]
	shashidhara.td@huawei.com shashidharatd: [2507, 879]
	dashpole@google.com David Ashpole: [2807, 748]
	curtis.allen@robotsandpencils.com Curtis Allen: [15, 15]
	gmarek@google.com gmarek: [4562, 1145]
	maszulik@redhat.com Maciej Szulik: [16828, 17719]
	fab.reinartz@gmail.com Fabian Reinartz: [15, 19]
	gus@inodes.org Angus Lees: [1025, 665]
	sross@redhat.com Solly Ross: [8086, 940]
	ravisantoshgudimetla@gmail.com ravisantoshgudimetla: [2, 0]
	zihongz@google.com Zihong Zheng: [3145, 2129]
	lukaszoles@gmail.com Łukasz Oleś: [1780, 235]
	irfan.rehman@huawei.com Irfan Ur Rehman: [3497, 408]
	deads@redhat.com deads2k: [98475, 100126]
	michael.fraenkel@gmail.com Michael Fraenkel: [4104, 707]
	jregan@google.com Jeffrey Regan: [5, 128]
	zhao.xiangpeng@zte.com.cn xiangpengzhao: [134, 33]
	837829664@qq.com timchenxiaoyu: [8, 8]
	nikhiljindal@google.com nikhiljindal: [2435, 3127]
	agoldste@redhat.com Andy Goldstein: [14217, 6358]
	chenr.fnst@cn.fujitsu.com xilabao: [1088, 286]
	beacham@google.com Jacob Beacham: [696, 44]
	jeffml@google.com Jeff Lowdermilk: [198, 72]
	sid@rancher.com wlan0: [808, 153]
	dominik.schulz@gauner.org Dominik Schulz: [47, 1]
	andrew@andrewrynhard.com Andrew Rynhard: [631, 107]
	nakayamakenjiro@gmail.com Kenjiro Nakayama: [2, 2]
	jinxu@google.com Jing Xu: [281, 86]
	mengqiy@google.com ymqytw: [3045, 560]
	owensk@google.com Kenneth Owens: [3779, 2823]
	sritesh@vmware.com Ritesh H Shukla: [46, 83]
	mbauer@us.ibm.com Morgan Bauer: [17, 7]
	acidburn@google.com Jess Frazelle: [8278, 47]
	dvorak@google.com Jonathan MacMillan: [404, 154]
	vefimova@mirantis.com vefimova: [343, 81]
	sebastian@loodse.com Sebastian Scheele: [23, 7]
	409107750@qq.com mlmhl: [2, 2]
	aditya@portworx.com Aditya Dani: [1208, 0]
	apelisse@gmail.com Antoine Pelisse: [3277, 1837]
	zhaohuizhi@gmail.com Hui-Zhi: [228, 21]
	sgott@redhat.com Stu Gott: [172, 0]
	zhiguohong@tencent.com Hong Zhiguo: [1, 0]
	matthias.bertschy@gmail.com Matthias Bertschy: [20, 5]
	chenchun.feed@gmail.com Chun Chen: [110, 5]
	jiangtianli@hotmail.com Jiangtian Li: [733, 15]
	anhowe@microsoft.com Anthony Howe: [557, 1027]
	steve@heptio.com Steve Kriss: [242, 35]
	bbennett@redhat.com Benjamin Bennett: [263, 150]
	zml@google.com Zach Loafman: [16, 253]
	eric.chiang.m@gmail.com Eric Chiang: [991, 611]
	justin@fathomdb.com Justin Santa Barbara: [1107, 313]
	bowei@google.com Bowei Du: [538, 3751]
	hakanbaba83@gmail.com Hakan Baba: [204, 0]
	mixia@google.com Minhan Xia: [2382, 1151]
	george.kraft@canonical.com George Kraft: [2, 2]
	wangzefeng@huawei.com Kevin: [1236, 252]
	axino@canonical.com axino: [5, 2]
	clove@cnmconsulting.net chrislovecnm: [182, 95]
	haowang@redhat.com Haoran Wang: [112, 92]
	kazuki.suda@gmail.com Kazuki Suda: [19, 0]
	peay@protonmail.com peay: [843, 187]
	marco@ceppi.net Marco Ceppi: [3, 2]
	elipapa@users.noreply.github.com elipapa: [1, 0]
	dgoodwin@redhat.com Devan Goodwin: [890, 122]
	ouyang.qinhua@zte.com.cn bruceauyeung: [471, 86]
	song.ruixia@zte.com.cn SongRuixia: [2, 1]
	mayank.kumar@salesforce.com Mayank Kumar: [494, 163]
	shiywang@redhat.com Shiyang Wang: [1075, 212]
	hchen@redhat.com Huamin Chen: [85, 42]
	cole.mickens@gmail.com Cole Mickens: [48, 18]
	spiffxp@gmail.com Aaron Crickenberger: [45, 13]
	aledbf@gmail.com Manuel de Brito Fontes: [4, 4]
	alexander.kanevskiy@intel.com Alexander Kanevskiy: [243, 16]
	bburns@google.com Brendan Burns: [5575, 1790]
	saratk@gmail.com Sarat Kamisetty: [220, 71]
	jaescobar.cell@gmail.com Alejandro Escobar: [175, 119]
	eparis@redhat.com Eric Paris: [15, 17]
	chuck@dasroot.net Charles Butler: [1, 1]
	hchiramm@redhat.com Humble Chirammal: [491, 134]
	xingzhou@cn.ibm.com Xing Zhou: [1230, 162]
	harryz@hyper.sh Harry Zhang: [499, 365]
	julien.balestra@gmail.com JulienBalestra: [54, 11]
	bdontu@vmware.com Balu Dontu: [101, 74]
	ishvedunov@mirantis.com Ivan Shvedunov: [488, 1099]
	rong.zhang@easystack.cn riverzhang: [1, 1]
	zhengchuan.hu@easystack.cn zhengchuan hu: [1, 1]
	stephenhsu90@gmail.com Di Xu: [1, 1]
	yuquan.ren@easystack.cn NickrenREN: [666, 355]
	jpeeler@redhat.com Jeff Peeler: [3839, 29]
	ablock84@gmail.com Alexander Block: [155, 45]
	21521209@zju.edu.cn jg Chen: [1, 1]
	rrati@redhat.com Robert Rati: [5709, 1887]
	jacobsimpson@google.com Jacob Simpson: [1577, 69]
	jvallejo@redhat.com juanvallejo: [524, 85]
	mmazurskiy@atlassian.com Mikhail Mazurskiy: [29, 8]
	mbruzek@gmail.com Matt Bruzek: [1097, 499]
	pwittroc@google.com Phillip Wittrock: [320, 388]
	mawong@redhat.com Matthew Wong: [575, 666]
	jay@apache.org jayunit100: [702, 441]
	tony.li@nytimes.com Tony Li: [4, 4]
	alexdwanerobinson@gmail.com Alex Robinson: [33, 20]
	michal@kinvolk.io Michal Rostecki: [169, 155]
	michael.mrowetz@cdnetworks.co.kr Michael Mrowetz: [11, 0]
	lukasz.szaszkiewicz@gmail.com p0lyn0mial: [947, 162]
	divyenp@vmware.com divyenpatel: [1376, 18]
	chenjg@harmonycloud.cn fate-grand-order: [1, 1]
	jcope@redhat.com Jon Cope: [914, 401]
	cristian.pop@bigstep.com Cristian Pop: [88, 43]
	lin.youchong@zte.com.cn linyouchong: [2, 4]
	kstepniewski@vmware.com Karol Stepniewski: [14, 0]
	stephen.kriss@gmail.com Stephen Kriss: [147, 0]
	james@r-vn.org James Ravn: [18, 14]
	vsemushi@redhat.com Slava Semushin: [4, 12]
	ancosen@gmail.com Andrea Cosentino: [25, 58]
	spxtr@google.com Joe Finney: [60, 476]
	ferdinand.huebner@gmail.com Ferdinand Hübner: [1, 1]
	errordeveloper@gmail.com Ilya Dmitrichenko: [4, 3]
	robert.roland@hpe.com Robert Roland: [40, 25]
	jvance@redhat.com Jeff Vance: [1043, 702]
	beeps@google.com bprashanth: [380, 117]
	jchaloup@redhat.com Jan Chaloupka: [76, 0]
	wei.chuanhui1@zte.com.cn zte-20170208: [3, 0]
	jianhui.zhou@huawei.com jianhuiz: [2512, 74]
	aleksandram@google.com Aleksandra Malinowska: [74, 181]
	rchopra@redhat.com Rajat Chopra: [3, 3]
	skuznets@redhat.com Steve Kuznetsov: [13, 1]
	kpgriffith@me.com Kevin Griffith: [56, 206]
	ashley@victorianfox.com Ashley Reese: [1, 1]
	andrewpilloud@igneoussystems.com Andrew Pilloud: [10, 19]
	leave24534@gmail.com dutianpeng: [22, 20]
	pu.junqi@zte.com.cn tianshapjq: [54, 51]
	dhodovsk@redhat.com Dominika Hodovska: [321, 189]
	luca.bruno@coreos.com Luca Bruno: [55, 47]
	pires@apprenda.com Paulo Pires: [585, 711]
	rene.treffer@soundcloud.com Rene Treffer: [29, 15]
	slaskawi@redhat.com Sebastian Laskawiec: [13, 1]
	anastasis90@yahoo.gr Anastasis Andronidis: [252, 21]
	jorge@ubuntu.com Jorge O. Castro: [3, 4]
	beeradb@gmail.com Brad Bowman: [1, 1]
	dbsmith@google.com Daniel Smith: [48, 94]
	rmmh@google.com Ryan Hitchman: [54, 2]
	ipalade@redhat.com PI-Victor: [1, 1]
	grodrigues3@users.noreply.github.com grodrigues3: [9, 71]
	vija@ebay.com Vijay Samuel: [13, 13]
	rene.saenz@gmail.com Rene Saenz: [20, 20]
	kmter@live.com shawyeok: [1, 0]
	maciej.iai@gmail.com Maciej Kwiek: [268, 153]
	liu.hao89@zte.com.cn foxyriver: [62, 63]
	quinton@google.com Quinton Hoole: [239, 14]
	jbhurat@apprenda.com Jitendra Bhurat: [243, 64]
	supermouselyh@hotmail.com Lou Yihua: [2, 0]
	ales.nosek@gmail.com Ales Nosek: [3, 0]
	forrestchen@tencent.com forrestchen: [25, 0]
	bonifaido@gmail.com Nandor Kracser: [1, 1]
	mkhan@redhat.com Monis Khan: [884, 1582]
	pmorie@redhat.com Paul Morie: [339, 187]
	tsmetana@redhat.com Tomas Smetana: [68, 151]
	danw@redhat.com Dan Winship: [712, 278]
	mike@mikebryant.me.uk Mike Bryant: [1, 1]
	euan.kemp@coreos.com Euan Kemp: [792, 2861]
	grod@google.com Garrett Rodrigues: [115, 25]
	andrew@wattpad.com andrewsykim: [62, 26]
	schickin@google.com thomasschickinger: [6, 5]
	dukexar@gmail.com Anton Klautsan: [150, 25]
	seharris@us.ibm.com Steven E. Harris: [9, 6]
	sadlil@appscode.com sadlil: [5, 5]
	meybohm@traum-ferienwohnungen.de Janis Meybohm: [1, 0]
	mfojtik@redhat.com Michal Fojtik: [48, 18]
	coolhzb@163.com AdoHe: [284, 78]
	zhang.dongjie@zte.com.cn zdj6373: [13, 16]
	screeley@redhat.com Scott Creeley: [121, 6]
	deimos@deimos.fr Deimosfr: [4, 0]
	rkouj@google.com rkouj: [1705, 1167]
	pweil@redhat.com pweil-: [1662, 60]
	michelle@deis.com Michelle Noorali: [162, 39285]
	yarntime@163.com yarntime@163.com: [69, 25]
	dominika.krzyszczyk@intel.com Dominika Krzyszczyk: [195, 164]
	marc@proze.net Marc-Antoine Ross: [2, 2]
	rfranken@google.com Rob Franken: [3, 3]
	xychu2008@gmail.com Ethan Chu: [2, 2]
	mqliang.zju@gmail.com mqliang: [26, 6]
	xiangfeiz@vmware.com Xiangfei Zhu: [20, 5]
	zhouhaibing089@gmail.com zhouhaibing089: [20, 4]
	oguzp@microsoft.com Oguz Pastirmaci: [30, 0]
	wang.yuexiao@zte.com.cn yuexiao-wang: [14, 14]
	simon@swine.de Christian Simon: [102, 11]
	yashulyak@gmail.com Dmitry Shulyak: [258, 147]
	andrew.oneill@nordstrom.com Andrew O'Neill: [10, 9]
	jungong@tencent.com Jun Gong: [40, 25]
	marko.luksa@gmail.com Marko Luksa: [28, 9]
	ppospisi@redhat.com pospispa: [53, 0]
	jonathan.boulle@coreos.com Jonathan Boulle: [96, 32]
	likexu@harmonycloud.cn Aaron.L.Xu: [76, 76]
	asalkeld@mirantis.com Angus Salkeld: [598, 57]
	yu.peng36@zte.com.cn yupeng: [50, 50]
	da.colonel@gmail.com Denis Andrejew: [3, 3]
	xiangli.cs@gmail.com Xiang Li: [2671, 3]
	chen.tao3@zte.com.cn chentao1596: [2, 5]
	xuliker@zju.edu.cn aaronxu: [13, 13]
	pb@coreos.com Patrick Baxter: [1, 0]
	surajssd009005@gmail.com Suraj Deshmukh: [31, 20]
	linki@users.noreply.github.com Martin Linkhorst: [4, 4]
	yuanying@fraction.jp OTSUKA, Yuanying: [8, 7]
	sykesmat@us.ibm.com Matthew Sykes: [105, 13]
	vishh@users.noreply.github.com Vish Kannan: [2, 64]
	shivania@vmware.com Abrar Shivani: [2, 1]
	hongchaodeng1@gmail.com Hongchao Deng: [160, 226]
	runcom@redhat.com Antonio Murdaca: [6, 3]
	lzw19860818@aliyun.com LouZhengwei: [6, 3]
	mevanj89@gmail.com Morgan Jones: [0, 21]
	dims@linux.vnet.ibm.com Davanum Srinivas: [1, 4]
	graut@us.ibm.com gajju26: [8, 4]
	dug@us.ibm.com Doug Davis: [12, 49]
	obnox@redhat.com Michael Adam: [741, 37]
	lukasz.zajaczkowski@ts.fujitsu.com Lukasz Zajaczkowski: [21, 0]
	kenan435@gmail.com Kenan Karamehmedovic: [26, 0]
	bryan@weave.works Bryan Boreham: [1, 13]
	kevin807359@gmail.com Kevin Wang: [174, 10]
	seb@stianj.ug Sebastain Jug: [6, 2]
	elson.rodriguez@gmail.com Elson Rodriguez: [2, 0]
	caosf.fnst@cn.fujitsu.com Cao Shufeng: [25, 2]
	lvnilesh@users.noreply.github.com Nilesh Londhe: [1, 1]
	sejug@redhat.com Sebastian Jug: [95, 90]
	ailusazh@126.com ailusazh: [2, 2]
	ttsujika@zlab.co.jp Tatsuhiro Tsujikawa: [4, 0]
	nvartolomei@gmail.com Nicolae Vartolomei: [12, 3]
	deads2k@users.noreply.github.com David Eads: [9, 9]
	cai.yixiang@zte.com.cn caiyixiang: [3, 3]
	brandon.philips@coreos.com Brandon Philips: [3, 1]
	oulinbao@163.com oulinbao: [678, 596]
	mrevilgnome@gmail.com Matthew Stump: [247, 7]
	jbrooks@redhat.com Jason Brooks: [2, 2]
	bryk@google.com bryk: [2, 2]
	jiangzhao_l@hotmail.com lvjiangzhao: [1, 1]
	anand@cloudera.com Anand Patil: [5, 0]
	andor@pierdelacabeza.com Alvaro [Andor]: [1, 1]
	dj199008@gmail.com m1093782566: [149, 20]
	li.guangxu@zte.com.cn guangxuli: [19, 13]
	jistr@redhat.com Jiri Stransky: [11, 0]
	li.xialong@zte.com.cn xialong.lee: [6, 1]
	yaoyao.xyy@alibaba-inc.com yaoyao.xyy: [14, 10]
	mfisher@deis.com Matthew Fisher: [33, 9]
	matt@skillshare.com Matt Condon: [30, 17]
	rodcloutier@gmail.com Rod Cloutier: [7, 0]
	git@hiltunen.io Sami Hiltunen: [10, 3]
image 1498 2213
	mbruzek@gmail.com Matt Bruzek: [1498, 270]
	michelle@deis.com Michelle Noorali: [0, 1943]
	oguzp@microsoft.com Oguz Pastirmaci: [0, 0]
documentation 28122 29444
	enisoc@google.com Anthony Yeh: [27769, 27769]
	jsz@google.com Jerzy Szczepkowski: [1, 1]
	jgrafton@google.com Jeff Grafton: [2, 0]
	taotaotheripper@gmail.com Random-Liu: [1, 2]
	jliggitt@redhat.com Jordan Liggitt: [6, 4]
	yjhong@google.com Yu-Ju Hong: [1, 0]
	krousey@google.com Kris: [1, 0]
	mikedanese@google.com Mike Danese: [3, 0]
	mkargaki@redhat.com Michail Kargakis: [4, 0]
	avagarwa@redhat.com Avesh Agarwal: [0, 0]
	chiachenk@google.com Janet Kuo: [0, 0]
	pszczesniak@google.com Piotr Szczesniak: [0, 0]
	wojtekt@google.com Wojciech Tyczynski: [18, 8]
	decarr@redhat.com Derek Carr: [2, 1]
	feiskyer@gmail.com Pengfei Ni: [8, 9]
	lucas.kaldstrom@hotmail.co.uk Lucas Käldström: [12, 5]
	jsafrane@redhat.com Jan Safranek: [0, 0]
	ccoleman@redhat.com Clayton Coleman: [4, 0]
	xuchao@google.com Chao Xu: [0, 1098]
	sjenning@redhat.com Seth Jennings: [2, 0]
	mehdy@google.com mbohlool: [0, 0]
	mtaufen@google.com Michael Taufen: [0, 3]
	mml@google.com Matt Liggett: [4, 0]
	shyamjvs@google.com Shyam Jeedigunta: [8, 3]
	vladimir.vivien@gmail.com Vladimir Vivien: [0, 0]
	gyliu513@gmail.com Guangya Liu: [0, 2]
	yifan.gu@coreos.com Yifan Gu: [3, 5]
	vishnuk@google.com Vishnu kannan: [66, 46]
	dmcquay@apprenda.com Derek McQuay: [6, 0]
	stefan.schimanski@gmail.com Dr. Stefan Schimanski: [0, 0]
	klaus1982.cn@gmail.com Klaus Ma: [0, 1]
	shashidhara.td@huawei.com shashidharatd: [4, 0]
	gmarek@google.com gmarek: [4, 0]
	maszulik@redhat.com Maciej Szulik: [0, 0]
	sross@redhat.com Solly Ross: [1, 0]
	zihongz@google.com Zihong Zheng: [1, 0]
	lukaszoles@gmail.com Łukasz Oleś: [0, 0]
	irfan.rehman@huawei.com Irfan Ur Rehman: [4, 2]
	deads@redhat.com deads2k: [70, 449]
	michael.fraenkel@gmail.com Michael Fraenkel: [6, 0]
	agoldste@redhat.com Andy Goldstein: [4, 0]
	chenr.fnst@cn.fujitsu.com xilabao: [0, 1]
	beacham@google.com Jacob Beacham: [9, 0]
	acidburn@google.com Jess Frazelle: [0, 0]
	dvorak@google.com Jonathan MacMillan: [5, 0]
	vefimova@mirantis.com vefimova: [0, 0]
	aditya@portworx.com Aditya Dani: [0, 0]
	zml@google.com Zach Loafman: [1, 0]
	eric.chiang.m@gmail.com Eric Chiang: [1, 0]
	justin@fathomdb.com Justin Santa Barbara: [1, 0]
	mixia@google.com Minhan Xia: [1, 0]
	george.kraft@canonical.com George Kraft: [1, 1]
	clove@cnmconsulting.net chrislovecnm: [4, 2]
	shiywang@redhat.com Shiyang Wang: [7, 0]
	hchen@redhat.com Huamin Chen: [0, 0]
	alexander.kanevskiy@intel.com Alexander Kanevskiy: [27, 23]
	bburns@google.com Brendan Burns: [5, 0]
	hchiramm@redhat.com Humble Chirammal: [0, 0]
	xingzhou@cn.ibm.com Xing Zhou: [9, 0]
	ishvedunov@mirantis.com Ivan Shvedunov: [0, 0]
	jpeeler@redhat.com Jeff Peeler: [8, 0]
	rrati@redhat.com Robert Rati: [0, 0]
	mbruzek@gmail.com Matt Bruzek: [13, 5]
	lukasz.szaszkiewicz@gmail.com p0lyn0mial: [0, 0]
	aleksandram@google.com Aleksandra Malinowska: [0, 1]
	pu.junqi@zte.com.cn tianshapjq: [0, 1]
	dhodovsk@redhat.com Dominika Hodovska: [0, 0]
	luca.bruno@coreos.com Luca Bruno: [0, 1]
	pires@apprenda.com Paulo Pires: [1, 0]
	kmter@live.com shawyeok: [2, 0]
	euan.kemp@coreos.com Euan Kemp: [3, 0]
	coolhzb@163.com AdoHe: [4, 0]
	pweil@redhat.com pweil-: [0, 0]
	jungong@tencent.com Jun Gong: [1, 0]
	asalkeld@mirantis.com Angus Salkeld: [3, 0]
	mrevilgnome@gmail.com Matthew Stump: [1, 1]
ui 9 3
	jgrafton@google.com Jeff Grafton: [3, 0]
	spxtr@google.com Joe Finney: [6, 3]
build 3707 4144
	enisoc@google.com Anthony Yeh: [71, 1]
	dan.gillespie@coreos.com Dan Gillespie: [1, 1]
	jsz@google.com Jerzy Szczepkowski: [14, 2]
	jgrafton@google.com Jeff Grafton: [85, 70]
	taotaotheripper@gmail.com Random-Liu: [97, 6]
	vmik@google.com Mik Vyatskov: [145, 398]
	jliggitt@redhat.com Jordan Liggitt: [196, 54]
	caleb.miles@coreos.com caleb miles: [5, 8]
	yjhong@google.com Yu-Ju Hong: [15, 2]
	mikedanese@google.com Mike Danese: [247, 1648]
	avagarwa@redhat.com Avesh Agarwal: [3, 1]
	pszczesniak@google.com Piotr Szczesniak: [34, 23]
	wojtekt@google.com Wojciech Tyczynski: [50, 10]
	thockin@google.com Tim Hockin: [64, 68]
	decarr@redhat.com Derek Carr: [1, 1]
	lucas.kaldstrom@hotmail.co.uk Lucas Käldström: [22, 76]
	fejta@google.com Erick Fejta: [1, 1]
	dawnchen@google.com Dawn Chen: [1, 0]
	stclair@google.com Tim St. Clair: [85, 401]
	jsafrane@redhat.com Jan Safranek: [13, 1]
	cjcullen@google.com CJ Cullen: [87, 7]
	xuchao@google.com Chao Xu: [0, 185]
	mtaufen@google.com Michael Taufen: [6, 6]
	mml@google.com Matt Liggett: [4, 4]
	admin@toph.ca Christoph Blecker: [5, 5]
	shyamjvs@google.com Shyam Jeedigunta: [57, 18]
	yifan.gu@coreos.com Yifan Gu: [2, 3]
	stefan.schimanski@gmail.com Dr. Stefan Schimanski: [1, 1]
	gmarek@google.com gmarek: [2, 2]
	gus@inodes.org Angus Lees: [7, 2]
	zihongz@google.com Zihong Zheng: [56, 68]
	lukaszoles@gmail.com Łukasz Oleś: [1, 1]
	deads@redhat.com deads2k: [41, 17]
	zhao.xiangpeng@zte.com.cn xiangpengzhao: [167, 2]
	nikhiljindal@google.com nikhiljindal: [1, 0]
	agoldste@redhat.com Andy Goldstein: [22, 0]
	jinxu@google.com Jing Xu: [30, 25]
	qlee@google.com Quintin Lee: [16, 1]
	zml@google.com Zach Loafman: [3, 136]
	justin@fathomdb.com Justin Santa Barbara: [5, 1]
	bowei@google.com Bowei Du: [33, 110]
	wangzefeng@huawei.com Kevin: [1, 1]
	clove@cnmconsulting.net chrislovecnm: [12, 6]
	wfender@google.com Walter Fender: [8, 1]
	spiffxp@gmail.com Aaron Crickenberger: [1, 1]
	ablock84@gmail.com Alexander Block: [4, 1]
	mbruzek@gmail.com Matt Bruzek: [54, 0]
	michael.mrowetz@cdnetworks.co.kr Michael Mrowetz: [1, 0]
	spxtr@google.com Joe Finney: [14, 6]
	aleksandram@google.com Aleksandra Malinowska: [23, 13]
	luca.bruno@coreos.com Luca Bruno: [6, 3]
	rhallise@redhat.com Ryan Hallisey: [14, 4]
	dbsmith@google.com Daniel Smith: [3, 3]
	euan.kemp@coreos.com Euan Kemp: [1741, 645]
	verb@google.com Lee Verberne: [13, 2]
	schickin@google.com thomasschickinger: [13, 2]
	sadlil@appscode.com sadlil: [3, 3]
	michelle@deis.com Michelle Noorali: [0, 41]
	kay.diam@gmail.com kayrus: [4, 5]
	yuanying@fraction.jp OTSUKA, Yuanying: [1, 1]
	graut@us.ibm.com gajju26: [32, 4]
	igor.katson@gmail.com Igor Katson: [1, 1]
	keglevich2@gmail.com keglevich3: [1, 0]
	mfisher@deis.com Matthew Fisher: [61, 35]
translation 3939 1408
	bburns@google.com Brendan Burns: [3939, 1408]
devel-doc 143138 121150
code 15108 17066
unknown 472400 637568
image 1498 2213
documentation 28122 29444
ui 9 3
build 3707 4144
translation 3939 1408
