open output file /Users/lukasz/dev/cncf/gitdm/fluentd_repos/combined_before.csv

unknown@hacker.net Unknown hacker
	unknown [60, 90]
	image [0, 0]
	code [2883, 3149]
	build [0, 1]
	documentation [39, 3567]
eduardo@treasure-data.com Eduardo Silva
	unknown [3371, 3484]
	devel-doc [2097, 1304]
	code [27943, 4501]
	build [545, 44030]
	documentation [882, 292]
nokute78@gmail.com Takahiro YAMASHITA
	unknown [32, 49]
	devel-doc [16, 5]
	code [307, 69]
	build [8, 1]
	documentation [28, 14]
enm10k@gmail.com enm10k
	unknown [1, 1]
okimoto@clear-code.com Kenji Okimoto
	unknown [26, 10]
	devel-doc [18, 7]
	code [1855, 765]
okkez000@gmail.com okkez
	unknown [3, 2]
	devel-doc [88, 58]
	code [338, 119]
fujiwara.shunichiro@gmail.com FUJIWARA Shunichiro
	unknown [84, 22]
	devel-doc [18, 1]
	code [228, 15]
miyagawa@bulknews.net Tatsuhiko Miyagawa
	unknown [1, 1]
	code [33, 93]
repeatedly@gmail.com Masahiro Nakagawa
	unknown [185, 35]
	devel-doc [135, 38]
	code [637, 374]
	build [1, 1]
	documentation [233, 57]
adam@adamj.eu Adam Chainz
	devel-doc [1, 0]
ozawa@apache.org Tsuyoshi Ozawa
	unknown [4, 4]
	devel-doc [14, 0]
ozawa.tsuyoshi@gmail.com OZAWA Tsuyoshi
homma_takamasa@cyberagent.co.jp Homma Takamasa
	unknown [1, 2]
cosmo0920.oucc@gmail.com Hiroshi Hatake
	unknown [61, 1]
	devel-doc [1, 0]
	code [2860, 2367]
	build [33, 33]
pixel@lindenlab.com pixel
	unknown [20, 1]
	devel-doc [6, 3]
	code [20, 1]
togachiro@gmail.com Hidemasa Togashi
	devel-doc [3, 3]
seanw@patreon.com Sean Wang
	devel-doc [0, 1]
tagomoris@gmail.com TAGOMORI Satoshi
	devel-doc [309, 14]
	code [10584, 6683]
	unknown [4777, 654]
	image [305, 0]
	documentation [8962, 4449]
	build [159, 49]
jonathan@serafini.ca Jonathan Serafini
	code [6, 1]
y.ken.studio@gmail.com Y.Kentaro
	unknown [0, 2]
	devel-doc [3, 3]
fwojciak@users.noreply.github.com fwojciak
	devel-doc [2, 2]
sonots@gmail.com sonots
	code [152, 52]
tasuku-s-github@titech.ac Tasuku SUENAGA a.k.a. gunyarakun
	devel-doc [10, 20]
naruki_okahashi@jbat.co.jp okahashi117
	devel-doc [1, 1]
junyanamai@carview.co.jp Junya Namai
	code [9, 5]
bayetovsky@users.noreply.github.com Miguel Baeta
	code [2, 2]
filepang@gmail.com KIM SEUNG SU
	code [26, 13]
llby@shingor.net llby
	code [224, 14]
nurse@users.noreply.github.com NARUSE, Yui
ichii386@schweetheart.jp ICHII Takashi
	code [1, 1]
narittan@gmail.com Ritta Narita
	unknown [1, 0]
	devel-doc [9, 2]
	code [1006, 452]
filepang@lycos.co.kr HatusneMiku3939
	code [51, 32]
spiketeika@gmail.com yui-knk
	code [1, 1]
	build [2, 1]
mds@xue.bi Desen Meng
	unknown [2, 2]
mazerty@gmail.com Mazerty
	unknown [0, 2]
kazuki.ohta@gmail.com Kazuki Ohta
	unknown [2, 0]
	documentation [28, 4]
ota42y@gmail.com ota42y
	unknown [1, 1]
me@ktamura.com kiyoto
	unknown [4, 1]
devel-doc 2731 1462
	eduardo@treasure-data.com Eduardo Silva: [2097, 1304]
	nokute78@gmail.com Takahiro YAMASHITA: [16, 5]
	okimoto@clear-code.com Kenji Okimoto: [18, 7]
	okkez000@gmail.com okkez: [88, 58]
	fujiwara.shunichiro@gmail.com FUJIWARA Shunichiro: [18, 1]
	repeatedly@gmail.com Masahiro Nakagawa: [135, 38]
	adam@adamj.eu Adam Chainz: [1, 0]
	ozawa@apache.org Tsuyoshi Ozawa: [14, 0]
	cosmo0920.oucc@gmail.com Hiroshi Hatake: [1, 0]
	pixel@lindenlab.com pixel: [6, 3]
	togachiro@gmail.com Hidemasa Togashi: [3, 3]
	seanw@patreon.com Sean Wang: [0, 1]
	tagomoris@gmail.com TAGOMORI Satoshi: [309, 14]
	y.ken.studio@gmail.com Y.Kentaro: [3, 3]
	fwojciak@users.noreply.github.com fwojciak: [2, 2]
	tasuku-s-github@titech.ac Tasuku SUENAGA a.k.a. gunyarakun: [10, 20]
	naruki_okahashi@jbat.co.jp okahashi117: [1, 1]
	narittan@gmail.com Ritta Narita: [9, 2]
code 49166 18709
	unknown@hacker.net Unknown hacker: [2883, 3149]
	eduardo@treasure-data.com Eduardo Silva: [27943, 4501]
	nokute78@gmail.com Takahiro YAMASHITA: [307, 69]
	okimoto@clear-code.com Kenji Okimoto: [1855, 765]
	okkez000@gmail.com okkez: [338, 119]
	fujiwara.shunichiro@gmail.com FUJIWARA Shunichiro: [228, 15]
	miyagawa@bulknews.net Tatsuhiko Miyagawa: [33, 93]
	repeatedly@gmail.com Masahiro Nakagawa: [637, 374]
	cosmo0920.oucc@gmail.com Hiroshi Hatake: [2860, 2367]
	pixel@lindenlab.com pixel: [20, 1]
	tagomoris@gmail.com TAGOMORI Satoshi: [10584, 6683]
	jonathan@serafini.ca Jonathan Serafini: [6, 1]
	sonots@gmail.com sonots: [152, 52]
	junyanamai@carview.co.jp Junya Namai: [9, 5]
	bayetovsky@users.noreply.github.com Miguel Baeta: [2, 2]
	filepang@gmail.com KIM SEUNG SU: [26, 13]
	llby@shingor.net llby: [224, 14]
	ichii386@schweetheart.jp ICHII Takashi: [1, 1]
	narittan@gmail.com Ritta Narita: [1006, 452]
	filepang@lycos.co.kr HatusneMiku3939: [51, 32]
	spiketeika@gmail.com yui-knk: [1, 1]
unknown 8636 4364
	unknown@hacker.net Unknown hacker: [60, 90]
	eduardo@treasure-data.com Eduardo Silva: [3371, 3484]
	nokute78@gmail.com Takahiro YAMASHITA: [32, 49]
	enm10k@gmail.com enm10k: [1, 1]
	okimoto@clear-code.com Kenji Okimoto: [26, 10]
	okkez000@gmail.com okkez: [3, 2]
	fujiwara.shunichiro@gmail.com FUJIWARA Shunichiro: [84, 22]
	miyagawa@bulknews.net Tatsuhiko Miyagawa: [1, 1]
	repeatedly@gmail.com Masahiro Nakagawa: [185, 35]
	ozawa@apache.org Tsuyoshi Ozawa: [4, 4]
	homma_takamasa@cyberagent.co.jp Homma Takamasa: [1, 2]
	cosmo0920.oucc@gmail.com Hiroshi Hatake: [61, 1]
	pixel@lindenlab.com pixel: [20, 1]
	tagomoris@gmail.com TAGOMORI Satoshi: [4777, 654]
	y.ken.studio@gmail.com Y.Kentaro: [0, 2]
	narittan@gmail.com Ritta Narita: [1, 0]
	mds@xue.bi Desen Meng: [2, 2]
	mazerty@gmail.com Mazerty: [0, 2]
	kazuki.ohta@gmail.com Kazuki Ohta: [2, 0]
	ota42y@gmail.com ota42y: [1, 1]
	me@ktamura.com kiyoto: [4, 1]
image 305 0
	unknown@hacker.net Unknown hacker: [0, 0]
	tagomoris@gmail.com TAGOMORI Satoshi: [305, 0]
documentation 10172 8383
	unknown@hacker.net Unknown hacker: [39, 3567]
	eduardo@treasure-data.com Eduardo Silva: [882, 292]
	nokute78@gmail.com Takahiro YAMASHITA: [28, 14]
	repeatedly@gmail.com Masahiro Nakagawa: [233, 57]
	tagomoris@gmail.com TAGOMORI Satoshi: [8962, 4449]
	kazuki.ohta@gmail.com Kazuki Ohta: [28, 4]
build 748 44116
	unknown@hacker.net Unknown hacker: [0, 1]
	eduardo@treasure-data.com Eduardo Silva: [545, 44030]
	nokute78@gmail.com Takahiro YAMASHITA: [8, 1]
	repeatedly@gmail.com Masahiro Nakagawa: [1, 1]
	cosmo0920.oucc@gmail.com Hiroshi Hatake: [33, 33]
	tagomoris@gmail.com TAGOMORI Satoshi: [159, 49]
	spiketeika@gmail.com yui-knk: [2, 1]
devel-doc 2731 1462
code 49166 18709
unknown 8636 4364
image 305 0
documentation 10172 8383
build 748 44116
