open output file /Users/lukasz/dev/cncf/gitdm/rkt_repos/combined_before.csv

unknown@hacker.net Unknown hacker
jonathanboulle@gmail.com Jonathan Boulle
	devel-doc [2, 2]
derek@gonyeo.com Derek Gonyeo
	unknown [300, 120]
luca.bruno@coreos.com Luca Bruno
	unknown [2334, 552]
	devel-doc [472, 8]
	code [14, 14]
	build [8, 8]
	documentation [850, 0]
j@coreos.com Josh Wood
	unknown [16, 6]
brandon.philips@coreos.com Brandon Philips
	unknown [76, 144]
zmedico@gmail.com Zac Medico
	code [2, 0]
pgburt@gmail.com Paul Burt
	unknown [62, 0]
	devel-doc [14, 0]
sur@coreos.com Sergiusz Urbaniak
	unknown [10618, 5554]
	devel-doc [70, 4]
	code [10, 10]
	build [132, 30]
evvers@ya.ru Evgeny Vereshchagin
	unknown [8, 4]
james.o.hunt@intel.com James O. D. Hunt
	unknown [184, 34]
	build [6, 6]
graham.whaley@linux.intel.com Graham Whaley
	unknown [160, 20]
	build [46, 24]
casey.callendrello@coreos.com Casey Callendrello
	unknown [472, 894]
	devel-doc [86, 414]
	code [8, 8]
	build [16, 16]
indenml@gmail.com Max Leonard Inden
	unknown [100, 54]
ybubnou@infoblox.com Yakau Bubnou
	unknown [1416, 1486]
elijah.caine@coreos.com Elijah C. Voigt
	unknown [38, 8]
michael@kinvolk.io Michael Schubert
	unknown [2, 2]
kuleshovmail@gmail.com Alexander Kuleshov
	unknown [16, 0]
euan.kemp@coreos.com Euan Kemp
	unknown [44, 16]
jedroadam@gmail.com Adam Jedro
	devel-doc [2, 2]
unknown 15846 8894
	derek@gonyeo.com Derek Gonyeo: [300, 120]
	luca.bruno@coreos.com Luca Bruno: [2334, 552]
	j@coreos.com Josh Wood: [16, 6]
	brandon.philips@coreos.com Brandon Philips: [76, 144]
	pgburt@gmail.com Paul Burt: [62, 0]
	sur@coreos.com Sergiusz Urbaniak: [10618, 5554]
	evvers@ya.ru Evgeny Vereshchagin: [8, 4]
	james.o.hunt@intel.com James O. D. Hunt: [184, 34]
	graham.whaley@linux.intel.com Graham Whaley: [160, 20]
	casey.callendrello@coreos.com Casey Callendrello: [472, 894]
	indenml@gmail.com Max Leonard Inden: [100, 54]
	ybubnou@infoblox.com Yakau Bubnou: [1416, 1486]
	elijah.caine@coreos.com Elijah C. Voigt: [38, 8]
	michael@kinvolk.io Michael Schubert: [2, 2]
	kuleshovmail@gmail.com Alexander Kuleshov: [16, 0]
	euan.kemp@coreos.com Euan Kemp: [44, 16]
devel-doc 646 430
	jonathanboulle@gmail.com Jonathan Boulle: [2, 2]
	luca.bruno@coreos.com Luca Bruno: [472, 8]
	pgburt@gmail.com Paul Burt: [14, 0]
	sur@coreos.com Sergiusz Urbaniak: [70, 4]
	casey.callendrello@coreos.com Casey Callendrello: [86, 414]
	jedroadam@gmail.com Adam Jedro: [2, 2]
code 34 32
	luca.bruno@coreos.com Luca Bruno: [14, 14]
	zmedico@gmail.com Zac Medico: [2, 0]
	sur@coreos.com Sergiusz Urbaniak: [10, 10]
	casey.callendrello@coreos.com Casey Callendrello: [8, 8]
build 208 84
	luca.bruno@coreos.com Luca Bruno: [8, 8]
	sur@coreos.com Sergiusz Urbaniak: [132, 30]
	james.o.hunt@intel.com James O. D. Hunt: [6, 6]
	graham.whaley@linux.intel.com Graham Whaley: [46, 24]
	casey.callendrello@coreos.com Casey Callendrello: [16, 16]
documentation 850 0
	luca.bruno@coreos.com Luca Bruno: [850, 0]
unknown 15846 8894
devel-doc 646 430
code 34 32
build 208 84
documentation 850 0
