open output file /Users/lukasz/dev/cncf/gitdm/rkt_repos/combined_after.csv

unknown@hacker.net Unknown hacker
luca.bruno@coreos.com Luca Bruno
	unknown [122, 54]
fabio.kung@gmail.com Fabio Kung
	unknown [258, 82]
	code [6, 2]
david.michael@coreos.com David Michael
	code [458, 410]
casey.callendrello@coreos.com Casey Callendrello
geoff@infradead.org Geoff Levand
	unknown [32, 0]
	build [8, 6]
pt.browne@gmail.com Patrick Browne
	unknown [6, 0]
derek@gonyeo.com Derek Gonyeo
radhika.puthiyetath@coreos.com Radhika Puthiyetath
	unknown [24, 24]
tino.rusch@gmail.com Tino Rusch
	unknown [166, 96]
	devel-doc [100, 44]
	code [6, 6]
	build [4, 4]
alban@kinvolk.io Alban Crequy
	unknown [52, 0]
euank@euank.com Euan Kemp
	unknown [526, 232]
redbeard@dead-city.org Brian 'Redbeard' Harrington
	build [2, 2]
caniszczyk@gmail.com Chris Aniszczyk
	unknown [8, 0]
jonathanboulle@gmail.com Jonathan Boulle
	unknown [1266, 1248]
	devel-doc [1170, 1170]
	code [22, 22]
	build [8, 8]
foxwilson123@gmail.com Fox Wilson
	unknown [2, 2]
vbatts@hashbangbash.com Vincent Batts
	unknown [20, 16]
brandon@ifup.org Brandon Philips
	unknown [14, 2]
michael.marineau@coreos.com Michael Marineau
	unknown [2, 2]
sstabellini@kernel.org Stefano Stabellini
	unknown [8499, 8]
	devel-doc [203, 0]
	code [1196, 1]
	build [4550, 4]
unknown 10997 1766
	luca.bruno@coreos.com Luca Bruno: [122, 54]
	fabio.kung@gmail.com Fabio Kung: [258, 82]
	geoff@infradead.org Geoff Levand: [32, 0]
	pt.browne@gmail.com Patrick Browne: [6, 0]
	radhika.puthiyetath@coreos.com Radhika Puthiyetath: [24, 24]
	tino.rusch@gmail.com Tino Rusch: [166, 96]
	alban@kinvolk.io Alban Crequy: [52, 0]
	euank@euank.com Euan Kemp: [526, 232]
	caniszczyk@gmail.com Chris Aniszczyk: [8, 0]
	jonathanboulle@gmail.com Jonathan Boulle: [1266, 1248]
	foxwilson123@gmail.com Fox Wilson: [2, 2]
	vbatts@hashbangbash.com Vincent Batts: [20, 16]
	brandon@ifup.org Brandon Philips: [14, 2]
	michael.marineau@coreos.com Michael Marineau: [2, 2]
	sstabellini@kernel.org Stefano Stabellini: [8499, 8]
devel-doc 1473 1214
	tino.rusch@gmail.com Tino Rusch: [100, 44]
	jonathanboulle@gmail.com Jonathan Boulle: [1170, 1170]
	sstabellini@kernel.org Stefano Stabellini: [203, 0]
code 1688 441
	fabio.kung@gmail.com Fabio Kung: [6, 2]
	david.michael@coreos.com David Michael: [458, 410]
	tino.rusch@gmail.com Tino Rusch: [6, 6]
	jonathanboulle@gmail.com Jonathan Boulle: [22, 22]
	sstabellini@kernel.org Stefano Stabellini: [1196, 1]
build 4572 24
	geoff@infradead.org Geoff Levand: [8, 6]
	tino.rusch@gmail.com Tino Rusch: [4, 4]
	redbeard@dead-city.org Brian 'Redbeard' Harrington: [2, 2]
	jonathanboulle@gmail.com Jonathan Boulle: [8, 8]
	sstabellini@kernel.org Stefano Stabellini: [4550, 4]
unknown 10997 1766
devel-doc 1473 1214
code 1688 441
build 4572 24
