Filter on "^vendor/|/vendor/"
open output file /Users/lukasz/dev/cncf/gitdm/output_strict_numstat.csv

(Unknown) unknown@hacker.net Unknown hacker
Microsoft bburns@google.com Brendan Burns
	unknown [15492, 8201]
	devel-doc [526, 1822]
	code [203, 19]
	build [25, 1]
	documentation [293, 16]
Google bgrant0607@users.noreply.github.com Brian Grant
	unknown [904, 1659]
	devel-doc [115, 2]
Red Hat decarr@redhat.com derekwaynecarr
	unknown [11414, 1457]
	devel-doc [915, 295]
	code [251, 129]
	build [15, 20]
	documentation [9, 0]
Red Hat pmorie@redhat.com Paul Morie
	unknown [1556, 374]
	code [9, 3]
	build [10, 1]
Google arob@google.com Alex Robinson
	unknown [1051, 802]
	devel-doc [126, 122]
	build [112, 74]
Red Hat stefan.schimanski@gmail.com Dr. Stefan Schimanski
	unknown [6253, 1388]
	devel-doc [416, 2]
	code [37, 32]
	image [2, 0]
	documentation [3, 1]
Google mwielgus@google.com Marcin Wielgus
	unknown [2474, 389]
	devel-doc [6, 3]
	code [1, 1]
Amadeus salvatore-dario.minonne@amadeus.com Salvatore Dario Minonne
	unknown [2127, 95]
	devel-doc [105, 0]
Google pszczesniak@google.com Piotr Szczesniak
	unknown [5487, 2006]
	devel-doc [1, 242]
	code [77, 23]
	build [5, 5]
	documentation [5, 0]
Google mikedanese@gmail.com Mike Danese
	devel-doc [183, 1964]
	code [426, 1514]
	package [0, 0]
	unknown [9080, 39427]
	image [0, 0]
	documentation [88, 120]
	build [0, 328]
Google xuchao@google.com Chao Xu
	unknown [4449, 3210]
	devel-doc [485, 33]
	code [219, 68]
	documentation [29764, 0]
Huawei zhenggouyong.zheng@huawei.com eulerzgy
	unknown [31, 35]
	devel-doc [3, 3]
	code [34, 34]
Google etune@google.com Eric Tune
	unknown [1790, 514]
	devel-doc [215, 118]
	code [76, 44]
Google thockin@google.com Tim Hockin
	devel-doc [2365, 1264]
	code [181, 99]
	unknown [15227, 29976]
	image [0, 0]
	documentation [6, 7]
	build [12, 6]
Google davidopp@google.com David Oppenheimer
	unknown [695, 547]
	devel-doc [166, 125]
	image [0, 0]
Google vishnuk@google.com Vishnu kannan
	unknown [299, 155]
	devel-doc [7, 2]
Mesosphere james@mesosphere.io James DeFelice
	unknown [52823, 32573]
	documentation [6, 3]
	build [6, 13]
Google nikhiljindal@google.com nikhiljindal
	devel-doc [7, 3]
	code [33063, 32999]
	unknown [63741, 58734]
	image [0, 0]
	documentation [1646, 1541]
	build [5, 0]
Google dbsmith@google.com Daniel Smith
	unknown [3003, 1319]
	devel-doc [1000, 189]
	code [158, 65]
	image [0, 0]
Red Hat deads@redhat.com deads2k
	unknown [2228, 1029]
(Unknown) chris@krypton.io Christopher Eck
	unknown [7, 2]
Google jsz@google.com Jerzy Szczepkowski
	unknown [3715, 1360]
	devel-doc [10, 2]
	code [121, 13]
	build [16, 0]
	documentation [4, 4]
Google wojtekt@google.com Wojciech Tyczynski
	unknown [9578, 12281]
	devel-doc [241, 241]
	code [62, 538]
Google gmarek@google.com gmarek
	devel-doc [22, 312]
	code [253, 31]
	unknown [6124, 5563]
	image [0, 0]
	documentation [1, 0]
	build [30, 4]
Red Hat mturansk@redhat.com markturansky
	unknown [2549, 913]
	documentation [6, 0]
Huawei jiangfeihu@huawei.com feihujiang
	unknown [1219, 1550]
	code [76, 2]
	documentation [97, 30]
Google yjhong@google.com Yu-Ju Hong
	unknown [3322, 2774]
	code [11, 12]
CoreOS rob.szumski@coreos.com Rob Szumski
	unknown [70, 14]
Google saadali@google.com saadali
	unknown [608, 251]
	code [0, 1]
Red Hat eparis@redhat.com Eric Paris
	unknown [47946, 21743]
	devel-doc [252, 288]
	code [1321, 657]
	build [1, 10]
	documentation [1034, 829]
Mesosphere karl@mesosphere.io Karl Isenberg
	unknown [1039, 137]
	devel-doc [142, 41]
	code [1418, 270]
	build [3, 0]
	documentation [4, 4]
CoreOS jonathan.boulle@coreos.com Jonathan Boulle
	devel-doc [1, 1]
Red Hat rchopra@redhat.com Rajat Chopra
	unknown [1195, 13]
Red Hat swagiaal@redhat.com Sami Wagiaalla
	unknown [247, 273]
Google socaa@google.com Ewa Socala
	unknown [2022, 315]
	devel-doc [91, 0]
	build [30, 5]
Red Hat jliggitt@redhat.com Jordan Liggitt
	unknown [932, 175]
	code [7, 0]
	documentation [1, 1]
Red Hat maszulik@redhat.com Maciej Szulik
	unknown [3764, 187]
	code [27, 18]
	build [22, 1]
	documentation [3, 1]
Amadeus lhuard@amadeus.com Lénaïc Huard
	unknown [46, 45]
	code [15, 65]
	documentation [0, 5]
Huawei huruifeng@huawei.com hurf
	code [18, 31]
	unknown [679, 406]
	documentation [45, 54]
Docker harryzhang@zju.edu.cn Harry Zhang
	unknown [137, 60]
	devel-doc [3, 1]
	code [480, 131]
Huawei linzichang@huawei.com Zichang Lin
	code [37, 2]
	unknown [8, 2]
	devel-doc [1, 1]
	documentation [1, 1]
Google dawnchen@google.com Dawn Chen
	code [50, 28]
	unknown [75, 21]
	devel-doc [2, 2]
	documentation [1, 0]
eBay spothanis@ebay.com Sreekanth Pothanis
	unknown [4742, 231]
	devel-doc [168, 0]
Google abshah@google.com Abhishek Shah
	unknown [1448, 183]
	code [0, 1]
	build [21, 3]
	documentation [11, 5]
Red Hat agoldste@redhat.com Andy Goldstein
	unknown [948, 540]
	devel-doc [4, 0]
Google robertbailey@google.com Robert Bailey
	unknown [467, 1514]
	devel-doc [52, 17]
	code [48, 32]
	build [60, 75]
	documentation [0, 1]
Huawei huangyuqi@huawei.com yuqi huang
	unknown [54, 8]
	code [85, 3]
Self skywalker94@gmail.com Ananya Kumar
	unknown [5755, 563]
Red Hat danw@redhat.com Dan Winship
	unknown [1021, 83]
Google jgrafton@google.com Jeff Grafton
	unknown [31, 4]
	code [198, 65]
Red Hat ccoleman@redhat.com Clayton Coleman
	code [29, 42]
	unknown [6011, 1825]
	devel-doc [3, 2]
	documentation [39, 6]
Epic Games trevor.pounds@gmail.com Trevor Pounds
	unknown [81, 88]
Red Hat sdodson@redhat.com Scott Dodson
	unknown [1, 1]
Red Hat pweil@redhat.com Paul Weil
	unknown [895, 170]
	code [9, 9]
	documentation [1, 0]
Tyk mvdan@mvdan.cc Daniel Martí
	unknown [1119, 631]
	code [10, 10]
Huawei alfred.huangjian@huawei.com Jian Huang
	unknown [724, 13]
	devel-doc [1, 1]
	code [4, 2]
Elastic court@epixa.com Court Ewing
	devel-doc [5, 5]
Google quinton@google.com Quinton Hoole
	unknown [291, 82]
	devel-doc [1, 1]
	code [64, 33]
Huawei jiangyaoguo@gmail.com jiangyaoguo
	unknown [1436, 1190]
	devel-doc [1, 1]
	documentation [273, 269]
Box sam@box.com Sam Ghods
	unknown [127, 70]
	devel-doc [2, 0]
	code [2, 2]
Red Hat hchen@redhat.com Huamin Chen
	unknown [2535, 121]
	devel-doc [153, 0]
	code [120, 0]
	build [13, 0]
	documentation [1, 0]
Google stclair@google.com Tim St. Clair
	unknown [10496, 7434]
	devel-doc [3, 3]
Red Hat fsimonce@redhat.com Federico Simoncelli
	unknown [105, 19]
	documentation [1, 0]
Self contact@tmrts.com Tamer Tas
	unknown [63, 41]
	devel-doc [8, 1]
	code [9, 9]
Huawei liguangbo@huawei.com liguangbo
	unknown [95, 38]
	code [9, 4]
Docker hesimei@zju.edu.cn He Simei
	unknown [361, 219]
	devel-doc [1, 0]
	code [246, 158]
	build [11, 43]
	documentation [4, 0]
hackmh mattjmcnaughton@gmail.com Matt McNaughton
	unknown [13, 13]
Google uluyol0@gmail.com Muhammed Uluyol
	unknown [2453, 575]
	devel-doc [44, 0]
	code [236, 85]
	build [181, 8]
Google mohr@google.com Alex Mohr
	unknown [21, 7]
Whitepages jfoy@whitepages.com Jack Foy
	unknown [61, 54]
Google krousey@google.com Kris
	unknown [2456, 2553]
	devel-doc [4, 2]
	code [14, 13]
Canonical matthew.bruzek@canonical.com Matt Bruzek
	unknown [29, 1]
	devel-doc [131, 81]
	code [281, 114]
	documentation [36, 58]
Apache jay@apache.org jay vyas
	unknown [213, 40]
	devel-doc [9, 5]
	code [8, 6]
Red Hat tstclair@redhat.com Timothy St. Clair
	unknown [317, 138]
	devel-doc [36, 0]
	documentation [1, 0]
Hyper.sh feiskyer@gmail.com feisky
	unknown [136, 99]
Google filipg@google.com Filip Grzadkowski
	unknown [271, 136]
SAP michael02.schmidt@sap.com Michael Schmidt
	unknown [10, 14]
Google jeffml@google.com Jeff Lowdermilk
	unknown [200, 59]
	devel-doc [1, 5]
	code [243, 213]
	build [0, 6]
	documentation [13, 3]
CoreOS yifan.gu@coreos.com Yifan Gu
	unknown [10888, 877]
	devel-doc [380, 21]
	code [4, 0]
	documentation [279, 274]
ListHub kelcecil@praisechaos.com Kel Cecil
	unknown [1, 1]
	devel-doc [7, 5]
	code [92, 61]
Huawei qiaolei2@huawei.com qiaolei
	code [10, 4]
	unknown [72, 59]
	devel-doc [2, 3]
	documentation [1, 1]
	image [1832, 388]
Ubisoft gosharplite@gmail.com Tony Hsu
	devel-doc [2, 2]
Mesosphere sur@mesosphere.io Sergiusz Urbaniak
	unknown [5, 2]
Google chiachenk@google.com Janet Kuo
	unknown [5388, 609]
	devel-doc [253, 73]
	code [15, 3]
	documentation [438, 128]
Engine Yard mbutcher@engineyard.com Matt Butcher
	code [2, 2]
Google qzheng@google.com Andy Zheng
	unknown [453, 37]
	code [185, 127]
Red Hat avagarwa@redhat.com Avesh Agarwal
	unknown [143, 160]
	devel-doc [1, 1]
	documentation [2, 4]
(Unknown) djosborne@users.noreply.github.com djosborne
Metaswitch alexander.hersh@metaswitch.com Alexander Hersh
	unknown [10, 10]
Huawei dinghaiyang@huawei.com dinghaiyang
	unknown [221, 137]
	devel-doc [64, 60]
Huawei wangzefeng@huawei.com Kevin
	unknown [26, 14]
	image [0, 0]
	code [1329, 104]
Google zml@google.com Zach Loafman
	unknown [63, 30]
	code [226, 126]
Google beeps@google.com Prashanth Balasubramanian
	unknown [2728, 1412]
	devel-doc [1046, 208]
	code [5, 3]
	build [159, 8]
Square sjung@squareup.com tummychow
	unknown [530, 485]
	documentation [1, 0]
Red Hat jhadvig@redhat.com jhadvig
	unknown [3, 3]
(Unknown) mikael.cluseau@gmail.com Mikaël Cluseau
	unknown [249, 11]
(Unknown) matt@bodgit-n-scarper.com Matt Dainty
	unknown [16, 5]
Red Hat mkargaki@redhat.com kargakis
	unknown [412, 140]
	code [11, 0]
	documentation [7, 0]
Red Hat smilner@redhat.com Steve Milner
	unknown [637, 140]
Huawei jijun2@huawei.com jijun2
	unknown [2, 2]
Samsung github@mikelnelson.net Mikel Nelson
	unknown [9, 2]
Google jackgr@google.com jackgr
	unknown [987, 334]
Metaswitch luke.mino-altherr@metaswitch.com Luke Mino-Altherr
	unknown [2, 1]
FathomDB justin@fathomdb.com Justin Santa Barbara
	unknown [882, 277]
	devel-doc [5, 1]
	code [77, 44]
Red Hat mfojtik@redhat.com Michal Fojtik
	unknown [25, 16]
Self runningwild@gmail.com Jonathan Wills
	unknown [30, 10]
	code [58, 56]
	documentation [1, 0]
Google amyu@google.com Amy Unruh
	unknown [28, 9]
	devel-doc [62, 24]
	code [23, 9]
	documentation [1, 1]
Jimmy Cuadra jimmy@jimmycuadra.com Jimmy Cuadra
	unknown [4, 7]
Google mattmoor@google.com Matt Moore
	unknown [1, 1]
Red Hat jchaloup@redhat.com Jan Chaloupka
	unknown [73, 4]
	devel-doc [33, 5]
	code [19, 5]
(Unknown) wbin00@gmail.com Bin Wang
	unknown [17, 0]
	devel-doc [9, 0]
Google goltermann@google.com goltermann
	unknown [25, 20]
	devel-doc [3, 4]
Self rwfowler@gmail.com Ryan Fowler
	unknown [15, 14]
Red Hat jsafrane@redhat.com Jan Safranek
	unknown [636, 95]
	devel-doc [14, 0]
	code [288, 5]
	build [46, 2]
	package [0, 0]
Red Hat clasohm@redhat.com Carsten Clasohm
	unknown [15, 15]
	devel-doc [25, 25]
Amazon daizuozhuo@gmail.com Dai Zuozhuo
	unknown [2649, 357]
	devel-doc [1, 1]
	code [44, 14]
	documentation [65, 52]
eBay uruddarraju@ebay.com Ruddarraju, Uday Kumar Raju
	unknown [436, 30]
	documentation [1, 0]
Google ihmccreery@google.com Isaac Hollander McCreery
	unknown [20, 12]
	build [4, 2]
Self pjpires@gmail.com Paulo Pires
	unknown [277, 1570]
	devel-doc [407, 343]
	code [0, 24]
	build [0, 14]
	documentation [4, 4]
Wikimedia Foundation yuvipanda@gmail.com Yuvi Panda
	devel-doc [8, 4]
Red Hat skuznets@redhat.com Steve Kuznetsov
	unknown [193, 7]
	devel-doc [75, 24]
	code [125, 17]
Red Hat dmace@redhat.com Dan Mace
	unknown [1779, 1077]
	code [0, 6]
(Unknown) parikh.yash21@gmail.com Yash Parikh
	build [11, 4]
Metaswitch casey.davenport@metaswitch.com Casey D
	unknown [195, 25]
	devel-doc [2, 1]
Jetstack simon@swine.de Christian Simon
	unknown [73, 7]
Red Hat jimmidyson@gmail.com Jimmi Dyson
	unknown [1200, 645]
	devel-doc [241, 0]
	build [85, 48]
Google vanya@google.com Vanya Tarasov
	unknown [44, 9]
Google rescarez@google.com RichieEscarez
	devel-doc [37, 10]
iconectiv gliebowitz@iconectiv.com Greg Liebowitz
	unknown [1, 1]
wellcometrust alex@alexwlchan.net Alex Chan
	unknown [3, 3]
	devel-doc [2, 2]
Heroku edwardam@interlix.com Edward Muller
	unknown [23, 23]
	devel-doc [0, 0]
Zendesk dasch@zendesk.com Daniel Schierbeck
	unknown [1, 1]
Red Hat gouyang@redhat.com Guohua Ouyang
	code [1, 1]
(Unknown) shaunrparker@gmail.com Shaun Parker
	unknown [1, 1]
	devel-doc [3, 3]
	code [1, 2]
	build [1, 1]
Google cjcullen@google.com CJ Cullen
	unknown [54, 507]
	devel-doc [9, 0]
	code [1, 5]
Google rimey@google.com Ken Rimey
	unknown [1, 1]
Juniper Networks roque@juniper.net Pedro Roque Marques
	unknown [206, 21]
	documentation [1, 0]
Red Hat sross@redhat.com Solly Ross
	unknown [74, 23]
Walt Disney fred@fredjean.net Fred Jean
	unknown [2, 5]
	code [16, 6]
(Unknown) mattnenterprise@yahoo.com Matt McCoy
	unknown [1, 1]
Univa brunner@univa.com Cameron Brunner
	code [1, 1]
Google maxforbes@google.com Max Forbes
	unknown [519, 386]
	code [57, 51]
Google pwittroc@google.com Phillip Wittrock
	unknown [725, 138]
ADEO xavier.baude@adeoservices.com xavierbaude
	unknown [1, 1]
Appear TV AS jg@appeartv.com Jørgen Grøndal
	unknown [3, 0]
CERN matmaul@gmail.com Mathieu Velten
	unknown [29, 17]
	documentation [1, 0]
Petback epc@epcostello.com Ed Costello
	unknown [89, 89]
	devel-doc [25, 25]
Anadea inc. anton@ilin.dn.ua Anton Ilin
	unknown [7, 0]
FACE IT christian@paral.in Christian Stewart
	unknown [26, 4]
NotFound samabed@gmail.com Sam Abed
	unknown [613, 77]
China Mobile International Limited caogaojin@cmss.chinamobile.com caogaojin
	unknown [37, 42]
(Unknown) mikael@try2.se Mikael Hammarin
	code [3, 3]
(Unknown) tamnd87@gmail.com tamnd
	unknown [105, 2]
CERN anastasis90@yahoo.gr Anastasis Andronidis
	unknown [2908, 1539]
	devel-doc [49, 1]
	code [227, 39]
	documentation [1, 0]
Red Hat arun.gupta@gmail.com arun-gupta
	unknown [67, 3]
	devel-doc [167, 0]
Slack ben.the.elder@gmail.com BenTheElder
	unknown [1298, 345]
	devel-doc [2, 1]
	documentation [2, 0]
Happy Dog Web Productions mbabker@flbab.com Michael Babker
	code [3, 0]
NAVER j.c@navercorp.com Jihoon Chung
	unknown [12, 15]
Google sandeepdinesh@google.com Sandeep Dinesh
	unknown [98, 0]
	devel-doc [315, 0]
Google satnam@google.com Satnam Singh
	unknown [312, 487]
	devel-doc [128, 135]
	code [0, 1]
	build [3, 3]
(Unknown) miciah.masters@gmail.com Miciah Masters
	unknown [3, 3]
Weaveworks errordeveloper@gmail.com Ilya Dmitrichenko
	unknown [222, 384]
	devel-doc [66, 55]
	code [51, 6]
NotFound github@lvlv.email Lv Lv
	unknown [49, 3]
Metaswitch daniel.osborne@metaswitch.com Dan Osborne
	unknown [642, 0]
	devel-doc [2, 0]
Okori Group seandon.mooy@gmail.com erulabs
	code [11, 4]
Alternative Storage nakayamakenjiro@gmail.com Kenjiro Nakayama
	unknown [13, 10]
	documentation [1, 1]
Eldarion, Inc. brian@brosner.com Brian Rosner
	code [1, 1]
Vungle felix.a.rod@gmail.com Felix Rodriguez
	unknown [14, 14]
Google vishh@users.noreply.github.com Vish Kannan
	unknown [13, 88]
volleylabs git.push.origin@gmail.com Patrick Flor
	unknown [1, 1]
	devel-doc [2, 2]
Opsview Ltd jgriffiths.1993@gmail.com Joshua Griffiths
	unknown [3, 2]
Red Hat bparees@redhat.com Ben Parees
	unknown [670, 42]
	devel-doc [246, 3]
Huawei xiejunan@huawei.com xiejunan
	unknown [10, 10]
(Unknown) vallard@benincosa.com Vallard Benincosa
	unknown [106, 13]
NHN byungjoon.lee@gmail.com Byungjoon Lee
	unknown [10, 4]
	code [64, 10]
Red Hat marun@redhat.com Maru Newby
	unknown [21, 4]
	code [26, 22]
Kismatic patrick@kismatic.io Patrick Reilly
	devel-doc [4, 2080]
	code [3, 152059]
	unknown [0, 9342]
	image [0, 447]
	documentation [0, 29415]
	ui [0, 214]
	build [0, 169]
CSE IIT KANPUR peeyushagarwal1994@gmail.com Peeyush Agarwal
	unknown [187, 187]
	documentation [83, 83]
Revinate bryan.stenson@gmail.com Bryan Stenson
	unknown [43, 33]
	devel-doc [1, 1]
Devops gambol99@gmail.com Rohith
	unknown [19, 14]
Apalia o.lemasle@gmail.com Olivier Lemasle
	code [2, 0]
Stack Exchange matt.jibson@gmail.com Matt Jibson
	unknown [3, 3]
	documentation [1, 1]
Xoom mark.petrovic@xoom.com Mark Petrovic
	unknown [1, 1]
Self peter.edge@gmail.com peter-edge
	unknown [7, 13]
Shopify philibert.dugas@gmail.com Philibert Dugas
	build [10, 0]
DrEd Online Doctor vlajos@gmail.com Veres Lajos
	unknown [132, 132]
	devel-doc [4, 4]
	code [17, 17]
	documentation [5, 5]
Luxiar jeanepaul@gmail.com jeanepaul
	code [6, 4]
CoreOS parkerderek86@gmail.com Derek Parker
	unknown [5, 0]
Eric Wright eric@discoposse.com Eric Wright
	unknown [1, 1]
Connectifier ben@connectifier.com Ben McCann
	image [49, 49]
Funky hokutosei hokutosei
	code [6, 1]
(Unknown) walter.david@gmail.com David Walter
	unknown [111, 111]
	devel-doc [10, 10]
ChinaNetCenter wulonghui6666@gmail.com wulonghui
	unknown [24, 6]
Red Hat stefw@redhat.com Stef Walter
	code [1, 1]
	unknown [172, 21]
	documentation [5, 1]
CoreOS alex.crawford@coreos.com Alex Crawford
	code [7, 10]
	build [6, 0]
Met Office Informatics Lab jacob.tomlinson@informaticslab.co.uk Jacob Tomlinson
	unknown [10, 10]
(Unknown) cmaser@gmx.de Christoph Maser
	unknown [1, 1]
Self saraf3@illinois.edu Manan Saraf
	unknown [16, 10]
GatsbyJS mathews.kyle@gmail.com Kyle Mathews
	devel-doc [5, 5]
(Unknown) ej.simeon@gmail.com eddiesimeon
	code [0, 1]
	build [9, 9]
(Unknown) avinash.sridharan@gmail.com Avinash Sridharan
	unknown [52, 25]
Self arsen@mamikonyan.am Arsen Mamikonyan
	code [7, 6]
Collanthropy, LLC iterion@gmail.com Adam Sunderland
	unknown [6, 1]
(Unknown) boris.de.vloed@gmail.com bdevloed
	unknown [1, 1]
ViaNett AS morten@vianett.no moander
	code [2, 2]
Uninett AS gurvindersinghdahiya@gmail.com Gurvinder Singh
	unknown [33, 1]
	devel-doc [60, 28]
	code [25, 2]
Google joe.github@bedafamily.com Joe Beda
	code [10, 4]
WillCall pat2man@gmail.com Patrick Tescher
	unknown [12, 3]
	documentation [13, 0]
(Unknown) m@qse.no Morten Andersen
	unknown [2, 2]
Puppet d@puppetlabs.com Daniel Dreier
	unknown [10, 2]
(Unknown) mperez@mediamath.com Miguel Perez
	unknown [1, 1]
Red Hat cewong@redhat.com Cesar Wong
	unknown [304, 13]
(Unknown) cvl@winged.kiwi Chi Vinh Le
	unknown [32, 0]
Google biskup@google.com Marek Biskup
	unknown [198, 18]
	devel-doc [3, 1]
Google kelsey.hightower@gmail.com Kelsey Hightower
	unknown [7, 5]
Walmart guz_egor@yahoo.com Egor Guz
	code [1, 0]
Docker jeffreyrobertbean@gmail.com Jeff Bean
	unknown [41, 24]
	devel-doc [25, 21]
Red Hat jayunit100@gmail.com jayunit100
	unknown [138, 41]
	devel-doc [40, 0]
	code [3, 0]
SORINT.lab simone.gotti@gmail.com Simone Gotti
	unknown [1, 1]
(Unknown) r.gajdulewicz@gmail.com Rafal Gajdulewicz
	devel-doc [1, 1]
Zhejiang University wizard_cxy@hotmail.com wizard
	unknown [8, 87]
	code [25, 33]
Canonical chuck@dasroot.net Charles Butler
	unknown [55, 54]
(Unknown) colmomonks@gmail.com colmm99
	unknown [6, 0]
Google salty@google.com Todd Derr
	unknown [0, 6]
Rochester Institute of Technology dgonyeo@csh.rit.edu Derek Gonyeo
	unknown [5, 5]
Zesty.io chris@oakleon.com Chris Hiestand
	code [20, 16]
(Unknown) zg@users.noreply.github.com Zack Gold
	devel-doc [1, 1]
(Unknown) ironstorm@gmail.com jumpkick
	unknown [1, 1]
Google krousey@users.noreply.github.com krousey
(Unknown) martin@way2clever.com Martin Gannholm
	unknown [19, 25]
(Unknown) mgannholm@users.noreply.github.com mgannholm
	devel-doc [3, 3]
Google pkern@google.com Philipp Kern
	unknown [13, 6]
(Unknown) raffo_uppuiu@yahoo.it Raffaele Di Fazio
	devel-doc [1, 1]
Funio jf.cron0@gmail.com Jean-Francois Chevrette
	unknown [3, 0]
	code [25, 8]
Oblong Industries vsimon@gmail.com Vicken Simonian
	unknown [2, 2]
Google deyuan@google.com Deyuan Deng
	unknown [3, 3]
nearForm chief@beefdisciple.com Christopher Najewicz
	unknown [28, 28]
Virginia Tech jr1285@vt.edu Jason Riddle
	unknown [2, 2]
	code [2, 2]
Net EASE 网易有态度 resouer@163.com resouer
	unknown [8, 1]
Self baf11@cornell.edu Brian Fallik
	unknown [1, 1]
Microsoft akshayaurora@yahoo.com Akshay Aurora
	unknown [1, 0]
Readify gabrielweyer@gmail.com Gabriel Weyer
	unknown [1, 1]
	code [1, 1]
athenahealth jdsutherland3@gmail.com Joel Sutherland
	unknown [1, 1]
Uber james@jameskyle.org James Kyle
	code [6, 1]
devel-doc 11884 10400
	Microsoft bburns@google.com Brendan Burns: [526, 1822]
	Google bgrant0607@users.noreply.github.com Brian Grant: [115, 2]
	Red Hat decarr@redhat.com derekwaynecarr: [915, 295]
	Google arob@google.com Alex Robinson: [126, 122]
	Red Hat stefan.schimanski@gmail.com Dr. Stefan Schimanski: [416, 2]
	Google mwielgus@google.com Marcin Wielgus: [6, 3]
	Amadeus salvatore-dario.minonne@amadeus.com Salvatore Dario Minonne: [105, 0]
	Google pszczesniak@google.com Piotr Szczesniak: [1, 242]
	Google mikedanese@gmail.com Mike Danese: [183, 1964]
	Google xuchao@google.com Chao Xu: [485, 33]
	Huawei zhenggouyong.zheng@huawei.com eulerzgy: [3, 3]
	Google etune@google.com Eric Tune: [215, 118]
	Google thockin@google.com Tim Hockin: [2365, 1264]
	Google davidopp@google.com David Oppenheimer: [166, 125]
	Google vishnuk@google.com Vishnu kannan: [7, 2]
	Google nikhiljindal@google.com nikhiljindal: [7, 3]
	Google dbsmith@google.com Daniel Smith: [1000, 189]
	Google jsz@google.com Jerzy Szczepkowski: [10, 2]
	Google wojtekt@google.com Wojciech Tyczynski: [241, 241]
	Google gmarek@google.com gmarek: [22, 312]
	Red Hat eparis@redhat.com Eric Paris: [252, 288]
	Mesosphere karl@mesosphere.io Karl Isenberg: [142, 41]
	CoreOS jonathan.boulle@coreos.com Jonathan Boulle: [1, 1]
	Google socaa@google.com Ewa Socala: [91, 0]
	Docker harryzhang@zju.edu.cn Harry Zhang: [3, 1]
	Huawei linzichang@huawei.com Zichang Lin: [1, 1]
	Google dawnchen@google.com Dawn Chen: [2, 2]
	eBay spothanis@ebay.com Sreekanth Pothanis: [168, 0]
	Red Hat agoldste@redhat.com Andy Goldstein: [4, 0]
	Google robertbailey@google.com Robert Bailey: [52, 17]
	Red Hat ccoleman@redhat.com Clayton Coleman: [3, 2]
	Huawei alfred.huangjian@huawei.com Jian Huang: [1, 1]
	Elastic court@epixa.com Court Ewing: [5, 5]
	Google quinton@google.com Quinton Hoole: [1, 1]
	Huawei jiangyaoguo@gmail.com jiangyaoguo: [1, 1]
	Box sam@box.com Sam Ghods: [2, 0]
	Red Hat hchen@redhat.com Huamin Chen: [153, 0]
	Google stclair@google.com Tim St. Clair: [3, 3]
	Self contact@tmrts.com Tamer Tas: [8, 1]
	Docker hesimei@zju.edu.cn He Simei: [1, 0]
	Google uluyol0@gmail.com Muhammed Uluyol: [44, 0]
	Google krousey@google.com Kris: [4, 2]
	Canonical matthew.bruzek@canonical.com Matt Bruzek: [131, 81]
	Apache jay@apache.org jay vyas: [9, 5]
	Red Hat tstclair@redhat.com Timothy St. Clair: [36, 0]
	Google jeffml@google.com Jeff Lowdermilk: [1, 5]
	CoreOS yifan.gu@coreos.com Yifan Gu: [380, 21]
	ListHub kelcecil@praisechaos.com Kel Cecil: [7, 5]
	Huawei qiaolei2@huawei.com qiaolei: [2, 3]
	Ubisoft gosharplite@gmail.com Tony Hsu: [2, 2]
	Google chiachenk@google.com Janet Kuo: [253, 73]
	Red Hat avagarwa@redhat.com Avesh Agarwal: [1, 1]
	Huawei dinghaiyang@huawei.com dinghaiyang: [64, 60]
	Google beeps@google.com Prashanth Balasubramanian: [1046, 208]
	FathomDB justin@fathomdb.com Justin Santa Barbara: [5, 1]
	Google amyu@google.com Amy Unruh: [62, 24]
	Red Hat jchaloup@redhat.com Jan Chaloupka: [33, 5]
	(Unknown) wbin00@gmail.com Bin Wang: [9, 0]
	Google goltermann@google.com goltermann: [3, 4]
	Red Hat jsafrane@redhat.com Jan Safranek: [14, 0]
	Red Hat clasohm@redhat.com Carsten Clasohm: [25, 25]
	Amazon daizuozhuo@gmail.com Dai Zuozhuo: [1, 1]
	Self pjpires@gmail.com Paulo Pires: [407, 343]
	Wikimedia Foundation yuvipanda@gmail.com Yuvi Panda: [8, 4]
	Red Hat skuznets@redhat.com Steve Kuznetsov: [75, 24]
	Metaswitch casey.davenport@metaswitch.com Casey D: [2, 1]
	Red Hat jimmidyson@gmail.com Jimmi Dyson: [241, 0]
	Google rescarez@google.com RichieEscarez: [37, 10]
	wellcometrust alex@alexwlchan.net Alex Chan: [2, 2]
	Heroku edwardam@interlix.com Edward Muller: [0, 0]
	(Unknown) shaunrparker@gmail.com Shaun Parker: [3, 3]
	Google cjcullen@google.com CJ Cullen: [9, 0]
	Petback epc@epcostello.com Ed Costello: [25, 25]
	CERN anastasis90@yahoo.gr Anastasis Andronidis: [49, 1]
	Red Hat arun.gupta@gmail.com arun-gupta: [167, 0]
	Slack ben.the.elder@gmail.com BenTheElder: [2, 1]
	Google sandeepdinesh@google.com Sandeep Dinesh: [315, 0]
	Google satnam@google.com Satnam Singh: [128, 135]
	Weaveworks errordeveloper@gmail.com Ilya Dmitrichenko: [66, 55]
	Metaswitch daniel.osborne@metaswitch.com Dan Osborne: [2, 0]
	volleylabs git.push.origin@gmail.com Patrick Flor: [2, 2]
	Red Hat bparees@redhat.com Ben Parees: [246, 3]
	Kismatic patrick@kismatic.io Patrick Reilly: [4, 2080]
	Revinate bryan.stenson@gmail.com Bryan Stenson: [1, 1]
	DrEd Online Doctor vlajos@gmail.com Veres Lajos: [4, 4]
	(Unknown) walter.david@gmail.com David Walter: [10, 10]
	GatsbyJS mathews.kyle@gmail.com Kyle Mathews: [5, 5]
	Uninett AS gurvindersinghdahiya@gmail.com Gurvinder Singh: [60, 28]
	Google biskup@google.com Marek Biskup: [3, 1]
	Docker jeffreyrobertbean@gmail.com Jeff Bean: [25, 21]
	Red Hat jayunit100@gmail.com jayunit100: [40, 0]
	(Unknown) r.gajdulewicz@gmail.com Rafal Gajdulewicz: [1, 1]
	(Unknown) zg@users.noreply.github.com Zack Gold: [1, 1]
	(Unknown) mgannholm@users.noreply.github.com mgannholm: [3, 3]
	(Unknown) raffo_uppuiu@yahoo.it Raffaele Di Fazio: [1, 1]
code 43391 190560
	Microsoft bburns@google.com Brendan Burns: [203, 19]
	Red Hat decarr@redhat.com derekwaynecarr: [251, 129]
	Red Hat pmorie@redhat.com Paul Morie: [9, 3]
	Red Hat stefan.schimanski@gmail.com Dr. Stefan Schimanski: [37, 32]
	Google mwielgus@google.com Marcin Wielgus: [1, 1]
	Google pszczesniak@google.com Piotr Szczesniak: [77, 23]
	Google mikedanese@gmail.com Mike Danese: [426, 1514]
	Google xuchao@google.com Chao Xu: [219, 68]
	Huawei zhenggouyong.zheng@huawei.com eulerzgy: [34, 34]
	Google etune@google.com Eric Tune: [76, 44]
	Google thockin@google.com Tim Hockin: [181, 99]
	Google nikhiljindal@google.com nikhiljindal: [33063, 32999]
	Google dbsmith@google.com Daniel Smith: [158, 65]
	Google jsz@google.com Jerzy Szczepkowski: [121, 13]
	Google wojtekt@google.com Wojciech Tyczynski: [62, 538]
	Google gmarek@google.com gmarek: [253, 31]
	Huawei jiangfeihu@huawei.com feihujiang: [76, 2]
	Google yjhong@google.com Yu-Ju Hong: [11, 12]
	Google saadali@google.com saadali: [0, 1]
	Red Hat eparis@redhat.com Eric Paris: [1321, 657]
	Mesosphere karl@mesosphere.io Karl Isenberg: [1418, 270]
	Red Hat jliggitt@redhat.com Jordan Liggitt: [7, 0]
	Red Hat maszulik@redhat.com Maciej Szulik: [27, 18]
	Amadeus lhuard@amadeus.com Lénaïc Huard: [15, 65]
	Huawei huruifeng@huawei.com hurf: [18, 31]
	Docker harryzhang@zju.edu.cn Harry Zhang: [480, 131]
	Huawei linzichang@huawei.com Zichang Lin: [37, 2]
	Google dawnchen@google.com Dawn Chen: [50, 28]
	Google abshah@google.com Abhishek Shah: [0, 1]
	Google robertbailey@google.com Robert Bailey: [48, 32]
	Huawei huangyuqi@huawei.com yuqi huang: [85, 3]
	Google jgrafton@google.com Jeff Grafton: [198, 65]
	Red Hat ccoleman@redhat.com Clayton Coleman: [29, 42]
	Red Hat pweil@redhat.com Paul Weil: [9, 9]
	Tyk mvdan@mvdan.cc Daniel Martí: [10, 10]
	Huawei alfred.huangjian@huawei.com Jian Huang: [4, 2]
	Google quinton@google.com Quinton Hoole: [64, 33]
	Box sam@box.com Sam Ghods: [2, 2]
	Red Hat hchen@redhat.com Huamin Chen: [120, 0]
	Self contact@tmrts.com Tamer Tas: [9, 9]
	Huawei liguangbo@huawei.com liguangbo: [9, 4]
	Docker hesimei@zju.edu.cn He Simei: [246, 158]
	Google uluyol0@gmail.com Muhammed Uluyol: [236, 85]
	Google krousey@google.com Kris: [14, 13]
	Canonical matthew.bruzek@canonical.com Matt Bruzek: [281, 114]
	Apache jay@apache.org jay vyas: [8, 6]
	Google jeffml@google.com Jeff Lowdermilk: [243, 213]
	CoreOS yifan.gu@coreos.com Yifan Gu: [4, 0]
	ListHub kelcecil@praisechaos.com Kel Cecil: [92, 61]
	Huawei qiaolei2@huawei.com qiaolei: [10, 4]
	Google chiachenk@google.com Janet Kuo: [15, 3]
	Engine Yard mbutcher@engineyard.com Matt Butcher: [2, 2]
	Google qzheng@google.com Andy Zheng: [185, 127]
	Huawei wangzefeng@huawei.com Kevin: [1329, 104]
	Google zml@google.com Zach Loafman: [226, 126]
	Google beeps@google.com Prashanth Balasubramanian: [5, 3]
	Red Hat mkargaki@redhat.com kargakis: [11, 0]
	FathomDB justin@fathomdb.com Justin Santa Barbara: [77, 44]
	Self runningwild@gmail.com Jonathan Wills: [58, 56]
	Google amyu@google.com Amy Unruh: [23, 9]
	Red Hat jchaloup@redhat.com Jan Chaloupka: [19, 5]
	Red Hat jsafrane@redhat.com Jan Safranek: [288, 5]
	Amazon daizuozhuo@gmail.com Dai Zuozhuo: [44, 14]
	Self pjpires@gmail.com Paulo Pires: [0, 24]
	Red Hat skuznets@redhat.com Steve Kuznetsov: [125, 17]
	Red Hat dmace@redhat.com Dan Mace: [0, 6]
	Red Hat gouyang@redhat.com Guohua Ouyang: [1, 1]
	(Unknown) shaunrparker@gmail.com Shaun Parker: [1, 2]
	Google cjcullen@google.com CJ Cullen: [1, 5]
	Walt Disney fred@fredjean.net Fred Jean: [16, 6]
	Univa brunner@univa.com Cameron Brunner: [1, 1]
	Google maxforbes@google.com Max Forbes: [57, 51]
	(Unknown) mikael@try2.se Mikael Hammarin: [3, 3]
	CERN anastasis90@yahoo.gr Anastasis Andronidis: [227, 39]
	Happy Dog Web Productions mbabker@flbab.com Michael Babker: [3, 0]
	Google satnam@google.com Satnam Singh: [0, 1]
	Weaveworks errordeveloper@gmail.com Ilya Dmitrichenko: [51, 6]
	Okori Group seandon.mooy@gmail.com erulabs: [11, 4]
	Eldarion, Inc. brian@brosner.com Brian Rosner: [1, 1]
	NHN byungjoon.lee@gmail.com Byungjoon Lee: [64, 10]
	Red Hat marun@redhat.com Maru Newby: [26, 22]
	Kismatic patrick@kismatic.io Patrick Reilly: [3, 152059]
	Apalia o.lemasle@gmail.com Olivier Lemasle: [2, 0]
	DrEd Online Doctor vlajos@gmail.com Veres Lajos: [17, 17]
	Luxiar jeanepaul@gmail.com jeanepaul: [6, 4]
	Funky hokutosei hokutosei: [6, 1]
	Red Hat stefw@redhat.com Stef Walter: [1, 1]
	CoreOS alex.crawford@coreos.com Alex Crawford: [7, 10]
	(Unknown) ej.simeon@gmail.com eddiesimeon: [0, 1]
	Self arsen@mamikonyan.am Arsen Mamikonyan: [7, 6]
	ViaNett AS morten@vianett.no moander: [2, 2]
	Uninett AS gurvindersinghdahiya@gmail.com Gurvinder Singh: [25, 2]
	Google joe.github@bedafamily.com Joe Beda: [10, 4]
	Walmart guz_egor@yahoo.com Egor Guz: [1, 0]
	Red Hat jayunit100@gmail.com jayunit100: [3, 0]
	Zhejiang University wizard_cxy@hotmail.com wizard: [25, 33]
	Zesty.io chris@oakleon.com Chris Hiestand: [20, 16]
	Funio jf.cron0@gmail.com Jean-Francois Chevrette: [25, 8]
	Virginia Tech jr1285@vt.edu Jason Riddle: [2, 2]
	Readify gabrielweyer@gmail.com Gabriel Weyer: [1, 1]
	Uber james@jameskyle.org James Kyle: [6, 1]
package 0 0
	Google mikedanese@gmail.com Mike Danese: [0, 0]
	Red Hat jsafrane@redhat.com Jan Safranek: [0, 0]
unknown 372574 273966
	Microsoft bburns@google.com Brendan Burns: [15492, 8201]
	Google bgrant0607@users.noreply.github.com Brian Grant: [904, 1659]
	Red Hat decarr@redhat.com derekwaynecarr: [11414, 1457]
	Red Hat pmorie@redhat.com Paul Morie: [1556, 374]
	Google arob@google.com Alex Robinson: [1051, 802]
	Red Hat stefan.schimanski@gmail.com Dr. Stefan Schimanski: [6253, 1388]
	Google mwielgus@google.com Marcin Wielgus: [2474, 389]
	Amadeus salvatore-dario.minonne@amadeus.com Salvatore Dario Minonne: [2127, 95]
	Google pszczesniak@google.com Piotr Szczesniak: [5487, 2006]
	Google mikedanese@gmail.com Mike Danese: [9080, 39427]
	Google xuchao@google.com Chao Xu: [4449, 3210]
	Huawei zhenggouyong.zheng@huawei.com eulerzgy: [31, 35]
	Google etune@google.com Eric Tune: [1790, 514]
	Google thockin@google.com Tim Hockin: [15227, 29976]
	Google davidopp@google.com David Oppenheimer: [695, 547]
	Google vishnuk@google.com Vishnu kannan: [299, 155]
	Mesosphere james@mesosphere.io James DeFelice: [52823, 32573]
	Google nikhiljindal@google.com nikhiljindal: [63741, 58734]
	Google dbsmith@google.com Daniel Smith: [3003, 1319]
	Red Hat deads@redhat.com deads2k: [2228, 1029]
	(Unknown) chris@krypton.io Christopher Eck: [7, 2]
	Google jsz@google.com Jerzy Szczepkowski: [3715, 1360]
	Google wojtekt@google.com Wojciech Tyczynski: [9578, 12281]
	Google gmarek@google.com gmarek: [6124, 5563]
	Red Hat mturansk@redhat.com markturansky: [2549, 913]
	Huawei jiangfeihu@huawei.com feihujiang: [1219, 1550]
	Google yjhong@google.com Yu-Ju Hong: [3322, 2774]
	CoreOS rob.szumski@coreos.com Rob Szumski: [70, 14]
	Google saadali@google.com saadali: [608, 251]
	Red Hat eparis@redhat.com Eric Paris: [47946, 21743]
	Mesosphere karl@mesosphere.io Karl Isenberg: [1039, 137]
	Red Hat rchopra@redhat.com Rajat Chopra: [1195, 13]
	Red Hat swagiaal@redhat.com Sami Wagiaalla: [247, 273]
	Google socaa@google.com Ewa Socala: [2022, 315]
	Red Hat jliggitt@redhat.com Jordan Liggitt: [932, 175]
	Red Hat maszulik@redhat.com Maciej Szulik: [3764, 187]
	Amadeus lhuard@amadeus.com Lénaïc Huard: [46, 45]
	Huawei huruifeng@huawei.com hurf: [679, 406]
	Docker harryzhang@zju.edu.cn Harry Zhang: [137, 60]
	Huawei linzichang@huawei.com Zichang Lin: [8, 2]
	Google dawnchen@google.com Dawn Chen: [75, 21]
	eBay spothanis@ebay.com Sreekanth Pothanis: [4742, 231]
	Google abshah@google.com Abhishek Shah: [1448, 183]
	Red Hat agoldste@redhat.com Andy Goldstein: [948, 540]
	Google robertbailey@google.com Robert Bailey: [467, 1514]
	Huawei huangyuqi@huawei.com yuqi huang: [54, 8]
	Self skywalker94@gmail.com Ananya Kumar: [5755, 563]
	Red Hat danw@redhat.com Dan Winship: [1021, 83]
	Google jgrafton@google.com Jeff Grafton: [31, 4]
	Red Hat ccoleman@redhat.com Clayton Coleman: [6011, 1825]
	Epic Games trevor.pounds@gmail.com Trevor Pounds: [81, 88]
	Red Hat sdodson@redhat.com Scott Dodson: [1, 1]
	Red Hat pweil@redhat.com Paul Weil: [895, 170]
	Tyk mvdan@mvdan.cc Daniel Martí: [1119, 631]
	Huawei alfred.huangjian@huawei.com Jian Huang: [724, 13]
	Google quinton@google.com Quinton Hoole: [291, 82]
	Huawei jiangyaoguo@gmail.com jiangyaoguo: [1436, 1190]
	Box sam@box.com Sam Ghods: [127, 70]
	Red Hat hchen@redhat.com Huamin Chen: [2535, 121]
	Google stclair@google.com Tim St. Clair: [10496, 7434]
	Red Hat fsimonce@redhat.com Federico Simoncelli: [105, 19]
	Self contact@tmrts.com Tamer Tas: [63, 41]
	Huawei liguangbo@huawei.com liguangbo: [95, 38]
	Docker hesimei@zju.edu.cn He Simei: [361, 219]
	hackmh mattjmcnaughton@gmail.com Matt McNaughton: [13, 13]
	Google uluyol0@gmail.com Muhammed Uluyol: [2453, 575]
	Google mohr@google.com Alex Mohr: [21, 7]
	Whitepages jfoy@whitepages.com Jack Foy: [61, 54]
	Google krousey@google.com Kris: [2456, 2553]
	Canonical matthew.bruzek@canonical.com Matt Bruzek: [29, 1]
	Apache jay@apache.org jay vyas: [213, 40]
	Red Hat tstclair@redhat.com Timothy St. Clair: [317, 138]
	Hyper.sh feiskyer@gmail.com feisky: [136, 99]
	Google filipg@google.com Filip Grzadkowski: [271, 136]
	SAP michael02.schmidt@sap.com Michael Schmidt: [10, 14]
	Google jeffml@google.com Jeff Lowdermilk: [200, 59]
	CoreOS yifan.gu@coreos.com Yifan Gu: [10888, 877]
	ListHub kelcecil@praisechaos.com Kel Cecil: [1, 1]
	Huawei qiaolei2@huawei.com qiaolei: [72, 59]
	Mesosphere sur@mesosphere.io Sergiusz Urbaniak: [5, 2]
	Google chiachenk@google.com Janet Kuo: [5388, 609]
	Google qzheng@google.com Andy Zheng: [453, 37]
	Red Hat avagarwa@redhat.com Avesh Agarwal: [143, 160]
	Metaswitch alexander.hersh@metaswitch.com Alexander Hersh: [10, 10]
	Huawei dinghaiyang@huawei.com dinghaiyang: [221, 137]
	Huawei wangzefeng@huawei.com Kevin: [26, 14]
	Google zml@google.com Zach Loafman: [63, 30]
	Google beeps@google.com Prashanth Balasubramanian: [2728, 1412]
	Square sjung@squareup.com tummychow: [530, 485]
	Red Hat jhadvig@redhat.com jhadvig: [3, 3]
	(Unknown) mikael.cluseau@gmail.com Mikaël Cluseau: [249, 11]
	(Unknown) matt@bodgit-n-scarper.com Matt Dainty: [16, 5]
	Red Hat mkargaki@redhat.com kargakis: [412, 140]
	Red Hat smilner@redhat.com Steve Milner: [637, 140]
	Huawei jijun2@huawei.com jijun2: [2, 2]
	Samsung github@mikelnelson.net Mikel Nelson: [9, 2]
	Google jackgr@google.com jackgr: [987, 334]
	Metaswitch luke.mino-altherr@metaswitch.com Luke Mino-Altherr: [2, 1]
	FathomDB justin@fathomdb.com Justin Santa Barbara: [882, 277]
	Red Hat mfojtik@redhat.com Michal Fojtik: [25, 16]
	Self runningwild@gmail.com Jonathan Wills: [30, 10]
	Google amyu@google.com Amy Unruh: [28, 9]
	Jimmy Cuadra jimmy@jimmycuadra.com Jimmy Cuadra: [4, 7]
	Google mattmoor@google.com Matt Moore: [1, 1]
	Red Hat jchaloup@redhat.com Jan Chaloupka: [73, 4]
	(Unknown) wbin00@gmail.com Bin Wang: [17, 0]
	Google goltermann@google.com goltermann: [25, 20]
	Self rwfowler@gmail.com Ryan Fowler: [15, 14]
	Red Hat jsafrane@redhat.com Jan Safranek: [636, 95]
	Red Hat clasohm@redhat.com Carsten Clasohm: [15, 15]
	Amazon daizuozhuo@gmail.com Dai Zuozhuo: [2649, 357]
	eBay uruddarraju@ebay.com Ruddarraju, Uday Kumar Raju: [436, 30]
	Google ihmccreery@google.com Isaac Hollander McCreery: [20, 12]
	Self pjpires@gmail.com Paulo Pires: [277, 1570]
	Red Hat skuznets@redhat.com Steve Kuznetsov: [193, 7]
	Red Hat dmace@redhat.com Dan Mace: [1779, 1077]
	Metaswitch casey.davenport@metaswitch.com Casey D: [195, 25]
	Jetstack simon@swine.de Christian Simon: [73, 7]
	Red Hat jimmidyson@gmail.com Jimmi Dyson: [1200, 645]
	Google vanya@google.com Vanya Tarasov: [44, 9]
	iconectiv gliebowitz@iconectiv.com Greg Liebowitz: [1, 1]
	wellcometrust alex@alexwlchan.net Alex Chan: [3, 3]
	Heroku edwardam@interlix.com Edward Muller: [23, 23]
	Zendesk dasch@zendesk.com Daniel Schierbeck: [1, 1]
	(Unknown) shaunrparker@gmail.com Shaun Parker: [1, 1]
	Google cjcullen@google.com CJ Cullen: [54, 507]
	Google rimey@google.com Ken Rimey: [1, 1]
	Juniper Networks roque@juniper.net Pedro Roque Marques: [206, 21]
	Red Hat sross@redhat.com Solly Ross: [74, 23]
	Walt Disney fred@fredjean.net Fred Jean: [2, 5]
	(Unknown) mattnenterprise@yahoo.com Matt McCoy: [1, 1]
	Google maxforbes@google.com Max Forbes: [519, 386]
	Google pwittroc@google.com Phillip Wittrock: [725, 138]
	ADEO xavier.baude@adeoservices.com xavierbaude: [1, 1]
	Appear TV AS jg@appeartv.com Jørgen Grøndal: [3, 0]
	CERN matmaul@gmail.com Mathieu Velten: [29, 17]
	Petback epc@epcostello.com Ed Costello: [89, 89]
	Anadea inc. anton@ilin.dn.ua Anton Ilin: [7, 0]
	FACE IT christian@paral.in Christian Stewart: [26, 4]
	NotFound samabed@gmail.com Sam Abed: [613, 77]
	China Mobile International Limited caogaojin@cmss.chinamobile.com caogaojin: [37, 42]
	(Unknown) tamnd87@gmail.com tamnd: [105, 2]
	CERN anastasis90@yahoo.gr Anastasis Andronidis: [2908, 1539]
	Red Hat arun.gupta@gmail.com arun-gupta: [67, 3]
	Slack ben.the.elder@gmail.com BenTheElder: [1298, 345]
	NAVER j.c@navercorp.com Jihoon Chung: [12, 15]
	Google sandeepdinesh@google.com Sandeep Dinesh: [98, 0]
	Google satnam@google.com Satnam Singh: [312, 487]
	(Unknown) miciah.masters@gmail.com Miciah Masters: [3, 3]
	Weaveworks errordeveloper@gmail.com Ilya Dmitrichenko: [222, 384]
	NotFound github@lvlv.email Lv Lv: [49, 3]
	Metaswitch daniel.osborne@metaswitch.com Dan Osborne: [642, 0]
	Alternative Storage nakayamakenjiro@gmail.com Kenjiro Nakayama: [13, 10]
	Vungle felix.a.rod@gmail.com Felix Rodriguez: [14, 14]
	Google vishh@users.noreply.github.com Vish Kannan: [13, 88]
	volleylabs git.push.origin@gmail.com Patrick Flor: [1, 1]
	Opsview Ltd jgriffiths.1993@gmail.com Joshua Griffiths: [3, 2]
	Red Hat bparees@redhat.com Ben Parees: [670, 42]
	Huawei xiejunan@huawei.com xiejunan: [10, 10]
	(Unknown) vallard@benincosa.com Vallard Benincosa: [106, 13]
	NHN byungjoon.lee@gmail.com Byungjoon Lee: [10, 4]
	Red Hat marun@redhat.com Maru Newby: [21, 4]
	Kismatic patrick@kismatic.io Patrick Reilly: [0, 9342]
	CSE IIT KANPUR peeyushagarwal1994@gmail.com Peeyush Agarwal: [187, 187]
	Revinate bryan.stenson@gmail.com Bryan Stenson: [43, 33]
	Devops gambol99@gmail.com Rohith: [19, 14]
	Stack Exchange matt.jibson@gmail.com Matt Jibson: [3, 3]
	Xoom mark.petrovic@xoom.com Mark Petrovic: [1, 1]
	Self peter.edge@gmail.com peter-edge: [7, 13]
	DrEd Online Doctor vlajos@gmail.com Veres Lajos: [132, 132]
	CoreOS parkerderek86@gmail.com Derek Parker: [5, 0]
	Eric Wright eric@discoposse.com Eric Wright: [1, 1]
	(Unknown) walter.david@gmail.com David Walter: [111, 111]
	ChinaNetCenter wulonghui6666@gmail.com wulonghui: [24, 6]
	Red Hat stefw@redhat.com Stef Walter: [172, 21]
	Met Office Informatics Lab jacob.tomlinson@informaticslab.co.uk Jacob Tomlinson: [10, 10]
	(Unknown) cmaser@gmx.de Christoph Maser: [1, 1]
	Self saraf3@illinois.edu Manan Saraf: [16, 10]
	(Unknown) avinash.sridharan@gmail.com Avinash Sridharan: [52, 25]
	Collanthropy, LLC iterion@gmail.com Adam Sunderland: [6, 1]
	(Unknown) boris.de.vloed@gmail.com bdevloed: [1, 1]
	Uninett AS gurvindersinghdahiya@gmail.com Gurvinder Singh: [33, 1]
	WillCall pat2man@gmail.com Patrick Tescher: [12, 3]
	(Unknown) m@qse.no Morten Andersen: [2, 2]
	Puppet d@puppetlabs.com Daniel Dreier: [10, 2]
	(Unknown) mperez@mediamath.com Miguel Perez: [1, 1]
	Red Hat cewong@redhat.com Cesar Wong: [304, 13]
	(Unknown) cvl@winged.kiwi Chi Vinh Le: [32, 0]
	Google biskup@google.com Marek Biskup: [198, 18]
	Google kelsey.hightower@gmail.com Kelsey Hightower: [7, 5]
	Docker jeffreyrobertbean@gmail.com Jeff Bean: [41, 24]
	Red Hat jayunit100@gmail.com jayunit100: [138, 41]
	SORINT.lab simone.gotti@gmail.com Simone Gotti: [1, 1]
	Zhejiang University wizard_cxy@hotmail.com wizard: [8, 87]
	Canonical chuck@dasroot.net Charles Butler: [55, 54]
	(Unknown) colmomonks@gmail.com colmm99: [6, 0]
	Google salty@google.com Todd Derr: [0, 6]
	Rochester Institute of Technology dgonyeo@csh.rit.edu Derek Gonyeo: [5, 5]
	(Unknown) ironstorm@gmail.com jumpkick: [1, 1]
	(Unknown) martin@way2clever.com Martin Gannholm: [19, 25]
	Google pkern@google.com Philipp Kern: [13, 6]
	Funio jf.cron0@gmail.com Jean-Francois Chevrette: [3, 0]
	Oblong Industries vsimon@gmail.com Vicken Simonian: [2, 2]
	Google deyuan@google.com Deyuan Deng: [3, 3]
	nearForm chief@beefdisciple.com Christopher Najewicz: [28, 28]
	Virginia Tech jr1285@vt.edu Jason Riddle: [2, 2]
	Net EASE 网易有态度 resouer@163.com resouer: [8, 1]
	Self baf11@cornell.edu Brian Fallik: [1, 1]
	Microsoft akshayaurora@yahoo.com Akshay Aurora: [1, 0]
	Readify gabrielweyer@gmail.com Gabriel Weyer: [1, 1]
	athenahealth jdsutherland3@gmail.com Joel Sutherland: [1, 1]
image 1883 884
	Red Hat stefan.schimanski@gmail.com Dr. Stefan Schimanski: [2, 0]
	Google mikedanese@gmail.com Mike Danese: [0, 0]
	Google thockin@google.com Tim Hockin: [0, 0]
	Google davidopp@google.com David Oppenheimer: [0, 0]
	Google nikhiljindal@google.com nikhiljindal: [0, 0]
	Google dbsmith@google.com Daniel Smith: [0, 0]
	Google gmarek@google.com gmarek: [0, 0]
	Huawei qiaolei2@huawei.com qiaolei: [1832, 388]
	Huawei wangzefeng@huawei.com Kevin: [0, 0]
	Kismatic patrick@kismatic.io Patrick Reilly: [0, 447]
	Connectifier ben@connectifier.com Ben McCann: [49, 49]
documentation 34310 32929
	Microsoft bburns@google.com Brendan Burns: [293, 16]
	Red Hat decarr@redhat.com derekwaynecarr: [9, 0]
	Red Hat stefan.schimanski@gmail.com Dr. Stefan Schimanski: [3, 1]
	Google pszczesniak@google.com Piotr Szczesniak: [5, 0]
	Google mikedanese@gmail.com Mike Danese: [88, 120]
	Google xuchao@google.com Chao Xu: [29764, 0]
	Google thockin@google.com Tim Hockin: [6, 7]
	Mesosphere james@mesosphere.io James DeFelice: [6, 3]
	Google nikhiljindal@google.com nikhiljindal: [1646, 1541]
	Google jsz@google.com Jerzy Szczepkowski: [4, 4]
	Google gmarek@google.com gmarek: [1, 0]
	Red Hat mturansk@redhat.com markturansky: [6, 0]
	Huawei jiangfeihu@huawei.com feihujiang: [97, 30]
	Red Hat eparis@redhat.com Eric Paris: [1034, 829]
	Mesosphere karl@mesosphere.io Karl Isenberg: [4, 4]
	Red Hat jliggitt@redhat.com Jordan Liggitt: [1, 1]
	Red Hat maszulik@redhat.com Maciej Szulik: [3, 1]
	Amadeus lhuard@amadeus.com Lénaïc Huard: [0, 5]
	Huawei huruifeng@huawei.com hurf: [45, 54]
	Huawei linzichang@huawei.com Zichang Lin: [1, 1]
	Google dawnchen@google.com Dawn Chen: [1, 0]
	Google abshah@google.com Abhishek Shah: [11, 5]
	Google robertbailey@google.com Robert Bailey: [0, 1]
	Red Hat ccoleman@redhat.com Clayton Coleman: [39, 6]
	Red Hat pweil@redhat.com Paul Weil: [1, 0]
	Huawei jiangyaoguo@gmail.com jiangyaoguo: [273, 269]
	Red Hat hchen@redhat.com Huamin Chen: [1, 0]
	Red Hat fsimonce@redhat.com Federico Simoncelli: [1, 0]
	Docker hesimei@zju.edu.cn He Simei: [4, 0]
	Canonical matthew.bruzek@canonical.com Matt Bruzek: [36, 58]
	Red Hat tstclair@redhat.com Timothy St. Clair: [1, 0]
	Google jeffml@google.com Jeff Lowdermilk: [13, 3]
	CoreOS yifan.gu@coreos.com Yifan Gu: [279, 274]
	Huawei qiaolei2@huawei.com qiaolei: [1, 1]
	Google chiachenk@google.com Janet Kuo: [438, 128]
	Red Hat avagarwa@redhat.com Avesh Agarwal: [2, 4]
	Square sjung@squareup.com tummychow: [1, 0]
	Red Hat mkargaki@redhat.com kargakis: [7, 0]
	Self runningwild@gmail.com Jonathan Wills: [1, 0]
	Google amyu@google.com Amy Unruh: [1, 1]
	Amazon daizuozhuo@gmail.com Dai Zuozhuo: [65, 52]
	eBay uruddarraju@ebay.com Ruddarraju, Uday Kumar Raju: [1, 0]
	Self pjpires@gmail.com Paulo Pires: [4, 4]
	Juniper Networks roque@juniper.net Pedro Roque Marques: [1, 0]
	CERN matmaul@gmail.com Mathieu Velten: [1, 0]
	CERN anastasis90@yahoo.gr Anastasis Andronidis: [1, 0]
	Slack ben.the.elder@gmail.com BenTheElder: [2, 0]
	Alternative Storage nakayamakenjiro@gmail.com Kenjiro Nakayama: [1, 1]
	Kismatic patrick@kismatic.io Patrick Reilly: [0, 29415]
	CSE IIT KANPUR peeyushagarwal1994@gmail.com Peeyush Agarwal: [83, 83]
	Stack Exchange matt.jibson@gmail.com Matt Jibson: [1, 1]
	DrEd Online Doctor vlajos@gmail.com Veres Lajos: [5, 5]
	Red Hat stefw@redhat.com Stef Walter: [5, 1]
	WillCall pat2man@gmail.com Patrick Tescher: [13, 0]
ui 0 214
	Kismatic patrick@kismatic.io Patrick Reilly: [0, 214]
build 912 863
	Microsoft bburns@google.com Brendan Burns: [25, 1]
	Red Hat decarr@redhat.com derekwaynecarr: [15, 20]
	Red Hat pmorie@redhat.com Paul Morie: [10, 1]
	Google arob@google.com Alex Robinson: [112, 74]
	Google pszczesniak@google.com Piotr Szczesniak: [5, 5]
	Google mikedanese@gmail.com Mike Danese: [0, 328]
	Google thockin@google.com Tim Hockin: [12, 6]
	Mesosphere james@mesosphere.io James DeFelice: [6, 13]
	Google nikhiljindal@google.com nikhiljindal: [5, 0]
	Google jsz@google.com Jerzy Szczepkowski: [16, 0]
	Google gmarek@google.com gmarek: [30, 4]
	Red Hat eparis@redhat.com Eric Paris: [1, 10]
	Mesosphere karl@mesosphere.io Karl Isenberg: [3, 0]
	Google socaa@google.com Ewa Socala: [30, 5]
	Red Hat maszulik@redhat.com Maciej Szulik: [22, 1]
	Google abshah@google.com Abhishek Shah: [21, 3]
	Google robertbailey@google.com Robert Bailey: [60, 75]
	Red Hat hchen@redhat.com Huamin Chen: [13, 0]
	Docker hesimei@zju.edu.cn He Simei: [11, 43]
	Google uluyol0@gmail.com Muhammed Uluyol: [181, 8]
	Google jeffml@google.com Jeff Lowdermilk: [0, 6]
	Google beeps@google.com Prashanth Balasubramanian: [159, 8]
	Red Hat jsafrane@redhat.com Jan Safranek: [46, 2]
	Google ihmccreery@google.com Isaac Hollander McCreery: [4, 2]
	Self pjpires@gmail.com Paulo Pires: [0, 14]
	(Unknown) parikh.yash21@gmail.com Yash Parikh: [11, 4]
	Red Hat jimmidyson@gmail.com Jimmi Dyson: [85, 48]
	(Unknown) shaunrparker@gmail.com Shaun Parker: [1, 1]
	Google satnam@google.com Satnam Singh: [3, 3]
	Kismatic patrick@kismatic.io Patrick Reilly: [0, 169]
	Shopify philibert.dugas@gmail.com Philibert Dugas: [10, 0]
	CoreOS alex.crawford@coreos.com Alex Crawford: [6, 0]
	(Unknown) ej.simeon@gmail.com eddiesimeon: [9, 9]
devel-doc 11884 10400
code 43391 190560
package 0 0
unknown 372574 273966
image 1883 884
documentation 34310 32929
ui 0 214
build 912 863
