open output file /Users/lukasz/dev/cncf/gitdm/etcd_6m_repos/combined_after.csv

swingbach@gmail.com is an author name, probably not what you want
unknown@hacker.net Unknown hacker
anthony.romano@coreos.com Anthony Romano
	unknown [14945, 8732]
	devel-doc [193, 111]
	code [47, 4]
	build [27, 6]
feisan@outlook.com Kelvin Liang
	unknown [1, 1]
xiangli.cs@gmail.com Xiang Li
	unknown [15364, 5596]
	devel-doc [298, 3]
	code [16, 2]
	build [1, 2]
	documentation [27, 0]
ben@bendarnell.com Ben Darnell
	unknown [904, 492]
	devel-doc [2, 2]
	code [0, 3]
hongchaodeng1@gmail.com Hongchao Deng
	unknown [74, 5]
	devel-doc [5, 0]
gyuhox@gmail.com Gyu-Ho Lee
	unknown [17604, 9317]
	devel-doc [3254, 6895]
	code [91, 2414]
	build [3, 180]
	documentation [0, 3489]
fanmin.shi@coreos.com fanmin shi
	unknown [928, 255]
	devel-doc [1, 1]
tstclair@redhat.com Timothy St. Clair
	unknown [11, 7]
mitake.hitoshi@lab.ntt.co.jp Hitoshi Mitake
	unknown [7209, 2659]
	devel-doc [13, 9]
	code [2, 2]
sinsharat@gmail.com sharat
	unknown [2567, 252]
	devel-doc [835, 183]
	build [10, 0]
laurie@qubit.com Laurie Clark-Michalek
	unknown [186, 41]
jonathan.m.bazan@intel.com Jonathan Bazan
	unknown [29, 6]
joshrosso@gmail.com joshrosso
	unknown [6, 6]
federico.ceratto@gmail.com Federico Ceratto
	unknown [4, 0]
yudai.iwasaki@ntti3.com Iwasaki Yudai
	unknown [145, 19]
josh@compose.io Joshua Deare
	unknown [6, 6]
	code [14, 14]
mkumatag@in.ibm.com Manjunath A Kumatagi
	unknown [3, 0]
shaun@tigera.io Shaun Crampton
	unknown [34, 26]
brandon.philips@coreos.com Brandon Philips
	unknown [5, 3]
manish@dgraph.io Manish R Jain
	devel-doc [22, 8]
nekto0n@yandex-team.ru Nikita Vetoshkin
	unknown [93, 37]
	devel-doc [1, 2]
louis@kragniz.eu Louis Taylor
	unknown [4, 1]
martin@falatic.com Martin Falatic
	unknown [75, 42]
geoff@infradead.org Geoff Levand
	unknown [57, 35]
	devel-doc [38, 9]
ben.spoon@coreos.com Ben Spoon
	unknown [1, 1]
vimal78@gmail.com Vimal Kumar
	unknown [97, 5]
hhkbp2@gmail.com Dylan.Wen
	unknown [120, 9]
chenyiwei1987@gmail.com ychen11
	unknown [394, 410]
petermattis@gmail.com Peter Mattis
	unknown [60, 7]
liam.haworth@tesserent.com Liam Haworth
	unknown [4, 0]
j.e.aten@gmail.com Jason E. Aten
	unknown [56, 14]
coolhzb@163.com AdoHe
	unknown [1, 0]
ried@mytum.de Alexander Ried
	unknown [1, 0]
sharat.singh@huawei.com Sharat
	devel-doc [1, 1]
ngaut@users.noreply.github.com goroutine
	unknown [32, 0]
kev@inburke.com Kevin Burke
	unknown [1, 1]
jonathanboulle@gmail.com Jonathan Boulle
	unknown [2, 2]
	devel-doc [1, 1]
	code [2, 5]
es_chow@163.com es-chow
	unknown [4, 4]
plasticbox@gmail.com plasticbox
	unknown [1, 1]
uchida@os.ecc.u-tokyo.ac.jp topecongiro
	unknown [0, 2]
gergely.csatari@nokia.com Gergely Csatari
	unknown [2, 0]
james@shubin.ca James Shubin
	unknown [82, 15]
dghubble@gmail.com Dalton Hubble
	unknown [66, 0]
aaron.lehmann@docker.com Aaron Lehmann
	unknown [90, 24]
requenym@users.noreply.github.com Michael Requeny
	unknown [1, 0]
ypu@redhat.com Yiqiao Pu
	unknown [34, 18]
siddontang@gmail.com siddontang
	unknown [26, 7]
aoxiaojian@gmail.com Sky Ao
	unknown [10, 9]
swingbach@gmail.com swingbach@gmail.com
	unknown [569, 53]
jesse.millan@oracle.com jesse.millan
	unknown [20, 10]
kay.diam@gmail.com kayrus
	unknown [3, 1]
	devel-doc [11, 6]
dongsu@endocode.com Dongsu Park
	unknown [107, 24]
bts@gmail.com Brian Schroeder
	unknown [8, 5]
xaaabk@gmail.com Andrei Krasnitski
	code [10, 10]
public@richardboyer.net R.B. Boyer
	unknown [4, 4]
jaredeh@gmail.com Jared Hulbert
	unknown [11, 17]
smallfish.xy@gmail.com smallfish
	unknown [5, 5]
westhoods@gmail.com westhood
	unknown [61, 1]
goby@foxmail.com laidonglin
	unknown [3, 3]
haichuang221@163.com Secret
	unknown [2, 2]
victor@matekole.com vmatekole
	devel-doc [24, 2]
geertjohan.riemer@gmail.com Geert-Johan Riemer
	unknown [1, 1]
raoofm@users.noreply.github.com Raoof Mohammed
	unknown [7, 6]
jeffz@eml.cc Jeff Zellner
	unknown [1, 0]
	build [1, 0]
davygeek@163.com davygeek
	unknown [27, 25]
mqliang.zju@gmail.com mqliang
	unknown [266, 19]
	devel-doc [191, 0]
zhangzhonglin1@jd.com zhonglin6666
	unknown [8, 8]
danny@dannysauer.com Danny Sauer
	unknown [1, 1]
me@viktorstanchev.com Viktor Stanchev
	unknown [6, 2]
ajityagaty@gmail.com Ajit Yagaty
	unknown [317, 201]
jiaweizdev@gmail.com Jiawei Zhang
	unknown [2, 2]
cdancy@users.noreply.github.com Christopher Dancy
	unknown [4, 0]
jchaloup@redhat.com Jan Chaloupka
	unknown [1, 1]
jliggitt@redhat.com Jordan Liggitt
	unknown [1, 1]
luca.bruno@coreos.com Luca Bruno
	unknown [1, 1]
kt@wheel.jp Katsuyuki Tateishi
	unknown [12, 16]
lucas.kaldstrom@hotmail.co.uk Lucas Käldström
	unknown [21, 5]
eli@mirantis.com Evgeny L
	unknown [2, 0]
chengfeizh@gmail.com Chengfei Zhang
	unknown [1, 1]
dnaeon@gmail.com Marin Atanasov Nikolov
	unknown [1, 0]
rkrambovitis@gmail.com Robert Krambovitis
	unknown [1, 1]
mischief@coreos.com Nick Owens
	unknown [2, 61]
hjinustc@gmail.com xiaohuang
	unknown [11, 11]
github@qslw.com Morton Fox
	devel-doc [1, 1]
unknown 62826 28555
	anthony.romano@coreos.com Anthony Romano: [14945, 8732]
	feisan@outlook.com Kelvin Liang: [1, 1]
	xiangli.cs@gmail.com Xiang Li: [15364, 5596]
	ben@bendarnell.com Ben Darnell: [904, 492]
	hongchaodeng1@gmail.com Hongchao Deng: [74, 5]
	gyuhox@gmail.com Gyu-Ho Lee: [17604, 9317]
	fanmin.shi@coreos.com fanmin shi: [928, 255]
	tstclair@redhat.com Timothy St. Clair: [11, 7]
	mitake.hitoshi@lab.ntt.co.jp Hitoshi Mitake: [7209, 2659]
	sinsharat@gmail.com sharat: [2567, 252]
	laurie@qubit.com Laurie Clark-Michalek: [186, 41]
	jonathan.m.bazan@intel.com Jonathan Bazan: [29, 6]
	joshrosso@gmail.com joshrosso: [6, 6]
	federico.ceratto@gmail.com Federico Ceratto: [4, 0]
	yudai.iwasaki@ntti3.com Iwasaki Yudai: [145, 19]
	josh@compose.io Joshua Deare: [6, 6]
	mkumatag@in.ibm.com Manjunath A Kumatagi: [3, 0]
	shaun@tigera.io Shaun Crampton: [34, 26]
	brandon.philips@coreos.com Brandon Philips: [5, 3]
	nekto0n@yandex-team.ru Nikita Vetoshkin: [93, 37]
	louis@kragniz.eu Louis Taylor: [4, 1]
	martin@falatic.com Martin Falatic: [75, 42]
	geoff@infradead.org Geoff Levand: [57, 35]
	ben.spoon@coreos.com Ben Spoon: [1, 1]
	vimal78@gmail.com Vimal Kumar: [97, 5]
	hhkbp2@gmail.com Dylan.Wen: [120, 9]
	chenyiwei1987@gmail.com ychen11: [394, 410]
	petermattis@gmail.com Peter Mattis: [60, 7]
	liam.haworth@tesserent.com Liam Haworth: [4, 0]
	j.e.aten@gmail.com Jason E. Aten: [56, 14]
	coolhzb@163.com AdoHe: [1, 0]
	ried@mytum.de Alexander Ried: [1, 0]
	ngaut@users.noreply.github.com goroutine: [32, 0]
	kev@inburke.com Kevin Burke: [1, 1]
	jonathanboulle@gmail.com Jonathan Boulle: [2, 2]
	es_chow@163.com es-chow: [4, 4]
	plasticbox@gmail.com plasticbox: [1, 1]
	uchida@os.ecc.u-tokyo.ac.jp topecongiro: [0, 2]
	gergely.csatari@nokia.com Gergely Csatari: [2, 0]
	james@shubin.ca James Shubin: [82, 15]
	dghubble@gmail.com Dalton Hubble: [66, 0]
	aaron.lehmann@docker.com Aaron Lehmann: [90, 24]
	requenym@users.noreply.github.com Michael Requeny: [1, 0]
	ypu@redhat.com Yiqiao Pu: [34, 18]
	siddontang@gmail.com siddontang: [26, 7]
	aoxiaojian@gmail.com Sky Ao: [10, 9]
	swingbach@gmail.com swingbach@gmail.com: [569, 53]
	jesse.millan@oracle.com jesse.millan: [20, 10]
	kay.diam@gmail.com kayrus: [3, 1]
	dongsu@endocode.com Dongsu Park: [107, 24]
	bts@gmail.com Brian Schroeder: [8, 5]
	public@richardboyer.net R.B. Boyer: [4, 4]
	jaredeh@gmail.com Jared Hulbert: [11, 17]
	smallfish.xy@gmail.com smallfish: [5, 5]
	westhoods@gmail.com westhood: [61, 1]
	goby@foxmail.com laidonglin: [3, 3]
	haichuang221@163.com Secret: [2, 2]
	geertjohan.riemer@gmail.com Geert-Johan Riemer: [1, 1]
	raoofm@users.noreply.github.com Raoof Mohammed: [7, 6]
	jeffz@eml.cc Jeff Zellner: [1, 0]
	davygeek@163.com davygeek: [27, 25]
	mqliang.zju@gmail.com mqliang: [266, 19]
	zhangzhonglin1@jd.com zhonglin6666: [8, 8]
	danny@dannysauer.com Danny Sauer: [1, 1]
	me@viktorstanchev.com Viktor Stanchev: [6, 2]
	ajityagaty@gmail.com Ajit Yagaty: [317, 201]
	jiaweizdev@gmail.com Jiawei Zhang: [2, 2]
	cdancy@users.noreply.github.com Christopher Dancy: [4, 0]
	jchaloup@redhat.com Jan Chaloupka: [1, 1]
	jliggitt@redhat.com Jordan Liggitt: [1, 1]
	luca.bruno@coreos.com Luca Bruno: [1, 1]
	kt@wheel.jp Katsuyuki Tateishi: [12, 16]
	lucas.kaldstrom@hotmail.co.uk Lucas Käldström: [21, 5]
	eli@mirantis.com Evgeny L: [2, 0]
	chengfeizh@gmail.com Chengfei Zhang: [1, 1]
	dnaeon@gmail.com Marin Atanasov Nikolov: [1, 0]
	rkrambovitis@gmail.com Robert Krambovitis: [1, 1]
	mischief@coreos.com Nick Owens: [2, 61]
	hjinustc@gmail.com xiaohuang: [11, 11]
devel-doc 4891 7234
	anthony.romano@coreos.com Anthony Romano: [193, 111]
	xiangli.cs@gmail.com Xiang Li: [298, 3]
	ben@bendarnell.com Ben Darnell: [2, 2]
	hongchaodeng1@gmail.com Hongchao Deng: [5, 0]
	gyuhox@gmail.com Gyu-Ho Lee: [3254, 6895]
	fanmin.shi@coreos.com fanmin shi: [1, 1]
	mitake.hitoshi@lab.ntt.co.jp Hitoshi Mitake: [13, 9]
	sinsharat@gmail.com sharat: [835, 183]
	manish@dgraph.io Manish R Jain: [22, 8]
	nekto0n@yandex-team.ru Nikita Vetoshkin: [1, 2]
	geoff@infradead.org Geoff Levand: [38, 9]
	sharat.singh@huawei.com Sharat: [1, 1]
	jonathanboulle@gmail.com Jonathan Boulle: [1, 1]
	kay.diam@gmail.com kayrus: [11, 6]
	victor@matekole.com vmatekole: [24, 2]
	mqliang.zju@gmail.com mqliang: [191, 0]
	github@qslw.com Morton Fox: [1, 1]
code 182 2454
	anthony.romano@coreos.com Anthony Romano: [47, 4]
	xiangli.cs@gmail.com Xiang Li: [16, 2]
	ben@bendarnell.com Ben Darnell: [0, 3]
	gyuhox@gmail.com Gyu-Ho Lee: [91, 2414]
	mitake.hitoshi@lab.ntt.co.jp Hitoshi Mitake: [2, 2]
	josh@compose.io Joshua Deare: [14, 14]
	jonathanboulle@gmail.com Jonathan Boulle: [2, 5]
	xaaabk@gmail.com Andrei Krasnitski: [10, 10]
build 42 188
	anthony.romano@coreos.com Anthony Romano: [27, 6]
	xiangli.cs@gmail.com Xiang Li: [1, 2]
	gyuhox@gmail.com Gyu-Ho Lee: [3, 180]
	sinsharat@gmail.com sharat: [10, 0]
	jeffz@eml.cc Jeff Zellner: [1, 0]
documentation 27 3489
	xiangli.cs@gmail.com Xiang Li: [27, 0]
	gyuhox@gmail.com Gyu-Ho Lee: [0, 3489]
unknown 62826 28555
devel-doc 4891 7234
code 182 2454
build 42 188
documentation 27 3489
