open output file /Users/lukasz/dev/cncf/gitdm/etcd_6m_repos/combined_before.csv

unknown@hacker.net Unknown hacker
xiangli.cs@gmail.com Xiang Li
	unknown [35278, 26086]
	devel-doc [1521, 33]
	code [88, 14]
	build [7, 43]
	documentation [0, 5021]
ajityagaty@gmail.com Ajit Yagaty
	unknown [681, 165]
	devel-doc [6, 0]
anthony.romano@coreos.com Anthony Romano
	unknown [30211, 64188]
	devel-doc [2698, 1655]
	code [80, 130]
	build [21, 118]
	documentation [9, 1941]
gyuhox@gmail.com Gyu-Ho Lee
	unknown [61425, 22062]
	devel-doc [3305, 316]
	code [187, 5]
	build [150, 52]
	documentation [2144, 0]
maciej.bilas@gmail.com Maciej Bilas
	unknown [4, 0]
geoff@infradead.org Geoff Levand
	unknown [15, 4]
	devel-doc [12, 6]
j@joshix.com Joshua Wood
	unknown [23, 22]
clawsicus@gmail.com Chris Laws
	devel-doc [1, 1]
brian.brazil@robustperception.io Brian Brazil
	unknown [15, 16]
ronald.gundlach-chmara@webtrends.com Ronald Gundlach-Chmara
	devel-doc [1, 1]
raoofm@users.noreply.github.com Raoof Mohammed
	unknown [13, 2]
rob@clearbit.com Rob Holland
	unknown [1, 1]
j@coreos.com Josh Wood
	unknown [15, 21]
	devel-doc [15, 5]
mitake.hitoshi@gmail.com Hitoshi Mitake
	unknown [10262, 3157]
	devel-doc [4, 3]
	code [4, 6]
github@judsonwhite.com Jud White
	unknown [1, 0]
wangbowang.wang@huawei.com magicwang-cn
	unknown [1, 0]
agupta@pivotal.io Amit Kumar Gupta
	unknown [1, 1]
zhupengbupt@gmail.com 朱鹏
	unknown [10, 0]
mqliang.zju@gmail.com mqliang
	unknown [765, 147]
londevil@gmail.com lolynx
	unknown [10, 0]
es_chow@163.com es-chow
	unknown [902, 1114]
kay.diam@gmail.com kayrus
	unknown [231, 157]
	devel-doc [50, 38]
hongchaodeng1@gmail.com Hongchao Deng
	unknown [457, 240]
tamird@gmail.com Tamir Duberstein
	unknown [6, 6]
cdancy@users.noreply.github.com Christopher Dancy
	unknown [1, 0]
jonathanboulle@gmail.com Jonathan Boulle
	unknown [188, 169]
	devel-doc [1, 2]
	code [23, 22]
mischief@offblast.org Nick Owens
	unknown [1, 0]
brandon.philips@coreos.com Brandon Philips
	unknown [24, 0]
	devel-doc [5, 2]
siddontang@gmail.com siddontang
	unknown [20, 10]
andy.boyett@gmail.com Andy Boyett
	unknown [1, 0]
lucas.kaldstrom@hotmail.co.uk Lucas Käldström
	unknown [6, 6]
peter@bourgon.org Peter Bourgon
	unknown [34, 34]
matt.singletary@gmail.com Matt Singletary
	unknown [1, 1]
coolhzb@163.com AdoHe
	unknown [12, 3]
arve.knudsen@gmail.com Arve Knudsen
	unknown [154, 154]
brandon@ixsystems.com Brandon Schneider
	unknown [1, 1]
awg@xvx.ca Adam Wolfe Gordon
	unknown [148, 36]
	devel-doc [30, 1]
caleb.champlin@gmail.com Caleb Champlin
	unknown [452, 160]
qperez42@gmail.com Quentin Perez
	unknown [3, 3]
shawnpsmith@gmail.com Shawn Smith
	unknown [7, 7]
sub@subl.ee Heungsub Lee
	unknown [4, 4]
	devel-doc [1, 1]
srijs@airpost.net Sam Rijs
	unknown [7, 3]
	devel-doc [1, 1]
ngaut@126.com ngaut
	unknown [31, 32]
ben@bendarnell.com Ben Darnell
	unknown [136, 26]
timer150@gmail.com Joe Haddad
	devel-doc [53, 0]
wj@everymatrix.com wj
	unknown [1, 0]
davygeek@163.com davygeek
	unknown [3, 3]
mordyovits@yahoo.com Mordy Ovits
	unknown [2, 2]
akolbasov@intermodaldata.com Alexander Kolbasov
	unknown [20, 1]
suda.akihiro@lab.ntt.co.jp Akihiro Suda
	unknown [12, 0]
colhom@gmail.com Colin Hom
	unknown [277, 0]
	devel-doc [280, 3]
	build [9, 0]
chz@bingularity.org chz
	unknown [301, 59]
derek.gonyeo@coreos.com Derek Gonyeo
	unknown [38, 76]
jcderr@users.noreply.github.com Jeremy Derr
	unknown [12, 0]
spotter@gmail.com Shaya Potter
	unknown [35, 2]
	devel-doc [1, 1]
pawel.palucki@intel.com Pawel Palucki
	unknown [37, 0]
	devel-doc [48, 1]
michael.ake.persson@gmail.com Michael Persson
	unknown [1, 1]
seanerussell@gmail.com Sean Russell
	unknown [1, 1]
ulexus@gmail.com =?UTF-8?q?Se=C3=A1n=20C=2E=20McCord?=
	unknown [12, 0]
sschlansker@opentable.com Steven Schlansker
	unknown [10, 0]
masterlvng@gmail.com masterlvng
	devel-doc [1, 1]
bram@cockroachlabs.com Bram Gruneir
	unknown [18, 5]
a.korzhevskiy@gmail.com Andrei Korzhevskii
	unknown [4, 1]
me@barakmich.com Barak Michener
	unknown [13, 2]
qycqycqycqycqyc@gmail.com Yicheng Qin
	unknown [398, 244]
ypu@redhat.com Yiqiao Pu
	unknown [6, 0]
maxime.lahaye@gmail.com Maxime Lahaye
	unknown [2, 2]
unknown 142761 118437
	xiangli.cs@gmail.com Xiang Li: [35278, 26086]
	ajityagaty@gmail.com Ajit Yagaty: [681, 165]
	anthony.romano@coreos.com Anthony Romano: [30211, 64188]
	gyuhox@gmail.com Gyu-Ho Lee: [61425, 22062]
	maciej.bilas@gmail.com Maciej Bilas: [4, 0]
	geoff@infradead.org Geoff Levand: [15, 4]
	j@joshix.com Joshua Wood: [23, 22]
	brian.brazil@robustperception.io Brian Brazil: [15, 16]
	raoofm@users.noreply.github.com Raoof Mohammed: [13, 2]
	rob@clearbit.com Rob Holland: [1, 1]
	j@coreos.com Josh Wood: [15, 21]
	mitake.hitoshi@gmail.com Hitoshi Mitake: [10262, 3157]
	github@judsonwhite.com Jud White: [1, 0]
	wangbowang.wang@huawei.com magicwang-cn: [1, 0]
	agupta@pivotal.io Amit Kumar Gupta: [1, 1]
	zhupengbupt@gmail.com 朱鹏: [10, 0]
	mqliang.zju@gmail.com mqliang: [765, 147]
	londevil@gmail.com lolynx: [10, 0]
	es_chow@163.com es-chow: [902, 1114]
	kay.diam@gmail.com kayrus: [231, 157]
	hongchaodeng1@gmail.com Hongchao Deng: [457, 240]
	tamird@gmail.com Tamir Duberstein: [6, 6]
	cdancy@users.noreply.github.com Christopher Dancy: [1, 0]
	jonathanboulle@gmail.com Jonathan Boulle: [188, 169]
	mischief@offblast.org Nick Owens: [1, 0]
	brandon.philips@coreos.com Brandon Philips: [24, 0]
	siddontang@gmail.com siddontang: [20, 10]
	andy.boyett@gmail.com Andy Boyett: [1, 0]
	lucas.kaldstrom@hotmail.co.uk Lucas Käldström: [6, 6]
	peter@bourgon.org Peter Bourgon: [34, 34]
	matt.singletary@gmail.com Matt Singletary: [1, 1]
	coolhzb@163.com AdoHe: [12, 3]
	arve.knudsen@gmail.com Arve Knudsen: [154, 154]
	brandon@ixsystems.com Brandon Schneider: [1, 1]
	awg@xvx.ca Adam Wolfe Gordon: [148, 36]
	caleb.champlin@gmail.com Caleb Champlin: [452, 160]
	qperez42@gmail.com Quentin Perez: [3, 3]
	shawnpsmith@gmail.com Shawn Smith: [7, 7]
	sub@subl.ee Heungsub Lee: [4, 4]
	srijs@airpost.net Sam Rijs: [7, 3]
	ngaut@126.com ngaut: [31, 32]
	ben@bendarnell.com Ben Darnell: [136, 26]
	wj@everymatrix.com wj: [1, 0]
	davygeek@163.com davygeek: [3, 3]
	mordyovits@yahoo.com Mordy Ovits: [2, 2]
	akolbasov@intermodaldata.com Alexander Kolbasov: [20, 1]
	suda.akihiro@lab.ntt.co.jp Akihiro Suda: [12, 0]
	colhom@gmail.com Colin Hom: [277, 0]
	chz@bingularity.org chz: [301, 59]
	derek.gonyeo@coreos.com Derek Gonyeo: [38, 76]
	jcderr@users.noreply.github.com Jeremy Derr: [12, 0]
	spotter@gmail.com Shaya Potter: [35, 2]
	pawel.palucki@intel.com Pawel Palucki: [37, 0]
	michael.ake.persson@gmail.com Michael Persson: [1, 1]
	seanerussell@gmail.com Sean Russell: [1, 1]
	ulexus@gmail.com =?UTF-8?q?Se=C3=A1n=20C=2E=20McCord?=: [12, 0]
	sschlansker@opentable.com Steven Schlansker: [10, 0]
	bram@cockroachlabs.com Bram Gruneir: [18, 5]
	a.korzhevskiy@gmail.com Andrei Korzhevskii: [4, 1]
	me@barakmich.com Barak Michener: [13, 2]
	qycqycqycqycqyc@gmail.com Yicheng Qin: [398, 244]
	ypu@redhat.com Yiqiao Pu: [6, 0]
	maxime.lahaye@gmail.com Maxime Lahaye: [2, 2]
devel-doc 8034 2071
	xiangli.cs@gmail.com Xiang Li: [1521, 33]
	ajityagaty@gmail.com Ajit Yagaty: [6, 0]
	anthony.romano@coreos.com Anthony Romano: [2698, 1655]
	gyuhox@gmail.com Gyu-Ho Lee: [3305, 316]
	geoff@infradead.org Geoff Levand: [12, 6]
	clawsicus@gmail.com Chris Laws: [1, 1]
	ronald.gundlach-chmara@webtrends.com Ronald Gundlach-Chmara: [1, 1]
	j@coreos.com Josh Wood: [15, 5]
	mitake.hitoshi@gmail.com Hitoshi Mitake: [4, 3]
	kay.diam@gmail.com kayrus: [50, 38]
	jonathanboulle@gmail.com Jonathan Boulle: [1, 2]
	brandon.philips@coreos.com Brandon Philips: [5, 2]
	awg@xvx.ca Adam Wolfe Gordon: [30, 1]
	sub@subl.ee Heungsub Lee: [1, 1]
	srijs@airpost.net Sam Rijs: [1, 1]
	timer150@gmail.com Joe Haddad: [53, 0]
	colhom@gmail.com Colin Hom: [280, 3]
	spotter@gmail.com Shaya Potter: [1, 1]
	pawel.palucki@intel.com Pawel Palucki: [48, 1]
	masterlvng@gmail.com masterlvng: [1, 1]
code 382 177
	xiangli.cs@gmail.com Xiang Li: [88, 14]
	anthony.romano@coreos.com Anthony Romano: [80, 130]
	gyuhox@gmail.com Gyu-Ho Lee: [187, 5]
	mitake.hitoshi@gmail.com Hitoshi Mitake: [4, 6]
	jonathanboulle@gmail.com Jonathan Boulle: [23, 22]
build 187 213
	xiangli.cs@gmail.com Xiang Li: [7, 43]
	anthony.romano@coreos.com Anthony Romano: [21, 118]
	gyuhox@gmail.com Gyu-Ho Lee: [150, 52]
	colhom@gmail.com Colin Hom: [9, 0]
documentation 2153 6962
	xiangli.cs@gmail.com Xiang Li: [0, 5021]
	anthony.romano@coreos.com Anthony Romano: [9, 1941]
	gyuhox@gmail.com Gyu-Ho Lee: [2144, 0]
unknown 142761 118437
devel-doc 8034 2071
code 382 177
build 187 213
documentation 2153 6962
