open output file /Users/lukasz/dev/cncf/gitdm/coredns_repos/combined_after.csv

unknown@hacker.net Unknown hacker
miek@miek.nl Miek Gieben
	devel-doc [633, 294]
	code [0, 0]
	unknown [10199, 14309]
	image [0, 0]
	documentation [1039, 36]
	build [121, 33]
jbelamaric@infoblox.com John Belamaric
	unknown [697395, 215]
	devel-doc [5052, 29]
	code [2103, 151]
	build [185, 0]
	documentation [1049, 0]
development@stp-ip.net Michael Grosser
	unknown [19, 19]
	devel-doc [9, 7]
yongtang@users.noreply.github.com Yong Tang
	unknown [398, 322]
	devel-doc [12, 51]
	code [122, 218]
	build [17, 14]
cohaver@infoblox.com Chris O'Haver
	unknown [243, 176]
	devel-doc [6, 4]
superq@gmail.com Ben Kochie
	unknown [64, 13]
	devel-doc [12, 6]
aledbf@gmail.com Manuel Alejandro de Brito Fontes
	unknown [168, 235]
	code [2, 2]
jonathan@dickinsons.co.za Jonathan Dickinson
	unknown [121, 44]
jesusjzp@gmail.com Zhipeng JIANG
	unknown [5, 4]
	devel-doc [1, 1]
silas.baronda@gmail.com Silas Baronda
	unknown [12, 1]
shawnpsmith@gmail.com Shawn Smith
	unknown [1, 1]
karasz@jpi.io Nagy K치roly G치briel
	build [1, 1]
brandon@ifup.org Brandon Philips
	devel-doc [1, 1]
mrichmon@users.noreply.github.com Michael Richmond
	unknown [60, 46]
	devel-doc [4, 0]
	build [1, 0]
cricket@infoblox.com cricketliu
	devel-doc [90, 91]
dave@davejamesmiller.com Dave James Miller
	unknown [1, 1]
devel-doc 5820 484
	miek@miek.nl Miek Gieben: [633, 294]
	jbelamaric@infoblox.com John Belamaric: [5052, 29]
	development@stp-ip.net Michael Grosser: [9, 7]
	yongtang@users.noreply.github.com Yong Tang: [12, 51]
	cohaver@infoblox.com Chris O'Haver: [6, 4]
	superq@gmail.com Ben Kochie: [12, 6]
	jesusjzp@gmail.com Zhipeng JIANG: [1, 1]
	brandon@ifup.org Brandon Philips: [1, 1]
	mrichmon@users.noreply.github.com Michael Richmond: [4, 0]
	cricket@infoblox.com cricketliu: [90, 91]
code 2227 371
	miek@miek.nl Miek Gieben: [0, 0]
	jbelamaric@infoblox.com John Belamaric: [2103, 151]
	yongtang@users.noreply.github.com Yong Tang: [122, 218]
	aledbf@gmail.com Manuel Alejandro de Brito Fontes: [2, 2]
unknown 708686 15386
	miek@miek.nl Miek Gieben: [10199, 14309]
	jbelamaric@infoblox.com John Belamaric: [697395, 215]
	development@stp-ip.net Michael Grosser: [19, 19]
	yongtang@users.noreply.github.com Yong Tang: [398, 322]
	cohaver@infoblox.com Chris O'Haver: [243, 176]
	superq@gmail.com Ben Kochie: [64, 13]
	aledbf@gmail.com Manuel Alejandro de Brito Fontes: [168, 235]
	jonathan@dickinsons.co.za Jonathan Dickinson: [121, 44]
	jesusjzp@gmail.com Zhipeng JIANG: [5, 4]
	silas.baronda@gmail.com Silas Baronda: [12, 1]
	shawnpsmith@gmail.com Shawn Smith: [1, 1]
	mrichmon@users.noreply.github.com Michael Richmond: [60, 46]
	dave@davejamesmiller.com Dave James Miller: [1, 1]
image 0 0
	miek@miek.nl Miek Gieben: [0, 0]
documentation 2088 36
	miek@miek.nl Miek Gieben: [1039, 36]
	jbelamaric@infoblox.com John Belamaric: [1049, 0]
build 325 48
	miek@miek.nl Miek Gieben: [121, 33]
	jbelamaric@infoblox.com John Belamaric: [185, 0]
	yongtang@users.noreply.github.com Yong Tang: [17, 14]
	karasz@jpi.io Nagy K치roly G치briel: [1, 1]
	mrichmon@users.noreply.github.com Michael Richmond: [1, 0]
devel-doc 5820 484
code 2227 371
unknown 708686 15386
image 0 0
documentation 2088 36
build 325 48
