open output file /Users/lukasz/dev/cncf/gitdm/coredns_repos/combined_before.csv

unknown@hacker.net Unknown hacker
mrichmon@users.noreply.github.com Michael Richmond
	unknown [8775, 1616]
	devel-doc [506, 151]
	code [255, 8]
	build [33, 13]
	image [29, 0]
miek@miek.nl Miek Gieben
	devel-doc [280, 54]
	code [2199, 0]
	unknown [3696, 531]
	image [735, 1]
	documentation [8262, 47]
	build [10, 0]
eldinhadzic@protonmail.com elcore
	unknown [5, 0]
errordeveloper@gmail.com Ilya Dmitrichenko
	devel-doc [2, 2]
leelynne@gmail.com Lee
	unknown [235, 228]
splack@users.noreply.github.com Joe Blow
	unknown [85, 26]
pixelbender@yandex.ru pixelbender
	unknown [6, 0]
devel-doc 788 207
	mrichmon@users.noreply.github.com Michael Richmond: [506, 151]
	miek@miek.nl Miek Gieben: [280, 54]
	errordeveloper@gmail.com Ilya Dmitrichenko: [2, 2]
code 2454 8
	mrichmon@users.noreply.github.com Michael Richmond: [255, 8]
	miek@miek.nl Miek Gieben: [2199, 0]
unknown 12802 2401
	mrichmon@users.noreply.github.com Michael Richmond: [8775, 1616]
	miek@miek.nl Miek Gieben: [3696, 531]
	eldinhadzic@protonmail.com elcore: [5, 0]
	leelynne@gmail.com Lee: [235, 228]
	splack@users.noreply.github.com Joe Blow: [85, 26]
	pixelbender@yandex.ru pixelbender: [6, 0]
image 764 1
	mrichmon@users.noreply.github.com Michael Richmond: [29, 0]
	miek@miek.nl Miek Gieben: [735, 1]
documentation 8262 47
	miek@miek.nl Miek Gieben: [8262, 47]
build 43 13
	mrichmon@users.noreply.github.com Michael Richmond: [33, 13]
	miek@miek.nl Miek Gieben: [10, 0]
devel-doc 788 207
code 2454 8
unknown 12802 2401
image 764 1
documentation 8262 47
build 43 13
