open output file /Users/lukasz/dev/cncf/gitdm/opentracing_repos/combined_before.csv

unknown@hacker.net Unknown hacker
bensigelman@users.noreply.github.com bhs
	unknown [196, 219]
	code [3, 3]
nimeshksingh@users.noreply.github.com Nimesh Singh
	unknown [108, 27]
bhs@lightstep.com Ben Sigelman
	unknown [1483, 1163]
	devel-doc [191, 60]
	code [3190, 1990]
	build [1, 1]
	documentation [56, 7]
github@ysh.us Yuri Shkuro
	unknown [751, 216]
	devel-doc [58, 8]
	code [197, 103]
	build [21, 11]
bg451@users.noreply.github.com Brandon Gonzalez
	unknown [47, 11]
	code [2, 2]
zhongchiyu@gmail.com zhongchiyu
	code [10, 36]
lookfwd@gmail.com Dimitrios Kouzis-Loukas
	unknown [2, 2]
	devel-doc [67, 2]
	code [971, 0]
	build [75, 0]
	image [0, 0]
jmacd@users.noreply.github.com Joshua MacDonald
badger@gitter.im The Gitter Badger
	devel-doc [2, 0]
dawa2323@hotmail.com dawallin
	unknown [582, 32]
	devel-doc [105, 201]
	code [1202, 301]
	build [79, 0]
dawallin@users.noreply.github.com Daniel Wallin
	devel-doc [201, 0]
aleksey@incsw.in Aleksey
	unknown [1, 1]
	devel-doc [2, 2]
yurishkuro@users.noreply.github.com Yuri Shkuro, PhD
	unknown [384, 309]
	devel-doc [2, 1]
	code [110, 44]
kris@cixar.com Kris Kowal
	unknown [34, 34]
josh.macdonald@gmail.com Josh MacDonald
	unknown [92, 36]
bas@xacte.com Bas van Beek
	unknown [11, 4]
	devel-doc [7, 9]
acole@pivotal.io adriancole
	code [131, 0]
	unknown [61, 3]
	documentation [237, 256]
mick@semb.wever.org mck
	code [0, 1081]
	documentation [4, 113]
kikeibe@gmail.com oibe
	code [359, 0]
	documentation [13, 4]
bcronin@lightstep.com bcronin
	unknown [20, 10]
	devel-doc [6, 2]
	code [99, 111]
	ui [32, 0]
	build [4, 0]
pritianka@gmail.com Priyanka Sharma
	unknown [64, 0]
	image [2, 0]
	documentation [30, 0]
devel-doc 641 285
	bhs@lightstep.com Ben Sigelman: [191, 60]
	github@ysh.us Yuri Shkuro: [58, 8]
	lookfwd@gmail.com Dimitrios Kouzis-Loukas: [67, 2]
	badger@gitter.im The Gitter Badger: [2, 0]
	dawa2323@hotmail.com dawallin: [105, 201]
	dawallin@users.noreply.github.com Daniel Wallin: [201, 0]
	aleksey@incsw.in Aleksey: [2, 2]
	yurishkuro@users.noreply.github.com Yuri Shkuro, PhD: [2, 1]
	bas@xacte.com Bas van Beek: [7, 9]
	bcronin@lightstep.com bcronin: [6, 2]
code 6274 3671
	bensigelman@users.noreply.github.com bhs: [3, 3]
	bhs@lightstep.com Ben Sigelman: [3190, 1990]
	github@ysh.us Yuri Shkuro: [197, 103]
	bg451@users.noreply.github.com Brandon Gonzalez: [2, 2]
	zhongchiyu@gmail.com zhongchiyu: [10, 36]
	lookfwd@gmail.com Dimitrios Kouzis-Loukas: [971, 0]
	dawa2323@hotmail.com dawallin: [1202, 301]
	yurishkuro@users.noreply.github.com Yuri Shkuro, PhD: [110, 44]
	acole@pivotal.io adriancole: [131, 0]
	mick@semb.wever.org mck: [0, 1081]
	kikeibe@gmail.com oibe: [359, 0]
	bcronin@lightstep.com bcronin: [99, 111]
unknown 3836 2067
	bensigelman@users.noreply.github.com bhs: [196, 219]
	nimeshksingh@users.noreply.github.com Nimesh Singh: [108, 27]
	bhs@lightstep.com Ben Sigelman: [1483, 1163]
	github@ysh.us Yuri Shkuro: [751, 216]
	bg451@users.noreply.github.com Brandon Gonzalez: [47, 11]
	lookfwd@gmail.com Dimitrios Kouzis-Loukas: [2, 2]
	dawa2323@hotmail.com dawallin: [582, 32]
	aleksey@incsw.in Aleksey: [1, 1]
	yurishkuro@users.noreply.github.com Yuri Shkuro, PhD: [384, 309]
	kris@cixar.com Kris Kowal: [34, 34]
	josh.macdonald@gmail.com Josh MacDonald: [92, 36]
	bas@xacte.com Bas van Beek: [11, 4]
	acole@pivotal.io adriancole: [61, 3]
	bcronin@lightstep.com bcronin: [20, 10]
	pritianka@gmail.com Priyanka Sharma: [64, 0]
image 2 0
	lookfwd@gmail.com Dimitrios Kouzis-Loukas: [0, 0]
	pritianka@gmail.com Priyanka Sharma: [2, 0]
documentation 340 380
	bhs@lightstep.com Ben Sigelman: [56, 7]
	acole@pivotal.io adriancole: [237, 256]
	mick@semb.wever.org mck: [4, 113]
	kikeibe@gmail.com oibe: [13, 4]
	pritianka@gmail.com Priyanka Sharma: [30, 0]
ui 32 0
	bcronin@lightstep.com bcronin: [32, 0]
build 180 12
	bhs@lightstep.com Ben Sigelman: [1, 1]
	github@ysh.us Yuri Shkuro: [21, 11]
	lookfwd@gmail.com Dimitrios Kouzis-Loukas: [75, 0]
	dawa2323@hotmail.com dawallin: [79, 0]
	bcronin@lightstep.com bcronin: [4, 0]
devel-doc 641 285
code 6274 3671
unknown 3836 2067
image 2 0
documentation 340 380
ui 32 0
build 180 12
