open output file /Users/lukasz/dev/cncf/gitdm/opentracing_repos/combined_after.csv

unknown@hacker.net Unknown hacker
yurishkuro@users.noreply.github.com Yuri Shkuro
	unknown [366, 257]
	devel-doc [71, 7]
	code [7, 5]
	image [0, 0]
	documentation [38, 2]
bensigelman@users.noreply.github.com bhs
	unknown [2, 2]
	devel-doc [451, 31]
	code [3, 3]
radu.berinde@gmail.com Radu Berinde
	unknown [235, 14]
tobias.schottdorf@gmail.com Tobias Schottdorf
	unknown [24, 7]
bhs@lightstep.com Ben Sigelman
	devel-doc [188, 151]
	code [822, 656]
	unknown [1440, 824]
	image [0, 0]
	documentation [2906, 4248]
	ui [0, 3]
	build [2, 1]
cybergrind@gmail.com Kirill Pinchuk
	code [1, 1]
azimman@gmail.com Adam Zimman
	image [47, 46]
	devel-doc [65, 12]
c.weiss@c3-ls.com Christian Weiss
	unknown [2884, 1736]
	devel-doc [17, 65]
	code [4325, 4243]
	build [7, 79]
antonin.amand@gmail.com Antonin Amand
	unknown [62, 5]
u.verainf@gmail.com Sebastian Vera
	unknown [1, 1]
slimsag@users.noreply.github.com Stephen Gutekanst
	unknown [9, 1]
	image [0, 0]
acole@pivotal.io adriancole
	documentation [36, 36]
si@sjhewitt.co.uk Simon Hewitt
	unknown [0, 4]
adriancole@users.noreply.github.com Adrian Cole
	unknown [23, 1]
mick@semb.wever.org mck
	code [295, 37]
	unknown [0, 2]
	documentation [33, 36]
wu.sheng@foxmail.com wusheng
	unknown [8, 8]
	devel-doc [284, 284]
	code [3, 3]
	documentation [2, 0]
gary@brownuk.com Gary Brown
	code [35, 9]
felix.barnsteiner@isys-software.de Felix Barnsteiner
	code [41, 14]
felixbarny@users.noreply.github.com Felix
	code [1, 1]
oibe@uber.com Onwukike Ibe
	unknown [7, 13]
	code [528, 836]
kikeibe@gmail.com oibe
	code [58, 63]
bcronin@lightstep.com bcronin
	unknown [114, 72]
	devel-doc [159, 71]
	code [6123, 2236]
	build [55, 18]
supermarin@users.noreply.github.com Marin Usalj
	devel-doc [2, 2]
	code [9, 1]
	ui [2, 2]
pierre.reimertz@gmail.com Pierre
	unknown [5018, 0]
	documentation [0, 2]
deploy-bot@opentracing.io Travis Deploy Bot
	unknown [124, 116]
	devel-doc [58, 36]
	code [976, 50]
	image [1370, 0]
	documentation [15684, 1084]
pierre@pierrereimertz.com Pierre Reimertz
	devel-doc [264, 200]
	code [1160, 2126]
	unknown [4496, 4478]
	image [13786, 2742]
	documentation [23358, 32396]
	ui [2, 0]
dustin.lessard@workiva.com Dustin Lessard
	unknown [4, 2]
	code [8, 2]
pritianka@gmail.com Priyanka Sharma
	unknown [12, 0]
pierrereimertz@gmail.com Piérre Reimertz
	unknown [34, 0]
	documentation [2, 2]
trenton.smith@workiva.com Trenton Smith
	unknown [2, 2]
devel-doc 1559 859
	yurishkuro@users.noreply.github.com Yuri Shkuro: [71, 7]
	bensigelman@users.noreply.github.com bhs: [451, 31]
	bhs@lightstep.com Ben Sigelman: [188, 151]
	azimman@gmail.com Adam Zimman: [65, 12]
	c.weiss@c3-ls.com Christian Weiss: [17, 65]
	wu.sheng@foxmail.com wusheng: [284, 284]
	bcronin@lightstep.com bcronin: [159, 71]
	supermarin@users.noreply.github.com Marin Usalj: [2, 2]
	deploy-bot@opentracing.io Travis Deploy Bot: [58, 36]
	pierre@pierrereimertz.com Pierre Reimertz: [264, 200]
code 14395 10286
	yurishkuro@users.noreply.github.com Yuri Shkuro: [7, 5]
	bensigelman@users.noreply.github.com bhs: [3, 3]
	bhs@lightstep.com Ben Sigelman: [822, 656]
	cybergrind@gmail.com Kirill Pinchuk: [1, 1]
	c.weiss@c3-ls.com Christian Weiss: [4325, 4243]
	mick@semb.wever.org mck: [295, 37]
	wu.sheng@foxmail.com wusheng: [3, 3]
	gary@brownuk.com Gary Brown: [35, 9]
	felix.barnsteiner@isys-software.de Felix Barnsteiner: [41, 14]
	felixbarny@users.noreply.github.com Felix: [1, 1]
	oibe@uber.com Onwukike Ibe: [528, 836]
	kikeibe@gmail.com oibe: [58, 63]
	bcronin@lightstep.com bcronin: [6123, 2236]
	supermarin@users.noreply.github.com Marin Usalj: [9, 1]
	deploy-bot@opentracing.io Travis Deploy Bot: [976, 50]
	pierre@pierrereimertz.com Pierre Reimertz: [1160, 2126]
	dustin.lessard@workiva.com Dustin Lessard: [8, 2]
unknown 14865 7545
	yurishkuro@users.noreply.github.com Yuri Shkuro: [366, 257]
	bensigelman@users.noreply.github.com bhs: [2, 2]
	radu.berinde@gmail.com Radu Berinde: [235, 14]
	tobias.schottdorf@gmail.com Tobias Schottdorf: [24, 7]
	bhs@lightstep.com Ben Sigelman: [1440, 824]
	c.weiss@c3-ls.com Christian Weiss: [2884, 1736]
	antonin.amand@gmail.com Antonin Amand: [62, 5]
	u.verainf@gmail.com Sebastian Vera: [1, 1]
	slimsag@users.noreply.github.com Stephen Gutekanst: [9, 1]
	si@sjhewitt.co.uk Simon Hewitt: [0, 4]
	adriancole@users.noreply.github.com Adrian Cole: [23, 1]
	mick@semb.wever.org mck: [0, 2]
	wu.sheng@foxmail.com wusheng: [8, 8]
	oibe@uber.com Onwukike Ibe: [7, 13]
	bcronin@lightstep.com bcronin: [114, 72]
	pierre.reimertz@gmail.com Pierre: [5018, 0]
	deploy-bot@opentracing.io Travis Deploy Bot: [124, 116]
	pierre@pierrereimertz.com Pierre Reimertz: [4496, 4478]
	dustin.lessard@workiva.com Dustin Lessard: [4, 2]
	pritianka@gmail.com Priyanka Sharma: [12, 0]
	pierrereimertz@gmail.com Piérre Reimertz: [34, 0]
	trenton.smith@workiva.com Trenton Smith: [2, 2]
image 15203 2788
	yurishkuro@users.noreply.github.com Yuri Shkuro: [0, 0]
	bhs@lightstep.com Ben Sigelman: [0, 0]
	azimman@gmail.com Adam Zimman: [47, 46]
	slimsag@users.noreply.github.com Stephen Gutekanst: [0, 0]
	deploy-bot@opentracing.io Travis Deploy Bot: [1370, 0]
	pierre@pierrereimertz.com Pierre Reimertz: [13786, 2742]
documentation 42059 37806
	yurishkuro@users.noreply.github.com Yuri Shkuro: [38, 2]
	bhs@lightstep.com Ben Sigelman: [2906, 4248]
	acole@pivotal.io adriancole: [36, 36]
	mick@semb.wever.org mck: [33, 36]
	wu.sheng@foxmail.com wusheng: [2, 0]
	pierre.reimertz@gmail.com Pierre: [0, 2]
	deploy-bot@opentracing.io Travis Deploy Bot: [15684, 1084]
	pierre@pierrereimertz.com Pierre Reimertz: [23358, 32396]
	pierrereimertz@gmail.com Piérre Reimertz: [2, 2]
ui 4 5
	bhs@lightstep.com Ben Sigelman: [0, 3]
	supermarin@users.noreply.github.com Marin Usalj: [2, 2]
	pierre@pierrereimertz.com Pierre Reimertz: [2, 0]
build 64 98
	bhs@lightstep.com Ben Sigelman: [2, 1]
	c.weiss@c3-ls.com Christian Weiss: [7, 79]
	bcronin@lightstep.com bcronin: [55, 18]
devel-doc 1559 859
code 14395 10286
unknown 14865 7545
image 15203 2788
documentation 42059 37806
ui 4 5
build 64 98
