Filter on "^vendor/|/vendor/"
open output file /Users/lukasz/dev/cncf/gitdm/other_repos/all_kubernetes_range_unknown_2016-12-01_2017-01-01.csv

WARNING: duplicate email/empl for pekowski@gmail.com
WARNING: duplicate email/empl for thingee@gmail.com
WARNING: duplicate email/empl for t.trifonov@gmail.com
WARNING: duplicate email/empl for lyz@princessleia.com
WARNING: duplicate email/empl for robertc@robertcollins.net
WARNING: duplicate email/empl for clint@fewbar.com
WARNING: duplicate email/empl for andrew@linuxjedi.co.uk
WARNING: duplicate email/empl for duncan.thomas@gmail.com
WARNING: duplicate email/empl for kiall@managedit.ie
WARNING: duplicate email/empl for devananda.vdv@gmail.com
WARNING: duplicate email/empl for zaro0508@gmail.com
WARNING: duplicate email/empl for shrewsbury.dave@gmail.com
WARNING: duplicate email/empl for j3p0uk@hotmail.com
WARNING: duplicate email/empl for me@mark.atwood.name
WARNING: duplicate email/empl for slicknik@gmail.com
WARNING: duplicate email/empl for cmsj@tenshu.net
WARNING: duplicate email/empl for anteaya@anteaya.info
WARNING: duplicate email/empl for greg@greghaynes.net
WARNING: duplicate email/empl for matt@mattfarina.com
WARNING: duplicate email/empl for jp@jamezpolley.com
WARNING: duplicate email/empl for steven@wedontsleep.org
WARNING: duplicate email/empl for gleebix@gmail.com
WARNING: duplicate email/empl for code@gentlydownthe.net
WARNING: duplicate email/empl for morgan.fainberg@gmail.com
WARNING: duplicate email/empl for jeblair@hp.com
WARNING: duplicate email/empl for juliaashleykreger@gmail.com
WARNING: duplicate email/empl for stephane@alum.mit.edu
WARNING: duplicate email/empl for kragniz@gmail.com
WARNING: duplicate email/empl for wchrisjohnson@gmail.com
WARNING: duplicate email/empl for daisy.ycguo@gmail.com
WARNING: duplicate email/empl for mordred@inaugust.com
WARNING: duplicate email/empl for zxkuqyb@gmail.com
WARNING: duplicate email/empl for amigliaccio@internap.com
WARNING: duplicate email/empl for yorik.sar@gmail.com
WARNING: duplicate email/empl for e0ne@e0ne.info
WARNING: duplicate email/empl for gabriel@strikeawe.com
WARNING: duplicate email/empl for heckj@mac.com
WARNING: duplicate email/empl for ke.wu@ibeca.me
WARNING: duplicate email/empl for rushi.agr@gmail.com
WARNING: duplicate email/empl for salv.orlando@gmail.com
WARNING: duplicate email/empl for tushar.vitthal.patil@gmail.com
WARNING: duplicate email/empl for jmckenty@gmail.com
WARNING: duplicate email/empl for anne@openstack.org
WARNING: duplicate email/empl for breu@breu.org
WARNING: duplicate email/empl for cbehrens@codestud.com
WARNING: duplicate email/empl for clay.gerrard@gmail.com
WARNING: duplicate email/empl for corywright@gmail.com
WARNING: duplicate email/empl for cp16net@gmail.com
WARNING: duplicate email/empl for cthier@gmail.com
WARNING: duplicate email/empl for darren.birkett@gmail.com
WARNING: duplicate email/empl for dolph.mathews@gmail.com
WARNING: duplicate email/empl for ed@leafe.com
WARNING: duplicate email/empl for github@highbridgellc.com
WARNING: duplicate email/empl for greglange@gmail.com
WARNING: duplicate email/empl for hugh@wherenow.org
WARNING: duplicate email/empl for imsplitbit@gmail.com
WARNING: duplicate email/empl for jason@koelker.net
WARNING: duplicate email/empl for jcruz7@gmail.com
WARNING: duplicate email/empl for josh@jk0.org
WARNING: duplicate email/empl for mattt@defunct.ca
WARNING: duplicate email/empl for mbasnight@gmail.com
WARNING: duplicate email/empl for mike@weirdlooking.com
WARNING: duplicate email/empl for msherborne@gmail.com
WARNING: duplicate email/empl for naveedm9@gmail.com
WARNING: duplicate email/empl for paul@openstack.org
WARNING: duplicate email/empl for rnirmal@gmail.com
WARNING: duplicate email/empl for rconradharris@gmail.com
WARNING: duplicate email/empl for thierry@openstack.org
WARNING: duplicate email/empl for throughnothing@gmail.com
WARNING: duplicate email/empl for yoga80@yahoo.com
WARNING: duplicate email/empl for mark.washenberger@markwash.net
WARNING: duplicate email/empl for p@draigbrady.com
WARNING: duplicate email/empl for zaitcev@kotori.zaitcev.us
WARNING: duplicate email/empl for julie.pichon@gmail.com
WARNING: duplicate email/empl for ghe@debian.org
WARNING: duplicate email/empl for sorrison@gmail.com
yarntime@163.com is an author name, probably not what you want
henry.nash@uk.ibm.com is an author name, probably not what you want
unknown@hacker.net Unknown hacker
wojtekt@google.com Wojciech Tyczynski
	unknown [4128, 1670]
	devel-doc [136, 0]
	code [40, 23]
	documentation [1, 0]
jvallejo@redhat.com juanvallejo
	unknown [229, 31]
	devel-doc [1, 0]
tan.shanshan@zte.com.cn tanshanshan
	unknown [67, 42]
	devel-doc [14, 14]
lin.youchong@zte.com.cn linyouchong
	unknown [2, 2]
foxish@users.noreply.github.com Anirudh Ramanathan
	unknown [594, 50]
	devel-doc [5, 0]
ramanathana@google.com Anirudh
	unknown [42, 7]
	devel-doc [40, 0]
	code [52, 0]
	build [20, 2]
ykuoka@gmail.com Yusuke Kuoka
	unknown [6836, 1749]
	devel-doc [142, 173]
	code [1, 1]
	build [13, 5]
mwielgus@google.com Marcin Wielgus
	unknown [6536, 3173]
	devel-doc [3, 1]
	documentation [1, 0]
thebigjc@gmail.com thebigjc
	unknown [996, 88]
	devel-doc [8, 4]
dan.gillespie@coreos.com Dan Gillespie
	unknown [6, 2]
me@quentin-machu.fr Quentin Machu
	unknown [20, 23]
	code [5, 5]
aaronjlevy@gmail.com Aaron Levy
	unknown [1096, 294]
	devel-doc [72, 14]
	code [21, 20]
	build [1, 1]
pb@coreos.com Patrick Baxter
	unknown [58, 46]
	code [5, 5]
	build [1, 1]
fbranczyk@gmail.com Frederic Branczyk
	unknown [73, 245]
	devel-doc [16, 76]
	code [0, 103]
xiangli.cs@gmail.com Xiang Li
	unknown [2717, 37]
	devel-doc [87, 0]
mstrzele@users.noreply.github.com Maciej Strzelecki
	unknown [9, 8]
	devel-doc [1, 1]
fabian@progra.de Fabian Ruff
	unknown [34, 3]
	devel-doc [10, 1]
jack.zampolin@gmail.com Jack Zampolin
	unknown [809, 23]
	devel-doc [204, 127]
	documentation [104, 24]
jotadrilo@users.noreply.github.com jotadrilo
	unknown [13, 13]
viglesias@google.com Vic Iglesias
	unknown [192, 12]
	devel-doc [30, 0]
	documentation [32, 1]
adnan@prydoni.us Adnan Abdulhussein
	unknown [2, 0]
michelle@deis.com Michelle Noorali
	unknown [399, 39420]
	devel-doc [4, 181]
	image [0, 1943]
	build [0, 41]
shanestarcher@gmail.com Shane Starcher
	unknown [220, 0]
	devel-doc [96, 0]
	documentation [20, 0]
chris@sapho.com Christopher Montes
	unknown [164, 0]
	devel-doc [79, 0]
	documentation [15, 0]
lars@radicore.se Lars Sjöström
	unknown [3, 2]
incognym@googlemail.com dbaumgarten
	unknown [1, 1]
	devel-doc [1, 1]
eiki@greenqloud.com Eirikur S. Hrafnsson
	unknown [7, 7]
	devel-doc [1, 1]
gtaylor@users.noreply.github.com Greg Taylor
	unknown [152, 3]
	devel-doc [66, 0]
	documentation [25, 0]
zanhsieh@gmail.com zanhsieh
	unknown [592, 91]
	devel-doc [42, 26]
	documentation [39, 0]
sameer@damagehead.com Sameer Naik
	unknown [1359, 0]
	devel-doc [451, 0]
	documentation [195, 0]
marcosbc@users.noreply.github.com Marcos Bjørkelund
	unknown [2, 2]
hunternield@gmail.com Hunter Nield
	unknown [186, 0]
	devel-doc [94, 0]
	documentation [14, 0]
jainishshah@yahoo.com jainish shah
	unknown [10, 20]
	devel-doc [7, 1]
	documentation [18, 2]
linki@users.noreply.github.com Martin Linkhorst
	unknown [15, 15]
dhilipsiva@gmail.com dhilipsiva
	devel-doc [1, 1]
mike.splain@barkly.com Mike Splain
	unknown [2, 2]
lachie83@users.noreply.github.com Lachlan Evenson
	unknown [135, 4]
	devel-doc [84, 3]
	documentation [22, 0]
ryan@ryanmaclean.com Ryan MacLean
	devel-doc [1, 1]
caesarxuchao@users.noreply.github.com Chao Xu
	unknown [2638, 2874]
	devel-doc [368, 370]
	code [8, 92]
mehdy@google.com Mehdy Bohlool
	unknown [53, 17]
	devel-doc [48, 29]
	code [1477, 1248]
	documentation [2, 1]
webwurst@gmail.com Tobias Bradtke
	code [2, 2]
dhodovsk@redhat.com Dominika Hodovska
	unknown [27, 12]
	documentation [0, 0]
jchaloup@redhat.com Jan Chaloupka
	unknown [365, 152]
	devel-doc [66, 21]
zihongz@google.com Zihong Zheng
	unknown [2900, 2000]
	devel-doc [61, 18]
	code [40, 50]
	build [25, 30]
bowei.du@gmail.com Bowei Du
	unknown [2219, 1974]
	devel-doc [304, 293]
	code [229, 564]
	build [520, 287]
	documentation [1, 2]
xingzhou@cn.ibm.com Xing Zhou
	unknown [362, 101]
	devel-doc [32, 32]
maszulik@redhat.com Maciej Szulik
	code [6, 16]
	unknown [2369, 6848]
	devel-doc [14, 184]
	documentation [0, 0]
ccoleman@redhat.com Clayton Coleman
	code [5, 3]
	unknown [12677, 7911]
	devel-doc [755, 308]
	documentation [0, 0]
sross@redhat.com Solly Ross
	unknown [3414, 430]
	devel-doc [189, 0]
	documentation [0, 0]
pmorie@redhat.com Paul Morie
	unknown [859, 102]
	devel-doc [116, 81]
	code [409, 6]
	build [81, 32]
	documentation [60, 2]
lukaszoles@gmail.com Łukasz Oleś
	unknown [194, 4]
	build [1, 1]
brandon.philips@coreos.com Brandon Philips
	unknown [201, 49]
	image [0, 0]
	devel-doc [3, 2]
shyamjvs@google.com Shyam JVS
	unknown [484, 83]
	code [542, 300]
verb@google.com Lee Verberne
	unknown [63, 1]
	code [1, 0]
michael.fraenkel@gmail.com Michael Fraenkel
	unknown [721, 17]
	documentation [1, 0]
fab.reinartz@gmail.com Fabian Reinartz
	unknown [186, 18]
hchiramm@redhat.com hchiramm
	unknown [139, 5]
andrew@wattpad.com andrewsykim
	unknown [7, 5]
clove@cnmconsulting.net Chris Love
	unknown [3448, 73]
	devel-doc [86, 66]
	code [56, 12]
	build [3, 13]
dromlein@apprenda.com Dan Romlein
	devel-doc [1, 1]
saadali@google.com Saad Ali
	unknown [5, 8]
	devel-doc [604, 206]
liugya@cn.ibm.com Guang Ya Liu
	unknown [6, 6]
	devel-doc [6, 3]
chenr.fnst@cn.fujitsu.com xilabao
	unknown [230, 118]
	devel-doc [6, 1]
	code [58, 8]
gyliu513@gmail.com Guangya Liu
	unknown [1, 1]
eparis@redhat.com Eric Paris
	unknown [1327, 1027]
	code [23, 25]
	build [12, 6]
euan.kemp@coreos.com Euan Kemp
	unknown [1845, 414]
	devel-doc [33, 2]
	code [15, 5]
	build [11, 1]
ihor.dvoretskyi@gmail.com Ihor Dvoretskyi
	unknown [118, 31]
energylyn@zju.edu.cn yanan Lee
	unknown [162, 162]
	devel-doc [9, 9]
mail@frederic-hemberger.de Frederic Hemberger
	unknown [2, 2]
k82cn@icloud.com Klaus Ma
	unknown [134, 14]
	devel-doc [4, 0]
	documentation [0, 1]
djmm@google.com David McMahon
	unknown [147, 50]
	devel-doc [19, 6]
	code [9, 3]
senlu@google.com Sen Lu
	unknown [113, 493]
	devel-doc [53, 0]
	code [202, 3885]
	build [59, 8]
	documentation [75, 1]
vikilwq@zju.edu.cn liwenqi
	unknown [13, 13]
pigmej@gmail.com Jędrzej Nowak
luo612@zju.edu.cn Jie Luo
	unknown [14, 14]
xihuanbo_0521@zju.edu.cn Xinbo Weng
	unknown [67, 67]
	code [44, 46]
	documentation [1, 1]
thockin@google.com Tim Hockin
	unknown [1263, 428]
	devel-doc [15, 2]
	code [62, 2]
	build [52, 56]
21651152@zju.edu.cn tim-zju
	unknown [492, 494]
	devel-doc [1, 1]
	code [6, 6]
	documentation [40, 40]
jgrafton@google.com Jeff Grafton
	unknown [59, 37]
	devel-doc [44, 28]
	code [170, 147]
	build [20, 15]
	documentation [2, 0]
elijahcainemv@gmail.com Elijah C. Voigt
	unknown [93, 94]
ffranz@redhat.com Fabiano Franz
	unknown [217, 33]
	devel-doc [1, 1]
deads@redhat.com deads2k
	unknown [10122, 3033]
	devel-doc [1016, 116]
	code [609, 249]
	build [41, 17]
	documentation [6, 2]
qinglanpeng@zju.edu.cn Qinglan Peng
	unknown [144, 170]
github@lvlv.email Lv Lv
	unknown [179, 0]
zhao.xiangpeng@zte.com.cn xiangpengzhao
	unknown [58, 14]
	devel-doc [1, 1]
mikedanese@gmail.com Mike Danese
	unknown [286, 169]
	devel-doc [1606, 2967]
	code [99, 165]
	build [8, 4]
	documentation [0, 0]
fangyuhao@gmail.com x1957
	devel-doc [2, 2]
joe.github@bedafamily.com Joe Beda
	unknown [225, 6]
	devel-doc [2, 0]
hongchaodeng@users.noreply.github.com Hongchao Deng
	unknown [162, 130]
	devel-doc [1, 0]
bgrant0607@users.noreply.github.com Brian Grant
	unknown [194, 142]
	devel-doc [2, 1]
casey@tigera.io Casey Davenport
	devel-doc [46, 4]
tomasz@napierala.org Tomasz Napierala
	devel-doc [2, 1]
mixia@google.com Minhan Xia
	unknown [397, 825]
	devel-doc [1, 50]
harryz@hyper.sh Harry Zhang
	unknown [206, 47]
	devel-doc [1, 0]
contact@tmrts.com Tamer Tas
	unknown [53, 0]
yjhong@google.com Yu-Ju Hong
	unknown [267, 77]
	code [2125, 337]
stclair@google.com Tim St. Clair
	unknown [923, 250]
	devel-doc [12, 2]
	code [3, 3]
decarr@redhat.com Derek Carr
	unknown [871, 493]
	devel-doc [4, 3]
	documentation [1, 0]
sarah.novotny@gmail.com sarahnovotny
	devel-doc [403, 0]
sgordon@redhat.com Stephen Gordon
	devel-doc [7, 2]
mengqiy@google.com Mengqi Yu
	unknown [632, 8]
	devel-doc [5, 0]
email@michaeldolan.com Mike Dolan
	unknown [1, 0]
madhusudancs@google.com Madhusudan.C.S
	unknown [100, 20]
	devel-doc [9, 1]
	code [25, 57]
robertbailey@google.com Robert Bailey
	unknown [132, 0]
feiskyer@gmail.com Pengfei Ni
	unknown [1040, 883]
	devel-doc [5, 1]
jberkus@redhat.com Josh Berkus
	unknown [110, 4]
	documentation [0, 0]
kris@nivenly.com Kris Childress
	unknown [1825, 166]
	devel-doc [38, 20]
	code [2, 2]
	image [0, 0]
jonathanboulle@gmail.com Jonathan Boulle
	unknown [2, 2]
aledbf@gmail.com Manuel de Brito Fontes
	unknown [1284, 528]
	devel-doc [1, 1]
	code [2, 2]
	build [7, 3]
	documentation [31, 13]
grod@google.com Garrett Rodrigues
	unknown [528, 88]
	devel-doc [6, 6]
omer.zach@gmail.com Omer Zach
	devel-doc [1, 1]
leave24534@gmail.com du0625
	unknown [20, 20]
	devel-doc [1, 1]
	code [1, 4]
dusty@dustymabe.com Dusty Mabe
	unknown [2, 2]
	devel-doc [2, 2]
ysooolt@gmail.com Zsolt Molnar
	devel-doc [6, 14]
ghe@debian.org Ghe Rivero
	unknown [1, 1]
	devel-doc [1, 1]
rmmh@google.com Ryan Hitchman
	unknown [1078, 172]
	code [138, 32]
	build [5, 5]
	documentation [38, 12]
owensk@google.com Kenneth Owens
	unknown [2073, 406]
	devel-doc [258, 11]
	code [273, 78]
	build [15, 2]
lucascegatti@gmail.com Lucas Cegatti
	unknown [57, 28]
	code [2, 1]
beeps@google.com bprashanth
	unknown [1534, 106]
	devel-doc [231, 7]
	build [3, 3]
spxtr@google.com Joe Finney
	devel-doc [1043, 61]
	code [396, 326]
	unknown [1593, 1007]
	image [0, 0]
	documentation [31, 45]
	build [127, 107]
lvnilesh@users.noreply.github.com Nilesh Londhe
	unknown [15, 2]
hiroshi3110@gmail.com Hiroshi Saito
	devel-doc [2, 2]
apelisse@google.com Antoine Pelisse
	unknown [7, 44]
	documentation [8, 4]
gmarek@google.com gmarek
	code [10, 11]
	unknown [1393, 115]
	devel-doc [11, 1]
	documentation [704, 704]
	build [2, 2]
shubham@linux.com Shubham
	unknown [542, 16]
	devel-doc [1, 1]
	code [58, 0]
jacek.lakis@intel.com Jacek J. Łakis
	unknown [28, 1]
asarai@suse.de Aleksa Sarai
	unknown [1, 1]
	devel-doc [20, 35]
	build [19, 0]
runcom@redhat.com Antonio Murdaca
	unknown [599, 130]
	devel-doc [41, 70]
	code [158, 41]
nalin@redhat.com Nalin Dahyabhai
	unknown [244, 0]
	code [114, 0]
	build [13, 2]
mrunal@me.com Mrunal Patel
	unknown [119, 31]
	code [18, 8]
sameo@linux.intel.com Samuel Ortiz
	unknown [405, 50]
	code [156, 1]
michal@kinvolk.io Michal Rostecki
	unknown [4, 2]
crazykev@zju.edu.cn Crazykev
	unknown [1169, 637]
	code [23, 1]
	build [5, 0]
xlgao@zju.edu.cn Xianglin Gao
	unknown [232, 122]
	devel-doc [15, 0]
	code [319, 56]
	build [2, 2]
vbatts@hashbangbash.com Vincent Batts
	unknown [6, 5]
	build [1, 1]
dwalsh@redhat.com Dan Walsh
	unknown [174, 2]
	build [19, 5]
rob@rob-franken.nl Rob Franken
	unknown [256, 60]
	code [301, 130]
	documentation [4, 1]
cs006061@gmail.com Kodai Sakabe
li.xialong@zte.com.cn Peter Lee
	unknown [38, 38]
vandelaerjoren@gmail.com JorenVDL
	unknown [1, 1]
ianlewis@google.com Ian Lewis
	unknown [180, 18]
	code [20, 16]
saturnism@users.noreply.github.com Ray Tsang
	unknown [98, 12]
christoph.held@est.fujitsu.com Christoph Held
	unknown [80, 0]
jbelamaric@infoblox.com John Belamaric
	unknown [185, 0]
chen.tao3@zte.com.cn chentao1596
	unknown [17, 19]
	devel-doc [5, 5]
aditya@portworx.com Aditya Dani
	unknown [1297, 0]
	devel-doc [2079, 0]
	documentation [0, 0]
deimos@deimos.fr Deimosfr
	unknown [8, 0]
alexdwanerobinson@gmail.com Alex Robinson
	unknown [58, 0]
	devel-doc [2, 2]
	code [2, 2]
mkargaki@redhat.com Michail Kargakis
	code [8, 0]
	unknown [1224, 293]
	devel-doc [6, 5]
	documentation [0, 0]
lucas.kaldstrom@hotmail.co.uk Lucas Käldström
	unknown [1079, 725]
	devel-doc [60, 10]
	code [0, 6]
	build [24, 20]
	documentation [1, 0]
stefan.schimanski@gmail.com Dr. Stefan Schimanski
	unknown [2124, 1541]
	devel-doc [274, 118]
	code [21, 11]
	documentation [0, 0]
pu.junqi@zte.com.cn tianshapjq
	unknown [43, 33]
	devel-doc [2, 2]
	documentation [0, 1]
obnox@redhat.com Michael Adam
	unknown [743, 37]
	devel-doc [19, 3]
elson.rodriguez@gmail.com Elson Rodriguez
	unknown [4, 0]
	devel-doc [6, 6]
wongma7@users.noreply.github.com Matthew Wong
	unknown [3322, 1572]
	devel-doc [416, 182]
	build [4, 4]
calebamiles@users.noreply.github.com caleb miles
	unknown [36, 477]
	devel-doc [1, 0]
	code [0, 861]
	build [0, 3]
spiffxp@gmail.com Aaron Crickenberger
	unknown [124, 20]
pwittroc@google.com Phillip Wittrock
	devel-doc [3325, 3291]
	code [61192, 61186]
	unknown [100265, 50439]
	image [3247, 3247]
	documentation [26302, 26302]
	ui [71, 71]
	build [114, 57]
enisoc@google.com Anthony Yeh
	unknown [220, 169]
davidopp@google.com David Oppenheimer
	unknown [1, 0]
aps.sids@gmail.com Aman
	unknown [5, 11]
	devel-doc [5, 0]
martijni@topdesk.com Martijn van Iersel
	unknown [21, 16]
aleksandram@google.com Aleksandra Malinowska
	unknown [121, 89]
	build [1, 1]
chance.zibolski@coreos.com Chance Zibolski
	unknown [7, 4]
dongziming@zju.edu.cn dongziming
	unknown [58, 58]
	documentation [5, 5]
da.colonel@gmail.com Denis Andrejew
	unknown [2, 2]
almogbaku@rimoto.com Almog Baku
	devel-doc [1, 1]
pszczesniak@google.com Piotr Szczesniak
	unknown [121, 69]
	devel-doc [0, 2]
	code [0, 1]
	build [34, 23]
andy.xning@gmail.com andy xie
	unknown [710, 317]
	devel-doc [27, 3]
	build [11, 7]
almog.baku@gmail.com AlmogBaku
	unknown [2, 2]
evan.pease@gmail.com Evan Pease
	unknown [329, 31]
zoidbergwill@gmail.com William Martin Stewart
	devel-doc [1, 1]
agalitsyn@users.noreply.github.com Anton Galitsyn
	unknown [221, 85]
mboersma@deis.com Matt Boersma
	unknown [2, 2]
	devel-doc [6, 6]
adamreese@users.noreply.github.com Adam Reese
	unknown [872, 710]
	devel-doc [46, 35]
	code [1, 4]
mbutcher@deis.com Matt Butcher
	unknown [392, 115]
	devel-doc [83, 1]
	code [1, 1]
admin@toph.ca Christoph Blecker
	unknown [1, 1]
	devel-doc [8, 7]
wilkers.steve@gmail.com Steve Wilkerson
	unknown [7, 7]
nicolas.lamirault@gmail.com Nicolas Lamirault
	unknown [1, 1]
	build [7, 5]
kmala@deis.com Keerthan Reddy Mala (kmala)
	unknown [1, 1]
bjozsa@jinkit.com Brandon B. Jozsa
	unknown [1, 2]
taylor.l.thomas@intel.com Taylor Thomas
	unknown [287, 167]
	devel-doc [149, 8]
eli@iame.li Eli Mallon
	unknown [57, 2]
raviqqe@gmail.com Yota Toyama
	unknown [1, 1]
tamal@appscode.com Tamal Saha
	unknown [1, 0]
marius.grigoriu@me.com Marius Grigoriu
	unknown [12, 3]
mfisher@deis.com Matthew Fisher
	unknown [32, 0]
nikolay.makhotkin@gmail.com Nikolay Mahotkin
	unknown [364, 183]
long@nomadreact.com Long Nguyen
	unknown [1, 1]
rodcloutier@gmail.com rodcloutier
	unknown [284, 58]
	devel-doc [22, 0]
	documentation [1, 0]
	image [8, 0]
	package [0, 0]
mayur.nagekar@gmail.com Miyurz
	build [5, 8]
matt@mattfarina.com Matt Farina
	unknown [16, 6]
	devel-doc [1, 0]
vaughn@deis.com Vaughn Dice
	unknown [32, 18]
accounts@ahawkins.me Adam Hawkins
	devel-doc [1, 1]
andrew.stuart2@gmail.com Andrew Stuart
	unknown [343, 61]
johncarlhofman@gmail.com John Hofman
	unknown [6, 6]
morten.lied.johansen@finn.no Morten Lied Johansen
	unknown [1, 1]
roelboel@xs4all.nl Rollulus
	unknown [1, 1]
gianrubio@gmail.com Giancarlo Rubio
	unknown [59, 12]
	documentation [4, 1]
justin@fathomdb.com Justin Santa Barbara
	code [87, 11]
	unknown [18159, 6744]
	devel-doc [130, 10]
	documentation [3, 6]
	build [73, 33]
marcin@owsiany.pl Marcin Owsiany
	unknown [5, 1]
lichen.hangzhou@gmail.com Chen Li
	unknown [1, 1]
bogdando@mail.ru Bogdan Dobrelya
	unknown [2180, 1061]
	devel-doc [5, 5]
	code [35, 6]
	build [9, 7]
robertspencersmith@gmail.com Spencer Smith
	unknown [60, 3]
mmosesohn@mirantis.com Matthew Mosesohn
	unknown [448, 116]
	code [623, 50]
	build [31, 0]
	documentation [4, 0]
adidenko@mirantis.com Aleksandr Didenko
	unknown [399, 75]
	image [0, 0]
ablock84@gmail.com Alexander Block
	unknown [1240, 414]
	image [0, 0]
	code [46, 1]
	build [24, 1]
	devel-doc [64, 0]
brad.beam@b-rad.info Brad Beam
	unknown [139, 7]
	devel-doc [104, 22]
swizzlr@users.noreply.github.com Thomas Catterall
	unknown [3, 0]
	devel-doc [4, 4]
antoine.legrand@coreos.com Antoine Legrand
	unknown [220, 32]
	build [2, 2]
genti.t@gmail.com Genti Topija
	unknown [4, 0]
sammiestoel@gmail.com Sam Stoelinga
	unknown [1, 1]
smainklh@gmail.com Smaine Kahlouch
	devel-doc [4, 4]
2t.antoine@gmail.com ant31
	unknown [84, 6]
bodepd@gmail.com Dan Bode
	unknown [1, 1]
martin.vladev@gmail.com fen4o
	unknown [2, 0]
surajssd009005@gmail.com Suraj Deshmukh
	unknown [305, 79]
	devel-doc [14, 0]
	code [10, 0]
abhishek@linux.com Abhishek
	unknown [104, 95]
	devel-doc [8, 8]
	code [45, 45]
rtnpro@gmail.com Ratnadeep Debnath
	unknown [372, 343]
charlie@charliedrage.com Charlie Drage
	unknown [563, 354]
	devel-doc [1, 7]
	code [254, 0]
tkral@redhat.com Tomas Kral
	unknown [702, 256]
	devel-doc [6, 3]
	code [4, 5]
	build [5, 0]
ng.tuna@gmail.com Tuna
	unknown [72, 1]
cab@cabnetworks.net Chris Baumbauer
	unknown [10, 1]
runseb@gmail.com sebgoa
	devel-doc [25, 4]
tazjin@gmail.com Vincent Ambo
	unknown [6, 0]
yissachar.radcliffe@caseware.com Yissachar Radcliffe
	unknown [256, 0]
swebber68@gmail.com Scott Webber
	unknown [43, 0]
matt@skillshare.com Matt Condon
	unknown [6, 5]
duncan.mcnaught@welltok.com Duncan McNaught
	unknown [14, 4]
	devel-doc [10, 4]
mmaglana@gmail.com Mark S. Maglana
	unknown [3, 0]
zml@google.com Zach Loafman
	unknown [1005, 95]
	devel-doc [0, 18]
	code [208, 379]
	build [29, 37]
	documentation [1, 0]
justin.r.nauman+github@gmail.com Justin Nauman
	unknown [11, 8]
keglevich2@gmail.com vendrov
	unknown [24, 3]
	devel-doc [2, 0]
	build [1, 0]
j@kingori.co King'ori Maina
	unknown [4, 4]
heschlie@gmail.com heschlie
	unknown [1166, 12]
	code [1, 1]
vince.montalbano@gmail.com Vince Montalbano
	unknown [38, 5]
	build [29, 20]
mrwacky42@users.noreply.github.com Sharif Nassar
	unknown [1, 1]
robertojrojas@gmail.com Roberto J Rojas
	unknown [98, 26]
rlmcpherson@gmail.com Randall McPherson
	unknown [291, 111]
johnwchadwick@gmail.com John Chadwick
	devel-doc [5, 3]
bjarke.vad90@gmail.com Bjarke Vad Andersen
	unknown [1, 2]
icereval@gmail.com icereval
	unknown [1064, 526]
kmoving@gmail.com yancl
	unknown [2, 2]
alok.singh@practo.com alok87
	unknown [505, 141]
wplatnick@gmail.com Will Platnick
	unknown [30, 0]
	devel-doc [16, 6]
	code [30, 0]
razic@viralkitty.com Zachary Adam Kaplan
	unknown [61, 0]
	devel-doc [1, 1]
ydradcliffe@gmail.com yissachar
	unknown [14, 1]
neoclimber@gmail.com Jordi
andrejvanderzee@gmail.com Andrej van der Zee
	unknown [7, 3]
jordi.miguel@schibsted.com Jordi Miguel
	unknown [124, 57]
chris.knowles@bitgamelabs.com Chris Knowles
	unknown [388, 88]
	devel-doc [1, 3]
tarvi@salemove.com Tarvi Pillessaar
	unknown [24, 10]
dimitar@thoughtmachine.net dimitar
	unknown [2, 0]
daniel.martins@descomplica.com.br Daniel Fernandes Martins
	unknown [4, 4]
everpeace@gmail.com Shingo Omura
	unknown [1, 1]
matt.fellows@onegeek.com.au Matt Fellows
	unknown [1, 0]
dominik.schulz@gauner.org Dominik Schulz
	unknown [474, 12]
	devel-doc [21, 0]
frodenas@gmail.com Ferran Rodenas
	unknown [2, 1]
slaws@users.noreply.github.com slaws
	unknown [251, 0]
	devel-doc [6, 0]
luke@mallon.io Luke Mallon
	unknown [11, 5]
	devel-doc [5, 5]
ppospisi@redhat.com pospispa
	unknown [62, 14]
	devel-doc [6, 4]
dconstenla@gradiant.org David Constenla
	unknown [34, 133]
danw@redhat.com Dan Winship
	unknown [9, 23]
	code [1, 1]
yuquan.ren@easystack.cn NickrenREN
	unknown [115, 63]
nakayamakenjiro@gmail.com Kenjiro Nakayama
	unknown [5, 3]
moonfang@tencent.com moonfang(房孝敬)
	unknown [12, 0]
zhaohuizhi@gmail.com Hui-Zhi
	unknown [228, 21]
elipapa@users.noreply.github.com elipapa
	unknown [1, 0]
ouyang.qinhua@zte.com.cn bruceauyeung
	unknown [46, 46]
	documentation [26, 26]
dcbw@redhat.com Dan Williams
	unknown [830, 242]
	devel-doc [27, 51]
jliggitt@redhat.com Jordan Liggitt
	unknown [2410, 1996]
	devel-doc [240, 103]
	code [1, 1]
cristian.pop@bigstep.com Cristian Pop
	unknown [42, 10]
mayank.kumar@salesforce.com Mayank Kumar
	unknown [4, 4]
bburns@google.com Brendan Burns
	unknown [1450, 165]
	translation [150, 0]
	code [193, 1]
	devel-doc [845, 1]
	documentation [5, 0]
liu.hao89@zte.com.cn foxyriver
	unknown [56, 59]
forrestchen@tencent.com forrestchen
	unknown [25, 0]
irfan.rehman@huawei.com Irfan Ur Rehman
	unknown [156, 38]
	devel-doc [2, 0]
	code [2, 2]
ishvedunov@mirantis.com Ivan Shvedunov
	unknown [4, 7]
dgoodwin@redhat.com Devan Goodwin
	unknown [543, 49]
	devel-doc [1, 0]
rrati@redhat.com Robert Rati
	unknown [1222, 1286]
	devel-doc [1, 1]
msau@google.com Michelle Au
	unknown [70, 70]
sjenning@redhat.com Seth Jennings
	unknown [354, 223]
	devel-doc [3, 2]
	documentation [0, 0]
dominika.krzyszczyk@intel.com Dominika Krzyszczyk
	unknown [195, 164]
nikhiljindal@google.com nikhiljindal
	unknown [166, 29]
	code [3313, 2963]
	build [1, 0]
hchen@redhat.com Huamin Chen
	unknown [30, 3]
	devel-doc [1, 0]
acidburn@google.com Jess Frazelle
	unknown [158, 33]
	devel-doc [143, 64]
	code [17, 4]
	documentation [589, 551]
peay@protonmail.com peay
	unknown [144, 54]
agoldste@redhat.com Andy Goldstein
	unknown [70, 46]
	devel-doc [4, 3]
yashulyak@gmail.com Dmitry Shulyak
	unknown [258, 147]
	devel-doc [0, 1]
andrew.oneill@nordstrom.com Andrew O'Neill
	unknown [10, 9]
yifan.gu@coreos.com Yifan Gu
	code [37, 23]
	unknown [0, 1]
	devel-doc [8, 8]
	documentation [3, 5]
	build [2, 3]
shashidhara.td@huawei.com shashidharatd
	unknown [52, 34]
	devel-doc [1, 0]
	code [49, 3]
rkouj@google.com rkouj
	unknown [1506, 1134]
	devel-doc [24, 2]
jungong@tencent.com Jun Gong
	unknown [40, 25]
	documentation [1, 0]
jsz@google.com Jerzy Szczepkowski
	unknown [82, 10]
	code [54, 12]
cjcullen@google.com CJ Cullen
	unknown [24, 0]
jinxu@google.com Jing Xu
	unknown [47, 18]
	devel-doc [1, 0]
marko.luksa@gmail.com Marko Luksa
	unknown [13, 4]
dawnchen@google.com Dawn Chen
	unknown [64, 21]
	devel-doc [3, 1]
	code [9, 0]
	build [1, 0]
sid@rancher.com wlan0
	unknown [39, 53]
	devel-doc [5, 16]
eric.chiang.m@gmail.com Eric Chiang
	unknown [373, 569]
	devel-doc [0, 3]
remon.lam@lamnet.nl Remon Lam
	code [1, 0]
sritesh@vmware.com Ritesh H Shukla
	unknown [120, 92]
	devel-doc [193, 31]
	code [0, 1110]
	build [14, 16]
lukasz.szaszkiewicz@gmail.com p0lyn0mial
	unknown [333, 120]
taotaotheripper@gmail.com Random-Liu
	unknown [730, 222]
	devel-doc [8, 0]
	code [80, 13]
	documentation [1, 0]
vmik@google.com Mik Vyatskov
	unknown [70, 123]
	code [3, 4]
	build [11, 3]
likexu@harmonycloud.cn Aaron.L.Xu
	unknown [76, 76]
	devel-doc [4, 4]
	code [5, 5]
alexander.kanevskiy@intel.com Alexander Kanevskiy
	unknown [13, 9]
	devel-doc [1, 1]
	code [1, 1]
	documentation [1, 1]
shiywang@redhat.com Shiyang Wang
	unknown [2, 2]
hekumar@redhat.com Hemant Kumar
	unknown [85, 17]
jianhui.zhou@huawei.com jianhuiz
	unknown [2295, 39]
	devel-doc [127, 0]
gus@inodes.org Angus Lees
	unknown [9, 6]
jcope@redhat.com Jon Cope
	unknown [682, 261]
	devel-doc [1, 0]
mf6510@att.com Ciello89
	devel-doc [1, 1]
yu.peng36@zte.com.cn yupeng
	unknown [14, 14]
krousey@google.com Kris
	unknown [242, 45]
jsafrane@redhat.com Jan Safranek
	unknown [483, 141]
	devel-doc [3, 0]
mbauer@us.ibm.com Morgan Bauer
	unknown [980, 86]
	devel-doc [30, 0]
	code [1, 1]
	build [6, 1]
mml@users.noreply.github.com Matt Liggett
chiachenk@google.com Janet Kuo
	unknown [3305, 3313]
	devel-doc [5, 6]
	code [23, 2]
	documentation [77770, 4644]
dashpole@google.com David Ashpole
	unknown [58, 22]
jaescobar.cell@gmail.com Alejandro Escobar
	unknown [19, 10]
	code [51, 39]
mkhan@redhat.com Monis Khan
	unknown [0, 3]
jwhitlock@apache.org Jeremy Whitlock
	code [6, 4]
xuliker@zju.edu.cn aaronxu
	unknown [13, 13]
	code [6, 6]
xuxinkun@gmail.com xuxinkun
	code [1, 1]
ameyd@google.com Amey Deshpande
	unknown [24, 0]
	code [225, 9]
sykesmat@us.ibm.com Matthew Sykes
	unknown [105, 13]
etune@google.com Eric Tune
	devel-doc [7, 1]
connor.p.doyle@intel.com Connor Doyle
	unknown [1, 0]
	devel-doc [2, 0]
	code [22, 19]
shivania@vmware.com Abrar Shivani
	unknown [19, 9]
	devel-doc [2, 6]
fejta@google.com Erick Fejta
	unknown [655, 524]
	devel-doc [41, 0]
	code [3211, 6564]
mtaufen@google.com Michael Taufen
	unknown [6, 6]
	code [81, 2]
dhawal55@gmail.com Dhawal Patel
	unknown [0, 7]
jbhurat@gmail.com Jitendra Bhurat
	unknown [65, 19]
	devel-doc [52, 46]
yarntime@163.com yarntime@163.com
	unknown [19, 14]
lzw19860818@aliyun.com LouZhengwei
	unknown [6, 1]
mevanj89@gmail.com Morgan Jones
	unknown [0, 21]
dims@linux.vnet.ibm.com Davanum Srinivas
	unknown [1, 4]
yuanying@fraction.jp OTSUKA, Yuanying
	unknown [7, 7]
	code [1, 3]
	build [1, 1]
dug@us.ibm.com Doug Davis
	unknown [469, 282]
	devel-doc [21, 15]
	code [9, 290]
	build [266, 549]
	documentation [0, 60]
tstclair@redhat.com Timothy St. Clair
	unknown [4, 39]
dave.michael@ntlworld.com David Michael
	devel-doc [1, 3]
bdontu@vmware.com Balu Dontu
	unknown [5, 2]
	build [6, 0]
robert.roland@hpe.com Robert Roland
	unknown [5, 2]
krousey@users.noreply.github.com krousey
seb@stianj.ug Sebastain Jug
	unknown [6, 2]
henry.nash@uk.ibm.com henry.nash@uk.ibm.com
	code [1, 1]
caosf.fnst@cn.fujitsu.com Cao Shufeng
	unknown [7, 8]
coolhzb@163.com AdoHe
	unknown [0, 5]
	devel-doc [0, 1]
dmcquay@apprenda.com Derek McQuay
	unknown [6, 6]
	devel-doc [2, 3]
ailusazh@126.com ailusazh
	unknown [2, 2]
dbsmith@google.com Daniel Smith
	unknown [9, 51]
	devel-doc [0, 4]
	code [0, 26]
	build [3, 3]
deads2k@users.noreply.github.com David Eads
	unknown [8, 9]
cai.yixiang@zte.com.cn caiyixiang
	unknown [4, 4]
cole.mickens@gmail.com Cole Mickens
	devel-doc [5, 0]
hello@jasonjlock.com Jason Lock
	unknown [8, 4]
jeffmendoza@google.com Jeff Mendoza
	unknown [436, 557]
	devel-doc [7, 0]
	documentation [6, 1]
	build [11, 0]
sandeepveldi@users.noreply.github.com sandeepveldi
	unknown [3, 0]
brandon.w.cole@gmail.com Brandon Cole
	unknown [13, 1]
ronald.petty@minimumdistance.com Ronald Petty
	unknown [2, 2]
geojaz@users.noreply.github.com Eric Hole
	unknown [6, 0]
stevepe@google.com steveperry-53
	unknown [477, 129]
	build [380, 0]
jgmize@users.noreply.github.com Josh Mize
	unknown [1, 1]
ben.balter@github.com Ben Balter
	unknown [861, 901]
	devel-doc [2, 0]
	documentation [119, 95]
	build [3, 2]
james@jagregory.com James Gregory
	unknown [1, 1]
ddonnelly@google.com devin-donnelly
	unknown [150, 155]
	documentation [1, 1]
jbischof@gmail.com Jared Bischof
	unknown [1, 0]
jsloyer@gmail.com Jeff Sloyer
	unknown [22, 0]
jaredbhatti@users.noreply.github.com Jared
	unknown [8, 7]
gigi-s@bigfoot.com Gigi Sayfan
	unknown [4, 4]
premanandc@gmail.com Premanand Chandrasekaran
	unknown [1, 1]
gbzhu@zju.edu.cn gbzhu
	unknown [404, 404]
	devel-doc [2, 2]
steveperry-53@users.noreply.github.com Steve Perry
waprin@google.com Bill Prin
	unknown [310, 0]
	devel-doc [2, 0]
	code [7, 0]
chenopis@google.com chenopis
	unknown [1, 1]
timcrall@gmail.com timcrall
	unknown [2, 2]
ykhrustalev@users.noreply.github.com Yuri Khrustalev
	unknown [1, 1]
stkevintan@zju.edu.cn stkevintan
	code [463, 463]
nicolai@vonneudeck.com Nicolai von Neudeck
	unknown [2, 2]
vladimir@rutsky.org Vladimir Rutsky
	unknown [5, 2]
guohaifang@zju.edu.cn guohaifang
	unknown [1, 1]
21651061@zju.edu.cn Martially
	unknown [3, 3]
guoqian@zju.edu.cn CandiceGuo
	unknown [3, 3]
andrey.chernishov@gmail.com Andrey
	documentation [1, 2]
qishen@zju.edu.cn SRaddict
	unknown [34, 34]
	devel-doc [1, 1]
	code [1, 1]
	documentation [31, 31]
kyle.ibrahim@gmail.com Kyle Ibrahim
	unknown [2, 2]
stephen.a.gordon@gmail.com Steve Gordon
	unknown [1, 1]
king-julien@users.noreply.github.com king-julien
	unknown [1, 1]
baldwin@stackpointcloud.com Matt Baldwin
	unknown [206, 0]
bibryam@gmail.com Bilgin Ibryam
	unknown [15, 15]
patelgunjan5@gmail.com Gunjan Patel
	unknown [1, 1]
cychiang0823@gmail.com Casper CY Chiang
	unknown [1, 1]
joshrosso@gmail.com joshrosso
	unknown [41, 44]
contacto@unisis.com.ar unisisdev
	unknown [8, 0]
guru@ovn.org Gurucharan Shetty
	unknown [8, 0]
hades32@gmail.com Martin Rauscher
	unknown [11, 11]
joe.rocklin@gmail.com Joe Rocklin
	unknown [1, 1]
nanopy@nanopy.com Eric Baum
	code [18, 0]
	unknown [91, 6]
	image [231, 2]
	documentation [21, 9]
jimmy@jimmycuadra.com Jimmy Cuadra
	unknown [21, 15]
andrewmoorewatson@gmail.com Andrew Watson
	unknown [2, 4]
hasahni@users.noreply.github.com hasahni
	unknown [6, 0]
ahmetalpbalkan@gmail.com Ahmet Alp Balkan
	unknown [8, 1]
grodrigues3@users.noreply.github.com grodrigues3
junaidali@plumgrid.com Junaid Ali
	documentation [1, 1]
ankurshukla@users.noreply.github.com Ankur Shukla
craig.box@gmail.com craigbox
	unknown [7, 2]
amccarthy@apprenda.com a-mccarthy
	unknown [6, 6]
criviere@cisco.com Chris Riviere
jeffschroeder@computer.org Jeff Schroeder
	unknown [2, 2]
dictvm@dictvm.org Daniel Heitmann
	unknown [1, 1]
bryk@google.com bryk
	unknown [17, 13]
lkysow@gmail.com Luke Kysow
	unknown [2, 0]
ankurshukla16@gmail.com ankurshukla
	image [0, 0]
	code [14, 0]
mrick@google.com Matt Rickard
	unknown [3733, 3504]
	devel-doc [50, 13]
	build [38, 37]
dlorenc@google.com dlorenc
	unknown [187, 44]
	build [41, 0]
aprindle@google.com Aaron Prindle
	unknown [5, 3]
	devel-doc [9, 0]
cbro@golang.org Chris Broadfoot
	unknown [7, 7]
kumarpraveen.nitdgp@gmail.com Praveen Kumar
	unknown [1, 1]
slokas@upmc.edu Steve Sloka
	unknown [58, 0]
	devel-doc [2, 0]
balaji.subramaniam@intel.com Balaji Subramaniam
	unknown [238, 40]
	code [15, 31]
	build [3, 2]
thecantero@users.noreply.github.com thecantero
	devel-doc [1, 1]
sur@coreos.com Sergiusz Urbaniak
luca.bruno@coreos.com Luca Bruno
mkibbe@google.com Michael Kibbe
	unknown [15, 11]
	code [516, 147]
bmelville@google.com Brendan Melville
	unknown [1129, 975]
	code [1, 90]
	build [39, 0]
arschles@gmail.com Aaron Schlesinger
	unknown [459, 430]
	build [64, 2]
mmaly@google.com Martin Maly
	unknown [210, 380]
	devel-doc [0, 0]
	code [119, 9]
	build [5, 4]
	documentation [0, 0]
krancour@users.noreply.github.com Kent Rancourt
	unknown [9, 15]
judkowitz@google.com Jay Judkowitz
	unknown [71, 0]
lucas.serven@coreos.com Lucas Serven
	unknown [72, 1]
michelle192837@users.noreply.github.com Michelle
	unknown [257, 62]
	devel-doc [40, 0]
jeffml@google.com Jeff Dempsey
	code [2, 0]
chuck@dasroot.net Charles Butler
	unknown [1, 1]
devel-doc 18251 9870
	wojtekt@google.com Wojciech Tyczynski: [136, 0]
	jvallejo@redhat.com juanvallejo: [1, 0]
	tan.shanshan@zte.com.cn tanshanshan: [14, 14]
	foxish@users.noreply.github.com Anirudh Ramanathan: [5, 0]
	ramanathana@google.com Anirudh: [40, 0]
	ykuoka@gmail.com Yusuke Kuoka: [142, 173]
	mwielgus@google.com Marcin Wielgus: [3, 1]
	thebigjc@gmail.com thebigjc: [8, 4]
	aaronjlevy@gmail.com Aaron Levy: [72, 14]
	fbranczyk@gmail.com Frederic Branczyk: [16, 76]
	xiangli.cs@gmail.com Xiang Li: [87, 0]
	mstrzele@users.noreply.github.com Maciej Strzelecki: [1, 1]
	fabian@progra.de Fabian Ruff: [10, 1]
	jack.zampolin@gmail.com Jack Zampolin: [204, 127]
	viglesias@google.com Vic Iglesias: [30, 0]
	michelle@deis.com Michelle Noorali: [4, 181]
	shanestarcher@gmail.com Shane Starcher: [96, 0]
	chris@sapho.com Christopher Montes: [79, 0]
	incognym@googlemail.com dbaumgarten: [1, 1]
	eiki@greenqloud.com Eirikur S. Hrafnsson: [1, 1]
	gtaylor@users.noreply.github.com Greg Taylor: [66, 0]
	zanhsieh@gmail.com zanhsieh: [42, 26]
	sameer@damagehead.com Sameer Naik: [451, 0]
	hunternield@gmail.com Hunter Nield: [94, 0]
	jainishshah@yahoo.com jainish shah: [7, 1]
	dhilipsiva@gmail.com dhilipsiva: [1, 1]
	lachie83@users.noreply.github.com Lachlan Evenson: [84, 3]
	ryan@ryanmaclean.com Ryan MacLean: [1, 1]
	caesarxuchao@users.noreply.github.com Chao Xu: [368, 370]
	mehdy@google.com Mehdy Bohlool: [48, 29]
	jchaloup@redhat.com Jan Chaloupka: [66, 21]
	zihongz@google.com Zihong Zheng: [61, 18]
	bowei.du@gmail.com Bowei Du: [304, 293]
	xingzhou@cn.ibm.com Xing Zhou: [32, 32]
	maszulik@redhat.com Maciej Szulik: [14, 184]
	ccoleman@redhat.com Clayton Coleman: [755, 308]
	sross@redhat.com Solly Ross: [189, 0]
	pmorie@redhat.com Paul Morie: [116, 81]
	brandon.philips@coreos.com Brandon Philips: [3, 2]
	clove@cnmconsulting.net Chris Love: [86, 66]
	dromlein@apprenda.com Dan Romlein: [1, 1]
	saadali@google.com Saad Ali: [604, 206]
	liugya@cn.ibm.com Guang Ya Liu: [6, 3]
	chenr.fnst@cn.fujitsu.com xilabao: [6, 1]
	euan.kemp@coreos.com Euan Kemp: [33, 2]
	energylyn@zju.edu.cn yanan Lee: [9, 9]
	k82cn@icloud.com Klaus Ma: [4, 0]
	djmm@google.com David McMahon: [19, 6]
	senlu@google.com Sen Lu: [53, 0]
	thockin@google.com Tim Hockin: [15, 2]
	21651152@zju.edu.cn tim-zju: [1, 1]
	jgrafton@google.com Jeff Grafton: [44, 28]
	ffranz@redhat.com Fabiano Franz: [1, 1]
	deads@redhat.com deads2k: [1016, 116]
	zhao.xiangpeng@zte.com.cn xiangpengzhao: [1, 1]
	mikedanese@gmail.com Mike Danese: [1606, 2967]
	fangyuhao@gmail.com x1957: [2, 2]
	joe.github@bedafamily.com Joe Beda: [2, 0]
	hongchaodeng@users.noreply.github.com Hongchao Deng: [1, 0]
	bgrant0607@users.noreply.github.com Brian Grant: [2, 1]
	casey@tigera.io Casey Davenport: [46, 4]
	tomasz@napierala.org Tomasz Napierala: [2, 1]
	mixia@google.com Minhan Xia: [1, 50]
	harryz@hyper.sh Harry Zhang: [1, 0]
	stclair@google.com Tim St. Clair: [12, 2]
	decarr@redhat.com Derek Carr: [4, 3]
	sarah.novotny@gmail.com sarahnovotny: [403, 0]
	sgordon@redhat.com Stephen Gordon: [7, 2]
	mengqiy@google.com Mengqi Yu: [5, 0]
	madhusudancs@google.com Madhusudan.C.S: [9, 1]
	feiskyer@gmail.com Pengfei Ni: [5, 1]
	kris@nivenly.com Kris Childress: [38, 20]
	aledbf@gmail.com Manuel de Brito Fontes: [1, 1]
	grod@google.com Garrett Rodrigues: [6, 6]
	omer.zach@gmail.com Omer Zach: [1, 1]
	leave24534@gmail.com du0625: [1, 1]
	dusty@dustymabe.com Dusty Mabe: [2, 2]
	ysooolt@gmail.com Zsolt Molnar: [6, 14]
	ghe@debian.org Ghe Rivero: [1, 1]
	owensk@google.com Kenneth Owens: [258, 11]
	beeps@google.com bprashanth: [231, 7]
	spxtr@google.com Joe Finney: [1043, 61]
	hiroshi3110@gmail.com Hiroshi Saito: [2, 2]
	gmarek@google.com gmarek: [11, 1]
	shubham@linux.com Shubham: [1, 1]
	asarai@suse.de Aleksa Sarai: [20, 35]
	runcom@redhat.com Antonio Murdaca: [41, 70]
	xlgao@zju.edu.cn Xianglin Gao: [15, 0]
	chen.tao3@zte.com.cn chentao1596: [5, 5]
	aditya@portworx.com Aditya Dani: [2079, 0]
	alexdwanerobinson@gmail.com Alex Robinson: [2, 2]
	mkargaki@redhat.com Michail Kargakis: [6, 5]
	lucas.kaldstrom@hotmail.co.uk Lucas Käldström: [60, 10]
	stefan.schimanski@gmail.com Dr. Stefan Schimanski: [274, 118]
	pu.junqi@zte.com.cn tianshapjq: [2, 2]
	obnox@redhat.com Michael Adam: [19, 3]
	elson.rodriguez@gmail.com Elson Rodriguez: [6, 6]
	wongma7@users.noreply.github.com Matthew Wong: [416, 182]
	calebamiles@users.noreply.github.com caleb miles: [1, 0]
	pwittroc@google.com Phillip Wittrock: [3325, 3291]
	aps.sids@gmail.com Aman: [5, 0]
	almogbaku@rimoto.com Almog Baku: [1, 1]
	pszczesniak@google.com Piotr Szczesniak: [0, 2]
	andy.xning@gmail.com andy xie: [27, 3]
	zoidbergwill@gmail.com William Martin Stewart: [1, 1]
	mboersma@deis.com Matt Boersma: [6, 6]
	adamreese@users.noreply.github.com Adam Reese: [46, 35]
	mbutcher@deis.com Matt Butcher: [83, 1]
	admin@toph.ca Christoph Blecker: [8, 7]
	taylor.l.thomas@intel.com Taylor Thomas: [149, 8]
	rodcloutier@gmail.com rodcloutier: [22, 0]
	matt@mattfarina.com Matt Farina: [1, 0]
	accounts@ahawkins.me Adam Hawkins: [1, 1]
	justin@fathomdb.com Justin Santa Barbara: [130, 10]
	bogdando@mail.ru Bogdan Dobrelya: [5, 5]
	ablock84@gmail.com Alexander Block: [64, 0]
	brad.beam@b-rad.info Brad Beam: [104, 22]
	swizzlr@users.noreply.github.com Thomas Catterall: [4, 4]
	smainklh@gmail.com Smaine Kahlouch: [4, 4]
	surajssd009005@gmail.com Suraj Deshmukh: [14, 0]
	abhishek@linux.com Abhishek: [8, 8]
	charlie@charliedrage.com Charlie Drage: [1, 7]
	tkral@redhat.com Tomas Kral: [6, 3]
	runseb@gmail.com sebgoa: [25, 4]
	duncan.mcnaught@welltok.com Duncan McNaught: [10, 4]
	zml@google.com Zach Loafman: [0, 18]
	keglevich2@gmail.com vendrov: [2, 0]
	johnwchadwick@gmail.com John Chadwick: [5, 3]
	wplatnick@gmail.com Will Platnick: [16, 6]
	razic@viralkitty.com Zachary Adam Kaplan: [1, 1]
	chris.knowles@bitgamelabs.com Chris Knowles: [1, 3]
	dominik.schulz@gauner.org Dominik Schulz: [21, 0]
	slaws@users.noreply.github.com slaws: [6, 0]
	luke@mallon.io Luke Mallon: [5, 5]
	ppospisi@redhat.com pospispa: [6, 4]
	dcbw@redhat.com Dan Williams: [27, 51]
	jliggitt@redhat.com Jordan Liggitt: [240, 103]
	bburns@google.com Brendan Burns: [845, 1]
	irfan.rehman@huawei.com Irfan Ur Rehman: [2, 0]
	dgoodwin@redhat.com Devan Goodwin: [1, 0]
	rrati@redhat.com Robert Rati: [1, 1]
	sjenning@redhat.com Seth Jennings: [3, 2]
	hchen@redhat.com Huamin Chen: [1, 0]
	acidburn@google.com Jess Frazelle: [143, 64]
	agoldste@redhat.com Andy Goldstein: [4, 3]
	yashulyak@gmail.com Dmitry Shulyak: [0, 1]
	yifan.gu@coreos.com Yifan Gu: [8, 8]
	shashidhara.td@huawei.com shashidharatd: [1, 0]
	rkouj@google.com rkouj: [24, 2]
	jinxu@google.com Jing Xu: [1, 0]
	dawnchen@google.com Dawn Chen: [3, 1]
	sid@rancher.com wlan0: [5, 16]
	eric.chiang.m@gmail.com Eric Chiang: [0, 3]
	sritesh@vmware.com Ritesh H Shukla: [193, 31]
	taotaotheripper@gmail.com Random-Liu: [8, 0]
	likexu@harmonycloud.cn Aaron.L.Xu: [4, 4]
	alexander.kanevskiy@intel.com Alexander Kanevskiy: [1, 1]
	jianhui.zhou@huawei.com jianhuiz: [127, 0]
	jcope@redhat.com Jon Cope: [1, 0]
	mf6510@att.com Ciello89: [1, 1]
	jsafrane@redhat.com Jan Safranek: [3, 0]
	mbauer@us.ibm.com Morgan Bauer: [30, 0]
	chiachenk@google.com Janet Kuo: [5, 6]
	etune@google.com Eric Tune: [7, 1]
	connor.p.doyle@intel.com Connor Doyle: [2, 0]
	shivania@vmware.com Abrar Shivani: [2, 6]
	fejta@google.com Erick Fejta: [41, 0]
	jbhurat@gmail.com Jitendra Bhurat: [52, 46]
	dug@us.ibm.com Doug Davis: [21, 15]
	dave.michael@ntlworld.com David Michael: [1, 3]
	coolhzb@163.com AdoHe: [0, 1]
	dmcquay@apprenda.com Derek McQuay: [2, 3]
	dbsmith@google.com Daniel Smith: [0, 4]
	cole.mickens@gmail.com Cole Mickens: [5, 0]
	jeffmendoza@google.com Jeff Mendoza: [7, 0]
	ben.balter@github.com Ben Balter: [2, 0]
	gbzhu@zju.edu.cn gbzhu: [2, 2]
	waprin@google.com Bill Prin: [2, 0]
	qishen@zju.edu.cn SRaddict: [1, 1]
	mrick@google.com Matt Rickard: [50, 13]
	aprindle@google.com Aaron Prindle: [9, 0]
	slokas@upmc.edu Steve Sloka: [2, 0]
	thecantero@users.noreply.github.com thecantero: [1, 1]
	mmaly@google.com Martin Maly: [0, 0]
	michelle192837@users.noreply.github.com Michelle: [40, 0]
code 79468 82518
	wojtekt@google.com Wojciech Tyczynski: [40, 23]
	ramanathana@google.com Anirudh: [52, 0]
	ykuoka@gmail.com Yusuke Kuoka: [1, 1]
	me@quentin-machu.fr Quentin Machu: [5, 5]
	aaronjlevy@gmail.com Aaron Levy: [21, 20]
	pb@coreos.com Patrick Baxter: [5, 5]
	fbranczyk@gmail.com Frederic Branczyk: [0, 103]
	caesarxuchao@users.noreply.github.com Chao Xu: [8, 92]
	mehdy@google.com Mehdy Bohlool: [1477, 1248]
	webwurst@gmail.com Tobias Bradtke: [2, 2]
	zihongz@google.com Zihong Zheng: [40, 50]
	bowei.du@gmail.com Bowei Du: [229, 564]
	maszulik@redhat.com Maciej Szulik: [6, 16]
	ccoleman@redhat.com Clayton Coleman: [5, 3]
	pmorie@redhat.com Paul Morie: [409, 6]
	shyamjvs@google.com Shyam JVS: [542, 300]
	verb@google.com Lee Verberne: [1, 0]
	clove@cnmconsulting.net Chris Love: [56, 12]
	chenr.fnst@cn.fujitsu.com xilabao: [58, 8]
	eparis@redhat.com Eric Paris: [23, 25]
	euan.kemp@coreos.com Euan Kemp: [15, 5]
	djmm@google.com David McMahon: [9, 3]
	senlu@google.com Sen Lu: [202, 3885]
	xihuanbo_0521@zju.edu.cn Xinbo Weng: [44, 46]
	thockin@google.com Tim Hockin: [62, 2]
	21651152@zju.edu.cn tim-zju: [6, 6]
	jgrafton@google.com Jeff Grafton: [170, 147]
	deads@redhat.com deads2k: [609, 249]
	mikedanese@gmail.com Mike Danese: [99, 165]
	yjhong@google.com Yu-Ju Hong: [2125, 337]
	stclair@google.com Tim St. Clair: [3, 3]
	madhusudancs@google.com Madhusudan.C.S: [25, 57]
	kris@nivenly.com Kris Childress: [2, 2]
	aledbf@gmail.com Manuel de Brito Fontes: [2, 2]
	leave24534@gmail.com du0625: [1, 4]
	rmmh@google.com Ryan Hitchman: [138, 32]
	owensk@google.com Kenneth Owens: [273, 78]
	lucascegatti@gmail.com Lucas Cegatti: [2, 1]
	spxtr@google.com Joe Finney: [396, 326]
	gmarek@google.com gmarek: [10, 11]
	shubham@linux.com Shubham: [58, 0]
	runcom@redhat.com Antonio Murdaca: [158, 41]
	nalin@redhat.com Nalin Dahyabhai: [114, 0]
	mrunal@me.com Mrunal Patel: [18, 8]
	sameo@linux.intel.com Samuel Ortiz: [156, 1]
	crazykev@zju.edu.cn Crazykev: [23, 1]
	xlgao@zju.edu.cn Xianglin Gao: [319, 56]
	rob@rob-franken.nl Rob Franken: [301, 130]
	ianlewis@google.com Ian Lewis: [20, 16]
	alexdwanerobinson@gmail.com Alex Robinson: [2, 2]
	mkargaki@redhat.com Michail Kargakis: [8, 0]
	lucas.kaldstrom@hotmail.co.uk Lucas Käldström: [0, 6]
	stefan.schimanski@gmail.com Dr. Stefan Schimanski: [21, 11]
	calebamiles@users.noreply.github.com caleb miles: [0, 861]
	pwittroc@google.com Phillip Wittrock: [61192, 61186]
	pszczesniak@google.com Piotr Szczesniak: [0, 1]
	adamreese@users.noreply.github.com Adam Reese: [1, 4]
	mbutcher@deis.com Matt Butcher: [1, 1]
	justin@fathomdb.com Justin Santa Barbara: [87, 11]
	bogdando@mail.ru Bogdan Dobrelya: [35, 6]
	mmosesohn@mirantis.com Matthew Mosesohn: [623, 50]
	ablock84@gmail.com Alexander Block: [46, 1]
	surajssd009005@gmail.com Suraj Deshmukh: [10, 0]
	abhishek@linux.com Abhishek: [45, 45]
	charlie@charliedrage.com Charlie Drage: [254, 0]
	tkral@redhat.com Tomas Kral: [4, 5]
	zml@google.com Zach Loafman: [208, 379]
	heschlie@gmail.com heschlie: [1, 1]
	wplatnick@gmail.com Will Platnick: [30, 0]
	danw@redhat.com Dan Winship: [1, 1]
	jliggitt@redhat.com Jordan Liggitt: [1, 1]
	bburns@google.com Brendan Burns: [193, 1]
	irfan.rehman@huawei.com Irfan Ur Rehman: [2, 2]
	nikhiljindal@google.com nikhiljindal: [3313, 2963]
	acidburn@google.com Jess Frazelle: [17, 4]
	yifan.gu@coreos.com Yifan Gu: [37, 23]
	shashidhara.td@huawei.com shashidharatd: [49, 3]
	jsz@google.com Jerzy Szczepkowski: [54, 12]
	dawnchen@google.com Dawn Chen: [9, 0]
	remon.lam@lamnet.nl Remon Lam: [1, 0]
	sritesh@vmware.com Ritesh H Shukla: [0, 1110]
	taotaotheripper@gmail.com Random-Liu: [80, 13]
	vmik@google.com Mik Vyatskov: [3, 4]
	likexu@harmonycloud.cn Aaron.L.Xu: [5, 5]
	alexander.kanevskiy@intel.com Alexander Kanevskiy: [1, 1]
	mbauer@us.ibm.com Morgan Bauer: [1, 1]
	chiachenk@google.com Janet Kuo: [23, 2]
	jaescobar.cell@gmail.com Alejandro Escobar: [51, 39]
	jwhitlock@apache.org Jeremy Whitlock: [6, 4]
	xuliker@zju.edu.cn aaronxu: [6, 6]
	xuxinkun@gmail.com xuxinkun: [1, 1]
	ameyd@google.com Amey Deshpande: [225, 9]
	connor.p.doyle@intel.com Connor Doyle: [22, 19]
	fejta@google.com Erick Fejta: [3211, 6564]
	mtaufen@google.com Michael Taufen: [81, 2]
	yuanying@fraction.jp OTSUKA, Yuanying: [1, 3]
	dug@us.ibm.com Doug Davis: [9, 290]
	henry.nash@uk.ibm.com henry.nash@uk.ibm.com: [1, 1]
	dbsmith@google.com Daniel Smith: [0, 26]
	waprin@google.com Bill Prin: [7, 0]
	stkevintan@zju.edu.cn stkevintan: [463, 463]
	qishen@zju.edu.cn SRaddict: [1, 1]
	nanopy@nanopy.com Eric Baum: [18, 0]
	ankurshukla16@gmail.com ankurshukla: [14, 0]
	balaji.subramaniam@intel.com Balaji Subramaniam: [15, 31]
	mkibbe@google.com Michael Kibbe: [516, 147]
	bmelville@google.com Brendan Melville: [1, 90]
	mmaly@google.com Martin Maly: [119, 9]
	jeffml@google.com Jeff Dempsey: [2, 0]
package 0 0
	rodcloutier@gmail.com rodcloutier: [0, 0]
unknown 276739 171711
	wojtekt@google.com Wojciech Tyczynski: [4128, 1670]
	jvallejo@redhat.com juanvallejo: [229, 31]
	tan.shanshan@zte.com.cn tanshanshan: [67, 42]
	lin.youchong@zte.com.cn linyouchong: [2, 2]
	foxish@users.noreply.github.com Anirudh Ramanathan: [594, 50]
	ramanathana@google.com Anirudh: [42, 7]
	ykuoka@gmail.com Yusuke Kuoka: [6836, 1749]
	mwielgus@google.com Marcin Wielgus: [6536, 3173]
	thebigjc@gmail.com thebigjc: [996, 88]
	dan.gillespie@coreos.com Dan Gillespie: [6, 2]
	me@quentin-machu.fr Quentin Machu: [20, 23]
	aaronjlevy@gmail.com Aaron Levy: [1096, 294]
	pb@coreos.com Patrick Baxter: [58, 46]
	fbranczyk@gmail.com Frederic Branczyk: [73, 245]
	xiangli.cs@gmail.com Xiang Li: [2717, 37]
	mstrzele@users.noreply.github.com Maciej Strzelecki: [9, 8]
	fabian@progra.de Fabian Ruff: [34, 3]
	jack.zampolin@gmail.com Jack Zampolin: [809, 23]
	jotadrilo@users.noreply.github.com jotadrilo: [13, 13]
	viglesias@google.com Vic Iglesias: [192, 12]
	adnan@prydoni.us Adnan Abdulhussein: [2, 0]
	michelle@deis.com Michelle Noorali: [399, 39420]
	shanestarcher@gmail.com Shane Starcher: [220, 0]
	chris@sapho.com Christopher Montes: [164, 0]
	lars@radicore.se Lars Sjöström: [3, 2]
	incognym@googlemail.com dbaumgarten: [1, 1]
	eiki@greenqloud.com Eirikur S. Hrafnsson: [7, 7]
	gtaylor@users.noreply.github.com Greg Taylor: [152, 3]
	zanhsieh@gmail.com zanhsieh: [592, 91]
	sameer@damagehead.com Sameer Naik: [1359, 0]
	marcosbc@users.noreply.github.com Marcos Bjørkelund: [2, 2]
	hunternield@gmail.com Hunter Nield: [186, 0]
	jainishshah@yahoo.com jainish shah: [10, 20]
	linki@users.noreply.github.com Martin Linkhorst: [15, 15]
	mike.splain@barkly.com Mike Splain: [2, 2]
	lachie83@users.noreply.github.com Lachlan Evenson: [135, 4]
	caesarxuchao@users.noreply.github.com Chao Xu: [2638, 2874]
	mehdy@google.com Mehdy Bohlool: [53, 17]
	dhodovsk@redhat.com Dominika Hodovska: [27, 12]
	jchaloup@redhat.com Jan Chaloupka: [365, 152]
	zihongz@google.com Zihong Zheng: [2900, 2000]
	bowei.du@gmail.com Bowei Du: [2219, 1974]
	xingzhou@cn.ibm.com Xing Zhou: [362, 101]
	maszulik@redhat.com Maciej Szulik: [2369, 6848]
	ccoleman@redhat.com Clayton Coleman: [12677, 7911]
	sross@redhat.com Solly Ross: [3414, 430]
	pmorie@redhat.com Paul Morie: [859, 102]
	lukaszoles@gmail.com Łukasz Oleś: [194, 4]
	brandon.philips@coreos.com Brandon Philips: [201, 49]
	shyamjvs@google.com Shyam JVS: [484, 83]
	verb@google.com Lee Verberne: [63, 1]
	michael.fraenkel@gmail.com Michael Fraenkel: [721, 17]
	fab.reinartz@gmail.com Fabian Reinartz: [186, 18]
	hchiramm@redhat.com hchiramm: [139, 5]
	andrew@wattpad.com andrewsykim: [7, 5]
	clove@cnmconsulting.net Chris Love: [3448, 73]
	saadali@google.com Saad Ali: [5, 8]
	liugya@cn.ibm.com Guang Ya Liu: [6, 6]
	chenr.fnst@cn.fujitsu.com xilabao: [230, 118]
	gyliu513@gmail.com Guangya Liu: [1, 1]
	eparis@redhat.com Eric Paris: [1327, 1027]
	euan.kemp@coreos.com Euan Kemp: [1845, 414]
	ihor.dvoretskyi@gmail.com Ihor Dvoretskyi: [118, 31]
	energylyn@zju.edu.cn yanan Lee: [162, 162]
	mail@frederic-hemberger.de Frederic Hemberger: [2, 2]
	k82cn@icloud.com Klaus Ma: [134, 14]
	djmm@google.com David McMahon: [147, 50]
	senlu@google.com Sen Lu: [113, 493]
	vikilwq@zju.edu.cn liwenqi: [13, 13]
	luo612@zju.edu.cn Jie Luo: [14, 14]
	xihuanbo_0521@zju.edu.cn Xinbo Weng: [67, 67]
	thockin@google.com Tim Hockin: [1263, 428]
	21651152@zju.edu.cn tim-zju: [492, 494]
	jgrafton@google.com Jeff Grafton: [59, 37]
	elijahcainemv@gmail.com Elijah C. Voigt: [93, 94]
	ffranz@redhat.com Fabiano Franz: [217, 33]
	deads@redhat.com deads2k: [10122, 3033]
	qinglanpeng@zju.edu.cn Qinglan Peng: [144, 170]
	github@lvlv.email Lv Lv: [179, 0]
	zhao.xiangpeng@zte.com.cn xiangpengzhao: [58, 14]
	mikedanese@gmail.com Mike Danese: [286, 169]
	joe.github@bedafamily.com Joe Beda: [225, 6]
	hongchaodeng@users.noreply.github.com Hongchao Deng: [162, 130]
	bgrant0607@users.noreply.github.com Brian Grant: [194, 142]
	mixia@google.com Minhan Xia: [397, 825]
	harryz@hyper.sh Harry Zhang: [206, 47]
	contact@tmrts.com Tamer Tas: [53, 0]
	yjhong@google.com Yu-Ju Hong: [267, 77]
	stclair@google.com Tim St. Clair: [923, 250]
	decarr@redhat.com Derek Carr: [871, 493]
	mengqiy@google.com Mengqi Yu: [632, 8]
	email@michaeldolan.com Mike Dolan: [1, 0]
	madhusudancs@google.com Madhusudan.C.S: [100, 20]
	robertbailey@google.com Robert Bailey: [132, 0]
	feiskyer@gmail.com Pengfei Ni: [1040, 883]
	jberkus@redhat.com Josh Berkus: [110, 4]
	kris@nivenly.com Kris Childress: [1825, 166]
	jonathanboulle@gmail.com Jonathan Boulle: [2, 2]
	aledbf@gmail.com Manuel de Brito Fontes: [1284, 528]
	grod@google.com Garrett Rodrigues: [528, 88]
	leave24534@gmail.com du0625: [20, 20]
	dusty@dustymabe.com Dusty Mabe: [2, 2]
	ghe@debian.org Ghe Rivero: [1, 1]
	rmmh@google.com Ryan Hitchman: [1078, 172]
	owensk@google.com Kenneth Owens: [2073, 406]
	lucascegatti@gmail.com Lucas Cegatti: [57, 28]
	beeps@google.com bprashanth: [1534, 106]
	spxtr@google.com Joe Finney: [1593, 1007]
	lvnilesh@users.noreply.github.com Nilesh Londhe: [15, 2]
	apelisse@google.com Antoine Pelisse: [7, 44]
	gmarek@google.com gmarek: [1393, 115]
	shubham@linux.com Shubham: [542, 16]
	jacek.lakis@intel.com Jacek J. Łakis: [28, 1]
	asarai@suse.de Aleksa Sarai: [1, 1]
	runcom@redhat.com Antonio Murdaca: [599, 130]
	nalin@redhat.com Nalin Dahyabhai: [244, 0]
	mrunal@me.com Mrunal Patel: [119, 31]
	sameo@linux.intel.com Samuel Ortiz: [405, 50]
	michal@kinvolk.io Michal Rostecki: [4, 2]
	crazykev@zju.edu.cn Crazykev: [1169, 637]
	xlgao@zju.edu.cn Xianglin Gao: [232, 122]
	vbatts@hashbangbash.com Vincent Batts: [6, 5]
	dwalsh@redhat.com Dan Walsh: [174, 2]
	rob@rob-franken.nl Rob Franken: [256, 60]
	li.xialong@zte.com.cn Peter Lee: [38, 38]
	vandelaerjoren@gmail.com JorenVDL: [1, 1]
	ianlewis@google.com Ian Lewis: [180, 18]
	saturnism@users.noreply.github.com Ray Tsang: [98, 12]
	christoph.held@est.fujitsu.com Christoph Held: [80, 0]
	jbelamaric@infoblox.com John Belamaric: [185, 0]
	chen.tao3@zte.com.cn chentao1596: [17, 19]
	aditya@portworx.com Aditya Dani: [1297, 0]
	deimos@deimos.fr Deimosfr: [8, 0]
	alexdwanerobinson@gmail.com Alex Robinson: [58, 0]
	mkargaki@redhat.com Michail Kargakis: [1224, 293]
	lucas.kaldstrom@hotmail.co.uk Lucas Käldström: [1079, 725]
	stefan.schimanski@gmail.com Dr. Stefan Schimanski: [2124, 1541]
	pu.junqi@zte.com.cn tianshapjq: [43, 33]
	obnox@redhat.com Michael Adam: [743, 37]
	elson.rodriguez@gmail.com Elson Rodriguez: [4, 0]
	wongma7@users.noreply.github.com Matthew Wong: [3322, 1572]
	calebamiles@users.noreply.github.com caleb miles: [36, 477]
	spiffxp@gmail.com Aaron Crickenberger: [124, 20]
	pwittroc@google.com Phillip Wittrock: [100265, 50439]
	enisoc@google.com Anthony Yeh: [220, 169]
	davidopp@google.com David Oppenheimer: [1, 0]
	aps.sids@gmail.com Aman: [5, 11]
	martijni@topdesk.com Martijn van Iersel: [21, 16]
	aleksandram@google.com Aleksandra Malinowska: [121, 89]
	chance.zibolski@coreos.com Chance Zibolski: [7, 4]
	dongziming@zju.edu.cn dongziming: [58, 58]
	da.colonel@gmail.com Denis Andrejew: [2, 2]
	pszczesniak@google.com Piotr Szczesniak: [121, 69]
	andy.xning@gmail.com andy xie: [710, 317]
	almog.baku@gmail.com AlmogBaku: [2, 2]
	evan.pease@gmail.com Evan Pease: [329, 31]
	agalitsyn@users.noreply.github.com Anton Galitsyn: [221, 85]
	mboersma@deis.com Matt Boersma: [2, 2]
	adamreese@users.noreply.github.com Adam Reese: [872, 710]
	mbutcher@deis.com Matt Butcher: [392, 115]
	admin@toph.ca Christoph Blecker: [1, 1]
	wilkers.steve@gmail.com Steve Wilkerson: [7, 7]
	nicolas.lamirault@gmail.com Nicolas Lamirault: [1, 1]
	kmala@deis.com Keerthan Reddy Mala (kmala): [1, 1]
	bjozsa@jinkit.com Brandon B. Jozsa: [1, 2]
	taylor.l.thomas@intel.com Taylor Thomas: [287, 167]
	eli@iame.li Eli Mallon: [57, 2]
	raviqqe@gmail.com Yota Toyama: [1, 1]
	tamal@appscode.com Tamal Saha: [1, 0]
	marius.grigoriu@me.com Marius Grigoriu: [12, 3]
	mfisher@deis.com Matthew Fisher: [32, 0]
	nikolay.makhotkin@gmail.com Nikolay Mahotkin: [364, 183]
	long@nomadreact.com Long Nguyen: [1, 1]
	rodcloutier@gmail.com rodcloutier: [284, 58]
	matt@mattfarina.com Matt Farina: [16, 6]
	vaughn@deis.com Vaughn Dice: [32, 18]
	andrew.stuart2@gmail.com Andrew Stuart: [343, 61]
	johncarlhofman@gmail.com John Hofman: [6, 6]
	morten.lied.johansen@finn.no Morten Lied Johansen: [1, 1]
	roelboel@xs4all.nl Rollulus: [1, 1]
	gianrubio@gmail.com Giancarlo Rubio: [59, 12]
	justin@fathomdb.com Justin Santa Barbara: [18159, 6744]
	marcin@owsiany.pl Marcin Owsiany: [5, 1]
	lichen.hangzhou@gmail.com Chen Li: [1, 1]
	bogdando@mail.ru Bogdan Dobrelya: [2180, 1061]
	robertspencersmith@gmail.com Spencer Smith: [60, 3]
	mmosesohn@mirantis.com Matthew Mosesohn: [448, 116]
	adidenko@mirantis.com Aleksandr Didenko: [399, 75]
	ablock84@gmail.com Alexander Block: [1240, 414]
	brad.beam@b-rad.info Brad Beam: [139, 7]
	swizzlr@users.noreply.github.com Thomas Catterall: [3, 0]
	antoine.legrand@coreos.com Antoine Legrand: [220, 32]
	genti.t@gmail.com Genti Topija: [4, 0]
	sammiestoel@gmail.com Sam Stoelinga: [1, 1]
	2t.antoine@gmail.com ant31: [84, 6]
	bodepd@gmail.com Dan Bode: [1, 1]
	martin.vladev@gmail.com fen4o: [2, 0]
	surajssd009005@gmail.com Suraj Deshmukh: [305, 79]
	abhishek@linux.com Abhishek: [104, 95]
	rtnpro@gmail.com Ratnadeep Debnath: [372, 343]
	charlie@charliedrage.com Charlie Drage: [563, 354]
	tkral@redhat.com Tomas Kral: [702, 256]
	ng.tuna@gmail.com Tuna: [72, 1]
	cab@cabnetworks.net Chris Baumbauer: [10, 1]
	tazjin@gmail.com Vincent Ambo: [6, 0]
	yissachar.radcliffe@caseware.com Yissachar Radcliffe: [256, 0]
	swebber68@gmail.com Scott Webber: [43, 0]
	matt@skillshare.com Matt Condon: [6, 5]
	duncan.mcnaught@welltok.com Duncan McNaught: [14, 4]
	mmaglana@gmail.com Mark S. Maglana: [3, 0]
	zml@google.com Zach Loafman: [1005, 95]
	justin.r.nauman+github@gmail.com Justin Nauman: [11, 8]
	keglevich2@gmail.com vendrov: [24, 3]
	j@kingori.co King'ori Maina: [4, 4]
	heschlie@gmail.com heschlie: [1166, 12]
	vince.montalbano@gmail.com Vince Montalbano: [38, 5]
	mrwacky42@users.noreply.github.com Sharif Nassar: [1, 1]
	robertojrojas@gmail.com Roberto J Rojas: [98, 26]
	rlmcpherson@gmail.com Randall McPherson: [291, 111]
	bjarke.vad90@gmail.com Bjarke Vad Andersen: [1, 2]
	icereval@gmail.com icereval: [1064, 526]
	kmoving@gmail.com yancl: [2, 2]
	alok.singh@practo.com alok87: [505, 141]
	wplatnick@gmail.com Will Platnick: [30, 0]
	razic@viralkitty.com Zachary Adam Kaplan: [61, 0]
	ydradcliffe@gmail.com yissachar: [14, 1]
	andrejvanderzee@gmail.com Andrej van der Zee: [7, 3]
	jordi.miguel@schibsted.com Jordi Miguel: [124, 57]
	chris.knowles@bitgamelabs.com Chris Knowles: [388, 88]
	tarvi@salemove.com Tarvi Pillessaar: [24, 10]
	dimitar@thoughtmachine.net dimitar: [2, 0]
	daniel.martins@descomplica.com.br Daniel Fernandes Martins: [4, 4]
	everpeace@gmail.com Shingo Omura: [1, 1]
	matt.fellows@onegeek.com.au Matt Fellows: [1, 0]
	dominik.schulz@gauner.org Dominik Schulz: [474, 12]
	frodenas@gmail.com Ferran Rodenas: [2, 1]
	slaws@users.noreply.github.com slaws: [251, 0]
	luke@mallon.io Luke Mallon: [11, 5]
	ppospisi@redhat.com pospispa: [62, 14]
	dconstenla@gradiant.org David Constenla: [34, 133]
	danw@redhat.com Dan Winship: [9, 23]
	yuquan.ren@easystack.cn NickrenREN: [115, 63]
	nakayamakenjiro@gmail.com Kenjiro Nakayama: [5, 3]
	moonfang@tencent.com moonfang(房孝敬): [12, 0]
	zhaohuizhi@gmail.com Hui-Zhi: [228, 21]
	elipapa@users.noreply.github.com elipapa: [1, 0]
	ouyang.qinhua@zte.com.cn bruceauyeung: [46, 46]
	dcbw@redhat.com Dan Williams: [830, 242]
	jliggitt@redhat.com Jordan Liggitt: [2410, 1996]
	cristian.pop@bigstep.com Cristian Pop: [42, 10]
	mayank.kumar@salesforce.com Mayank Kumar: [4, 4]
	bburns@google.com Brendan Burns: [1450, 165]
	liu.hao89@zte.com.cn foxyriver: [56, 59]
	forrestchen@tencent.com forrestchen: [25, 0]
	irfan.rehman@huawei.com Irfan Ur Rehman: [156, 38]
	ishvedunov@mirantis.com Ivan Shvedunov: [4, 7]
	dgoodwin@redhat.com Devan Goodwin: [543, 49]
	rrati@redhat.com Robert Rati: [1222, 1286]
	msau@google.com Michelle Au: [70, 70]
	sjenning@redhat.com Seth Jennings: [354, 223]
	dominika.krzyszczyk@intel.com Dominika Krzyszczyk: [195, 164]
	nikhiljindal@google.com nikhiljindal: [166, 29]
	hchen@redhat.com Huamin Chen: [30, 3]
	acidburn@google.com Jess Frazelle: [158, 33]
	peay@protonmail.com peay: [144, 54]
	agoldste@redhat.com Andy Goldstein: [70, 46]
	yashulyak@gmail.com Dmitry Shulyak: [258, 147]
	andrew.oneill@nordstrom.com Andrew O'Neill: [10, 9]
	yifan.gu@coreos.com Yifan Gu: [0, 1]
	shashidhara.td@huawei.com shashidharatd: [52, 34]
	rkouj@google.com rkouj: [1506, 1134]
	jungong@tencent.com Jun Gong: [40, 25]
	jsz@google.com Jerzy Szczepkowski: [82, 10]
	cjcullen@google.com CJ Cullen: [24, 0]
	jinxu@google.com Jing Xu: [47, 18]
	marko.luksa@gmail.com Marko Luksa: [13, 4]
	dawnchen@google.com Dawn Chen: [64, 21]
	sid@rancher.com wlan0: [39, 53]
	eric.chiang.m@gmail.com Eric Chiang: [373, 569]
	sritesh@vmware.com Ritesh H Shukla: [120, 92]
	lukasz.szaszkiewicz@gmail.com p0lyn0mial: [333, 120]
	taotaotheripper@gmail.com Random-Liu: [730, 222]
	vmik@google.com Mik Vyatskov: [70, 123]
	likexu@harmonycloud.cn Aaron.L.Xu: [76, 76]
	alexander.kanevskiy@intel.com Alexander Kanevskiy: [13, 9]
	shiywang@redhat.com Shiyang Wang: [2, 2]
	hekumar@redhat.com Hemant Kumar: [85, 17]
	jianhui.zhou@huawei.com jianhuiz: [2295, 39]
	gus@inodes.org Angus Lees: [9, 6]
	jcope@redhat.com Jon Cope: [682, 261]
	yu.peng36@zte.com.cn yupeng: [14, 14]
	krousey@google.com Kris: [242, 45]
	jsafrane@redhat.com Jan Safranek: [483, 141]
	mbauer@us.ibm.com Morgan Bauer: [980, 86]
	chiachenk@google.com Janet Kuo: [3305, 3313]
	dashpole@google.com David Ashpole: [58, 22]
	jaescobar.cell@gmail.com Alejandro Escobar: [19, 10]
	mkhan@redhat.com Monis Khan: [0, 3]
	xuliker@zju.edu.cn aaronxu: [13, 13]
	ameyd@google.com Amey Deshpande: [24, 0]
	sykesmat@us.ibm.com Matthew Sykes: [105, 13]
	connor.p.doyle@intel.com Connor Doyle: [1, 0]
	shivania@vmware.com Abrar Shivani: [19, 9]
	fejta@google.com Erick Fejta: [655, 524]
	mtaufen@google.com Michael Taufen: [6, 6]
	dhawal55@gmail.com Dhawal Patel: [0, 7]
	jbhurat@gmail.com Jitendra Bhurat: [65, 19]
	yarntime@163.com yarntime@163.com: [19, 14]
	lzw19860818@aliyun.com LouZhengwei: [6, 1]
	mevanj89@gmail.com Morgan Jones: [0, 21]
	dims@linux.vnet.ibm.com Davanum Srinivas: [1, 4]
	yuanying@fraction.jp OTSUKA, Yuanying: [7, 7]
	dug@us.ibm.com Doug Davis: [469, 282]
	tstclair@redhat.com Timothy St. Clair: [4, 39]
	bdontu@vmware.com Balu Dontu: [5, 2]
	robert.roland@hpe.com Robert Roland: [5, 2]
	seb@stianj.ug Sebastain Jug: [6, 2]
	caosf.fnst@cn.fujitsu.com Cao Shufeng: [7, 8]
	coolhzb@163.com AdoHe: [0, 5]
	dmcquay@apprenda.com Derek McQuay: [6, 6]
	ailusazh@126.com ailusazh: [2, 2]
	dbsmith@google.com Daniel Smith: [9, 51]
	deads2k@users.noreply.github.com David Eads: [8, 9]
	cai.yixiang@zte.com.cn caiyixiang: [4, 4]
	hello@jasonjlock.com Jason Lock: [8, 4]
	jeffmendoza@google.com Jeff Mendoza: [436, 557]
	sandeepveldi@users.noreply.github.com sandeepveldi: [3, 0]
	brandon.w.cole@gmail.com Brandon Cole: [13, 1]
	ronald.petty@minimumdistance.com Ronald Petty: [2, 2]
	geojaz@users.noreply.github.com Eric Hole: [6, 0]
	stevepe@google.com steveperry-53: [477, 129]
	jgmize@users.noreply.github.com Josh Mize: [1, 1]
	ben.balter@github.com Ben Balter: [861, 901]
	james@jagregory.com James Gregory: [1, 1]
	ddonnelly@google.com devin-donnelly: [150, 155]
	jbischof@gmail.com Jared Bischof: [1, 0]
	jsloyer@gmail.com Jeff Sloyer: [22, 0]
	jaredbhatti@users.noreply.github.com Jared: [8, 7]
	gigi-s@bigfoot.com Gigi Sayfan: [4, 4]
	premanandc@gmail.com Premanand Chandrasekaran: [1, 1]
	gbzhu@zju.edu.cn gbzhu: [404, 404]
	waprin@google.com Bill Prin: [310, 0]
	chenopis@google.com chenopis: [1, 1]
	timcrall@gmail.com timcrall: [2, 2]
	ykhrustalev@users.noreply.github.com Yuri Khrustalev: [1, 1]
	nicolai@vonneudeck.com Nicolai von Neudeck: [2, 2]
	vladimir@rutsky.org Vladimir Rutsky: [5, 2]
	guohaifang@zju.edu.cn guohaifang: [1, 1]
	21651061@zju.edu.cn Martially: [3, 3]
	guoqian@zju.edu.cn CandiceGuo: [3, 3]
	qishen@zju.edu.cn SRaddict: [34, 34]
	kyle.ibrahim@gmail.com Kyle Ibrahim: [2, 2]
	stephen.a.gordon@gmail.com Steve Gordon: [1, 1]
	king-julien@users.noreply.github.com king-julien: [1, 1]
	baldwin@stackpointcloud.com Matt Baldwin: [206, 0]
	bibryam@gmail.com Bilgin Ibryam: [15, 15]
	patelgunjan5@gmail.com Gunjan Patel: [1, 1]
	cychiang0823@gmail.com Casper CY Chiang: [1, 1]
	joshrosso@gmail.com joshrosso: [41, 44]
	contacto@unisis.com.ar unisisdev: [8, 0]
	guru@ovn.org Gurucharan Shetty: [8, 0]
	hades32@gmail.com Martin Rauscher: [11, 11]
	joe.rocklin@gmail.com Joe Rocklin: [1, 1]
	nanopy@nanopy.com Eric Baum: [91, 6]
	jimmy@jimmycuadra.com Jimmy Cuadra: [21, 15]
	andrewmoorewatson@gmail.com Andrew Watson: [2, 4]
	hasahni@users.noreply.github.com hasahni: [6, 0]
	ahmetalpbalkan@gmail.com Ahmet Alp Balkan: [8, 1]
	craig.box@gmail.com craigbox: [7, 2]
	amccarthy@apprenda.com a-mccarthy: [6, 6]
	jeffschroeder@computer.org Jeff Schroeder: [2, 2]
	dictvm@dictvm.org Daniel Heitmann: [1, 1]
	bryk@google.com bryk: [17, 13]
	lkysow@gmail.com Luke Kysow: [2, 0]
	mrick@google.com Matt Rickard: [3733, 3504]
	dlorenc@google.com dlorenc: [187, 44]
	aprindle@google.com Aaron Prindle: [5, 3]
	cbro@golang.org Chris Broadfoot: [7, 7]
	kumarpraveen.nitdgp@gmail.com Praveen Kumar: [1, 1]
	slokas@upmc.edu Steve Sloka: [58, 0]
	balaji.subramaniam@intel.com Balaji Subramaniam: [238, 40]
	mkibbe@google.com Michael Kibbe: [15, 11]
	bmelville@google.com Brendan Melville: [1129, 975]
	arschles@gmail.com Aaron Schlesinger: [459, 430]
	mmaly@google.com Martin Maly: [210, 380]
	krancour@users.noreply.github.com Kent Rancourt: [9, 15]
	judkowitz@google.com Jay Judkowitz: [71, 0]
	lucas.serven@coreos.com Lucas Serven: [72, 1]
	michelle192837@users.noreply.github.com Michelle: [257, 62]
	chuck@dasroot.net Charles Butler: [1, 1]
image 3486 5192
	michelle@deis.com Michelle Noorali: [0, 1943]
	brandon.philips@coreos.com Brandon Philips: [0, 0]
	kris@nivenly.com Kris Childress: [0, 0]
	spxtr@google.com Joe Finney: [0, 0]
	pwittroc@google.com Phillip Wittrock: [3247, 3247]
	rodcloutier@gmail.com rodcloutier: [8, 0]
	adidenko@mirantis.com Aleksandr Didenko: [0, 0]
	ablock84@gmail.com Alexander Block: [0, 0]
	nanopy@nanopy.com Eric Baum: [231, 2]
	ankurshukla16@gmail.com ankurshukla: [0, 0]
documentation 106388 32598
	wojtekt@google.com Wojciech Tyczynski: [1, 0]
	mwielgus@google.com Marcin Wielgus: [1, 0]
	jack.zampolin@gmail.com Jack Zampolin: [104, 24]
	viglesias@google.com Vic Iglesias: [32, 1]
	shanestarcher@gmail.com Shane Starcher: [20, 0]
	chris@sapho.com Christopher Montes: [15, 0]
	gtaylor@users.noreply.github.com Greg Taylor: [25, 0]
	zanhsieh@gmail.com zanhsieh: [39, 0]
	sameer@damagehead.com Sameer Naik: [195, 0]
	hunternield@gmail.com Hunter Nield: [14, 0]
	jainishshah@yahoo.com jainish shah: [18, 2]
	lachie83@users.noreply.github.com Lachlan Evenson: [22, 0]
	mehdy@google.com Mehdy Bohlool: [2, 1]
	dhodovsk@redhat.com Dominika Hodovska: [0, 0]
	bowei.du@gmail.com Bowei Du: [1, 2]
	maszulik@redhat.com Maciej Szulik: [0, 0]
	ccoleman@redhat.com Clayton Coleman: [0, 0]
	sross@redhat.com Solly Ross: [0, 0]
	pmorie@redhat.com Paul Morie: [60, 2]
	michael.fraenkel@gmail.com Michael Fraenkel: [1, 0]
	k82cn@icloud.com Klaus Ma: [0, 1]
	senlu@google.com Sen Lu: [75, 1]
	xihuanbo_0521@zju.edu.cn Xinbo Weng: [1, 1]
	21651152@zju.edu.cn tim-zju: [40, 40]
	jgrafton@google.com Jeff Grafton: [2, 0]
	deads@redhat.com deads2k: [6, 2]
	mikedanese@gmail.com Mike Danese: [0, 0]
	decarr@redhat.com Derek Carr: [1, 0]
	jberkus@redhat.com Josh Berkus: [0, 0]
	aledbf@gmail.com Manuel de Brito Fontes: [31, 13]
	rmmh@google.com Ryan Hitchman: [38, 12]
	spxtr@google.com Joe Finney: [31, 45]
	apelisse@google.com Antoine Pelisse: [8, 4]
	gmarek@google.com gmarek: [704, 704]
	rob@rob-franken.nl Rob Franken: [4, 1]
	aditya@portworx.com Aditya Dani: [0, 0]
	mkargaki@redhat.com Michail Kargakis: [0, 0]
	lucas.kaldstrom@hotmail.co.uk Lucas Käldström: [1, 0]
	stefan.schimanski@gmail.com Dr. Stefan Schimanski: [0, 0]
	pu.junqi@zte.com.cn tianshapjq: [0, 1]
	pwittroc@google.com Phillip Wittrock: [26302, 26302]
	dongziming@zju.edu.cn dongziming: [5, 5]
	rodcloutier@gmail.com rodcloutier: [1, 0]
	gianrubio@gmail.com Giancarlo Rubio: [4, 1]
	justin@fathomdb.com Justin Santa Barbara: [3, 6]
	mmosesohn@mirantis.com Matthew Mosesohn: [4, 0]
	zml@google.com Zach Loafman: [1, 0]
	ouyang.qinhua@zte.com.cn bruceauyeung: [26, 26]
	bburns@google.com Brendan Burns: [5, 0]
	sjenning@redhat.com Seth Jennings: [0, 0]
	acidburn@google.com Jess Frazelle: [589, 551]
	yifan.gu@coreos.com Yifan Gu: [3, 5]
	jungong@tencent.com Jun Gong: [1, 0]
	taotaotheripper@gmail.com Random-Liu: [1, 0]
	alexander.kanevskiy@intel.com Alexander Kanevskiy: [1, 1]
	chiachenk@google.com Janet Kuo: [77770, 4644]
	dug@us.ibm.com Doug Davis: [0, 60]
	jeffmendoza@google.com Jeff Mendoza: [6, 1]
	ben.balter@github.com Ben Balter: [119, 95]
	ddonnelly@google.com devin-donnelly: [1, 1]
	andrey.chernishov@gmail.com Andrey: [1, 2]
	qishen@zju.edu.cn SRaddict: [31, 31]
	nanopy@nanopy.com Eric Baum: [21, 9]
	junaidali@plumgrid.com Junaid Ali: [1, 1]
	mmaly@google.com Martin Maly: [0, 0]
ui 71 71
	pwittroc@google.com Phillip Wittrock: [71, 71]
build 2384 1503
	ramanathana@google.com Anirudh: [20, 2]
	ykuoka@gmail.com Yusuke Kuoka: [13, 5]
	aaronjlevy@gmail.com Aaron Levy: [1, 1]
	pb@coreos.com Patrick Baxter: [1, 1]
	michelle@deis.com Michelle Noorali: [0, 41]
	zihongz@google.com Zihong Zheng: [25, 30]
	bowei.du@gmail.com Bowei Du: [520, 287]
	pmorie@redhat.com Paul Morie: [81, 32]
	lukaszoles@gmail.com Łukasz Oleś: [1, 1]
	clove@cnmconsulting.net Chris Love: [3, 13]
	eparis@redhat.com Eric Paris: [12, 6]
	euan.kemp@coreos.com Euan Kemp: [11, 1]
	senlu@google.com Sen Lu: [59, 8]
	thockin@google.com Tim Hockin: [52, 56]
	jgrafton@google.com Jeff Grafton: [20, 15]
	deads@redhat.com deads2k: [41, 17]
	mikedanese@gmail.com Mike Danese: [8, 4]
	aledbf@gmail.com Manuel de Brito Fontes: [7, 3]
	rmmh@google.com Ryan Hitchman: [5, 5]
	owensk@google.com Kenneth Owens: [15, 2]
	beeps@google.com bprashanth: [3, 3]
	spxtr@google.com Joe Finney: [127, 107]
	gmarek@google.com gmarek: [2, 2]
	asarai@suse.de Aleksa Sarai: [19, 0]
	nalin@redhat.com Nalin Dahyabhai: [13, 2]
	crazykev@zju.edu.cn Crazykev: [5, 0]
	xlgao@zju.edu.cn Xianglin Gao: [2, 2]
	vbatts@hashbangbash.com Vincent Batts: [1, 1]
	dwalsh@redhat.com Dan Walsh: [19, 5]
	lucas.kaldstrom@hotmail.co.uk Lucas Käldström: [24, 20]
	wongma7@users.noreply.github.com Matthew Wong: [4, 4]
	calebamiles@users.noreply.github.com caleb miles: [0, 3]
	pwittroc@google.com Phillip Wittrock: [114, 57]
	aleksandram@google.com Aleksandra Malinowska: [1, 1]
	pszczesniak@google.com Piotr Szczesniak: [34, 23]
	andy.xning@gmail.com andy xie: [11, 7]
	nicolas.lamirault@gmail.com Nicolas Lamirault: [7, 5]
	mayur.nagekar@gmail.com Miyurz: [5, 8]
	justin@fathomdb.com Justin Santa Barbara: [73, 33]
	bogdando@mail.ru Bogdan Dobrelya: [9, 7]
	mmosesohn@mirantis.com Matthew Mosesohn: [31, 0]
	ablock84@gmail.com Alexander Block: [24, 1]
	antoine.legrand@coreos.com Antoine Legrand: [2, 2]
	tkral@redhat.com Tomas Kral: [5, 0]
	zml@google.com Zach Loafman: [29, 37]
	keglevich2@gmail.com vendrov: [1, 0]
	vince.montalbano@gmail.com Vince Montalbano: [29, 20]
	nikhiljindal@google.com nikhiljindal: [1, 0]
	yifan.gu@coreos.com Yifan Gu: [2, 3]
	dawnchen@google.com Dawn Chen: [1, 0]
	sritesh@vmware.com Ritesh H Shukla: [14, 16]
	vmik@google.com Mik Vyatskov: [11, 3]
	mbauer@us.ibm.com Morgan Bauer: [6, 1]
	yuanying@fraction.jp OTSUKA, Yuanying: [1, 1]
	dug@us.ibm.com Doug Davis: [266, 549]
	bdontu@vmware.com Balu Dontu: [6, 0]
	dbsmith@google.com Daniel Smith: [3, 3]
	jeffmendoza@google.com Jeff Mendoza: [11, 0]
	stevepe@google.com steveperry-53: [380, 0]
	ben.balter@github.com Ben Balter: [3, 2]
	mrick@google.com Matt Rickard: [38, 37]
	dlorenc@google.com dlorenc: [41, 0]
	balaji.subramaniam@intel.com Balaji Subramaniam: [3, 2]
	bmelville@google.com Brendan Melville: [39, 0]
	arschles@gmail.com Aaron Schlesinger: [64, 2]
	mmaly@google.com Martin Maly: [5, 4]
translation 150 0
	bburns@google.com Brendan Burns: [150, 0]
devel-doc 18251 9870
code 79468 82518
package 0 0
unknown 276739 171711
image 3486 5192
documentation 106388 32598
ui 71 71
build 2384 1503
translation 150 0
