Filter on "^vendor/|/vendor/"
open output file /Users/lukasz/dev/cncf/gitdm/other_repos/all_kubernetes_range_unknown_2017-05-19_2017-06-18.csv

kb@itsvit.org is an author name, probably not what you want
(Unknown) unknown@hacker.net Unknown hacker
Caicloud 393926893@qq.com zhengjiajin
	unknown [689, 177]
	devel-doc [10, 9]
	documentation [0, 0]
Red Hat ccoleman@redhat.com Clayton Coleman
	unknown [6733, 1876]
	devel-doc [498, 181]
	code [21, 14]
	build [1, 1]
Red Hat avagarwa@redhat.com Avesh Agarwal
	unknown [132, 243]
Kelowna admin@toph.ca Christoph Blecker
	devel-doc [80, 246]
	code [13, 10]
	unknown [2196, 3944]
	image [0, 0]
	documentation [0, 0]
	build [3, 3]
Google mehdy@google.com mbohlool
	unknown [8630, 3953]
	devel-doc [868, 72]
	code [1625, 3488]
	build [11, 2]
Atlassian mmazurskiy@atlassian.com Mikhail Mazurskiy
	unknown [181, 32]
	devel-doc [2, 0]
Google xuchao@google.com Chao Xu
	code [15, 5]
	unknown [20997, 1182]
	devel-doc [2025, 524]
	documentation [0, 0]
Google dbsmith@google.com Daniel Smith
	unknown [804, 1074]
	devel-doc [14, 10]
Google mengqiy@google.com ymqytw
	unknown [8419, 2943]
	code [1295, 733]
Red Hat deads@redhat.com deads2k
	unknown [2251, 2685]
	devel-doc [104, 53]
	code [6, 6]
Google wojtekt@google.com Wojciech Tyczynski
	unknown [890, 738]
	devel-doc [1, 4]
	code [0, 29]
	build [3, 3]
Google gmarek@google.com gmarek
	unknown [220, 172]
	devel-doc [6, 0]
	code [8, 3]
Red Hat xychu2008@gmail.com Ethan Chu
	unknown [86, 36]
Red Hat stefan.schimanski@gmail.com Dr. Stefan Schimanski
	unknown [3562, 1474]
	devel-doc [349, 160]
	code [78, 32]
CoreOS alex.crawford@coreos.com Alex Crawford
	unknown [6, 6]
Google stclair@google.com Tim St. Clair
	unknown [5807, 829]
	devel-doc [198, 5]
	code [8, 0]
	build [187, 23]
Google mml@google.com Matt Liggett
	unknown [14, 2]
	devel-doc [1, 0]
Computer Science and Engineering, IIT Kanpur saksham0808@gmail.com Saksham Sharma
	unknown [1426, 114]
	devel-doc [107, 0]
	build [7, 1]
Fujitsu caosf.fnst@cn.fujitsu.com Cao Shufeng
	unknown [420, 91]
	devel-doc [2, 1]
	code [29, 7]
Red Hat jliggitt@redhat.com Jordan Liggitt
	unknown [4179, 1435]
	devel-doc [259, 18]
	code [14, 3]
	documentation [0, 0]
(Unknown) stuart.warren@ocado.com stuart.warren
	unknown [14, 14]
(Unknown) sdw35@cornell.edu Scott Weiss
	unknown [922, 0]
	devel-doc [14, 0]
Google dashpole@google.com David Ashpole
	unknown [554, 411]
	devel-doc [629, 2]
	code [1, 5]
CoreOS eric.chiang.m@gmail.com Eric Chiang
	unknown [1727, 60]
	devel-doc [124, 0]
	documentation [2, 0]
Self lukasz.szaszkiewicz@gmail.com p0lyn0mial
	unknown [775, 284]
	devel-doc [95, 72]
Red Hat mkhan@redhat.com Monis Khan
	unknown [74, 10]
	code [12, 4]
Google thockin@google.com Tim Hockin
	unknown [241, 164]
	devel-doc [6, 2]
	code [17, 0]
	build [2, 0]
	documentation [0, 0]
Fujitsu mashimiao.fnst@cn.fujitsu.com Ma Shimiao
	unknown [1, 3]
(Unknown) deads2k@users.noreply.github.com David Eads
(Unknown) tpetr@hubspot.com Tom Petr
	devel-doc [1, 1]
Google shyamjvs@google.com Shyam Jeedigunta
	unknown [1440, 163]
	devel-doc [67, 0]
	code [80, 37]
	build [0, 0]
	documentation [1, 0]
Google pwittroc+github@google.com Phillip Wittrock
	unknown [1655, 816]
	devel-doc [71, 4]
	code [16, 0]
Virtuozzo ibazhitov@virtuozzo.com Igor Bazhitov
	unknown [12, 8]
Virtuozzo avagin@virtuozzo.com Andrei Vagin
	unknown [1, 1]
Red Hat sross@redhat.com Solly Ross
	unknown [3483, 441]
	devel-doc [2, 0]
	documentation [0, 0]
Google alexanderhcampbell@gmail.com Alexander Campbell
	code [37, 19]
	unknown [404, 413]
	devel-doc [13, 14]
	documentation [21, 0]
	build [24, 0]
Red Hat jimmidyson@gmail.com Jimmi Dyson
	unknown [11, 10]
Google mwielgus@google.com Marcin Wielgus
	unknown [3160, 1076]
	devel-doc [6, 3]
	code [4, 4]
Google maciekpytel@google.com Maciej Pytel
	unknown [1181, 136]
	code [29, 14]
Google aleksandram@google.com Aleksandra Malinowska
	unknown [250, 33]
(Unknown) ej@reactiveops.com ejether
	devel-doc [1, 1]
(Unknown) jansel@jansel.net Jason Ansel
	devel-doc [2, 2]
(Unknown) hongchaodeng@users.noreply.github.com Hongchao Deng
	unknown [351, 103]
	code [1, 1]
CoreOS yifan.gu@coreos.com Yifan Gu
	unknown [29, 15]
CoreOS dpontor@gmail.com Diego Pontoriero
	unknown [99, 62]
	devel-doc [3, 3]
	code [1, 1]
CoreOS abhinav.dahiya@coreos.com Abhinav Dahiya
	unknown [96, 79]
	code [11, 2]
CoreOS pb@coreos.com Patrick Baxter
	unknown [299, 52]
	devel-doc [7, 6]
	code [48, 6]
CoreOS xiangli.cs@gmail.com Xiang Li
	unknown [422, 48]
	devel-doc [8, 2]
Aperian Global aaronjlevy@gmail.com Aaron Levy
	unknown [2, 2]
(Unknown) kamal@marhubi.com Kamal Marhubi
	unknown [13, 11]
	code [1, 1]
Google robertbailey@google.com Robert Bailey
	unknown [3, 3]
	code [23, 21]
Datapipe shanestarcher@gmail.com Shane Starcher
	unknown [29, 0]
	devel-doc [1, 1]
Rackspace levi.blackstone@rackspace.com Levi Blackstone
	unknown [24, 0]
Self kevin.fox@pnnl.gov kfox1111
	unknown [333, 2]
	devel-doc [31, 0]
	documentation [34, 0]
Codecentric AG unguiculus@gmail.com Reinhard Nägele
	unknown [79, 5]
	devel-doc [10, 1]
	documentation [2, 2]
(Unknown) frederick.ryckbosch@gmail.com Frederick Ryckbosch
	unknown [121, 0]
	devel-doc [60, 0]
	documentation [26, 0]
(Unknown) nooknb@gmail.com Bhargav Nookala
	unknown [37, 19]
	devel-doc [3, 0]
(Unknown) justin@linux.com Justin Garrison
	unknown [657, 0]
	devel-doc [111, 0]
	documentation [21, 0]
(Unknown) rita.z.zhang@gmail.com Rita Zhang
	unknown [164, 0]
	devel-doc [119, 0]
	documentation [24, 0]
(Unknown) jpds@protonmail.com Jon Davies
	devel-doc [1, 1]
(Unknown) jesse@thefortytwo.net Jesse Dubay
	unknown [16, 1]
	devel-doc [6, 3]
Basekamp scott@r6by.com Scott Rigby
	unknown [199, 104]
	devel-doc [46, 0]
Google ramanathana@google.com Anirudh Ramanathan
	unknown [706, 438]
	devel-doc [1, 0]
	code [14, 8]
	documentation [0, 0]
Teslabit pfeodrippe@gmail.com Paulo Rafael Feodrippe
	unknown [19, 2]
	devel-doc [19, 0]
Microsoft kris@nivenly.com Kris Nova
	unknown [6, 5]
(Unknown) cody.lundquist@gmail.com Cody Lundquist
	unknown [492, 0]
	devel-doc [142, 0]
	code [104, 0]
	build [30, 0]
	documentation [33, 0]
Mirantis me@slukjanov.name Sergey Lukjanov
	unknown [4, 4]
クラウドワークス ykuoka@gmail.com KUOKA Yusuke
	unknown [4, 4]
	devel-doc [3, 1]
Microsoft lachie83@users.noreply.github.com Lachlan Evenson
	code [0, 35]
	unknown [1301, 214]
	devel-doc [134, 7]
	documentation [61, 9]
Cockroach alexdwanerobinson@gmail.com Alex Robinson
	unknown [11, 6]
	devel-doc [1, 0]
Weaveworks errordeveloper@gmail.com Ilya Dmitrichenko
	unknown [438, 0]
	devel-doc [42, 0]
	code [16, 0]
	documentation [28, 0]
clibs sameer@damagehead.com Sameer Naik
	unknown [97, 84]
	documentation [7, 5]
Project Calico dan@projectcalico.org Dan (Turk)
	unknown [44, 3]
	devel-doc [11, 0]
(Unknown) ianburrell@gmail.com Ian Burrell
	unknown [19, 8]
	documentation [4, 2]
tompizmor Bitnami tompizmor@users.noreply.github.com tompizmor
	unknown [131, 46]
	devel-doc [12, 2]
(Unknown) mr.maatoug@gmail.com Mourad Maatoug
	devel-doc [1, 1]
(Unknown) akauppi@gmail.com Asko Kauppi
	devel-doc [5, 6]
(Unknown) edsiper@gmail.com Eduardo Silva
	devel-doc [10, 3]
(Unknown) bob@violier.eu Bob Violier
	unknown [4, 4]
(Unknown) jonstacks@users.noreply.github.com Jonathan Stacks
	unknown [8, 1]
	devel-doc [4, 3]
(Unknown) nitisht@users.noreply.github.com Nitish Tiwari
	unknown [2, 2]
Slalom Consulting justin.r.nauman+github@gmail.com Justin Nauman
	unknown [32, 1]
	devel-doc [2, 0]
Reevoo ed@reevoo.com Ed Robinson
	unknown [3, 2]
(Unknown) yuanying@fraction.jp O. Yuanying
	unknown [36, 0]
	devel-doc [2, 0]
Schibsted ivan.ilves@gmail.com Ivan Ilves
	unknown [88, 12]
	devel-doc [5, 2]
Adaptly pchampon@gmail.com Philip Champon
	unknown [14, 1]
	devel-doc [1, 0]
(Unknown) tom@devopsify.io Tom Qiang Wu
	unknown [12, 1]
	devel-doc [14, 14]
Self fabian@progra.de Fabian Ruff
	unknown [40, 3]
	devel-doc [3, 0]
Maxwell Health ashley.penney@maxwellhealth.com Ashley Penney
	unknown [7, 0]
	devel-doc [3, 3]
(Unknown) henders@users.noreply.github.com Shane Hender
	unknown [2, 0]
	devel-doc [24, 23]
	documentation [15, 0]
Google viglesias@google.com Vic Iglesias
	devel-doc [3, 0]
Softonic github@armesto.net Jose Armesto
	unknown [173, 1]
	devel-doc [21, 0]
	documentation [9, 0]
Prom.ua ipaq.lw@gmail.com Sergey Nuzhdin
	unknown [33, 1]
	devel-doc [18, 11]
Wikimedia Foundation yuvipanda@gmail.com Yuvi Panda
	devel-doc [1, 1]
(Unknown) seanknox@users.noreply.github.com Sean Knox
	unknown [38, 0]
Mirantis lukaszoles@gmail.com Łukasz Oleś
	unknown [1, 0]
	devel-doc [3, 3]
(Unknown) peter@firepod.com Peter Luttrell
	devel-doc [47, 17]
Digidentity gianrubio@gmail.com Giancarlo Rubio
	unknown [72, 12]
	documentation [1, 1]
Microsoft vadice@microsoft.com Vaughn Dice
	unknown [112, 0]
	devel-doc [45, 0]
	documentation [6, 0]
(Unknown) robin@kearney.co.uk Robin Kearney
	unknown [9, 1]
	devel-doc [1, 0]
Bitnami adnan@prydoni.us Adnan Abdulhussein
	unknown [4, 0]
	build [11, 10]
Microsoft kent.rancourt@microsoft.com Kent Rancourt
	unknown [109, 153]
	devel-doc [19, 0]
	code [1, 1]
(Unknown) andyhume@gmail.com Andy Hume
	unknown [1, 1]
(Unknown) binoculars@users.noreply.github.com Barrett Harber
	unknown [7, 0]
	devel-doc [1, 0]
Huawei dhilip.kumar.s@huawei.com Dhilip
	unknown [215, 0]
	devel-doc [119, 0]
	documentation [2, 0]
Google chiachenk@google.com Janet Kuo
	unknown [2515, 1402]
	devel-doc [13, 5]
	code [23, 9]
	documentation [0, 0]
Google ahmetb@google.com Ahmet Alp Balkan
	devel-doc [475, 29]
	code [1, 1]
	unknown [405, 8]
	image [0, 0]
	documentation [1, 1]
	build [0, 0]
Google owensk@google.com Kenneth Owens
	unknown [8025, 1325]
	devel-doc [78, 0]
	documentation [0, 0]
IBM gyliu513@gmail.com Guangya Liu
	unknown [126, 65]
	documentation [0, 0]
Google jgrafton@google.com Jeff Grafton
	unknown [318, 111]
	devel-doc [40, 35]
	code [78, 26]
	ui [3, 0]
	build [26, 18]
IBM madaxa@cn.ibm.com Klaus Ma
	unknown [389, 156]
	devel-doc [137, 18]
	documentation [0, 0]
Google jinxu@google.com Jing Xu
	unknown [2573, 1181]
	devel-doc [3, 0]
	documentation [0, 0]
Google qlee@google.com Quintin Lee
	unknown [174, 88]
	devel-doc [19, 0]
	build [2, 2]
(Unknown) tnozicka@gmail.com Tomas Nozicka
	unknown [10, 2]
(Unknown) horwitzja@gmail.com Josh Horwitz
	unknown [759, 405]
	devel-doc [2, 0]
Red Hat danw@redhat.com Dan Winship
	unknown [11959, 281]
	devel-doc [1130, 0]
	documentation [0, 0]
	build [0, 51]
Fujitsu chenr.fnst@cn.fujitsu.com xilabao
	unknown [555, 21]
	devel-doc [9, 1]
	code [2, 2]
	translation [3, 5]
Red Hat mkargaki@redhat.com Michail Kargakis
	unknown [846, 505]
	devel-doc [8, 4]
	documentation [0, 0]
	build [21, 18]
ASG Consulting andy.goldstein@gmail.com Andy Goldstein
	code [35, 22]
	unknown [180, 54]
	devel-doc [4, 5]
	documentation [1, 0]
VMware bdontu@vmware.com System Administrator
	unknown [1630, 950]
	devel-doc [676, 2]
	documentation [0, 0]
Google msau@google.com Michelle Au
	unknown [2691, 1561]
	devel-doc [154, 45]
	documentation [0, 0]
	build [24, 27]
Google jregan@google.com Jeffrey Regan
	unknown [57, 79]
	devel-doc [43, 6]
(Unknown) sergi@koolpi.com Sergi Almacellas Abellana
	unknown [24, 10]
	code [94, 25]
	build [6, 1]
Red Hat decarr@redhat.com Derek Carr
	unknown [2262, 1930]
	devel-doc [1, 0]
	build [3, 0]
Google zihongz@google.com Zihong Zheng
	unknown [1120, 392]
	devel-doc [12, 0]
	build [3, 3]
Google bowei.du@gmail.com Bowei Du
	unknown [8, 3]
	code [60, 21]
Mirantis ihor@dvoretskyi.com Ihor Dvoretskyi
Google bgrant0607@users.noreply.github.com Brian Grant
Google sarah.novotny@gmail.com sarahnovotny
	unknown [2, 2]
RackN rob@rackn.com Rob Hirschfeld
	unknown [75, 0]
FathomDB justin@fathomdb.com Justin Santa Barbara
	unknown [1120, 749]
	devel-doc [3, 0]
	code [4, 4]
	build [2, 2]
Hyper.sh feiskyer@users.noreply.github.com Pengfei Ni
	unknown [1791, 1456]
	devel-doc [55, 52]
	code [47, 14]
	documentation [8, 8]
Google vishnuk@google.com Vishnu Kannan
	code [39, 23]
	unknown [113, 18]
	devel-doc [32, 25]
	documentation [8, 0]
	build [1, 1]
Microsoft bburns@microsoft.com Brendan Burns
	unknown [42487, 2]
	devel-doc [26, 0]
	code [166316, 2]
Google joe.github@bedafamily.com Joe Beda
	unknown [7, 3]
	devel-doc [12, 1]
Red Hat jpeeler@redhat.com Jeff Peeler
	unknown [1, 1]
(Unknown) ttr314@googlemail.com Timo Reimann
	unknown [2, 0]
Rackspace jamie.hannaford@rackspace.com Jamie Hannaford
	unknown [188, 55]
	devel-doc [682, 509]
	code [38, 0]
	build [7, 4]
	documentation [0, 7]
Google deyuan.deng@gmail.com Deyuan Deng
	unknown [248, 148]
	devel-doc [2, 2]
	build [3, 0]
DEIS jdumars@gmail.com Jason Singer DuMars
	unknown [46, 21]
	devel-doc [31, 0]
Red Hat bchilds@redhat.com bradley childs
Canonical marco@ceppi.net Marco Ceppi
	unknown [6, 3]
Red Hat pmorie@redhat.com Paul Morie
	unknown [3765, 2377]
	devel-doc [12, 6]
(Unknown) timothysc@users.noreply.github.com Timothy St. Clair
	unknown [109, 0]
Samsung spiffxp@gmail.com Aaron Crickenberger
	unknown [8, 5]
	devel-doc [10, 10]
IBM mspreitz@us.ibm.com Mike Spreitzer
	unknown [12, 1]
	devel-doc [2, 0]
ZTE Corporation zhao.xiangpeng@zte.com.cn xiangpengzhao
	unknown [34, 5]
	devel-doc [4, 4]
	build [2, 2]
Google senlu@google.com Sen Lu
	unknown [11757, 6105]
	devel-doc [53, 0]
	code [1482, 1112]
	ui [4, 3]
	build [14, 2]
Google mikedanese@gmail.com Mike Danese
	unknown [202, 337]
	devel-doc [1, 4]
	code [6, 7]
	build [20, 245]
	documentation [1, 0]
FOSSEE madhusudancs@gmail.com Madhusudan.C.S
	unknown [31, 4]
	code [43, 8]
Huawei shashidhara.td@huawei.com shashidharatd
	unknown [495, 277]
	devel-doc [110, 16]
	code [2, 0]
Google czahedi@google.com Cameron Zahedi
	unknown [1, 0]
	devel-doc [6, 0]
(Unknown) baldwin@stackpointcloud.com Matt Baldwin
	unknown [1, 0]
Xlab miha.plesko@xlab.si Miha Pleško
	devel-doc [1, 1]
Google grodrigues3@users.noreply.github.com grodrigues3
Hyper.sh harryz@hyper.sh Harry Zhang
	unknown [29, 4]
	devel-doc [21, 0]
CNCF dan@dankohn.com Dan Kohn
	unknown [1, 1]
Airbnb rickyp999@gmail.com Ricky Pai
	unknown [64, 9]
Intel lin.a.yang@intel.com Lin Yang
	unknown [2, 2]
Google saadali@google.com Saad Ali
	unknown [14, 9]
Red Hat arun.gupta@gmail.com Arun Gupta
	unknown [1, 1]
Google mtaufen@users.noreply.github.com Michael Taufen
	unknown [87, 21]
	devel-doc [1, 0]
Self taotaotheripper@gmail.com Lantao Liu
	unknown [4698, 1839]
	devel-doc [2, 2]
	code [3, 2]
	build [2, 2]
Google ygg@google.com Yang Guo
	unknown [3005, 941]
	devel-doc [32, 0]
	code [359, 137]
	build [2, 2]
Google loburm@google.com Marian Lobur
	unknown [52, 17]
Google vmik@google.com Mik Vyatskov
	unknown [2410, 33]
	devel-doc [83, 0]
	documentation [13, 6]
	build [41, 4]
Rackspace cfarquhar@cfarquhar.com Charles Farquhar
Google pszczesniak@google.com Piotr Szczesniak
Google maciejborsz@google.com Maciej Borsz
	unknown [648, 22]
	documentation [2, 0]
IBM brownwm@us.ibm.com Mike Brown
	unknown [601, 546]
Self crazykev@zju.edu.cn Crazykev
	unknown [250, 121]
Self 21521209@zju.edu.cn heartlock
	unknown [242, 1112]
	devel-doc [30, 17]
	code [32, 20]
Self xlgao@zju.edu.cn Xianglin Gao
	unknown [685, 198]
Red Hat runcom@users.noreply.github.com Antonio Murdaca
	unknown [882, 1215]
	devel-doc [6, 0]
	code [408, 28]
	build [74, 3]
Red Hat mpatel@redhat.com Mrunal Patel
	unknown [218, 16]
	devel-doc [9, 7]
	code [399, 27]
Intel sameo@linux.intel.com Samuel Ortiz
	unknown [293, 139]
	devel-doc [1, 1]
	code [1, 1]
Red Hat alexl@redhat.com Alexander Larsson
	unknown [73, 28]
	devel-doc [0, 2]
	code [555, 335]
	build [3, 3]
Igneous Systems andrewpilloud@igneoussystems.com Andrew Pilloud
	unknown [39, 3]
Red Hat dwalsh@redhat.com Daniel J Walsh
	unknown [15, 7]
Red Hat vbatts@hashbangbash.com Vincent Batts
	unknown [2, 1]
(Unknown) mozhuli@users.noreply.github.com Wade Lee
	unknown [107, 9]
	devel-doc [9, 0]
Zhejiang University 21621232@zju.edu.cn mozhuli
(Unknown) kr.abhishek8260@gmail.com krabhishek8260
	unknown [235, 0]
	code [5354, 763]
	documentation [2, 0]
Fujitsu s.florek91@gmail.com Sebastian Florek
	unknown [2859, 1820]
	code [839, 711]
	documentation [300, 185]
(Unknown) janos@lenart.io Janos Lenart
	unknown [379, 1]
	code [461, 6]
	documentation [41, 0]
Fujitsu maciaszczykm@users.noreply.github.com Marcin Maciaszczyk
	unknown [671, 3154]
	code [184, 21]
	documentation [155, 75]
(Unknown) andreas@kruger.nu Andreas Krüger
	code [1, 1]
Fujitsu kenan.karamehmedovic@est.fujitsu.com Kenan Karamehmedovic
	unknown [28, 21]
	code [16, 95]
	documentation [9, 1]
China Mobile International Limited zounengren@cmss.chinamobile.com zoues
	unknown [12, 12]
	devel-doc [1, 0]
Fujitsu christoph.held@est.fujitsu.com Christoph Held
	unknown [135, 4]
(Unknown) timothyjosefik@gmail.com Timothy Josefik
	unknown [7, 7]
IBM cmluciano@us.ibm.com Christopher M. Luciano
	unknown [14, 3]
	code [9, 3]
	build [1, 1]
Bitnami runseb@gmail.com sebgoa
(Unknown) mikhail.plavskiy@quest.com Mike Plavsky
	devel-doc [2, 2]
Self nikitaraghunath@gmail.com Nikhita Raghunath
	unknown [209, 38]
	devel-doc [2, 0]
Collanthropy, LLC iterion@gmail.com Adam Sunderland
	devel-doc [1, 1]
Zalando linki@users.noreply.github.com Martin Linkhorst
	unknown [544, 627]
	devel-doc [5, 0]
(Unknown) nick@juni.io Nick Jüttner
	unknown [1617, 14]
Zalando yerken.tussupbekov@zalando.de Yerken
	unknown [62, 57]
(Unknown) peter@segfault.guru Peter Huene
	unknown [1032, 100]
MIT ismith@mit.edu Ian Smith
	unknown [240, 16]
Red Hat wongma7@users.noreply.github.com Matthew Wong
	unknown [393, 274]
	devel-doc [65, 2]
	code [410, 70]
	build [193, 79]
Red Hat jsafrane@redhat.com Jan Safranek
	devel-doc [27, 5]
(Unknown) kent.wang@cheanjia.com Kent Wang
	unknown [3, 3]
(Unknown) yangwangxing@nationsky.com yangwangxing
	unknown [1, 0]
Red Hat hchiramm@redhat.com Humble Chirammal
	unknown [379, 275]
	devel-doc [51, 10]
	code [13, 0]
	build [69, 0]
Red Hat obnox@redhat.com Michael Adam
	devel-doc [9, 9]
Ceph calebamiles@users.noreply.github.com caleb miles
	unknown [11, 3]
IRT SystemX ja.lauricella@gmail.com neith00
	unknown [1, 1]
(Unknown) kobi.zamir@gmail.com yaacov
	unknown [4, 0]
Self andy.xning@gmail.com Andy Xie
	unknown [24, 66]
Nike thomastaylor312@gmail.com Taylor Thomas
	unknown [74, 42]
	devel-doc [3, 0]
42 julien.balestra@gmail.com Julien Balestra
	unknown [1, 1]
Microsoft adamreese@users.noreply.github.com Adam Reese
	unknown [610, 525]
	devel-doc [6, 6]
Microsoft matt.butcher@microsoft.com Matt Butcher
	unknown [315, 130]
	devel-doc [0, 1]
(Unknown) seh@panix.com Steven E. Harris
	unknown [135, 51]
	devel-doc [89, 92]
(Unknown) lukaseichler1@googlemail.com Lukas Eichler
	unknown [52, 9]
	devel-doc [0, 0]
Microsoft minooral@microsoft.com Michelle Noorali
	unknown [118, 71]
AT&T bjozsa@jinkit.com Brandon B. Jozsa
	unknown [1, 0]
SUSE/Novell sushil.kumar@suse.com Sushil Kumar
	unknown [428, 114]
	devel-doc [35, 0]
	documentation [1, 0]
	image [8, 0]
	package [0, 0]
(Unknown) willisesun@gmail.com willise
	unknown [4, 4]
	documentation [1, 1]
Tencent devinyan@tencent.com devinyan
	unknown [6, 6]
(Unknown) rober.morales@rstor.io Rober Morales-Chaparro
	unknown [1, 1]
Self zoidbergwill@gmail.com William Martin Stewart
	devel-doc [1, 1]
Intel justin.a.scott@intel.com Justin Scott
	unknown [9, 25]
Bodeco.io bodepd@gmail.com Dan Bode
	devel-doc [3, 3]
(Unknown) cory.m.smith@gmail.com Cory Smith
	unknown [4, 4]
(Unknown) fibonacci1729@users.noreply.github.com Brian
HP slicknik@gmail.com Nikhil Manchanda
	unknown [4, 3]
Microsoft segoings@microsoft.com Seth Goings
	devel-doc [1, 1]
(Unknown) ioanowen@gmail.com tyrannasaurusbanks
	unknown [5, 0]
indiehosters pierre@ozoux.net Pierre Ozoux
DEIS brian@deis.com fibonacci1729
	unknown [2531, 2110]
Self aledbf@gmail.com Manuel de Brito Fontes
	code [2, 2]
	unknown [2322, 1422]
	devel-doc [151, 9]
	documentation [38, 11]
	build [98, 6]
Google nicksardo@users.noreply.github.com Nick Sardo
	unknown [2389, 796]
	devel-doc [129, 9]
	build [12, 2]
(Unknown) hoogendijk09@gmail.com TheCodeAssassin
	devel-doc [1, 1]
Google rmmh@google.com Ryan Hitchman
	unknown [1124, 255]
	devel-doc [1, 1]
	code [45, 13]
	build [65, 63]
(Unknown) coryfklein@gmail.com Cory Klein
	unknown [5, 0]
	documentation [1, 1]
(Unknown) rssguar@gmail.com Ross Guarino
	unknown [34, 0]
	documentation [1, 1]
Zendesk development@stp-ip.net Michael Grosser
	unknown [102, 0]
	devel-doc [13, 56]
SERPRO jcmoraisjr@gmail.com Joao Morais
	unknown [31, 114]
(Unknown) andrey.arapov@nixaid.com Andrey Arapov
	unknown [6, 1]
	devel-doc [7, 1]
(Unknown) olve@vimond.com Olve Sæther Hansen
	documentation [3, 0]
(Unknown) jan@iosphere.de Jan Weitz
	unknown [34, 0]
	devel-doc [31, 0]
(Unknown) my@famer.me 明扬
	devel-doc [1, 1]
Luminis arjan.schaaf@luminis.eu Arjan Schaaf
	documentation [0, 3]
(Unknown) ft@le-fay.org Liss Tarnell
	unknown [78, 5]
(Unknown) lars.solberg+github@gmail.com Lars Solberg
	devel-doc [1, 1]
ApresMIDI AB arve.knudsen@gmail.com Arve Knudsen
	devel-doc [2, 2]
(Unknown) ohaiwalt@gmail.com Matthew Walter
	unknown [1, 1]
(Unknown) julian.modesto@liveramp.com Julian V. Modesto
	unknown [1, 0]
ZTE Corporation chen.tao3@zte.com.cn chentao1596
	unknown [17, 1]
	build [1, 1]
(Unknown) stevenk1@stanford.edu Steve Kallestad
	unknown [106, 0]
	devel-doc [143, 0]
IBM mkumatag@in.ibm.com Manjunath A Kumatagi
	build [40, 10]
Google dnardo@google.com Daniel Nardo
	unknown [43, 7]
Google lwander@google.com Lars Wander
	code [4, 16]
Google colew@google.com Cole Wagner
	unknown [510, 152]
	devel-doc [4, 4]
	code [3, 0]
Dell bradbeam@users.noreply.github.com Brad Beam
	unknown [6, 0]
Solinea rsmitty@users.noreply.github.com Spencer Smith
	unknown [63, 8]
(Unknown) kevin@idempotent.ca Kevin Jing Qiu
	unknown [56, 14]
(Unknown) github@jonasmatser.nl Jonas Matser
	devel-doc [5, 3]
EMC justin.hunthrop@emc.com Justin Hunthrop
	unknown [1, 1]
(Unknown) zouyee1989@gmail.com zouyee
	unknown [3, 3]
	devel-doc [1, 1]
Mirantis mmosesohn@mirantis.com Matthew Mosesohn
Cisco jlothian@cisco.com Josh Lothian
	unknown [0, 2]
Red Hat surajd.service@gmail.com Suraj Deshmukh
Red Hat surajnarwade353@gmail.com Suraj Narwade
	unknown [5, 5]
	code [4, 2]
Red Hat charlie@charliedrage.com Charlie Drage
	unknown [4623, 775]
	devel-doc [89, 43]
	code [68, 15]
Red Hat tomas.kral@gmail.com Tomas Kral
	unknown [55, 31]
Linux abhishek@linux.com Abhishek
	unknown [32, 3]
(Unknown) lawrleegle@gmail.com gitlawr
	unknown [90, 3]
Red Hat ashetty@redhat.com Anush Shetty
	unknown [0, 0]
	code [4, 4]
CNM Consulting clove@cnmconsulting.net Chris Love
	unknown [3, 8]
	build [0, 1]
(Unknown) willem.mali@gmail.com Willem Mali
	unknown [33, 25]
	devel-doc [127, 41]
	code [0, 32]
	build [21, 5]
Wantedly dtanshi45@gmail.com Daisuke Fujita
	unknown [2, 4]
(Unknown) jordanjennings@gmail.com Jordan Jennings
	unknown [74, 30]
Apple austin_moore@icloud.com Austin Moore
	unknown [96, 7]
Wattpad andrew@wattpad.com andrewsykim
	unknown [656, 2665]
(Unknown) cordoval@gmail.com Luis Cordova
	unknown [10, 13]
(Unknown) mmarchetti@hearst.com Matt Marchetti
	unknown [19, 0]
(Unknown) murali.reddy@cloudnativelabs.net Murali Reddy
	unknown [403, 38]
(Unknown) tanner.bruce@farmersedge.ca Tanner Bruce
	unknown [2, 2]
ZestCore otto@live.ca Otto Yiu
	unknown [271, 74]
(Unknown) zanhsieh@gmail.com zanhsieh
	unknown [12, 18]
Self spollack@beenverified.com Seth Pollack
	unknown [388, 4]
	devel-doc [2, 2]
(Unknown) hugocf@users.noreply.github.com Hugo Ferreira
	unknown [3, 3]
Project Calico heschlie@gmail.com heschlie
	unknown [221, 84]
(Unknown) shimi.k@gmail.com Shimi Kiviti
	unknown [6, 2]
(Unknown) patrickbarkerco@gmail.com Patrick Barker
	unknown [13, 0]
ReactiveOps geojaz@users.noreply.github.com Eric Hole
Barkly mike.splain@gmail.com Mike Splain
	unknown [5, 0]
Google wfender@google.com Walter Fender
	unknown [114, 67]
	code [174, 14]
	build [40, 0]
Red Hat shiywang@redhat.com shiywang
	unknown [545, 1]
	devel-doc [19, 2]
Earnest harsha@earnest.com Harsha Yalamanchili
	unknown [1, 1]
(Unknown) yury.tsarev@iflix.com Yury Tsarev
	unknown [1, 3]
(Unknown) james.cuzella@lyraphase.com James Cuzella
	unknown [9, 1]
(Unknown) paalkr@users.noreply.github.com paalkr
	unknown [1, 0]
Self c-knowles@users.noreply.github.com Chris Knowles
	unknown [29, 1]
(Unknown) spatronis@gmail.com spatronis
	unknown [3, 3]
(Unknown) jefferson@girao.net Jefferson Girao
	unknown [6, 6]
Descomplica daniel.tritone@gmail.com Daniel Martins
	unknown [397, 63]
Telemetry.com ivanov.maxim@gmail.com Maxim Ivanov
	unknown [12, 461]
Hotels.com jhollinshead@hotels.com Joseph Hollinshead
	unknown [6, 58]
Netquest camil@edka.io Camil Blanaru
	unknown [1, 1]
O'Reilly Media everpeace@gmail.com Shingo Omura
	unknown [627, 1]
CoreOS fab.reinartz@gmail.com Fabian Reinartz
CoreOS fbranczyk@gmail.com Frederic Branczyk
NotFound davidoff@qedmf.net Andrew Davidoff
	unknown [389, 0]
Rook luxas@users.noreply.github.com Lucas Käldström
	unknown [620, 86]
	devel-doc [22, 3]
Google dawnchen@google.com Dawn Chen
	unknown [45, 144]
	code [7, 87]
	build [0, 19]
Google enisoc@google.com Anthony Yeh
	unknown [284, 56]
	devel-doc [766, 505]
	code [148, 9]
Google agarwalrohit@google.com Rohit Agarwal
	unknown [77, 107]
	devel-doc [3, 31]
	code [4, 214]
	build [0, 27]
Canonical george.kraft@canonical.com George Kraft
	code [5, 2]
Google jacobsimpson@google.com Jacob Simpson
	unknown [250, 53]
	devel-doc [2, 0]
Red Hat haowang@redhat.com Haoran Wang
	unknown [33, 32]
	devel-doc [69, 73]
	code [1, 1]
Tigera casey@tigera.io Casey Davenport
	unknown [113, 34]
	devel-doc [6, 9]
	build [129, 16]
Google mixia@google.com Minhan Xia
	unknown [4, 1]
Google cxing@google.com Cheng Xing
	unknown [12, 8]
	build [4, 0]
Google spxtr@google.com Joe Finney
	unknown [638, 714]
	devel-doc [73, 97]
	build [12, 20]
CoreOS casey.callendrello@coreos.com Casey Callendrello
	unknown [3, 0]
Red Hat hekumar@redhat.com Hemant Kumar
	unknown [81, 41]
CoreOS gyuhox@gmail.com Gyu-Ho Lee
	code [6, 2]
Google cjcullen@google.com CJ Cullen
	unknown [121, 27]
	devel-doc [0, 5]
	code [8, 0]
	build [12, 6]
	documentation [1, 0]
Diamanti nelcyguy@gmail.com Chakravarthy Nelluri
	unknown [31, 41]
Google krousey@google.com Kris
	unknown [2, 0]
Microsoft doliu@microsoft.com Dong Liu
	unknown [523, 106]
	devel-doc [51, 1]
zlabjp kazuki.suda@gmail.com Kazuki Suda
	unknown [1, 1]
Hitachi Data Systems mitsuhiro.tanino@hds.com mtanino
	unknown [194, 74]
(Unknown) kynan.rilee@gmail.com ublubu
	unknown [220, 8]
Canonical chuck@dasroot.net Charles Butler
	code [2, 1]
ZTE Corporation zhang.wanmin@zte.com.cn William Chang
	unknown [134, 0]
	translation [89, 0]
Google wasylkowski@google.com Andrzej Wasylkowski
	unknown [87, 32]
	devel-doc [3, 0]
CoreOS dan.gillespie@coreos.com Dan Gillespie
	unknown [4, 3]
Huawei quinton.hoole@huawei.com Quinton Hoole
	unknown [2, 0]
Microsoft jack.francis@microsoft.com Jack Francis
	unknown [626, 145]
	devel-doc [3, 0]
Google sunilarora@google.com Sunil Arora
	unknown [306, 90]
	devel-doc [4, 0]
Google yjhong@google.com Yu-Ju Hong
	unknown [7756, 5483]
	devel-doc [6, 1]
Red Hat vsemushi@redhat.com Slava Semushin
	unknown [5, 5]
EasyStack fengyun.pan@easystack.cn FengyunPan
	unknown [208, 84]
	devel-doc [1, 0]
(Unknown) stuart-warren@users.noreply.github.com Woz
DaoCloud baofa.fan@daocloud.io carlory
	unknown [9, 6]
	code [1, 1]
Google beacham@google.com Jacob Beacham
	unknown [367, 37]
	devel-doc [35, 3]
	build [9, 6]
Google jeffml@google.com Jeff Lowdermilk
	unknown [1, 309]
(Unknown) luk.burchard@gmail.com realfake
	unknown [76, 3]
ZTE Corporation zhang.xiaoyu33@zte.com.cn zhangxiaoyu-zidif
	unknown [66, 15]
Google mikewu@google.com Ke Wu
	unknown [2, 2]
VMware gkuncoro@vmware.com Giri Kuncoro
	unknown [10247, 10110]
	translation [93, 1]
(Unknown) licl@primeton.com lichunlong
	unknown [51, 45]
IBM xingzhou@cn.ibm.com Xing Zhou
	unknown [1, 23]
	devel-doc [0, 2]
Google grod@google.com Garrett Rodrigues
	unknown [47, 3]
(Unknown) prateekgogia@hotmail.com prateekgogia
	unknown [1, 1]
(Unknown) marton.natko@gmail.com n-marton
	unknown [9, 0]
(Unknown) alberto.garcial@hotmail.com enxebre
	unknown [339, 0]
	devel-doc [4, 0]
Self stephenhsu90@gmail.com Di Xu
	unknown [11, 23]
Google kumaraji@google.com Ajit Kumar
	code [6, 0]
	build [7, 2]
Apache jwhitlock@apache.org Jeremy Whitlock
	unknown [1601, 0]
	devel-doc [160, 0]
	code [108, 0]
Google fangyuhao@gmail.com x1957
	unknown [3, 1]
EasyStack nickren19@gmail.com NickrenREN
	unknown [138, 66]
	devel-doc [46, 0]
IBM vaibhavs@us.ibm.com vaibhavsood
	unknown [13, 4]
(Unknown) talk.to.waseem@gmail.com Waseem Ahmad
	unknown [182, 96]
Red Hat hchen@redhat.com Huamin Chen
	unknown [83, 47]
	devel-doc [1, 0]
VMware divyenp@vmware.com divyenpatel
	unknown [592, 413]
	devel-doc [2, 0]
Google dvorak@google.com Jonathan MacMillan
	unknown [265, 62]
	devel-doc [3, 0]
Red Hat ffranz@redhat.com Fabiano Franz
	unknown [1, 1]
(Unknown) fabrizio.pandini@gmail.com fabriziopandini
	unknown [30, 30]
Intel stanislaw.szydlo@intel.com Stanisław Szydło
	unknown [1, 1]
	code [2, 2]
	build [1, 1]
(Unknown) yasstij11@gmail.com Yassine TIJANI
	unknown [4, 7]
jobandtalent agonzalezro@gmail.com Álex González
	devel-doc [1, 1]
Tencent jungong@tencent.com Jun Gong
	unknown [3, 1]
Google abw@google.com Adam Worrall
	unknown [116, 10]
	devel-doc [1, 0]
Self artmr@lsd.ufcg.edu.br Arthur Miranda
	unknown [298, 0]
	devel-doc [2, 0]
	documentation [3, 0]
(Unknown) bvanzant@brkt.com Bob Van Zant
	unknown [22, 11]
Weaveworks bryan@weave.works Bryan Boreham
	unknown [0, 2]
EasyStack yunxian.guo@easystack.cn guoyunxian
	unknown [0, 2]
ZTE Corporation li.xiaobing1@zte.com.cn lixiaobing1
	unknown [4, 1]
JD.COM ailusazh@126.com ailusazh
	unknown [1, 1]
(Unknown) emaildanwilson@gmail.com emaildanwilson
	unknown [107, 31]
	devel-doc [2, 0]
Red Hat marun@redhat.com Maru Newby
	unknown [72, 38]
	documentation [2, 0]
Universidade Federal de Campina Grande henrique@lsd.ufcg.edu.br Henrique Truta
	unknown [1, 1]
ZTE Corporation ouyang.qinhua@zte.com.cn bruceauyeung
	code [3, 0]
(Unknown) shiyang.wang@outlook.com Shiyang Wang
	unknown [1, 1]
	code [1, 1]
(Unknown) harsh@portworx.com Harsh Desai
	unknown [54, 73]
	devel-doc [2, 2]
(Unknown) jinsenorita@gmail.com Ginwala
	unknown [2, 2]
Red Hat sjenning@redhat.com Seth Jennings
	unknown [95, 0]
(Unknown) matthew.potter@uswitch.com Matt Potter
	unknown [7, 12]
(Unknown) kb@itsvit.org kb@itsvit.org
	unknown [17, 20]
	code [5, 1]
	build [2, 2]
(Unknown) xxiaozhou@gmail.com Author xiao-zhou
	unknown [136, 0]
ZTE Corporation jiang.lingxia@zte.com.cn jianglingxia
	unknown [2, 2]
	devel-doc [2, 2]
Google etune@google.com Eric Tune
ZTE Corporation wang.bin21@zte.com.cn billy2180
	unknown [3, 3]
Google jmacleod@google.com Jago Macleod
	devel-doc [16, 0]
ZTE Corporation pu.junqi@zte.com.cn tianshapjq
	unknown [3, 3]
(Unknown) legojoey17@gmail.com Joey Pereira
	devel-doc [1, 1]
Google steveperry-53@users.noreply.github.com Steve Perry
	unknown [159, 252]
	devel-doc [113, 6]
	documentation [8, 0]
	build [30, 30]
Huawei irfan.rehman@huawei.com irfanurrehman
	unknown [1, 1]
	code [1, 1]
Socrata jaescobar.cell@gmail.com Alejandro Escobar
	unknown [1, 1]
(Unknown) karthequian@users.noreply.github.com Karthik Gaekwad
	unknown [3, 2]
(Unknown) vsmax@users.noreply.github.com Michal Cwienczek
	devel-doc [2, 2]
(Unknown) onuralptaner@gmail.com Onuralp Taner
	devel-doc [16, 0]
Google chenopis@users.noreply.github.com Andrew Chen
	unknown [693, 150]
	devel-doc [72, 19]
	documentation [4, 2421]
(Unknown) kshafiee@users.noreply.github.com kshafiee
	unknown [7, 0]
Google mcginnisrr@gmail.com Ryan McGinnis
	unknown [0, 2]
	documentation [6, 4]
(Unknown) kev.kirsche+github@gmail.com Kevin Kirsche
	unknown [1, 1]
(Unknown) kyle@lodge.glasgownet.com Kyle Gordon
	unknown [1, 1]
Pear techtonik@gmail.com anatoly techtonik
	unknown [2, 2]
	devel-doc [10, 19]
CoreOS kenny.lee_sin_cheong@coreos.com Kenny Lee Sin Cheong
	unknown [1, 1]
	build [1, 1]
(Unknown) sublimino@gmail.com Andrew Martin
	unknown [2, 0]
IBM kakronst@us.ibm.com kKronstainBrown
	unknown [1, 1]
Self tgraf@suug.ch Thomas Graf
	unknown [8, 0]
Red Hat me@coolsvap.net Swapnil Kulkarni
	unknown [1, 1]
(Unknown) roshandawrani@gmail.com roshandawrani
	unknown [3, 3]
ZTE Corporation wang.xunbo@zte.com.cn wangxunbo
	unknown [2, 2]
Apache ng.tuna@gmail.com Tuna
	unknown [2, 1]
(Unknown) kevinjqiu@users.noreply.github.com Kevin J. Qiu
	unknown [1, 1]
(Unknown) lukestuts@gmail.com Luke Stutters
	unknown [1, 1]
IBM spzala@us.ibm.com Sahdev P. Zala
	unknown [2, 2]
ZTE Corporation chen.huan@zte.com.cn chenhuan12
	unknown [19, 19]
ZTE Corporation li.xialong@zte.com.cn Peter Lee
	unknown [1, 1]
(Unknown) selvik@users.noreply.github.com Selvi K
	unknown [1, 1]
Google campoy@golang.org Francesc Campoy
	unknown [1, 1]
Rackspace jim@jimrollenhagen.com Jim Rollenhagen
	unknown [2, 2]
(Unknown) shanahan.jrs@gmail.com John Shanahan
	unknown [1, 1]
Josh Curl josh@curl.me Josh Curl
	build [29, 29]
Yowza Ltd. itamarost@gmail.com Itamar Ostricher
	build [1, 1]
(Unknown) rick@sostheim.com Rick Sostheim
	unknown [13, 4]
(Unknown) rsokolkov@gmail.com Roman S
	unknown [3, 0]
Cockroach Labs jesse@cockroachlabs.com Jesse Seldess
	unknown [123, 82]
	build [67, 0]
Google aprindle@google.com Aaron Prindle
	unknown [18, 9]
	devel-doc [9, 0]
	build [1, 1]
(Unknown) goodwillcoding@users.noreply.github.com goodwillcoding
	unknown [2, 2]
Google dlorenc@google.com dlorenc
	unknown [1228, 1286]
	build [5, 2]
Google m@rickard.email Matt Rickard
	unknown [4, 2]
	code [24, 17]
Microsoft matt.fisher@microsoft.com Matthew Fisher
	unknown [58, 1]
Red Hat budhram.gurung01@gmail.com Budh Ram Gurung
	unknown [37, 37]
	devel-doc [1, 1]
	code [3, 3]
	build [1, 1]
(Unknown) shane.ramey@gmail.com Shane Ramey
	unknown [10, 9]
Red Hat lmohanty@redhat.com Lalatendu Mohanty
	unknown [9, 0]
Google atisdale@atisdale.sfo.corp.google.com Abby Tisdale
	unknown [370, 4]
Google nkubala@google.com Nick Kubala
	unknown [102, 53]
	build [5, 1]
Weaveworks roli@weave.works Roland Schilter
	unknown [3, 3]
UnitedStack me@gbraad.nl Gerard Braad
	unknown [1, 1]
UPMC slokas@upmc.edu Steve Sloka
	unknown [2, 2]
(Unknown) su3g4284zo6y7@gmail.com tz70s
	unknown [3, 0]
(Unknown) thibaut.demaret@radiofrance.com Thibaut Demaret
	unknown [4, 7]
(Unknown) 59pilgrim@gmail.com Thibaut Démaret
	unknown [4, 1]
(Unknown) mail.alok87@gmail.com Alok Kumar Singh
	unknown [1, 0]
	code [13, 2]
Google djmm@google.com David McMahon
	unknown [31, 14]
	devel-doc [6, 2]
	code [68, 41]
Google dclaar@google.com Doug Claar
	unknown [4, 5]
Engine Yard arschles@gmail.com Aaron Schlesinger
	unknown [2284, 413]
IBM mbauer@us.ibm.com Morgan Bauer
Google mkibbe@google.com Michael Kibbe
	unknown [10, 4]
	devel-doc [2, 1]
Google vaikas-google@users.noreply.github.com Ville Aikas
	unknown [302, 11]
(Unknown) nilebox@users.noreply.github.com Nail Islamov
	unknown [5, 1]
Red Hat dma@redhat.com DeShuai Ma
	unknown [292, 56]
IBM dug@us.ibm.com Doug Davis
	unknown [28, 0]
Google erick@fejta.com Erick Fejta
	unknown [3440, 2705]
	devel-doc [29, 17]
	code [1049, 697]
	build [1, 1]
Google juntee@google.com Jun Xiang Tee
	unknown [867, 130]
	devel-doc [3, 0]
Red Hat eparis@redhat.com Eric Paris
Embedded Systems, ECE apelisse@gmail.com Antoine Pelisse
	unknown [1932, 792]
	devel-doc [62, 90]
	code [103, 49]
Google csbell@google.com Christian Bell
	unknown [2, 3]
Google yutongz@google.com Yutong Zhang
	unknown [11, 1]
(Unknown) keer236@gmail.com mikewu
	unknown [15, 28]
Self wonderfly@users.noreply.github.com Daniel Wang
	unknown [68, 38]
devel-doc 13358 3510
	Caicloud 393926893@qq.com zhengjiajin: [10, 9]
	Red Hat ccoleman@redhat.com Clayton Coleman: [498, 181]
	Kelowna admin@toph.ca Christoph Blecker: [80, 246]
	Google mehdy@google.com mbohlool: [868, 72]
	Atlassian mmazurskiy@atlassian.com Mikhail Mazurskiy: [2, 0]
	Google xuchao@google.com Chao Xu: [2025, 524]
	Google dbsmith@google.com Daniel Smith: [14, 10]
	Red Hat deads@redhat.com deads2k: [104, 53]
	Google wojtekt@google.com Wojciech Tyczynski: [1, 4]
	Google gmarek@google.com gmarek: [6, 0]
	Red Hat stefan.schimanski@gmail.com Dr. Stefan Schimanski: [349, 160]
	Google stclair@google.com Tim St. Clair: [198, 5]
	Google mml@google.com Matt Liggett: [1, 0]
	Computer Science and Engineering, IIT Kanpur saksham0808@gmail.com Saksham Sharma: [107, 0]
	Fujitsu caosf.fnst@cn.fujitsu.com Cao Shufeng: [2, 1]
	Red Hat jliggitt@redhat.com Jordan Liggitt: [259, 18]
	(Unknown) sdw35@cornell.edu Scott Weiss: [14, 0]
	Google dashpole@google.com David Ashpole: [629, 2]
	CoreOS eric.chiang.m@gmail.com Eric Chiang: [124, 0]
	Self lukasz.szaszkiewicz@gmail.com p0lyn0mial: [95, 72]
	Google thockin@google.com Tim Hockin: [6, 2]
	(Unknown) tpetr@hubspot.com Tom Petr: [1, 1]
	Google shyamjvs@google.com Shyam Jeedigunta: [67, 0]
	Google pwittroc+github@google.com Phillip Wittrock: [71, 4]
	Red Hat sross@redhat.com Solly Ross: [2, 0]
	Google alexanderhcampbell@gmail.com Alexander Campbell: [13, 14]
	Google mwielgus@google.com Marcin Wielgus: [6, 3]
	(Unknown) ej@reactiveops.com ejether: [1, 1]
	(Unknown) jansel@jansel.net Jason Ansel: [2, 2]
	CoreOS dpontor@gmail.com Diego Pontoriero: [3, 3]
	CoreOS pb@coreos.com Patrick Baxter: [7, 6]
	CoreOS xiangli.cs@gmail.com Xiang Li: [8, 2]
	Datapipe shanestarcher@gmail.com Shane Starcher: [1, 1]
	Self kevin.fox@pnnl.gov kfox1111: [31, 0]
	Codecentric AG unguiculus@gmail.com Reinhard Nägele: [10, 1]
	(Unknown) frederick.ryckbosch@gmail.com Frederick Ryckbosch: [60, 0]
	(Unknown) nooknb@gmail.com Bhargav Nookala: [3, 0]
	(Unknown) justin@linux.com Justin Garrison: [111, 0]
	(Unknown) rita.z.zhang@gmail.com Rita Zhang: [119, 0]
	(Unknown) jpds@protonmail.com Jon Davies: [1, 1]
	(Unknown) jesse@thefortytwo.net Jesse Dubay: [6, 3]
	Basekamp scott@r6by.com Scott Rigby: [46, 0]
	Google ramanathana@google.com Anirudh Ramanathan: [1, 0]
	Teslabit pfeodrippe@gmail.com Paulo Rafael Feodrippe: [19, 0]
	(Unknown) cody.lundquist@gmail.com Cody Lundquist: [142, 0]
	クラウドワークス ykuoka@gmail.com KUOKA Yusuke: [3, 1]
	Microsoft lachie83@users.noreply.github.com Lachlan Evenson: [134, 7]
	Cockroach alexdwanerobinson@gmail.com Alex Robinson: [1, 0]
	Weaveworks errordeveloper@gmail.com Ilya Dmitrichenko: [42, 0]
	Project Calico dan@projectcalico.org Dan (Turk): [11, 0]
	tompizmor Bitnami tompizmor@users.noreply.github.com tompizmor: [12, 2]
	(Unknown) mr.maatoug@gmail.com Mourad Maatoug: [1, 1]
	(Unknown) akauppi@gmail.com Asko Kauppi: [5, 6]
	(Unknown) edsiper@gmail.com Eduardo Silva: [10, 3]
	(Unknown) jonstacks@users.noreply.github.com Jonathan Stacks: [4, 3]
	Slalom Consulting justin.r.nauman+github@gmail.com Justin Nauman: [2, 0]
	(Unknown) yuanying@fraction.jp O. Yuanying: [2, 0]
	Schibsted ivan.ilves@gmail.com Ivan Ilves: [5, 2]
	Adaptly pchampon@gmail.com Philip Champon: [1, 0]
	(Unknown) tom@devopsify.io Tom Qiang Wu: [14, 14]
	Self fabian@progra.de Fabian Ruff: [3, 0]
	Maxwell Health ashley.penney@maxwellhealth.com Ashley Penney: [3, 3]
	(Unknown) henders@users.noreply.github.com Shane Hender: [24, 23]
	Google viglesias@google.com Vic Iglesias: [3, 0]
	Softonic github@armesto.net Jose Armesto: [21, 0]
	Prom.ua ipaq.lw@gmail.com Sergey Nuzhdin: [18, 11]
	Wikimedia Foundation yuvipanda@gmail.com Yuvi Panda: [1, 1]
	Mirantis lukaszoles@gmail.com Łukasz Oleś: [3, 3]
	(Unknown) peter@firepod.com Peter Luttrell: [47, 17]
	Microsoft vadice@microsoft.com Vaughn Dice: [45, 0]
	(Unknown) robin@kearney.co.uk Robin Kearney: [1, 0]
	Microsoft kent.rancourt@microsoft.com Kent Rancourt: [19, 0]
	(Unknown) binoculars@users.noreply.github.com Barrett Harber: [1, 0]
	Huawei dhilip.kumar.s@huawei.com Dhilip: [119, 0]
	Google chiachenk@google.com Janet Kuo: [13, 5]
	Google ahmetb@google.com Ahmet Alp Balkan: [475, 29]
	Google owensk@google.com Kenneth Owens: [78, 0]
	Google jgrafton@google.com Jeff Grafton: [40, 35]
	IBM madaxa@cn.ibm.com Klaus Ma: [137, 18]
	Google jinxu@google.com Jing Xu: [3, 0]
	Google qlee@google.com Quintin Lee: [19, 0]
	(Unknown) horwitzja@gmail.com Josh Horwitz: [2, 0]
	Red Hat danw@redhat.com Dan Winship: [1130, 0]
	Fujitsu chenr.fnst@cn.fujitsu.com xilabao: [9, 1]
	Red Hat mkargaki@redhat.com Michail Kargakis: [8, 4]
	ASG Consulting andy.goldstein@gmail.com Andy Goldstein: [4, 5]
	VMware bdontu@vmware.com System Administrator: [676, 2]
	Google msau@google.com Michelle Au: [154, 45]
	Google jregan@google.com Jeffrey Regan: [43, 6]
	Red Hat decarr@redhat.com Derek Carr: [1, 0]
	Google zihongz@google.com Zihong Zheng: [12, 0]
	FathomDB justin@fathomdb.com Justin Santa Barbara: [3, 0]
	Hyper.sh feiskyer@users.noreply.github.com Pengfei Ni: [55, 52]
	Google vishnuk@google.com Vishnu Kannan: [32, 25]
	Microsoft bburns@microsoft.com Brendan Burns: [26, 0]
	Google joe.github@bedafamily.com Joe Beda: [12, 1]
	Rackspace jamie.hannaford@rackspace.com Jamie Hannaford: [682, 509]
	Google deyuan.deng@gmail.com Deyuan Deng: [2, 2]
	DEIS jdumars@gmail.com Jason Singer DuMars: [31, 0]
	Red Hat pmorie@redhat.com Paul Morie: [12, 6]
	Samsung spiffxp@gmail.com Aaron Crickenberger: [10, 10]
	IBM mspreitz@us.ibm.com Mike Spreitzer: [2, 0]
	ZTE Corporation zhao.xiangpeng@zte.com.cn xiangpengzhao: [4, 4]
	Google senlu@google.com Sen Lu: [53, 0]
	Google mikedanese@gmail.com Mike Danese: [1, 4]
	Huawei shashidhara.td@huawei.com shashidharatd: [110, 16]
	Google czahedi@google.com Cameron Zahedi: [6, 0]
	Xlab miha.plesko@xlab.si Miha Pleško: [1, 1]
	Hyper.sh harryz@hyper.sh Harry Zhang: [21, 0]
	Google mtaufen@users.noreply.github.com Michael Taufen: [1, 0]
	Self taotaotheripper@gmail.com Lantao Liu: [2, 2]
	Google ygg@google.com Yang Guo: [32, 0]
	Google vmik@google.com Mik Vyatskov: [83, 0]
	Self 21521209@zju.edu.cn heartlock: [30, 17]
	Red Hat runcom@users.noreply.github.com Antonio Murdaca: [6, 0]
	Red Hat mpatel@redhat.com Mrunal Patel: [9, 7]
	Intel sameo@linux.intel.com Samuel Ortiz: [1, 1]
	Red Hat alexl@redhat.com Alexander Larsson: [0, 2]
	(Unknown) mozhuli@users.noreply.github.com Wade Lee: [9, 0]
	China Mobile International Limited zounengren@cmss.chinamobile.com zoues: [1, 0]
	(Unknown) mikhail.plavskiy@quest.com Mike Plavsky: [2, 2]
	Self nikitaraghunath@gmail.com Nikhita Raghunath: [2, 0]
	Collanthropy, LLC iterion@gmail.com Adam Sunderland: [1, 1]
	Zalando linki@users.noreply.github.com Martin Linkhorst: [5, 0]
	Red Hat wongma7@users.noreply.github.com Matthew Wong: [65, 2]
	Red Hat jsafrane@redhat.com Jan Safranek: [27, 5]
	Red Hat hchiramm@redhat.com Humble Chirammal: [51, 10]
	Red Hat obnox@redhat.com Michael Adam: [9, 9]
	Nike thomastaylor312@gmail.com Taylor Thomas: [3, 0]
	Microsoft adamreese@users.noreply.github.com Adam Reese: [6, 6]
	Microsoft matt.butcher@microsoft.com Matt Butcher: [0, 1]
	(Unknown) seh@panix.com Steven E. Harris: [89, 92]
	(Unknown) lukaseichler1@googlemail.com Lukas Eichler: [0, 0]
	SUSE/Novell sushil.kumar@suse.com Sushil Kumar: [35, 0]
	Self zoidbergwill@gmail.com William Martin Stewart: [1, 1]
	Bodeco.io bodepd@gmail.com Dan Bode: [3, 3]
	Microsoft segoings@microsoft.com Seth Goings: [1, 1]
	Self aledbf@gmail.com Manuel de Brito Fontes: [151, 9]
	Google nicksardo@users.noreply.github.com Nick Sardo: [129, 9]
	(Unknown) hoogendijk09@gmail.com TheCodeAssassin: [1, 1]
	Google rmmh@google.com Ryan Hitchman: [1, 1]
	Zendesk development@stp-ip.net Michael Grosser: [13, 56]
	(Unknown) andrey.arapov@nixaid.com Andrey Arapov: [7, 1]
	(Unknown) jan@iosphere.de Jan Weitz: [31, 0]
	(Unknown) my@famer.me 明扬: [1, 1]
	(Unknown) lars.solberg+github@gmail.com Lars Solberg: [1, 1]
	ApresMIDI AB arve.knudsen@gmail.com Arve Knudsen: [2, 2]
	(Unknown) stevenk1@stanford.edu Steve Kallestad: [143, 0]
	Google colew@google.com Cole Wagner: [4, 4]
	(Unknown) github@jonasmatser.nl Jonas Matser: [5, 3]
	(Unknown) zouyee1989@gmail.com zouyee: [1, 1]
	Red Hat charlie@charliedrage.com Charlie Drage: [89, 43]
	(Unknown) willem.mali@gmail.com Willem Mali: [127, 41]
	Self spollack@beenverified.com Seth Pollack: [2, 2]
	Red Hat shiywang@redhat.com shiywang: [19, 2]
	Rook luxas@users.noreply.github.com Lucas Käldström: [22, 3]
	Google enisoc@google.com Anthony Yeh: [766, 505]
	Google agarwalrohit@google.com Rohit Agarwal: [3, 31]
	Google jacobsimpson@google.com Jacob Simpson: [2, 0]
	Red Hat haowang@redhat.com Haoran Wang: [69, 73]
	Tigera casey@tigera.io Casey Davenport: [6, 9]
	Google spxtr@google.com Joe Finney: [73, 97]
	Google cjcullen@google.com CJ Cullen: [0, 5]
	Microsoft doliu@microsoft.com Dong Liu: [51, 1]
	Google wasylkowski@google.com Andrzej Wasylkowski: [3, 0]
	Microsoft jack.francis@microsoft.com Jack Francis: [3, 0]
	Google sunilarora@google.com Sunil Arora: [4, 0]
	Google yjhong@google.com Yu-Ju Hong: [6, 1]
	EasyStack fengyun.pan@easystack.cn FengyunPan: [1, 0]
	Google beacham@google.com Jacob Beacham: [35, 3]
	IBM xingzhou@cn.ibm.com Xing Zhou: [0, 2]
	(Unknown) alberto.garcial@hotmail.com enxebre: [4, 0]
	Apache jwhitlock@apache.org Jeremy Whitlock: [160, 0]
	EasyStack nickren19@gmail.com NickrenREN: [46, 0]
	Red Hat hchen@redhat.com Huamin Chen: [1, 0]
	VMware divyenp@vmware.com divyenpatel: [2, 0]
	Google dvorak@google.com Jonathan MacMillan: [3, 0]
	jobandtalent agonzalezro@gmail.com Álex González: [1, 1]
	Google abw@google.com Adam Worrall: [1, 0]
	Self artmr@lsd.ufcg.edu.br Arthur Miranda: [2, 0]
	(Unknown) emaildanwilson@gmail.com emaildanwilson: [2, 0]
	(Unknown) harsh@portworx.com Harsh Desai: [2, 2]
	ZTE Corporation jiang.lingxia@zte.com.cn jianglingxia: [2, 2]
	Google jmacleod@google.com Jago Macleod: [16, 0]
	(Unknown) legojoey17@gmail.com Joey Pereira: [1, 1]
	Google steveperry-53@users.noreply.github.com Steve Perry: [113, 6]
	(Unknown) vsmax@users.noreply.github.com Michal Cwienczek: [2, 2]
	(Unknown) onuralptaner@gmail.com Onuralp Taner: [16, 0]
	Google chenopis@users.noreply.github.com Andrew Chen: [72, 19]
	Pear techtonik@gmail.com anatoly techtonik: [10, 19]
	Google aprindle@google.com Aaron Prindle: [9, 0]
	Red Hat budhram.gurung01@gmail.com Budh Ram Gurung: [1, 1]
	Google djmm@google.com David McMahon: [6, 2]
	Google mkibbe@google.com Michael Kibbe: [2, 1]
	Google erick@fejta.com Erick Fejta: [29, 17]
	Google juntee@google.com Jun Xiang Tee: [3, 0]
	Embedded Systems, ECE apelisse@gmail.com Antoine Pelisse: [62, 90]
code 182714 9214
	Red Hat ccoleman@redhat.com Clayton Coleman: [21, 14]
	Kelowna admin@toph.ca Christoph Blecker: [13, 10]
	Google mehdy@google.com mbohlool: [1625, 3488]
	Google xuchao@google.com Chao Xu: [15, 5]
	Google mengqiy@google.com ymqytw: [1295, 733]
	Red Hat deads@redhat.com deads2k: [6, 6]
	Google wojtekt@google.com Wojciech Tyczynski: [0, 29]
	Google gmarek@google.com gmarek: [8, 3]
	Red Hat stefan.schimanski@gmail.com Dr. Stefan Schimanski: [78, 32]
	Google stclair@google.com Tim St. Clair: [8, 0]
	Fujitsu caosf.fnst@cn.fujitsu.com Cao Shufeng: [29, 7]
	Red Hat jliggitt@redhat.com Jordan Liggitt: [14, 3]
	Google dashpole@google.com David Ashpole: [1, 5]
	Red Hat mkhan@redhat.com Monis Khan: [12, 4]
	Google thockin@google.com Tim Hockin: [17, 0]
	Google shyamjvs@google.com Shyam Jeedigunta: [80, 37]
	Google pwittroc+github@google.com Phillip Wittrock: [16, 0]
	Google alexanderhcampbell@gmail.com Alexander Campbell: [37, 19]
	Google mwielgus@google.com Marcin Wielgus: [4, 4]
	Google maciekpytel@google.com Maciej Pytel: [29, 14]
	(Unknown) hongchaodeng@users.noreply.github.com Hongchao Deng: [1, 1]
	CoreOS dpontor@gmail.com Diego Pontoriero: [1, 1]
	CoreOS abhinav.dahiya@coreos.com Abhinav Dahiya: [11, 2]
	CoreOS pb@coreos.com Patrick Baxter: [48, 6]
	(Unknown) kamal@marhubi.com Kamal Marhubi: [1, 1]
	Google robertbailey@google.com Robert Bailey: [23, 21]
	Google ramanathana@google.com Anirudh Ramanathan: [14, 8]
	(Unknown) cody.lundquist@gmail.com Cody Lundquist: [104, 0]
	Microsoft lachie83@users.noreply.github.com Lachlan Evenson: [0, 35]
	Weaveworks errordeveloper@gmail.com Ilya Dmitrichenko: [16, 0]
	Microsoft kent.rancourt@microsoft.com Kent Rancourt: [1, 1]
	Google chiachenk@google.com Janet Kuo: [23, 9]
	Google ahmetb@google.com Ahmet Alp Balkan: [1, 1]
	Google jgrafton@google.com Jeff Grafton: [78, 26]
	Fujitsu chenr.fnst@cn.fujitsu.com xilabao: [2, 2]
	ASG Consulting andy.goldstein@gmail.com Andy Goldstein: [35, 22]
	(Unknown) sergi@koolpi.com Sergi Almacellas Abellana: [94, 25]
	Google bowei.du@gmail.com Bowei Du: [60, 21]
	FathomDB justin@fathomdb.com Justin Santa Barbara: [4, 4]
	Hyper.sh feiskyer@users.noreply.github.com Pengfei Ni: [47, 14]
	Google vishnuk@google.com Vishnu Kannan: [39, 23]
	Microsoft bburns@microsoft.com Brendan Burns: [166316, 2]
	Rackspace jamie.hannaford@rackspace.com Jamie Hannaford: [38, 0]
	Google senlu@google.com Sen Lu: [1482, 1112]
	Google mikedanese@gmail.com Mike Danese: [6, 7]
	FOSSEE madhusudancs@gmail.com Madhusudan.C.S: [43, 8]
	Huawei shashidhara.td@huawei.com shashidharatd: [2, 0]
	Self taotaotheripper@gmail.com Lantao Liu: [3, 2]
	Google ygg@google.com Yang Guo: [359, 137]
	Self 21521209@zju.edu.cn heartlock: [32, 20]
	Red Hat runcom@users.noreply.github.com Antonio Murdaca: [408, 28]
	Red Hat mpatel@redhat.com Mrunal Patel: [399, 27]
	Intel sameo@linux.intel.com Samuel Ortiz: [1, 1]
	Red Hat alexl@redhat.com Alexander Larsson: [555, 335]
	(Unknown) kr.abhishek8260@gmail.com krabhishek8260: [5354, 763]
	Fujitsu s.florek91@gmail.com Sebastian Florek: [839, 711]
	(Unknown) janos@lenart.io Janos Lenart: [461, 6]
	Fujitsu maciaszczykm@users.noreply.github.com Marcin Maciaszczyk: [184, 21]
	(Unknown) andreas@kruger.nu Andreas Krüger: [1, 1]
	Fujitsu kenan.karamehmedovic@est.fujitsu.com Kenan Karamehmedovic: [16, 95]
	IBM cmluciano@us.ibm.com Christopher M. Luciano: [9, 3]
	Red Hat wongma7@users.noreply.github.com Matthew Wong: [410, 70]
	Red Hat hchiramm@redhat.com Humble Chirammal: [13, 0]
	Self aledbf@gmail.com Manuel de Brito Fontes: [2, 2]
	Google rmmh@google.com Ryan Hitchman: [45, 13]
	Google lwander@google.com Lars Wander: [4, 16]
	Google colew@google.com Cole Wagner: [3, 0]
	Red Hat surajnarwade353@gmail.com Suraj Narwade: [4, 2]
	Red Hat charlie@charliedrage.com Charlie Drage: [68, 15]
	Red Hat ashetty@redhat.com Anush Shetty: [4, 4]
	(Unknown) willem.mali@gmail.com Willem Mali: [0, 32]
	Google wfender@google.com Walter Fender: [174, 14]
	Google dawnchen@google.com Dawn Chen: [7, 87]
	Google enisoc@google.com Anthony Yeh: [148, 9]
	Google agarwalrohit@google.com Rohit Agarwal: [4, 214]
	Canonical george.kraft@canonical.com George Kraft: [5, 2]
	Red Hat haowang@redhat.com Haoran Wang: [1, 1]
	CoreOS gyuhox@gmail.com Gyu-Ho Lee: [6, 2]
	Google cjcullen@google.com CJ Cullen: [8, 0]
	Canonical chuck@dasroot.net Charles Butler: [2, 1]
	DaoCloud baofa.fan@daocloud.io carlory: [1, 1]
	Google kumaraji@google.com Ajit Kumar: [6, 0]
	Apache jwhitlock@apache.org Jeremy Whitlock: [108, 0]
	Intel stanislaw.szydlo@intel.com Stanisław Szydło: [2, 2]
	ZTE Corporation ouyang.qinhua@zte.com.cn bruceauyeung: [3, 0]
	(Unknown) shiyang.wang@outlook.com Shiyang Wang: [1, 1]
	(Unknown) kb@itsvit.org kb@itsvit.org: [5, 1]
	Huawei irfan.rehman@huawei.com irfanurrehman: [1, 1]
	Google m@rickard.email Matt Rickard: [24, 17]
	Red Hat budhram.gurung01@gmail.com Budh Ram Gurung: [3, 3]
	(Unknown) mail.alok87@gmail.com Alok Kumar Singh: [13, 2]
	Google djmm@google.com David McMahon: [68, 41]
	Google erick@fejta.com Erick Fejta: [1049, 697]
	Embedded Systems, ECE apelisse@gmail.com Antoine Pelisse: [103, 49]
package 0 0
	SUSE/Novell sushil.kumar@suse.com Sushil Kumar: [0, 0]
unknown 273279 98840
	Caicloud 393926893@qq.com zhengjiajin: [689, 177]
	Red Hat ccoleman@redhat.com Clayton Coleman: [6733, 1876]
	Red Hat avagarwa@redhat.com Avesh Agarwal: [132, 243]
	Kelowna admin@toph.ca Christoph Blecker: [2196, 3944]
	Google mehdy@google.com mbohlool: [8630, 3953]
	Atlassian mmazurskiy@atlassian.com Mikhail Mazurskiy: [181, 32]
	Google xuchao@google.com Chao Xu: [20997, 1182]
	Google dbsmith@google.com Daniel Smith: [804, 1074]
	Google mengqiy@google.com ymqytw: [8419, 2943]
	Red Hat deads@redhat.com deads2k: [2251, 2685]
	Google wojtekt@google.com Wojciech Tyczynski: [890, 738]
	Google gmarek@google.com gmarek: [220, 172]
	Red Hat xychu2008@gmail.com Ethan Chu: [86, 36]
	Red Hat stefan.schimanski@gmail.com Dr. Stefan Schimanski: [3562, 1474]
	CoreOS alex.crawford@coreos.com Alex Crawford: [6, 6]
	Google stclair@google.com Tim St. Clair: [5807, 829]
	Google mml@google.com Matt Liggett: [14, 2]
	Computer Science and Engineering, IIT Kanpur saksham0808@gmail.com Saksham Sharma: [1426, 114]
	Fujitsu caosf.fnst@cn.fujitsu.com Cao Shufeng: [420, 91]
	Red Hat jliggitt@redhat.com Jordan Liggitt: [4179, 1435]
	(Unknown) stuart.warren@ocado.com stuart.warren: [14, 14]
	(Unknown) sdw35@cornell.edu Scott Weiss: [922, 0]
	Google dashpole@google.com David Ashpole: [554, 411]
	CoreOS eric.chiang.m@gmail.com Eric Chiang: [1727, 60]
	Self lukasz.szaszkiewicz@gmail.com p0lyn0mial: [775, 284]
	Red Hat mkhan@redhat.com Monis Khan: [74, 10]
	Google thockin@google.com Tim Hockin: [241, 164]
	Fujitsu mashimiao.fnst@cn.fujitsu.com Ma Shimiao: [1, 3]
	Google shyamjvs@google.com Shyam Jeedigunta: [1440, 163]
	Google pwittroc+github@google.com Phillip Wittrock: [1655, 816]
	Virtuozzo ibazhitov@virtuozzo.com Igor Bazhitov: [12, 8]
	Virtuozzo avagin@virtuozzo.com Andrei Vagin: [1, 1]
	Red Hat sross@redhat.com Solly Ross: [3483, 441]
	Google alexanderhcampbell@gmail.com Alexander Campbell: [404, 413]
	Red Hat jimmidyson@gmail.com Jimmi Dyson: [11, 10]
	Google mwielgus@google.com Marcin Wielgus: [3160, 1076]
	Google maciekpytel@google.com Maciej Pytel: [1181, 136]
	Google aleksandram@google.com Aleksandra Malinowska: [250, 33]
	(Unknown) hongchaodeng@users.noreply.github.com Hongchao Deng: [351, 103]
	CoreOS yifan.gu@coreos.com Yifan Gu: [29, 15]
	CoreOS dpontor@gmail.com Diego Pontoriero: [99, 62]
	CoreOS abhinav.dahiya@coreos.com Abhinav Dahiya: [96, 79]
	CoreOS pb@coreos.com Patrick Baxter: [299, 52]
	CoreOS xiangli.cs@gmail.com Xiang Li: [422, 48]
	Aperian Global aaronjlevy@gmail.com Aaron Levy: [2, 2]
	(Unknown) kamal@marhubi.com Kamal Marhubi: [13, 11]
	Google robertbailey@google.com Robert Bailey: [3, 3]
	Datapipe shanestarcher@gmail.com Shane Starcher: [29, 0]
	Rackspace levi.blackstone@rackspace.com Levi Blackstone: [24, 0]
	Self kevin.fox@pnnl.gov kfox1111: [333, 2]
	Codecentric AG unguiculus@gmail.com Reinhard Nägele: [79, 5]
	(Unknown) frederick.ryckbosch@gmail.com Frederick Ryckbosch: [121, 0]
	(Unknown) nooknb@gmail.com Bhargav Nookala: [37, 19]
	(Unknown) justin@linux.com Justin Garrison: [657, 0]
	(Unknown) rita.z.zhang@gmail.com Rita Zhang: [164, 0]
	(Unknown) jesse@thefortytwo.net Jesse Dubay: [16, 1]
	Basekamp scott@r6by.com Scott Rigby: [199, 104]
	Google ramanathana@google.com Anirudh Ramanathan: [706, 438]
	Teslabit pfeodrippe@gmail.com Paulo Rafael Feodrippe: [19, 2]
	Microsoft kris@nivenly.com Kris Nova: [6, 5]
	(Unknown) cody.lundquist@gmail.com Cody Lundquist: [492, 0]
	Mirantis me@slukjanov.name Sergey Lukjanov: [4, 4]
	クラウドワークス ykuoka@gmail.com KUOKA Yusuke: [4, 4]
	Microsoft lachie83@users.noreply.github.com Lachlan Evenson: [1301, 214]
	Cockroach alexdwanerobinson@gmail.com Alex Robinson: [11, 6]
	Weaveworks errordeveloper@gmail.com Ilya Dmitrichenko: [438, 0]
	clibs sameer@damagehead.com Sameer Naik: [97, 84]
	Project Calico dan@projectcalico.org Dan (Turk): [44, 3]
	(Unknown) ianburrell@gmail.com Ian Burrell: [19, 8]
	tompizmor Bitnami tompizmor@users.noreply.github.com tompizmor: [131, 46]
	(Unknown) bob@violier.eu Bob Violier: [4, 4]
	(Unknown) jonstacks@users.noreply.github.com Jonathan Stacks: [8, 1]
	(Unknown) nitisht@users.noreply.github.com Nitish Tiwari: [2, 2]
	Slalom Consulting justin.r.nauman+github@gmail.com Justin Nauman: [32, 1]
	Reevoo ed@reevoo.com Ed Robinson: [3, 2]
	(Unknown) yuanying@fraction.jp O. Yuanying: [36, 0]
	Schibsted ivan.ilves@gmail.com Ivan Ilves: [88, 12]
	Adaptly pchampon@gmail.com Philip Champon: [14, 1]
	(Unknown) tom@devopsify.io Tom Qiang Wu: [12, 1]
	Self fabian@progra.de Fabian Ruff: [40, 3]
	Maxwell Health ashley.penney@maxwellhealth.com Ashley Penney: [7, 0]
	(Unknown) henders@users.noreply.github.com Shane Hender: [2, 0]
	Softonic github@armesto.net Jose Armesto: [173, 1]
	Prom.ua ipaq.lw@gmail.com Sergey Nuzhdin: [33, 1]
	(Unknown) seanknox@users.noreply.github.com Sean Knox: [38, 0]
	Mirantis lukaszoles@gmail.com Łukasz Oleś: [1, 0]
	Digidentity gianrubio@gmail.com Giancarlo Rubio: [72, 12]
	Microsoft vadice@microsoft.com Vaughn Dice: [112, 0]
	(Unknown) robin@kearney.co.uk Robin Kearney: [9, 1]
	Bitnami adnan@prydoni.us Adnan Abdulhussein: [4, 0]
	Microsoft kent.rancourt@microsoft.com Kent Rancourt: [109, 153]
	(Unknown) andyhume@gmail.com Andy Hume: [1, 1]
	(Unknown) binoculars@users.noreply.github.com Barrett Harber: [7, 0]
	Huawei dhilip.kumar.s@huawei.com Dhilip: [215, 0]
	Google chiachenk@google.com Janet Kuo: [2515, 1402]
	Google ahmetb@google.com Ahmet Alp Balkan: [405, 8]
	Google owensk@google.com Kenneth Owens: [8025, 1325]
	IBM gyliu513@gmail.com Guangya Liu: [126, 65]
	Google jgrafton@google.com Jeff Grafton: [318, 111]
	IBM madaxa@cn.ibm.com Klaus Ma: [389, 156]
	Google jinxu@google.com Jing Xu: [2573, 1181]
	Google qlee@google.com Quintin Lee: [174, 88]
	(Unknown) tnozicka@gmail.com Tomas Nozicka: [10, 2]
	(Unknown) horwitzja@gmail.com Josh Horwitz: [759, 405]
	Red Hat danw@redhat.com Dan Winship: [11959, 281]
	Fujitsu chenr.fnst@cn.fujitsu.com xilabao: [555, 21]
	Red Hat mkargaki@redhat.com Michail Kargakis: [846, 505]
	ASG Consulting andy.goldstein@gmail.com Andy Goldstein: [180, 54]
	VMware bdontu@vmware.com System Administrator: [1630, 950]
	Google msau@google.com Michelle Au: [2691, 1561]
	Google jregan@google.com Jeffrey Regan: [57, 79]
	(Unknown) sergi@koolpi.com Sergi Almacellas Abellana: [24, 10]
	Red Hat decarr@redhat.com Derek Carr: [2262, 1930]
	Google zihongz@google.com Zihong Zheng: [1120, 392]
	Google bowei.du@gmail.com Bowei Du: [8, 3]
	Google sarah.novotny@gmail.com sarahnovotny: [2, 2]
	RackN rob@rackn.com Rob Hirschfeld: [75, 0]
	FathomDB justin@fathomdb.com Justin Santa Barbara: [1120, 749]
	Hyper.sh feiskyer@users.noreply.github.com Pengfei Ni: [1791, 1456]
	Google vishnuk@google.com Vishnu Kannan: [113, 18]
	Microsoft bburns@microsoft.com Brendan Burns: [42487, 2]
	Google joe.github@bedafamily.com Joe Beda: [7, 3]
	Red Hat jpeeler@redhat.com Jeff Peeler: [1, 1]
	(Unknown) ttr314@googlemail.com Timo Reimann: [2, 0]
	Rackspace jamie.hannaford@rackspace.com Jamie Hannaford: [188, 55]
	Google deyuan.deng@gmail.com Deyuan Deng: [248, 148]
	DEIS jdumars@gmail.com Jason Singer DuMars: [46, 21]
	Canonical marco@ceppi.net Marco Ceppi: [6, 3]
	Red Hat pmorie@redhat.com Paul Morie: [3765, 2377]
	(Unknown) timothysc@users.noreply.github.com Timothy St. Clair: [109, 0]
	Samsung spiffxp@gmail.com Aaron Crickenberger: [8, 5]
	IBM mspreitz@us.ibm.com Mike Spreitzer: [12, 1]
	ZTE Corporation zhao.xiangpeng@zte.com.cn xiangpengzhao: [34, 5]
	Google senlu@google.com Sen Lu: [11757, 6105]
	Google mikedanese@gmail.com Mike Danese: [202, 337]
	FOSSEE madhusudancs@gmail.com Madhusudan.C.S: [31, 4]
	Huawei shashidhara.td@huawei.com shashidharatd: [495, 277]
	Google czahedi@google.com Cameron Zahedi: [1, 0]
	(Unknown) baldwin@stackpointcloud.com Matt Baldwin: [1, 0]
	Hyper.sh harryz@hyper.sh Harry Zhang: [29, 4]
	CNCF dan@dankohn.com Dan Kohn: [1, 1]
	Airbnb rickyp999@gmail.com Ricky Pai: [64, 9]
	Intel lin.a.yang@intel.com Lin Yang: [2, 2]
	Google saadali@google.com Saad Ali: [14, 9]
	Red Hat arun.gupta@gmail.com Arun Gupta: [1, 1]
	Google mtaufen@users.noreply.github.com Michael Taufen: [87, 21]
	Self taotaotheripper@gmail.com Lantao Liu: [4698, 1839]
	Google ygg@google.com Yang Guo: [3005, 941]
	Google loburm@google.com Marian Lobur: [52, 17]
	Google vmik@google.com Mik Vyatskov: [2410, 33]
	Google maciejborsz@google.com Maciej Borsz: [648, 22]
	IBM brownwm@us.ibm.com Mike Brown: [601, 546]
	Self crazykev@zju.edu.cn Crazykev: [250, 121]
	Self 21521209@zju.edu.cn heartlock: [242, 1112]
	Self xlgao@zju.edu.cn Xianglin Gao: [685, 198]
	Red Hat runcom@users.noreply.github.com Antonio Murdaca: [882, 1215]
	Red Hat mpatel@redhat.com Mrunal Patel: [218, 16]
	Intel sameo@linux.intel.com Samuel Ortiz: [293, 139]
	Red Hat alexl@redhat.com Alexander Larsson: [73, 28]
	Igneous Systems andrewpilloud@igneoussystems.com Andrew Pilloud: [39, 3]
	Red Hat dwalsh@redhat.com Daniel J Walsh: [15, 7]
	Red Hat vbatts@hashbangbash.com Vincent Batts: [2, 1]
	(Unknown) mozhuli@users.noreply.github.com Wade Lee: [107, 9]
	(Unknown) kr.abhishek8260@gmail.com krabhishek8260: [235, 0]
	Fujitsu s.florek91@gmail.com Sebastian Florek: [2859, 1820]
	(Unknown) janos@lenart.io Janos Lenart: [379, 1]
	Fujitsu maciaszczykm@users.noreply.github.com Marcin Maciaszczyk: [671, 3154]
	Fujitsu kenan.karamehmedovic@est.fujitsu.com Kenan Karamehmedovic: [28, 21]
	China Mobile International Limited zounengren@cmss.chinamobile.com zoues: [12, 12]
	Fujitsu christoph.held@est.fujitsu.com Christoph Held: [135, 4]
	(Unknown) timothyjosefik@gmail.com Timothy Josefik: [7, 7]
	IBM cmluciano@us.ibm.com Christopher M. Luciano: [14, 3]
	Self nikitaraghunath@gmail.com Nikhita Raghunath: [209, 38]
	Zalando linki@users.noreply.github.com Martin Linkhorst: [544, 627]
	(Unknown) nick@juni.io Nick Jüttner: [1617, 14]
	Zalando yerken.tussupbekov@zalando.de Yerken: [62, 57]
	(Unknown) peter@segfault.guru Peter Huene: [1032, 100]
	MIT ismith@mit.edu Ian Smith: [240, 16]
	Red Hat wongma7@users.noreply.github.com Matthew Wong: [393, 274]
	(Unknown) kent.wang@cheanjia.com Kent Wang: [3, 3]
	(Unknown) yangwangxing@nationsky.com yangwangxing: [1, 0]
	Red Hat hchiramm@redhat.com Humble Chirammal: [379, 275]
	Ceph calebamiles@users.noreply.github.com caleb miles: [11, 3]
	IRT SystemX ja.lauricella@gmail.com neith00: [1, 1]
	(Unknown) kobi.zamir@gmail.com yaacov: [4, 0]
	Self andy.xning@gmail.com Andy Xie: [24, 66]
	Nike thomastaylor312@gmail.com Taylor Thomas: [74, 42]
	42 julien.balestra@gmail.com Julien Balestra: [1, 1]
	Microsoft adamreese@users.noreply.github.com Adam Reese: [610, 525]
	Microsoft matt.butcher@microsoft.com Matt Butcher: [315, 130]
	(Unknown) seh@panix.com Steven E. Harris: [135, 51]
	(Unknown) lukaseichler1@googlemail.com Lukas Eichler: [52, 9]
	Microsoft minooral@microsoft.com Michelle Noorali: [118, 71]
	AT&T bjozsa@jinkit.com Brandon B. Jozsa: [1, 0]
	SUSE/Novell sushil.kumar@suse.com Sushil Kumar: [428, 114]
	(Unknown) willisesun@gmail.com willise: [4, 4]
	Tencent devinyan@tencent.com devinyan: [6, 6]
	(Unknown) rober.morales@rstor.io Rober Morales-Chaparro: [1, 1]
	Intel justin.a.scott@intel.com Justin Scott: [9, 25]
	(Unknown) cory.m.smith@gmail.com Cory Smith: [4, 4]
	HP slicknik@gmail.com Nikhil Manchanda: [4, 3]
	(Unknown) ioanowen@gmail.com tyrannasaurusbanks: [5, 0]
	DEIS brian@deis.com fibonacci1729: [2531, 2110]
	Self aledbf@gmail.com Manuel de Brito Fontes: [2322, 1422]
	Google nicksardo@users.noreply.github.com Nick Sardo: [2389, 796]
	Google rmmh@google.com Ryan Hitchman: [1124, 255]
	(Unknown) coryfklein@gmail.com Cory Klein: [5, 0]
	(Unknown) rssguar@gmail.com Ross Guarino: [34, 0]
	Zendesk development@stp-ip.net Michael Grosser: [102, 0]
	SERPRO jcmoraisjr@gmail.com Joao Morais: [31, 114]
	(Unknown) andrey.arapov@nixaid.com Andrey Arapov: [6, 1]
	(Unknown) jan@iosphere.de Jan Weitz: [34, 0]
	(Unknown) ft@le-fay.org Liss Tarnell: [78, 5]
	(Unknown) ohaiwalt@gmail.com Matthew Walter: [1, 1]
	(Unknown) julian.modesto@liveramp.com Julian V. Modesto: [1, 0]
	ZTE Corporation chen.tao3@zte.com.cn chentao1596: [17, 1]
	(Unknown) stevenk1@stanford.edu Steve Kallestad: [106, 0]
	Google dnardo@google.com Daniel Nardo: [43, 7]
	Google colew@google.com Cole Wagner: [510, 152]
	Dell bradbeam@users.noreply.github.com Brad Beam: [6, 0]
	Solinea rsmitty@users.noreply.github.com Spencer Smith: [63, 8]
	(Unknown) kevin@idempotent.ca Kevin Jing Qiu: [56, 14]
	EMC justin.hunthrop@emc.com Justin Hunthrop: [1, 1]
	(Unknown) zouyee1989@gmail.com zouyee: [3, 3]
	Cisco jlothian@cisco.com Josh Lothian: [0, 2]
	Red Hat surajnarwade353@gmail.com Suraj Narwade: [5, 5]
	Red Hat charlie@charliedrage.com Charlie Drage: [4623, 775]
	Red Hat tomas.kral@gmail.com Tomas Kral: [55, 31]
	Linux abhishek@linux.com Abhishek: [32, 3]
	(Unknown) lawrleegle@gmail.com gitlawr: [90, 3]
	Red Hat ashetty@redhat.com Anush Shetty: [0, 0]
	CNM Consulting clove@cnmconsulting.net Chris Love: [3, 8]
	(Unknown) willem.mali@gmail.com Willem Mali: [33, 25]
	Wantedly dtanshi45@gmail.com Daisuke Fujita: [2, 4]
	(Unknown) jordanjennings@gmail.com Jordan Jennings: [74, 30]
	Apple austin_moore@icloud.com Austin Moore: [96, 7]
	Wattpad andrew@wattpad.com andrewsykim: [656, 2665]
	(Unknown) cordoval@gmail.com Luis Cordova: [10, 13]
	(Unknown) mmarchetti@hearst.com Matt Marchetti: [19, 0]
	(Unknown) murali.reddy@cloudnativelabs.net Murali Reddy: [403, 38]
	(Unknown) tanner.bruce@farmersedge.ca Tanner Bruce: [2, 2]
	ZestCore otto@live.ca Otto Yiu: [271, 74]
	(Unknown) zanhsieh@gmail.com zanhsieh: [12, 18]
	Self spollack@beenverified.com Seth Pollack: [388, 4]
	(Unknown) hugocf@users.noreply.github.com Hugo Ferreira: [3, 3]
	Project Calico heschlie@gmail.com heschlie: [221, 84]
	(Unknown) shimi.k@gmail.com Shimi Kiviti: [6, 2]
	(Unknown) patrickbarkerco@gmail.com Patrick Barker: [13, 0]
	Barkly mike.splain@gmail.com Mike Splain: [5, 0]
	Google wfender@google.com Walter Fender: [114, 67]
	Red Hat shiywang@redhat.com shiywang: [545, 1]
	Earnest harsha@earnest.com Harsha Yalamanchili: [1, 1]
	(Unknown) yury.tsarev@iflix.com Yury Tsarev: [1, 3]
	(Unknown) james.cuzella@lyraphase.com James Cuzella: [9, 1]
	(Unknown) paalkr@users.noreply.github.com paalkr: [1, 0]
	Self c-knowles@users.noreply.github.com Chris Knowles: [29, 1]
	(Unknown) spatronis@gmail.com spatronis: [3, 3]
	(Unknown) jefferson@girao.net Jefferson Girao: [6, 6]
	Descomplica daniel.tritone@gmail.com Daniel Martins: [397, 63]
	Telemetry.com ivanov.maxim@gmail.com Maxim Ivanov: [12, 461]
	Hotels.com jhollinshead@hotels.com Joseph Hollinshead: [6, 58]
	Netquest camil@edka.io Camil Blanaru: [1, 1]
	O'Reilly Media everpeace@gmail.com Shingo Omura: [627, 1]
	NotFound davidoff@qedmf.net Andrew Davidoff: [389, 0]
	Rook luxas@users.noreply.github.com Lucas Käldström: [620, 86]
	Google dawnchen@google.com Dawn Chen: [45, 144]
	Google enisoc@google.com Anthony Yeh: [284, 56]
	Google agarwalrohit@google.com Rohit Agarwal: [77, 107]
	Google jacobsimpson@google.com Jacob Simpson: [250, 53]
	Red Hat haowang@redhat.com Haoran Wang: [33, 32]
	Tigera casey@tigera.io Casey Davenport: [113, 34]
	Google mixia@google.com Minhan Xia: [4, 1]
	Google cxing@google.com Cheng Xing: [12, 8]
	Google spxtr@google.com Joe Finney: [638, 714]
	CoreOS casey.callendrello@coreos.com Casey Callendrello: [3, 0]
	Red Hat hekumar@redhat.com Hemant Kumar: [81, 41]
	Google cjcullen@google.com CJ Cullen: [121, 27]
	Diamanti nelcyguy@gmail.com Chakravarthy Nelluri: [31, 41]
	Google krousey@google.com Kris: [2, 0]
	Microsoft doliu@microsoft.com Dong Liu: [523, 106]
	zlabjp kazuki.suda@gmail.com Kazuki Suda: [1, 1]
	Hitachi Data Systems mitsuhiro.tanino@hds.com mtanino: [194, 74]
	(Unknown) kynan.rilee@gmail.com ublubu: [220, 8]
	ZTE Corporation zhang.wanmin@zte.com.cn William Chang: [134, 0]
	Google wasylkowski@google.com Andrzej Wasylkowski: [87, 32]
	CoreOS dan.gillespie@coreos.com Dan Gillespie: [4, 3]
	Huawei quinton.hoole@huawei.com Quinton Hoole: [2, 0]
	Microsoft jack.francis@microsoft.com Jack Francis: [626, 145]
	Google sunilarora@google.com Sunil Arora: [306, 90]
	Google yjhong@google.com Yu-Ju Hong: [7756, 5483]
	Red Hat vsemushi@redhat.com Slava Semushin: [5, 5]
	EasyStack fengyun.pan@easystack.cn FengyunPan: [208, 84]
	DaoCloud baofa.fan@daocloud.io carlory: [9, 6]
	Google beacham@google.com Jacob Beacham: [367, 37]
	Google jeffml@google.com Jeff Lowdermilk: [1, 309]
	(Unknown) luk.burchard@gmail.com realfake: [76, 3]
	ZTE Corporation zhang.xiaoyu33@zte.com.cn zhangxiaoyu-zidif: [66, 15]
	Google mikewu@google.com Ke Wu: [2, 2]
	VMware gkuncoro@vmware.com Giri Kuncoro: [10247, 10110]
	(Unknown) licl@primeton.com lichunlong: [51, 45]
	IBM xingzhou@cn.ibm.com Xing Zhou: [1, 23]
	Google grod@google.com Garrett Rodrigues: [47, 3]
	(Unknown) prateekgogia@hotmail.com prateekgogia: [1, 1]
	(Unknown) marton.natko@gmail.com n-marton: [9, 0]
	(Unknown) alberto.garcial@hotmail.com enxebre: [339, 0]
	Self stephenhsu90@gmail.com Di Xu: [11, 23]
	Apache jwhitlock@apache.org Jeremy Whitlock: [1601, 0]
	Google fangyuhao@gmail.com x1957: [3, 1]
	EasyStack nickren19@gmail.com NickrenREN: [138, 66]
	IBM vaibhavs@us.ibm.com vaibhavsood: [13, 4]
	(Unknown) talk.to.waseem@gmail.com Waseem Ahmad: [182, 96]
	Red Hat hchen@redhat.com Huamin Chen: [83, 47]
	VMware divyenp@vmware.com divyenpatel: [592, 413]
	Google dvorak@google.com Jonathan MacMillan: [265, 62]
	Red Hat ffranz@redhat.com Fabiano Franz: [1, 1]
	(Unknown) fabrizio.pandini@gmail.com fabriziopandini: [30, 30]
	Intel stanislaw.szydlo@intel.com Stanisław Szydło: [1, 1]
	(Unknown) yasstij11@gmail.com Yassine TIJANI: [4, 7]
	Tencent jungong@tencent.com Jun Gong: [3, 1]
	Google abw@google.com Adam Worrall: [116, 10]
	Self artmr@lsd.ufcg.edu.br Arthur Miranda: [298, 0]
	(Unknown) bvanzant@brkt.com Bob Van Zant: [22, 11]
	Weaveworks bryan@weave.works Bryan Boreham: [0, 2]
	EasyStack yunxian.guo@easystack.cn guoyunxian: [0, 2]
	ZTE Corporation li.xiaobing1@zte.com.cn lixiaobing1: [4, 1]
	JD.COM ailusazh@126.com ailusazh: [1, 1]
	(Unknown) emaildanwilson@gmail.com emaildanwilson: [107, 31]
	Red Hat marun@redhat.com Maru Newby: [72, 38]
	Universidade Federal de Campina Grande henrique@lsd.ufcg.edu.br Henrique Truta: [1, 1]
	(Unknown) shiyang.wang@outlook.com Shiyang Wang: [1, 1]
	(Unknown) harsh@portworx.com Harsh Desai: [54, 73]
	(Unknown) jinsenorita@gmail.com Ginwala: [2, 2]
	Red Hat sjenning@redhat.com Seth Jennings: [95, 0]
	(Unknown) matthew.potter@uswitch.com Matt Potter: [7, 12]
	(Unknown) kb@itsvit.org kb@itsvit.org: [17, 20]
	(Unknown) xxiaozhou@gmail.com Author xiao-zhou: [136, 0]
	ZTE Corporation jiang.lingxia@zte.com.cn jianglingxia: [2, 2]
	ZTE Corporation wang.bin21@zte.com.cn billy2180: [3, 3]
	ZTE Corporation pu.junqi@zte.com.cn tianshapjq: [3, 3]
	Google steveperry-53@users.noreply.github.com Steve Perry: [159, 252]
	Huawei irfan.rehman@huawei.com irfanurrehman: [1, 1]
	Socrata jaescobar.cell@gmail.com Alejandro Escobar: [1, 1]
	(Unknown) karthequian@users.noreply.github.com Karthik Gaekwad: [3, 2]
	Google chenopis@users.noreply.github.com Andrew Chen: [693, 150]
	(Unknown) kshafiee@users.noreply.github.com kshafiee: [7, 0]
	Google mcginnisrr@gmail.com Ryan McGinnis: [0, 2]
	(Unknown) kev.kirsche+github@gmail.com Kevin Kirsche: [1, 1]
	(Unknown) kyle@lodge.glasgownet.com Kyle Gordon: [1, 1]
	Pear techtonik@gmail.com anatoly techtonik: [2, 2]
	CoreOS kenny.lee_sin_cheong@coreos.com Kenny Lee Sin Cheong: [1, 1]
	(Unknown) sublimino@gmail.com Andrew Martin: [2, 0]
	IBM kakronst@us.ibm.com kKronstainBrown: [1, 1]
	Self tgraf@suug.ch Thomas Graf: [8, 0]
	Red Hat me@coolsvap.net Swapnil Kulkarni: [1, 1]
	(Unknown) roshandawrani@gmail.com roshandawrani: [3, 3]
	ZTE Corporation wang.xunbo@zte.com.cn wangxunbo: [2, 2]
	Apache ng.tuna@gmail.com Tuna: [2, 1]
	(Unknown) kevinjqiu@users.noreply.github.com Kevin J. Qiu: [1, 1]
	(Unknown) lukestuts@gmail.com Luke Stutters: [1, 1]
	IBM spzala@us.ibm.com Sahdev P. Zala: [2, 2]
	ZTE Corporation chen.huan@zte.com.cn chenhuan12: [19, 19]
	ZTE Corporation li.xialong@zte.com.cn Peter Lee: [1, 1]
	(Unknown) selvik@users.noreply.github.com Selvi K: [1, 1]
	Google campoy@golang.org Francesc Campoy: [1, 1]
	Rackspace jim@jimrollenhagen.com Jim Rollenhagen: [2, 2]
	(Unknown) shanahan.jrs@gmail.com John Shanahan: [1, 1]
	(Unknown) rick@sostheim.com Rick Sostheim: [13, 4]
	(Unknown) rsokolkov@gmail.com Roman S: [3, 0]
	Cockroach Labs jesse@cockroachlabs.com Jesse Seldess: [123, 82]
	Google aprindle@google.com Aaron Prindle: [18, 9]
	(Unknown) goodwillcoding@users.noreply.github.com goodwillcoding: [2, 2]
	Google dlorenc@google.com dlorenc: [1228, 1286]
	Google m@rickard.email Matt Rickard: [4, 2]
	Microsoft matt.fisher@microsoft.com Matthew Fisher: [58, 1]
	Red Hat budhram.gurung01@gmail.com Budh Ram Gurung: [37, 37]
	(Unknown) shane.ramey@gmail.com Shane Ramey: [10, 9]
	Red Hat lmohanty@redhat.com Lalatendu Mohanty: [9, 0]
	Google atisdale@atisdale.sfo.corp.google.com Abby Tisdale: [370, 4]
	Google nkubala@google.com Nick Kubala: [102, 53]
	Weaveworks roli@weave.works Roland Schilter: [3, 3]
	UnitedStack me@gbraad.nl Gerard Braad: [1, 1]
	UPMC slokas@upmc.edu Steve Sloka: [2, 2]
	(Unknown) su3g4284zo6y7@gmail.com tz70s: [3, 0]
	(Unknown) thibaut.demaret@radiofrance.com Thibaut Demaret: [4, 7]
	(Unknown) 59pilgrim@gmail.com Thibaut Démaret: [4, 1]
	(Unknown) mail.alok87@gmail.com Alok Kumar Singh: [1, 0]
	Google djmm@google.com David McMahon: [31, 14]
	Google dclaar@google.com Doug Claar: [4, 5]
	Engine Yard arschles@gmail.com Aaron Schlesinger: [2284, 413]
	Google mkibbe@google.com Michael Kibbe: [10, 4]
	Google vaikas-google@users.noreply.github.com Ville Aikas: [302, 11]
	(Unknown) nilebox@users.noreply.github.com Nail Islamov: [5, 1]
	Red Hat dma@redhat.com DeShuai Ma: [292, 56]
	IBM dug@us.ibm.com Doug Davis: [28, 0]
	Google erick@fejta.com Erick Fejta: [3440, 2705]
	Google juntee@google.com Jun Xiang Tee: [867, 130]
	Embedded Systems, ECE apelisse@gmail.com Antoine Pelisse: [1932, 792]
	Google csbell@google.com Christian Bell: [2, 3]
	Google yutongz@google.com Yutong Zhang: [11, 1]
	(Unknown) keer236@gmail.com mikewu: [15, 28]
	Self wonderfly@users.noreply.github.com Daniel Wang: [68, 38]
image 8 0
	Kelowna admin@toph.ca Christoph Blecker: [0, 0]
	Google ahmetb@google.com Ahmet Alp Balkan: [0, 0]
	SUSE/Novell sushil.kumar@suse.com Sushil Kumar: [8, 0]
documentation 907 2744
	Caicloud 393926893@qq.com zhengjiajin: [0, 0]
	Kelowna admin@toph.ca Christoph Blecker: [0, 0]
	Google xuchao@google.com Chao Xu: [0, 0]
	Red Hat jliggitt@redhat.com Jordan Liggitt: [0, 0]
	CoreOS eric.chiang.m@gmail.com Eric Chiang: [2, 0]
	Google thockin@google.com Tim Hockin: [0, 0]
	Google shyamjvs@google.com Shyam Jeedigunta: [1, 0]
	Red Hat sross@redhat.com Solly Ross: [0, 0]
	Google alexanderhcampbell@gmail.com Alexander Campbell: [21, 0]
	Self kevin.fox@pnnl.gov kfox1111: [34, 0]
	Codecentric AG unguiculus@gmail.com Reinhard Nägele: [2, 2]
	(Unknown) frederick.ryckbosch@gmail.com Frederick Ryckbosch: [26, 0]
	(Unknown) justin@linux.com Justin Garrison: [21, 0]
	(Unknown) rita.z.zhang@gmail.com Rita Zhang: [24, 0]
	Google ramanathana@google.com Anirudh Ramanathan: [0, 0]
	(Unknown) cody.lundquist@gmail.com Cody Lundquist: [33, 0]
	Microsoft lachie83@users.noreply.github.com Lachlan Evenson: [61, 9]
	Weaveworks errordeveloper@gmail.com Ilya Dmitrichenko: [28, 0]
	clibs sameer@damagehead.com Sameer Naik: [7, 5]
	(Unknown) ianburrell@gmail.com Ian Burrell: [4, 2]
	(Unknown) henders@users.noreply.github.com Shane Hender: [15, 0]
	Softonic github@armesto.net Jose Armesto: [9, 0]
	Digidentity gianrubio@gmail.com Giancarlo Rubio: [1, 1]
	Microsoft vadice@microsoft.com Vaughn Dice: [6, 0]
	Huawei dhilip.kumar.s@huawei.com Dhilip: [2, 0]
	Google chiachenk@google.com Janet Kuo: [0, 0]
	Google ahmetb@google.com Ahmet Alp Balkan: [1, 1]
	Google owensk@google.com Kenneth Owens: [0, 0]
	IBM gyliu513@gmail.com Guangya Liu: [0, 0]
	IBM madaxa@cn.ibm.com Klaus Ma: [0, 0]
	Google jinxu@google.com Jing Xu: [0, 0]
	Red Hat danw@redhat.com Dan Winship: [0, 0]
	Red Hat mkargaki@redhat.com Michail Kargakis: [0, 0]
	ASG Consulting andy.goldstein@gmail.com Andy Goldstein: [1, 0]
	VMware bdontu@vmware.com System Administrator: [0, 0]
	Google msau@google.com Michelle Au: [0, 0]
	Hyper.sh feiskyer@users.noreply.github.com Pengfei Ni: [8, 8]
	Google vishnuk@google.com Vishnu Kannan: [8, 0]
	Rackspace jamie.hannaford@rackspace.com Jamie Hannaford: [0, 7]
	Google mikedanese@gmail.com Mike Danese: [1, 0]
	Google vmik@google.com Mik Vyatskov: [13, 6]
	Google maciejborsz@google.com Maciej Borsz: [2, 0]
	(Unknown) kr.abhishek8260@gmail.com krabhishek8260: [2, 0]
	Fujitsu s.florek91@gmail.com Sebastian Florek: [300, 185]
	(Unknown) janos@lenart.io Janos Lenart: [41, 0]
	Fujitsu maciaszczykm@users.noreply.github.com Marcin Maciaszczyk: [155, 75]
	Fujitsu kenan.karamehmedovic@est.fujitsu.com Kenan Karamehmedovic: [9, 1]
	SUSE/Novell sushil.kumar@suse.com Sushil Kumar: [1, 0]
	(Unknown) willisesun@gmail.com willise: [1, 1]
	Self aledbf@gmail.com Manuel de Brito Fontes: [38, 11]
	(Unknown) coryfklein@gmail.com Cory Klein: [1, 1]
	(Unknown) rssguar@gmail.com Ross Guarino: [1, 1]
	(Unknown) olve@vimond.com Olve Sæther Hansen: [3, 0]
	Luminis arjan.schaaf@luminis.eu Arjan Schaaf: [0, 3]
	Google cjcullen@google.com CJ Cullen: [1, 0]
	Self artmr@lsd.ufcg.edu.br Arthur Miranda: [3, 0]
	Red Hat marun@redhat.com Maru Newby: [2, 0]
	Google steveperry-53@users.noreply.github.com Steve Perry: [8, 0]
	Google chenopis@users.noreply.github.com Andrew Chen: [4, 2421]
	Google mcginnisrr@gmail.com Ryan McGinnis: [6, 4]
ui 7 3
	Google jgrafton@google.com Jeff Grafton: [3, 0]
	Google senlu@google.com Sen Lu: [4, 3]
build 1392 767
	Red Hat ccoleman@redhat.com Clayton Coleman: [1, 1]
	Kelowna admin@toph.ca Christoph Blecker: [3, 3]
	Google mehdy@google.com mbohlool: [11, 2]
	Google wojtekt@google.com Wojciech Tyczynski: [3, 3]
	Google stclair@google.com Tim St. Clair: [187, 23]
	Computer Science and Engineering, IIT Kanpur saksham0808@gmail.com Saksham Sharma: [7, 1]
	Google thockin@google.com Tim Hockin: [2, 0]
	Google shyamjvs@google.com Shyam Jeedigunta: [0, 0]
	Google alexanderhcampbell@gmail.com Alexander Campbell: [24, 0]
	(Unknown) cody.lundquist@gmail.com Cody Lundquist: [30, 0]
	Bitnami adnan@prydoni.us Adnan Abdulhussein: [11, 10]
	Google ahmetb@google.com Ahmet Alp Balkan: [0, 0]
	Google jgrafton@google.com Jeff Grafton: [26, 18]
	Google qlee@google.com Quintin Lee: [2, 2]
	Red Hat danw@redhat.com Dan Winship: [0, 51]
	Red Hat mkargaki@redhat.com Michail Kargakis: [21, 18]
	Google msau@google.com Michelle Au: [24, 27]
	(Unknown) sergi@koolpi.com Sergi Almacellas Abellana: [6, 1]
	Red Hat decarr@redhat.com Derek Carr: [3, 0]
	Google zihongz@google.com Zihong Zheng: [3, 3]
	FathomDB justin@fathomdb.com Justin Santa Barbara: [2, 2]
	Google vishnuk@google.com Vishnu Kannan: [1, 1]
	Rackspace jamie.hannaford@rackspace.com Jamie Hannaford: [7, 4]
	Google deyuan.deng@gmail.com Deyuan Deng: [3, 0]
	ZTE Corporation zhao.xiangpeng@zte.com.cn xiangpengzhao: [2, 2]
	Google senlu@google.com Sen Lu: [14, 2]
	Google mikedanese@gmail.com Mike Danese: [20, 245]
	Self taotaotheripper@gmail.com Lantao Liu: [2, 2]
	Google ygg@google.com Yang Guo: [2, 2]
	Google vmik@google.com Mik Vyatskov: [41, 4]
	Red Hat runcom@users.noreply.github.com Antonio Murdaca: [74, 3]
	Red Hat alexl@redhat.com Alexander Larsson: [3, 3]
	IBM cmluciano@us.ibm.com Christopher M. Luciano: [1, 1]
	Red Hat wongma7@users.noreply.github.com Matthew Wong: [193, 79]
	Red Hat hchiramm@redhat.com Humble Chirammal: [69, 0]
	Self aledbf@gmail.com Manuel de Brito Fontes: [98, 6]
	Google nicksardo@users.noreply.github.com Nick Sardo: [12, 2]
	Google rmmh@google.com Ryan Hitchman: [65, 63]
	ZTE Corporation chen.tao3@zte.com.cn chentao1596: [1, 1]
	IBM mkumatag@in.ibm.com Manjunath A Kumatagi: [40, 10]
	CNM Consulting clove@cnmconsulting.net Chris Love: [0, 1]
	(Unknown) willem.mali@gmail.com Willem Mali: [21, 5]
	Google wfender@google.com Walter Fender: [40, 0]
	Google dawnchen@google.com Dawn Chen: [0, 19]
	Google agarwalrohit@google.com Rohit Agarwal: [0, 27]
	Tigera casey@tigera.io Casey Davenport: [129, 16]
	Google cxing@google.com Cheng Xing: [4, 0]
	Google spxtr@google.com Joe Finney: [12, 20]
	Google cjcullen@google.com CJ Cullen: [12, 6]
	Google beacham@google.com Jacob Beacham: [9, 6]
	Google kumaraji@google.com Ajit Kumar: [7, 2]
	Intel stanislaw.szydlo@intel.com Stanisław Szydło: [1, 1]
	(Unknown) kb@itsvit.org kb@itsvit.org: [2, 2]
	Google steveperry-53@users.noreply.github.com Steve Perry: [30, 30]
	CoreOS kenny.lee_sin_cheong@coreos.com Kenny Lee Sin Cheong: [1, 1]
	Josh Curl josh@curl.me Josh Curl: [29, 29]
	Yowza Ltd. itamarost@gmail.com Itamar Ostricher: [1, 1]
	Cockroach Labs jesse@cockroachlabs.com Jesse Seldess: [67, 0]
	Google aprindle@google.com Aaron Prindle: [1, 1]
	Google dlorenc@google.com dlorenc: [5, 2]
	Red Hat budhram.gurung01@gmail.com Budh Ram Gurung: [1, 1]
	Google nkubala@google.com Nick Kubala: [5, 1]
	Google erick@fejta.com Erick Fejta: [1, 1]
translation 185 6
	Fujitsu chenr.fnst@cn.fujitsu.com xilabao: [3, 5]
	ZTE Corporation zhang.wanmin@zte.com.cn William Chang: [89, 0]
	VMware gkuncoro@vmware.com Giri Kuncoro: [93, 1]
devel-doc 13358 3510
code 182714 9214
package 0 0
unknown 273279 98840
image 8 0
documentation 907 2744
ui 7 3
build 1392 767
translation 185 6
