Filter on "^vendor/|/vendor/"
open output file /Users/lukasz/dev/cncf/gitdm/other_repos/all_kubernetes_range_unknown_2016-09-01_2016-10-01.csv

WARNING: duplicate email/empl for pekowski@gmail.com
WARNING: duplicate email/empl for thingee@gmail.com
WARNING: duplicate email/empl for t.trifonov@gmail.com
WARNING: duplicate email/empl for lyz@princessleia.com
WARNING: duplicate email/empl for robertc@robertcollins.net
WARNING: duplicate email/empl for clint@fewbar.com
WARNING: duplicate email/empl for andrew@linuxjedi.co.uk
WARNING: duplicate email/empl for duncan.thomas@gmail.com
WARNING: duplicate email/empl for kiall@managedit.ie
WARNING: duplicate email/empl for devananda.vdv@gmail.com
WARNING: duplicate email/empl for zaro0508@gmail.com
WARNING: duplicate email/empl for shrewsbury.dave@gmail.com
WARNING: duplicate email/empl for j3p0uk@hotmail.com
WARNING: duplicate email/empl for me@mark.atwood.name
WARNING: duplicate email/empl for slicknik@gmail.com
WARNING: duplicate email/empl for cmsj@tenshu.net
WARNING: duplicate email/empl for anteaya@anteaya.info
WARNING: duplicate email/empl for greg@greghaynes.net
WARNING: duplicate email/empl for matt@mattfarina.com
WARNING: duplicate email/empl for jp@jamezpolley.com
WARNING: duplicate email/empl for steven@wedontsleep.org
WARNING: duplicate email/empl for gleebix@gmail.com
WARNING: duplicate email/empl for code@gentlydownthe.net
WARNING: duplicate email/empl for morgan.fainberg@gmail.com
WARNING: duplicate email/empl for jeblair@hp.com
WARNING: duplicate email/empl for juliaashleykreger@gmail.com
WARNING: duplicate email/empl for stephane@alum.mit.edu
WARNING: duplicate email/empl for kragniz@gmail.com
WARNING: duplicate email/empl for wchrisjohnson@gmail.com
WARNING: duplicate email/empl for daisy.ycguo@gmail.com
WARNING: duplicate email/empl for mordred@inaugust.com
WARNING: duplicate email/empl for zxkuqyb@gmail.com
WARNING: duplicate email/empl for amigliaccio@internap.com
WARNING: duplicate email/empl for yorik.sar@gmail.com
WARNING: duplicate email/empl for e0ne@e0ne.info
WARNING: duplicate email/empl for gabriel@strikeawe.com
WARNING: duplicate email/empl for heckj@mac.com
WARNING: duplicate email/empl for ke.wu@ibeca.me
WARNING: duplicate email/empl for rushi.agr@gmail.com
WARNING: duplicate email/empl for salv.orlando@gmail.com
WARNING: duplicate email/empl for tushar.vitthal.patil@gmail.com
WARNING: duplicate email/empl for jmckenty@gmail.com
WARNING: duplicate email/empl for anne@openstack.org
WARNING: duplicate email/empl for breu@breu.org
WARNING: duplicate email/empl for cbehrens@codestud.com
WARNING: duplicate email/empl for clay.gerrard@gmail.com
WARNING: duplicate email/empl for corywright@gmail.com
WARNING: duplicate email/empl for cp16net@gmail.com
WARNING: duplicate email/empl for cthier@gmail.com
WARNING: duplicate email/empl for darren.birkett@gmail.com
WARNING: duplicate email/empl for dolph.mathews@gmail.com
WARNING: duplicate email/empl for ed@leafe.com
WARNING: duplicate email/empl for github@highbridgellc.com
WARNING: duplicate email/empl for greglange@gmail.com
WARNING: duplicate email/empl for hugh@wherenow.org
WARNING: duplicate email/empl for imsplitbit@gmail.com
WARNING: duplicate email/empl for jason@koelker.net
WARNING: duplicate email/empl for jcruz7@gmail.com
WARNING: duplicate email/empl for josh@jk0.org
WARNING: duplicate email/empl for mattt@defunct.ca
WARNING: duplicate email/empl for mbasnight@gmail.com
WARNING: duplicate email/empl for mike@weirdlooking.com
WARNING: duplicate email/empl for msherborne@gmail.com
WARNING: duplicate email/empl for naveedm9@gmail.com
WARNING: duplicate email/empl for paul@openstack.org
WARNING: duplicate email/empl for rnirmal@gmail.com
WARNING: duplicate email/empl for rconradharris@gmail.com
WARNING: duplicate email/empl for thierry@openstack.org
WARNING: duplicate email/empl for throughnothing@gmail.com
WARNING: duplicate email/empl for yoga80@yahoo.com
WARNING: duplicate email/empl for mark.washenberger@markwash.net
WARNING: duplicate email/empl for p@draigbrady.com
WARNING: duplicate email/empl for zaitcev@kotori.zaitcev.us
WARNING: duplicate email/empl for julie.pichon@gmail.com
WARNING: duplicate email/empl for ghe@debian.org
WARNING: duplicate email/empl for sorrison@gmail.com
yoyozhiyou@163.com is an author name, probably not what you want
unknown@hacker.net Unknown hacker
mwielgus@google.com Marcin Wielgus
	unknown [769, 85]
	devel-doc [189, 7]
andrew@wattpad.com andrewsykim
	unknown [26, 2]
arnaldo@luizalabs.com Arnaldo de Moraes Pereira
	devel-doc [2, 2]
jchaloup@redhat.com Jan Chaloupka
	unknown [1510, 721]
	devel-doc [76, 17]
	code [137, 100]
	build [1, 7]
	documentation [3, 3]
wael.nasreddine@gmail.com Wael M. Nasreddine
	unknown [9, 1]
pb@coreos.com Patrick Baxter
	unknown [323, 424]
dan.gillespie@coreos.com Dan Gillespie
	devel-doc [3, 0]
	build [23, 11]
aaronjlevy@gmail.com Aaron Levy
	unknown [144, 113]
	devel-doc [33, 3]
	code [69, 45]
	build [17, 18]
parkerderek86@gmail.com Derek Parker
	unknown [1, 1]
kenan435@gmail.com Kenan Karamehmedovic
	unknown [14, 2]
brandon@ifup.org Brandon Philips
	unknown [317, 111]
	devel-doc [33, 313]
	documentation [0, 0]
dghubble@gmail.com Dalton Hubble
	unknown [42, 66]
	code [1, 1]
eric.chiang.m@gmail.com Eric Chiang
	unknown [460, 1595]
	build [3, 9]
adnan@bitnami.com Adnan Abdulhussein
	unknown [952, 64]
	devel-doc [511, 36]
	documentation [56, 0]
migmartri@gmail.com Miguel Ángel Martínez Triviño
	unknown [487, 0]
	devel-doc [203, 0]
	documentation [32, 0]
viglesias@google.com Vic Iglesias
	code [53, 16]
	unknown [570, 29]
	devel-doc [175, 35]
	documentation [76, 13]
simon@swine.de Christian Simon
	unknown [1314, 289]
	devel-doc [131, 0]
lachie83@users.noreply.github.com Lachlan Evenson
	unknown [431, 3]
	devel-doc [275, 0]
linki@users.noreply.github.com Martin Linkhorst
	unknown [422, 0]
	devel-doc [295, 0]
foxish@users.noreply.github.com Anirudh Ramanathan
	unknown [232, 0]
	devel-doc [233, 32]
	code [130, 0]
	build [40, 0]
	documentation [13, 0]
travis.cline@gmail.com Travis Cline
	unknown [255, 0]
	devel-doc [55, 0]
	build [0, 0]
clove@cnmconsulting.net Chris Love
	unknown [48, 89]
	devel-doc [6, 6]
	code [74, 2]
xuchao@google.com Chao Xu
	unknown [187229, 455799]
	devel-doc [2491, 3726]
	code [1870, 531]
	build [59, 0]
	documentation [15, 0]
dhodovsk@redhat.com Dominika Hodovska
	unknown [304, 65]
jvance@redhat.com Jeff Vance
	unknown [90, 0]
deads@redhat.com deads2k
	devel-doc [6533, 3933]
	code [49315, 503]
	unknown [50230, 33970]
	image [1084, 4]
	documentation [32132, 1]
	build [7000, 0]
errordeveloper@gmail.com Ilya Dmitrichenko
	code [9, 9]
	unknown [2209, 1913]
	devel-doc [738, 111]
	documentation [0, 0]
	build [20, 13]
ffranz@redhat.com Fabiano Franz
	devel-doc [18, 0]
bburns@google.com Brendan Burns
	unknown [241, 0]
	devel-doc [3, 0]
vsemushi@redhat.com Slava Semushin
	unknown [4, 4]
yifan.gu@coreos.com Yifan Gu
	unknown [2313, 599]
mehdy@google.com mbohlool
	unknown [48991, 661]
	devel-doc [5, 1]
	code [388, 0]
	build [114, 13]
feiskyer@gmail.com Pengfei Ni
	unknown [1504, 548]
	devel-doc [11, 0]
dcbw@redhat.com Dan Williams
	unknown [15, 9]
eparis@redhat.com Eric Paris
	unknown [13, 3]
	devel-doc [4, 4]
sarah.novotny@gmail.com sarahnovotny
	devel-doc [413, 7]
pwittroc+github@google.com Phillip Wittrock
	unknown [4, 4]
	devel-doc [696, 522]
grod@google.com Garrett Rodrigues
	unknown [80, 38]
	devel-doc [14, 1]
sean@coreitpro.com Sean M. Collins
	unknown [2, 42]
thockin@google.com Tim Hockin
	unknown [511, 267]
	devel-doc [466, 8]
	code [95, 3]
	build [290, 84]
	documentation [1, 0]
pmorie@redhat.com Paul Morie
	unknown [3480, 3324]
	devel-doc [150, 32]
	code [7, 6]
	build [1, 0]
yu.peng36@zte.com.cn YuPengZTE
	unknown [82, 82]
jsafrane@redhat.com Jan Safranek
	unknown [1014, 360]
	devel-doc [34, 24]
spxtr@google.com Joe Finney
	unknown [3237, 2935]
	devel-doc [46, 15]
	code [10, 39]
	build [99, 80]
jliggitt@redhat.com Jordan Liggitt
	code [13, 6]
	unknown [1744, 359]
	documentation [1, 0]
ihor.dvoretskyi@gmail.com Ihor Dvoretskyi
	unknown [5, 5]
	devel-doc [3, 3]
stephen.a.gordon@gmail.com Steve Gordon
	devel-doc [2, 2]
saadali@google.com Saad Ali
	unknown [17, 1]
	devel-doc [97, 1]
jay@apache.org jayunit100
	code [4, 3]
	unknown [270, 51]
	devel-doc [3, 0]
	documentation [1, 0]
anthony.elizondo@gmail.com Anthony Elizondo
	unknown [12, 12]
sross@redhat.com Solly Ross
	unknown [1802, 540]
	devel-doc [14, 4]
vishh@users.noreply.github.com Vish Kannan
	unknown [396, 396]
	documentation [8, 8]
	build [2, 2]
czahedi@google.com Cameron Zahedi
	unknown [89, 0]
justinleegarrison@gmail.com Justin Garrison
	devel-doc [1, 1]
ishvedunov@mirantis.com Ivan Shvedunov
	unknown [449, 963]
michelle@deis.com Michelle Noorali
	unknown [1146, 378]
	devel-doc [3, 3]
vishnuk@google.com Vishnu kannan
	unknown [350, 139]
	devel-doc [39, 10]
	code [29, 22]
	build [9, 8]
	documentation [8, 0]
bryk@google.com Piotr Bryk
	code [2473, 315]
	unknown [1042, 146]
	devel-doc [1, 1]
	documentation [446, 317]
	ui [1, 1]
dromlein.apprenda@gmail.com Dan Romlein
	devel-doc [19, 1]
abrand@apprenda.com Alexander Brand
	devel-doc [10, 0]
michmike@cs.stanford.edu Michael Michael
	devel-doc [1, 0]
mml@google.com Matt Liggett
	unknown [271, 87]
	documentation [0, 0]
dims@linux.vnet.ibm.com Davanum Srinivas
	code [5, 1]
	unknown [169, 112]
	devel-doc [1266, 6]
	documentation [1, 0]
harryz@hyper.sh harry zhang
	unknown [17, 10]
ciwang@google.com Cindy Wang
	unknown [1104, 0]
	image [0, 0]
wojtekt@google.com Wojciech Tyczynski
	code [59, 32]
	unknown [1360, 927]
	documentation [2, 0]
	build [7, 6]
djmm@google.com David McMahon
	unknown [730, 514]
	devel-doc [583, 256]
	code [52, 95]
mikedanese@google.com Mike Danese
	unknown [1749, 1022]
	devel-doc [123, 2]
	code [185, 195]
	build [30, 4]
joe.github@bedafamily.com Joe Beda
	unknown [81, 0]
	devel-doc [2, 1]
	code [5, 3]
	build [1, 1]
ramanathana@google.com Anirudh
	unknown [352, 116]
aledbf@gmail.com Manuel de Brito Fontes
	unknown [2136, 2151]
	devel-doc [90, 5]
	code [13, 4]
	build [3, 3]
	documentation [108, 12]
beeps@google.com bprashanth
	unknown [891, 192]
	devel-doc [7, 7]
	code [42, 6]
	build [1, 1]
qlee@google.com Quintin Lee
	unknown [780, 564]
	documentation [3, 2]
	build [4, 4]
kay.diam@gmail.com kayrus
	unknown [3, 3]
	documentation [4, 4]
jwhitlock@apache.org Jeremy Whitlock
	documentation [14, 0]
apelisse@google.com Antoine Pelisse
	unknown [3855, 898]
	devel-doc [135, 5]
	code [6, 7]
	build [58, 2]
zihongz@google.com MrHohn
	unknown [445, 173]
	devel-doc [14, 1]
	code [137, 33]
	build [165, 78]
git@gg7.io George G
	unknown [21, 1]
	devel-doc [2, 2]
mtaufen@google.com Michael Taufen
	code [8, 2]
	unknown [1775, 541]
	devel-doc [2, 2]
	documentation [1, 0]
	build [13, 13]
beeradb@gmail.com Brad Bowman
	unknown [2, 2]
dawnchen@google.com Dawn Chen
	unknown [62, 13]
	code [4, 2]
stclair@google.com Tim St. Clair
	unknown [773, 486]
	devel-doc [480, 2292]
zhoufang@google.com Zhou Fang
	unknown [562, 315]
	devel-doc [66, 2]
	code [131, 89]
	build [1, 1]
	documentation [42, 22]
shane@node.mu Vy-Shane Xie
	unknown [18, 0]
	documentation [2, 0]
hongchaodeng1@gmail.com Hongchao Deng
	unknown [728, 96]
	devel-doc [45, 0]
	documentation [1, 0]
liumengxinfly@gmail.com oilbeater
	devel-doc [16, 16]
dbsmith@google.com Daniel Smith
	unknown [113, 22]
	devel-doc [1893, 3]
	code [73, 47]
mkumatag@in.ibm.com Manjunath A Kumatagi
	unknown [68, 13]
	code [7, 1]
	documentation [15, 0]
hitchmanr@gmail.com Ryan Hitchman
	unknown [89, 196]
	code [319, 70]
	documentation [83, 50]
lantaol@google.com Lantao Liu
	unknown [254, 98]
	code [14, 5]
pdoreau@gmail.com Pierrick
	devel-doc [50, 16]
alvaro@gnu.org Alvaro Lopez Ortega
	code [23, 32]
	build [2, 2]
mrunalp@gmail.com Mrunal Patel
	unknown [742, 140]
	devel-doc [97, 211]
	code [418, 110]
	build [21, 9]
runcom@users.noreply.github.com Antonio Murdaca
	unknown [2099, 1997]
	devel-doc [84, 18]
	code [333, 45]
	build [121, 37]
dwalsh@redhat.com Dan Walsh
	unknown [86, 7]
	build [26, 4]
jawnsy@redhat.com Jonathan Yu
	unknown [4, 7]
	devel-doc [7, 5]
spotter@gmail.com Shaya Potter
	unknown [13, 1]
ccoleman@redhat.com Clayton Coleman
	unknown [3205, 1026]
	devel-doc [219, 2]
	documentation [0, 0]
	build [142, 2]
rchopra@redhat.com Rajat Chopra
	unknown [72, 11]
batikanu@yahoo.com Batikan Urcan
	unknown [1242, 222]
	code [1250, 4]
	documentation [538, 3]
sebastian.florek@ts.fujitsu.com Sebastian Florek
	unknown [353, 120]
	image [18, 0]
	code [1404, 415]
	documentation [150, 68]
maciaszczykm@users.noreply.github.com Marcin Maciaszczyk
	unknown [121, 197]
	code [131, 265]
	documentation [59, 87]
christoph.held@est.fujitsu.com Christoph Held
	unknown [19, 18]
jskswamy@users.noreply.github.com Krishnaswamy Subramanian
pdabkowski@google.com Piotr Dabkowski
	unknown [1157, 201]
	code [802, 300]
	documentation [283, 182]
yamagami-takuma@users.noreply.github.com Yamagami-Takuma
	unknown [208, 208]
denis.poisson@ts.fujitsu.com Denis Poisson
	unknown [184, 8]
	code [1034, 0]
	documentation [232, 0]
grosskur@google.com Alan Grosskurth
	unknown [22, 12]
	documentation [1, 0]
lu.zhenxing@zte.com.cn lojies
	unknown [85, 68]
pweil@redhat.com pweil-
	unknown [747, 16]
	devel-doc [445, 0]
	code [10, 4]
	documentation [2, 0]
sttts@redhat.com Dr. Stefan Schimanski
	unknown [3499, 2326]
	devel-doc [5, 60]
	code [1, 1]
elson.rodriguez@gmail.com Elson Rodriguez
	unknown [118, 38]
	devel-doc [222, 76]
alexdwanerobinson@gmail.com Alex Robinson
	unknown [1, 5]
christiankoep@gmail.com Christian Koep
	devel-doc [2, 2]
johannes.scheuermann@inovex.de Johannes Scheuermann
	unknown [17, 7]
	devel-doc [43, 7]
shivania@vmware.com Abrar Shivani
	unknown [292, 20]
	devel-doc [101, 0]
	build [146, 1]
hchiramm@redhat.com Humble Chirammal
	unknown [3, 1]
	devel-doc [66, 8]
hans@starefossen.com Hans Kristian Flaatten
	devel-doc [15, 15]
derek.mahar@gmail.com Derek Mahar
	unknown [1, 1]
	devel-doc [2, 2]
jrhoak@gmail.com Josh Hoak
	unknown [4, 2]
	devel-doc [2, 2]
mawong@redhat.com Matthew Wong
	unknown [10776, 3006]
	devel-doc [524, 216]
	code [243, 243]
	build [160, 0]
goltermann@google.com goltermann
	unknown [3, 2]
calebamiles@users.noreply.github.com caleb miles
	unknown [95, 15]
xlgao@zju.edu.cn Xianglin Gao
	unknown [191, 29]
crazykev@zju.edu.cn HaoZhang
	unknown [1487, 23]
	code [723, 37]
	build [12, 0]
21521209@zju.edu.cn heartlock
	unknown [105, 4]
almog.baku@gmail.com AlmogBaku
	unknown [776, 194]
atanas.mirchev@est.fujitsu.com Atanas Mirchev
	unknown [231, 82]
pszczesniak@google.com Piotr Szczesniak
	unknown [938, 615]
	devel-doc [3, 3]
	code [3, 3]
	build [4, 4]
magorzata@google.com mksalawa
	unknown [3407, 1196]
	devel-doc [144, 105]
	code [167, 0]
	build [1, 1]
huangyuqi@huawei.com yuqi huang
yoyozhiyou@163.com yoyozhiyou@163.com
	unknown [1, 1]
gskgoskk@gmail.com German
	unknown [1, 1]
andy.xning@gmail.com andy xie
	unknown [42, 14]
jm.carp@gmail.com Joshua Carp
	unknown [13, 13]
brian@deis.com fibonacci1729
	unknown [3028, 2010]
mbutcher@engineyard.com Matt Butcher
	unknown [6481, 1749]
	devel-doc [158, 8]
	build [2, 2]
	package [0, 0]
mspetrovic@gmail.com Mark Petrovic
	unknown [1, 1]
adamreese@users.noreply.github.com Adam Reese
	unknown [689, 390]
	build [7, 6]
fibonacci1729@users.noreply.github.com Brian
rmocius@gmail.com Rimantas Mocevicius
	unknown [33, 3]
	image [0, 0]
vaikas-google@users.noreply.github.com Ville Aikas
	unknown [77, 117]
	devel-doc [1, 1]
	build [2, 2]
keerthan.mala@gmail.com Keerthan Reddy Mala (kmala)
	unknown [34, 3]
jonathanboulle@gmail.com Jonathan Boulle
	unknown [31, 31]
	devel-doc [4, 4]
nicroland9@gmail.com Nic Roland
	unknown [21, 6]
jgrafton@google.com Jeff Grafton
	unknown [99, 47]
	devel-doc [1, 1]
	code [373, 83]
	build [6, 6]
bdobrelia@mirantis.com Bogdan Dobrelya
	unknown [738, 273]
	image [0, 0]
	devel-doc [5, 1]
mmosesohn@mirantis.com Matthew Mosesohn
	unknown [181, 71]
	image [0, 0]
	code [4, 29]
smainklh@gmail.com Smaine Kahlouch
	unknown [2, 2]
keglevich2@gmail.com keglevich3
	unknown [3, 4]
adidenko@mirantis.com Aleksandr Didenko
	unknown [19, 18]
anthony.haussmann@arkena.com Anthony Haussmann
	unknown [22, 23]
oc@teuto.net Özgür Caner
	unknown [24, 3]
anthonyrhowell@gmail.com Anthony Howell
	unknown [5, 6]
lukaszoles@gmail.com Łukasz Oleś
	unknown [1, 0]
development@advance-leap.com Adrian Ursu
	unknown [1, 0]
2t.antoine@gmail.com Antoine Legrand
	unknown [39, 24]
	code [0, 0]
bjozsa@gmail.com Brandon B. Jozsa
	unknown [31, 13]
	code [0, 0]
robertspencersmith@gmail.com Spencer Smith
	unknown [137, 28]
	code [318, 0]
runseb@gmail.com sebgoa
	unknown [528, 180]
	code [5, 4]
cab@cabnetworks.net Chris Baumbauer
	unknown [1, 1]
charlie@charliedrage.com Charlie Drage
	unknown [38, 0]
tomas.kral@gmail.com Tomas Kral
	unknown [1459, 335]
	devel-doc [1, 1]
	code [17, 0]
ng.tuna@gmail.com Tuna
	unknown [154, 42]
	devel-doc [71, 1]
	code [12, 12]
dusty@dustymabe.com Dusty Mabe
surajssd009005@gmail.com Suraj Deshmukh
matthias.luebken@gmail.com Matthias Lübken
	devel-doc [1, 1]
tazjin@gmail.com Vincent Ambo
	unknown [31, 24]
justin@fathomdb.com Justin Santa Barbara
	unknown [9397, 5953]
	devel-doc [32, 0]
	code [13, 16]
	build [108, 93]
smakki@altair.com Sami Makki
	unknown [0, 1]
andrew@ajohnstone.com Andrew Johnstone
	unknown [2, 2]
zml@google.com Zach Loafman
	unknown [445, 104]
	devel-doc [0, 15]
	code [57, 95]
	build [68, 38]
	documentation [4, 0]
yissachar.radcliffe@caseware.com Yissachar Radcliffe
	unknown [145, 7]
logan.attwood@gmail.com Logan Attwood
	unknown [4, 4]
mykhail.oleksiuk@teamaol.com Mykhailo Oleksiuk
	unknown [7, 3]
colhom@gmail.com colhom
	unknown [44, 15]
tom@tomdee.co.uk Tom Denham
	unknown [4, 0]
daniel.martins@descomplica.com.br Daniel Fernandes Martins
	unknown [16, 10]
luxas@users.noreply.github.com Lucas Käldström
	unknown [405, 267]
	devel-doc [4, 32]
	code [479, 9]
	build [9, 74]
	documentation [1, 0]
klaus1982.cn@gmail.com Klaus Ma
	unknown [179, 154]
	code [7, 4]
davidopp@google.com David Oppenheimer
	unknown [180, 34]
taotaotheripper@gmail.com Random-Liu
	code [59, 11]
	unknown [2447, 897]
	documentation [2, 0]
dujun5@huawei.com d00369826
	unknown [188, 158]
pskamruk@mirantis.com Piotr Skamruk
	unknown [7, 0]
fbranczyk@gmail.com Frederic Branczyk
	unknown [1617, 1304]
	devel-doc [66, 37]
mail@wombatsoftware.de Daniel Sachse
	unknown [43, 1]
	devel-doc [26, 6]
fab.reinartz@gmail.com Fabian Reinartz
	unknown [892, 431]
	devel-doc [18, 5]
	build [26, 0]
greg.dallavalle@ave81.com Greg Dallavalle
	unknown [49, 1]
	devel-doc [1, 0]
sjenning@redhat.com Seth Jennings
	unknown [461, 54]
	devel-doc [1, 0]
euan.kemp@coreos.com Euan Kemp
	unknown [1764, 2715]
	devel-doc [26, 0]
	code [333, 29]
	build [1571, 377]
	documentation [16, 0]
mfojtik@redhat.com Michal Fojtik
	unknown [59, 21]
	documentation [1, 0]
gus@inodes.org Angus Lees
	unknown [621, 51]
	devel-doc [7, 0]
	code [3, 62]
	build [6, 1]
mixia@google.com Minhan Xia
	unknown [439, 241]
	build [9, 6]
lukasz.zajaczkowski@ts.fujitsu.com Lukasz Zajaczkowski
	unknown [21, 0]
mkargaki@redhat.com Michail Kargakis
	unknown [2047, 336]
	devel-doc [1, 0]
	documentation [0, 0]
kiall@hpe.com Kiall Mac Innes
	unknown [97, 124]
mengqiy@google.com ymqytw
	unknown [206, 44]
	code [19, 0]
connor.p.doyle@intel.com Connor Doyle
	unknown [892, 72]
	devel-doc [4, 0]
jvallejo@redhat.com juanvallejo
	unknown [414, 139]
	documentation [1, 0]
jinxu@google.com Jing Xu
	unknown [764, 343]
fmeng@ebay.com mfanjie
	unknown [117, 10]
jsz@google.com Jerzy Szczepkowski
	unknown [171, 28]
	code [187, 95]
decarr@redhat.com derekwaynecarr
	unknown [395, 129]
	documentation [1, 0]
fraenkel@us.ibm.com Michael Fraenkel
	unknown [151, 51]
li.guangxu@zte.com.cn guangxuli
	unknown [107, 30]
mathieu.velten@cern.ch Mathieu Velten
	unknown [92, 71]
	devel-doc [199, 0]
graham.hayes@hpe.com Graham Hayes
	unknown [272, 31]
	devel-doc [398, 0]
avagarwa@redhat.com Avesh Agarwal
	unknown [682, 2]
ikhudoshyn@mirantis.com Illia Khudoshyn
	unknown [76, 27]
vmik@google.com Mik Vyatskov
	code [1, 1]
	unknown [484, 484]
	documentation [3, 3]
dj199008@gmail.com m1093782566
	unknown [269, 208]
	devel-doc [4, 2]
	build [3, 4]
me@jessfraz.com Jess Frazelle
	unknown [53, 41]
colin.hom@coreos.com Colin Hom
	unknown [0, 1]
	code [105, 41]
nikhiljindal@google.com nikhiljindal
	code [37, 17]
	unknown [4138, 2407]
	devel-doc [27, 8]
	documentation [92617, 4541]
dashpole@google.com David Ashpole
	unknown [305, 37]
markus.suonto@eficode.com Markus Suonto
	unknown [336, 84]
eli@mirantis.com Evgeny L
	code [1, 0]
	unknown [162, 46]
	devel-doc [2, 2]
	documentation [11, 1]
	build [4, 1]
madhusudancs@google.com Madhusudan.C.S
	unknown [505, 217]
	code [20, 10]
kokhang@gmail.com Steve Leon
	unknown [54, 39]
gmarek@google.com gmarek
	unknown [529, 584]
	devel-doc [211, 12]
	code [83, 9]
	build [20, 4]
yarntime@163.com yarntime
	unknown [72, 0]
wangzefeng@huawei.com Kevin
	unknown [10, 11]
tstclair@redhat.com Timothy St. Clair
	unknown [485, 340]
mkwiek@mirantis.com Maciej Kwiek
	unknown [104, 6]
yjhong@google.com Yu-Ju Hong
	unknown [1291, 1282]
	documentation [1, 0]
zachaller@hotmail.com Zach Aller
	unknown [2, 2]
sander@xanzy.io Sander van Harmelen
	unknown [14, 15]
aanm90@gmail.com André Martins
	code [3, 2]
	documentation [1, 1]
zhang.ke106@zte.com.cn Ke Zhang
	unknown [134, 85]
fabioy@google.com Fabio Yeon
	devel-doc [88, 66]
	build [6, 7]
optimuswu8685@gmail.com wu8685
	unknown [655, 225]
quinton@google.com Quinton Hoole
	unknown [374, 53]
	devel-doc [26, 7]
oz.tiram@mobilityhouse.com Oz N Tiram
	unknown [1, 1]
etune@google.com Eric Tune
	unknown [24, 0]
	devel-doc [1, 0]
yancey1989@gmail.com Yancey1989
	build [2, 2]
me@lukemarsden.net Luke Marsden
	unknown [416, 111]
dgoodwin@redhat.com Devan Goodwin
	unknown [16, 21]
	devel-doc [12, 9]
	code [2, 2]
	build [62, 39]
pjpires@gmail.com Paulo Pires
	unknown [334, 110]
	devel-doc [35, 14]
spiffxp@gmail.com Aaron Crickenberger
	devel-doc [133, 0]
davideagnello@gmail.com Davide Agnello
	unknown [32, 0]
maszulik@redhat.com Maciej Szulik
	unknown [1000, 262]
shashidhara.td@huawei.com shashidharatd
	unknown [123, 64]
jackson.coakley@gmail.com hacktastic
	unknown [3, 21]
philibert.dugas@gmail.com Philibert Dugas
	unknown [27, 22]
spyzalski@mirantis.com Szymon Pyżalski
	unknown [3, 5]
jianhui.zhou@huawei.com jianhuiz
	unknown [156, 14]
adityakali@google.com Aditya Kali
	devel-doc [7, 2]
	build [8, 0]
yashulyak@gmail.com Dmitry Shulyak
	unknown [141, 8]
	devel-doc [3, 0]
	code [18, 0]
	documentation [1, 0]
pengjingtian@huawei.com Jingtian Peng
	code [1, 1]
mayank.kumar@salesforce.com Mayank Kumar
	unknown [6, 6]
maisem@google.com Maisem Ali
	unknown [539, 504]
	code [16, 16]
	documentation [1, 0]
ameyd@google.com Amey Deshpande
	unknown [1, 1]
	code [2, 2]
xiaoping378@163.com xiaoping378
	unknown [1, 0]
wang.ping5@zte.com.cn PingWang
	unknown [71, 56]
mbauer@us.ibm.com Morgan Bauer
	unknown [0, 4]
chiachenk@google.com Janet Kuo
	code [7, 0]
	unknown [108, 242]
	documentation [1, 0]
tom@haddons.net Tom Haddon
	unknown [2, 2]
haih@us.ibm.com Hai Huang
	unknown [1, 1]
adi.ofry@gmail.com Adi Ofry
	unknown [1, 0]
asalkeld@mirantis.com Angus Salkeld
	unknown [134, 50]
	code [21, 7]
jbieren@redhat.com Johnny Bieren
	unknown [4, 4]
feixiaoboy@163.com Harry Fei
	unknown [1, 0]
ilya@lebedev.net Ilya WingedFox Lebedev
	code [12, 6]
jeffml@google.com Jeff Lowdermilk
	unknown [120, 73]
bryan@weave.works Bryan Boreham
	unknown [53, 24]
	documentation [2, 0]
	build [5, 1]
nrkfeller@gmail.com Nicolas Feller
	devel-doc [1, 1]
jacek.lakis@intel.com Jacek J. Łakis
	unknown [26, 6]
pigmej@gmail.com Jedrzej Nowak
	unknown [95, 96]
	code [23, 5]
sdodson@redhat.com Scott Dodson
	code [1, 1]
gkalele@google.com Girish Kalele
	unknown [1265, 6]
	devel-doc [152, 0]
	code [32, 0]
	build [102, 0]
zhouhaibing089@gmail.com zhouhaibing089
	unknown [7, 1]
dma@redhat.com mdshuai
	unknown [1, 1]
coolhzb@163.com AdoHe
	unknown [70, 11]
	code [3, 0]
takashi.kusumi@gmail.com Takashi Kusumi
	unknown [3, 3]
hchen@redhat.com Huamin Chen
	unknown [10, 2]
xingzhou@cn.ibm.com Xing Zhou
	unknown [1, 1]
github@hollensbe.org Erik Hollensbe
	unknown [6, 2]
chuck@dasroot.net Charles Butler
	unknown [1, 1]
	code [1, 1]
miaol@vmware.com Miao Luo
	code [5, 5]
screeley@redhat.com Scott Creeley
	unknown [26, 0]
better0332@163.com better88
	unknown [1, 1]
cole.mickens@gmail.com Cole Mickens
	unknown [106, 67]
	devel-doc [20, 2]
	code [1, 1]
	build [13, 12]
ahmetalpbalkan@gmail.com Ahmet Alp Balkan
	build [1, 1]
ddonnelly@google.com devin-donnelly
	unknown [34, 65]
mturansk@redhat.com markturansky
	unknown [81, 2]
james@munnelly.eu James Munnelly
	unknown [144, 0]
mspreitz@us.ibm.com Mike Spreitzer
	unknown [27, 18]
steveperry-53@users.noreply.github.com Steve Perry
jaredbhatti@users.noreply.github.com Jared
spousty@redhat.com Steven Pousty
	unknown [2, 0]
scott@unitedcreations.com scotty
	unknown [105, 39]
	image [0, 0]
	code [7, 1]
	documentation [785, 92]
jv.cyril@gmail.com Cyril Jouve
	unknown [26, 17]
stevepe@google.com steveperry-53
	unknown [1501, 65]
	image [11780, 0]
	documentation [23657, 220]
jeffmendoza@google.com Jeff Mendoza
	code [1, 20]
	unknown [23, 7]
	devel-doc [29, 3]
	documentation [6, 4]
madanpiyush@gmail.com Piyush Madan
	unknown [1, 1]
webwurst@gmail.com Tobias Bradtke
	unknown [2, 2]
ianlewis@google.com Ian Lewis
	unknown [120, 0]
callermann@gmail.com callermann
	unknown [1, 1]
deads2k@users.noreply.github.com David Eads
tivvit@seznam.cz Vít Listík
	unknown [1, 1]
me@raulnaveiras.com Raúl Naveiras
	unknown [1, 1]
jimmy@jimmycuadra.com Jimmy Cuadra
	unknown [42, 1]
walterdolce@gmail.com Walter Dolce
	unknown [1, 1]
tchinmai7@gmail.com Tarun Chinmai
	unknown [1, 2]
adieu@adieu.me adieu
	unknown [1603, 1603]
ankurz@google.com ankurshukla
	unknown [2, 2]
	image [0, 0]
	documentation [3, 0]
jide.b.tade@gmail.com Babajide Fowotade
	unknown [4, 4]
ankurshukla@users.noreply.github.com Ankur Shukla
chmouel@chmouel.com Chmouel Boudjnah
	unknown [9, 9]
	devel-doc [1, 1]
rodrigo@sdfg.com.ar Rodrigo Campos
	unknown [94, 3]
amccarthy@apprenda.com a-mccarthy
	unknown [22, 0]
pablo.guerrero@gmail.com Pablo Guerrero
	unknown [2, 2]
christopherjkim@gmail.com Chris Kim
	unknown [2, 2]
enfermo337@yahoo.com John Torres
	unknown [2, 2]
casey@tigera.io Casey Davenport
	unknown [227, 53]
sammiestoel@gmail.com Sam Stoelinga
	unknown [4, 11]
kazuki.suda@gmail.com Kazuki Suda
	unknown [1, 1]
rickyp999@gmail.com Ricky Pai
	unknown [1, 1]
pallavagarwal07@gmail.com Pallav Agarwal
	unknown [5, 2]
tamal@appscode.com tamal
	unknown [3, 0]
mfisher@deis.com Matthew Fisher
	unknown [1, 7]
evan.cordell@coreos.com Evan Cordell
	unknown [112, 0]
cjcullen@google.com CJ Cullen
	unknown [2, 2]
epatro@gmail.com Eduardo Patrocinio
	unknown [3, 0]
hellwen.wu@gmail.com hellwen
	unknown [1, 1]
cube@sneakybox.com Aaron Rice
	unknown [1, 1]
rustyrobot@users.noreply.github.com Evgeniy L
david.calavera@gmail.com David Calavera
	unknown [145, 14]
	build [15, 0]
hyunchel@fashionmetric.com Hyunchel Kim
	unknown [8, 7]
fbsolo@gmail.com fbsolo
	unknown [2, 3]
sur@coreos.com Sergiusz Urbaniak
	unknown [17, 4]
	devel-doc [108, 22]
	code [36, 0]
	build [74, 5]
bison@coreos.com Brad Ison
	unknown [4, 0]
	build [44, 1]
ryan.jarvinen@gmail.com ryan jarvinen
	devel-doc [14, 5]
aprindle@google.com aprindle
	unknown [1601, 429]
	devel-doc [23, 216]
	build [14, 10]
m@rickard.email Matt Rickard
	unknown [993, 38]
	devel-doc [12, 2]
	code [1, 1]
	build [2, 2]
lorenc.d@gmail.com Dan Lorenc
	unknown [101, 53]
	devel-doc [28, 1]
	code [71, 0]
	build [5, 4]
dlorenc@google.com dlorenc
	unknown [1586, 1551]
	devel-doc [17, 0]
	code [10, 1]
	build [2, 2]
aaprindle@gmail.com Aaron Prindle
	unknown [509, 0]
	image [0, 0]
	build [20, 2]
victor@snilius.com Victor Häggqvist
	devel-doc [26, 0]
jimmidyson@gmail.com Jimmi Dyson
	unknown [45, 19]
	devel-doc [1, 1]
r.kozikowski@gmail.com Robert Kozikowski
	devel-doc [2, 0]
balaji.warft@gmail.com Balaji Subramaniam
	unknown [138, 9]
	devel-doc [105, 20]
	code [248, 0]
	image [0, 0]
	build [5, 4]
jason@loodse.com Jason Murray
	devel-doc [1, 1]
duglin@users.noreply.github.com Doug Davis
	unknown [4, 4]
	devel-doc [104, 143]
fejta@google.com Erick Fejta
	unknown [104, 131]
	code [997, 339]
	build [17, 14]
wonderfly@google.com Daniel Wang
	unknown [74, 150]
senlu@google.com Sen Lu
	unknown [1227, 765]
	devel-doc [3, 2]
bdbauer@google.com Benjamin Bauer
	unknown [140, 10]
edjee@google.com Edward Hyunkoo Jee
	unknown [0, 33]
	code [10, 0]
mikewu@google.com Ke Wu
	unknown [32, 0]
devel-doc 23011 12864
	mwielgus@google.com Marcin Wielgus: [189, 7]
	arnaldo@luizalabs.com Arnaldo de Moraes Pereira: [2, 2]
	jchaloup@redhat.com Jan Chaloupka: [76, 17]
	dan.gillespie@coreos.com Dan Gillespie: [3, 0]
	aaronjlevy@gmail.com Aaron Levy: [33, 3]
	brandon@ifup.org Brandon Philips: [33, 313]
	adnan@bitnami.com Adnan Abdulhussein: [511, 36]
	migmartri@gmail.com Miguel Ángel Martínez Triviño: [203, 0]
	viglesias@google.com Vic Iglesias: [175, 35]
	simon@swine.de Christian Simon: [131, 0]
	lachie83@users.noreply.github.com Lachlan Evenson: [275, 0]
	linki@users.noreply.github.com Martin Linkhorst: [295, 0]
	foxish@users.noreply.github.com Anirudh Ramanathan: [233, 32]
	travis.cline@gmail.com Travis Cline: [55, 0]
	clove@cnmconsulting.net Chris Love: [6, 6]
	xuchao@google.com Chao Xu: [2491, 3726]
	deads@redhat.com deads2k: [6533, 3933]
	errordeveloper@gmail.com Ilya Dmitrichenko: [738, 111]
	ffranz@redhat.com Fabiano Franz: [18, 0]
	bburns@google.com Brendan Burns: [3, 0]
	mehdy@google.com mbohlool: [5, 1]
	feiskyer@gmail.com Pengfei Ni: [11, 0]
	eparis@redhat.com Eric Paris: [4, 4]
	sarah.novotny@gmail.com sarahnovotny: [413, 7]
	pwittroc+github@google.com Phillip Wittrock: [696, 522]
	grod@google.com Garrett Rodrigues: [14, 1]
	thockin@google.com Tim Hockin: [466, 8]
	pmorie@redhat.com Paul Morie: [150, 32]
	jsafrane@redhat.com Jan Safranek: [34, 24]
	spxtr@google.com Joe Finney: [46, 15]
	ihor.dvoretskyi@gmail.com Ihor Dvoretskyi: [3, 3]
	stephen.a.gordon@gmail.com Steve Gordon: [2, 2]
	saadali@google.com Saad Ali: [97, 1]
	jay@apache.org jayunit100: [3, 0]
	sross@redhat.com Solly Ross: [14, 4]
	justinleegarrison@gmail.com Justin Garrison: [1, 1]
	michelle@deis.com Michelle Noorali: [3, 3]
	vishnuk@google.com Vishnu kannan: [39, 10]
	bryk@google.com Piotr Bryk: [1, 1]
	dromlein.apprenda@gmail.com Dan Romlein: [19, 1]
	abrand@apprenda.com Alexander Brand: [10, 0]
	michmike@cs.stanford.edu Michael Michael: [1, 0]
	dims@linux.vnet.ibm.com Davanum Srinivas: [1266, 6]
	djmm@google.com David McMahon: [583, 256]
	mikedanese@google.com Mike Danese: [123, 2]
	joe.github@bedafamily.com Joe Beda: [2, 1]
	aledbf@gmail.com Manuel de Brito Fontes: [90, 5]
	beeps@google.com bprashanth: [7, 7]
	apelisse@google.com Antoine Pelisse: [135, 5]
	zihongz@google.com MrHohn: [14, 1]
	git@gg7.io George G: [2, 2]
	mtaufen@google.com Michael Taufen: [2, 2]
	stclair@google.com Tim St. Clair: [480, 2292]
	zhoufang@google.com Zhou Fang: [66, 2]
	hongchaodeng1@gmail.com Hongchao Deng: [45, 0]
	liumengxinfly@gmail.com oilbeater: [16, 16]
	dbsmith@google.com Daniel Smith: [1893, 3]
	pdoreau@gmail.com Pierrick: [50, 16]
	mrunalp@gmail.com Mrunal Patel: [97, 211]
	runcom@users.noreply.github.com Antonio Murdaca: [84, 18]
	jawnsy@redhat.com Jonathan Yu: [7, 5]
	ccoleman@redhat.com Clayton Coleman: [219, 2]
	pweil@redhat.com pweil-: [445, 0]
	sttts@redhat.com Dr. Stefan Schimanski: [5, 60]
	elson.rodriguez@gmail.com Elson Rodriguez: [222, 76]
	christiankoep@gmail.com Christian Koep: [2, 2]
	johannes.scheuermann@inovex.de Johannes Scheuermann: [43, 7]
	shivania@vmware.com Abrar Shivani: [101, 0]
	hchiramm@redhat.com Humble Chirammal: [66, 8]
	hans@starefossen.com Hans Kristian Flaatten: [15, 15]
	derek.mahar@gmail.com Derek Mahar: [2, 2]
	jrhoak@gmail.com Josh Hoak: [2, 2]
	mawong@redhat.com Matthew Wong: [524, 216]
	pszczesniak@google.com Piotr Szczesniak: [3, 3]
	magorzata@google.com mksalawa: [144, 105]
	mbutcher@engineyard.com Matt Butcher: [158, 8]
	vaikas-google@users.noreply.github.com Ville Aikas: [1, 1]
	jonathanboulle@gmail.com Jonathan Boulle: [4, 4]
	jgrafton@google.com Jeff Grafton: [1, 1]
	bdobrelia@mirantis.com Bogdan Dobrelya: [5, 1]
	tomas.kral@gmail.com Tomas Kral: [1, 1]
	ng.tuna@gmail.com Tuna: [71, 1]
	matthias.luebken@gmail.com Matthias Lübken: [1, 1]
	justin@fathomdb.com Justin Santa Barbara: [32, 0]
	zml@google.com Zach Loafman: [0, 15]
	luxas@users.noreply.github.com Lucas Käldström: [4, 32]
	fbranczyk@gmail.com Frederic Branczyk: [66, 37]
	mail@wombatsoftware.de Daniel Sachse: [26, 6]
	fab.reinartz@gmail.com Fabian Reinartz: [18, 5]
	greg.dallavalle@ave81.com Greg Dallavalle: [1, 0]
	sjenning@redhat.com Seth Jennings: [1, 0]
	euan.kemp@coreos.com Euan Kemp: [26, 0]
	gus@inodes.org Angus Lees: [7, 0]
	mkargaki@redhat.com Michail Kargakis: [1, 0]
	connor.p.doyle@intel.com Connor Doyle: [4, 0]
	mathieu.velten@cern.ch Mathieu Velten: [199, 0]
	graham.hayes@hpe.com Graham Hayes: [398, 0]
	dj199008@gmail.com m1093782566: [4, 2]
	nikhiljindal@google.com nikhiljindal: [27, 8]
	eli@mirantis.com Evgeny L: [2, 2]
	gmarek@google.com gmarek: [211, 12]
	fabioy@google.com Fabio Yeon: [88, 66]
	quinton@google.com Quinton Hoole: [26, 7]
	etune@google.com Eric Tune: [1, 0]
	dgoodwin@redhat.com Devan Goodwin: [12, 9]
	pjpires@gmail.com Paulo Pires: [35, 14]
	spiffxp@gmail.com Aaron Crickenberger: [133, 0]
	adityakali@google.com Aditya Kali: [7, 2]
	yashulyak@gmail.com Dmitry Shulyak: [3, 0]
	nrkfeller@gmail.com Nicolas Feller: [1, 1]
	gkalele@google.com Girish Kalele: [152, 0]
	cole.mickens@gmail.com Cole Mickens: [20, 2]
	jeffmendoza@google.com Jeff Mendoza: [29, 3]
	chmouel@chmouel.com Chmouel Boudjnah: [1, 1]
	sur@coreos.com Sergiusz Urbaniak: [108, 22]
	ryan.jarvinen@gmail.com ryan jarvinen: [14, 5]
	aprindle@google.com aprindle: [23, 216]
	m@rickard.email Matt Rickard: [12, 2]
	lorenc.d@gmail.com Dan Lorenc: [28, 1]
	dlorenc@google.com dlorenc: [17, 0]
	victor@snilius.com Victor Häggqvist: [26, 0]
	jimmidyson@gmail.com Jimmi Dyson: [1, 1]
	r.kozikowski@gmail.com Robert Kozikowski: [2, 0]
	balaji.warft@gmail.com Balaji Subramaniam: [105, 20]
	jason@loodse.com Jason Murray: [1, 1]
	duglin@users.noreply.github.com Doug Davis: [104, 143]
	senlu@google.com Sen Lu: [3, 2]
code 65941 4590
	jchaloup@redhat.com Jan Chaloupka: [137, 100]
	aaronjlevy@gmail.com Aaron Levy: [69, 45]
	dghubble@gmail.com Dalton Hubble: [1, 1]
	viglesias@google.com Vic Iglesias: [53, 16]
	foxish@users.noreply.github.com Anirudh Ramanathan: [130, 0]
	clove@cnmconsulting.net Chris Love: [74, 2]
	xuchao@google.com Chao Xu: [1870, 531]
	deads@redhat.com deads2k: [49315, 503]
	errordeveloper@gmail.com Ilya Dmitrichenko: [9, 9]
	mehdy@google.com mbohlool: [388, 0]
	thockin@google.com Tim Hockin: [95, 3]
	pmorie@redhat.com Paul Morie: [7, 6]
	spxtr@google.com Joe Finney: [10, 39]
	jliggitt@redhat.com Jordan Liggitt: [13, 6]
	jay@apache.org jayunit100: [4, 3]
	vishnuk@google.com Vishnu kannan: [29, 22]
	bryk@google.com Piotr Bryk: [2473, 315]
	dims@linux.vnet.ibm.com Davanum Srinivas: [5, 1]
	wojtekt@google.com Wojciech Tyczynski: [59, 32]
	djmm@google.com David McMahon: [52, 95]
	mikedanese@google.com Mike Danese: [185, 195]
	joe.github@bedafamily.com Joe Beda: [5, 3]
	aledbf@gmail.com Manuel de Brito Fontes: [13, 4]
	beeps@google.com bprashanth: [42, 6]
	apelisse@google.com Antoine Pelisse: [6, 7]
	zihongz@google.com MrHohn: [137, 33]
	mtaufen@google.com Michael Taufen: [8, 2]
	dawnchen@google.com Dawn Chen: [4, 2]
	zhoufang@google.com Zhou Fang: [131, 89]
	dbsmith@google.com Daniel Smith: [73, 47]
	mkumatag@in.ibm.com Manjunath A Kumatagi: [7, 1]
	hitchmanr@gmail.com Ryan Hitchman: [319, 70]
	lantaol@google.com Lantao Liu: [14, 5]
	alvaro@gnu.org Alvaro Lopez Ortega: [23, 32]
	mrunalp@gmail.com Mrunal Patel: [418, 110]
	runcom@users.noreply.github.com Antonio Murdaca: [333, 45]
	batikanu@yahoo.com Batikan Urcan: [1250, 4]
	sebastian.florek@ts.fujitsu.com Sebastian Florek: [1404, 415]
	maciaszczykm@users.noreply.github.com Marcin Maciaszczyk: [131, 265]
	pdabkowski@google.com Piotr Dabkowski: [802, 300]
	denis.poisson@ts.fujitsu.com Denis Poisson: [1034, 0]
	pweil@redhat.com pweil-: [10, 4]
	sttts@redhat.com Dr. Stefan Schimanski: [1, 1]
	mawong@redhat.com Matthew Wong: [243, 243]
	crazykev@zju.edu.cn HaoZhang: [723, 37]
	pszczesniak@google.com Piotr Szczesniak: [3, 3]
	magorzata@google.com mksalawa: [167, 0]
	jgrafton@google.com Jeff Grafton: [373, 83]
	mmosesohn@mirantis.com Matthew Mosesohn: [4, 29]
	2t.antoine@gmail.com Antoine Legrand: [0, 0]
	bjozsa@gmail.com Brandon B. Jozsa: [0, 0]
	robertspencersmith@gmail.com Spencer Smith: [318, 0]
	runseb@gmail.com sebgoa: [5, 4]
	tomas.kral@gmail.com Tomas Kral: [17, 0]
	ng.tuna@gmail.com Tuna: [12, 12]
	justin@fathomdb.com Justin Santa Barbara: [13, 16]
	zml@google.com Zach Loafman: [57, 95]
	luxas@users.noreply.github.com Lucas Käldström: [479, 9]
	klaus1982.cn@gmail.com Klaus Ma: [7, 4]
	taotaotheripper@gmail.com Random-Liu: [59, 11]
	euan.kemp@coreos.com Euan Kemp: [333, 29]
	gus@inodes.org Angus Lees: [3, 62]
	mengqiy@google.com ymqytw: [19, 0]
	jsz@google.com Jerzy Szczepkowski: [187, 95]
	vmik@google.com Mik Vyatskov: [1, 1]
	colin.hom@coreos.com Colin Hom: [105, 41]
	nikhiljindal@google.com nikhiljindal: [37, 17]
	eli@mirantis.com Evgeny L: [1, 0]
	madhusudancs@google.com Madhusudan.C.S: [20, 10]
	gmarek@google.com gmarek: [83, 9]
	aanm90@gmail.com André Martins: [3, 2]
	dgoodwin@redhat.com Devan Goodwin: [2, 2]
	yashulyak@gmail.com Dmitry Shulyak: [18, 0]
	pengjingtian@huawei.com Jingtian Peng: [1, 1]
	maisem@google.com Maisem Ali: [16, 16]
	ameyd@google.com Amey Deshpande: [2, 2]
	chiachenk@google.com Janet Kuo: [7, 0]
	asalkeld@mirantis.com Angus Salkeld: [21, 7]
	ilya@lebedev.net Ilya WingedFox Lebedev: [12, 6]
	pigmej@gmail.com Jedrzej Nowak: [23, 5]
	sdodson@redhat.com Scott Dodson: [1, 1]
	gkalele@google.com Girish Kalele: [32, 0]
	coolhzb@163.com AdoHe: [3, 0]
	chuck@dasroot.net Charles Butler: [1, 1]
	miaol@vmware.com Miao Luo: [5, 5]
	cole.mickens@gmail.com Cole Mickens: [1, 1]
	scott@unitedcreations.com scotty: [7, 1]
	jeffmendoza@google.com Jeff Mendoza: [1, 20]
	sur@coreos.com Sergiusz Urbaniak: [36, 0]
	m@rickard.email Matt Rickard: [1, 1]
	lorenc.d@gmail.com Dan Lorenc: [71, 0]
	dlorenc@google.com dlorenc: [10, 1]
	balaji.warft@gmail.com Balaji Subramaniam: [248, 0]
	fejta@google.com Erick Fejta: [997, 339]
	edjee@google.com Edward Hyunkoo Jee: [10, 0]
package 0 0
	mbutcher@engineyard.com Matt Butcher: [0, 0]
unknown 433652 560003
	mwielgus@google.com Marcin Wielgus: [769, 85]
	andrew@wattpad.com andrewsykim: [26, 2]
	jchaloup@redhat.com Jan Chaloupka: [1510, 721]
	wael.nasreddine@gmail.com Wael M. Nasreddine: [9, 1]
	pb@coreos.com Patrick Baxter: [323, 424]
	aaronjlevy@gmail.com Aaron Levy: [144, 113]
	parkerderek86@gmail.com Derek Parker: [1, 1]
	kenan435@gmail.com Kenan Karamehmedovic: [14, 2]
	brandon@ifup.org Brandon Philips: [317, 111]
	dghubble@gmail.com Dalton Hubble: [42, 66]
	eric.chiang.m@gmail.com Eric Chiang: [460, 1595]
	adnan@bitnami.com Adnan Abdulhussein: [952, 64]
	migmartri@gmail.com Miguel Ángel Martínez Triviño: [487, 0]
	viglesias@google.com Vic Iglesias: [570, 29]
	simon@swine.de Christian Simon: [1314, 289]
	lachie83@users.noreply.github.com Lachlan Evenson: [431, 3]
	linki@users.noreply.github.com Martin Linkhorst: [422, 0]
	foxish@users.noreply.github.com Anirudh Ramanathan: [232, 0]
	travis.cline@gmail.com Travis Cline: [255, 0]
	clove@cnmconsulting.net Chris Love: [48, 89]
	xuchao@google.com Chao Xu: [187229, 455799]
	dhodovsk@redhat.com Dominika Hodovska: [304, 65]
	jvance@redhat.com Jeff Vance: [90, 0]
	deads@redhat.com deads2k: [50230, 33970]
	errordeveloper@gmail.com Ilya Dmitrichenko: [2209, 1913]
	bburns@google.com Brendan Burns: [241, 0]
	vsemushi@redhat.com Slava Semushin: [4, 4]
	yifan.gu@coreos.com Yifan Gu: [2313, 599]
	mehdy@google.com mbohlool: [48991, 661]
	feiskyer@gmail.com Pengfei Ni: [1504, 548]
	dcbw@redhat.com Dan Williams: [15, 9]
	eparis@redhat.com Eric Paris: [13, 3]
	pwittroc+github@google.com Phillip Wittrock: [4, 4]
	grod@google.com Garrett Rodrigues: [80, 38]
	sean@coreitpro.com Sean M. Collins: [2, 42]
	thockin@google.com Tim Hockin: [511, 267]
	pmorie@redhat.com Paul Morie: [3480, 3324]
	yu.peng36@zte.com.cn YuPengZTE: [82, 82]
	jsafrane@redhat.com Jan Safranek: [1014, 360]
	spxtr@google.com Joe Finney: [3237, 2935]
	jliggitt@redhat.com Jordan Liggitt: [1744, 359]
	ihor.dvoretskyi@gmail.com Ihor Dvoretskyi: [5, 5]
	saadali@google.com Saad Ali: [17, 1]
	jay@apache.org jayunit100: [270, 51]
	anthony.elizondo@gmail.com Anthony Elizondo: [12, 12]
	sross@redhat.com Solly Ross: [1802, 540]
	vishh@users.noreply.github.com Vish Kannan: [396, 396]
	czahedi@google.com Cameron Zahedi: [89, 0]
	ishvedunov@mirantis.com Ivan Shvedunov: [449, 963]
	michelle@deis.com Michelle Noorali: [1146, 378]
	vishnuk@google.com Vishnu kannan: [350, 139]
	bryk@google.com Piotr Bryk: [1042, 146]
	mml@google.com Matt Liggett: [271, 87]
	dims@linux.vnet.ibm.com Davanum Srinivas: [169, 112]
	harryz@hyper.sh harry zhang: [17, 10]
	ciwang@google.com Cindy Wang: [1104, 0]
	wojtekt@google.com Wojciech Tyczynski: [1360, 927]
	djmm@google.com David McMahon: [730, 514]
	mikedanese@google.com Mike Danese: [1749, 1022]
	joe.github@bedafamily.com Joe Beda: [81, 0]
	ramanathana@google.com Anirudh: [352, 116]
	aledbf@gmail.com Manuel de Brito Fontes: [2136, 2151]
	beeps@google.com bprashanth: [891, 192]
	qlee@google.com Quintin Lee: [780, 564]
	kay.diam@gmail.com kayrus: [3, 3]
	apelisse@google.com Antoine Pelisse: [3855, 898]
	zihongz@google.com MrHohn: [445, 173]
	git@gg7.io George G: [21, 1]
	mtaufen@google.com Michael Taufen: [1775, 541]
	beeradb@gmail.com Brad Bowman: [2, 2]
	dawnchen@google.com Dawn Chen: [62, 13]
	stclair@google.com Tim St. Clair: [773, 486]
	zhoufang@google.com Zhou Fang: [562, 315]
	shane@node.mu Vy-Shane Xie: [18, 0]
	hongchaodeng1@gmail.com Hongchao Deng: [728, 96]
	dbsmith@google.com Daniel Smith: [113, 22]
	mkumatag@in.ibm.com Manjunath A Kumatagi: [68, 13]
	hitchmanr@gmail.com Ryan Hitchman: [89, 196]
	lantaol@google.com Lantao Liu: [254, 98]
	mrunalp@gmail.com Mrunal Patel: [742, 140]
	runcom@users.noreply.github.com Antonio Murdaca: [2099, 1997]
	dwalsh@redhat.com Dan Walsh: [86, 7]
	jawnsy@redhat.com Jonathan Yu: [4, 7]
	spotter@gmail.com Shaya Potter: [13, 1]
	ccoleman@redhat.com Clayton Coleman: [3205, 1026]
	rchopra@redhat.com Rajat Chopra: [72, 11]
	batikanu@yahoo.com Batikan Urcan: [1242, 222]
	sebastian.florek@ts.fujitsu.com Sebastian Florek: [353, 120]
	maciaszczykm@users.noreply.github.com Marcin Maciaszczyk: [121, 197]
	christoph.held@est.fujitsu.com Christoph Held: [19, 18]
	pdabkowski@google.com Piotr Dabkowski: [1157, 201]
	yamagami-takuma@users.noreply.github.com Yamagami-Takuma: [208, 208]
	denis.poisson@ts.fujitsu.com Denis Poisson: [184, 8]
	grosskur@google.com Alan Grosskurth: [22, 12]
	lu.zhenxing@zte.com.cn lojies: [85, 68]
	pweil@redhat.com pweil-: [747, 16]
	sttts@redhat.com Dr. Stefan Schimanski: [3499, 2326]
	elson.rodriguez@gmail.com Elson Rodriguez: [118, 38]
	alexdwanerobinson@gmail.com Alex Robinson: [1, 5]
	johannes.scheuermann@inovex.de Johannes Scheuermann: [17, 7]
	shivania@vmware.com Abrar Shivani: [292, 20]
	hchiramm@redhat.com Humble Chirammal: [3, 1]
	derek.mahar@gmail.com Derek Mahar: [1, 1]
	jrhoak@gmail.com Josh Hoak: [4, 2]
	mawong@redhat.com Matthew Wong: [10776, 3006]
	goltermann@google.com goltermann: [3, 2]
	calebamiles@users.noreply.github.com caleb miles: [95, 15]
	xlgao@zju.edu.cn Xianglin Gao: [191, 29]
	crazykev@zju.edu.cn HaoZhang: [1487, 23]
	21521209@zju.edu.cn heartlock: [105, 4]
	almog.baku@gmail.com AlmogBaku: [776, 194]
	atanas.mirchev@est.fujitsu.com Atanas Mirchev: [231, 82]
	pszczesniak@google.com Piotr Szczesniak: [938, 615]
	magorzata@google.com mksalawa: [3407, 1196]
	yoyozhiyou@163.com yoyozhiyou@163.com: [1, 1]
	gskgoskk@gmail.com German: [1, 1]
	andy.xning@gmail.com andy xie: [42, 14]
	jm.carp@gmail.com Joshua Carp: [13, 13]
	brian@deis.com fibonacci1729: [3028, 2010]
	mbutcher@engineyard.com Matt Butcher: [6481, 1749]
	mspetrovic@gmail.com Mark Petrovic: [1, 1]
	adamreese@users.noreply.github.com Adam Reese: [689, 390]
	rmocius@gmail.com Rimantas Mocevicius: [33, 3]
	vaikas-google@users.noreply.github.com Ville Aikas: [77, 117]
	keerthan.mala@gmail.com Keerthan Reddy Mala (kmala): [34, 3]
	jonathanboulle@gmail.com Jonathan Boulle: [31, 31]
	nicroland9@gmail.com Nic Roland: [21, 6]
	jgrafton@google.com Jeff Grafton: [99, 47]
	bdobrelia@mirantis.com Bogdan Dobrelya: [738, 273]
	mmosesohn@mirantis.com Matthew Mosesohn: [181, 71]
	smainklh@gmail.com Smaine Kahlouch: [2, 2]
	keglevich2@gmail.com keglevich3: [3, 4]
	adidenko@mirantis.com Aleksandr Didenko: [19, 18]
	anthony.haussmann@arkena.com Anthony Haussmann: [22, 23]
	oc@teuto.net Özgür Caner: [24, 3]
	anthonyrhowell@gmail.com Anthony Howell: [5, 6]
	lukaszoles@gmail.com Łukasz Oleś: [1, 0]
	development@advance-leap.com Adrian Ursu: [1, 0]
	2t.antoine@gmail.com Antoine Legrand: [39, 24]
	bjozsa@gmail.com Brandon B. Jozsa: [31, 13]
	robertspencersmith@gmail.com Spencer Smith: [137, 28]
	runseb@gmail.com sebgoa: [528, 180]
	cab@cabnetworks.net Chris Baumbauer: [1, 1]
	charlie@charliedrage.com Charlie Drage: [38, 0]
	tomas.kral@gmail.com Tomas Kral: [1459, 335]
	ng.tuna@gmail.com Tuna: [154, 42]
	tazjin@gmail.com Vincent Ambo: [31, 24]
	justin@fathomdb.com Justin Santa Barbara: [9397, 5953]
	smakki@altair.com Sami Makki: [0, 1]
	andrew@ajohnstone.com Andrew Johnstone: [2, 2]
	zml@google.com Zach Loafman: [445, 104]
	yissachar.radcliffe@caseware.com Yissachar Radcliffe: [145, 7]
	logan.attwood@gmail.com Logan Attwood: [4, 4]
	mykhail.oleksiuk@teamaol.com Mykhailo Oleksiuk: [7, 3]
	colhom@gmail.com colhom: [44, 15]
	tom@tomdee.co.uk Tom Denham: [4, 0]
	daniel.martins@descomplica.com.br Daniel Fernandes Martins: [16, 10]
	luxas@users.noreply.github.com Lucas Käldström: [405, 267]
	klaus1982.cn@gmail.com Klaus Ma: [179, 154]
	davidopp@google.com David Oppenheimer: [180, 34]
	taotaotheripper@gmail.com Random-Liu: [2447, 897]
	dujun5@huawei.com d00369826: [188, 158]
	pskamruk@mirantis.com Piotr Skamruk: [7, 0]
	fbranczyk@gmail.com Frederic Branczyk: [1617, 1304]
	mail@wombatsoftware.de Daniel Sachse: [43, 1]
	fab.reinartz@gmail.com Fabian Reinartz: [892, 431]
	greg.dallavalle@ave81.com Greg Dallavalle: [49, 1]
	sjenning@redhat.com Seth Jennings: [461, 54]
	euan.kemp@coreos.com Euan Kemp: [1764, 2715]
	mfojtik@redhat.com Michal Fojtik: [59, 21]
	gus@inodes.org Angus Lees: [621, 51]
	mixia@google.com Minhan Xia: [439, 241]
	lukasz.zajaczkowski@ts.fujitsu.com Lukasz Zajaczkowski: [21, 0]
	mkargaki@redhat.com Michail Kargakis: [2047, 336]
	kiall@hpe.com Kiall Mac Innes: [97, 124]
	mengqiy@google.com ymqytw: [206, 44]
	connor.p.doyle@intel.com Connor Doyle: [892, 72]
	jvallejo@redhat.com juanvallejo: [414, 139]
	jinxu@google.com Jing Xu: [764, 343]
	fmeng@ebay.com mfanjie: [117, 10]
	jsz@google.com Jerzy Szczepkowski: [171, 28]
	decarr@redhat.com derekwaynecarr: [395, 129]
	fraenkel@us.ibm.com Michael Fraenkel: [151, 51]
	li.guangxu@zte.com.cn guangxuli: [107, 30]
	mathieu.velten@cern.ch Mathieu Velten: [92, 71]
	graham.hayes@hpe.com Graham Hayes: [272, 31]
	avagarwa@redhat.com Avesh Agarwal: [682, 2]
	ikhudoshyn@mirantis.com Illia Khudoshyn: [76, 27]
	vmik@google.com Mik Vyatskov: [484, 484]
	dj199008@gmail.com m1093782566: [269, 208]
	me@jessfraz.com Jess Frazelle: [53, 41]
	colin.hom@coreos.com Colin Hom: [0, 1]
	nikhiljindal@google.com nikhiljindal: [4138, 2407]
	dashpole@google.com David Ashpole: [305, 37]
	markus.suonto@eficode.com Markus Suonto: [336, 84]
	eli@mirantis.com Evgeny L: [162, 46]
	madhusudancs@google.com Madhusudan.C.S: [505, 217]
	kokhang@gmail.com Steve Leon: [54, 39]
	gmarek@google.com gmarek: [529, 584]
	yarntime@163.com yarntime: [72, 0]
	wangzefeng@huawei.com Kevin: [10, 11]
	tstclair@redhat.com Timothy St. Clair: [485, 340]
	mkwiek@mirantis.com Maciej Kwiek: [104, 6]
	yjhong@google.com Yu-Ju Hong: [1291, 1282]
	zachaller@hotmail.com Zach Aller: [2, 2]
	sander@xanzy.io Sander van Harmelen: [14, 15]
	zhang.ke106@zte.com.cn Ke Zhang: [134, 85]
	optimuswu8685@gmail.com wu8685: [655, 225]
	quinton@google.com Quinton Hoole: [374, 53]
	oz.tiram@mobilityhouse.com Oz N Tiram: [1, 1]
	etune@google.com Eric Tune: [24, 0]
	me@lukemarsden.net Luke Marsden: [416, 111]
	dgoodwin@redhat.com Devan Goodwin: [16, 21]
	pjpires@gmail.com Paulo Pires: [334, 110]
	davideagnello@gmail.com Davide Agnello: [32, 0]
	maszulik@redhat.com Maciej Szulik: [1000, 262]
	shashidhara.td@huawei.com shashidharatd: [123, 64]
	jackson.coakley@gmail.com hacktastic: [3, 21]
	philibert.dugas@gmail.com Philibert Dugas: [27, 22]
	spyzalski@mirantis.com Szymon Pyżalski: [3, 5]
	jianhui.zhou@huawei.com jianhuiz: [156, 14]
	yashulyak@gmail.com Dmitry Shulyak: [141, 8]
	mayank.kumar@salesforce.com Mayank Kumar: [6, 6]
	maisem@google.com Maisem Ali: [539, 504]
	ameyd@google.com Amey Deshpande: [1, 1]
	xiaoping378@163.com xiaoping378: [1, 0]
	wang.ping5@zte.com.cn PingWang: [71, 56]
	mbauer@us.ibm.com Morgan Bauer: [0, 4]
	chiachenk@google.com Janet Kuo: [108, 242]
	tom@haddons.net Tom Haddon: [2, 2]
	haih@us.ibm.com Hai Huang: [1, 1]
	adi.ofry@gmail.com Adi Ofry: [1, 0]
	asalkeld@mirantis.com Angus Salkeld: [134, 50]
	jbieren@redhat.com Johnny Bieren: [4, 4]
	feixiaoboy@163.com Harry Fei: [1, 0]
	jeffml@google.com Jeff Lowdermilk: [120, 73]
	bryan@weave.works Bryan Boreham: [53, 24]
	jacek.lakis@intel.com Jacek J. Łakis: [26, 6]
	pigmej@gmail.com Jedrzej Nowak: [95, 96]
	gkalele@google.com Girish Kalele: [1265, 6]
	zhouhaibing089@gmail.com zhouhaibing089: [7, 1]
	dma@redhat.com mdshuai: [1, 1]
	coolhzb@163.com AdoHe: [70, 11]
	takashi.kusumi@gmail.com Takashi Kusumi: [3, 3]
	hchen@redhat.com Huamin Chen: [10, 2]
	xingzhou@cn.ibm.com Xing Zhou: [1, 1]
	github@hollensbe.org Erik Hollensbe: [6, 2]
	chuck@dasroot.net Charles Butler: [1, 1]
	screeley@redhat.com Scott Creeley: [26, 0]
	better0332@163.com better88: [1, 1]
	cole.mickens@gmail.com Cole Mickens: [106, 67]
	ddonnelly@google.com devin-donnelly: [34, 65]
	mturansk@redhat.com markturansky: [81, 2]
	james@munnelly.eu James Munnelly: [144, 0]
	mspreitz@us.ibm.com Mike Spreitzer: [27, 18]
	spousty@redhat.com Steven Pousty: [2, 0]
	scott@unitedcreations.com scotty: [105, 39]
	jv.cyril@gmail.com Cyril Jouve: [26, 17]
	stevepe@google.com steveperry-53: [1501, 65]
	jeffmendoza@google.com Jeff Mendoza: [23, 7]
	madanpiyush@gmail.com Piyush Madan: [1, 1]
	webwurst@gmail.com Tobias Bradtke: [2, 2]
	ianlewis@google.com Ian Lewis: [120, 0]
	callermann@gmail.com callermann: [1, 1]
	tivvit@seznam.cz Vít Listík: [1, 1]
	me@raulnaveiras.com Raúl Naveiras: [1, 1]
	jimmy@jimmycuadra.com Jimmy Cuadra: [42, 1]
	walterdolce@gmail.com Walter Dolce: [1, 1]
	tchinmai7@gmail.com Tarun Chinmai: [1, 2]
	adieu@adieu.me adieu: [1603, 1603]
	ankurz@google.com ankurshukla: [2, 2]
	jide.b.tade@gmail.com Babajide Fowotade: [4, 4]
	chmouel@chmouel.com Chmouel Boudjnah: [9, 9]
	rodrigo@sdfg.com.ar Rodrigo Campos: [94, 3]
	amccarthy@apprenda.com a-mccarthy: [22, 0]
	pablo.guerrero@gmail.com Pablo Guerrero: [2, 2]
	christopherjkim@gmail.com Chris Kim: [2, 2]
	enfermo337@yahoo.com John Torres: [2, 2]
	casey@tigera.io Casey Davenport: [227, 53]
	sammiestoel@gmail.com Sam Stoelinga: [4, 11]
	kazuki.suda@gmail.com Kazuki Suda: [1, 1]
	rickyp999@gmail.com Ricky Pai: [1, 1]
	pallavagarwal07@gmail.com Pallav Agarwal: [5, 2]
	tamal@appscode.com tamal: [3, 0]
	mfisher@deis.com Matthew Fisher: [1, 7]
	evan.cordell@coreos.com Evan Cordell: [112, 0]
	cjcullen@google.com CJ Cullen: [2, 2]
	epatro@gmail.com Eduardo Patrocinio: [3, 0]
	hellwen.wu@gmail.com hellwen: [1, 1]
	cube@sneakybox.com Aaron Rice: [1, 1]
	david.calavera@gmail.com David Calavera: [145, 14]
	hyunchel@fashionmetric.com Hyunchel Kim: [8, 7]
	fbsolo@gmail.com fbsolo: [2, 3]
	sur@coreos.com Sergiusz Urbaniak: [17, 4]
	bison@coreos.com Brad Ison: [4, 0]
	aprindle@google.com aprindle: [1601, 429]
	m@rickard.email Matt Rickard: [993, 38]
	lorenc.d@gmail.com Dan Lorenc: [101, 53]
	dlorenc@google.com dlorenc: [1586, 1551]
	aaprindle@gmail.com Aaron Prindle: [509, 0]
	jimmidyson@gmail.com Jimmi Dyson: [45, 19]
	balaji.warft@gmail.com Balaji Subramaniam: [138, 9]
	duglin@users.noreply.github.com Doug Davis: [4, 4]
	fejta@google.com Erick Fejta: [104, 131]
	wonderfly@google.com Daniel Wang: [74, 150]
	senlu@google.com Sen Lu: [1227, 765]
	bdbauer@google.com Benjamin Bauer: [140, 10]
	edjee@google.com Edward Hyunkoo Jee: [0, 33]
	mikewu@google.com Ke Wu: [32, 0]
image 12882 4
	deads@redhat.com deads2k: [1084, 4]
	ciwang@google.com Cindy Wang: [0, 0]
	sebastian.florek@ts.fujitsu.com Sebastian Florek: [18, 0]
	rmocius@gmail.com Rimantas Mocevicius: [0, 0]
	bdobrelia@mirantis.com Bogdan Dobrelya: [0, 0]
	mmosesohn@mirantis.com Matthew Mosesohn: [0, 0]
	scott@unitedcreations.com scotty: [0, 0]
	stevepe@google.com steveperry-53: [11780, 0]
	ankurz@google.com ankurshukla: [0, 0]
	aaprindle@gmail.com Aaron Prindle: [0, 0]
	balaji.warft@gmail.com Balaji Subramaniam: [0, 0]
documentation 151448 5634
	jchaloup@redhat.com Jan Chaloupka: [3, 3]
	brandon@ifup.org Brandon Philips: [0, 0]
	adnan@bitnami.com Adnan Abdulhussein: [56, 0]
	migmartri@gmail.com Miguel Ángel Martínez Triviño: [32, 0]
	viglesias@google.com Vic Iglesias: [76, 13]
	foxish@users.noreply.github.com Anirudh Ramanathan: [13, 0]
	xuchao@google.com Chao Xu: [15, 0]
	deads@redhat.com deads2k: [32132, 1]
	errordeveloper@gmail.com Ilya Dmitrichenko: [0, 0]
	thockin@google.com Tim Hockin: [1, 0]
	jliggitt@redhat.com Jordan Liggitt: [1, 0]
	jay@apache.org jayunit100: [1, 0]
	vishh@users.noreply.github.com Vish Kannan: [8, 8]
	vishnuk@google.com Vishnu kannan: [8, 0]
	bryk@google.com Piotr Bryk: [446, 317]
	mml@google.com Matt Liggett: [0, 0]
	dims@linux.vnet.ibm.com Davanum Srinivas: [1, 0]
	wojtekt@google.com Wojciech Tyczynski: [2, 0]
	aledbf@gmail.com Manuel de Brito Fontes: [108, 12]
	qlee@google.com Quintin Lee: [3, 2]
	kay.diam@gmail.com kayrus: [4, 4]
	jwhitlock@apache.org Jeremy Whitlock: [14, 0]
	mtaufen@google.com Michael Taufen: [1, 0]
	zhoufang@google.com Zhou Fang: [42, 22]
	shane@node.mu Vy-Shane Xie: [2, 0]
	hongchaodeng1@gmail.com Hongchao Deng: [1, 0]
	mkumatag@in.ibm.com Manjunath A Kumatagi: [15, 0]
	hitchmanr@gmail.com Ryan Hitchman: [83, 50]
	ccoleman@redhat.com Clayton Coleman: [0, 0]
	batikanu@yahoo.com Batikan Urcan: [538, 3]
	sebastian.florek@ts.fujitsu.com Sebastian Florek: [150, 68]
	maciaszczykm@users.noreply.github.com Marcin Maciaszczyk: [59, 87]
	pdabkowski@google.com Piotr Dabkowski: [283, 182]
	denis.poisson@ts.fujitsu.com Denis Poisson: [232, 0]
	grosskur@google.com Alan Grosskurth: [1, 0]
	pweil@redhat.com pweil-: [2, 0]
	zml@google.com Zach Loafman: [4, 0]
	luxas@users.noreply.github.com Lucas Käldström: [1, 0]
	taotaotheripper@gmail.com Random-Liu: [2, 0]
	euan.kemp@coreos.com Euan Kemp: [16, 0]
	mfojtik@redhat.com Michal Fojtik: [1, 0]
	mkargaki@redhat.com Michail Kargakis: [0, 0]
	jvallejo@redhat.com juanvallejo: [1, 0]
	decarr@redhat.com derekwaynecarr: [1, 0]
	vmik@google.com Mik Vyatskov: [3, 3]
	nikhiljindal@google.com nikhiljindal: [92617, 4541]
	eli@mirantis.com Evgeny L: [11, 1]
	yjhong@google.com Yu-Ju Hong: [1, 0]
	aanm90@gmail.com André Martins: [1, 1]
	yashulyak@gmail.com Dmitry Shulyak: [1, 0]
	maisem@google.com Maisem Ali: [1, 0]
	chiachenk@google.com Janet Kuo: [1, 0]
	bryan@weave.works Bryan Boreham: [2, 0]
	scott@unitedcreations.com scotty: [785, 92]
	stevepe@google.com steveperry-53: [23657, 220]
	jeffmendoza@google.com Jeff Mendoza: [6, 4]
	ankurz@google.com ankurshukla: [3, 0]
ui 1 1
	bryk@google.com Piotr Bryk: [1, 1]
build 10834 1138
	jchaloup@redhat.com Jan Chaloupka: [1, 7]
	dan.gillespie@coreos.com Dan Gillespie: [23, 11]
	aaronjlevy@gmail.com Aaron Levy: [17, 18]
	eric.chiang.m@gmail.com Eric Chiang: [3, 9]
	foxish@users.noreply.github.com Anirudh Ramanathan: [40, 0]
	travis.cline@gmail.com Travis Cline: [0, 0]
	xuchao@google.com Chao Xu: [59, 0]
	deads@redhat.com deads2k: [7000, 0]
	errordeveloper@gmail.com Ilya Dmitrichenko: [20, 13]
	mehdy@google.com mbohlool: [114, 13]
	thockin@google.com Tim Hockin: [290, 84]
	pmorie@redhat.com Paul Morie: [1, 0]
	spxtr@google.com Joe Finney: [99, 80]
	vishh@users.noreply.github.com Vish Kannan: [2, 2]
	vishnuk@google.com Vishnu kannan: [9, 8]
	wojtekt@google.com Wojciech Tyczynski: [7, 6]
	mikedanese@google.com Mike Danese: [30, 4]
	joe.github@bedafamily.com Joe Beda: [1, 1]
	aledbf@gmail.com Manuel de Brito Fontes: [3, 3]
	beeps@google.com bprashanth: [1, 1]
	qlee@google.com Quintin Lee: [4, 4]
	apelisse@google.com Antoine Pelisse: [58, 2]
	zihongz@google.com MrHohn: [165, 78]
	mtaufen@google.com Michael Taufen: [13, 13]
	zhoufang@google.com Zhou Fang: [1, 1]
	alvaro@gnu.org Alvaro Lopez Ortega: [2, 2]
	mrunalp@gmail.com Mrunal Patel: [21, 9]
	runcom@users.noreply.github.com Antonio Murdaca: [121, 37]
	dwalsh@redhat.com Dan Walsh: [26, 4]
	ccoleman@redhat.com Clayton Coleman: [142, 2]
	shivania@vmware.com Abrar Shivani: [146, 1]
	mawong@redhat.com Matthew Wong: [160, 0]
	crazykev@zju.edu.cn HaoZhang: [12, 0]
	pszczesniak@google.com Piotr Szczesniak: [4, 4]
	magorzata@google.com mksalawa: [1, 1]
	mbutcher@engineyard.com Matt Butcher: [2, 2]
	adamreese@users.noreply.github.com Adam Reese: [7, 6]
	vaikas-google@users.noreply.github.com Ville Aikas: [2, 2]
	jgrafton@google.com Jeff Grafton: [6, 6]
	justin@fathomdb.com Justin Santa Barbara: [108, 93]
	zml@google.com Zach Loafman: [68, 38]
	luxas@users.noreply.github.com Lucas Käldström: [9, 74]
	fab.reinartz@gmail.com Fabian Reinartz: [26, 0]
	euan.kemp@coreos.com Euan Kemp: [1571, 377]
	gus@inodes.org Angus Lees: [6, 1]
	mixia@google.com Minhan Xia: [9, 6]
	dj199008@gmail.com m1093782566: [3, 4]
	eli@mirantis.com Evgeny L: [4, 1]
	gmarek@google.com gmarek: [20, 4]
	fabioy@google.com Fabio Yeon: [6, 7]
	yancey1989@gmail.com Yancey1989: [2, 2]
	dgoodwin@redhat.com Devan Goodwin: [62, 39]
	adityakali@google.com Aditya Kali: [8, 0]
	bryan@weave.works Bryan Boreham: [5, 1]
	gkalele@google.com Girish Kalele: [102, 0]
	cole.mickens@gmail.com Cole Mickens: [13, 12]
	ahmetalpbalkan@gmail.com Ahmet Alp Balkan: [1, 1]
	david.calavera@gmail.com David Calavera: [15, 0]
	sur@coreos.com Sergiusz Urbaniak: [74, 5]
	bison@coreos.com Brad Ison: [44, 1]
	aprindle@google.com aprindle: [14, 10]
	m@rickard.email Matt Rickard: [2, 2]
	lorenc.d@gmail.com Dan Lorenc: [5, 4]
	dlorenc@google.com dlorenc: [2, 2]
	aaprindle@gmail.com Aaron Prindle: [20, 2]
	balaji.warft@gmail.com Balaji Subramaniam: [5, 4]
	fejta@google.com Erick Fejta: [17, 14]
devel-doc 23011 12864
code 65941 4590
package 0 0
unknown 433652 560003
image 12882 4
documentation 151448 5634
ui 1 1
build 10834 1138
