Filter on "^vendor/|/vendor/"
open output file /Users/lukasz/dev/cncf/gitdm/other_repos/all_kubernetes_range_unknown_2017-01-01_2017-02-01.csv

WARNING: duplicate email/empl for pekowski@gmail.com
WARNING: duplicate email/empl for thingee@gmail.com
WARNING: duplicate email/empl for t.trifonov@gmail.com
WARNING: duplicate email/empl for lyz@princessleia.com
WARNING: duplicate email/empl for robertc@robertcollins.net
WARNING: duplicate email/empl for clint@fewbar.com
WARNING: duplicate email/empl for andrew@linuxjedi.co.uk
WARNING: duplicate email/empl for duncan.thomas@gmail.com
WARNING: duplicate email/empl for kiall@managedit.ie
WARNING: duplicate email/empl for devananda.vdv@gmail.com
WARNING: duplicate email/empl for zaro0508@gmail.com
WARNING: duplicate email/empl for shrewsbury.dave@gmail.com
WARNING: duplicate email/empl for j3p0uk@hotmail.com
WARNING: duplicate email/empl for me@mark.atwood.name
WARNING: duplicate email/empl for slicknik@gmail.com
WARNING: duplicate email/empl for cmsj@tenshu.net
WARNING: duplicate email/empl for anteaya@anteaya.info
WARNING: duplicate email/empl for greg@greghaynes.net
WARNING: duplicate email/empl for matt@mattfarina.com
WARNING: duplicate email/empl for jp@jamezpolley.com
WARNING: duplicate email/empl for steven@wedontsleep.org
WARNING: duplicate email/empl for gleebix@gmail.com
WARNING: duplicate email/empl for code@gentlydownthe.net
WARNING: duplicate email/empl for morgan.fainberg@gmail.com
WARNING: duplicate email/empl for jeblair@hp.com
WARNING: duplicate email/empl for juliaashleykreger@gmail.com
WARNING: duplicate email/empl for stephane@alum.mit.edu
WARNING: duplicate email/empl for kragniz@gmail.com
WARNING: duplicate email/empl for wchrisjohnson@gmail.com
WARNING: duplicate email/empl for daisy.ycguo@gmail.com
WARNING: duplicate email/empl for mordred@inaugust.com
WARNING: duplicate email/empl for zxkuqyb@gmail.com
WARNING: duplicate email/empl for amigliaccio@internap.com
WARNING: duplicate email/empl for yorik.sar@gmail.com
WARNING: duplicate email/empl for e0ne@e0ne.info
WARNING: duplicate email/empl for gabriel@strikeawe.com
WARNING: duplicate email/empl for heckj@mac.com
WARNING: duplicate email/empl for ke.wu@ibeca.me
WARNING: duplicate email/empl for rushi.agr@gmail.com
WARNING: duplicate email/empl for salv.orlando@gmail.com
WARNING: duplicate email/empl for tushar.vitthal.patil@gmail.com
WARNING: duplicate email/empl for jmckenty@gmail.com
WARNING: duplicate email/empl for anne@openstack.org
WARNING: duplicate email/empl for breu@breu.org
WARNING: duplicate email/empl for cbehrens@codestud.com
WARNING: duplicate email/empl for clay.gerrard@gmail.com
WARNING: duplicate email/empl for corywright@gmail.com
WARNING: duplicate email/empl for cp16net@gmail.com
WARNING: duplicate email/empl for cthier@gmail.com
WARNING: duplicate email/empl for darren.birkett@gmail.com
WARNING: duplicate email/empl for dolph.mathews@gmail.com
WARNING: duplicate email/empl for ed@leafe.com
WARNING: duplicate email/empl for github@highbridgellc.com
WARNING: duplicate email/empl for greglange@gmail.com
WARNING: duplicate email/empl for hugh@wherenow.org
WARNING: duplicate email/empl for imsplitbit@gmail.com
WARNING: duplicate email/empl for jason@koelker.net
WARNING: duplicate email/empl for jcruz7@gmail.com
WARNING: duplicate email/empl for josh@jk0.org
WARNING: duplicate email/empl for mattt@defunct.ca
WARNING: duplicate email/empl for mbasnight@gmail.com
WARNING: duplicate email/empl for mike@weirdlooking.com
WARNING: duplicate email/empl for msherborne@gmail.com
WARNING: duplicate email/empl for naveedm9@gmail.com
WARNING: duplicate email/empl for paul@openstack.org
WARNING: duplicate email/empl for rnirmal@gmail.com
WARNING: duplicate email/empl for rconradharris@gmail.com
WARNING: duplicate email/empl for thierry@openstack.org
WARNING: duplicate email/empl for throughnothing@gmail.com
WARNING: duplicate email/empl for yoga80@yahoo.com
WARNING: duplicate email/empl for mark.washenberger@markwash.net
WARNING: duplicate email/empl for p@draigbrady.com
WARNING: duplicate email/empl for zaitcev@kotori.zaitcev.us
WARNING: duplicate email/empl for julie.pichon@gmail.com
WARNING: duplicate email/empl for ghe@debian.org
WARNING: duplicate email/empl for sorrison@gmail.com
yarntime@163.com is an author name, probably not what you want
unknown@hacker.net Unknown hacker
liamwhite@uk.ibm.com Liam White
	unknown [344, 40]
	devel-doc [2, 0]
m@moscar.net Mikkel Oscar Lyderik Larsen
	unknown [9, 9]
wojtekt@google.com Wojciech Tyczynski
	unknown [1637, 190]
	devel-doc [87, 14]
	code [334, 526]
	build [3, 1]
stefan.schimanski@gmail.com Dr. Stefan Schimanski
	unknown [24013, 4535]
	devel-doc [2522, 2722]
	code [332, 55]
mehdy@google.com mbohlool
	unknown [11772, 5647]
	devel-doc [62, 2]
	code [20154, 17695]
jliggitt@redhat.com Jordan Liggitt
	unknown [5412, 1470]
	devel-doc [230, 14]
	code [184, 51]
	build [101, 37]
	documentation [6, 4]
deads@redhat.com deads2k
	unknown [115258, 88372]
	devel-doc [7519, 9983]
	code [427, 157]
	documentation [49, 22]
mkhan@redhat.com Monis Khan
	unknown [10, 0]
dbsmith@google.com Daniel Smith
	unknown [357, 228]
wangzefeng@huawei.com Kevin
	unknown [621, 240]
ccoleman@redhat.com Clayton Coleman
	code [19, 4]
	unknown [15869, 12117]
	devel-doc [359, 239]
	documentation [0, 0]
lukasz.szaszkiewicz@gmail.com p0lyn0mial
	unknown [302, 132]
	documentation [0, 0]
apelisse@google.com Antoine Pelisse
	unknown [385, 268]
nikhiljindal@google.com nikhiljindal
	unknown [32, 106]
	devel-doc [0, 1]
	code [2, 2]
grod@google.com Garrett Rodrigues
	unknown [421, 199]
	devel-doc [14, 0]
pires@apprenda.com Paulo Pires
	unknown [559, 707]
	devel-doc [3, 7]
	documentation [1, 0]
zhouhaibing089@gmail.com zhouhaibing089
	unknown [160, 43]
	devel-doc [5, 1]
oatamanenko@eastbanctech.com Oleg Atamanenko
	unknown [2320, 4]
	devel-doc [2, 0]
	code [1, 1]
mwielgus@google.com Marcin Wielgus
	unknown [4015, 1993]
	documentation [5, 0]
andrew@wattpad.com andrewsykim
	unknown [24, 26]
	devel-doc [128, 12]
jgrafton@google.com Jeff Grafton
	unknown [769, 697]
	devel-doc [15312, 81]
	code [167, 80]
	ui [4, 0]
	build [130, 116]
me@quentin-machu.fr Quentin Machu
	unknown [414, 78]
	code [80, 37]
brandon@ifup.org Brandon Philips
	unknown [98, 52]
	devel-doc [1, 1]
aaronjlevy@gmail.com Aaron Levy
	unknown [178, 81]
	code [6, 1]
	build [2, 2]
hongchaodeng1@gmail.com Hongchao Deng
	unknown [82, 52]
	build [7, 0]
norlund@gmail.com jmn
	unknown [1, 1]
justin@fathomdb.com Justin Santa Barbara
	unknown [7892, 2993]
	devel-doc [122, 5]
	code [73, 10]
	build [40, 38]
mgoodness@gmail.com Michael Goodness
	unknown [158, 5]
	devel-doc [73, 0]
	documentation [27, 0]
javishi@gmail.com Ravi Mehra
	unknown [13, 1]
	devel-doc [2, 0]
	build [1, 1]
git@amanda.darkdna.net Amanda Cameron
	unknown [576, 291]
	devel-doc [41, 39]
	documentation [39, 30]
adnan@prydoni.us Adnan Abdulhussein
	code [2, 2]
	unknown [88, 74]
	devel-doc [9, 9]
	documentation [6, 7]
viglesias@google.com Vic Iglesias
	unknown [2052, 2]
	devel-doc [35, 0]
	code [171, 13]
	documentation [10, 0]
unguiculus@gmail.com Reinhard Nägele
	unknown [13, 77]
sameer@damagehead.com Sameer Naik
	unknown [1515, 22]
	devel-doc [518, 32]
	documentation [166, 0]
frodenas@gmail.com Ferran Rodenas
	unknown [1698, 26]
	devel-doc [433, 20]
	documentation [42, 0]
github@owenbarton.com Owen Barton
	unknown [11, 7]
dannydavidson@users.noreply.github.com Danny Davidson
	unknown [6, 1]
	devel-doc [15, 12]
andresbonojimenez@gmail.com Andrés Bono
	unknown [30, 30]
juan_ariza_cordoba@hotmail.com Juan Ariza Toledano
	unknown [9, 9]
henning@jacobs1.de Henning Jacobs
	unknown [111, 0]
	devel-doc [31, 0]
	documentation [11, 0]
oyvind.overgaard@gmail.com Øyvind Ingebrigtsen Øvergaard
	unknown [2, 2]
gediminas.sedbaras@gmail.com Gediminas Šedbaras
	unknown [14, 9]
shanestarcher@gmail.com Shane Starcher
	code [2, 1]
	unknown [48, 46]
	devel-doc [5, 1]
	documentation [2, 2]
lachie83@users.noreply.github.com Lachlan Evenson
	unknown [11, 11]
alexdwanerobinson@gmail.com Alex Robinson
	unknown [46, 13]
	devel-doc [13, 14]
	documentation [0, 0]
seanknox@users.noreply.github.com Sean Knox
	unknown [179, 0]
	devel-doc [73, 0]
	documentation [23, 0]
	image [0, 0]
kpishdadian@gmail.com Keyan Pishdadian
	unknown [3, 0]
	devel-doc [13, 12]
tompizmor@users.noreply.github.com tompizmor
	unknown [4, 4]
linki@users.noreply.github.com Martin Linkhorst
	unknown [67, 0]
	devel-doc [49, 0]
	documentation [9, 0]
jack.zampolin@gmail.com Jack Zampolin
	unknown [146, 72]
nitisht@users.noreply.github.com Nitish Tiwari
	unknown [181, 24]
	devel-doc [71, 31]
	documentation [30, 6]
john@zenzic.com John Felten
	unknown [250, 0]
	devel-doc [51, 0]
	documentation [20, 0]
icereval@gmail.com Michael Haselton
	unknown [111, 0]
	devel-doc [71, 0]
	documentation [11, 0]
jesse@thefortytwo.net Jesse Dubay
	unknown [8, 1]
admin.sa@gmail.com Sergey Melnik
	code [6, 3]
chi.lucas@gmail.com Lucas Chi
	unknown [3, 3]
dserodio@users.noreply.github.com Daniel Serodio
	unknown [30, 18]
krancour@users.noreply.github.com Kent Rancourt
	unknown [1103, 1068]
	devel-doc [51, 3]
	code [15, 16]
	build [88, 129]
	documentation [0, 0]
dims@linux.vnet.ibm.com Davanum Srinivas
	unknown [4803, 18]
	devel-doc [16, 0]
	code [790, 179]
	build [46, 11]
	documentation [8, 2]
avesh.ncsu@gmail.com Avesh Agarwal
	unknown [3, 1]
torinsandall@gmail.com Torin Sandall
	unknown [371, 0]
	devel-doc [2, 2]
acidburn@google.com Jess Frazelle
	unknown [918, 68]
	devel-doc [214, 151]
	code [59, 16]
enisoc@google.com Anthony Yeh
	unknown [405, 87]
	devel-doc [394, 94]
	code [11, 5]
hekumar@redhat.com Hemant Kumar
	unknown [277, 46]
	devel-doc [4, 1]
pwittroc@google.com Phillip Wittrock
	devel-doc [4042, 1]
	code [63779, 1652]
	unknown [54592, 124679]
	image [3247, 0]
	documentation [52196, 11824]
	ui [199, 0]
	build [84, 3]
mml@users.noreply.github.com Matt Liggett
	unknown [6, 12]
	code [1, 1]
sarah.novotny@gmail.com sarahnovotny
tomasz@napierala.org Tomasz Napierala
	unknown [5, 4]
	devel-doc [22, 1]
foxish@users.noreply.github.com Anirudh Ramanathan
	devel-doc [26, 3]
ramanathana@google.com Anirudh
	devel-doc [6, 277]
	code [0, 25879]
	unknown [279, 22520]
	image [0, 0]
	documentation [0, 825]
	build [0, 144]
pszczesniak@google.com Piotr Szczesniak
	code [8, 17]
	unknown [136, 2641]
	devel-doc [20, 25]
	documentation [0, 0]
	build [2, 2]
dashpole@google.com David Ashpole
	unknown [570, 274]
	devel-doc [80499, 79622]
michmike@users.noreply.github.com Michael Michael
	devel-doc [4, 4]
mbauer@us.ibm.com Morgan Bauer
	unknown [1000, 70]
	build [3, 3]
msau@google.com Michelle Au
	unknown [264, 231]
spiffxp@gmail.com Aaron Crickenberger
vishnuk@google.com Vishnu Kannan
	unknown [542, 160]
	devel-doc [54, 54]
	code [2, 2]
minhan.xia@gmail.com Minhan Xia
	unknown [1199, 184]
	devel-doc [46, 3]
	documentation [1, 0]
sgordon@redhat.com Stephen Gordon
	devel-doc [6, 2]
matt@mattfarina.com Matt Farina
	unknown [7, 8]
dmcquay@apprenda.com Derek McQuay
	unknown [117, 21]
dawnchen@google.com Dawn Chen
	unknown [128, 412]
	devel-doc [244, 0]
grodrigues3@users.noreply.github.com grodrigues3
	unknown [10, 72]
	devel-doc [1, 0]
jpeeler@redhat.com Jeff Peeler
	unknown [10651, 169]
	code [157, 0]
	build [15, 3]
chiachenk@google.com Janet Kuo
	unknown [574, 212]
	devel-doc [1, 0]
	code [65, 25]
	documentation [4, 1571]
bgrant0607@users.noreply.github.com Brian Grant
	unknown [126, 81]
	devel-doc [31, 7]
jsafrane@redhat.com Jan Safranek
	unknown [393, 230]
	devel-doc [29, 26]
saadali@google.com Saad Ali
	unknown [252, 249]
	devel-doc [170, 83]
verb@google.com Lee Verberne
	unknown [112, 97]
	code [0, 1]
ihor.dvoretskyi@gmail.com Ihor Dvoretskyi
	unknown [19, 0]
	devel-doc [3, 16]
kris@nivenly.com Kris Nova
	unknown [667, 335]
	devel-doc [5, 18]
caseydavenport@users.noreply.github.com Casey Davenport
	devel-doc [1, 1]
vishh@users.noreply.github.com Vish Kannan
contact@tmrts.com Tamer Tas
	unknown [1, 1]
pigmej@gmail.com Jędrzej Nowak
michal@kinvolk.io Michal Rostecki
calebamiles@users.noreply.github.com caleb miles
	unknown [6, 111]
	devel-doc [1, 1]
mrubin@google.com Michael Rubin
	devel-doc [2, 2]
clove@cnmconsulting.net Chris Love
	unknown [472, 142]
	devel-doc [5, 9]
	code [30, 8]
	documentation [4, 2]
decarr@redhat.com Derek Carr
	unknown [407, 28]
	devel-doc [15, 2]
li.xialong@zte.com.cn xialonglee
	unknown [41, 35]
	devel-doc [4, 4]
	code [1, 1]
heckj@mac.com Joe Heck
	devel-doc [2, 2]
czahedi@google.com Cameron Zahedi
	unknown [39, 0]
tan.shanshan@zte.com.cn tanshanshan
	unknown [148, 6]
	devel-doc [1, 0]
vsemushi@redhat.com Slava Semushin
	unknown [18, 21]
	code [2, 3]
k82cn@icloud.com Klaus Ma
	code [2, 2]
	unknown [487, 216]
	documentation [0, 0]
galexrt@googlemail.com Alexander Trost
	unknown [314, 201]
	devel-doc [2, 0]
	code [17, 7]
beeps@google.com Prashanth B
	unknown [885, 31]
	devel-doc [466, 14]
	code [223, 0]
	build [77, 3]
shyamjvs@google.com Shyam JVS
	devel-doc [21, 16947]
	code [1154, 1426]
	package [0, 0]
	unknown [7377, 638675]
	image [0, 0]
	documentation [1105, 7604]
	build [31, 320]
vmik@google.com Mik Vyatskov
	unknown [588, 411]
	image [0, 0]
	code [0, 6]
	build [15, 46]
	devel-doc [0, 12]
aledbf@gmail.com Manuel de Brito Fontes
	unknown [1290, 577]
	devel-doc [91, 4]
	code [2, 2]
	build [2, 2]
	documentation [36, 11]
comp_@gmx.net Ion Savin
	unknown [6, 1]
	documentation [1, 0]
warmchang@outlook.com William Chang
	devel-doc [1, 1]
senlu@google.com krzyzacy
	unknown [4063, 410]
	devel-doc [26, 10]
	code [703, 11556]
	build [26, 3]
dminkovsky@gmail.com Dmitry Minkovsky
	unknown [2, 2]
chenjg@harmonycloud.cn fate-grand-order
	unknown [32, 19]
mikedanese@gmail.com Mike Danese
	unknown [2443, 746]
	devel-doc [1202, 59]
	code [55, 2]
	build [33, 2]
	documentation [1, 0]
spxtr@google.com Joe Finney
	devel-doc [1690, 27]
	code [359, 109]
	unknown [3679, 1379]
	documentation [2, 2]
	ui [6, 0]
	build [76, 56]
jayme-github@users.noreply.github.com jayme-github
meybohm@traum-ferienwohnungen.de Janis Meybohm
	unknown [1, 0]
	code [2, 1]
at28997146@163.com Tang Le
	unknown [17, 11]
	devel-doc [6, 3]
ekuefler@gmail.com Erik Kuefler
	devel-doc [1, 0]
jbrooks@redhat.com Jason Brooks
	unknown [24, 1]
	devel-doc [0, 4]
zml@google.com Zach Loafman
	unknown [301, 246]
	code [192, 102]
	build [45, 46]
jchaloup@redhat.com Jan Chaloupka
	build [1, 0]
asarai@suse.de Aleksa Sarai
	unknown [6, 3]
	build [7, 8]
jacek.lakis@intel.com Jacek J. Łakis
	unknown [113, 4]
	devel-doc [8, 0]
mrunalp@gmail.com Mrunal Patel
	unknown [416, 14]
	code [0, 248]
	build [14, 34]
nalin@redhat.com Nalin Dahyabhai
	unknown [238, 13]
	code [2, 1]
	build [32, 18]
runcom@redhat.com Antonio Murdaca
	unknown [145, 17]
	code [17, 186]
	build [12, 1]
sameo@linux.intel.com Samuel Ortiz
	unknown [81, 12]
	devel-doc [32, 9]
	code [79, 33]
dwalsh@redhat.com Daniel J Walsh
	unknown [8, 2]
	devel-doc [5, 0]
yjhong@google.com Yu-Ju Hong
	unknown [17344, 788]
	devel-doc [63, 16]
	code [14, 5]
rchopra@redhat.com Rajat Chopra
	unknown [13, 7]
	devel-doc [0, 0]
	code [0, 1]
jawnsy@redhat.com Jonathan Yu
	unknown [69, 69]
	code [6, 6]
	build [57, 42]
brownwm@us.ibm.com Mike Brown
	build [3, 1]
feiskyer@users.noreply.github.com Pengfei Ni
	unknown [2085, 2978]
	devel-doc [0, 1]
	code [4, 4]
	documentation [8, 9]
xlgao@zju.edu.cn Xianglin Gao
	unknown [189, 437]
	code [2, 5]
ianlewis@google.com Ian Lewis
	unknown [272, 362]
	devel-doc [3, 28]
	code [2, 3]
	documentation [15, 2]
steffen.hanikel@gmail.com Steffen Hanikel
	unknown [3, 1]
liuhgxa@gmail.com Hougang Liu
	unknown [94, 59]
mlamina09@gmail.com Marco Lamina
	unknown [104, 0]
	image [0, 0]
rob@rob-franken.nl Rob Franken
	unknown [8, 8]
	code [1, 1]
tktk.stereoman@gmail.com tktk
	unknown [1, 1]
sesispla@outlook.com Sergio Sisternes
	unknown [148, 0]
cmluciano@us.ibm.com Christopher M. Luciano
	code [1, 1]
bowei.du@gmail.com Bowei Du
	unknown [2937, 3341]
	devel-doc [33, 664]
	code [305, 21]
	build [61, 98]
ben.corlett@gmail.com Ben Corlett
	unknown [45, 0]
zihongz@google.com Zihong Zheng
	unknown [28, 15]
	devel-doc [6, 0]
	code [17, 0]
	build [6, 4]
rdmello@us.ibm.com Ryan D'Mello
	build [4, 0]
jbelamaric@infoblox.com John Belamaric
	unknown [1, 1]
ghe@debian.org Ghe Rivero
	unknown [2, 2]
	build [5, 0]
sadlil@appscode.com sadlil
	unknown [299, 62]
	code [3, 3]
	build [3, 3]
saratk@gmail.com Sarat Kamisetty
	unknown [222, 72]
mtaufen@google.com Michael Taufen
	code [3, 3]
	unknown [278, 242]
	devel-doc [1, 0]
	documentation [0, 3]
	build [6, 6]
ancosen@gmail.com Andrea Cosentino
	unknown [46, 112]
	devel-doc [204, 232]
hchen@redhat.com Huamin Chen
	unknown [24, 8]
	devel-doc [4, 4]
sjenning@redhat.com Seth Jennings
	unknown [8, 4]
	devel-doc [6, 6]
mkargaki@redhat.com Michail Kargakis
	unknown [679, 393]
	devel-doc [1, 2]
	code [3, 3]
xiangfeiz@vmware.com Xiangfei Zhu
	unknown [10, 10]
	devel-doc [4, 4]
oguzp@microsoft.com Oguz Pastirmaci
	unknown [60, 0]
	devel-doc [122, 0]
	image [0, 0]
hchiramm@redhat.com Humble Chirammal
	unknown [177, 33]
	devel-doc [25, 0]
diparfitt@gmail.com Dave Parfitt
	devel-doc [22, 0]
wongma7@users.noreply.github.com Matthew Wong
	unknown [5735, 541]
	devel-doc [718, 16]
	code [172, 42]
	build [4, 4]
pramod@us.ibm.com Nagapramod Mandagere
	unknown [166, 52]
gavrie@philipson.co.il Gavrie Philipson
	unknown [60, 78]
	build [4, 2]
21521209@zju.edu.cn heartlock
	unknown [390, 30]
	devel-doc [37, 0]
harryz@hyper.sh Harry Zhang
	unknown [390, 332]
	devel-doc [9, 9]
	code [3, 3]
yaozengzeng@zju.edu.cn YaoZengzeng
	unknown [631, 5]
crazykev@harmonycloud.cn Crazykev
	unknown [1, 1]
thockin@google.com Tim Hockin
	unknown [1155, 276]
	code [119, 92]
development@stp-ip.net Michael Grosser
yerken.tussupbekov@zalando.de ideahitme
	unknown [9, 1]
	code [0, 25]
	build [0, 4]
aleksandram@google.com Aleksandra Malinowska
	unknown [389, 147]
	devel-doc [1, 38]
sross@redhat.com Solly Ross
	unknown [1165, 3491]
	devel-doc [11, 4]
evan.pease@gmail.com Evan Pease
	unknown [239, 68]
jsoriano@tuenti.com Jaime Soriano Pastor
	unknown [5, 4]
10138035@zte.com.cn tianshapjq
	unknown [22, 32]
aaron@roydhouse.com Aaron Roydhouse
	unknown [19, 23]
corbin.math@gmail.com Mathieu Corbin
	unknown [1, 2]
lucas.kaldstrom@hotmail.co.uk Lucas Käldström
	unknown [1856, 1619]
	devel-doc [264, 67]
	code [45, 591]
	build [291, 198]
ashley@victorianfox.com Ashley Reese
	unknown [25, 13]
gocek13@gmail.com Jakub Gocławski
	unknown [2, 2]
kcmastrpc@gmail.com Kevin Crawley
	unknown [5, 1]
ricardo.katz@serpro.gov.br Ricardo Pchevuzinske Katz
	unknown [37, 13]
	documentation [5, 1]
zhanglingwei@jd.com gadaigadai
	unknown [1, 1]
mfisher@deis.com Matthew Fisher
	unknown [41, 14]
	devel-doc [10, 1]
technosophos@gmail.com Matt Butcher
	unknown [642, 193]
	devel-doc [27, 16]
michelle@deis.com Michelle Noorali
	unknown [1616, 617]
vaughn@deis.com Vaughn Dice
	unknown [117, 46]
adamreese@users.noreply.github.com Adam Reese
	unknown [292, 213]
	devel-doc [26, 12]
	build [1, 2]
thomastaylor312@gmail.com Taylor Thomas
	unknown [420, 119]
	devel-doc [12, 1]
mkumatag@in.ibm.com Manjunath A Kumatagi
	unknown [2, 1]
	build [1, 1]
gosharplite@gmail.com Tony Hsu
	unknown [12, 13]
joseph.zhoutao@huawei.com z00358552
	unknown [11, 8]
admin@toph.ca Christoph Blecker
	code [3, 3]
	unknown [447, 404]
	documentation [475, 154]
github@armesto.net José Armesto
	unknown [2, 2]
cmpauley@gmail.com Christopher Pauley
	unknown [6, 6]
agalitsyn@users.noreply.github.com Anton Galitsyn
	unknown [244, 229]
maciej.iai@gmail.com Maciej Kwiek
	unknown [240, 52]
	devel-doc [1, 59]
	documentation [6, 0]
morten.lied.johansen@finn.no Morten Lied Johansen
	unknown [13, 2]
	devel-doc [37, 1]
chen.tao3@zte.com.cn chentao1596
	unknown [1225, 83]
tonyli.lives@gmail.com Tony Li
	unknown [2, 2]
justin.ryan@nytimes.com Justin Ryan
	devel-doc [1, 1]
pedrosland@gmail.com Peter Sutherland
	unknown [160, 143]
cai.yixiang@zte.com.cn caiyixiang
	unknown [9, 9]
gianrubio@gmail.com Giancarlo Rubio
	unknown [11, 1]
m.cola@tlrg.com.au Mark Cola
	documentation [1, 1]
euank@euank.com Euan Kemp
	unknown [216, 455]
	build [39, 16]
xrlange@gmail.com Xavier Lange
	unknown [5, 3]
galthaus@austin.rr.com Greg Althaus
	unknown [153, 44]
	code [9, 5]
ablock84@gmail.com Alexander Block
	unknown [493, 90]
	devel-doc [2, 1]
	build [3, 0]
deathbeforedishes@gmail.com Josh Conant
	unknown [1063, 2]
adidenko@mirantis.com Aleksandr Didenko
	unknown [41, 60]
bradley.beam@emc.com Brad Beam
	unknown [577, 180]
	code [4, 306]
	build [1, 0]
sgolovatiuk@mirantis.com Sergii Golovatiuk
	unknown [56, 31]
mmosesohn@mirantis.com Matthew Mosesohn
	unknown [95, 102]
	code [87, 10]
	build [1, 1]
	documentation [1, 1]
bogdando@mail.ru Bogdan Dobrelya
	unknown [453, 288]
	devel-doc [47, 45]
	code [15, 0]
	build [1, 753]
apanchenko@mirantis.com Artem Panchenko
	unknown [2, 2]
antoine.legrand@coreos.com Antoine Legrand
tbritten@us.ibm.com Tyler Britten
	unknown [2, 2]
ja.lauricella@gmail.com neith00
	unknown [1, 1]
sean@coreitpro.com Sean M. Collins
	unknown [2, 166]
	devel-doc [1, 1]
	code [10, 2]
dak@batix.com David Kirstein
	unknown [1, 1]
	build [1, 0]
crodetsky@gmail.com crodetsky
	unknown [8, 5]
robertspencersmith@gmail.com Spencer Smith
	unknown [0, 4]
smainklh@gmail.com Smaine Kahlouch
michal.zylowski@intel.com Michał Żyłowski
	unknown [47, 0]
	devel-doc [1, 1]
shubham@linux.com Shubham Minglani
	unknown [333, 230]
tomas.kral@gmail.com Tomas Kral
	unknown [333, 435]
	devel-doc [0, 19]
	code [35, 61]
	build [75, 36]
charlie@charliedrage.com Charlie Drage
	unknown [720, 86]
	devel-doc [153, 11]
	code [54, 42]
	build [1, 1]
abhishek@linux.com Abhishek
	unknown [989, 130]
	code [19, 3]
surajssd009005@gmail.com Suraj Deshmukh
	unknown [6, 8]
	code [32, 26]
ng.tuna@gmail.com Tuna
	unknown [34, 0]
dennis@bluesentryit.com Dennis Webb
	unknown [91, 0]
	devel-doc [27, 0]
robin@trinimbus.com Robin Percy
	unknown [111, 1]
apenney@gmail.com Ashley Penney
	unknown [220, 197]
	devel-doc [99, 61]
kamilhristov@gmail.com Kamil Hristov
	unknown [111, 30]
mshenhera@users.noreply.github.com mshenhera
	unknown [1, 1]
tsupertramp90@gmail.com Thomas Peitz
	unknown [169, 126]
tazjin@gmail.com Vincent Ambo
	unknown [952, 766]
me@roxet.net Jason DeWitt
	unknown [43, 8]
ydradcliffe@gmail.com yissachar
	unknown [22, 0]
theo.ch@mley.fr Théo Chamley
	unknown [213, 0]
eric.hole@gmail.com Eric Hole
	unknown [745, 358]
_@anur.ag Anurag Goel
	unknown [25, 2]
heschlie@gmail.com heschlie
	unknown [253, 150]
snaker@locolandia.net Sergio Ballesteros
	unknown [15, 0]
erin@newmediadenver.com Erin Corson
	unknown [339, 97]
razic@viralkitty.com Zachary Adam Kaplan
	unknown [0, 2]
sjevsejev@gmail.com Sergej Jevsejev
	devel-doc [1, 1]
caarlos0@users.noreply.github.com Carlos Alexandro Becker
	unknown [4, 2]
dev@jakobjarosch.de Jakob Jarosch
	unknown [51, 0]
kjersti.jacobson@gmail.com Kjersti Jacobson
	unknown [25, 27]
blake.barnett@postmates.com Blake
	unknown [96, 26]
yissachar.radcliffe@caseware.com Yissachar Radcliffe
	unknown [111, 173]
olvesh@gmail.com Olve S. Hansen
	unknown [1, 0]
vise890@gmail.com Martino Visintin
	devel-doc [2, 0]
feynman.liang@gmail.com Feynman Liang
	devel-doc [1, 1]
ykuoka@gmail.com Yusuke Kuoka
	unknown [2244, 958]
	devel-doc [71, 3]
	build [1, 1]
eli@iame.li Eli Mallon
	unknown [0, 8]
ivanov.maxim@gmail.com Maxim Ivanov
	unknown [1921, 1457]
sasso@users.noreply.github.com Saso Matejina
	unknown [96, 90]
jordi.miguel@schibsted.com Jordi Miguel
	unknown [183, 315]
camil@edka.io Camil Blanaru
	unknown [3, 0]
jm.carp@gmail.com Joshua Carp
	unknown [7, 6]
andreas.kohn@gmail.com Andreas Kohn
	unknown [10, 9]
	devel-doc [1, 1]
artushin@gmail.com artushin
	unknown [13, 23]
miguel.gil.biraud@ieee.org Miguel Eduardo Gil Biraud
	unknown [1, 0]
helinwang@baidu.com Helin Wang
	unknown [3, 0]
	devel-doc [3, 0]
reiichiro.s.nakano@gmail.com Reiichiro Nakano
	unknown [3, 5]
jgmize@gmail.com Josh Mize
	unknown [15, 1]
fbranczyk@gmail.com Frederic Branczyk
davidoff@qedmf.net Andrew Davidoff
	unknown [778, 239]
	devel-doc [1, 0]
cs006061@gmail.com koudaiii
	unknown [10, 2]
danw@concur.com Wilson, Dan
	unknown [263, 12]
	devel-doc [46, 0]
ryeterrell@ryeterrell.net Rye Terrell
	unknown [105, 238]
	code [436, 748]
	documentation [1, 1]
yuquan.ren@easystack.cn NickrenREN
	unknown [415, 282]
	devel-doc [2, 0]
jaescobar.cell@gmail.com Alejandro Escobar
	unknown [73, 25]
	devel-doc [1, 0]
	code [170, 3]
max@kutsevol.com Maxym Kutsevol
	unknown [383, 91]
	devel-doc [1, 0]
michael.fraenkel@gmail.com Michael Fraenkel
	unknown [2480, 229]
	devel-doc [5, 0]
	documentation [6, 0]
sebastian@loodse.com Sebastian Scheele
	unknown [23, 7]
maszulik@redhat.com Maciej Szulik
	unknown [973, 102]
	devel-doc [0, 1]
	code [7, 2]
sgott@redhat.com Stu Gott
	unknown [172, 0]
	devel-doc [38, 0]
axino@canonical.com axino
	unknown [5, 2]
	code [121, 4]
bburns@google.com Brendan Burns
	unknown [3281, 1568]
	devel-doc [66, 4]
	code [25003, 22]
	translation [2791, 1406]
	documentation [97, 0]
shashidhara.td@huawei.com shashidharatd
	unknown [1160, 663]
	devel-doc [115, 21]
	documentation [3, 0]
taotaotheripper@gmail.com Random-Liu
	unknown [1234, 184]
	devel-doc [37, 0]
	code [29, 3]
	build [138, 20]
dcbw@redhat.com Dan Williams
	unknown [111, 32]
michael.mrowetz@cdnetworks.co.kr Michael Mrowetz
	unknown [12, 1]
	code [7, 2]
	build [1, 0]
csbell@google.com Christian Bell
	unknown [153, 5]
	devel-doc [4, 0]
james@r-vn.org James Ravn
	unknown [18, 14]
gmarek@google.com gmarek
	unknown [1983, 123]
	devel-doc [36, 6]
	documentation [1, 0]
agoldste@redhat.com Andy Goldstein
	unknown [1683, 269]
	devel-doc [88, 344]
	code [43, 2]
	documentation [1, 0]
shiywang@redhat.com shiywang
	unknown [264, 202]
	devel-doc [1, 1]
xingzhou@cn.ibm.com Xing Zhou
	unknown [601, 4]
	devel-doc [4, 0]
	code [17, 0]
divyenp@vmware.com divyenpatel
	unknown [1054, 7]
	devel-doc [15, 6]
	build [1, 1]
kpgriffith@me.com Kevin Griffith
	unknown [56, 206]
	devel-doc [0, 2]
miaol@vmware.com Miao Luo
	unknown [205, 94]
dan.gillespie@coreos.com Dan Gillespie
	unknown [916, 999]
	code [13, 8]
andrewpilloud@igneoussystems.com Andrew Pilloud
	unknown [10, 19]
fejta@google.com Erick Fejta
	unknown [2076, 1202]
	devel-doc [49, 1]
	code [513, 2100]
	ui [3, 0]
dhodovsk@redhat.com Dominika Hodovska
	unknown [219, 176]
jacobsimpson@google.com Jacob Simpson
	unknown [336, 76]
	build [5, 3]
madhusudancs@google.com Madhusudan.C.S
	unknown [334, 55]
	devel-doc [2, 0]
	code [193, 153]
rene.treffer@soundcloud.com Rene Treffer
	unknown [29, 15]
luca.bruno@coreos.com Luca Bruno
	unknown [54, 25]
	code [12, 5]
	build [34, 10]
	documentation [0, 1]
jay@apache.org jayunit100
	unknown [515, 347]
	devel-doc [141, 43]
vladimir.vivien@gmail.com Vladimir Vivien
	unknown [7, 3]
krousey@google.com Kris
	unknown [361, 112]
	devel-doc [41, 0]
andy@lindeman.io Andy Lindeman
	unknown [196, 6]
	devel-doc [13, 0]
	code [3, 3]
	build [1, 1]
jvance@redhat.com Jeff Vance
	unknown [929, 655]
	devel-doc [1, 0]
jorge@ubuntu.com Jorge O. Castro
	unknown [32, 17]
	devel-doc [9, 15]
george.kraft@canonical.com George Kraft
	code [37, 26]
dgoodwin@redhat.com Devan Goodwin
	unknown [12, 12]
rhallise@redhat.com Ryan Hallisey
	code [11, 57]
	build [14, 4]
ffranz@redhat.com Fabiano Franz
	unknown [178, 28]
	devel-doc [1, 0]
tstclair@redhat.com Timothy St. Clair
	unknown [88, 161]
	devel-doc [0, 1]
jvallejo@redhat.com juanvallejo
	unknown [49, 15]
	code [59, 1]
beeradb@gmail.com Brad Bowman
	unknown [1, 1]
jcope@redhat.com Jon Cope
	unknown [20, 20]
robertbailey@google.com Robert Bailey
	code [3, 3]
rmmh@google.com Ryan Hitchman
	unknown [782, 128]
	devel-doc [136, 5]
	code [560, 167]
	build [34, 22]
	documentation [30, 9]
ipalade@redhat.com PI-Victor
	unknown [1, 1]
matthias.bertschy@gmail.com Matthias Bertschy
	unknown [11, 2]
vija@ebay.com Vijay Samuel
	unknown [13, 13]
eric.chiang.m@gmail.com Eric Chiang
	unknown [86, 6]
rene.saenz@gmail.com Rene Saenz
	unknown [20, 20]
	devel-doc [6, 6]
kmter@live.com shawyeok
	unknown [1, 0]
	code [199, 54]
	documentation [2, 0]
quinton@google.com Quinton Hoole
	unknown [2, 0]
djmm@google.com David McMahon
	unknown [2, 19]
	devel-doc [147, 147]
	code [44, 81]
steve@heptio.com Steve Kriss
	unknown [60, 35]
eparis@redhat.com Eric Paris
	code [22, 11]
supermouselyh@hotmail.com Lou Yihua
	unknown [2, 0]
ales.nosek@gmail.com Ales Nosek
	unknown [3, 0]
chenr.fnst@cn.fujitsu.com xilabao
	unknown [24, 13]
	code [6, 1]
bonifaido@gmail.com Nandor Kracser
	unknown [1, 1]
pmorie@redhat.com Paul Morie
	unknown [1349, 402]
	devel-doc [39, 58]
	code [3, 3]
tsmetana@redhat.com Tomas Smetana
	unknown [63, 148]
thepope@thepopeisdead.com Keith Pope
	code [1, 0]
irfan.rehman@huawei.com Irfan Ur Rehman
	unknown [2142, 20]
	devel-doc [183, 0]
danw@redhat.com Dan Winship
	unknown [111, 13]
jsz@google.com Jerzy Szczepkowski
	unknown [5, 23]
	code [6, 5]
mike@mikebryant.me.uk Mike Bryant
	unknown [1, 1]
liu.hao89@zte.com.cn foxyriver
	unknown [3, 1]
	devel-doc [0, 2]
ouyang.qinhua@zte.com.cn bruceauyeung
	unknown [26, 23]
schickin@google.com thomasschickinger
	unknown [6, 5]
	build [13, 2]
cole.mickens@gmail.com Cole Mickens
	unknown [19, 5]
maisem@google.com Maisem Ali
	code [16, 0]
andrew@andrewrynhard.com Andrew Rynhard
	unknown [275, 69]
	devel-doc [47, 2]
peay@protonmail.com peay
	unknown [131, 54]
dukexar@gmail.com Anton Klautsan
	unknown [150, 25]
stclair@google.com Tim St. Clair
	unknown [1, 1]
seharris@us.ibm.com Steven E. Harris
	unknown [9, 6]
julien.balestra@gmail.com Julien Balestra
	unknown [43, 0]
coolhzb@163.com AdoHe
	unknown [136, 64]
zhang.dongjie@zte.com.cn zdj6373
	unknown [6, 6]
screeley@redhat.com Scott Creeley
	unknown [6, 5]
mengqiy@google.com ymqytw
	unknown [515, 169]
rkouj@google.com rkouj
	unknown [74, 23]
	devel-doc [2, 0]
pweil@redhat.com pweil-
	unknown [1662, 60]
	documentation [0, 0]
kay.diam@gmail.com kayrus
	build [4, 5]
yarntime@163.com yarntime@163.com
	unknown [2, 2]
marc@proze.net Marc-Antoine Ross
	unknown [2, 2]
xychu2008@gmail.com Ethan Chu
	unknown [2, 2]
mqliang.zju@gmail.com mqliang
	unknown [26, 6]
skuznets@redhat.com Steve Kuznetsov
	unknown [7, 0]
pjt73651@gmail.com DjangoPeng
	code [2, 2]
beacham@google.com Jacob Beacham
	unknown [40, 7]
	code [60, 5]
gyliu513@gmail.com Guangya Liu
	unknown [1, 1]
sid@rancher.com wlan0
	unknown [3, 3]
simon@swine.de Christian Simon
	unknown [102, 11]
lukaszoles@gmail.com Łukasz Oleś
	unknown [15, 0]
	documentation [0, 0]
sritesh@vmware.com Ritesh H Shukla
	devel-doc [8, 0]
steveperry-53@users.noreply.github.com Steve Perry
	unknown [276, 97]
770581715@qq.com Bingo Huang
	documentation [1, 1]
david.calavera@gmail.com David Calavera
	unknown [3, 2]
	code [22, 0]
	build [4, 1]
samuel.cozannet@canonical.com Samuel Cozannet
	unknown [350, 52]
matt.singletary@gmail.com Matt Singletary
	unknown [1, 1]
snocorp@gmail.com Dave Sewell
	unknown [1, 1]
chenopis@users.noreply.github.com Andrew Chen
	unknown [15, 15]
alex2789@gmail.com Alexander
	unknown [1, 1]
stevepe@google.com steveperry-53
	unknown [958, 1150]
	code [2, 0]
	build [310, 8]
red@treesandclouds.net Richard Edwards
	unknown [1, 1]
github@tolleiv.de tolleiv
	unknown [21, 6]
jan.kubernetes@zerebecki.de Jan Zerebecki
	unknown [1, 1]
mturansk@redhat.com markturansky
	unknown [5, 2]
jaredbhatti@users.noreply.github.com Jared
	unknown [40, 28]
	documentation [7, 4]
therc@users.noreply.github.com Rudi C
	unknown [2, 2]
stevenlasker@hotmail.com Steve Lasker
	unknown [1, 1]
xiaobo.liao@gmail.com leonliao
	unknown [13, 2]
wangjie5@chinaskycloud.com scjane
	unknown [39, 36]
mishak@mishak.net Michal Gebauer
	unknown [1, 1]
s0rc3r3r01@users.noreply.github.com s0rc3r3r01
	unknown [1, 1]
absoludity@gmail.com Michael Nelson
	unknown [10, 0]
hvnsweeting@gmail.com Viet Hung Nguyen
	unknown [1, 0]
bibryam@gmail.com Bilgin Ibryam
	unknown [1, 1]
emailscottcollier@gmail.com Scott Collier
	unknown [2, 2]
hmalphettes@gmail.com Hugues Malphettes
	unknown [1, 1]
cemalettin.koc@gmail.com Cemalettin Koc
	unknown [1, 2]
deng.xilian@zte.com.cn sallydeng
	unknown [1, 1]
luksvs@gmail.com luks
	unknown [3, 5]
yonathan@liftigniter.com Yonathan Randolph
	unknown [29, 29]
yu.peng36@zte.com.cn YuPengZTE
	unknown [1, 1]
euan-am@users.noreply.github.com euan-am
	unknown [1, 1]
omer.zach@gmail.com Omer Zach
	unknown [1, 1]
ensonic@hora-obscura.de Stefan Sauer
	unknown [2, 2]
	build [1, 0]
ddonnelly@google.com devin-donnelly
	unknown [266, 165]
	devel-doc [0, 39]
	documentation [15, 1]
mrick@google.com Matt Rickard
	unknown [892, 282]
	devel-doc [11, 0]
	code [44, 107]
	build [35, 33]
oskar@deckle.co.uk Oskar Pearson
	unknown [3, 15]
khalpin11@gmail.com khalpin11
	unknown [2, 2]
ahawtho@users.noreply.github.com ahawtho
	unknown [1, 1]
marc.boorshtein@tremolosecurity.com Marc Boorshtein
	unknown [111, 34]
	image [1, 0]
gregoplex@gmail.com gregoplex
	unknown [6, 6]
	documentation [5, 5]
francescrosasbosque@gmail.com Francesc Rosas
	unknown [1, 1]
nateq314@gmail.com Nathan Quarles
	documentation [1, 1]
jeffmendoza@users.noreply.github.com Jeff Mendoza
	unknown [11, 5]
	devel-doc [13, 0]
ben@benhall.me.uk Ben Hall
	documentation [16, 7]
chuck@dasroot.net Charles Butler
	unknown [1, 1]
pclinger@proboards.com Patrick Clinger
	unknown [4, 4]
erik@nsk.io Erik Nelson
alexanderilyin@users.noreply.github.com Alexander Ilyin
	unknown [11, 7]
leahnpetersen@gmail.com Leah Petersen
	unknown [1, 1]
xarg@users.noreply.github.com Alex Plugaru
	unknown [1, 1]
gavin.brebner@orange.fr gavinB-orange
arbeit@lbox.cc Muharem Hrnjadovic
	unknown [1, 1]
oshalygin@gmail.com Oleg Shalygin
	unknown [2, 2]
amccarthy@apprenda.com a-mccarthy
	unknown [2, 1]
chenopis@google.com chenopis
mark007@gmail.com mark007
	documentation [1, 1]
aarons88@gmail.com Aaron Signorelli
	build [1, 1]
voigte@osuosl.org Elijah Caine
	unknown [0, 1]
ben.balter@github.com Ben Balter
mikael.cluseau@gmail.com Mikaël Cluseau
	unknown [33, 0]
aprindle@google.com Aaron Prindle
	unknown [54, 7]
	devel-doc [2, 1]
	build [36, 2]
slokas@upmc.edu Steve Sloka
	unknown [22, 22]
	devel-doc [2, 2]
dlorenc@google.com dlorenc
	unknown [1356, 1241]
	build [3, 3]
sur@coreos.com Sergiusz Urbaniak
	unknown [108, 13]
	build [2, 2]
jimmidyson@gmail.com Jimmi Dyson
	unknown [6, 0]
paulo@wattpad.com Paulo Bittencourt
	unknown [1, 1]
glaubitz@physik.fu-berlin.de John Paul Adrian Glaubitz
	unknown [2, 1]
brandon.l.gauthier@gmail.com Brandon L. Gauthier
	unknown [19, 5]
andy.xning@gmail.com Andy Xie
	unknown [39, 22]
	devel-doc [2, 1]
aps.sids@gmail.com Amanpreet Singh
	devel-doc [6, 4]
rlourenc@redhat.com Ricardo Lourenco
	unknown [73, 0]
sejug@redhat.com Sebastian Jug
casey.callendrello@coreos.com Casey Callendrello
	unknown [383, 326]
	build [2, 1]
dug@us.ibm.com Doug Davis
	unknown [655, 167]
	devel-doc [6, 0]
	code [331, 7]
	image [0, 0]
	build [125, 71]
richardfung@google.com Richard Fung
	unknown [704, 339]
arschles@gmail.com Aaron Schlesinger
	unknown [1793, 1272]
kibbles-n-bytes@users.noreply.github.com Michael Kibbe
	unknown [565, 92]
	code [14, 14]
vineet@doorstop.net Vineet Kumar
	unknown [1, 1]
xuchao@google.com Chao Xu
	unknown [78, 52]
	code [7, 6]
wonderfly@users.noreply.github.com Daniel Wang
saied@google.com Saied Kazemi
	unknown [30, 0]
	code [222, 0]
devel-doc 120727 112795
	liamwhite@uk.ibm.com Liam White: [2, 0]
	wojtekt@google.com Wojciech Tyczynski: [87, 14]
	stefan.schimanski@gmail.com Dr. Stefan Schimanski: [2522, 2722]
	mehdy@google.com mbohlool: [62, 2]
	jliggitt@redhat.com Jordan Liggitt: [230, 14]
	deads@redhat.com deads2k: [7519, 9983]
	ccoleman@redhat.com Clayton Coleman: [359, 239]
	nikhiljindal@google.com nikhiljindal: [0, 1]
	grod@google.com Garrett Rodrigues: [14, 0]
	pires@apprenda.com Paulo Pires: [3, 7]
	zhouhaibing089@gmail.com zhouhaibing089: [5, 1]
	oatamanenko@eastbanctech.com Oleg Atamanenko: [2, 0]
	andrew@wattpad.com andrewsykim: [128, 12]
	jgrafton@google.com Jeff Grafton: [15312, 81]
	brandon@ifup.org Brandon Philips: [1, 1]
	justin@fathomdb.com Justin Santa Barbara: [122, 5]
	mgoodness@gmail.com Michael Goodness: [73, 0]
	javishi@gmail.com Ravi Mehra: [2, 0]
	git@amanda.darkdna.net Amanda Cameron: [41, 39]
	adnan@prydoni.us Adnan Abdulhussein: [9, 9]
	viglesias@google.com Vic Iglesias: [35, 0]
	sameer@damagehead.com Sameer Naik: [518, 32]
	frodenas@gmail.com Ferran Rodenas: [433, 20]
	dannydavidson@users.noreply.github.com Danny Davidson: [15, 12]
	henning@jacobs1.de Henning Jacobs: [31, 0]
	shanestarcher@gmail.com Shane Starcher: [5, 1]
	alexdwanerobinson@gmail.com Alex Robinson: [13, 14]
	seanknox@users.noreply.github.com Sean Knox: [73, 0]
	kpishdadian@gmail.com Keyan Pishdadian: [13, 12]
	linki@users.noreply.github.com Martin Linkhorst: [49, 0]
	nitisht@users.noreply.github.com Nitish Tiwari: [71, 31]
	john@zenzic.com John Felten: [51, 0]
	icereval@gmail.com Michael Haselton: [71, 0]
	krancour@users.noreply.github.com Kent Rancourt: [51, 3]
	dims@linux.vnet.ibm.com Davanum Srinivas: [16, 0]
	torinsandall@gmail.com Torin Sandall: [2, 2]
	acidburn@google.com Jess Frazelle: [214, 151]
	enisoc@google.com Anthony Yeh: [394, 94]
	hekumar@redhat.com Hemant Kumar: [4, 1]
	pwittroc@google.com Phillip Wittrock: [4042, 1]
	tomasz@napierala.org Tomasz Napierala: [22, 1]
	foxish@users.noreply.github.com Anirudh Ramanathan: [26, 3]
	ramanathana@google.com Anirudh: [6, 277]
	pszczesniak@google.com Piotr Szczesniak: [20, 25]
	dashpole@google.com David Ashpole: [80499, 79622]
	michmike@users.noreply.github.com Michael Michael: [4, 4]
	vishnuk@google.com Vishnu Kannan: [54, 54]
	minhan.xia@gmail.com Minhan Xia: [46, 3]
	sgordon@redhat.com Stephen Gordon: [6, 2]
	dawnchen@google.com Dawn Chen: [244, 0]
	grodrigues3@users.noreply.github.com grodrigues3: [1, 0]
	chiachenk@google.com Janet Kuo: [1, 0]
	bgrant0607@users.noreply.github.com Brian Grant: [31, 7]
	jsafrane@redhat.com Jan Safranek: [29, 26]
	saadali@google.com Saad Ali: [170, 83]
	ihor.dvoretskyi@gmail.com Ihor Dvoretskyi: [3, 16]
	kris@nivenly.com Kris Nova: [5, 18]
	caseydavenport@users.noreply.github.com Casey Davenport: [1, 1]
	calebamiles@users.noreply.github.com caleb miles: [1, 1]
	mrubin@google.com Michael Rubin: [2, 2]
	clove@cnmconsulting.net Chris Love: [5, 9]
	decarr@redhat.com Derek Carr: [15, 2]
	li.xialong@zte.com.cn xialonglee: [4, 4]
	heckj@mac.com Joe Heck: [2, 2]
	tan.shanshan@zte.com.cn tanshanshan: [1, 0]
	galexrt@googlemail.com Alexander Trost: [2, 0]
	beeps@google.com Prashanth B: [466, 14]
	shyamjvs@google.com Shyam JVS: [21, 16947]
	vmik@google.com Mik Vyatskov: [0, 12]
	aledbf@gmail.com Manuel de Brito Fontes: [91, 4]
	warmchang@outlook.com William Chang: [1, 1]
	senlu@google.com krzyzacy: [26, 10]
	mikedanese@gmail.com Mike Danese: [1202, 59]
	spxtr@google.com Joe Finney: [1690, 27]
	at28997146@163.com Tang Le: [6, 3]
	ekuefler@gmail.com Erik Kuefler: [1, 0]
	jbrooks@redhat.com Jason Brooks: [0, 4]
	jacek.lakis@intel.com Jacek J. Łakis: [8, 0]
	sameo@linux.intel.com Samuel Ortiz: [32, 9]
	dwalsh@redhat.com Daniel J Walsh: [5, 0]
	yjhong@google.com Yu-Ju Hong: [63, 16]
	rchopra@redhat.com Rajat Chopra: [0, 0]
	feiskyer@users.noreply.github.com Pengfei Ni: [0, 1]
	ianlewis@google.com Ian Lewis: [3, 28]
	bowei.du@gmail.com Bowei Du: [33, 664]
	zihongz@google.com Zihong Zheng: [6, 0]
	mtaufen@google.com Michael Taufen: [1, 0]
	ancosen@gmail.com Andrea Cosentino: [204, 232]
	hchen@redhat.com Huamin Chen: [4, 4]
	sjenning@redhat.com Seth Jennings: [6, 6]
	mkargaki@redhat.com Michail Kargakis: [1, 2]
	xiangfeiz@vmware.com Xiangfei Zhu: [4, 4]
	oguzp@microsoft.com Oguz Pastirmaci: [122, 0]
	hchiramm@redhat.com Humble Chirammal: [25, 0]
	diparfitt@gmail.com Dave Parfitt: [22, 0]
	wongma7@users.noreply.github.com Matthew Wong: [718, 16]
	21521209@zju.edu.cn heartlock: [37, 0]
	harryz@hyper.sh Harry Zhang: [9, 9]
	aleksandram@google.com Aleksandra Malinowska: [1, 38]
	sross@redhat.com Solly Ross: [11, 4]
	lucas.kaldstrom@hotmail.co.uk Lucas Käldström: [264, 67]
	mfisher@deis.com Matthew Fisher: [10, 1]
	technosophos@gmail.com Matt Butcher: [27, 16]
	adamreese@users.noreply.github.com Adam Reese: [26, 12]
	thomastaylor312@gmail.com Taylor Thomas: [12, 1]
	maciej.iai@gmail.com Maciej Kwiek: [1, 59]
	morten.lied.johansen@finn.no Morten Lied Johansen: [37, 1]
	justin.ryan@nytimes.com Justin Ryan: [1, 1]
	ablock84@gmail.com Alexander Block: [2, 1]
	bogdando@mail.ru Bogdan Dobrelya: [47, 45]
	sean@coreitpro.com Sean M. Collins: [1, 1]
	michal.zylowski@intel.com Michał Żyłowski: [1, 1]
	tomas.kral@gmail.com Tomas Kral: [0, 19]
	charlie@charliedrage.com Charlie Drage: [153, 11]
	dennis@bluesentryit.com Dennis Webb: [27, 0]
	apenney@gmail.com Ashley Penney: [99, 61]
	sjevsejev@gmail.com Sergej Jevsejev: [1, 1]
	vise890@gmail.com Martino Visintin: [2, 0]
	feynman.liang@gmail.com Feynman Liang: [1, 1]
	ykuoka@gmail.com Yusuke Kuoka: [71, 3]
	andreas.kohn@gmail.com Andreas Kohn: [1, 1]
	helinwang@baidu.com Helin Wang: [3, 0]
	davidoff@qedmf.net Andrew Davidoff: [1, 0]
	danw@concur.com Wilson, Dan: [46, 0]
	yuquan.ren@easystack.cn NickrenREN: [2, 0]
	jaescobar.cell@gmail.com Alejandro Escobar: [1, 0]
	max@kutsevol.com Maxym Kutsevol: [1, 0]
	michael.fraenkel@gmail.com Michael Fraenkel: [5, 0]
	maszulik@redhat.com Maciej Szulik: [0, 1]
	sgott@redhat.com Stu Gott: [38, 0]
	bburns@google.com Brendan Burns: [66, 4]
	shashidhara.td@huawei.com shashidharatd: [115, 21]
	taotaotheripper@gmail.com Random-Liu: [37, 0]
	csbell@google.com Christian Bell: [4, 0]
	gmarek@google.com gmarek: [36, 6]
	agoldste@redhat.com Andy Goldstein: [88, 344]
	shiywang@redhat.com shiywang: [1, 1]
	xingzhou@cn.ibm.com Xing Zhou: [4, 0]
	divyenp@vmware.com divyenpatel: [15, 6]
	kpgriffith@me.com Kevin Griffith: [0, 2]
	fejta@google.com Erick Fejta: [49, 1]
	madhusudancs@google.com Madhusudan.C.S: [2, 0]
	jay@apache.org jayunit100: [141, 43]
	krousey@google.com Kris: [41, 0]
	andy@lindeman.io Andy Lindeman: [13, 0]
	jvance@redhat.com Jeff Vance: [1, 0]
	jorge@ubuntu.com Jorge O. Castro: [9, 15]
	ffranz@redhat.com Fabiano Franz: [1, 0]
	tstclair@redhat.com Timothy St. Clair: [0, 1]
	rmmh@google.com Ryan Hitchman: [136, 5]
	rene.saenz@gmail.com Rene Saenz: [6, 6]
	djmm@google.com David McMahon: [147, 147]
	pmorie@redhat.com Paul Morie: [39, 58]
	irfan.rehman@huawei.com Irfan Ur Rehman: [183, 0]
	liu.hao89@zte.com.cn foxyriver: [0, 2]
	andrew@andrewrynhard.com Andrew Rynhard: [47, 2]
	rkouj@google.com rkouj: [2, 0]
	sritesh@vmware.com Ritesh H Shukla: [8, 0]
	ddonnelly@google.com devin-donnelly: [0, 39]
	mrick@google.com Matt Rickard: [11, 0]
	jeffmendoza@users.noreply.github.com Jeff Mendoza: [13, 0]
	aprindle@google.com Aaron Prindle: [2, 1]
	slokas@upmc.edu Steve Sloka: [2, 2]
	andy.xning@gmail.com Andy Xie: [2, 1]
	aps.sids@gmail.com Amanpreet Singh: [6, 4]
	dug@us.ibm.com Doug Davis: [6, 0]
code 118893 64996
	wojtekt@google.com Wojciech Tyczynski: [334, 526]
	stefan.schimanski@gmail.com Dr. Stefan Schimanski: [332, 55]
	mehdy@google.com mbohlool: [20154, 17695]
	jliggitt@redhat.com Jordan Liggitt: [184, 51]
	deads@redhat.com deads2k: [427, 157]
	ccoleman@redhat.com Clayton Coleman: [19, 4]
	nikhiljindal@google.com nikhiljindal: [2, 2]
	oatamanenko@eastbanctech.com Oleg Atamanenko: [1, 1]
	jgrafton@google.com Jeff Grafton: [167, 80]
	me@quentin-machu.fr Quentin Machu: [80, 37]
	aaronjlevy@gmail.com Aaron Levy: [6, 1]
	justin@fathomdb.com Justin Santa Barbara: [73, 10]
	adnan@prydoni.us Adnan Abdulhussein: [2, 2]
	viglesias@google.com Vic Iglesias: [171, 13]
	shanestarcher@gmail.com Shane Starcher: [2, 1]
	admin.sa@gmail.com Sergey Melnik: [6, 3]
	krancour@users.noreply.github.com Kent Rancourt: [15, 16]
	dims@linux.vnet.ibm.com Davanum Srinivas: [790, 179]
	acidburn@google.com Jess Frazelle: [59, 16]
	enisoc@google.com Anthony Yeh: [11, 5]
	pwittroc@google.com Phillip Wittrock: [63779, 1652]
	mml@users.noreply.github.com Matt Liggett: [1, 1]
	ramanathana@google.com Anirudh: [0, 25879]
	pszczesniak@google.com Piotr Szczesniak: [8, 17]
	vishnuk@google.com Vishnu Kannan: [2, 2]
	jpeeler@redhat.com Jeff Peeler: [157, 0]
	chiachenk@google.com Janet Kuo: [65, 25]
	verb@google.com Lee Verberne: [0, 1]
	clove@cnmconsulting.net Chris Love: [30, 8]
	li.xialong@zte.com.cn xialonglee: [1, 1]
	vsemushi@redhat.com Slava Semushin: [2, 3]
	k82cn@icloud.com Klaus Ma: [2, 2]
	galexrt@googlemail.com Alexander Trost: [17, 7]
	beeps@google.com Prashanth B: [223, 0]
	shyamjvs@google.com Shyam JVS: [1154, 1426]
	vmik@google.com Mik Vyatskov: [0, 6]
	aledbf@gmail.com Manuel de Brito Fontes: [2, 2]
	senlu@google.com krzyzacy: [703, 11556]
	mikedanese@gmail.com Mike Danese: [55, 2]
	spxtr@google.com Joe Finney: [359, 109]
	meybohm@traum-ferienwohnungen.de Janis Meybohm: [2, 1]
	zml@google.com Zach Loafman: [192, 102]
	mrunalp@gmail.com Mrunal Patel: [0, 248]
	nalin@redhat.com Nalin Dahyabhai: [2, 1]
	runcom@redhat.com Antonio Murdaca: [17, 186]
	sameo@linux.intel.com Samuel Ortiz: [79, 33]
	yjhong@google.com Yu-Ju Hong: [14, 5]
	rchopra@redhat.com Rajat Chopra: [0, 1]
	jawnsy@redhat.com Jonathan Yu: [6, 6]
	feiskyer@users.noreply.github.com Pengfei Ni: [4, 4]
	xlgao@zju.edu.cn Xianglin Gao: [2, 5]
	ianlewis@google.com Ian Lewis: [2, 3]
	rob@rob-franken.nl Rob Franken: [1, 1]
	cmluciano@us.ibm.com Christopher M. Luciano: [1, 1]
	bowei.du@gmail.com Bowei Du: [305, 21]
	zihongz@google.com Zihong Zheng: [17, 0]
	sadlil@appscode.com sadlil: [3, 3]
	mtaufen@google.com Michael Taufen: [3, 3]
	mkargaki@redhat.com Michail Kargakis: [3, 3]
	wongma7@users.noreply.github.com Matthew Wong: [172, 42]
	harryz@hyper.sh Harry Zhang: [3, 3]
	thockin@google.com Tim Hockin: [119, 92]
	yerken.tussupbekov@zalando.de ideahitme: [0, 25]
	lucas.kaldstrom@hotmail.co.uk Lucas Käldström: [45, 591]
	admin@toph.ca Christoph Blecker: [3, 3]
	galthaus@austin.rr.com Greg Althaus: [9, 5]
	bradley.beam@emc.com Brad Beam: [4, 306]
	mmosesohn@mirantis.com Matthew Mosesohn: [87, 10]
	bogdando@mail.ru Bogdan Dobrelya: [15, 0]
	sean@coreitpro.com Sean M. Collins: [10, 2]
	tomas.kral@gmail.com Tomas Kral: [35, 61]
	charlie@charliedrage.com Charlie Drage: [54, 42]
	abhishek@linux.com Abhishek: [19, 3]
	surajssd009005@gmail.com Suraj Deshmukh: [32, 26]
	ryeterrell@ryeterrell.net Rye Terrell: [436, 748]
	jaescobar.cell@gmail.com Alejandro Escobar: [170, 3]
	maszulik@redhat.com Maciej Szulik: [7, 2]
	axino@canonical.com axino: [121, 4]
	bburns@google.com Brendan Burns: [25003, 22]
	taotaotheripper@gmail.com Random-Liu: [29, 3]
	michael.mrowetz@cdnetworks.co.kr Michael Mrowetz: [7, 2]
	agoldste@redhat.com Andy Goldstein: [43, 2]
	xingzhou@cn.ibm.com Xing Zhou: [17, 0]
	dan.gillespie@coreos.com Dan Gillespie: [13, 8]
	fejta@google.com Erick Fejta: [513, 2100]
	madhusudancs@google.com Madhusudan.C.S: [193, 153]
	luca.bruno@coreos.com Luca Bruno: [12, 5]
	andy@lindeman.io Andy Lindeman: [3, 3]
	george.kraft@canonical.com George Kraft: [37, 26]
	rhallise@redhat.com Ryan Hallisey: [11, 57]
	jvallejo@redhat.com juanvallejo: [59, 1]
	robertbailey@google.com Robert Bailey: [3, 3]
	rmmh@google.com Ryan Hitchman: [560, 167]
	kmter@live.com shawyeok: [199, 54]
	djmm@google.com David McMahon: [44, 81]
	eparis@redhat.com Eric Paris: [22, 11]
	chenr.fnst@cn.fujitsu.com xilabao: [6, 1]
	pmorie@redhat.com Paul Morie: [3, 3]
	thepope@thepopeisdead.com Keith Pope: [1, 0]
	jsz@google.com Jerzy Szczepkowski: [6, 5]
	maisem@google.com Maisem Ali: [16, 0]
	pjt73651@gmail.com DjangoPeng: [2, 2]
	beacham@google.com Jacob Beacham: [60, 5]
	david.calavera@gmail.com David Calavera: [22, 0]
	stevepe@google.com steveperry-53: [2, 0]
	mrick@google.com Matt Rickard: [44, 107]
	dug@us.ibm.com Doug Davis: [331, 7]
	kibbles-n-bytes@users.noreply.github.com Michael Kibbe: [14, 14]
	xuchao@google.com Chao Xu: [7, 6]
	saied@google.com Saied Kazemi: [222, 0]
package 0 0
	shyamjvs@google.com Shyam JVS: [0, 0]
unknown 401022 958846
	liamwhite@uk.ibm.com Liam White: [344, 40]
	m@moscar.net Mikkel Oscar Lyderik Larsen: [9, 9]
	wojtekt@google.com Wojciech Tyczynski: [1637, 190]
	stefan.schimanski@gmail.com Dr. Stefan Schimanski: [24013, 4535]
	mehdy@google.com mbohlool: [11772, 5647]
	jliggitt@redhat.com Jordan Liggitt: [5412, 1470]
	deads@redhat.com deads2k: [115258, 88372]
	mkhan@redhat.com Monis Khan: [10, 0]
	dbsmith@google.com Daniel Smith: [357, 228]
	wangzefeng@huawei.com Kevin: [621, 240]
	ccoleman@redhat.com Clayton Coleman: [15869, 12117]
	lukasz.szaszkiewicz@gmail.com p0lyn0mial: [302, 132]
	apelisse@google.com Antoine Pelisse: [385, 268]
	nikhiljindal@google.com nikhiljindal: [32, 106]
	grod@google.com Garrett Rodrigues: [421, 199]
	pires@apprenda.com Paulo Pires: [559, 707]
	zhouhaibing089@gmail.com zhouhaibing089: [160, 43]
	oatamanenko@eastbanctech.com Oleg Atamanenko: [2320, 4]
	mwielgus@google.com Marcin Wielgus: [4015, 1993]
	andrew@wattpad.com andrewsykim: [24, 26]
	jgrafton@google.com Jeff Grafton: [769, 697]
	me@quentin-machu.fr Quentin Machu: [414, 78]
	brandon@ifup.org Brandon Philips: [98, 52]
	aaronjlevy@gmail.com Aaron Levy: [178, 81]
	hongchaodeng1@gmail.com Hongchao Deng: [82, 52]
	norlund@gmail.com jmn: [1, 1]
	justin@fathomdb.com Justin Santa Barbara: [7892, 2993]
	mgoodness@gmail.com Michael Goodness: [158, 5]
	javishi@gmail.com Ravi Mehra: [13, 1]
	git@amanda.darkdna.net Amanda Cameron: [576, 291]
	adnan@prydoni.us Adnan Abdulhussein: [88, 74]
	viglesias@google.com Vic Iglesias: [2052, 2]
	unguiculus@gmail.com Reinhard Nägele: [13, 77]
	sameer@damagehead.com Sameer Naik: [1515, 22]
	frodenas@gmail.com Ferran Rodenas: [1698, 26]
	github@owenbarton.com Owen Barton: [11, 7]
	dannydavidson@users.noreply.github.com Danny Davidson: [6, 1]
	andresbonojimenez@gmail.com Andrés Bono: [30, 30]
	juan_ariza_cordoba@hotmail.com Juan Ariza Toledano: [9, 9]
	henning@jacobs1.de Henning Jacobs: [111, 0]
	oyvind.overgaard@gmail.com Øyvind Ingebrigtsen Øvergaard: [2, 2]
	gediminas.sedbaras@gmail.com Gediminas Šedbaras: [14, 9]
	shanestarcher@gmail.com Shane Starcher: [48, 46]
	lachie83@users.noreply.github.com Lachlan Evenson: [11, 11]
	alexdwanerobinson@gmail.com Alex Robinson: [46, 13]
	seanknox@users.noreply.github.com Sean Knox: [179, 0]
	kpishdadian@gmail.com Keyan Pishdadian: [3, 0]
	tompizmor@users.noreply.github.com tompizmor: [4, 4]
	linki@users.noreply.github.com Martin Linkhorst: [67, 0]
	jack.zampolin@gmail.com Jack Zampolin: [146, 72]
	nitisht@users.noreply.github.com Nitish Tiwari: [181, 24]
	john@zenzic.com John Felten: [250, 0]
	icereval@gmail.com Michael Haselton: [111, 0]
	jesse@thefortytwo.net Jesse Dubay: [8, 1]
	chi.lucas@gmail.com Lucas Chi: [3, 3]
	dserodio@users.noreply.github.com Daniel Serodio: [30, 18]
	krancour@users.noreply.github.com Kent Rancourt: [1103, 1068]
	dims@linux.vnet.ibm.com Davanum Srinivas: [4803, 18]
	avesh.ncsu@gmail.com Avesh Agarwal: [3, 1]
	torinsandall@gmail.com Torin Sandall: [371, 0]
	acidburn@google.com Jess Frazelle: [918, 68]
	enisoc@google.com Anthony Yeh: [405, 87]
	hekumar@redhat.com Hemant Kumar: [277, 46]
	pwittroc@google.com Phillip Wittrock: [54592, 124679]
	mml@users.noreply.github.com Matt Liggett: [6, 12]
	tomasz@napierala.org Tomasz Napierala: [5, 4]
	ramanathana@google.com Anirudh: [279, 22520]
	pszczesniak@google.com Piotr Szczesniak: [136, 2641]
	dashpole@google.com David Ashpole: [570, 274]
	mbauer@us.ibm.com Morgan Bauer: [1000, 70]
	msau@google.com Michelle Au: [264, 231]
	vishnuk@google.com Vishnu Kannan: [542, 160]
	minhan.xia@gmail.com Minhan Xia: [1199, 184]
	matt@mattfarina.com Matt Farina: [7, 8]
	dmcquay@apprenda.com Derek McQuay: [117, 21]
	dawnchen@google.com Dawn Chen: [128, 412]
	grodrigues3@users.noreply.github.com grodrigues3: [10, 72]
	jpeeler@redhat.com Jeff Peeler: [10651, 169]
	chiachenk@google.com Janet Kuo: [574, 212]
	bgrant0607@users.noreply.github.com Brian Grant: [126, 81]
	jsafrane@redhat.com Jan Safranek: [393, 230]
	saadali@google.com Saad Ali: [252, 249]
	verb@google.com Lee Verberne: [112, 97]
	ihor.dvoretskyi@gmail.com Ihor Dvoretskyi: [19, 0]
	kris@nivenly.com Kris Nova: [667, 335]
	contact@tmrts.com Tamer Tas: [1, 1]
	calebamiles@users.noreply.github.com caleb miles: [6, 111]
	clove@cnmconsulting.net Chris Love: [472, 142]
	decarr@redhat.com Derek Carr: [407, 28]
	li.xialong@zte.com.cn xialonglee: [41, 35]
	czahedi@google.com Cameron Zahedi: [39, 0]
	tan.shanshan@zte.com.cn tanshanshan: [148, 6]
	vsemushi@redhat.com Slava Semushin: [18, 21]
	k82cn@icloud.com Klaus Ma: [487, 216]
	galexrt@googlemail.com Alexander Trost: [314, 201]
	beeps@google.com Prashanth B: [885, 31]
	shyamjvs@google.com Shyam JVS: [7377, 638675]
	vmik@google.com Mik Vyatskov: [588, 411]
	aledbf@gmail.com Manuel de Brito Fontes: [1290, 577]
	comp_@gmx.net Ion Savin: [6, 1]
	senlu@google.com krzyzacy: [4063, 410]
	dminkovsky@gmail.com Dmitry Minkovsky: [2, 2]
	chenjg@harmonycloud.cn fate-grand-order: [32, 19]
	mikedanese@gmail.com Mike Danese: [2443, 746]
	spxtr@google.com Joe Finney: [3679, 1379]
	meybohm@traum-ferienwohnungen.de Janis Meybohm: [1, 0]
	at28997146@163.com Tang Le: [17, 11]
	jbrooks@redhat.com Jason Brooks: [24, 1]
	zml@google.com Zach Loafman: [301, 246]
	asarai@suse.de Aleksa Sarai: [6, 3]
	jacek.lakis@intel.com Jacek J. Łakis: [113, 4]
	mrunalp@gmail.com Mrunal Patel: [416, 14]
	nalin@redhat.com Nalin Dahyabhai: [238, 13]
	runcom@redhat.com Antonio Murdaca: [145, 17]
	sameo@linux.intel.com Samuel Ortiz: [81, 12]
	dwalsh@redhat.com Daniel J Walsh: [8, 2]
	yjhong@google.com Yu-Ju Hong: [17344, 788]
	rchopra@redhat.com Rajat Chopra: [13, 7]
	jawnsy@redhat.com Jonathan Yu: [69, 69]
	feiskyer@users.noreply.github.com Pengfei Ni: [2085, 2978]
	xlgao@zju.edu.cn Xianglin Gao: [189, 437]
	ianlewis@google.com Ian Lewis: [272, 362]
	steffen.hanikel@gmail.com Steffen Hanikel: [3, 1]
	liuhgxa@gmail.com Hougang Liu: [94, 59]
	mlamina09@gmail.com Marco Lamina: [104, 0]
	rob@rob-franken.nl Rob Franken: [8, 8]
	tktk.stereoman@gmail.com tktk: [1, 1]
	sesispla@outlook.com Sergio Sisternes: [148, 0]
	bowei.du@gmail.com Bowei Du: [2937, 3341]
	ben.corlett@gmail.com Ben Corlett: [45, 0]
	zihongz@google.com Zihong Zheng: [28, 15]
	jbelamaric@infoblox.com John Belamaric: [1, 1]
	ghe@debian.org Ghe Rivero: [2, 2]
	sadlil@appscode.com sadlil: [299, 62]
	saratk@gmail.com Sarat Kamisetty: [222, 72]
	mtaufen@google.com Michael Taufen: [278, 242]
	ancosen@gmail.com Andrea Cosentino: [46, 112]
	hchen@redhat.com Huamin Chen: [24, 8]
	sjenning@redhat.com Seth Jennings: [8, 4]
	mkargaki@redhat.com Michail Kargakis: [679, 393]
	xiangfeiz@vmware.com Xiangfei Zhu: [10, 10]
	oguzp@microsoft.com Oguz Pastirmaci: [60, 0]
	hchiramm@redhat.com Humble Chirammal: [177, 33]
	wongma7@users.noreply.github.com Matthew Wong: [5735, 541]
	pramod@us.ibm.com Nagapramod Mandagere: [166, 52]
	gavrie@philipson.co.il Gavrie Philipson: [60, 78]
	21521209@zju.edu.cn heartlock: [390, 30]
	harryz@hyper.sh Harry Zhang: [390, 332]
	yaozengzeng@zju.edu.cn YaoZengzeng: [631, 5]
	crazykev@harmonycloud.cn Crazykev: [1, 1]
	thockin@google.com Tim Hockin: [1155, 276]
	yerken.tussupbekov@zalando.de ideahitme: [9, 1]
	aleksandram@google.com Aleksandra Malinowska: [389, 147]
	sross@redhat.com Solly Ross: [1165, 3491]
	evan.pease@gmail.com Evan Pease: [239, 68]
	jsoriano@tuenti.com Jaime Soriano Pastor: [5, 4]
	10138035@zte.com.cn tianshapjq: [22, 32]
	aaron@roydhouse.com Aaron Roydhouse: [19, 23]
	corbin.math@gmail.com Mathieu Corbin: [1, 2]
	lucas.kaldstrom@hotmail.co.uk Lucas Käldström: [1856, 1619]
	ashley@victorianfox.com Ashley Reese: [25, 13]
	gocek13@gmail.com Jakub Gocławski: [2, 2]
	kcmastrpc@gmail.com Kevin Crawley: [5, 1]
	ricardo.katz@serpro.gov.br Ricardo Pchevuzinske Katz: [37, 13]
	zhanglingwei@jd.com gadaigadai: [1, 1]
	mfisher@deis.com Matthew Fisher: [41, 14]
	technosophos@gmail.com Matt Butcher: [642, 193]
	michelle@deis.com Michelle Noorali: [1616, 617]
	vaughn@deis.com Vaughn Dice: [117, 46]
	adamreese@users.noreply.github.com Adam Reese: [292, 213]
	thomastaylor312@gmail.com Taylor Thomas: [420, 119]
	mkumatag@in.ibm.com Manjunath A Kumatagi: [2, 1]
	gosharplite@gmail.com Tony Hsu: [12, 13]
	joseph.zhoutao@huawei.com z00358552: [11, 8]
	admin@toph.ca Christoph Blecker: [447, 404]
	github@armesto.net José Armesto: [2, 2]
	cmpauley@gmail.com Christopher Pauley: [6, 6]
	agalitsyn@users.noreply.github.com Anton Galitsyn: [244, 229]
	maciej.iai@gmail.com Maciej Kwiek: [240, 52]
	morten.lied.johansen@finn.no Morten Lied Johansen: [13, 2]
	chen.tao3@zte.com.cn chentao1596: [1225, 83]
	tonyli.lives@gmail.com Tony Li: [2, 2]
	pedrosland@gmail.com Peter Sutherland: [160, 143]
	cai.yixiang@zte.com.cn caiyixiang: [9, 9]
	gianrubio@gmail.com Giancarlo Rubio: [11, 1]
	euank@euank.com Euan Kemp: [216, 455]
	xrlange@gmail.com Xavier Lange: [5, 3]
	galthaus@austin.rr.com Greg Althaus: [153, 44]
	ablock84@gmail.com Alexander Block: [493, 90]
	deathbeforedishes@gmail.com Josh Conant: [1063, 2]
	adidenko@mirantis.com Aleksandr Didenko: [41, 60]
	bradley.beam@emc.com Brad Beam: [577, 180]
	sgolovatiuk@mirantis.com Sergii Golovatiuk: [56, 31]
	mmosesohn@mirantis.com Matthew Mosesohn: [95, 102]
	bogdando@mail.ru Bogdan Dobrelya: [453, 288]
	apanchenko@mirantis.com Artem Panchenko: [2, 2]
	tbritten@us.ibm.com Tyler Britten: [2, 2]
	ja.lauricella@gmail.com neith00: [1, 1]
	sean@coreitpro.com Sean M. Collins: [2, 166]
	dak@batix.com David Kirstein: [1, 1]
	crodetsky@gmail.com crodetsky: [8, 5]
	robertspencersmith@gmail.com Spencer Smith: [0, 4]
	michal.zylowski@intel.com Michał Żyłowski: [47, 0]
	shubham@linux.com Shubham Minglani: [333, 230]
	tomas.kral@gmail.com Tomas Kral: [333, 435]
	charlie@charliedrage.com Charlie Drage: [720, 86]
	abhishek@linux.com Abhishek: [989, 130]
	surajssd009005@gmail.com Suraj Deshmukh: [6, 8]
	ng.tuna@gmail.com Tuna: [34, 0]
	dennis@bluesentryit.com Dennis Webb: [91, 0]
	robin@trinimbus.com Robin Percy: [111, 1]
	apenney@gmail.com Ashley Penney: [220, 197]
	kamilhristov@gmail.com Kamil Hristov: [111, 30]
	mshenhera@users.noreply.github.com mshenhera: [1, 1]
	tsupertramp90@gmail.com Thomas Peitz: [169, 126]
	tazjin@gmail.com Vincent Ambo: [952, 766]
	me@roxet.net Jason DeWitt: [43, 8]
	ydradcliffe@gmail.com yissachar: [22, 0]
	theo.ch@mley.fr Théo Chamley: [213, 0]
	eric.hole@gmail.com Eric Hole: [745, 358]
	_@anur.ag Anurag Goel: [25, 2]
	heschlie@gmail.com heschlie: [253, 150]
	snaker@locolandia.net Sergio Ballesteros: [15, 0]
	erin@newmediadenver.com Erin Corson: [339, 97]
	razic@viralkitty.com Zachary Adam Kaplan: [0, 2]
	caarlos0@users.noreply.github.com Carlos Alexandro Becker: [4, 2]
	dev@jakobjarosch.de Jakob Jarosch: [51, 0]
	kjersti.jacobson@gmail.com Kjersti Jacobson: [25, 27]
	blake.barnett@postmates.com Blake: [96, 26]
	yissachar.radcliffe@caseware.com Yissachar Radcliffe: [111, 173]
	olvesh@gmail.com Olve S. Hansen: [1, 0]
	ykuoka@gmail.com Yusuke Kuoka: [2244, 958]
	eli@iame.li Eli Mallon: [0, 8]
	ivanov.maxim@gmail.com Maxim Ivanov: [1921, 1457]
	sasso@users.noreply.github.com Saso Matejina: [96, 90]
	jordi.miguel@schibsted.com Jordi Miguel: [183, 315]
	camil@edka.io Camil Blanaru: [3, 0]
	jm.carp@gmail.com Joshua Carp: [7, 6]
	andreas.kohn@gmail.com Andreas Kohn: [10, 9]
	artushin@gmail.com artushin: [13, 23]
	miguel.gil.biraud@ieee.org Miguel Eduardo Gil Biraud: [1, 0]
	helinwang@baidu.com Helin Wang: [3, 0]
	reiichiro.s.nakano@gmail.com Reiichiro Nakano: [3, 5]
	jgmize@gmail.com Josh Mize: [15, 1]
	davidoff@qedmf.net Andrew Davidoff: [778, 239]
	cs006061@gmail.com koudaiii: [10, 2]
	danw@concur.com Wilson, Dan: [263, 12]
	ryeterrell@ryeterrell.net Rye Terrell: [105, 238]
	yuquan.ren@easystack.cn NickrenREN: [415, 282]
	jaescobar.cell@gmail.com Alejandro Escobar: [73, 25]
	max@kutsevol.com Maxym Kutsevol: [383, 91]
	michael.fraenkel@gmail.com Michael Fraenkel: [2480, 229]
	sebastian@loodse.com Sebastian Scheele: [23, 7]
	maszulik@redhat.com Maciej Szulik: [973, 102]
	sgott@redhat.com Stu Gott: [172, 0]
	axino@canonical.com axino: [5, 2]
	bburns@google.com Brendan Burns: [3281, 1568]
	shashidhara.td@huawei.com shashidharatd: [1160, 663]
	taotaotheripper@gmail.com Random-Liu: [1234, 184]
	dcbw@redhat.com Dan Williams: [111, 32]
	michael.mrowetz@cdnetworks.co.kr Michael Mrowetz: [12, 1]
	csbell@google.com Christian Bell: [153, 5]
	james@r-vn.org James Ravn: [18, 14]
	gmarek@google.com gmarek: [1983, 123]
	agoldste@redhat.com Andy Goldstein: [1683, 269]
	shiywang@redhat.com shiywang: [264, 202]
	xingzhou@cn.ibm.com Xing Zhou: [601, 4]
	divyenp@vmware.com divyenpatel: [1054, 7]
	kpgriffith@me.com Kevin Griffith: [56, 206]
	miaol@vmware.com Miao Luo: [205, 94]
	dan.gillespie@coreos.com Dan Gillespie: [916, 999]
	andrewpilloud@igneoussystems.com Andrew Pilloud: [10, 19]
	fejta@google.com Erick Fejta: [2076, 1202]
	dhodovsk@redhat.com Dominika Hodovska: [219, 176]
	jacobsimpson@google.com Jacob Simpson: [336, 76]
	madhusudancs@google.com Madhusudan.C.S: [334, 55]
	rene.treffer@soundcloud.com Rene Treffer: [29, 15]
	luca.bruno@coreos.com Luca Bruno: [54, 25]
	jay@apache.org jayunit100: [515, 347]
	vladimir.vivien@gmail.com Vladimir Vivien: [7, 3]
	krousey@google.com Kris: [361, 112]
	andy@lindeman.io Andy Lindeman: [196, 6]
	jvance@redhat.com Jeff Vance: [929, 655]
	jorge@ubuntu.com Jorge O. Castro: [32, 17]
	dgoodwin@redhat.com Devan Goodwin: [12, 12]
	ffranz@redhat.com Fabiano Franz: [178, 28]
	tstclair@redhat.com Timothy St. Clair: [88, 161]
	jvallejo@redhat.com juanvallejo: [49, 15]
	beeradb@gmail.com Brad Bowman: [1, 1]
	jcope@redhat.com Jon Cope: [20, 20]
	rmmh@google.com Ryan Hitchman: [782, 128]
	ipalade@redhat.com PI-Victor: [1, 1]
	matthias.bertschy@gmail.com Matthias Bertschy: [11, 2]
	vija@ebay.com Vijay Samuel: [13, 13]
	eric.chiang.m@gmail.com Eric Chiang: [86, 6]
	rene.saenz@gmail.com Rene Saenz: [20, 20]
	kmter@live.com shawyeok: [1, 0]
	quinton@google.com Quinton Hoole: [2, 0]
	djmm@google.com David McMahon: [2, 19]
	steve@heptio.com Steve Kriss: [60, 35]
	supermouselyh@hotmail.com Lou Yihua: [2, 0]
	ales.nosek@gmail.com Ales Nosek: [3, 0]
	chenr.fnst@cn.fujitsu.com xilabao: [24, 13]
	bonifaido@gmail.com Nandor Kracser: [1, 1]
	pmorie@redhat.com Paul Morie: [1349, 402]
	tsmetana@redhat.com Tomas Smetana: [63, 148]
	irfan.rehman@huawei.com Irfan Ur Rehman: [2142, 20]
	danw@redhat.com Dan Winship: [111, 13]
	jsz@google.com Jerzy Szczepkowski: [5, 23]
	mike@mikebryant.me.uk Mike Bryant: [1, 1]
	liu.hao89@zte.com.cn foxyriver: [3, 1]
	ouyang.qinhua@zte.com.cn bruceauyeung: [26, 23]
	schickin@google.com thomasschickinger: [6, 5]
	cole.mickens@gmail.com Cole Mickens: [19, 5]
	andrew@andrewrynhard.com Andrew Rynhard: [275, 69]
	peay@protonmail.com peay: [131, 54]
	dukexar@gmail.com Anton Klautsan: [150, 25]
	stclair@google.com Tim St. Clair: [1, 1]
	seharris@us.ibm.com Steven E. Harris: [9, 6]
	julien.balestra@gmail.com Julien Balestra: [43, 0]
	coolhzb@163.com AdoHe: [136, 64]
	zhang.dongjie@zte.com.cn zdj6373: [6, 6]
	screeley@redhat.com Scott Creeley: [6, 5]
	mengqiy@google.com ymqytw: [515, 169]
	rkouj@google.com rkouj: [74, 23]
	pweil@redhat.com pweil-: [1662, 60]
	yarntime@163.com yarntime@163.com: [2, 2]
	marc@proze.net Marc-Antoine Ross: [2, 2]
	xychu2008@gmail.com Ethan Chu: [2, 2]
	mqliang.zju@gmail.com mqliang: [26, 6]
	skuznets@redhat.com Steve Kuznetsov: [7, 0]
	beacham@google.com Jacob Beacham: [40, 7]
	gyliu513@gmail.com Guangya Liu: [1, 1]
	sid@rancher.com wlan0: [3, 3]
	simon@swine.de Christian Simon: [102, 11]
	lukaszoles@gmail.com Łukasz Oleś: [15, 0]
	steveperry-53@users.noreply.github.com Steve Perry: [276, 97]
	david.calavera@gmail.com David Calavera: [3, 2]
	samuel.cozannet@canonical.com Samuel Cozannet: [350, 52]
	matt.singletary@gmail.com Matt Singletary: [1, 1]
	snocorp@gmail.com Dave Sewell: [1, 1]
	chenopis@users.noreply.github.com Andrew Chen: [15, 15]
	alex2789@gmail.com Alexander: [1, 1]
	stevepe@google.com steveperry-53: [958, 1150]
	red@treesandclouds.net Richard Edwards: [1, 1]
	github@tolleiv.de tolleiv: [21, 6]
	jan.kubernetes@zerebecki.de Jan Zerebecki: [1, 1]
	mturansk@redhat.com markturansky: [5, 2]
	jaredbhatti@users.noreply.github.com Jared: [40, 28]
	therc@users.noreply.github.com Rudi C: [2, 2]
	stevenlasker@hotmail.com Steve Lasker: [1, 1]
	xiaobo.liao@gmail.com leonliao: [13, 2]
	wangjie5@chinaskycloud.com scjane: [39, 36]
	mishak@mishak.net Michal Gebauer: [1, 1]
	s0rc3r3r01@users.noreply.github.com s0rc3r3r01: [1, 1]
	absoludity@gmail.com Michael Nelson: [10, 0]
	hvnsweeting@gmail.com Viet Hung Nguyen: [1, 0]
	bibryam@gmail.com Bilgin Ibryam: [1, 1]
	emailscottcollier@gmail.com Scott Collier: [2, 2]
	hmalphettes@gmail.com Hugues Malphettes: [1, 1]
	cemalettin.koc@gmail.com Cemalettin Koc: [1, 2]
	deng.xilian@zte.com.cn sallydeng: [1, 1]
	luksvs@gmail.com luks: [3, 5]
	yonathan@liftigniter.com Yonathan Randolph: [29, 29]
	yu.peng36@zte.com.cn YuPengZTE: [1, 1]
	euan-am@users.noreply.github.com euan-am: [1, 1]
	omer.zach@gmail.com Omer Zach: [1, 1]
	ensonic@hora-obscura.de Stefan Sauer: [2, 2]
	ddonnelly@google.com devin-donnelly: [266, 165]
	mrick@google.com Matt Rickard: [892, 282]
	oskar@deckle.co.uk Oskar Pearson: [3, 15]
	khalpin11@gmail.com khalpin11: [2, 2]
	ahawtho@users.noreply.github.com ahawtho: [1, 1]
	marc.boorshtein@tremolosecurity.com Marc Boorshtein: [111, 34]
	gregoplex@gmail.com gregoplex: [6, 6]
	francescrosasbosque@gmail.com Francesc Rosas: [1, 1]
	jeffmendoza@users.noreply.github.com Jeff Mendoza: [11, 5]
	chuck@dasroot.net Charles Butler: [1, 1]
	pclinger@proboards.com Patrick Clinger: [4, 4]
	alexanderilyin@users.noreply.github.com Alexander Ilyin: [11, 7]
	leahnpetersen@gmail.com Leah Petersen: [1, 1]
	xarg@users.noreply.github.com Alex Plugaru: [1, 1]
	arbeit@lbox.cc Muharem Hrnjadovic: [1, 1]
	oshalygin@gmail.com Oleg Shalygin: [2, 2]
	amccarthy@apprenda.com a-mccarthy: [2, 1]
	voigte@osuosl.org Elijah Caine: [0, 1]
	mikael.cluseau@gmail.com Mikaël Cluseau: [33, 0]
	aprindle@google.com Aaron Prindle: [54, 7]
	slokas@upmc.edu Steve Sloka: [22, 22]
	dlorenc@google.com dlorenc: [1356, 1241]
	sur@coreos.com Sergiusz Urbaniak: [108, 13]
	jimmidyson@gmail.com Jimmi Dyson: [6, 0]
	paulo@wattpad.com Paulo Bittencourt: [1, 1]
	glaubitz@physik.fu-berlin.de John Paul Adrian Glaubitz: [2, 1]
	brandon.l.gauthier@gmail.com Brandon L. Gauthier: [19, 5]
	andy.xning@gmail.com Andy Xie: [39, 22]
	rlourenc@redhat.com Ricardo Lourenco: [73, 0]
	casey.callendrello@coreos.com Casey Callendrello: [383, 326]
	dug@us.ibm.com Doug Davis: [655, 167]
	richardfung@google.com Richard Fung: [704, 339]
	arschles@gmail.com Aaron Schlesinger: [1793, 1272]
	kibbles-n-bytes@users.noreply.github.com Michael Kibbe: [565, 92]
	vineet@doorstop.net Vineet Kumar: [1, 1]
	xuchao@google.com Chao Xu: [78, 52]
	saied@google.com Saied Kazemi: [30, 0]
image 3248 0
	seanknox@users.noreply.github.com Sean Knox: [0, 0]
	pwittroc@google.com Phillip Wittrock: [3247, 0]
	ramanathana@google.com Anirudh: [0, 0]
	shyamjvs@google.com Shyam JVS: [0, 0]
	vmik@google.com Mik Vyatskov: [0, 0]
	mlamina09@gmail.com Marco Lamina: [0, 0]
	oguzp@microsoft.com Oguz Pastirmaci: [0, 0]
	marc.boorshtein@tremolosecurity.com Marc Boorshtein: [1, 0]
	dug@us.ibm.com Doug Davis: [0, 0]
documentation 54513 22114
	jliggitt@redhat.com Jordan Liggitt: [6, 4]
	deads@redhat.com deads2k: [49, 22]
	ccoleman@redhat.com Clayton Coleman: [0, 0]
	lukasz.szaszkiewicz@gmail.com p0lyn0mial: [0, 0]
	pires@apprenda.com Paulo Pires: [1, 0]
	mwielgus@google.com Marcin Wielgus: [5, 0]
	mgoodness@gmail.com Michael Goodness: [27, 0]
	git@amanda.darkdna.net Amanda Cameron: [39, 30]
	adnan@prydoni.us Adnan Abdulhussein: [6, 7]
	viglesias@google.com Vic Iglesias: [10, 0]
	sameer@damagehead.com Sameer Naik: [166, 0]
	frodenas@gmail.com Ferran Rodenas: [42, 0]
	henning@jacobs1.de Henning Jacobs: [11, 0]
	shanestarcher@gmail.com Shane Starcher: [2, 2]
	alexdwanerobinson@gmail.com Alex Robinson: [0, 0]
	seanknox@users.noreply.github.com Sean Knox: [23, 0]
	linki@users.noreply.github.com Martin Linkhorst: [9, 0]
	nitisht@users.noreply.github.com Nitish Tiwari: [30, 6]
	john@zenzic.com John Felten: [20, 0]
	icereval@gmail.com Michael Haselton: [11, 0]
	krancour@users.noreply.github.com Kent Rancourt: [0, 0]
	dims@linux.vnet.ibm.com Davanum Srinivas: [8, 2]
	pwittroc@google.com Phillip Wittrock: [52196, 11824]
	ramanathana@google.com Anirudh: [0, 825]
	pszczesniak@google.com Piotr Szczesniak: [0, 0]
	minhan.xia@gmail.com Minhan Xia: [1, 0]
	chiachenk@google.com Janet Kuo: [4, 1571]
	clove@cnmconsulting.net Chris Love: [4, 2]
	k82cn@icloud.com Klaus Ma: [0, 0]
	shyamjvs@google.com Shyam JVS: [1105, 7604]
	aledbf@gmail.com Manuel de Brito Fontes: [36, 11]
	comp_@gmx.net Ion Savin: [1, 0]
	mikedanese@gmail.com Mike Danese: [1, 0]
	spxtr@google.com Joe Finney: [2, 2]
	feiskyer@users.noreply.github.com Pengfei Ni: [8, 9]
	ianlewis@google.com Ian Lewis: [15, 2]
	mtaufen@google.com Michael Taufen: [0, 3]
	ricardo.katz@serpro.gov.br Ricardo Pchevuzinske Katz: [5, 1]
	admin@toph.ca Christoph Blecker: [475, 154]
	maciej.iai@gmail.com Maciej Kwiek: [6, 0]
	m.cola@tlrg.com.au Mark Cola: [1, 1]
	mmosesohn@mirantis.com Matthew Mosesohn: [1, 1]
	ryeterrell@ryeterrell.net Rye Terrell: [1, 1]
	michael.fraenkel@gmail.com Michael Fraenkel: [6, 0]
	bburns@google.com Brendan Burns: [97, 0]
	shashidhara.td@huawei.com shashidharatd: [3, 0]
	gmarek@google.com gmarek: [1, 0]
	agoldste@redhat.com Andy Goldstein: [1, 0]
	luca.bruno@coreos.com Luca Bruno: [0, 1]
	rmmh@google.com Ryan Hitchman: [30, 9]
	kmter@live.com shawyeok: [2, 0]
	pweil@redhat.com pweil-: [0, 0]
	lukaszoles@gmail.com Łukasz Oleś: [0, 0]
	770581715@qq.com Bingo Huang: [1, 1]
	jaredbhatti@users.noreply.github.com Jared: [7, 4]
	ddonnelly@google.com devin-donnelly: [15, 1]
	gregoplex@gmail.com gregoplex: [5, 5]
	nateq314@gmail.com Nathan Quarles: [1, 1]
	ben@benhall.me.uk Ben Hall: [16, 7]
	mark007@gmail.com mark007: [1, 1]
ui 212 0
	jgrafton@google.com Jeff Grafton: [4, 0]
	pwittroc@google.com Phillip Wittrock: [199, 0]
	spxtr@google.com Joe Finney: [6, 0]
	fejta@google.com Erick Fejta: [3, 0]
build 2226 2392
	wojtekt@google.com Wojciech Tyczynski: [3, 1]
	jliggitt@redhat.com Jordan Liggitt: [101, 37]
	jgrafton@google.com Jeff Grafton: [130, 116]
	aaronjlevy@gmail.com Aaron Levy: [2, 2]
	hongchaodeng1@gmail.com Hongchao Deng: [7, 0]
	justin@fathomdb.com Justin Santa Barbara: [40, 38]
	javishi@gmail.com Ravi Mehra: [1, 1]
	krancour@users.noreply.github.com Kent Rancourt: [88, 129]
	dims@linux.vnet.ibm.com Davanum Srinivas: [46, 11]
	pwittroc@google.com Phillip Wittrock: [84, 3]
	ramanathana@google.com Anirudh: [0, 144]
	pszczesniak@google.com Piotr Szczesniak: [2, 2]
	mbauer@us.ibm.com Morgan Bauer: [3, 3]
	jpeeler@redhat.com Jeff Peeler: [15, 3]
	beeps@google.com Prashanth B: [77, 3]
	shyamjvs@google.com Shyam JVS: [31, 320]
	vmik@google.com Mik Vyatskov: [15, 46]
	aledbf@gmail.com Manuel de Brito Fontes: [2, 2]
	senlu@google.com krzyzacy: [26, 3]
	mikedanese@gmail.com Mike Danese: [33, 2]
	spxtr@google.com Joe Finney: [76, 56]
	zml@google.com Zach Loafman: [45, 46]
	jchaloup@redhat.com Jan Chaloupka: [1, 0]
	asarai@suse.de Aleksa Sarai: [7, 8]
	mrunalp@gmail.com Mrunal Patel: [14, 34]
	nalin@redhat.com Nalin Dahyabhai: [32, 18]
	runcom@redhat.com Antonio Murdaca: [12, 1]
	jawnsy@redhat.com Jonathan Yu: [57, 42]
	brownwm@us.ibm.com Mike Brown: [3, 1]
	bowei.du@gmail.com Bowei Du: [61, 98]
	zihongz@google.com Zihong Zheng: [6, 4]
	rdmello@us.ibm.com Ryan D'Mello: [4, 0]
	ghe@debian.org Ghe Rivero: [5, 0]
	sadlil@appscode.com sadlil: [3, 3]
	mtaufen@google.com Michael Taufen: [6, 6]
	wongma7@users.noreply.github.com Matthew Wong: [4, 4]
	gavrie@philipson.co.il Gavrie Philipson: [4, 2]
	yerken.tussupbekov@zalando.de ideahitme: [0, 4]
	lucas.kaldstrom@hotmail.co.uk Lucas Käldström: [291, 198]
	adamreese@users.noreply.github.com Adam Reese: [1, 2]
	mkumatag@in.ibm.com Manjunath A Kumatagi: [1, 1]
	euank@euank.com Euan Kemp: [39, 16]
	ablock84@gmail.com Alexander Block: [3, 0]
	bradley.beam@emc.com Brad Beam: [1, 0]
	mmosesohn@mirantis.com Matthew Mosesohn: [1, 1]
	bogdando@mail.ru Bogdan Dobrelya: [1, 753]
	dak@batix.com David Kirstein: [1, 0]
	tomas.kral@gmail.com Tomas Kral: [75, 36]
	charlie@charliedrage.com Charlie Drage: [1, 1]
	ykuoka@gmail.com Yusuke Kuoka: [1, 1]
	taotaotheripper@gmail.com Random-Liu: [138, 20]
	michael.mrowetz@cdnetworks.co.kr Michael Mrowetz: [1, 0]
	divyenp@vmware.com divyenpatel: [1, 1]
	jacobsimpson@google.com Jacob Simpson: [5, 3]
	luca.bruno@coreos.com Luca Bruno: [34, 10]
	andy@lindeman.io Andy Lindeman: [1, 1]
	rhallise@redhat.com Ryan Hallisey: [14, 4]
	rmmh@google.com Ryan Hitchman: [34, 22]
	schickin@google.com thomasschickinger: [13, 2]
	kay.diam@gmail.com kayrus: [4, 5]
	david.calavera@gmail.com David Calavera: [4, 1]
	stevepe@google.com steveperry-53: [310, 8]
	ensonic@hora-obscura.de Stefan Sauer: [1, 0]
	mrick@google.com Matt Rickard: [35, 33]
	aarons88@gmail.com Aaron Signorelli: [1, 1]
	aprindle@google.com Aaron Prindle: [36, 2]
	dlorenc@google.com dlorenc: [3, 3]
	sur@coreos.com Sergiusz Urbaniak: [2, 2]
	casey.callendrello@coreos.com Casey Callendrello: [2, 1]
	dug@us.ibm.com Doug Davis: [125, 71]
translation 2791 1406
	bburns@google.com Brendan Burns: [2791, 1406]
devel-doc 120727 112795
code 118893 64996
package 0 0
unknown 401022 958846
image 3248 0
documentation 54513 22114
ui 212 0
build 2226 2392
translation 2791 1406
