Filter on "^vendor/|/vendor/"
open output file /Users/lukasz/dev/cncf/gitdm/other_repos/all_kubernetes_range_unknown_2017-03-01_2017-04-01.csv

WARNING: duplicate email/empl for pekowski@gmail.com
WARNING: duplicate email/empl for thingee@gmail.com
WARNING: duplicate email/empl for t.trifonov@gmail.com
WARNING: duplicate email/empl for lyz@princessleia.com
WARNING: duplicate email/empl for robertc@robertcollins.net
WARNING: duplicate email/empl for clint@fewbar.com
WARNING: duplicate email/empl for andrew@linuxjedi.co.uk
WARNING: duplicate email/empl for duncan.thomas@gmail.com
WARNING: duplicate email/empl for kiall@managedit.ie
WARNING: duplicate email/empl for devananda.vdv@gmail.com
WARNING: duplicate email/empl for zaro0508@gmail.com
WARNING: duplicate email/empl for shrewsbury.dave@gmail.com
WARNING: duplicate email/empl for j3p0uk@hotmail.com
WARNING: duplicate email/empl for me@mark.atwood.name
WARNING: duplicate email/empl for slicknik@gmail.com
WARNING: duplicate email/empl for cmsj@tenshu.net
WARNING: duplicate email/empl for anteaya@anteaya.info
WARNING: duplicate email/empl for greg@greghaynes.net
WARNING: duplicate email/empl for matt@mattfarina.com
WARNING: duplicate email/empl for jp@jamezpolley.com
WARNING: duplicate email/empl for steven@wedontsleep.org
WARNING: duplicate email/empl for gleebix@gmail.com
WARNING: duplicate email/empl for code@gentlydownthe.net
WARNING: duplicate email/empl for morgan.fainberg@gmail.com
WARNING: duplicate email/empl for jeblair@hp.com
WARNING: duplicate email/empl for juliaashleykreger@gmail.com
WARNING: duplicate email/empl for stephane@alum.mit.edu
WARNING: duplicate email/empl for kragniz@gmail.com
WARNING: duplicate email/empl for wchrisjohnson@gmail.com
WARNING: duplicate email/empl for daisy.ycguo@gmail.com
WARNING: duplicate email/empl for mordred@inaugust.com
WARNING: duplicate email/empl for zxkuqyb@gmail.com
WARNING: duplicate email/empl for amigliaccio@internap.com
WARNING: duplicate email/empl for yorik.sar@gmail.com
WARNING: duplicate email/empl for e0ne@e0ne.info
WARNING: duplicate email/empl for gabriel@strikeawe.com
WARNING: duplicate email/empl for heckj@mac.com
WARNING: duplicate email/empl for ke.wu@ibeca.me
WARNING: duplicate email/empl for rushi.agr@gmail.com
WARNING: duplicate email/empl for salv.orlando@gmail.com
WARNING: duplicate email/empl for tushar.vitthal.patil@gmail.com
WARNING: duplicate email/empl for jmckenty@gmail.com
WARNING: duplicate email/empl for anne@openstack.org
WARNING: duplicate email/empl for breu@breu.org
WARNING: duplicate email/empl for cbehrens@codestud.com
WARNING: duplicate email/empl for clay.gerrard@gmail.com
WARNING: duplicate email/empl for corywright@gmail.com
WARNING: duplicate email/empl for cp16net@gmail.com
WARNING: duplicate email/empl for cthier@gmail.com
WARNING: duplicate email/empl for darren.birkett@gmail.com
WARNING: duplicate email/empl for dolph.mathews@gmail.com
WARNING: duplicate email/empl for ed@leafe.com
WARNING: duplicate email/empl for github@highbridgellc.com
WARNING: duplicate email/empl for greglange@gmail.com
WARNING: duplicate email/empl for hugh@wherenow.org
WARNING: duplicate email/empl for imsplitbit@gmail.com
WARNING: duplicate email/empl for jason@koelker.net
WARNING: duplicate email/empl for jcruz7@gmail.com
WARNING: duplicate email/empl for josh@jk0.org
WARNING: duplicate email/empl for mattt@defunct.ca
WARNING: duplicate email/empl for mbasnight@gmail.com
WARNING: duplicate email/empl for mike@weirdlooking.com
WARNING: duplicate email/empl for msherborne@gmail.com
WARNING: duplicate email/empl for naveedm9@gmail.com
WARNING: duplicate email/empl for paul@openstack.org
WARNING: duplicate email/empl for rnirmal@gmail.com
WARNING: duplicate email/empl for rconradharris@gmail.com
WARNING: duplicate email/empl for thierry@openstack.org
WARNING: duplicate email/empl for throughnothing@gmail.com
WARNING: duplicate email/empl for yoga80@yahoo.com
WARNING: duplicate email/empl for mark.washenberger@markwash.net
WARNING: duplicate email/empl for p@draigbrady.com
WARNING: duplicate email/empl for zaitcev@kotori.zaitcev.us
WARNING: duplicate email/empl for julie.pichon@gmail.com
WARNING: duplicate email/empl for ghe@debian.org
WARNING: duplicate email/empl for sorrison@gmail.com
unknown@hacker.net Unknown hacker
sid@rancher.com wlan0
	unknown [1686, 102]
	devel-doc [270, 0]
	documentation [1, 0]
cezarsa@gmail.com Cezar Sa Espinola
	unknown [62, 4]
enisoc@google.com Anthony Yeh
	unknown [1607, 1038]
	devel-doc [2144, 689]
	code [0, 4]
admin@toph.ca Christoph Blecker
	code [55, 51]
	unknown [407, 207]
	devel-doc [8, 13]
	documentation [275, 98]
	build [1, 0]
jliggitt@redhat.com Jordan Liggitt
	unknown [2096, 1014]
	devel-doc [17, 5]
	code [148, 30]
	build [26, 12]
	documentation [0, 0]
1585370057@qq.com jorenhehe
	unknown [8, 8]
stefan.schimanski@gmail.com Dr. Stefan Schimanski
	unknown [287, 276]
	devel-doc [51, 118]
	code [47, 113]
deads@redhat.com deads2k
	unknown [19754, 4318]
	devel-doc [1291, 473]
	code [164, 9]
	documentation [0, 0]
mengqiy@google.com ymqytw
	unknown [2209, 6865]
	code [29, 6]
	documentation [2654, 97338]
spxtr@google.com Joe Finney
	unknown [1062, 279]
	devel-doc [154, 3]
	code [82, 38]
	build [20, 65]
	documentation [1, 0]
pszczesniak@google.com Piotr Szczesniak
	unknown [1701, 811]
	devel-doc [3, 3]
	code [17, 3]
	build [5, 8]
ccoleman@redhat.com Clayton Coleman
	unknown [211, 117]
	devel-doc [29, 0]
	code [7, 2]
justin@fathomdb.com Justin Santa Barbara
	unknown [10474, 2803]
	devel-doc [82, 14]
	code [123, 754]
	build [64, 18]
	documentation [67, 0]
deads2k@users.noreply.github.com David Eads
xuchao@google.com Chao Xu
	code [739, 169]
	unknown [1117, 2599]
	devel-doc [33, 5]
	documentation [0, 0]
gyliu513@gmail.com Guangya Liu
	unknown [28, 10]
	devel-doc [13, 9]
	documentation [0, 2]
maszulik@redhat.com Maciej Szulik
	code [147, 24]
	unknown [1014, 846]
	devel-doc [9, 0]
	documentation [0, 0]
caosf.fnst@cn.fujitsu.com Cao Shufeng
	unknown [175, 78]
	code [35, 4]
chenr.fnst@cn.fujitsu.com xilabao
	unknown [1113, 269]
	devel-doc [10, 1]
	code [47, 2]
	documentation [3, 1]
jmyue@hotmail.com supereagle
	unknown [6, 7]
	devel-doc [4, 4]
lukasz.szaszkiewicz@gmail.com p0lyn0mial
	unknown [443, 0]
curtis.allen@robotsandpencils.com Curtis Allen
	unknown [25, 25]
marun@redhat.com Maru Newby
	unknown [1411, 436]
	devel-doc [105, 3]
mwielgus@google.com Marcin Wielgus
	unknown [2238, 1525]
	devel-doc [360, 221]
	build [2, 2]
maciekpytel@google.com Maciej Pytel
	unknown [1989, 389]
	devel-doc [12, 3]
	documentation [1, 0]
diwu1989@users.noreply.github.com Di Wu
	unknown [1, 1]
	devel-doc [4, 4]
jamie.hannaford@rackspace.com Jamie Hannaford
	unknown [131, 18]
	code [4, 0]
pb@coreos.com Patrick Baxter
	unknown [12, 12]
	code [34, 32]
	build [3, 1]
yifan.gu@coreos.com Yifan Gu
	unknown [369, 74]
	devel-doc [5, 1]
	code [0, 9]
aaronjlevy@gmail.com Aaron Levy
	unknown [49, 36]
	code [6, 6]
	build [2, 2]
hasbro17@gmail.com hasbro17
	unknown [3, 3]
levi.blackstone@rackspace.com Levi Blackstone
	unknown [83, 36]
hongchaodeng1@gmail.com Hongchao Deng
	unknown [68, 18]
	build [1, 1]
xiangli.cs@gmail.com Xiang Li
carolyn.vanslyck@rackspace.com Carolyn Van Slyck
	unknown [48, 40]
eric.chiang.m@gmail.com Eric Chiang
	unknown [91, 34]
	code [4, 0]
jan.willies@accenture.com Jan Willies
	unknown [0, 1]
rahul@rmenn.in Rahul
	devel-doc [6, 0]
jwhitcraft@sugarcrm.com Jon Whitcraft
	unknown [6, 6]
porkbird@icloud.com Oleksii Kliukin
	unknown [35, 19]
	devel-doc [9, 8]
	documentation [2, 2]
lukaseichler1@googlemail.com Lukas Eichler
	unknown [145, 30]
	documentation [1, 1]
jainishshah@yahoo.com Jainish Shah
	unknown [4, 3]
	devel-doc [1, 1]
kwentakill@gmail.com Quentin Rousseau
	unknown [8, 8]
	documentation [2, 2]
mgoodness@gmail.com Michael Goodness
	unknown [694, 348]
	devel-doc [117, 63]
	documentation [25, 22]
pierre@ozoux.net Pierre Ozoux
	unknown [11, 7]
	devel-doc [1, 2]
pchampon@gmail.com Philip Champon
	unknown [29, 11]
	devel-doc [47, 4]
unguiculus@gmail.com Reinhard Nägele
	unknown [232, 186]
	devel-doc [44, 27]
	code [26, 8]
	documentation [9, 7]
jchauncey@deis.com Jonathan Chauncey
	unknown [179, 15]
kevin.fox@pnnl.gov kfox1111
	unknown [4, 0]
sameer@damagehead.com Sameer Naik
	unknown [357, 11]
	devel-doc [101, 1]
	documentation [29, 0]
linki@users.noreply.github.com Martin Linkhorst
	unknown [3244, 952]
	devel-doc [181, 96]
	documentation [1, 1]
	build [35, 13]
jack.zampolin@gmail.com Jack Zampolin
	unknown [176, 17]
electroma@gmail.com Roman Safronov
	unknown [276, 2]
	devel-doc [140, 1]
	build [23, 0]
james@jagregory.com James Gregory
	unknown [9, 9]
	code [1, 1]
nsrinivasan1976@gmail.com Naveen
	unknown [1, 1]
	documentation [1, 0]
adnan@prydoni.us Adnan Abdulhussein
	unknown [83, 50]
	devel-doc [2, 2]
	documentation [3, 3]
ashley.penney@maxwellhealth.com Ashley Penney
	unknown [84, 26]
	devel-doc [16, 17]
	code [0, 0]
	documentation [4, 0]
justin.r.nauman+github@gmail.com Justin Nauman
	unknown [18, 8]
	devel-doc [1, 2]
ipaq.lw@gmail.com Sergey Nuzhdin
	unknown [29, 29]
	devel-doc [15, 15]
shanestarcher@gmail.com Shane Starcher
	unknown [33, 28]
	devel-doc [1, 1]
jose5918@gmail.com jose5918
	unknown [124, 3]
	devel-doc [14, 2]
sdomula@users.noreply.github.com Stan Domula
	unknown [12, 0]
	devel-doc [2, 0]
dparfitt@mozilla.com Dave Parfitt
	devel-doc [3, 0]
nitisht@users.noreply.github.com Nitish Tiwari
	unknown [184, 4]
	devel-doc [41, 6]
gam-phon@users.noreply.github.com Yaser Alraddadi
	unknown [2, 2]
	devel-doc [1, 1]
john@zenzic.com John Felten
	unknown [2, 2]
nicolas.lamirault@gmail.com Nicolas Lamirault
	unknown [3, 2]
	devel-doc [1, 0]
nouney@users.noreply.github.com Valentin Tjoncke
	unknown [6, 1]
	devel-doc [1, 0]
gtaylor@users.noreply.github.com Greg Taylor
	unknown [6, 3]
jbianquetti-nami@users.noreply.github.com Jorge Bianquetti
	unknown [48, 9]
	devel-doc [32, 28]
henning@jacobs1.de Henning Jacobs
	unknown [2, 1]
	devel-doc [0, 0]
	documentation [0, 0]
ninkendo@gmail.com Ken Simon
	unknown [2, 2]
chance.zibolski@gmail.com Chance Zibolski
	unknown [34, 11]
	devel-doc [14, 9]
	documentation [29, 8]
spiddy@users.noreply.github.com spiddy
	unknown [1, 2]
ph.woerdehoff+21st@gmail.com 21stio
	unknown [1, 1]
	devel-doc [1, 1]
klaus1982.cn@gmail.com Klaus Ma
	unknown [1083, 373]
	devel-doc [1, 0]
	code [14, 6]
	documentation [0, 0]
jacobsimpson@google.com Jacob Simpson
	unknown [365, 108]
hchen@redhat.com Huamin Chen
	unknown [2273, 1164]
	devel-doc [204, 28]
	code [299, 0]
	documentation [0, 0]
chupman@us.ibm.com Chris Hupman
	unknown [43, 47]
	documentation [0, 0]
andrew@wattpad.com andrewsykim
	unknown [303, 138]
	documentation [0, 0]
	build [1, 1]
dbsmith@google.com Daniel Smith
yu.peng36@zte.com.cn yupengzte
	unknown [433, 434]
	devel-doc [15, 15]
	documentation [2953, 2953]
avagarwa@redhat.com Avesh Agarwal
	code [0, 2]
	unknown [1726, 2669]
	devel-doc [14, 26]
	documentation [1, 1]
	build [1, 1]
supermouselyh@hotmail.com Lou Yihua
	unknown [714, 564]
	documentation [0, 0]
krousey@google.com Kris
	unknown [380, 156]
	devel-doc [2, 0]
	documentation [1, 0]
chiachenk@google.com Janet Kuo
	unknown [1128, 430]
	devel-doc [5, 0]
	code [36, 2]
	documentation [0, 0]
michael.fraenkel@gmail.com Michael Fraenkel
	unknown [103, 29]
	documentation [0, 0]
jsafrane@redhat.com Jan Safranek
	code [2, 1]
	unknown [6584, 1027]
	devel-doc [310, 62]
	documentation [0, 0]
wdenniss@google.com William Denniss
	unknown [1, 0]
	devel-doc [7, 3]
mehdy@google.com Mehdy Bohlool
	unknown [311, 19]
	devel-doc [230, 7]
	code [1, 1]
joe.github@bedafamily.com Joe Beda
	unknown [1297, 693]
	devel-doc [6, 19]
	code [3, 3]
decarr@redhat.com Derek Carr
	unknown [1860, 278]
	code [31, 0]
jchaloup@redhat.com Jan Chaloupka
	unknown [6, 0]
	code [3, 1]
dhodovsk@redhat.com Dominika Hodovska
	unknown [106, 139]
	code [66, 11]
	build [12, 13]
	documentation [2, 2]
bowei.du@gmail.com Bowei Du
	unknown [3227, 2718]
	devel-doc [18, 0]
brendan.d.burns@gmail.com Brendan Burns
	unknown [7459, 620]
	devel-doc [1, 0]
	code [33, 4]
	translation [6980, 354]
mkargaki@redhat.com Michail Kargakis
	unknown [373, 309]
	code [3, 0]
	build [3, 3]
song.ruixia@zte.com.cn SongRuixia
	unknown [4, 4]
	devel-doc [1, 1]
mml@users.noreply.github.com Matt Liggett
	unknown [217, 0]
	build [4, 4]
grodrigues3@users.noreply.github.com grodrigues3
li.guangxu@zte.com.cn guangxuli
	unknown [2, 3]
msau@google.com Michelle Au
	unknown [200, 277]
foxish@users.noreply.github.com Anirudh Ramanathan
	unknown [30, 11]
mbruzek@gmail.com Matt Bruzek
	devel-doc [8, 8]
	build [12, 4]
beacham@google.com Jacob Beacham
	unknown [657, 69]
	devel-doc [10, 2]
	code [134, 31]
	build [12, 6]
hekumar@redhat.com Hemant Kumar
	unknown [371, 215]
	devel-doc [49, 27]
bgrant0607@users.noreply.github.com Brian Grant
	unknown [151, 155]
	devel-doc [2, 3]
yuquan.ren@easystack.cn NickrenREN
	unknown [143, 69]
paul.cichonski@gmail.com Paul Cichonski
	unknown [1, 1]
vishh@users.noreply.github.com Vish Kannan
	unknown [2, 1]
erick@fejta.com Erick Fejta
	unknown [1487, 254]
	devel-doc [55, 4]
	code [965, 1274]
	build [9, 9]
jharai0815@gmail.com Akihiro Harai
	unknown [1, 1]
saadali@google.com Saad Ali
	unknown [15, 12]
	devel-doc [161, 53]
louis@kragniz.eu Louis Taylor
	unknown [41, 13]
nelcyguy@gmail.com Chakravarthy Nelluri
	unknown [128, 0]
	devel-doc [154, 320]
ddonnelly@google.com devin-donnelly
	unknown [69, 61]
cai.yixiang@zte.com.cn caiyixiang
	unknown [164, 8]
	devel-doc [202, 2]
ixdy@users.noreply.github.com Jeff Grafton
	unknown [2486, 3188]
	devel-doc [4, 1]
	code [116, 57]
	build [9, 9]
haowang@redhat.com Haoran Wang
	unknown [728, 3]
	devel-doc [2, 0]
	documentation [2, 0]
jinxu@google.com Jing Xu
	unknown [65, 16]
yjhong@google.com Yu-Ju Hong
	unknown [844, 9128]
	devel-doc [1, 71]
ffranz@redhat.com Fabiano Franz
	code [17, 0]
	unknown [361, 7]
	devel-doc [10, 2]
	documentation [0, 0]
ihor@dvoretskyi.com Ihor Dvoretskyi
	unknown [756, 317]
	devel-doc [6, 2]
pjpires@gmail.com Paulo Pires
	devel-doc [1, 0]
acidburn@google.com Jess Frazelle
	code [26, 4]
	unknown [6758, 28]
	devel-doc [827, 0]
	documentation [0, 0]
	build [1, 1]
brandon@ifup.org Brandon Philips
	unknown [22, 18]
dan@dankohn.com Dan Kohn
	unknown [2, 4]
jaredbhatti@users.noreply.github.com Jared
	unknown [1, 1]
caleb.miles@coreos.com caleb miles
	unknown [4046, 2035]
	devel-doc [416, 410]
	build [5, 5]
dxia@spotify.com David Xia
	unknown [4, 5]
nikhiljindal@google.com Nikhil Jindal
	unknown [178, 2384]
	devel-doc [7, 0]
	code [15, 2]
vishnuk@google.com Vishnu kannan
	unknown [396, 172]
	code [9, 0]
jregan@google.com Jeffrey Regan
	unknown [240, 188]
	devel-doc [126, 116]
michmike@users.noreply.github.com Michael Michael
	unknown [1, 3]
	devel-doc [8, 1]
pwittroc+github@google.com Phillip Wittrock
	devel-doc [10079, 0]
	code [183542, 2]
	unknown [86373, 9039]
	image [9741, 0]
	documentation [141512, 2724]
	ui [213, 0]
	build [194, 20]
spiffxp@gmail.com Aaron Crickenberger
tan.shanshan@zte.com.cn tanshanshan
	unknown [131, 19]
shekhar@venturit.com Shekhar
	unknown [1, 1]
galexrt@googlemail.com Alexander Trost
	unknown [106, 34]
mikedanese@gmail.com Mike Danese
	unknown [511, 112]
	devel-doc [47, 4]
	code [121, 1]
	build [18, 2]
wtritch@users.noreply.github.com Will
wtritchler@fairwaytech.com wtritch
	unknown [3, 0]
charle.demers@gmail.com Charle Demers
	unknown [16, 4]
	documentation [4, 3]
rafaelchicoli@hotmail.com Rafael Chicoli
	unknown [32, 0]
ivanov.maxim@gmail.com Maxim Ivanov
	unknown [1, 1]
metal3d@gmail.com Patrice Ferlet
	unknown [17, 0]
	code [6, 0]
tuannvm@tuannvm.com Tuan Nguyen
	unknown [4, 0]
shyamjvs@google.com Shyam Jeedigunta
	code [2, 0]
	unknown [373, 0]
	devel-doc [32, 0]
	documentation [1, 0]
	build [47, 12]
kay.diam@gmail.com kayrus
	unknown [13, 0]
lord.tiran@gmail.com Evgeny Proydakov
e.proydakov@gmail.com Proydakov Evgeny
	devel-doc [2, 0]
li.xialong@zte.com.cn xialonglee
	unknown [22, 11]
	devel-doc [1, 1]
stclair@google.com Tim St. Clair
	unknown [396, 223]
	devel-doc [11, 7]
	build [3, 3]
talset55@gmail.com talset
	unknown [5, 1]
	code [4, 0]
crassirostris@yandex.com Mikhail Vyatskov
	unknown [44, 30]
jacek.lakis@intel.com Jacek J. Łakis
	unknown [7, 7]
dwalsh@redhat.com Daniel J Walsh
	unknown [98, 39]
	devel-doc [2, 2]
	build [1, 0]
sameo@linux.intel.com Samuel Ortiz
	unknown [175, 71]
asarai@suse.de Aleksa Sarai
	unknown [109, 12]
	code [98, 1]
mpatel@redhat.com Mrunal Patel
	unknown [452, 82]
	devel-doc [11, 7]
	code [43, 0]
	build [15, 8]
dcbw@redhat.com Dan Williams
	unknown [404, 247]
	devel-doc [0, 1]
	code [156, 137]
	build [58, 55]
runcom@users.noreply.github.com Antonio Murdaca
surajssd009005@gmail.com Suraj Deshmukh
	unknown [26, 13]
jawnsy@redhat.com Jonathan Yu
	devel-doc [89, 22]
nalin@redhat.com Nalin Dahyabhai
	unknown [4, 0]
andrewpilloud@igneoussystems.com Andrew Pilloud
	unknown [58, 51]
feiskyer@users.noreply.github.com Pengfei Ni
	unknown [1363, 546]
	devel-doc [61, 1]
	code [2, 1]
	build [2, 2]
duffy@redhat.com Máirín Duffy
	devel-doc [1, 0]
	image [322, 0]
xlgao@zju.edu.cn Xianglin Gao
	unknown [1170, 521]
	build [15, 1]
yulinxie@zju.edu.cn Helen-Xie
	unknown [503, 12]
harryz@hyper.sh Harry Zhang
	unknown [1604, 137]
s.florek91@gmail.com Sebastian Florek
	unknown [1162, 76]
	code [4502, 4083]
	documentation [2175, 1522]
rob@rob-franken.nl Rob Franken
	unknown [11, 7]
	code [2, 2]
maciaszczykm@users.noreply.github.com Marcin Maciaszczyk
	unknown [1454, 785]
	devel-doc [1, 0]
	code [1593, 635]
	documentation [586, 214]
zouyee1989@gmail.com zoues
	unknown [363, 11]
	devel-doc [90, 25]
christoph.held@est.fujitsu.com Christoph Held
	unknown [65, 3]
	code [296, 58]
	documentation [60, 0]
mlamina09@gmail.com Marco Lamina
	unknown [695, 28]
	image [0, 0]
	code [400, 6]
	documentation [117, 0]
olekz@google.com olekzabl
	code [2, 2]
yamagami-takuma@users.noreply.github.com Yamagami-Takuma
	unknown [65, 65]
dromlein@apprenda.com Dan Romlein
	devel-doc [4, 4]
vineet@doorstop.net Vineet Kumar
	unknown [5, 3]
kenan.karamehmedovic@est.fujitsu.com Kenan Karamehmedovic
	unknown [175, 21]
	code [18, 4]
	documentation [2, 0]
lvroyce0210@gmail.com VeraLyu
	unknown [4, 4]
ashley@victorianfox.com Ashley Reese
	unknown [85, 6]
shashidhara.td@huawei.com shashidharatd
	unknown [374, 143]
	devel-doc [37, 3]
	code [17, 27]
	build [1, 50]
chris@linuxuser.at Chris Hager
	unknown [2, 2]
	devel-doc [70, 72]
christiankoep@gmail.com Christian Koep
	unknown [2, 2]
eparis@redhat.com Eric Paris
	unknown [151, 67]
vivekbhat@live.com Vivek Bhat
	devel-doc [12, 12]
bdontu@vmware.com Balu Dontu
	unknown [505, 71]
	devel-doc [360, 0]
lxia@redhat.com liangxia
	devel-doc [0, 2]
ancosen@gmail.com Andrea Cosentino
	unknown [2, 2]
	devel-doc [88, 98]
huzhifeng@douyu.tv huzhifeng
	unknown [4, 4]
vladimir.vivien@gmail.com Vladimir Vivien
	unknown [79, 6]
	devel-doc [80, 32]
tiwari.nitish@gmail.com Nitish
	unknown [38, 24]
	devel-doc [438, 530]
yong.tang.github@outlook.com Yong Tang
	devel-doc [6, 6]
sritesh@vmware.com Ritesh H Shukla
	unknown [119, 10]
	devel-doc [158, 10]
837829664@qq.com timchenxiaoyu
	unknown [16, 16]
yerken.tussupbekov@zalando.de Yerken
	unknown [1922, 124]
	build [23, 3]
m@moscar.net Mikkel Oscar Lyderik Larsen
	unknown [450, 40]
	devel-doc [1, 1]
bchilds@redhat.com childsb
	unknown [1289, 783]
	devel-doc [23, 0]
	code [133, 0]
	build [115, 45]
wongma7@users.noreply.github.com Matthew Wong
	unknown [9033, 11781]
	devel-doc [1230, 578]
	code [31, 50]
	build [191, 94]
	documentation [22, 49]
andrew@andrewklau.com Andrew Lau
	devel-doc [3, 1]
hchiramm@redhat.com Humble Chirammal
	unknown [452, 6]
	devel-doc [33, 0]
xingzhou@cn.ibm.com Xing Zhou
	unknown [7, 2]
humble.devassy@gmail.com Humble Devassy Chirammal
	unknown [1, 1]
tamal@appscode.com tamal
	unknown [2, 0]
dlorenc@google.com dlorenc
	unknown [412, 345]
	build [14, 0]
grod@google.com Garrett Rodrigues
	unknown [389, 143]
	devel-doc [3, 3]
	build [1, 1]
ejc3@yahoo-inc.com EJ
	unknown [4, 4]
craig.box@gmail.com craigbox
	unknown [22, 22]
davidopp@google.com David Oppenheimer
	unknown [269, 19]
maxwell92@126.com liyao
	unknown [3, 3]
me@lukemarsden.net Luke Marsden
	unknown [72, 21]
dan@redspread.com Dan Gillespie
	unknown [178, 7]
	code [39, 13]
	build [1, 1]
crazykev@zju.edu.cn Crazykev
	unknown [1339, 641]
	code [21, 1]
21521209@zju.edu.cn heartlock
	unknown [454, 416]
yaozengzeng@zju.edu.cn YaoZengzeng
	unknown [115, 57]
thockin@google.com Tim Hockin
	unknown [178, 125]
	devel-doc [1, 4]
development@stp-ip.net Michael Grosser
	unknown [7, 8]
	code [4, 4]
	build [4, 4]
vikramtheone1@gmail.com Vikram Tiwari
	unknown [1, 1]
	devel-doc [2, 2]
aleksandram@google.com Aleksandra Malinowska
	unknown [295, 29]
	code [2, 0]
	build [2, 0]
directxman12+github@gmail.com Solly Ross
	unknown [377, 80]
	devel-doc [5, 0]
ouyang.qinhua@zte.com.cn bruceauyeung
	unknown [29, 20]
pu.junqi@zte.com.cn 10138035
	unknown [14, 36]
	devel-doc [2, 2]
caarlos0@gmail.com Carlos Alexandro Becker
	build [2, 2]
jedroadam@gmail.com Adam Jedro
	unknown [58, 64]
johannes.wuerbach@googlemail.com Johannes Würbach
	unknown [663, 7]
	build [4, 1]
andy.xning@gmail.com Andy Xie
	unknown [114, 9]
mwringe@redhat.com mwringe
	unknown [126, 4]
liu.hao89@zte.com.cn foxyriver
	unknown [3, 3]
vivkong@ca.ibm.com Vivian Kong
	build [4, 0]
maciej.iai@gmail.com Maciej Kwiek
	unknown [1191, 198]
	build [28, 10]
yashulyak@gmail.com Dmitry Shulyak
	unknown [226, 123]
brian@deis.com fibonacci1729
	unknown [449, 65]
	devel-doc [131, 52]
kokano@hotels.com Kiichiro Okano
	unknown [45, 10]
	devel-doc [1, 1]
technosophos@gmail.com Matt Butcher
	unknown [343, 132]
	devel-doc [3, 3]
qin.wang@intel.com Qin Wang
	unknown [140, 53]
	package [0, 0]
justin.a.scott@intel.com Justin Scott
	unknown [726, 265]
seharris@us.ibm.com Steven E. Harris
	unknown [244, 64]
dave@wittman.xyz David Wittman
	unknown [2, 2]
sushil.kumar@suse.com Sushil Kumar
	unknown [169, 7]
thomastaylor312@gmail.com Taylor Thomas
	unknown [5, 2]
huszty.gergo@digitaltrip.hu Gergo Huszty
	unknown [68, 71]
	devel-doc [2, 2]
	build [4, 4]
anubhavmishra@me.com Anubhav Mishra
	unknown [34, 32]
adam@reese.io Adam Reese
	unknown [29, 10]
	code [0, 1]
scott@r6by.com Scott Rigby
	unknown [54, 3]
john.welsh@workday.com John Welsh
	unknown [55, 2]
mario54@users.noreply.github.com Mario Lamontagne
	unknown [1, 1]
derek@derekperkins.com Derek Perkins
	unknown [1, 0]
fibonacci1729@users.noreply.github.com Brian
mfisher@deis.com Matthew Fisher
	unknown [17, 6]
	devel-doc [1, 1]
leszek@charkiewicz.net Leszek Charkiewicz
	unknown [28, 5]
brandon.durette@wpengine.com Brandon DuRette
	unknown [15, 15]
eduardobaitello@gmail.com Eduardo Baitello
	unknown [5, 5]
ladiclexxx@gmail.com Ladicle
	unknown [2, 1]
luizbafilho@gmail.com Luiz Bezerra
	unknown [2, 1]
wilkers.steve@gmail.com Steve Wilkerson
	unknown [93, 4]
sheerun@sher.pl Adam Stankiewicz
	unknown [3, 1]
fabian@progra.de Fabian Ruff
	unknown [14, 7]
aaron@roydhouse.com Aaron Roydhouse
	devel-doc [1, 1]
	documentation [1, 0]
dmonakhov@openvz.org Dmitry Monakhov
	unknown [1, 1]
michelle@deis.com Michelle Noorali
fengyun.pan@easystack.cn FengyunPan
	unknown [27, 17]
chen.tao3@zte.com.cn chentao1596
	unknown [406, 12]
	devel-doc [41, 0]
	code [1, 1]
aledbf@gmail.com Manuel de Brito Fontes
	devel-doc [207, 52]
	code [10, 5]
	unknown [1718, 1052]
	image [0, 0]
	documentation [37, 14]
	build [3, 30]
jcmoraisjr@gmail.com Joao Morais
	unknown [39, 17]
	devel-doc [285, 0]
porridge@google.com Marcin Owsiany
	unknown [2, 2]
	build [2, 2]
andreas.kohn@gmail.com Andreas Kohn
	unknown [10, 10]
ash_github@firemirror.com Ash Berlin
	unknown [94, 7]
canhnt@gmail.com Canh Ngo
	documentation [18, 10]
nicksardo@users.noreply.github.com Nick Sardo
	unknown [215, 54]
	documentation [1, 0]
mr.maatoug@gmail.com mrmm
	unknown [1, 1]
tsupertramp90@gmail.com Thomas Peitz
	unknown [1, 1]
msachs@google.com Matthew Sachs
	unknown [11, 11]
	devel-doc [2, 2]
qsj.daniel@gmail.com shijunqian
	documentation [10, 4]
danny.kulchinsky@telefonica.com Danny Kulchinsky
	unknown [6, 0]
ricardo.katz@gmail.com Ricardo Pchevuzinske Katz
	unknown [53, 31]
	devel-doc [61, 0]
	documentation [16, 9]
levin.kirill@gmail.com Kirill Levin
	documentation [5, 5]
gianrubio@gmail.com Giancarlo Rubio
	unknown [500, 57]
	devel-doc [443, 0]
	documentation [8, 8]
	image [0, 0]
rikatz@users.noreply.github.com Ricardo Katz
	devel-doc [2, 2]
leecalcote@gmail.com Lee Calcote
	unknown [1, 1]
	devel-doc [2, 2]
ian.quick@gmail.com Ian Quick
	unknown [2, 2]
jiangjun1990@gmail.com ohmystack
	unknown [31, 18]
glertxundi@gmail.com Gorka Lerchundi Osa
	unknown [192, 18]
	devel-doc [79, 0]
tonyli.lives@gmail.com Tony Li
	unknown [99, 15]
craig@malachiarts.com craigmonson
	devel-doc [1, 1]
victor@unegbu.com Victor Unegbu
	unknown [1, 0]
itamarost@gmail.com Itamar Ostricher
	unknown [1, 1]
dev@jakobjarosch.de Jakob Jarosch
	unknown [10, 4]
pwillie@users.noreply.github.com Peter Wilson
	unknown [48, 10]
	documentation [24, 24]
jlothian@cisco.com Josh Lothian
	unknown [34, 8]
sgolovatiuk@mirantis.com Sergii Golovatiuk
	unknown [170, 58]
	devel-doc [5, 5]
	build [9, 0]
pawel.skrzynski@intel.com Paweł Skrzyński
	unknown [12, 9]
mmosesohn@mirantis.com Matthew Mosesohn
	unknown [721, 265]
	devel-doc [13, 11]
adidenko@mirantis.com Aleksandr Didenko
	unknown [34, 23]
rsmitty@users.noreply.github.com Spencer Smith
justin@downing.us Justin Downing
	unknown [9, 1]
	documentation [1, 1]
antoine.legrand@coreos.com Antoine Legrand
	unknown [2, 1]
	devel-doc [13, 1]
apanchenko@mirantis.com Artem Panchenko
	unknown [1, 1]
vladimir@rutsky.org Vladimir Rutsky
	code [0, 116]
	unknown [7, 7]
	documentation [13, 2]
zoidbergwill@gmail.com William Martin Stewart
	unknown [2, 2]
	devel-doc [1, 1]
brad.beam@b-rad.info Brad Beam
	unknown [7, 3]
roger.welin@icloud.com Roger Welin
	unknown [4, 0]
vincent.schwarzer@yahoo.de Vincent Schwarzer
	unknown [919, 336]
	devel-doc [19, 11]
	documentation [1, 0]
	image [0, 0]
bogdando@mail.ru Bogdan Dobrelya
github@connz.de Connz
	devel-doc [1, 1]
daniele.cesarini@sky.uk Cesarini, Daniele
	code [1, 1]
idcrook@users.noreply.github.com David Crook
	unknown [22, 7]
pablo.a.moreno@gmail.com Pablo Moreno
	unknown [7, 6]
john@dewey.ws John Dewey
	unknown [4, 3]
ashetty@redhat.com Anush Shetty
	unknown [11, 2]
	code [413, 0]
	build [7, 1]
surajnarwade353@gmail.com Suraj Narwade
	unknown [372, 230]
	code [4, 4]
abhishek@linux.com Abhishek
	unknown [1530, 1219]
charlie@charliedrage.com Charlie Drage
	unknown [129, 66]
	devel-doc [139, 18]
	code [82, 1]
tomas.kral@gmail.com Tomas Kral
	unknown [40, 13]
	devel-doc [8, 0]
	code [0, 36]
	build [1, 1]
shubham@linux.com Shubham Minglani
	unknown [20, 18]
shivania@vmware.com Abrar Shivani
	unknown [80, 9]
	devel-doc [5, 3]
	build [7, 7]
miaol@vmware.com Miao Luo
	unknown [567, 183]
	devel-doc [82, 0]
	build [57, 1]
prashimas@vmware.com prashima
	unknown [592, 100]
	code [98, 98]
	build [27, 4]
sandeeppissay@users.noreply.github.com SandeepPissay
	unknown [995, 80]
clove@cnmconsulting.net chrislovecnm
	unknown [336, 1339]
	code [21, 21]
dcohen@gatech.edu Daniel Cohen
	unknown [96, 60]
pronix.service@gmail.com dima
	unknown [120, 2]
geojaz@users.noreply.github.com Eric Hole
	unknown [36, 15]
	build [1, 1]
theo.ch@mley.fr Théo Chamley
	unknown [129, 24]
kris@nivenly.com Kris Nova
	unknown [207, 124]
	devel-doc [25, 8]
	build [19, 4]
arthurlm44@gmail.com Arthur Le Maitre
	unknown [4, 2]
zytek@nuxi.pl Jakub Paweł Głazik
	unknown [31, 26]
leandrorepolho@gmail.com Leandro Repolho
	unknown [2, 2]
robin@trinimbus.com Robin Percy
	unknown [62, 48]
blaz.hrast@gmail.com Blaž Hrastnik
	unknown [1, 1]
le.waldman@gmail.com Leon Waldman
	unknown [23, 11]
ydradcliffe@gmail.com yissachar
	unknown [1, 1]
pfeodrippe@gmail.com Paulo Rafael Feodrippe
	unknown [1, 1]
anand@runnable.com Anandkumar Patel
	unknown [1, 1]
ryanesc@gmail.com ryane
	unknown [82, 1]
dfroese@salesforce.com Darron Froese
	unknown [3, 3]
jesse.kinkead@gmail.com Jesse Kinkead
	unknown [3, 1]
patrick.harboeck@tngtech.com Patrick Harböck
	devel-doc [6, 1]
faraaz@rationalizeit.us Faraaz Khan
	unknown [13, 10]
daniel@dcn.io Daniel Nelson
	build [6, 6]
seth@sethpollack.net Seth Pollack
	unknown [31, 0]
carre.marc@gmail.com Marc CARRE
	unknown [91, 2]
jon@jonchiu.com Jon Chiu
	unknown [4, 0]
zihongz@google.com Zihong Zheng
	unknown [102, 11]
	devel-doc [3, 0]
	code [14, 2]
	build [4, 5]
dosullivan@users.noreply.github.com Daniel O'Sullivan
	unknown [1, 1]
zml@google.com Zach Loafman
	unknown [66, 7]
	code [2, 7]
	build [10, 5]
ykuoka@gmail.com KUOKA Yusuke
	unknown [1802, 710]
	devel-doc [221, 4]
jhollinshead@hotels.com Joseph Hollinshead
	unknown [24, 24]
jorge.arcoma@gmail.com Jorge Arco
	unknown [3, 3]
camil@edka.io Camil Blanaru
	unknown [653, 223]
c-knowles@users.noreply.github.com Chris Knowles
	unknown [28, 24]
	devel-doc [3, 3]
jeremydeininger@gmail.com Jeremy Deininger
	unknown [124, 123]
daniel.tritone@gmail.com Daniel Martins
	unknown [623, 98]
daniel.martins@descomplica.com.br Daniel Fernandes Martins
	unknown [33, 1]
almog.baku@gmail.com AlmogBaku
	unknown [3, 3]
	devel-doc [2, 2]
	build [1, 1]
almogbaku@rimoto.com Almog Baku
	unknown [10, 10]
	devel-doc [2, 2]
	build [1, 1]
swestcott@gmail.com Simon Westcott
	unknown [55, 0]
	devel-doc [1, 1]
patrik@votocek.cz Patrik Votocek
	unknown [1, 1]
bfallik@gmail.com Brian Fallik
	unknown [4, 4]
fbranczyk@gmail.com Frederic Branczyk
	unknown [59, 19]
fab.reinartz@gmail.com Fabian Reinartz
sophaskins@github.com Sophie Haskins
	devel-doc [3, 5]
jkeife@alianza.com josh keife
	unknown [1, 1]
russell.r.cohen@gmail.com Russell Cohen
	devel-doc [1, 1]
luxas@users.noreply.github.com Lucas Käldström
	unknown [1199, 1670]
	devel-doc [66, 47]
	documentation [7, 2]
	build [26, 30]
everett.toews@rackspace.com Everett Toews
	unknown [57, 12]
jeff.regan@gmail.com Jeff Regan
ailusazh@126.com ailusazh
	unknown [4, 1]
danw@redhat.com Dan Winship
	unknown [1662, 15]
	devel-doc [49, 0]
	code [1, 0]
mtaufen@google.com Michael Taufen
	unknown [553, 0]
	devel-doc [81, 0]
	documentation [1, 0]
	build [58, 0]
ppospisi@redhat.com pospispa
	unknown [39, 9]
shiywang@redhat.com shiywang
	unknown [195, 187]
	devel-doc [0, 1]
	code [4, 0]
cmluciano@us.ibm.com Christopher M. Luciano
	unknown [7, 38]
dvorak@google.com Jonathan MacMillan
	unknown [275, 90]
	devel-doc [5, 0]
	code [80, 2]
tsmetana@redhat.com Tomas Smetana
	unknown [851, 190]
	devel-doc [8, 0]
lukaszoles@gmail.com Łukasz Oleś
	unknown [419, 61]
	code [1, 1]
dmcquay@apprenda.com Derek McQuay
	unknown [290, 53]
	devel-doc [5, 2]
	documentation [0, 1]
divyenp@vmware.com divyenpatel
	unknown [431, 202]
	devel-doc [31, 1]
agoldste@redhat.com Andy Goldstein
	unknown [397, 134]
jvance@redhat.com Jeff Vance
	unknown [494, 341]
	devel-doc [2, 0]
george.kraft@canonical.com George Kraft
	code [2, 2]
ryeterrell@ryeterrell.net Rye Terrell
	code [10, 3]
	documentation [1, 1]
jacek.nykis@canonical.com Jacek N
	unknown [293, 1]
	devel-doc [22, 2]
	code [5, 0]
kos.tsakalozos@canonical.com Konstantinos Tsakalozos
	unknown [20, 20]
	devel-doc [7, 3]
	code [57, 37]
timothysc@gmail.com Timothy St. Clair
	unknown [524, 412]
	devel-doc [218, 70]
spzala@us.ibm.com Sahdev P. Zala
	unknown [14, 13]
	devel-doc [1, 1]
dashpole@google.com David Ashpole
	unknown [683, 214]
	devel-doc [7, 3]
weiwei.inf@gmail.com Wei Wei
	unknown [14, 1]
wojtekt@google.com Wojciech Tyczynski
	unknown [782, 981]
	devel-doc [3, 5]
	code [1, 1]
bsalamat@google.com Bobby Salamat
	unknown [312, 66]
	documentation [2, 0]
jay@apache.org jayunit100
	unknown [10, 8]
	code [9, 8]
jcope@redhat.com Jon Cope
	unknown [832, 917]
	devel-doc [1, 1]
mvdan@mvdan.cc Daniel Martí
	unknown [56, 71]
taotaotheripper@gmail.com Random-Liu
	unknown [199, 146]
	code [90, 2]
	build [33, 4]
dims@linux.vnet.ibm.com Davanum Srinivas
	code [6, 5]
393926893@qq.com zhengjiajin
	unknown [350, 9]
	devel-doc [3, 0]
zhang.xiaoyu33@zte.com.cn Xiaoyu Zhang
	unknown [194, 199]
	devel-doc [1, 1]
	build [15, 15]
ahmetb@google.com Ahmet Alp Balkan
	unknown [8, 2]
	devel-doc [1, 1]
sjenning@redhat.com Seth Jennings
	unknown [118, 192]
	devel-doc [0, 1]
1004815462@qq.com knightXun
	unknown [1, 1]
cole.mickens@gmail.com Cole Mickens
	unknown [24, 0]
	devel-doc [1, 0]
rmmh@google.com Ryan Hitchman
	unknown [85, 10]
	devel-doc [120, 3]
	code [3223, 135]
	build [59, 1]
	documentation [86, 1]
ravisantoshgudimetla@gmail.com ravisantoshgudimetla
	unknown [77, 40]
joseph.lanoux@hpe.com joseph-lanoux
	code [8, 0]
vmik@google.com Mik Vyatskov
	unknown [786, 106]
	devel-doc [76, 31]
	code [0, 29]
	build [0, 44]
jsz@google.com Jerzy Szczepkowski
	unknown [55, 29]
	code [7, 0]
doliu@microsoft.com Dong Liu
	unknown [343, 107]
haoyuan.ge@caicloud.io haoyuan
	unknown [4, 5]
krousey@users.noreply.github.com krousey
	unknown [2, 2]
csbell@google.com Christian Bell
	unknown [69, 90]
	code [3, 1]
madhusudancs@google.com Madhusudan.C.S
	unknown [628, 261]
	devel-doc [3, 1]
	code [85, 45]
andrew.oneill@nordstrom.com Andrew O'Neill
	unknown [55, 3]
sidvin@amazon.com Vinothkumar Siddharth
	code [1, 1]
tvansteenburgh@gmail.com Tim Van Steenburgh
	unknown [36, 4]
	code [497, 25]
jaescobar.cell@gmail.com Alejandro Escobar
	unknown [2, 0]
	devel-doc [1, 1]
	code [2, 1]
jeffschroeder@computer.org Jeff Schroeder
	unknown [4, 4]
max@kutsevol.com Maxym Kutsevol
	unknown [9, 1]
	devel-doc [400, 0]
bizhao@vmware.com Binbin Zhao
	unknown [1, 1]
xujun@cmss.chinamobile.com xujun
	unknown [7, 28]
dawnchen@google.com Dawn Chen
	unknown [52, 134]
vojtech.vitek@pressly.com Vojtech Vitek
	unknown [5, 5]
better0332@163.com better88
	unknown [3, 4]
julien.balestra@gmail.com Julien Balestra
	unknown [20, 0]
wei.chuanhui1@zte.com.cn StudyNick
	unknown [4, 4]
lvjiangzhao@jd.com lvjiangzhao
	unknown [2, 1]
cjcullen@google.com CJ Cullen
	unknown [1, 0]
	build [3, 3]
martinvladev@gmail.com fen4o
	unknown [1, 1]
ramanathana@google.com Anirudh
	unknown [9, 5]
connor.p.doyle@intel.com Connor Doyle
	unknown [343, 189]
	devel-doc [5, 0]
karol.kraskiewicz@gmail.com Karol Kraśkiewicz
	unknown [12, 7]
	devel-doc [29, 1]
wenlxie@ebay.com wenlxie
	unknown [17, 9]
coolhzb@163.com AdoHe
	unknown [10, 5]
gmarek@google.com gmarek
	unknown [80, 159]
	devel-doc [0, 1]
gus@inodes.org Angus Lees
	unknown [7, 7]
	code [1, 1]
	build [1, 1]
andrew@andrewrynhard.com Andrew Rynhard
	unknown [8, 5]
mitsuhiro.tanino@hds.com mtanino
	code [1, 1]
sebastian@loodse.com Sebastian Scheele
	unknown [1, 1]
owensk@google.com Kenneth Owens
	unknown [35, 38]
irfan.rehman@huawei.com Irfan Ur Rehman
	unknown [16, 0]
qlee@google.com Quintin Lee
	build [1, 1]
kazuki.suda@gmail.com Kazuki Suda
	unknown [4, 0]
409107750@qq.com mlmhl
	unknown [2, 2]
mark@praseodym.net Mark Janssen
	devel-doc [3, 3]
willdon@nerdondon.com nerdondon
	unknown [185, 51]
ianeta.hutchinson@intel.com ihutchin
	unknown [381, 362]
email.ahmedkamal@googlemail.com Ahmed Kamal
	unknown [1, 1]
vsemushi@redhat.com Slava Semushin
	unknown [38, 20]
casey@tigera.io Casey Davenport
	unknown [3, 498]
chen.huan@zte.com.cn chenhuan12
	unknown [67, 59]
steveperry-53@users.noreply.github.com Steve Perry
	unknown [13502, 12855]
	documentation [137, 11]
	build [197, 0]
chenopis@google.com Andrew Chen
	code [188, 1]
	unknown [4147, 4044]
	devel-doc [167, 2]
	documentation [1, 2]
	build [4, 4]
stevepe@google.com steveperry-53
	unknown [1, 1]
tgraf@suug.ch Thomas Graf
	unknown [1, 0]
jiang.lingxia@zte.com.cn jianglingxia
	unknown [16, 16]
g.o.crawford@gmail.com George Crawford
	unknown [2, 1]
yogendrarampuria@gmail.com Yogendra Rampuria - Yogi
	documentation [1, 1]
brunovern.a@gmail.com Bruno Vernay
	unknown [2, 2]
github@fgribreau.com Francois-Guillaume Ribreau
	unknown [1, 1]
aditya@portworx.com Aditya Dani
	unknown [69, 0]
stlwrt@gmail.com Pavel Shevchuk
	build [3, 3]
simon@rueggs.ch Simon Rüegg
	unknown [1, 1]
elijah.caine@coreos.com Elijah C. Voigt
	unknown [102, 165]
slava.semushin@gmail.com Vyacheslav Semushin
	unknown [48, 34]
zhang.wanmin@zte.com.cn William Chang
	unknown [3, 3]
keith.bartholomew@rackspace.com Keith Bartholomew
	unknown [2, 2]
josh@curl.me Josh Curl
	unknown [1, 1]
aniket.contrail@gmail.com aniket-contrail
	unknown [4, 0]
rohan@sah.ai Rohan Sahai
	documentation [1, 1]
errordeveloper@gmail.com Ilya Dmitrichenko
	unknown [0, 10]
mike@kollegienet.dk Mike Rostermund
	unknown [1, 1]
10110918@zte.com.cn ztewyk
	unknown [1, 0]
mcginnisrr@gmail.com Ryan McGinnis
	unknown [1, 1]
estidham@gmail.com Erik Stidham
	unknown [1, 1]
robin.kurz@student.reutlingen-university.de blackbird29
	build [1, 1]
richard@aggress.net Richard Shaw
	unknown [3, 3]
hou.jun2@zte.com.cn houjun
	unknown [2, 2]
stevenerenst@gmail.com Steven Erenst
	unknown [2, 2]
nickleefly@gmail.com Xiuyu Li
	unknown [3, 3]
	image [0, 0]
boukevanderbijl@gmail.com Bouke van der Bijl
	unknown [1, 1]
xm@faascape.com faascape
	unknown [1, 1]
joewang@berkeley.edu Joe Wang
	unknown [1, 1]
gurvindersinghdahiya@gmail.com Gurvinder Singh
	unknown [3, 2]
marklam@google.com mlambert890b
	code [4, 4]
simon@wydooghe.com Simon Wydooghe
	unknown [1, 1]
shiywang@users.noreply.github.com Shiyang Wang
	unknown [2, 0]
jakob.karalus@gmx.net Jakob Karalus
	unknown [9, 0]
peay@protonmail.com peay
	unknown [1, 1]
oshalygin@gmail.com Oleg Shalygin
	unknown [0, 2]
xinzhang1228@gmail.com Xin Zhang
markronquillo23@gmail.com Mark Joseph Ronquillo
	unknown [1, 1]
wangzefeng@huawei.com Kevin
	unknown [57, 75]
phanindra.nitw@gmail.com Phanindra Pydisetty
	unknown [1, 1]
csutherland@gmail.com Craig Sutherland
	documentation [1, 1]
schmch@gmail.com Chris Schmich
	unknown [1, 1]
github@rpaisley.com Rob Paisley
	documentation [1, 1]
wangjie5@chinaskycloud.com Wang Jie
aprindle@google.com Aaron Prindle
	unknown [1666, 2690]
	devel-doc [16, 31]
	code [2, 1]
mrick@google.com Matt Rickard
	unknown [10980, 10123]
	devel-doc [466, 440]
	code [6, 2]
	build [4, 3]
voytikd@gmail.com Dmitry Voytik
	devel-doc [1, 1]
maxime.vidori@container-solutions.com Maxime Vidori
	unknown [44, 0]
	devel-doc [23, 2]
	build [19, 3]
sylvain@ascribe.io Sylvain Bellemare
	devel-doc [1, 1]
srbrahma@us.ibm.com Srini Brahmaroutu
	unknown [1, 1]
pkieu@jpl.nasa.gov Phu Kieu
	devel-doc [95, 1]
slokas@upmc.edu Steve Sloka
	unknown [49, 4]
max.lavrenov@optiopay.com Max Lavrenov
	unknown [23, 2]
da.colonel@gmail.com Denis Andrejew
	devel-doc [1, 1]
daleha@gmail.com Dale Hamel
	unknown [10, 1]
me@razius.com Silviu Tantos
	devel-doc [2, 1]
eden.li@gmail.com Eden Li
	unknown [28, 21]
jmilan@redhat.com Julius Milan
	unknown [38, 0]
euan.kemp@coreos.com Euan Kemp
	unknown [311, 1]
	devel-doc [11, 9]
tomas.dohnalek@firma.seznam.cz Tomas Dohnalek
	unknown [1, 1]
mkumatag@in.ibm.com Manjunath A Kumatagi
	unknown [2, 2]
	build [1, 1]
alexander.kanevskiy@intel.com Alexander Kanevskiy
	unknown [4, 4]
tomwilkie@users.noreply.github.com Tom Wilkie
	unknown [21, 5]
luca.bruno@coreos.com Luca Bruno
	devel-doc [4, 0]
mkibbe@google.com Michael Kibbe
	unknown [79, 42]
	devel-doc [2, 2]
	code [307, 891]
	build [1, 1]
arschles@gmail.com Aaron Schlesinger
	unknown [631, 181]
	devel-doc [16, 26]
	code [35, 4]
	build [8, 2]
marko.luksa@gmail.com Marko Lukša
	unknown [23, 7]
leungs@us.ibm.com Simon Leung
	unknown [343, 50]
	devel-doc [278, 45]
	code [1, 1]
	build [1, 1]
krancour@users.noreply.github.com Kent Rancourt
	unknown [2113, 799]
	devel-doc [123, 85]
	code [4, 4]
	build [43, 44]
jpeeler@redhat.com Jeff Peeler
	unknown [985, 293]
pmorie@redhat.com Paul Morie
	code [0, 72]
	unknown [11926, 14876]
	devel-doc [170, 182]
	documentation [0, 5]
	build [4, 39]
dug@us.ibm.com Doug Davis
	devel-doc [1, 1]
	code [1, 1]
vaikas-google@users.noreply.github.com Ville Aikas
	unknown [2682, 2819]
mbauer@us.ibm.com Morgan Bauer
	unknown [319, 103]
	code [5, 5]
	build [4, 2]
agonzalezro@gmail.com Alexandre González
	unknown [7, 5]
jforrest@redhat.com Jessica Forrester
	unknown [8, 0]
lserven@gmail.com Lucas Serven
	unknown [45, 13]
	devel-doc [17, 8]
apelisse@google.com Antoine Pelisse
	unknown [3875, 1534]
	devel-doc [251, 92]
	code [44, 2]
	build [5, 28]
	documentation [1, 0]
nicksledgian@gmail.com Nicholas Sledgianowski
	unknown [15, 180]
senlu@google.com Sen Lu
	unknown [395, 146]
	devel-doc [13, 0]
	code [366, 373]
	build [1, 1]
vorlon@debian.org vorlonofportland
	unknown [9, 0]
wonderfly@users.noreply.github.com Daniel Wang
yinghan@google.com Ying Han
	unknown [86, 0]
jeffml@google.com Jeff Dempsey
	unknown [33, 20]
sebastienvas@google.com Sebastien Vas
	unknown [12, 0]
chenjg@harmonycloud.cn fate-grand-order
	unknown [3, 3]
devel-doc 25864 5776
	sid@rancher.com wlan0: [270, 0]
	enisoc@google.com Anthony Yeh: [2144, 689]
	admin@toph.ca Christoph Blecker: [8, 13]
	jliggitt@redhat.com Jordan Liggitt: [17, 5]
	stefan.schimanski@gmail.com Dr. Stefan Schimanski: [51, 118]
	deads@redhat.com deads2k: [1291, 473]
	spxtr@google.com Joe Finney: [154, 3]
	pszczesniak@google.com Piotr Szczesniak: [3, 3]
	ccoleman@redhat.com Clayton Coleman: [29, 0]
	justin@fathomdb.com Justin Santa Barbara: [82, 14]
	xuchao@google.com Chao Xu: [33, 5]
	gyliu513@gmail.com Guangya Liu: [13, 9]
	maszulik@redhat.com Maciej Szulik: [9, 0]
	chenr.fnst@cn.fujitsu.com xilabao: [10, 1]
	jmyue@hotmail.com supereagle: [4, 4]
	marun@redhat.com Maru Newby: [105, 3]
	mwielgus@google.com Marcin Wielgus: [360, 221]
	maciekpytel@google.com Maciej Pytel: [12, 3]
	diwu1989@users.noreply.github.com Di Wu: [4, 4]
	yifan.gu@coreos.com Yifan Gu: [5, 1]
	rahul@rmenn.in Rahul: [6, 0]
	porkbird@icloud.com Oleksii Kliukin: [9, 8]
	jainishshah@yahoo.com Jainish Shah: [1, 1]
	mgoodness@gmail.com Michael Goodness: [117, 63]
	pierre@ozoux.net Pierre Ozoux: [1, 2]
	pchampon@gmail.com Philip Champon: [47, 4]
	unguiculus@gmail.com Reinhard Nägele: [44, 27]
	sameer@damagehead.com Sameer Naik: [101, 1]
	linki@users.noreply.github.com Martin Linkhorst: [181, 96]
	electroma@gmail.com Roman Safronov: [140, 1]
	adnan@prydoni.us Adnan Abdulhussein: [2, 2]
	ashley.penney@maxwellhealth.com Ashley Penney: [16, 17]
	justin.r.nauman+github@gmail.com Justin Nauman: [1, 2]
	ipaq.lw@gmail.com Sergey Nuzhdin: [15, 15]
	shanestarcher@gmail.com Shane Starcher: [1, 1]
	jose5918@gmail.com jose5918: [14, 2]
	sdomula@users.noreply.github.com Stan Domula: [2, 0]
	dparfitt@mozilla.com Dave Parfitt: [3, 0]
	nitisht@users.noreply.github.com Nitish Tiwari: [41, 6]
	gam-phon@users.noreply.github.com Yaser Alraddadi: [1, 1]
	nicolas.lamirault@gmail.com Nicolas Lamirault: [1, 0]
	nouney@users.noreply.github.com Valentin Tjoncke: [1, 0]
	jbianquetti-nami@users.noreply.github.com Jorge Bianquetti: [32, 28]
	henning@jacobs1.de Henning Jacobs: [0, 0]
	chance.zibolski@gmail.com Chance Zibolski: [14, 9]
	ph.woerdehoff+21st@gmail.com 21stio: [1, 1]
	klaus1982.cn@gmail.com Klaus Ma: [1, 0]
	hchen@redhat.com Huamin Chen: [204, 28]
	yu.peng36@zte.com.cn yupengzte: [15, 15]
	avagarwa@redhat.com Avesh Agarwal: [14, 26]
	krousey@google.com Kris: [2, 0]
	chiachenk@google.com Janet Kuo: [5, 0]
	jsafrane@redhat.com Jan Safranek: [310, 62]
	wdenniss@google.com William Denniss: [7, 3]
	mehdy@google.com Mehdy Bohlool: [230, 7]
	joe.github@bedafamily.com Joe Beda: [6, 19]
	bowei.du@gmail.com Bowei Du: [18, 0]
	brendan.d.burns@gmail.com Brendan Burns: [1, 0]
	song.ruixia@zte.com.cn SongRuixia: [1, 1]
	mbruzek@gmail.com Matt Bruzek: [8, 8]
	beacham@google.com Jacob Beacham: [10, 2]
	hekumar@redhat.com Hemant Kumar: [49, 27]
	bgrant0607@users.noreply.github.com Brian Grant: [2, 3]
	erick@fejta.com Erick Fejta: [55, 4]
	saadali@google.com Saad Ali: [161, 53]
	nelcyguy@gmail.com Chakravarthy Nelluri: [154, 320]
	cai.yixiang@zte.com.cn caiyixiang: [202, 2]
	ixdy@users.noreply.github.com Jeff Grafton: [4, 1]
	haowang@redhat.com Haoran Wang: [2, 0]
	yjhong@google.com Yu-Ju Hong: [1, 71]
	ffranz@redhat.com Fabiano Franz: [10, 2]
	ihor@dvoretskyi.com Ihor Dvoretskyi: [6, 2]
	pjpires@gmail.com Paulo Pires: [1, 0]
	acidburn@google.com Jess Frazelle: [827, 0]
	caleb.miles@coreos.com caleb miles: [416, 410]
	nikhiljindal@google.com Nikhil Jindal: [7, 0]
	jregan@google.com Jeffrey Regan: [126, 116]
	michmike@users.noreply.github.com Michael Michael: [8, 1]
	pwittroc+github@google.com Phillip Wittrock: [10079, 0]
	mikedanese@gmail.com Mike Danese: [47, 4]
	shyamjvs@google.com Shyam Jeedigunta: [32, 0]
	e.proydakov@gmail.com Proydakov Evgeny: [2, 0]
	li.xialong@zte.com.cn xialonglee: [1, 1]
	stclair@google.com Tim St. Clair: [11, 7]
	dwalsh@redhat.com Daniel J Walsh: [2, 2]
	mpatel@redhat.com Mrunal Patel: [11, 7]
	dcbw@redhat.com Dan Williams: [0, 1]
	jawnsy@redhat.com Jonathan Yu: [89, 22]
	feiskyer@users.noreply.github.com Pengfei Ni: [61, 1]
	duffy@redhat.com Máirín Duffy: [1, 0]
	maciaszczykm@users.noreply.github.com Marcin Maciaszczyk: [1, 0]
	zouyee1989@gmail.com zoues: [90, 25]
	dromlein@apprenda.com Dan Romlein: [4, 4]
	shashidhara.td@huawei.com shashidharatd: [37, 3]
	chris@linuxuser.at Chris Hager: [70, 72]
	vivekbhat@live.com Vivek Bhat: [12, 12]
	bdontu@vmware.com Balu Dontu: [360, 0]
	lxia@redhat.com liangxia: [0, 2]
	ancosen@gmail.com Andrea Cosentino: [88, 98]
	vladimir.vivien@gmail.com Vladimir Vivien: [80, 32]
	tiwari.nitish@gmail.com Nitish: [438, 530]
	yong.tang.github@outlook.com Yong Tang: [6, 6]
	sritesh@vmware.com Ritesh H Shukla: [158, 10]
	m@moscar.net Mikkel Oscar Lyderik Larsen: [1, 1]
	bchilds@redhat.com childsb: [23, 0]
	wongma7@users.noreply.github.com Matthew Wong: [1230, 578]
	andrew@andrewklau.com Andrew Lau: [3, 1]
	hchiramm@redhat.com Humble Chirammal: [33, 0]
	grod@google.com Garrett Rodrigues: [3, 3]
	thockin@google.com Tim Hockin: [1, 4]
	vikramtheone1@gmail.com Vikram Tiwari: [2, 2]
	directxman12+github@gmail.com Solly Ross: [5, 0]
	pu.junqi@zte.com.cn 10138035: [2, 2]
	brian@deis.com fibonacci1729: [131, 52]
	kokano@hotels.com Kiichiro Okano: [1, 1]
	technosophos@gmail.com Matt Butcher: [3, 3]
	huszty.gergo@digitaltrip.hu Gergo Huszty: [2, 2]
	mfisher@deis.com Matthew Fisher: [1, 1]
	aaron@roydhouse.com Aaron Roydhouse: [1, 1]
	chen.tao3@zte.com.cn chentao1596: [41, 0]
	aledbf@gmail.com Manuel de Brito Fontes: [207, 52]
	jcmoraisjr@gmail.com Joao Morais: [285, 0]
	msachs@google.com Matthew Sachs: [2, 2]
	ricardo.katz@gmail.com Ricardo Pchevuzinske Katz: [61, 0]
	gianrubio@gmail.com Giancarlo Rubio: [443, 0]
	rikatz@users.noreply.github.com Ricardo Katz: [2, 2]
	leecalcote@gmail.com Lee Calcote: [2, 2]
	glertxundi@gmail.com Gorka Lerchundi Osa: [79, 0]
	craig@malachiarts.com craigmonson: [1, 1]
	sgolovatiuk@mirantis.com Sergii Golovatiuk: [5, 5]
	mmosesohn@mirantis.com Matthew Mosesohn: [13, 11]
	antoine.legrand@coreos.com Antoine Legrand: [13, 1]
	zoidbergwill@gmail.com William Martin Stewart: [1, 1]
	vincent.schwarzer@yahoo.de Vincent Schwarzer: [19, 11]
	github@connz.de Connz: [1, 1]
	charlie@charliedrage.com Charlie Drage: [139, 18]
	tomas.kral@gmail.com Tomas Kral: [8, 0]
	shivania@vmware.com Abrar Shivani: [5, 3]
	miaol@vmware.com Miao Luo: [82, 0]
	kris@nivenly.com Kris Nova: [25, 8]
	patrick.harboeck@tngtech.com Patrick Harböck: [6, 1]
	zihongz@google.com Zihong Zheng: [3, 0]
	ykuoka@gmail.com KUOKA Yusuke: [221, 4]
	c-knowles@users.noreply.github.com Chris Knowles: [3, 3]
	almog.baku@gmail.com AlmogBaku: [2, 2]
	almogbaku@rimoto.com Almog Baku: [2, 2]
	swestcott@gmail.com Simon Westcott: [1, 1]
	sophaskins@github.com Sophie Haskins: [3, 5]
	russell.r.cohen@gmail.com Russell Cohen: [1, 1]
	luxas@users.noreply.github.com Lucas Käldström: [66, 47]
	danw@redhat.com Dan Winship: [49, 0]
	mtaufen@google.com Michael Taufen: [81, 0]
	shiywang@redhat.com shiywang: [0, 1]
	dvorak@google.com Jonathan MacMillan: [5, 0]
	tsmetana@redhat.com Tomas Smetana: [8, 0]
	dmcquay@apprenda.com Derek McQuay: [5, 2]
	divyenp@vmware.com divyenpatel: [31, 1]
	jvance@redhat.com Jeff Vance: [2, 0]
	jacek.nykis@canonical.com Jacek N: [22, 2]
	kos.tsakalozos@canonical.com Konstantinos Tsakalozos: [7, 3]
	timothysc@gmail.com Timothy St. Clair: [218, 70]
	spzala@us.ibm.com Sahdev P. Zala: [1, 1]
	dashpole@google.com David Ashpole: [7, 3]
	wojtekt@google.com Wojciech Tyczynski: [3, 5]
	jcope@redhat.com Jon Cope: [1, 1]
	393926893@qq.com zhengjiajin: [3, 0]
	zhang.xiaoyu33@zte.com.cn Xiaoyu Zhang: [1, 1]
	ahmetb@google.com Ahmet Alp Balkan: [1, 1]
	sjenning@redhat.com Seth Jennings: [0, 1]
	cole.mickens@gmail.com Cole Mickens: [1, 0]
	rmmh@google.com Ryan Hitchman: [120, 3]
	vmik@google.com Mik Vyatskov: [76, 31]
	madhusudancs@google.com Madhusudan.C.S: [3, 1]
	jaescobar.cell@gmail.com Alejandro Escobar: [1, 1]
	max@kutsevol.com Maxym Kutsevol: [400, 0]
	connor.p.doyle@intel.com Connor Doyle: [5, 0]
	karol.kraskiewicz@gmail.com Karol Kraśkiewicz: [29, 1]
	gmarek@google.com gmarek: [0, 1]
	mark@praseodym.net Mark Janssen: [3, 3]
	chenopis@google.com Andrew Chen: [167, 2]
	aprindle@google.com Aaron Prindle: [16, 31]
	mrick@google.com Matt Rickard: [466, 440]
	voytikd@gmail.com Dmitry Voytik: [1, 1]
	maxime.vidori@container-solutions.com Maxime Vidori: [23, 2]
	sylvain@ascribe.io Sylvain Bellemare: [1, 1]
	pkieu@jpl.nasa.gov Phu Kieu: [95, 1]
	da.colonel@gmail.com Denis Andrejew: [1, 1]
	me@razius.com Silviu Tantos: [2, 1]
	euan.kemp@coreos.com Euan Kemp: [11, 9]
	luca.bruno@coreos.com Luca Bruno: [4, 0]
	mkibbe@google.com Michael Kibbe: [2, 2]
	arschles@gmail.com Aaron Schlesinger: [16, 26]
	leungs@us.ibm.com Simon Leung: [278, 45]
	krancour@users.noreply.github.com Kent Rancourt: [123, 85]
	pmorie@redhat.com Paul Morie: [170, 182]
	dug@us.ibm.com Doug Davis: [1, 1]
	lserven@gmail.com Lucas Serven: [17, 8]
	apelisse@google.com Antoine Pelisse: [251, 92]
	senlu@google.com Sen Lu: [13, 0]
code 200225 9645
	enisoc@google.com Anthony Yeh: [0, 4]
	admin@toph.ca Christoph Blecker: [55, 51]
	jliggitt@redhat.com Jordan Liggitt: [148, 30]
	stefan.schimanski@gmail.com Dr. Stefan Schimanski: [47, 113]
	deads@redhat.com deads2k: [164, 9]
	mengqiy@google.com ymqytw: [29, 6]
	spxtr@google.com Joe Finney: [82, 38]
	pszczesniak@google.com Piotr Szczesniak: [17, 3]
	ccoleman@redhat.com Clayton Coleman: [7, 2]
	justin@fathomdb.com Justin Santa Barbara: [123, 754]
	xuchao@google.com Chao Xu: [739, 169]
	maszulik@redhat.com Maciej Szulik: [147, 24]
	caosf.fnst@cn.fujitsu.com Cao Shufeng: [35, 4]
	chenr.fnst@cn.fujitsu.com xilabao: [47, 2]
	jamie.hannaford@rackspace.com Jamie Hannaford: [4, 0]
	pb@coreos.com Patrick Baxter: [34, 32]
	yifan.gu@coreos.com Yifan Gu: [0, 9]
	aaronjlevy@gmail.com Aaron Levy: [6, 6]
	eric.chiang.m@gmail.com Eric Chiang: [4, 0]
	unguiculus@gmail.com Reinhard Nägele: [26, 8]
	james@jagregory.com James Gregory: [1, 1]
	ashley.penney@maxwellhealth.com Ashley Penney: [0, 0]
	klaus1982.cn@gmail.com Klaus Ma: [14, 6]
	hchen@redhat.com Huamin Chen: [299, 0]
	avagarwa@redhat.com Avesh Agarwal: [0, 2]
	chiachenk@google.com Janet Kuo: [36, 2]
	jsafrane@redhat.com Jan Safranek: [2, 1]
	mehdy@google.com Mehdy Bohlool: [1, 1]
	joe.github@bedafamily.com Joe Beda: [3, 3]
	decarr@redhat.com Derek Carr: [31, 0]
	jchaloup@redhat.com Jan Chaloupka: [3, 1]
	dhodovsk@redhat.com Dominika Hodovska: [66, 11]
	brendan.d.burns@gmail.com Brendan Burns: [33, 4]
	mkargaki@redhat.com Michail Kargakis: [3, 0]
	beacham@google.com Jacob Beacham: [134, 31]
	erick@fejta.com Erick Fejta: [965, 1274]
	ixdy@users.noreply.github.com Jeff Grafton: [116, 57]
	ffranz@redhat.com Fabiano Franz: [17, 0]
	acidburn@google.com Jess Frazelle: [26, 4]
	nikhiljindal@google.com Nikhil Jindal: [15, 2]
	vishnuk@google.com Vishnu kannan: [9, 0]
	pwittroc+github@google.com Phillip Wittrock: [183542, 2]
	mikedanese@gmail.com Mike Danese: [121, 1]
	metal3d@gmail.com Patrice Ferlet: [6, 0]
	shyamjvs@google.com Shyam Jeedigunta: [2, 0]
	talset55@gmail.com talset: [4, 0]
	asarai@suse.de Aleksa Sarai: [98, 1]
	mpatel@redhat.com Mrunal Patel: [43, 0]
	dcbw@redhat.com Dan Williams: [156, 137]
	feiskyer@users.noreply.github.com Pengfei Ni: [2, 1]
	s.florek91@gmail.com Sebastian Florek: [4502, 4083]
	rob@rob-franken.nl Rob Franken: [2, 2]
	maciaszczykm@users.noreply.github.com Marcin Maciaszczyk: [1593, 635]
	christoph.held@est.fujitsu.com Christoph Held: [296, 58]
	mlamina09@gmail.com Marco Lamina: [400, 6]
	olekz@google.com olekzabl: [2, 2]
	kenan.karamehmedovic@est.fujitsu.com Kenan Karamehmedovic: [18, 4]
	shashidhara.td@huawei.com shashidharatd: [17, 27]
	bchilds@redhat.com childsb: [133, 0]
	wongma7@users.noreply.github.com Matthew Wong: [31, 50]
	dan@redspread.com Dan Gillespie: [39, 13]
	crazykev@zju.edu.cn Crazykev: [21, 1]
	development@stp-ip.net Michael Grosser: [4, 4]
	aleksandram@google.com Aleksandra Malinowska: [2, 0]
	adam@reese.io Adam Reese: [0, 1]
	chen.tao3@zte.com.cn chentao1596: [1, 1]
	aledbf@gmail.com Manuel de Brito Fontes: [10, 5]
	vladimir@rutsky.org Vladimir Rutsky: [0, 116]
	daniele.cesarini@sky.uk Cesarini, Daniele: [1, 1]
	ashetty@redhat.com Anush Shetty: [413, 0]
	surajnarwade353@gmail.com Suraj Narwade: [4, 4]
	charlie@charliedrage.com Charlie Drage: [82, 1]
	tomas.kral@gmail.com Tomas Kral: [0, 36]
	prashimas@vmware.com prashima: [98, 98]
	clove@cnmconsulting.net chrislovecnm: [21, 21]
	zihongz@google.com Zihong Zheng: [14, 2]
	zml@google.com Zach Loafman: [2, 7]
	danw@redhat.com Dan Winship: [1, 0]
	shiywang@redhat.com shiywang: [4, 0]
	dvorak@google.com Jonathan MacMillan: [80, 2]
	lukaszoles@gmail.com Łukasz Oleś: [1, 1]
	george.kraft@canonical.com George Kraft: [2, 2]
	ryeterrell@ryeterrell.net Rye Terrell: [10, 3]
	jacek.nykis@canonical.com Jacek N: [5, 0]
	kos.tsakalozos@canonical.com Konstantinos Tsakalozos: [57, 37]
	wojtekt@google.com Wojciech Tyczynski: [1, 1]
	jay@apache.org jayunit100: [9, 8]
	taotaotheripper@gmail.com Random-Liu: [90, 2]
	dims@linux.vnet.ibm.com Davanum Srinivas: [6, 5]
	rmmh@google.com Ryan Hitchman: [3223, 135]
	joseph.lanoux@hpe.com joseph-lanoux: [8, 0]
	vmik@google.com Mik Vyatskov: [0, 29]
	jsz@google.com Jerzy Szczepkowski: [7, 0]
	csbell@google.com Christian Bell: [3, 1]
	madhusudancs@google.com Madhusudan.C.S: [85, 45]
	sidvin@amazon.com Vinothkumar Siddharth: [1, 1]
	tvansteenburgh@gmail.com Tim Van Steenburgh: [497, 25]
	jaescobar.cell@gmail.com Alejandro Escobar: [2, 1]
	gus@inodes.org Angus Lees: [1, 1]
	mitsuhiro.tanino@hds.com mtanino: [1, 1]
	chenopis@google.com Andrew Chen: [188, 1]
	marklam@google.com mlambert890b: [4, 4]
	aprindle@google.com Aaron Prindle: [2, 1]
	mrick@google.com Matt Rickard: [6, 2]
	mkibbe@google.com Michael Kibbe: [307, 891]
	arschles@gmail.com Aaron Schlesinger: [35, 4]
	leungs@us.ibm.com Simon Leung: [1, 1]
	krancour@users.noreply.github.com Kent Rancourt: [4, 4]
	pmorie@redhat.com Paul Morie: [0, 72]
	dug@us.ibm.com Doug Davis: [1, 1]
	mbauer@us.ibm.com Morgan Bauer: [5, 5]
	apelisse@google.com Antoine Pelisse: [44, 2]
	senlu@google.com Sen Lu: [366, 373]
package 0 0
	qin.wang@intel.com Qin Wang: [0, 0]
unknown 314212 151734
	sid@rancher.com wlan0: [1686, 102]
	cezarsa@gmail.com Cezar Sa Espinola: [62, 4]
	enisoc@google.com Anthony Yeh: [1607, 1038]
	admin@toph.ca Christoph Blecker: [407, 207]
	jliggitt@redhat.com Jordan Liggitt: [2096, 1014]
	1585370057@qq.com jorenhehe: [8, 8]
	stefan.schimanski@gmail.com Dr. Stefan Schimanski: [287, 276]
	deads@redhat.com deads2k: [19754, 4318]
	mengqiy@google.com ymqytw: [2209, 6865]
	spxtr@google.com Joe Finney: [1062, 279]
	pszczesniak@google.com Piotr Szczesniak: [1701, 811]
	ccoleman@redhat.com Clayton Coleman: [211, 117]
	justin@fathomdb.com Justin Santa Barbara: [10474, 2803]
	xuchao@google.com Chao Xu: [1117, 2599]
	gyliu513@gmail.com Guangya Liu: [28, 10]
	maszulik@redhat.com Maciej Szulik: [1014, 846]
	caosf.fnst@cn.fujitsu.com Cao Shufeng: [175, 78]
	chenr.fnst@cn.fujitsu.com xilabao: [1113, 269]
	jmyue@hotmail.com supereagle: [6, 7]
	lukasz.szaszkiewicz@gmail.com p0lyn0mial: [443, 0]
	curtis.allen@robotsandpencils.com Curtis Allen: [25, 25]
	marun@redhat.com Maru Newby: [1411, 436]
	mwielgus@google.com Marcin Wielgus: [2238, 1525]
	maciekpytel@google.com Maciej Pytel: [1989, 389]
	diwu1989@users.noreply.github.com Di Wu: [1, 1]
	jamie.hannaford@rackspace.com Jamie Hannaford: [131, 18]
	pb@coreos.com Patrick Baxter: [12, 12]
	yifan.gu@coreos.com Yifan Gu: [369, 74]
	aaronjlevy@gmail.com Aaron Levy: [49, 36]
	hasbro17@gmail.com hasbro17: [3, 3]
	levi.blackstone@rackspace.com Levi Blackstone: [83, 36]
	hongchaodeng1@gmail.com Hongchao Deng: [68, 18]
	carolyn.vanslyck@rackspace.com Carolyn Van Slyck: [48, 40]
	eric.chiang.m@gmail.com Eric Chiang: [91, 34]
	jan.willies@accenture.com Jan Willies: [0, 1]
	jwhitcraft@sugarcrm.com Jon Whitcraft: [6, 6]
	porkbird@icloud.com Oleksii Kliukin: [35, 19]
	lukaseichler1@googlemail.com Lukas Eichler: [145, 30]
	jainishshah@yahoo.com Jainish Shah: [4, 3]
	kwentakill@gmail.com Quentin Rousseau: [8, 8]
	mgoodness@gmail.com Michael Goodness: [694, 348]
	pierre@ozoux.net Pierre Ozoux: [11, 7]
	pchampon@gmail.com Philip Champon: [29, 11]
	unguiculus@gmail.com Reinhard Nägele: [232, 186]
	jchauncey@deis.com Jonathan Chauncey: [179, 15]
	kevin.fox@pnnl.gov kfox1111: [4, 0]
	sameer@damagehead.com Sameer Naik: [357, 11]
	linki@users.noreply.github.com Martin Linkhorst: [3244, 952]
	jack.zampolin@gmail.com Jack Zampolin: [176, 17]
	electroma@gmail.com Roman Safronov: [276, 2]
	james@jagregory.com James Gregory: [9, 9]
	nsrinivasan1976@gmail.com Naveen: [1, 1]
	adnan@prydoni.us Adnan Abdulhussein: [83, 50]
	ashley.penney@maxwellhealth.com Ashley Penney: [84, 26]
	justin.r.nauman+github@gmail.com Justin Nauman: [18, 8]
	ipaq.lw@gmail.com Sergey Nuzhdin: [29, 29]
	shanestarcher@gmail.com Shane Starcher: [33, 28]
	jose5918@gmail.com jose5918: [124, 3]
	sdomula@users.noreply.github.com Stan Domula: [12, 0]
	nitisht@users.noreply.github.com Nitish Tiwari: [184, 4]
	gam-phon@users.noreply.github.com Yaser Alraddadi: [2, 2]
	john@zenzic.com John Felten: [2, 2]
	nicolas.lamirault@gmail.com Nicolas Lamirault: [3, 2]
	nouney@users.noreply.github.com Valentin Tjoncke: [6, 1]
	gtaylor@users.noreply.github.com Greg Taylor: [6, 3]
	jbianquetti-nami@users.noreply.github.com Jorge Bianquetti: [48, 9]
	henning@jacobs1.de Henning Jacobs: [2, 1]
	ninkendo@gmail.com Ken Simon: [2, 2]
	chance.zibolski@gmail.com Chance Zibolski: [34, 11]
	spiddy@users.noreply.github.com spiddy: [1, 2]
	ph.woerdehoff+21st@gmail.com 21stio: [1, 1]
	klaus1982.cn@gmail.com Klaus Ma: [1083, 373]
	jacobsimpson@google.com Jacob Simpson: [365, 108]
	hchen@redhat.com Huamin Chen: [2273, 1164]
	chupman@us.ibm.com Chris Hupman: [43, 47]
	andrew@wattpad.com andrewsykim: [303, 138]
	yu.peng36@zte.com.cn yupengzte: [433, 434]
	avagarwa@redhat.com Avesh Agarwal: [1726, 2669]
	supermouselyh@hotmail.com Lou Yihua: [714, 564]
	krousey@google.com Kris: [380, 156]
	chiachenk@google.com Janet Kuo: [1128, 430]
	michael.fraenkel@gmail.com Michael Fraenkel: [103, 29]
	jsafrane@redhat.com Jan Safranek: [6584, 1027]
	wdenniss@google.com William Denniss: [1, 0]
	mehdy@google.com Mehdy Bohlool: [311, 19]
	joe.github@bedafamily.com Joe Beda: [1297, 693]
	decarr@redhat.com Derek Carr: [1860, 278]
	jchaloup@redhat.com Jan Chaloupka: [6, 0]
	dhodovsk@redhat.com Dominika Hodovska: [106, 139]
	bowei.du@gmail.com Bowei Du: [3227, 2718]
	brendan.d.burns@gmail.com Brendan Burns: [7459, 620]
	mkargaki@redhat.com Michail Kargakis: [373, 309]
	song.ruixia@zte.com.cn SongRuixia: [4, 4]
	mml@users.noreply.github.com Matt Liggett: [217, 0]
	li.guangxu@zte.com.cn guangxuli: [2, 3]
	msau@google.com Michelle Au: [200, 277]
	foxish@users.noreply.github.com Anirudh Ramanathan: [30, 11]
	beacham@google.com Jacob Beacham: [657, 69]
	hekumar@redhat.com Hemant Kumar: [371, 215]
	bgrant0607@users.noreply.github.com Brian Grant: [151, 155]
	yuquan.ren@easystack.cn NickrenREN: [143, 69]
	paul.cichonski@gmail.com Paul Cichonski: [1, 1]
	vishh@users.noreply.github.com Vish Kannan: [2, 1]
	erick@fejta.com Erick Fejta: [1487, 254]
	jharai0815@gmail.com Akihiro Harai: [1, 1]
	saadali@google.com Saad Ali: [15, 12]
	louis@kragniz.eu Louis Taylor: [41, 13]
	nelcyguy@gmail.com Chakravarthy Nelluri: [128, 0]
	ddonnelly@google.com devin-donnelly: [69, 61]
	cai.yixiang@zte.com.cn caiyixiang: [164, 8]
	ixdy@users.noreply.github.com Jeff Grafton: [2486, 3188]
	haowang@redhat.com Haoran Wang: [728, 3]
	jinxu@google.com Jing Xu: [65, 16]
	yjhong@google.com Yu-Ju Hong: [844, 9128]
	ffranz@redhat.com Fabiano Franz: [361, 7]
	ihor@dvoretskyi.com Ihor Dvoretskyi: [756, 317]
	acidburn@google.com Jess Frazelle: [6758, 28]
	brandon@ifup.org Brandon Philips: [22, 18]
	dan@dankohn.com Dan Kohn: [2, 4]
	jaredbhatti@users.noreply.github.com Jared: [1, 1]
	caleb.miles@coreos.com caleb miles: [4046, 2035]
	dxia@spotify.com David Xia: [4, 5]
	nikhiljindal@google.com Nikhil Jindal: [178, 2384]
	vishnuk@google.com Vishnu kannan: [396, 172]
	jregan@google.com Jeffrey Regan: [240, 188]
	michmike@users.noreply.github.com Michael Michael: [1, 3]
	pwittroc+github@google.com Phillip Wittrock: [86373, 9039]
	tan.shanshan@zte.com.cn tanshanshan: [131, 19]
	shekhar@venturit.com Shekhar: [1, 1]
	galexrt@googlemail.com Alexander Trost: [106, 34]
	mikedanese@gmail.com Mike Danese: [511, 112]
	wtritchler@fairwaytech.com wtritch: [3, 0]
	charle.demers@gmail.com Charle Demers: [16, 4]
	rafaelchicoli@hotmail.com Rafael Chicoli: [32, 0]
	ivanov.maxim@gmail.com Maxim Ivanov: [1, 1]
	metal3d@gmail.com Patrice Ferlet: [17, 0]
	tuannvm@tuannvm.com Tuan Nguyen: [4, 0]
	shyamjvs@google.com Shyam Jeedigunta: [373, 0]
	kay.diam@gmail.com kayrus: [13, 0]
	li.xialong@zte.com.cn xialonglee: [22, 11]
	stclair@google.com Tim St. Clair: [396, 223]
	talset55@gmail.com talset: [5, 1]
	crassirostris@yandex.com Mikhail Vyatskov: [44, 30]
	jacek.lakis@intel.com Jacek J. Łakis: [7, 7]
	dwalsh@redhat.com Daniel J Walsh: [98, 39]
	sameo@linux.intel.com Samuel Ortiz: [175, 71]
	asarai@suse.de Aleksa Sarai: [109, 12]
	mpatel@redhat.com Mrunal Patel: [452, 82]
	dcbw@redhat.com Dan Williams: [404, 247]
	surajssd009005@gmail.com Suraj Deshmukh: [26, 13]
	nalin@redhat.com Nalin Dahyabhai: [4, 0]
	andrewpilloud@igneoussystems.com Andrew Pilloud: [58, 51]
	feiskyer@users.noreply.github.com Pengfei Ni: [1363, 546]
	xlgao@zju.edu.cn Xianglin Gao: [1170, 521]
	yulinxie@zju.edu.cn Helen-Xie: [503, 12]
	harryz@hyper.sh Harry Zhang: [1604, 137]
	s.florek91@gmail.com Sebastian Florek: [1162, 76]
	rob@rob-franken.nl Rob Franken: [11, 7]
	maciaszczykm@users.noreply.github.com Marcin Maciaszczyk: [1454, 785]
	zouyee1989@gmail.com zoues: [363, 11]
	christoph.held@est.fujitsu.com Christoph Held: [65, 3]
	mlamina09@gmail.com Marco Lamina: [695, 28]
	yamagami-takuma@users.noreply.github.com Yamagami-Takuma: [65, 65]
	vineet@doorstop.net Vineet Kumar: [5, 3]
	kenan.karamehmedovic@est.fujitsu.com Kenan Karamehmedovic: [175, 21]
	lvroyce0210@gmail.com VeraLyu: [4, 4]
	ashley@victorianfox.com Ashley Reese: [85, 6]
	shashidhara.td@huawei.com shashidharatd: [374, 143]
	chris@linuxuser.at Chris Hager: [2, 2]
	christiankoep@gmail.com Christian Koep: [2, 2]
	eparis@redhat.com Eric Paris: [151, 67]
	bdontu@vmware.com Balu Dontu: [505, 71]
	ancosen@gmail.com Andrea Cosentino: [2, 2]
	huzhifeng@douyu.tv huzhifeng: [4, 4]
	vladimir.vivien@gmail.com Vladimir Vivien: [79, 6]
	tiwari.nitish@gmail.com Nitish: [38, 24]
	sritesh@vmware.com Ritesh H Shukla: [119, 10]
	837829664@qq.com timchenxiaoyu: [16, 16]
	yerken.tussupbekov@zalando.de Yerken: [1922, 124]
	m@moscar.net Mikkel Oscar Lyderik Larsen: [450, 40]
	bchilds@redhat.com childsb: [1289, 783]
	wongma7@users.noreply.github.com Matthew Wong: [9033, 11781]
	hchiramm@redhat.com Humble Chirammal: [452, 6]
	xingzhou@cn.ibm.com Xing Zhou: [7, 2]
	humble.devassy@gmail.com Humble Devassy Chirammal: [1, 1]
	tamal@appscode.com tamal: [2, 0]
	dlorenc@google.com dlorenc: [412, 345]
	grod@google.com Garrett Rodrigues: [389, 143]
	ejc3@yahoo-inc.com EJ: [4, 4]
	craig.box@gmail.com craigbox: [22, 22]
	davidopp@google.com David Oppenheimer: [269, 19]
	maxwell92@126.com liyao: [3, 3]
	me@lukemarsden.net Luke Marsden: [72, 21]
	dan@redspread.com Dan Gillespie: [178, 7]
	crazykev@zju.edu.cn Crazykev: [1339, 641]
	21521209@zju.edu.cn heartlock: [454, 416]
	yaozengzeng@zju.edu.cn YaoZengzeng: [115, 57]
	thockin@google.com Tim Hockin: [178, 125]
	development@stp-ip.net Michael Grosser: [7, 8]
	vikramtheone1@gmail.com Vikram Tiwari: [1, 1]
	aleksandram@google.com Aleksandra Malinowska: [295, 29]
	directxman12+github@gmail.com Solly Ross: [377, 80]
	ouyang.qinhua@zte.com.cn bruceauyeung: [29, 20]
	pu.junqi@zte.com.cn 10138035: [14, 36]
	jedroadam@gmail.com Adam Jedro: [58, 64]
	johannes.wuerbach@googlemail.com Johannes Würbach: [663, 7]
	andy.xning@gmail.com Andy Xie: [114, 9]
	mwringe@redhat.com mwringe: [126, 4]
	liu.hao89@zte.com.cn foxyriver: [3, 3]
	maciej.iai@gmail.com Maciej Kwiek: [1191, 198]
	yashulyak@gmail.com Dmitry Shulyak: [226, 123]
	brian@deis.com fibonacci1729: [449, 65]
	kokano@hotels.com Kiichiro Okano: [45, 10]
	technosophos@gmail.com Matt Butcher: [343, 132]
	qin.wang@intel.com Qin Wang: [140, 53]
	justin.a.scott@intel.com Justin Scott: [726, 265]
	seharris@us.ibm.com Steven E. Harris: [244, 64]
	dave@wittman.xyz David Wittman: [2, 2]
	sushil.kumar@suse.com Sushil Kumar: [169, 7]
	thomastaylor312@gmail.com Taylor Thomas: [5, 2]
	huszty.gergo@digitaltrip.hu Gergo Huszty: [68, 71]
	anubhavmishra@me.com Anubhav Mishra: [34, 32]
	adam@reese.io Adam Reese: [29, 10]
	scott@r6by.com Scott Rigby: [54, 3]
	john.welsh@workday.com John Welsh: [55, 2]
	mario54@users.noreply.github.com Mario Lamontagne: [1, 1]
	derek@derekperkins.com Derek Perkins: [1, 0]
	mfisher@deis.com Matthew Fisher: [17, 6]
	leszek@charkiewicz.net Leszek Charkiewicz: [28, 5]
	brandon.durette@wpengine.com Brandon DuRette: [15, 15]
	eduardobaitello@gmail.com Eduardo Baitello: [5, 5]
	ladiclexxx@gmail.com Ladicle: [2, 1]
	luizbafilho@gmail.com Luiz Bezerra: [2, 1]
	wilkers.steve@gmail.com Steve Wilkerson: [93, 4]
	sheerun@sher.pl Adam Stankiewicz: [3, 1]
	fabian@progra.de Fabian Ruff: [14, 7]
	dmonakhov@openvz.org Dmitry Monakhov: [1, 1]
	fengyun.pan@easystack.cn FengyunPan: [27, 17]
	chen.tao3@zte.com.cn chentao1596: [406, 12]
	aledbf@gmail.com Manuel de Brito Fontes: [1718, 1052]
	jcmoraisjr@gmail.com Joao Morais: [39, 17]
	porridge@google.com Marcin Owsiany: [2, 2]
	andreas.kohn@gmail.com Andreas Kohn: [10, 10]
	ash_github@firemirror.com Ash Berlin: [94, 7]
	nicksardo@users.noreply.github.com Nick Sardo: [215, 54]
	mr.maatoug@gmail.com mrmm: [1, 1]
	tsupertramp90@gmail.com Thomas Peitz: [1, 1]
	msachs@google.com Matthew Sachs: [11, 11]
	danny.kulchinsky@telefonica.com Danny Kulchinsky: [6, 0]
	ricardo.katz@gmail.com Ricardo Pchevuzinske Katz: [53, 31]
	gianrubio@gmail.com Giancarlo Rubio: [500, 57]
	leecalcote@gmail.com Lee Calcote: [1, 1]
	ian.quick@gmail.com Ian Quick: [2, 2]
	jiangjun1990@gmail.com ohmystack: [31, 18]
	glertxundi@gmail.com Gorka Lerchundi Osa: [192, 18]
	tonyli.lives@gmail.com Tony Li: [99, 15]
	victor@unegbu.com Victor Unegbu: [1, 0]
	itamarost@gmail.com Itamar Ostricher: [1, 1]
	dev@jakobjarosch.de Jakob Jarosch: [10, 4]
	pwillie@users.noreply.github.com Peter Wilson: [48, 10]
	jlothian@cisco.com Josh Lothian: [34, 8]
	sgolovatiuk@mirantis.com Sergii Golovatiuk: [170, 58]
	pawel.skrzynski@intel.com Paweł Skrzyński: [12, 9]
	mmosesohn@mirantis.com Matthew Mosesohn: [721, 265]
	adidenko@mirantis.com Aleksandr Didenko: [34, 23]
	justin@downing.us Justin Downing: [9, 1]
	antoine.legrand@coreos.com Antoine Legrand: [2, 1]
	apanchenko@mirantis.com Artem Panchenko: [1, 1]
	vladimir@rutsky.org Vladimir Rutsky: [7, 7]
	zoidbergwill@gmail.com William Martin Stewart: [2, 2]
	brad.beam@b-rad.info Brad Beam: [7, 3]
	roger.welin@icloud.com Roger Welin: [4, 0]
	vincent.schwarzer@yahoo.de Vincent Schwarzer: [919, 336]
	idcrook@users.noreply.github.com David Crook: [22, 7]
	pablo.a.moreno@gmail.com Pablo Moreno: [7, 6]
	john@dewey.ws John Dewey: [4, 3]
	ashetty@redhat.com Anush Shetty: [11, 2]
	surajnarwade353@gmail.com Suraj Narwade: [372, 230]
	abhishek@linux.com Abhishek: [1530, 1219]
	charlie@charliedrage.com Charlie Drage: [129, 66]
	tomas.kral@gmail.com Tomas Kral: [40, 13]
	shubham@linux.com Shubham Minglani: [20, 18]
	shivania@vmware.com Abrar Shivani: [80, 9]
	miaol@vmware.com Miao Luo: [567, 183]
	prashimas@vmware.com prashima: [592, 100]
	sandeeppissay@users.noreply.github.com SandeepPissay: [995, 80]
	clove@cnmconsulting.net chrislovecnm: [336, 1339]
	dcohen@gatech.edu Daniel Cohen: [96, 60]
	pronix.service@gmail.com dima: [120, 2]
	geojaz@users.noreply.github.com Eric Hole: [36, 15]
	theo.ch@mley.fr Théo Chamley: [129, 24]
	kris@nivenly.com Kris Nova: [207, 124]
	arthurlm44@gmail.com Arthur Le Maitre: [4, 2]
	zytek@nuxi.pl Jakub Paweł Głazik: [31, 26]
	leandrorepolho@gmail.com Leandro Repolho: [2, 2]
	robin@trinimbus.com Robin Percy: [62, 48]
	blaz.hrast@gmail.com Blaž Hrastnik: [1, 1]
	le.waldman@gmail.com Leon Waldman: [23, 11]
	ydradcliffe@gmail.com yissachar: [1, 1]
	pfeodrippe@gmail.com Paulo Rafael Feodrippe: [1, 1]
	anand@runnable.com Anandkumar Patel: [1, 1]
	ryanesc@gmail.com ryane: [82, 1]
	dfroese@salesforce.com Darron Froese: [3, 3]
	jesse.kinkead@gmail.com Jesse Kinkead: [3, 1]
	faraaz@rationalizeit.us Faraaz Khan: [13, 10]
	seth@sethpollack.net Seth Pollack: [31, 0]
	carre.marc@gmail.com Marc CARRE: [91, 2]
	jon@jonchiu.com Jon Chiu: [4, 0]
	zihongz@google.com Zihong Zheng: [102, 11]
	dosullivan@users.noreply.github.com Daniel O'Sullivan: [1, 1]
	zml@google.com Zach Loafman: [66, 7]
	ykuoka@gmail.com KUOKA Yusuke: [1802, 710]
	jhollinshead@hotels.com Joseph Hollinshead: [24, 24]
	jorge.arcoma@gmail.com Jorge Arco: [3, 3]
	camil@edka.io Camil Blanaru: [653, 223]
	c-knowles@users.noreply.github.com Chris Knowles: [28, 24]
	jeremydeininger@gmail.com Jeremy Deininger: [124, 123]
	daniel.tritone@gmail.com Daniel Martins: [623, 98]
	daniel.martins@descomplica.com.br Daniel Fernandes Martins: [33, 1]
	almog.baku@gmail.com AlmogBaku: [3, 3]
	almogbaku@rimoto.com Almog Baku: [10, 10]
	swestcott@gmail.com Simon Westcott: [55, 0]
	patrik@votocek.cz Patrik Votocek: [1, 1]
	bfallik@gmail.com Brian Fallik: [4, 4]
	fbranczyk@gmail.com Frederic Branczyk: [59, 19]
	jkeife@alianza.com josh keife: [1, 1]
	luxas@users.noreply.github.com Lucas Käldström: [1199, 1670]
	everett.toews@rackspace.com Everett Toews: [57, 12]
	ailusazh@126.com ailusazh: [4, 1]
	danw@redhat.com Dan Winship: [1662, 15]
	mtaufen@google.com Michael Taufen: [553, 0]
	ppospisi@redhat.com pospispa: [39, 9]
	shiywang@redhat.com shiywang: [195, 187]
	cmluciano@us.ibm.com Christopher M. Luciano: [7, 38]
	dvorak@google.com Jonathan MacMillan: [275, 90]
	tsmetana@redhat.com Tomas Smetana: [851, 190]
	lukaszoles@gmail.com Łukasz Oleś: [419, 61]
	dmcquay@apprenda.com Derek McQuay: [290, 53]
	divyenp@vmware.com divyenpatel: [431, 202]
	agoldste@redhat.com Andy Goldstein: [397, 134]
	jvance@redhat.com Jeff Vance: [494, 341]
	jacek.nykis@canonical.com Jacek N: [293, 1]
	kos.tsakalozos@canonical.com Konstantinos Tsakalozos: [20, 20]
	timothysc@gmail.com Timothy St. Clair: [524, 412]
	spzala@us.ibm.com Sahdev P. Zala: [14, 13]
	dashpole@google.com David Ashpole: [683, 214]
	weiwei.inf@gmail.com Wei Wei: [14, 1]
	wojtekt@google.com Wojciech Tyczynski: [782, 981]
	bsalamat@google.com Bobby Salamat: [312, 66]
	jay@apache.org jayunit100: [10, 8]
	jcope@redhat.com Jon Cope: [832, 917]
	mvdan@mvdan.cc Daniel Martí: [56, 71]
	taotaotheripper@gmail.com Random-Liu: [199, 146]
	393926893@qq.com zhengjiajin: [350, 9]
	zhang.xiaoyu33@zte.com.cn Xiaoyu Zhang: [194, 199]
	ahmetb@google.com Ahmet Alp Balkan: [8, 2]
	sjenning@redhat.com Seth Jennings: [118, 192]
	1004815462@qq.com knightXun: [1, 1]
	cole.mickens@gmail.com Cole Mickens: [24, 0]
	rmmh@google.com Ryan Hitchman: [85, 10]
	ravisantoshgudimetla@gmail.com ravisantoshgudimetla: [77, 40]
	vmik@google.com Mik Vyatskov: [786, 106]
	jsz@google.com Jerzy Szczepkowski: [55, 29]
	doliu@microsoft.com Dong Liu: [343, 107]
	haoyuan.ge@caicloud.io haoyuan: [4, 5]
	krousey@users.noreply.github.com krousey: [2, 2]
	csbell@google.com Christian Bell: [69, 90]
	madhusudancs@google.com Madhusudan.C.S: [628, 261]
	andrew.oneill@nordstrom.com Andrew O'Neill: [55, 3]
	tvansteenburgh@gmail.com Tim Van Steenburgh: [36, 4]
	jaescobar.cell@gmail.com Alejandro Escobar: [2, 0]
	jeffschroeder@computer.org Jeff Schroeder: [4, 4]
	max@kutsevol.com Maxym Kutsevol: [9, 1]
	bizhao@vmware.com Binbin Zhao: [1, 1]
	xujun@cmss.chinamobile.com xujun: [7, 28]
	dawnchen@google.com Dawn Chen: [52, 134]
	vojtech.vitek@pressly.com Vojtech Vitek: [5, 5]
	better0332@163.com better88: [3, 4]
	julien.balestra@gmail.com Julien Balestra: [20, 0]
	wei.chuanhui1@zte.com.cn StudyNick: [4, 4]
	lvjiangzhao@jd.com lvjiangzhao: [2, 1]
	cjcullen@google.com CJ Cullen: [1, 0]
	martinvladev@gmail.com fen4o: [1, 1]
	ramanathana@google.com Anirudh: [9, 5]
	connor.p.doyle@intel.com Connor Doyle: [343, 189]
	karol.kraskiewicz@gmail.com Karol Kraśkiewicz: [12, 7]
	wenlxie@ebay.com wenlxie: [17, 9]
	coolhzb@163.com AdoHe: [10, 5]
	gmarek@google.com gmarek: [80, 159]
	gus@inodes.org Angus Lees: [7, 7]
	andrew@andrewrynhard.com Andrew Rynhard: [8, 5]
	sebastian@loodse.com Sebastian Scheele: [1, 1]
	owensk@google.com Kenneth Owens: [35, 38]
	irfan.rehman@huawei.com Irfan Ur Rehman: [16, 0]
	kazuki.suda@gmail.com Kazuki Suda: [4, 0]
	409107750@qq.com mlmhl: [2, 2]
	willdon@nerdondon.com nerdondon: [185, 51]
	ianeta.hutchinson@intel.com ihutchin: [381, 362]
	email.ahmedkamal@googlemail.com Ahmed Kamal: [1, 1]
	vsemushi@redhat.com Slava Semushin: [38, 20]
	casey@tigera.io Casey Davenport: [3, 498]
	chen.huan@zte.com.cn chenhuan12: [67, 59]
	steveperry-53@users.noreply.github.com Steve Perry: [13502, 12855]
	chenopis@google.com Andrew Chen: [4147, 4044]
	stevepe@google.com steveperry-53: [1, 1]
	tgraf@suug.ch Thomas Graf: [1, 0]
	jiang.lingxia@zte.com.cn jianglingxia: [16, 16]
	g.o.crawford@gmail.com George Crawford: [2, 1]
	brunovern.a@gmail.com Bruno Vernay: [2, 2]
	github@fgribreau.com Francois-Guillaume Ribreau: [1, 1]
	aditya@portworx.com Aditya Dani: [69, 0]
	simon@rueggs.ch Simon Rüegg: [1, 1]
	elijah.caine@coreos.com Elijah C. Voigt: [102, 165]
	slava.semushin@gmail.com Vyacheslav Semushin: [48, 34]
	zhang.wanmin@zte.com.cn William Chang: [3, 3]
	keith.bartholomew@rackspace.com Keith Bartholomew: [2, 2]
	josh@curl.me Josh Curl: [1, 1]
	aniket.contrail@gmail.com aniket-contrail: [4, 0]
	errordeveloper@gmail.com Ilya Dmitrichenko: [0, 10]
	mike@kollegienet.dk Mike Rostermund: [1, 1]
	10110918@zte.com.cn ztewyk: [1, 0]
	mcginnisrr@gmail.com Ryan McGinnis: [1, 1]
	estidham@gmail.com Erik Stidham: [1, 1]
	richard@aggress.net Richard Shaw: [3, 3]
	hou.jun2@zte.com.cn houjun: [2, 2]
	stevenerenst@gmail.com Steven Erenst: [2, 2]
	nickleefly@gmail.com Xiuyu Li: [3, 3]
	boukevanderbijl@gmail.com Bouke van der Bijl: [1, 1]
	xm@faascape.com faascape: [1, 1]
	joewang@berkeley.edu Joe Wang: [1, 1]
	gurvindersinghdahiya@gmail.com Gurvinder Singh: [3, 2]
	simon@wydooghe.com Simon Wydooghe: [1, 1]
	shiywang@users.noreply.github.com Shiyang Wang: [2, 0]
	jakob.karalus@gmx.net Jakob Karalus: [9, 0]
	peay@protonmail.com peay: [1, 1]
	oshalygin@gmail.com Oleg Shalygin: [0, 2]
	markronquillo23@gmail.com Mark Joseph Ronquillo: [1, 1]
	wangzefeng@huawei.com Kevin: [57, 75]
	phanindra.nitw@gmail.com Phanindra Pydisetty: [1, 1]
	schmch@gmail.com Chris Schmich: [1, 1]
	aprindle@google.com Aaron Prindle: [1666, 2690]
	mrick@google.com Matt Rickard: [10980, 10123]
	maxime.vidori@container-solutions.com Maxime Vidori: [44, 0]
	srbrahma@us.ibm.com Srini Brahmaroutu: [1, 1]
	slokas@upmc.edu Steve Sloka: [49, 4]
	max.lavrenov@optiopay.com Max Lavrenov: [23, 2]
	daleha@gmail.com Dale Hamel: [10, 1]
	eden.li@gmail.com Eden Li: [28, 21]
	jmilan@redhat.com Julius Milan: [38, 0]
	euan.kemp@coreos.com Euan Kemp: [311, 1]
	tomas.dohnalek@firma.seznam.cz Tomas Dohnalek: [1, 1]
	mkumatag@in.ibm.com Manjunath A Kumatagi: [2, 2]
	alexander.kanevskiy@intel.com Alexander Kanevskiy: [4, 4]
	tomwilkie@users.noreply.github.com Tom Wilkie: [21, 5]
	mkibbe@google.com Michael Kibbe: [79, 42]
	arschles@gmail.com Aaron Schlesinger: [631, 181]
	marko.luksa@gmail.com Marko Lukša: [23, 7]
	leungs@us.ibm.com Simon Leung: [343, 50]
	krancour@users.noreply.github.com Kent Rancourt: [2113, 799]
	jpeeler@redhat.com Jeff Peeler: [985, 293]
	pmorie@redhat.com Paul Morie: [11926, 14876]
	vaikas-google@users.noreply.github.com Ville Aikas: [2682, 2819]
	mbauer@us.ibm.com Morgan Bauer: [319, 103]
	agonzalezro@gmail.com Alexandre González: [7, 5]
	jforrest@redhat.com Jessica Forrester: [8, 0]
	lserven@gmail.com Lucas Serven: [45, 13]
	apelisse@google.com Antoine Pelisse: [3875, 1534]
	nicksledgian@gmail.com Nicholas Sledgianowski: [15, 180]
	senlu@google.com Sen Lu: [395, 146]
	vorlon@debian.org vorlonofportland: [9, 0]
	yinghan@google.com Ying Han: [86, 0]
	jeffml@google.com Jeff Dempsey: [33, 20]
	sebastienvas@google.com Sebastien Vas: [12, 0]
	chenjg@harmonycloud.cn fate-grand-order: [3, 3]
image 10063 0
	pwittroc+github@google.com Phillip Wittrock: [9741, 0]
	duffy@redhat.com Máirín Duffy: [322, 0]
	mlamina09@gmail.com Marco Lamina: [0, 0]
	aledbf@gmail.com Manuel de Brito Fontes: [0, 0]
	gianrubio@gmail.com Giancarlo Rubio: [0, 0]
	vincent.schwarzer@yahoo.de Vincent Schwarzer: [0, 0]
	nickleefly@gmail.com Xiuyu Li: [0, 0]
documentation 150921 105057
	sid@rancher.com wlan0: [1, 0]
	admin@toph.ca Christoph Blecker: [275, 98]
	jliggitt@redhat.com Jordan Liggitt: [0, 0]
	deads@redhat.com deads2k: [0, 0]
	mengqiy@google.com ymqytw: [2654, 97338]
	spxtr@google.com Joe Finney: [1, 0]
	justin@fathomdb.com Justin Santa Barbara: [67, 0]
	xuchao@google.com Chao Xu: [0, 0]
	gyliu513@gmail.com Guangya Liu: [0, 2]
	maszulik@redhat.com Maciej Szulik: [0, 0]
	chenr.fnst@cn.fujitsu.com xilabao: [3, 1]
	maciekpytel@google.com Maciej Pytel: [1, 0]
	porkbird@icloud.com Oleksii Kliukin: [2, 2]
	lukaseichler1@googlemail.com Lukas Eichler: [1, 1]
	kwentakill@gmail.com Quentin Rousseau: [2, 2]
	mgoodness@gmail.com Michael Goodness: [25, 22]
	unguiculus@gmail.com Reinhard Nägele: [9, 7]
	sameer@damagehead.com Sameer Naik: [29, 0]
	linki@users.noreply.github.com Martin Linkhorst: [1, 1]
	nsrinivasan1976@gmail.com Naveen: [1, 0]
	adnan@prydoni.us Adnan Abdulhussein: [3, 3]
	ashley.penney@maxwellhealth.com Ashley Penney: [4, 0]
	henning@jacobs1.de Henning Jacobs: [0, 0]
	chance.zibolski@gmail.com Chance Zibolski: [29, 8]
	klaus1982.cn@gmail.com Klaus Ma: [0, 0]
	hchen@redhat.com Huamin Chen: [0, 0]
	chupman@us.ibm.com Chris Hupman: [0, 0]
	andrew@wattpad.com andrewsykim: [0, 0]
	yu.peng36@zte.com.cn yupengzte: [2953, 2953]
	avagarwa@redhat.com Avesh Agarwal: [1, 1]
	supermouselyh@hotmail.com Lou Yihua: [0, 0]
	krousey@google.com Kris: [1, 0]
	chiachenk@google.com Janet Kuo: [0, 0]
	michael.fraenkel@gmail.com Michael Fraenkel: [0, 0]
	jsafrane@redhat.com Jan Safranek: [0, 0]
	dhodovsk@redhat.com Dominika Hodovska: [2, 2]
	haowang@redhat.com Haoran Wang: [2, 0]
	ffranz@redhat.com Fabiano Franz: [0, 0]
	acidburn@google.com Jess Frazelle: [0, 0]
	pwittroc+github@google.com Phillip Wittrock: [141512, 2724]
	charle.demers@gmail.com Charle Demers: [4, 3]
	shyamjvs@google.com Shyam Jeedigunta: [1, 0]
	s.florek91@gmail.com Sebastian Florek: [2175, 1522]
	maciaszczykm@users.noreply.github.com Marcin Maciaszczyk: [586, 214]
	christoph.held@est.fujitsu.com Christoph Held: [60, 0]
	mlamina09@gmail.com Marco Lamina: [117, 0]
	kenan.karamehmedovic@est.fujitsu.com Kenan Karamehmedovic: [2, 0]
	wongma7@users.noreply.github.com Matthew Wong: [22, 49]
	aaron@roydhouse.com Aaron Roydhouse: [1, 0]
	aledbf@gmail.com Manuel de Brito Fontes: [37, 14]
	canhnt@gmail.com Canh Ngo: [18, 10]
	nicksardo@users.noreply.github.com Nick Sardo: [1, 0]
	qsj.daniel@gmail.com shijunqian: [10, 4]
	ricardo.katz@gmail.com Ricardo Pchevuzinske Katz: [16, 9]
	levin.kirill@gmail.com Kirill Levin: [5, 5]
	gianrubio@gmail.com Giancarlo Rubio: [8, 8]
	pwillie@users.noreply.github.com Peter Wilson: [24, 24]
	justin@downing.us Justin Downing: [1, 1]
	vladimir@rutsky.org Vladimir Rutsky: [13, 2]
	vincent.schwarzer@yahoo.de Vincent Schwarzer: [1, 0]
	luxas@users.noreply.github.com Lucas Käldström: [7, 2]
	mtaufen@google.com Michael Taufen: [1, 0]
	dmcquay@apprenda.com Derek McQuay: [0, 1]
	ryeterrell@ryeterrell.net Rye Terrell: [1, 1]
	bsalamat@google.com Bobby Salamat: [2, 0]
	rmmh@google.com Ryan Hitchman: [86, 1]
	steveperry-53@users.noreply.github.com Steve Perry: [137, 11]
	chenopis@google.com Andrew Chen: [1, 2]
	yogendrarampuria@gmail.com Yogendra Rampuria - Yogi: [1, 1]
	rohan@sah.ai Rohan Sahai: [1, 1]
	csutherland@gmail.com Craig Sutherland: [1, 1]
	github@rpaisley.com Rob Paisley: [1, 1]
	pmorie@redhat.com Paul Morie: [0, 5]
	apelisse@google.com Antoine Pelisse: [1, 0]
ui 213 0
	pwittroc+github@google.com Phillip Wittrock: [213, 0]
build 1645 797
	admin@toph.ca Christoph Blecker: [1, 0]
	jliggitt@redhat.com Jordan Liggitt: [26, 12]
	spxtr@google.com Joe Finney: [20, 65]
	pszczesniak@google.com Piotr Szczesniak: [5, 8]
	justin@fathomdb.com Justin Santa Barbara: [64, 18]
	mwielgus@google.com Marcin Wielgus: [2, 2]
	pb@coreos.com Patrick Baxter: [3, 1]
	aaronjlevy@gmail.com Aaron Levy: [2, 2]
	hongchaodeng1@gmail.com Hongchao Deng: [1, 1]
	linki@users.noreply.github.com Martin Linkhorst: [35, 13]
	electroma@gmail.com Roman Safronov: [23, 0]
	andrew@wattpad.com andrewsykim: [1, 1]
	avagarwa@redhat.com Avesh Agarwal: [1, 1]
	dhodovsk@redhat.com Dominika Hodovska: [12, 13]
	mkargaki@redhat.com Michail Kargakis: [3, 3]
	mml@users.noreply.github.com Matt Liggett: [4, 4]
	mbruzek@gmail.com Matt Bruzek: [12, 4]
	beacham@google.com Jacob Beacham: [12, 6]
	erick@fejta.com Erick Fejta: [9, 9]
	ixdy@users.noreply.github.com Jeff Grafton: [9, 9]
	acidburn@google.com Jess Frazelle: [1, 1]
	caleb.miles@coreos.com caleb miles: [5, 5]
	pwittroc+github@google.com Phillip Wittrock: [194, 20]
	mikedanese@gmail.com Mike Danese: [18, 2]
	shyamjvs@google.com Shyam Jeedigunta: [47, 12]
	stclair@google.com Tim St. Clair: [3, 3]
	dwalsh@redhat.com Daniel J Walsh: [1, 0]
	mpatel@redhat.com Mrunal Patel: [15, 8]
	dcbw@redhat.com Dan Williams: [58, 55]
	feiskyer@users.noreply.github.com Pengfei Ni: [2, 2]
	xlgao@zju.edu.cn Xianglin Gao: [15, 1]
	shashidhara.td@huawei.com shashidharatd: [1, 50]
	yerken.tussupbekov@zalando.de Yerken: [23, 3]
	bchilds@redhat.com childsb: [115, 45]
	wongma7@users.noreply.github.com Matthew Wong: [191, 94]
	dlorenc@google.com dlorenc: [14, 0]
	grod@google.com Garrett Rodrigues: [1, 1]
	dan@redspread.com Dan Gillespie: [1, 1]
	development@stp-ip.net Michael Grosser: [4, 4]
	aleksandram@google.com Aleksandra Malinowska: [2, 0]
	caarlos0@gmail.com Carlos Alexandro Becker: [2, 2]
	johannes.wuerbach@googlemail.com Johannes Würbach: [4, 1]
	vivkong@ca.ibm.com Vivian Kong: [4, 0]
	maciej.iai@gmail.com Maciej Kwiek: [28, 10]
	huszty.gergo@digitaltrip.hu Gergo Huszty: [4, 4]
	aledbf@gmail.com Manuel de Brito Fontes: [3, 30]
	porridge@google.com Marcin Owsiany: [2, 2]
	sgolovatiuk@mirantis.com Sergii Golovatiuk: [9, 0]
	ashetty@redhat.com Anush Shetty: [7, 1]
	tomas.kral@gmail.com Tomas Kral: [1, 1]
	shivania@vmware.com Abrar Shivani: [7, 7]
	miaol@vmware.com Miao Luo: [57, 1]
	prashimas@vmware.com prashima: [27, 4]
	geojaz@users.noreply.github.com Eric Hole: [1, 1]
	kris@nivenly.com Kris Nova: [19, 4]
	daniel@dcn.io Daniel Nelson: [6, 6]
	zihongz@google.com Zihong Zheng: [4, 5]
	zml@google.com Zach Loafman: [10, 5]
	almog.baku@gmail.com AlmogBaku: [1, 1]
	almogbaku@rimoto.com Almog Baku: [1, 1]
	luxas@users.noreply.github.com Lucas Käldström: [26, 30]
	mtaufen@google.com Michael Taufen: [58, 0]
	taotaotheripper@gmail.com Random-Liu: [33, 4]
	zhang.xiaoyu33@zte.com.cn Xiaoyu Zhang: [15, 15]
	rmmh@google.com Ryan Hitchman: [59, 1]
	vmik@google.com Mik Vyatskov: [0, 44]
	cjcullen@google.com CJ Cullen: [3, 3]
	gus@inodes.org Angus Lees: [1, 1]
	qlee@google.com Quintin Lee: [1, 1]
	steveperry-53@users.noreply.github.com Steve Perry: [197, 0]
	chenopis@google.com Andrew Chen: [4, 4]
	stlwrt@gmail.com Pavel Shevchuk: [3, 3]
	robin.kurz@student.reutlingen-university.de blackbird29: [1, 1]
	mrick@google.com Matt Rickard: [4, 3]
	maxime.vidori@container-solutions.com Maxime Vidori: [19, 3]
	mkumatag@in.ibm.com Manjunath A Kumatagi: [1, 1]
	mkibbe@google.com Michael Kibbe: [1, 1]
	arschles@gmail.com Aaron Schlesinger: [8, 2]
	leungs@us.ibm.com Simon Leung: [1, 1]
	krancour@users.noreply.github.com Kent Rancourt: [43, 44]
	pmorie@redhat.com Paul Morie: [4, 39]
	mbauer@us.ibm.com Morgan Bauer: [4, 2]
	apelisse@google.com Antoine Pelisse: [5, 28]
	senlu@google.com Sen Lu: [1, 1]
translation 6980 354
	brendan.d.burns@gmail.com Brendan Burns: [6980, 354]
devel-doc 25864 5776
code 200225 9645
package 0 0
unknown 314212 151734
image 10063 0
documentation 150921 105057
ui 213 0
build 1645 797
translation 6980 354
