Filter on "^vendor/|/vendor/"
open output file /Users/lukasz/dev/cncf/gitdm/other_repos/all_kubernetes_range_unknown_2017-05-12_2017-06-11.csv

WARNING: duplicate email/empl for pekowski@gmail.com
WARNING: duplicate email/empl for thingee@gmail.com
WARNING: duplicate email/empl for t.trifonov@gmail.com
WARNING: duplicate email/empl for lyz@princessleia.com
WARNING: duplicate email/empl for robertc@robertcollins.net
WARNING: duplicate email/empl for clint@fewbar.com
WARNING: duplicate email/empl for andrew@linuxjedi.co.uk
WARNING: duplicate email/empl for duncan.thomas@gmail.com
WARNING: duplicate email/empl for kiall@managedit.ie
WARNING: duplicate email/empl for devananda.vdv@gmail.com
WARNING: duplicate email/empl for zaro0508@gmail.com
WARNING: duplicate email/empl for shrewsbury.dave@gmail.com
WARNING: duplicate email/empl for j3p0uk@hotmail.com
WARNING: duplicate email/empl for me@mark.atwood.name
WARNING: duplicate email/empl for slicknik@gmail.com
WARNING: duplicate email/empl for cmsj@tenshu.net
WARNING: duplicate email/empl for anteaya@anteaya.info
WARNING: duplicate email/empl for greg@greghaynes.net
WARNING: duplicate email/empl for matt@mattfarina.com
WARNING: duplicate email/empl for jp@jamezpolley.com
WARNING: duplicate email/empl for steven@wedontsleep.org
WARNING: duplicate email/empl for gleebix@gmail.com
WARNING: duplicate email/empl for code@gentlydownthe.net
WARNING: duplicate email/empl for morgan.fainberg@gmail.com
WARNING: duplicate email/empl for jeblair@hp.com
WARNING: duplicate email/empl for juliaashleykreger@gmail.com
WARNING: duplicate email/empl for stephane@alum.mit.edu
WARNING: duplicate email/empl for kragniz@gmail.com
WARNING: duplicate email/empl for wchrisjohnson@gmail.com
WARNING: duplicate email/empl for daisy.ycguo@gmail.com
WARNING: duplicate email/empl for mordred@inaugust.com
WARNING: duplicate email/empl for zxkuqyb@gmail.com
WARNING: duplicate email/empl for amigliaccio@internap.com
WARNING: duplicate email/empl for yorik.sar@gmail.com
WARNING: duplicate email/empl for e0ne@e0ne.info
WARNING: duplicate email/empl for gabriel@strikeawe.com
WARNING: duplicate email/empl for heckj@mac.com
WARNING: duplicate email/empl for ke.wu@ibeca.me
WARNING: duplicate email/empl for rushi.agr@gmail.com
WARNING: duplicate email/empl for salv.orlando@gmail.com
WARNING: duplicate email/empl for tushar.vitthal.patil@gmail.com
WARNING: duplicate email/empl for jmckenty@gmail.com
WARNING: duplicate email/empl for anne@openstack.org
WARNING: duplicate email/empl for breu@breu.org
WARNING: duplicate email/empl for cbehrens@codestud.com
WARNING: duplicate email/empl for clay.gerrard@gmail.com
WARNING: duplicate email/empl for corywright@gmail.com
WARNING: duplicate email/empl for cp16net@gmail.com
WARNING: duplicate email/empl for cthier@gmail.com
WARNING: duplicate email/empl for darren.birkett@gmail.com
WARNING: duplicate email/empl for dolph.mathews@gmail.com
WARNING: duplicate email/empl for ed@leafe.com
WARNING: duplicate email/empl for github@highbridgellc.com
WARNING: duplicate email/empl for greglange@gmail.com
WARNING: duplicate email/empl for hugh@wherenow.org
WARNING: duplicate email/empl for imsplitbit@gmail.com
WARNING: duplicate email/empl for jason@koelker.net
WARNING: duplicate email/empl for jcruz7@gmail.com
WARNING: duplicate email/empl for josh@jk0.org
WARNING: duplicate email/empl for mattt@defunct.ca
WARNING: duplicate email/empl for mbasnight@gmail.com
WARNING: duplicate email/empl for mike@weirdlooking.com
WARNING: duplicate email/empl for msherborne@gmail.com
WARNING: duplicate email/empl for naveedm9@gmail.com
WARNING: duplicate email/empl for paul@openstack.org
WARNING: duplicate email/empl for rnirmal@gmail.com
WARNING: duplicate email/empl for rconradharris@gmail.com
WARNING: duplicate email/empl for thierry@openstack.org
WARNING: duplicate email/empl for throughnothing@gmail.com
WARNING: duplicate email/empl for yoga80@yahoo.com
WARNING: duplicate email/empl for mark.washenberger@markwash.net
WARNING: duplicate email/empl for p@draigbrady.com
WARNING: duplicate email/empl for zaitcev@kotori.zaitcev.us
WARNING: duplicate email/empl for julie.pichon@gmail.com
WARNING: duplicate email/empl for ghe@debian.org
WARNING: duplicate email/empl for sorrison@gmail.com
kb@itsvit.org is an author name, probably not what you want
unknown@hacker.net Unknown hacker
ccoleman@redhat.com Clayton Coleman
	unknown [16112, 4606]
	devel-doc [495, 172]
	code [21, 14]
	build [1, 1]
	documentation [0, 0]
admin@toph.ca Christoph Blecker
	code [53, 47]
	unknown [2476, 2119]
	devel-doc [99, 100]
	documentation [1, 1]
	build [4, 4]
mehdy@google.com mbohlool
	unknown [6918, 3815]
	devel-doc [1063, 70]
	code [4128, 3375]
	build [1, 2]
	documentation [49, 0]
yu.peng36@zte.com.cn yupengzte
	unknown [11, 14]
shyamjvs@google.com Shyam Jeedigunta
	unknown [2106, 3491]
	devel-doc [69, 0]
	code [97, 94]
	build [2, 12]
	documentation [68, 0]
stclair@google.com Tim St. Clair
	unknown [10120, 560]
	devel-doc [261, 4]
	code [7, 1]
	build [129, 4]
stefan.schimanski@gmail.com Dr. Stefan Schimanski
	unknown [3833, 1155]
	devel-doc [404, 140]
	code [34, 31]
caosf.fnst@cn.fujitsu.com Cao Shufeng
	unknown [470, 71]
	devel-doc [1, 1]
	code [33, 8]
	documentation [1, 9]
deads@redhat.com deads2k
	unknown [4991, 3194]
	devel-doc [231, 59]
	code [95, 14]
lukasz.szaszkiewicz@gmail.com p0lyn0mial
	unknown [329, 250]
	devel-doc [34, 50]
pwittroc+github@google.com Phillip Wittrock
	unknown [2654, 959]
	devel-doc [7, 7]
	code [43, 0]
	build [9, 59]
alexanderhcampbell@gmail.com Alexander Campbell
	code [37, 19]
	unknown [430, 459]
	devel-doc [13, 14]
	documentation [21, 0]
	build [24, 0]
jimmidyson@gmail.com Jimmi Dyson
	unknown [26, 21]
mwielgus@google.com Marcin Wielgus
	unknown [1423, 105]
	devel-doc [19, 2]
	code [2, 2]
maciekpytel@google.com Maciej Pytel
	unknown [1312, 157]
	code [1, 1]
aleksandram@google.com Aleksandra Malinowska
	unknown [433, 48]
ej@reactiveops.com ejether
	devel-doc [1, 1]
jansel@jansel.net Jason Ansel
	devel-doc [2, 2]
walt@seamlessdocs.com Matthew Walter
	unknown [6, 6]
xiangli.cs@gmail.com Xiang Li
	unknown [586, 89]
	devel-doc [8, 2]
yifan.gu@coreos.com Yifan Gu
	unknown [600, 44]
hongchaodeng1@gmail.com Hongchao Deng
	unknown [30, 40]
	code [1, 1]
pb@coreos.com Patrick Baxter
	unknown [523, 55]
	code [38, 11]
dpontor@gmail.com Diego Pontoriero
	unknown [395, 157]
	code [1, 1]
aaronjlevy@gmail.com Aaron Levy
	unknown [2, 2]
kamal@marhubi.com Kamal Marhubi
	unknown [13, 11]
	code [1, 1]
robertbailey@google.com Robert Bailey
	unknown [3, 3]
	code [23, 21]
shanestarcher@gmail.com Shane Starcher
	devel-doc [1, 1]
levi.blackstone@rackspace.com Levi Blackstone
	unknown [24, 0]
dghubble@gmail.com Dalton Hubble
	devel-doc [1, 1]
dan@projectcalico.org Dan (Turk)
	unknown [44, 3]
	devel-doc [11, 0]
ianburrell@gmail.com Ian Burrell
	unknown [19, 8]
	documentation [4, 2]
tompizmor@users.noreply.github.com tompizmor
	unknown [131, 46]
	devel-doc [12, 2]
sameer@damagehead.com Sameer Naik
	unknown [49, 33]
mr.maatoug@gmail.com Mourad Maatoug
	devel-doc [1, 1]
akauppi@gmail.com Asko Kauppi
	devel-doc [5, 6]
edsiper@gmail.com Eduardo Silva
	devel-doc [10, 3]
bob@violier.eu Bob Violier
	unknown [4, 4]
lachie83@users.noreply.github.com Lachlan Evenson
	unknown [1148, 123]
	devel-doc [112, 0]
	documentation [54, 4]
jonstacks@users.noreply.github.com Jonathan Stacks
	unknown [8, 1]
	devel-doc [4, 3]
kevin.fox@pnnl.gov kfox1111
	unknown [158, 2]
	devel-doc [31, 0]
	documentation [9, 0]
nitisht@users.noreply.github.com Nitish Tiwari
	unknown [2, 2]
justin.r.nauman+github@gmail.com Justin Nauman
	unknown [32, 1]
	devel-doc [2, 0]
ed@reevoo.com Ed Robinson
	unknown [3, 2]
scott@r6by.com Scott Rigby
	unknown [162, 103]
	devel-doc [10, 0]
yuanying@fraction.jp O. Yuanying
	unknown [36, 0]
	devel-doc [2, 0]
ivan.ilves@gmail.com Ivan Ilves
	unknown [88, 12]
	devel-doc [5, 2]
pchampon@gmail.com Philip Champon
	unknown [14, 1]
	devel-doc [1, 0]
tom@devopsify.io Tom Qiang Wu
	unknown [12, 1]
	devel-doc [14, 14]
fabian@progra.de Fabian Ruff
	unknown [33, 3]
	devel-doc [3, 0]
ashley.penney@maxwellhealth.com Ashley Penney
	unknown [7, 0]
	devel-doc [3, 3]
henders@users.noreply.github.com Shane Hender
	unknown [2, 0]
	devel-doc [24, 23]
	documentation [15, 0]
viglesias@google.com Vic Iglesias
	devel-doc [3, 0]
github@armesto.net Jose Armesto
	unknown [173, 1]
	devel-doc [21, 0]
	documentation [9, 0]
ipaq.lw@gmail.com Sergey Nuzhdin
	unknown [33, 1]
	devel-doc [18, 11]
yuvipanda@gmail.com Yuvi Panda
	devel-doc [1, 1]
seanknox@users.noreply.github.com Sean Knox
	unknown [38, 0]
lukaszoles@gmail.com Łukasz Oleś
	devel-doc [3, 3]
peter@firepod.com Peter Luttrell
	devel-doc [47, 17]
gianrubio@gmail.com Giancarlo Rubio
	unknown [37, 45]
	code [1, 1]
vadice@microsoft.com Vaughn Dice
	unknown [112, 0]
	devel-doc [56, 5]
	documentation [6, 0]
jesse@thefortytwo.net Jesse Dubay
	devel-doc [4, 3]
ramanathana@google.com Anirudh Ramanathan
	unknown [342, 70]
	devel-doc [1, 0]
	code [20, 6]
	documentation [1, 0]
unguiculus@gmail.com Reinhard Nägele
	unknown [76, 5]
	devel-doc [10, 1]
	documentation [2, 2]
pfeodrippe@gmail.com Paulo Rafael Feodrippe
	unknown [19, 2]
	devel-doc [19, 0]
robin@kearney.co.uk Robin Kearney
	unknown [9, 1]
	devel-doc [1, 0]
adnan@prydoni.us Adnan Abdulhussein
	unknown [2, 0]
kent.rancourt@microsoft.com Kent Rancourt
	unknown [110, 154]
	devel-doc [19, 0]
andyhume@gmail.com Andy Hume
	unknown [1, 1]
binoculars@users.noreply.github.com Barrett Harber
	unknown [7, 0]
	devel-doc [1, 0]
dhilip.kumar.s@huawei.com Dhilip
	unknown [252, 7]
	devel-doc [119, 0]
	documentation [2, 0]
github@glek.net Taras Glek
	unknown [10, 2]
	devel-doc [2, 0]
ioanowen@gmail.com Ioan
	unknown [55, 2]
caesarxuchao@users.noreply.github.com Chao Xu
	code [4, 17]
	unknown [11396, 1178]
	devel-doc [1852, 645]
	documentation [0, 0]
bburns@google.com Brendan Burns
	unknown [1077, 769]
	code [201, 79]
	documentation [0, 0]
zihongz@google.com Zihong Zheng
	unknown [1978, 1235]
	devel-doc [12, 48]
	build [1, 1]
ahmetb@google.com Ahmet Alp Balkan
	devel-doc [210, 13]
	code [0, 0]
	unknown [2427, 2222]
	image [0, 0]
	documentation [1, 1]
	build [0, 0]
jliggitt@redhat.com Jordan Liggitt
	unknown [4900, 887]
	devel-doc [386, 4]
	code [15, 1]
	documentation [0, 0]
sergi@koolpi.com Sergi Almacellas Abellana
	code [44, 15]
jonathan@saharacluster.com Jonathan Kosgei
	unknown [307, 0]
	code [11, 0]
runseb@gmail.com Sebastien Goasguen
	unknown [572, 0]
	devel-doc [12, 0]
bowei.du@gmail.com Bowei Du
	unknown [12, 8]
	devel-doc [1, 1]
	code [464, 213]
	ui [1, 1]
sarah.novotny@gmail.com sarahnovotny
bchilds@redhat.com bradley childs
joe.github@bedafamily.com Joe Beda
jamie.hannaford@rackspace.com Jamie Hannaford
	unknown [120, 53]
	devel-doc [682, 509]
	code [38, 0]
	build [7, 4]
	documentation [0, 7]
marco@ceppi.net Marco Ceppi
	unknown [6, 3]
pmorie@redhat.com Paul Morie
	unknown [4200, 3699]
	devel-doc [21, 5]
	build [18, 3]
timothysc@users.noreply.github.com Timothy St. Clair
	unknown [180, 58]
	devel-doc [2, 1]
	documentation [2, 0]
spiffxp@gmail.com Aaron Crickenberger
	unknown [8, 5]
	devel-doc [10, 10]
gyliu513@gmail.com Guang Ya Liu
	unknown [94, 30]
mspreitz@us.ibm.com Mike Spreitzer
	unknown [12, 1]
	devel-doc [2, 0]
zhao.xiangpeng@zte.com.cn xiangpengzhao
	unknown [34, 5]
	devel-doc [4, 4]
	build [2, 2]
senlu@google.com Sen Lu
	unknown [6379, 1248]
	devel-doc [53, 0]
	code [1030, 858]
	ui [3, 2]
	build [14, 2]
mikedanese@gmail.com Mike Danese
	devel-doc [31, 8]
	code [2, 3]
	unknown [361, 492]
	documentation [1, 0]
	ui [7, 6]
	build [1302, 1525]
bgrant0607@users.noreply.github.com Brian Grant
madhusudancs@gmail.com Madhusudan.C.S
	unknown [33, 5]
	code [49, 11]
shashidhara.td@huawei.com shashidharatd
	unknown [567, 355]
	devel-doc [110, 16]
	code [3, 14]
czahedi@google.com Cameron Zahedi
	unknown [1, 0]
	devel-doc [6, 0]
baldwin@stackpointcloud.com Matt Baldwin
	unknown [1, 0]
miha.plesko@xlab.si Miha Pleško
	devel-doc [1, 1]
mkargaki@redhat.com Michail Kargakis
	unknown [122, 47]
	devel-doc [4, 1]
	documentation [0, 0]
jdumars@gmail.com Jason Singer DuMars
	unknown [19, 19]
kowens0826@gmail.com Kenneth Owens
	unknown [5488, 525]
	devel-doc [78, 0]
	documentation [0, 0]
acidburn@google.com Jess Frazelle
	unknown [110, 34]
grodrigues3@users.noreply.github.com grodrigues3
deads2k@users.noreply.github.com David Eads
harryz@hyper.sh Harry Zhang
	unknown [28, 3]
	devel-doc [21, 0]
dan@dankohn.com Dan Kohn
	unknown [1, 1]
rickyp999@gmail.com Ricky Pai
	unknown [64, 9]
lin.a.yang@intel.com Lin Yang
	unknown [2, 2]
saadali@google.com Saad Ali
	unknown [19, 20]
arun.gupta@gmail.com Arun Gupta
	unknown [20, 1]
mtaufen@users.noreply.github.com Michael Taufen
	unknown [1895, 468]
	devel-doc [55, 32]
	code [13, 1]
	build [4, 3]
ihor@dvoretskyi.com Ihor Dvoretskyi
sgordon@redhat.com Stephen Gordon
	unknown [1, 1]
thockin@google.com Tim Hockin
	unknown [802, 185]
	devel-doc [18, 4]
	code [17, 0]
	build [2, 0]
	documentation [0, 0]
jmyue@hotmail.com supereagle
	unknown [1, 1]
yangguan@google.com Yang Guan
	devel-doc [1, 1]
captainshar@gmail.com Sharon
	unknown [293, 373]
etune@google.com Eric Tune
	unknown [1, 1]
nikitaraghunath@gmail.com Nikhita Raghunath
	unknown [356, 51]
	devel-doc [2, 0]
decarr@redhat.com Derek Carr
	unknown [1905, 1554]
	devel-doc [57, 1]
vmik@google.com Mik Vyatskov
	unknown [2449, 36]
	devel-doc [83, 0]
	documentation [13, 6]
	build [43, 6]
cfarquhar@cfarquhar.com Charles Farquhar
pszczesniak@google.com Piotr Szczesniak
	unknown [153, 20]
maciejborsz@google.com Maciej Borsz
	unknown [648, 22]
	documentation [2, 0]
loburm@google.com Marian Lobur
	unknown [47, 17]
oleksii.khliupin@nytimes.com oleksii khliupin
	unknown [3, 1]
	build [1, 1]
gmarek@google.com Marek Grabowski
	unknown [37, 14]
	devel-doc [3, 0]
	code [8, 3]
	build [1, 1]
taotaotheripper@gmail.com Lantao Liu
	unknown [6524, 896]
	devel-doc [2, 2]
	code [3, 2]
crazykev@zju.edu.cn Crazykev
	unknown [94, 94]
	code [0, 1]
xlgao@zju.edu.cn Xianglin Gao
	unknown [510, 52]
21621232@zju.edu.cn mozhuli
	unknown [22, 28]
weidonglee27@gmail.com mozhulee
	unknown [164, 0]
mikebrow@users.noreply.github.com Mike Brown
mrunal@me.com Mrunal Patel
	unknown [345, 72]
	devel-doc [2, 2]
	code [447, 38]
	build [10, 10]
dwalsh@redhat.com Daniel J Walsh
	unknown [269, 261]
	devel-doc [15, 15]
	code [365, 365]
	build [43, 43]
runcom@users.noreply.github.com Antonio Murdaca
	unknown [852, 1177]
	devel-doc [2, 0]
	code [313, 26]
	build [77, 6]
vbatts@hashbangbash.com Vincent Batts
	unknown [2, 1]
sameo@linux.intel.com Samuel Ortiz
	unknown [153, 88]
	code [1, 1]
alexl@redhat.com Alexander Larsson
	unknown [0, 3]
	devel-doc [0, 2]
	code [218, 88]
	build [3, 3]
jbieren@redhat.com Johnny Bieren
	unknown [27, 0]
mheon@redhat.com Matthew Heon
	unknown [1, 1]
	code [4, 4]
mozhuli@users.noreply.github.com Wade Lee
	unknown [107, 9]
	devel-doc [9, 0]
21521209@zju.edu.cn Luke Chen
	unknown [1181, 1734]
	devel-doc [2, 0]
	code [2, 2]
yulinxie@zju.edu.cn Yulin Xie
	unknown [98, 2]
feiskyer@users.noreply.github.com Pengfei Ni
	unknown [615, 394]
	devel-doc [19, 16]
	code [43, 11]
andreas@kruger.nu Andreas Krüger
	code [1, 1]
maciaszczykm@users.noreply.github.com Marcin Maciaszczyk
	unknown [1004, 389]
	image [2, 2]
	code [671, 54]
	documentation [388, 94]
s.florek91@gmail.com Sebastian Florek
	code [120, 38]
	unknown [2547, 1646]
	devel-doc [1, 1]
	documentation [10, 2]
kenan.karamehmedovic@est.fujitsu.com Kenan Karamehmedovic
	unknown [50, 24]
	code [429, 130]
	documentation [41, 3]
zounengren@cmss.chinamobile.com zoues
	unknown [12, 12]
christoph.held@est.fujitsu.com Christoph Held
	unknown [135, 12]
timothyjosefik@gmail.com Timothy Josefik
	unknown [7, 7]
bryk@google.com Piotr Bryk
	unknown [4, 4]
sky.captin@gmail.com Werner
	unknown [30, 28]
	build [4, 2]
sanderp@q42.nl Sander Ploegsma
	code [2, 2]
rober.morales@rstor.io Rober Morales-Chaparro
	unknown [3, 3]
linki@users.noreply.github.com Martin Linkhorst
	unknown [461, 620]
	devel-doc [3, 0]
peter@segfault.guru Peter Huene
	unknown [1032, 100]
ismith@mit.edu Ian Smith
	unknown [243, 18]
	devel-doc [4, 0]
wongma7@users.noreply.github.com Matthew Wong
	unknown [438, 266]
	devel-doc [53, 1]
	code [350, 40]
	build [3, 39]
hchiramm@redhat.com Humble Chirammal
	unknown [1132, 649]
	devel-doc [89, 23]
	code [13, 0]
	build [69, 0]
deyuan@caicloud.io Deyuan Deng
	unknown [4, 0]
	devel-doc [2, 2]
obnox@redhat.com Michael Adam
	devel-doc [9, 9]
msau@google.com Michelle Au
	unknown [2799, 154]
	devel-doc [163, 5]
	documentation [0, 0]
	build [51, 0]
humble.devassy@gmail.com Humble Devassy Chirammal
	unknown [1, 0]
dbsmith@google.com Daniel Smith
	unknown [782, 1065]
	devel-doc [14, 10]
directxman12+github@gmail.com Solly Ross
	code [4, 1]
	unknown [1115, 58]
	devel-doc [2, 0]
	documentation [0, 0]
ja.lauricella@gmail.com neith00
	unknown [1, 1]
kobi.zamir@gmail.com yaacov
	unknown [4, 0]
andy.xning@gmail.com Andy Xie
	unknown [21, 38]
thomastaylor312@gmail.com Taylor Thomas
	unknown [74, 42]
	devel-doc [3, 0]
bjozsa@jinkit.com Brandon B. Jozsa
	unknown [1, 0]
matt.butcher@microsoft.com Matt Butcher
	unknown [138, 1802]
	code [12, 7]
	documentation [0, 3559]
adamreese@users.noreply.github.com Adam Reese
	unknown [531, 418]
	devel-doc [4, 4]
	documentation [2, 2]
sushil.kumar@suse.com Sushil Kumar
	unknown [709, 122]
	devel-doc [55, 0]
	documentation [54, 3]
	image [8, 0]
	package [0, 0]
willisesun@gmail.com willise
	unknown [4, 4]
	documentation [1, 1]
devinyan@tencent.com devinyan
	unknown [6, 6]
minooral@microsoft.com Michelle Noorali
	unknown [3, 3]
zoidbergwill@gmail.com William Martin Stewart
	devel-doc [1, 1]
justin.a.scott@intel.com Justin Scott
	unknown [9, 25]
bodepd@gmail.com Dan Bode
	devel-doc [3, 3]
cory.m.smith@gmail.com Cory Smith
	unknown [4, 4]
fibonacci1729@users.noreply.github.com Brian
slicknik@gmail.com Nikhil Manchanda
	unknown [4, 3]
segoings@microsoft.com Seth Goings
	devel-doc [1, 1]
pierre@ozoux.net Pierre Ozoux
brian@deis.com fibonacci1729
	unknown [2531, 2110]
lead4good@users.noreply.github.com lead4good
	unknown [1, 1]
koroluka@gmail.com Andrew Koroluk
	unknown [15, 0]
rvbadin@gmail.com Raphael Badin
	unknown [25, 2]
fengyun.pan@easystack.cn fengyun.pan
	unknown [386, 122]
	devel-doc [1, 0]
aledbf@gmail.com Manuel Alejandro de Brito Fontes
	code [8, 8]
	unknown [988, 1146]
	devel-doc [70, 7]
	documentation [35, 8]
	build [97, 5]
jcmoraisjr@gmail.com Joao Morais
	unknown [175, 131]
nicksardo@users.noreply.github.com Nick Sardo
	unknown [2048, 641]
	devel-doc [24, 1]
	build [10, 0]
andrey.arapov@nixaid.com Andrey Arapov
	unknown [6, 1]
	devel-doc [7, 1]
olve@vimond.com Olve Sæther Hansen
	documentation [3, 0]
jan@iosphere.de Jan Weitz
	unknown [34, 0]
	devel-doc [31, 0]
my@famer.me 明扬
	devel-doc [1, 1]
arjan.schaaf@luminis.eu Arjan Schaaf
	documentation [0, 3]
ft@le-fay.org Liss Tarnell
	unknown [78, 5]
lars.solberg+github@gmail.com Lars Solberg
	devel-doc [1, 1]
arve.knudsen@gmail.com Arve Knudsen
	devel-doc [2, 2]
julian.modesto@liveramp.com Julian V. Modesto
	unknown [1, 0]
chen.tao3@zte.com.cn chentao1596
	unknown [17, 1]
	build [1, 1]
stevenk1@stanford.edu Steve Kallestad
	unknown [106, 0]
	devel-doc [143, 0]
mkumatag@in.ibm.com Manjunath A Kumatagi
	build [40, 10]
sandor.szuecs@zalando.de Sandor Szücs
	unknown [1, 0]
v@gor.io Vlad Gorodetsky
	unknown [10, 0]
	documentation [3, 1]
wangdk@inspur.com Damon Wang
	devel-doc [1, 1]
zouyee1989@gmail.com zouyee
	unknown [47, 13]
	devel-doc [6, 2]
cai.yixiang@zte.com.cn caiyixiang
	unknown [0, 4]
olvesh@gmail.com Olve S. Hansen
	devel-doc [1, 1]
cheungpat@oursky.com Kwok-kuen Cheung
	documentation [2, 0]
dnardo@google.com Daniel Nardo
	unknown [79, 5]
	build [3, 0]
rsmitty@users.noreply.github.com Spencer Smith
	unknown [117, 24]
	code [61, 0]
bradbeam@users.noreply.github.com Brad Beam
	unknown [3, 6]
kevin@idempotent.ca Kevin Jing Qiu
	unknown [56, 14]
github@jonasmatser.nl Jonas Matser
	devel-doc [5, 3]
justin.hunthrop@emc.com Justin Hunthrop
	unknown [1, 1]
mmosesohn@mirantis.com Matthew Mosesohn
	unknown [37, 3]
	devel-doc [10, 0]
jlothian@cisco.com Josh Lothian
	unknown [0, 2]
hkang.sunysb@gmail.com Hui Kang
	devel-doc [2, 2]
charlie@charliedrage.com Charlie Drage
	unknown [211, 83]
	devel-doc [55, 22]
	code [31, 9]
tomas.kral@gmail.com Tomas Kral
	unknown [55, 31]
surajd.service@gmail.com Suraj Deshmukh
	unknown [19, 20]
lawrleegle@gmail.com gitlawr
	unknown [175, 36]
surajnarwade353@gmail.com Suraj Narwade
	unknown [26, 13]
	code [2, 0]
abhishek.becs@gmail.com Abhishek Chanda
	unknown [5, 1]
clove@cnmconsulting.net Chris Love
	unknown [3, 8]
otto@live.ca Otto Yiu
	unknown [271, 74]
justin@fathomdb.com Justin Santa Barbara
	unknown [173, 90]
	code [4, 4]
	build [2, 2]
andrew@wattpad.com andrewsykim
	unknown [280, 289]
jordanjennings@gmail.com Jordan Jennings
	unknown [64, 25]
spollack@beenverified.com Seth Pollack
	unknown [388, 4]
	devel-doc [2, 2]
hugocf@users.noreply.github.com Hugo Ferreira
	unknown [3, 3]
heschlie@gmail.com heschlie
	unknown [221, 84]
shimi.k@gmail.com Shimi Kiviti
	unknown [6, 2]
andrey.chernih@gmail.com Andrey Chernih
	unknown [7, 0]
patrickbarkerco@gmail.com Patrick Barker
	unknown [13, 0]
geojaz@users.noreply.github.com Eric Hole
mike.splain@gmail.com Mike Splain
	unknown [57, 35]
willem.mali@gmail.com Willem Mali
	unknown [2, 343]
	code [16, 0]
	build [96, 13]
djosborne10@gmail.com Dan Osborne
	unknown [10, 134]
	code [1, 1]
alexanderbrandstedt@gmail.com Alexander Brandstedt
	unknown [4, 4]
sngchlko@gmail.com Seungcheol Ko
	unknown [1, 1]
caarlos0@gmail.com Carlos Alexandro Becker
	unknown [0, 6]
redtree.dev1112@gmail.com Norio Akagi
	unknown [5, 3]
ykuoka@gmail.com KUOKA Yusuke
	devel-doc [1, 1]
paalkr@users.noreply.github.com paalkr
	unknown [1, 0]
c-knowles@users.noreply.github.com Chris Knowles
	unknown [29, 1]
spatronis@gmail.com spatronis
	unknown [3, 3]
jefferson@girao.net Jefferson Girao
	unknown [6, 6]
daniel.tritone@gmail.com Daniel Martins
	unknown [894, 1125]
ivanov.maxim@gmail.com Maxim Ivanov
	unknown [40, 525]
jhollinshead@hotels.com Joseph Hollinshead
	unknown [6, 58]
camil@edka.io Camil Blanaru
	unknown [13, 12]
everpeace@gmail.com Shingo Omura
	unknown [627, 1]
yury.tsarev@iflix.com Yury Tsarev
	unknown [1, 1]
jorge.arcoma@gmail.com Jorge Arco
	unknown [1, 4]
fbranczyk@gmail.com Frederic Branczyk
mengqiy@google.com Mengqi Yu
	unknown [6219, 1563]
madaxa@cn.ibm.com Klaus Ma
	unknown [360, 150]
	devel-doc [117, 18]
	documentation [0, 0]
avagarwa@redhat.com Avesh Agarwal
	unknown [59, 3]
enisoc@google.com Anthony Yeh
	unknown [277, 49]
	devel-doc [242, 157]
	code [124, 8]
saksham0808@gmail.com Saksham Sharma
	unknown [718, 56]
	devel-doc [54, 0]
lucas@weave.works Lucas Käldström
	unknown [128, 42]
	devel-doc [7, 2]
danw@redhat.com Dan Winship
	unknown [5895, 317]
	devel-doc [930, 0]
	documentation [0, 0]
	build [0, 51]
jack.francis@microsoft.com Jack Francis
	unknown [626, 145]
	devel-doc [3, 0]
wojtekt@google.com Wojciech Tyczynski
	unknown [1205, 1039]
	devel-doc [7, 6]
	code [3, 32]
	build [3, 3]
sunilarora@google.com Sunil Arora
	unknown [306, 90]
	devel-doc [4, 0]
vsemushi@redhat.com Slava Semushin
	unknown [6, 5]
sdw35@cornell.edu Scott Weiss
	unknown [461, 0]
	devel-doc [7, 0]
baofa.fan@daocloud.io carlory
	unknown [10, 7]
	code [1, 1]
beacham@google.com Jacob Beacham
	unknown [334, 12]
	devel-doc [35, 3]
	code [42, 1]
	build [17, 5]
yjhong@google.com Yu-Ju Hong
	unknown [7966, 5511]
	devel-doc [6, 1]
jeffml@google.com Jeff Lowdermilk
	unknown [1, 309]
jinxu@google.com Jing Xu
	unknown [1301, 85]
	devel-doc [3, 0]
	documentation [0, 0]
agarwalrohit@google.com Rohit Agarwal
	unknown [40, 2]
	devel-doc [2, 2]
mitsuhiro.tanino@hds.com mtanino
	unknown [148, 47]
zhang.xiaoyu33@zte.com.cn zhangxiaoyu-zidif
	unknown [180, 45]
dashpole@google.com David Ashpole
	unknown [695, 511]
	devel-doc [632, 6]
	code [1, 5]
qlee@google.com Quintin Lee
	unknown [28, 6]
	devel-doc [19, 0]
chiachenk@google.com Janet Kuo
	unknown [2979, 1289]
	devel-doc [76, 5]
	code [40, 0]
	documentation [0, 0]
gkuncoro@vmware.com Giri Kuncoro
	unknown [10247, 10110]
	translation [93, 1]
doliu@microsoft.com Dong Liu
	unknown [522, 105]
	devel-doc [51, 1]
wasylkowski@google.com Andrzej Wasylkowski
	unknown [28, 6]
	devel-doc [2, 0]
xingzhou@cn.ibm.com Xing Zhou
	unknown [2, 24]
	devel-doc [0, 2]
jgrafton@google.com Jeff Grafton
	unknown [210, 76]
	devel-doc [1, 13]
	code [69, 22]
	ui [3, 0]
mmazurskiy@atlassian.com Mikhail Mazurskiy
	unknown [172, 20]
	devel-doc [2, 0]
mml@google.com Matt Liggett
	unknown [10, 1]
	devel-doc [1, 0]
dawnchen@google.com Dawn Chen
	unknown [28, 127]
vishnuk@google.com Vishnu kannan
	unknown [8, 8]
	code [39, 23]
cxing@google.com Cheng Xing
	unknown [120, 9]
	devel-doc [1, 0]
grod@google.com Garrett Rodrigues
	unknown [47, 3]
marton.natko@gmail.com n-marton
	unknown [9, 0]
393926893@qq.com zhengjiajin
	unknown [660, 86]
	devel-doc [10, 9]
	documentation [0, 0]
alberto.garcial@hotmail.com enxebre
	unknown [339, 0]
	devel-doc [4, 0]
wfender@google.com Walter Fender
	unknown [87, 56]
chenr.fnst@cn.fujitsu.com xilabao
	unknown [582, 21]
	devel-doc [9, 1]
	code [2, 2]
	translation [3, 5]
stephenhsu90@gmail.com Di Xu
	unknown [11, 23]
kumaraji@google.com Ajit Kumar
	code [6, 0]
	build [7, 2]
alexdwanerobinson@gmail.com Alex Robinson
	unknown [5, 2]
jwhitlock@apache.org Jeremy Whitlock
	unknown [1601, 0]
	devel-doc [160, 0]
	code [108, 0]
eric.chiang.m@gmail.com Eric Chiang
	unknown [870, 32]
	devel-doc [62, 0]
	documentation [2, 0]
haowang@redhat.com Haoran Wang
	code [1, 1]
fangyuhao@gmail.com x1957
	unknown [3, 1]
nickren19@gmail.com NickrenREN
	unknown [245, 115]
	devel-doc [48, 0]
talk.to.waseem@gmail.com Waseem Ahmad
	unknown [182, 96]
tnozicka@gmail.com Tomas Nozicka
	unknown [2, 0]
jiang.lingxia@zte.com.cn jianglingxia
	unknown [7, 11]
	devel-doc [2, 2]
ygg@google.com Yang Guo
	unknown [1996, 392]
	devel-doc [3, 0]
hchen@redhat.com Huamin Chen
	unknown [83, 47]
	devel-doc [1, 0]
cjcullen@google.com CJ Cullen
	unknown [8, 3]
	code [8, 0]
	build [8, 0]
	documentation [1, 0]
divyenp@vmware.com divyenpatel
	unknown [600, 415]
	devel-doc [3, 1]
	build [35, 6]
jregan@google.com Jeffrey Regan
	unknown [56, 55]
	devel-doc [43, 5]
dvorak@google.com Jonathan MacMillan
	unknown [265, 62]
	devel-doc [3, 0]
abhinav.dahiya@coreos.com Abhinav Dahiya
	unknown [1, 1]
ffranz@redhat.com Fabiano Franz
	unknown [7, 1]
jacobsimpson@google.com Jacob Simpson
	unknown [167, 63]
	devel-doc [1, 0]
	documentation [1, 0]
fabrizio.pandini@gmail.com fabriziopandini
	unknown [30, 30]
stanislaw.szydlo@intel.com Stanisław Szydło
	unknown [1, 1]
	code [2, 2]
	build [1, 1]
horwitzja@gmail.com Josh Horwitz
	unknown [22, 0]
yasstij11@gmail.com Yassine TIJANI
	unknown [4, 7]
xychu2008@gmail.com Ethan Chu
	unknown [47, 20]
agonzalezro@gmail.com Álex González
	devel-doc [1, 1]
jungong@tencent.com Jun Gong
	unknown [3, 1]
abw@google.com Adam Worrall
	unknown [115, 9]
	devel-doc [1, 0]
artmr@lsd.ufcg.edu.br Arthur Miranda
	unknown [298, 0]
	devel-doc [2, 0]
	documentation [3, 0]
bvanzant@brkt.com Bob Van Zant
	unknown [22, 11]
andy.goldstein@gmail.com Andy Goldstein
	code [35, 22]
	unknown [464, 103]
	devel-doc [11, 5]
	documentation [2, 0]
bryan@weave.works Bryan Boreham
	unknown [0, 2]
yunxian.guo@easystack.cn guoyunxian
	unknown [0, 2]
li.xiaobing1@zte.com.cn lixiaobing1
	unknown [4, 1]
ailusazh@126.com ailusazh
	unknown [1, 1]
emaildanwilson@gmail.com emaildanwilson
	unknown [153, 42]
	devel-doc [2, 0]
mkhan@redhat.com Monis Khan
	unknown [89, 19]
	code [12, 4]
marun@redhat.com Maru Newby
	unknown [253, 1268]
	devel-doc [18, 32]
	documentation [2, 0]
alex.crawford@coreos.com Alex Crawford
	unknown [3, 3]
henrique@lsd.ufcg.edu.br Henrique Truta
	unknown [1, 1]
ouyang.qinhua@zte.com.cn bruceauyeung
	code [3, 0]
shiyang.wang@outlook.com Shiyang Wang
	unknown [1, 1]
	code [1, 1]
ninkendo@gmail.com Ken Simon
	unknown [38, 21]
bdontu@vmware.com System Administrator
	unknown [669, 210]
	devel-doc [676, 2]
	documentation [0, 0]
harsh@portworx.com Harsh Desai
	unknown [54, 73]
	devel-doc [2, 2]
jinsenorita@gmail.com Ginwala
	unknown [2, 2]
sjenning@redhat.com Seth Jennings
	unknown [95, 0]
matthew.potter@uswitch.com Matt Potter
	unknown [13, 17]
	devel-doc [1, 0]
kb@itsvit.org kb@itsvit.org
	unknown [17, 20]
	code [5, 1]
	build [2, 2]
xxiaozhou@gmail.com Author xiao-zhou
	unknown [136, 0]
robertojrojas@gmail.com Roberto J Rojas
	unknown [11, 6]
seharris@us.ibm.com Steven E. Harris
	unknown [5, 12]
wang.bin21@zte.com.cn billy2180
	unknown [4, 4]
jmacleod@google.com Jago Macleod
	devel-doc [16, 0]
shiywang@redhat.com shiywang
	unknown [232, 0]
	devel-doc [7, 1]
luis.pabon@coreos.com Luis Pabón
	unknown [109, 4]
mashimiao.fnst@cn.fujitsu.com Ma Shimiao
	unknown [1, 3]
jay@apache.org jayunit100
	unknown [75, 45]
pu.junqi@zte.com.cn tianshapjq
	unknown [3, 3]
davidewatson@gmail.com David E Watson
	unknown [1, 1]
salvatore-dario.minonne@amadeus.com Salvatore Dario Minonne
	unknown [192, 3]
	devel-doc [2, 0]
pc@michali.net Paul Michali
	unknown [81, 9]
sidvin@amazon.com Vinothkumar Siddharth
	code [1, 2]
haoyuan.ge@caicloud.io haoyuan
	unknown [0, 38]
nikhiljindal@google.com nikhiljindal
	code [3, 0]
george.kraft@canonical.com George Kraft
	build [12, 0]
licl@primeton.com lichunlong
	unknown [45, 7]
kazuki.suda@gmail.com Kazuki Suda
	unknown [11, 1]
nislamov@atlassian.com Nail Islamov
	unknown [6, 2]
matthias.greiner@stud.uni-heidelberg.de Matthias Greiner
	unknown [2, 2]
sritesh@vmware.com Ritesh H Shukla
jaescobar.cell@gmail.com Alejandro Escobar
	unknown [1, 1]
karthequian@users.noreply.github.com Karthik Gaekwad
	unknown [3, 2]
vsmax@users.noreply.github.com Michal Cwienczek
	devel-doc [2, 2]
onuralptaner@gmail.com Onuralp Taner
	devel-doc [16, 0]
chenopis@users.noreply.github.com Andrew Chen
	unknown [937, 345]
	devel-doc [72, 19]
	documentation [2350, 2454]
	build [220, 86]
kshafiee@users.noreply.github.com kshafiee
	unknown [7, 0]
mcginnisrr@gmail.com Ryan McGinnis
	unknown [151, 168]
	documentation [6, 4]
kev.kirsche+github@gmail.com Kevin Kirsche
	unknown [1, 1]
kyle@lodge.glasgownet.com Kyle Gordon
	unknown [1, 1]
techtonik@gmail.com anatoly techtonik
	unknown [2, 2]
	devel-doc [10, 19]
steveperry-53@users.noreply.github.com Steve Perry
	unknown [197, 322]
	devel-doc [109, 0]
	documentation [8, 0]
	build [41, 62]
kenny.lee_sin_cheong@coreos.com Kenny Lee Sin Cheong
	unknown [1, 1]
	build [1, 1]
sublimino@gmail.com Andrew Martin
	unknown [2, 0]
kakronst@us.ibm.com kKronstainBrown
	unknown [1, 1]
tgraf@suug.ch Thomas Graf
	unknown [8, 0]
irfan.rehman@huawei.com Irfan Ur Rehman
	unknown [1, 1]
me@coolsvap.net Swapnil Kulkarni
	unknown [1, 1]
roshandawrani@gmail.com roshandawrani
	unknown [3, 3]
wang.xunbo@zte.com.cn wangxunbo
	unknown [2, 2]
ng.tuna@gmail.com Tuna
	unknown [2, 1]
kevinjqiu@users.noreply.github.com Kevin J. Qiu
	unknown [1, 1]
lukestuts@gmail.com Luke Stutters
	unknown [1, 1]
spzala@us.ibm.com Sahdev P. Zala
	unknown [2, 2]
chen.huan@zte.com.cn chenhuan12
	unknown [19, 19]
li.xialong@zte.com.cn Peter Lee
	unknown [1, 1]
selvik@users.noreply.github.com Selvi K
	unknown [1, 1]
campoy@golang.org Francesc Campoy
	unknown [1, 1]
cmluciano@us.ibm.com Christopher M. Luciano
	unknown [4, 0]
jim@jimrollenhagen.com Jim Rollenhagen
	unknown [2, 2]
shanahan.jrs@gmail.com John Shanahan
	unknown [1, 1]
josh@curl.me Josh Curl
	build [29, 29]
itamarost@gmail.com Itamar Ostricher
	build [1, 1]
rick@sostheim.com Rick Sostheim
	unknown [13, 4]
rsokolkov@gmail.com Roman S
	unknown [3, 0]
jesse@cockroachlabs.com Jesse Seldess
	unknown [123, 82]
	build [67, 0]
craig.box@gmail.com craigbox
	documentation [1, 1]
sslavic@gmail.com Stevo Slavić
	unknown [1, 1]
shawnique@ca.ibm.com nique905
	unknown [2, 0]
ddonnelly@google.com devin-donnelly
brandon.philips@coreos.com Brandon Philips
	unknown [43, 43]
	build [7, 7]
j.putrino@f5.com Jodie Putrino
	unknown [126, 435]
	build [392, 0]
kale@lemnisys.com Kale Blankenship
	unknown [1, 1]
jesse.kinkead@gmail.com Jesse Kinkead
	unknown [1, 1]
jaredbhatti@users.noreply.github.com Jared
	unknown [380, 0]
steph@epiphenie.com Stephenie Swope
	unknown [98, 373]
isa-bel@users.noreply.github.com isa-bel
	unknown [65, 10]
paulbattaglia@google.com paulbattagliag
	unknown [172, 203]
	build [11, 50]
isabel.xkjc@gmail.com Isabel JC
	unknown [26, 2]
wshaffer74@mac.com Wendy Shaffer
	unknown [49, 69]
	devel-doc [42, 49]
clairelundeby@gmail.com Claire Lundeby
	unknown [32, 35]
ryan.coates@gmail.com Pheo
	unknown [36, 14]
gwhitt@pacbell.net geraldinewhitt
	unknown [41, 16]
cbatra@salesforce.com cbatra
	unknown [5, 5]
zhang.ming5@zte.com.cn zhangmingld
	unknown [1, 1]
m@rickard.email Matt Rickard
	unknown [117, 52]
	code [2, 1]
slokas@upmc.edu Steve Sloka
	unknown [2, 2]
su3g4284zo6y7@gmail.com tz70s
	unknown [3, 0]
aprindle@google.com Aaron Prindle
	unknown [63, 27]
	devel-doc [9, 0]
	code [1, 2]
	build [1, 1]
dlorenc@google.com dlorenc
	unknown [1172, 1165]
	code [10, 4]
nkubala@users.noreply.github.com Nick Kubala
	unknown [8, 8]
andreas.kohn@gmail.com Andreas Kohn
	unknown [1, 1]
	devel-doc [1, 1]
budhram.gurung01@gmail.com Budh Ram Gurung
	unknown [11, 11]
djmm@google.com David McMahon
	unknown [10, 10]
	code [10, 6]
kibbles-n-bytes@users.noreply.github.com Michael Kibbe
	unknown [19, 11]
arschles@gmail.com Aaron Schlesinger
	unknown [1685, 407]
vaikas-google@users.noreply.github.com Ville Aikas
	unknown [302, 11]
dma@redhat.com DeShuai Ma
	unknown [292, 56]
dug@us.ibm.com Doug Davis
	unknown [28, 0]
mbauer@us.ibm.com Morgan Bauer
	unknown [348, 356]
	build [3, 0]
jpeeler@redhat.com Jeff Peeler
apelisse@gmail.com Antoine Pelisse
	unknown [1901, 664]
	devel-doc [62, 90]
	code [103, 49]
erick@fejta.com Erick Fejta
	unknown [2097, 1784]
	devel-doc [19, 8]
	code [652, 308]
	build [1, 1]
spxtr@users.noreply.github.com Joe Finney
	unknown [55, 0]
	devel-doc [2, 0]
yutongz@google.com Yutong Zhang
	unknown [11, 1]
	devel-doc [1, 1]
juntee@google.com Jun Xiang Tee
	unknown [579, 9]
	devel-doc [3, 0]
keer236@gmail.com mikewu
	unknown [26, 34]
spxtr@google.com spxtr
	unknown [65, 20]
	build [5, 5]
rmmh@google.com Ryan Hitchman
	unknown [414, 235]
	code [178, 41]
	build [2, 2]
	documentation [83, 21]
caselim@gmail.com caleb miles
	unknown [1, 1]
colew@google.com Cole Wagner
	unknown [120, 101]
wonderfly@users.noreply.github.com Daniel Wang
	unknown [68, 38]
vishh@users.noreply.github.com Vish Kannan
	unknown [60, 1]
devel-doc 11460 2638
	ccoleman@redhat.com Clayton Coleman: [495, 172]
	admin@toph.ca Christoph Blecker: [99, 100]
	mehdy@google.com mbohlool: [1063, 70]
	shyamjvs@google.com Shyam Jeedigunta: [69, 0]
	stclair@google.com Tim St. Clair: [261, 4]
	stefan.schimanski@gmail.com Dr. Stefan Schimanski: [404, 140]
	caosf.fnst@cn.fujitsu.com Cao Shufeng: [1, 1]
	deads@redhat.com deads2k: [231, 59]
	lukasz.szaszkiewicz@gmail.com p0lyn0mial: [34, 50]
	pwittroc+github@google.com Phillip Wittrock: [7, 7]
	alexanderhcampbell@gmail.com Alexander Campbell: [13, 14]
	mwielgus@google.com Marcin Wielgus: [19, 2]
	ej@reactiveops.com ejether: [1, 1]
	jansel@jansel.net Jason Ansel: [2, 2]
	xiangli.cs@gmail.com Xiang Li: [8, 2]
	shanestarcher@gmail.com Shane Starcher: [1, 1]
	dghubble@gmail.com Dalton Hubble: [1, 1]
	dan@projectcalico.org Dan (Turk): [11, 0]
	tompizmor@users.noreply.github.com tompizmor: [12, 2]
	mr.maatoug@gmail.com Mourad Maatoug: [1, 1]
	akauppi@gmail.com Asko Kauppi: [5, 6]
	edsiper@gmail.com Eduardo Silva: [10, 3]
	lachie83@users.noreply.github.com Lachlan Evenson: [112, 0]
	jonstacks@users.noreply.github.com Jonathan Stacks: [4, 3]
	kevin.fox@pnnl.gov kfox1111: [31, 0]
	justin.r.nauman+github@gmail.com Justin Nauman: [2, 0]
	scott@r6by.com Scott Rigby: [10, 0]
	yuanying@fraction.jp O. Yuanying: [2, 0]
	ivan.ilves@gmail.com Ivan Ilves: [5, 2]
	pchampon@gmail.com Philip Champon: [1, 0]
	tom@devopsify.io Tom Qiang Wu: [14, 14]
	fabian@progra.de Fabian Ruff: [3, 0]
	ashley.penney@maxwellhealth.com Ashley Penney: [3, 3]
	henders@users.noreply.github.com Shane Hender: [24, 23]
	viglesias@google.com Vic Iglesias: [3, 0]
	github@armesto.net Jose Armesto: [21, 0]
	ipaq.lw@gmail.com Sergey Nuzhdin: [18, 11]
	yuvipanda@gmail.com Yuvi Panda: [1, 1]
	lukaszoles@gmail.com Łukasz Oleś: [3, 3]
	peter@firepod.com Peter Luttrell: [47, 17]
	vadice@microsoft.com Vaughn Dice: [56, 5]
	jesse@thefortytwo.net Jesse Dubay: [4, 3]
	ramanathana@google.com Anirudh Ramanathan: [1, 0]
	unguiculus@gmail.com Reinhard Nägele: [10, 1]
	pfeodrippe@gmail.com Paulo Rafael Feodrippe: [19, 0]
	robin@kearney.co.uk Robin Kearney: [1, 0]
	kent.rancourt@microsoft.com Kent Rancourt: [19, 0]
	binoculars@users.noreply.github.com Barrett Harber: [1, 0]
	dhilip.kumar.s@huawei.com Dhilip: [119, 0]
	github@glek.net Taras Glek: [2, 0]
	caesarxuchao@users.noreply.github.com Chao Xu: [1852, 645]
	zihongz@google.com Zihong Zheng: [12, 48]
	ahmetb@google.com Ahmet Alp Balkan: [210, 13]
	jliggitt@redhat.com Jordan Liggitt: [386, 4]
	runseb@gmail.com Sebastien Goasguen: [12, 0]
	bowei.du@gmail.com Bowei Du: [1, 1]
	jamie.hannaford@rackspace.com Jamie Hannaford: [682, 509]
	pmorie@redhat.com Paul Morie: [21, 5]
	timothysc@users.noreply.github.com Timothy St. Clair: [2, 1]
	spiffxp@gmail.com Aaron Crickenberger: [10, 10]
	mspreitz@us.ibm.com Mike Spreitzer: [2, 0]
	zhao.xiangpeng@zte.com.cn xiangpengzhao: [4, 4]
	senlu@google.com Sen Lu: [53, 0]
	mikedanese@gmail.com Mike Danese: [31, 8]
	shashidhara.td@huawei.com shashidharatd: [110, 16]
	czahedi@google.com Cameron Zahedi: [6, 0]
	miha.plesko@xlab.si Miha Pleško: [1, 1]
	mkargaki@redhat.com Michail Kargakis: [4, 1]
	kowens0826@gmail.com Kenneth Owens: [78, 0]
	harryz@hyper.sh Harry Zhang: [21, 0]
	mtaufen@users.noreply.github.com Michael Taufen: [55, 32]
	thockin@google.com Tim Hockin: [18, 4]
	yangguan@google.com Yang Guan: [1, 1]
	nikitaraghunath@gmail.com Nikhita Raghunath: [2, 0]
	decarr@redhat.com Derek Carr: [57, 1]
	vmik@google.com Mik Vyatskov: [83, 0]
	gmarek@google.com Marek Grabowski: [3, 0]
	taotaotheripper@gmail.com Lantao Liu: [2, 2]
	mrunal@me.com Mrunal Patel: [2, 2]
	dwalsh@redhat.com Daniel J Walsh: [15, 15]
	runcom@users.noreply.github.com Antonio Murdaca: [2, 0]
	alexl@redhat.com Alexander Larsson: [0, 2]
	mozhuli@users.noreply.github.com Wade Lee: [9, 0]
	21521209@zju.edu.cn Luke Chen: [2, 0]
	feiskyer@users.noreply.github.com Pengfei Ni: [19, 16]
	s.florek91@gmail.com Sebastian Florek: [1, 1]
	linki@users.noreply.github.com Martin Linkhorst: [3, 0]
	ismith@mit.edu Ian Smith: [4, 0]
	wongma7@users.noreply.github.com Matthew Wong: [53, 1]
	hchiramm@redhat.com Humble Chirammal: [89, 23]
	deyuan@caicloud.io Deyuan Deng: [2, 2]
	obnox@redhat.com Michael Adam: [9, 9]
	msau@google.com Michelle Au: [163, 5]
	dbsmith@google.com Daniel Smith: [14, 10]
	directxman12+github@gmail.com Solly Ross: [2, 0]
	thomastaylor312@gmail.com Taylor Thomas: [3, 0]
	adamreese@users.noreply.github.com Adam Reese: [4, 4]
	sushil.kumar@suse.com Sushil Kumar: [55, 0]
	zoidbergwill@gmail.com William Martin Stewart: [1, 1]
	bodepd@gmail.com Dan Bode: [3, 3]
	segoings@microsoft.com Seth Goings: [1, 1]
	fengyun.pan@easystack.cn fengyun.pan: [1, 0]
	aledbf@gmail.com Manuel Alejandro de Brito Fontes: [70, 7]
	nicksardo@users.noreply.github.com Nick Sardo: [24, 1]
	andrey.arapov@nixaid.com Andrey Arapov: [7, 1]
	jan@iosphere.de Jan Weitz: [31, 0]
	my@famer.me 明扬: [1, 1]
	lars.solberg+github@gmail.com Lars Solberg: [1, 1]
	arve.knudsen@gmail.com Arve Knudsen: [2, 2]
	stevenk1@stanford.edu Steve Kallestad: [143, 0]
	wangdk@inspur.com Damon Wang: [1, 1]
	zouyee1989@gmail.com zouyee: [6, 2]
	olvesh@gmail.com Olve S. Hansen: [1, 1]
	github@jonasmatser.nl Jonas Matser: [5, 3]
	mmosesohn@mirantis.com Matthew Mosesohn: [10, 0]
	hkang.sunysb@gmail.com Hui Kang: [2, 2]
	charlie@charliedrage.com Charlie Drage: [55, 22]
	spollack@beenverified.com Seth Pollack: [2, 2]
	ykuoka@gmail.com KUOKA Yusuke: [1, 1]
	madaxa@cn.ibm.com Klaus Ma: [117, 18]
	enisoc@google.com Anthony Yeh: [242, 157]
	saksham0808@gmail.com Saksham Sharma: [54, 0]
	lucas@weave.works Lucas Käldström: [7, 2]
	danw@redhat.com Dan Winship: [930, 0]
	jack.francis@microsoft.com Jack Francis: [3, 0]
	wojtekt@google.com Wojciech Tyczynski: [7, 6]
	sunilarora@google.com Sunil Arora: [4, 0]
	sdw35@cornell.edu Scott Weiss: [7, 0]
	beacham@google.com Jacob Beacham: [35, 3]
	yjhong@google.com Yu-Ju Hong: [6, 1]
	jinxu@google.com Jing Xu: [3, 0]
	agarwalrohit@google.com Rohit Agarwal: [2, 2]
	dashpole@google.com David Ashpole: [632, 6]
	qlee@google.com Quintin Lee: [19, 0]
	chiachenk@google.com Janet Kuo: [76, 5]
	doliu@microsoft.com Dong Liu: [51, 1]
	wasylkowski@google.com Andrzej Wasylkowski: [2, 0]
	xingzhou@cn.ibm.com Xing Zhou: [0, 2]
	jgrafton@google.com Jeff Grafton: [1, 13]
	mmazurskiy@atlassian.com Mikhail Mazurskiy: [2, 0]
	mml@google.com Matt Liggett: [1, 0]
	cxing@google.com Cheng Xing: [1, 0]
	393926893@qq.com zhengjiajin: [10, 9]
	alberto.garcial@hotmail.com enxebre: [4, 0]
	chenr.fnst@cn.fujitsu.com xilabao: [9, 1]
	jwhitlock@apache.org Jeremy Whitlock: [160, 0]
	eric.chiang.m@gmail.com Eric Chiang: [62, 0]
	nickren19@gmail.com NickrenREN: [48, 0]
	jiang.lingxia@zte.com.cn jianglingxia: [2, 2]
	ygg@google.com Yang Guo: [3, 0]
	hchen@redhat.com Huamin Chen: [1, 0]
	divyenp@vmware.com divyenpatel: [3, 1]
	jregan@google.com Jeffrey Regan: [43, 5]
	dvorak@google.com Jonathan MacMillan: [3, 0]
	jacobsimpson@google.com Jacob Simpson: [1, 0]
	agonzalezro@gmail.com Álex González: [1, 1]
	abw@google.com Adam Worrall: [1, 0]
	artmr@lsd.ufcg.edu.br Arthur Miranda: [2, 0]
	andy.goldstein@gmail.com Andy Goldstein: [11, 5]
	emaildanwilson@gmail.com emaildanwilson: [2, 0]
	marun@redhat.com Maru Newby: [18, 32]
	bdontu@vmware.com System Administrator: [676, 2]
	harsh@portworx.com Harsh Desai: [2, 2]
	matthew.potter@uswitch.com Matt Potter: [1, 0]
	jmacleod@google.com Jago Macleod: [16, 0]
	shiywang@redhat.com shiywang: [7, 1]
	salvatore-dario.minonne@amadeus.com Salvatore Dario Minonne: [2, 0]
	vsmax@users.noreply.github.com Michal Cwienczek: [2, 2]
	onuralptaner@gmail.com Onuralp Taner: [16, 0]
	chenopis@users.noreply.github.com Andrew Chen: [72, 19]
	techtonik@gmail.com anatoly techtonik: [10, 19]
	steveperry-53@users.noreply.github.com Steve Perry: [109, 0]
	wshaffer74@mac.com Wendy Shaffer: [42, 49]
	aprindle@google.com Aaron Prindle: [9, 0]
	andreas.kohn@gmail.com Andreas Kohn: [1, 1]
	apelisse@gmail.com Antoine Pelisse: [62, 90]
	erick@fejta.com Erick Fejta: [19, 8]
	spxtr@users.noreply.github.com Joe Finney: [2, 0]
	yutongz@google.com Yutong Zhang: [1, 1]
	juntee@google.com Jun Xiang Tee: [3, 0]
code 11118 6234
	ccoleman@redhat.com Clayton Coleman: [21, 14]
	admin@toph.ca Christoph Blecker: [53, 47]
	mehdy@google.com mbohlool: [4128, 3375]
	shyamjvs@google.com Shyam Jeedigunta: [97, 94]
	stclair@google.com Tim St. Clair: [7, 1]
	stefan.schimanski@gmail.com Dr. Stefan Schimanski: [34, 31]
	caosf.fnst@cn.fujitsu.com Cao Shufeng: [33, 8]
	deads@redhat.com deads2k: [95, 14]
	pwittroc+github@google.com Phillip Wittrock: [43, 0]
	alexanderhcampbell@gmail.com Alexander Campbell: [37, 19]
	mwielgus@google.com Marcin Wielgus: [2, 2]
	maciekpytel@google.com Maciej Pytel: [1, 1]
	hongchaodeng1@gmail.com Hongchao Deng: [1, 1]
	pb@coreos.com Patrick Baxter: [38, 11]
	dpontor@gmail.com Diego Pontoriero: [1, 1]
	kamal@marhubi.com Kamal Marhubi: [1, 1]
	robertbailey@google.com Robert Bailey: [23, 21]
	gianrubio@gmail.com Giancarlo Rubio: [1, 1]
	ramanathana@google.com Anirudh Ramanathan: [20, 6]
	caesarxuchao@users.noreply.github.com Chao Xu: [4, 17]
	bburns@google.com Brendan Burns: [201, 79]
	ahmetb@google.com Ahmet Alp Balkan: [0, 0]
	jliggitt@redhat.com Jordan Liggitt: [15, 1]
	sergi@koolpi.com Sergi Almacellas Abellana: [44, 15]
	jonathan@saharacluster.com Jonathan Kosgei: [11, 0]
	bowei.du@gmail.com Bowei Du: [464, 213]
	jamie.hannaford@rackspace.com Jamie Hannaford: [38, 0]
	senlu@google.com Sen Lu: [1030, 858]
	mikedanese@gmail.com Mike Danese: [2, 3]
	madhusudancs@gmail.com Madhusudan.C.S: [49, 11]
	shashidhara.td@huawei.com shashidharatd: [3, 14]
	mtaufen@users.noreply.github.com Michael Taufen: [13, 1]
	thockin@google.com Tim Hockin: [17, 0]
	gmarek@google.com Marek Grabowski: [8, 3]
	taotaotheripper@gmail.com Lantao Liu: [3, 2]
	crazykev@zju.edu.cn Crazykev: [0, 1]
	mrunal@me.com Mrunal Patel: [447, 38]
	dwalsh@redhat.com Daniel J Walsh: [365, 365]
	runcom@users.noreply.github.com Antonio Murdaca: [313, 26]
	sameo@linux.intel.com Samuel Ortiz: [1, 1]
	alexl@redhat.com Alexander Larsson: [218, 88]
	mheon@redhat.com Matthew Heon: [4, 4]
	21521209@zju.edu.cn Luke Chen: [2, 2]
	feiskyer@users.noreply.github.com Pengfei Ni: [43, 11]
	andreas@kruger.nu Andreas Krüger: [1, 1]
	maciaszczykm@users.noreply.github.com Marcin Maciaszczyk: [671, 54]
	s.florek91@gmail.com Sebastian Florek: [120, 38]
	kenan.karamehmedovic@est.fujitsu.com Kenan Karamehmedovic: [429, 130]
	sanderp@q42.nl Sander Ploegsma: [2, 2]
	wongma7@users.noreply.github.com Matthew Wong: [350, 40]
	hchiramm@redhat.com Humble Chirammal: [13, 0]
	directxman12+github@gmail.com Solly Ross: [4, 1]
	matt.butcher@microsoft.com Matt Butcher: [12, 7]
	aledbf@gmail.com Manuel Alejandro de Brito Fontes: [8, 8]
	rsmitty@users.noreply.github.com Spencer Smith: [61, 0]
	charlie@charliedrage.com Charlie Drage: [31, 9]
	surajnarwade353@gmail.com Suraj Narwade: [2, 0]
	justin@fathomdb.com Justin Santa Barbara: [4, 4]
	willem.mali@gmail.com Willem Mali: [16, 0]
	djosborne10@gmail.com Dan Osborne: [1, 1]
	enisoc@google.com Anthony Yeh: [124, 8]
	wojtekt@google.com Wojciech Tyczynski: [3, 32]
	baofa.fan@daocloud.io carlory: [1, 1]
	beacham@google.com Jacob Beacham: [42, 1]
	dashpole@google.com David Ashpole: [1, 5]
	chiachenk@google.com Janet Kuo: [40, 0]
	jgrafton@google.com Jeff Grafton: [69, 22]
	vishnuk@google.com Vishnu kannan: [39, 23]
	chenr.fnst@cn.fujitsu.com xilabao: [2, 2]
	kumaraji@google.com Ajit Kumar: [6, 0]
	jwhitlock@apache.org Jeremy Whitlock: [108, 0]
	haowang@redhat.com Haoran Wang: [1, 1]
	cjcullen@google.com CJ Cullen: [8, 0]
	stanislaw.szydlo@intel.com Stanisław Szydło: [2, 2]
	andy.goldstein@gmail.com Andy Goldstein: [35, 22]
	mkhan@redhat.com Monis Khan: [12, 4]
	ouyang.qinhua@zte.com.cn bruceauyeung: [3, 0]
	shiyang.wang@outlook.com Shiyang Wang: [1, 1]
	kb@itsvit.org kb@itsvit.org: [5, 1]
	sidvin@amazon.com Vinothkumar Siddharth: [1, 2]
	nikhiljindal@google.com nikhiljindal: [3, 0]
	m@rickard.email Matt Rickard: [2, 1]
	aprindle@google.com Aaron Prindle: [1, 2]
	dlorenc@google.com dlorenc: [10, 4]
	djmm@google.com David McMahon: [10, 6]
	apelisse@gmail.com Antoine Pelisse: [103, 49]
	erick@fejta.com Erick Fejta: [652, 308]
	rmmh@google.com Ryan Hitchman: [178, 41]
package 0 0
	sushil.kumar@suse.com Sushil Kumar: [0, 0]
unknown 207302 89757
	ccoleman@redhat.com Clayton Coleman: [16112, 4606]
	admin@toph.ca Christoph Blecker: [2476, 2119]
	mehdy@google.com mbohlool: [6918, 3815]
	yu.peng36@zte.com.cn yupengzte: [11, 14]
	shyamjvs@google.com Shyam Jeedigunta: [2106, 3491]
	stclair@google.com Tim St. Clair: [10120, 560]
	stefan.schimanski@gmail.com Dr. Stefan Schimanski: [3833, 1155]
	caosf.fnst@cn.fujitsu.com Cao Shufeng: [470, 71]
	deads@redhat.com deads2k: [4991, 3194]
	lukasz.szaszkiewicz@gmail.com p0lyn0mial: [329, 250]
	pwittroc+github@google.com Phillip Wittrock: [2654, 959]
	alexanderhcampbell@gmail.com Alexander Campbell: [430, 459]
	jimmidyson@gmail.com Jimmi Dyson: [26, 21]
	mwielgus@google.com Marcin Wielgus: [1423, 105]
	maciekpytel@google.com Maciej Pytel: [1312, 157]
	aleksandram@google.com Aleksandra Malinowska: [433, 48]
	walt@seamlessdocs.com Matthew Walter: [6, 6]
	xiangli.cs@gmail.com Xiang Li: [586, 89]
	yifan.gu@coreos.com Yifan Gu: [600, 44]
	hongchaodeng1@gmail.com Hongchao Deng: [30, 40]
	pb@coreos.com Patrick Baxter: [523, 55]
	dpontor@gmail.com Diego Pontoriero: [395, 157]
	aaronjlevy@gmail.com Aaron Levy: [2, 2]
	kamal@marhubi.com Kamal Marhubi: [13, 11]
	robertbailey@google.com Robert Bailey: [3, 3]
	levi.blackstone@rackspace.com Levi Blackstone: [24, 0]
	dan@projectcalico.org Dan (Turk): [44, 3]
	ianburrell@gmail.com Ian Burrell: [19, 8]
	tompizmor@users.noreply.github.com tompizmor: [131, 46]
	sameer@damagehead.com Sameer Naik: [49, 33]
	bob@violier.eu Bob Violier: [4, 4]
	lachie83@users.noreply.github.com Lachlan Evenson: [1148, 123]
	jonstacks@users.noreply.github.com Jonathan Stacks: [8, 1]
	kevin.fox@pnnl.gov kfox1111: [158, 2]
	nitisht@users.noreply.github.com Nitish Tiwari: [2, 2]
	justin.r.nauman+github@gmail.com Justin Nauman: [32, 1]
	ed@reevoo.com Ed Robinson: [3, 2]
	scott@r6by.com Scott Rigby: [162, 103]
	yuanying@fraction.jp O. Yuanying: [36, 0]
	ivan.ilves@gmail.com Ivan Ilves: [88, 12]
	pchampon@gmail.com Philip Champon: [14, 1]
	tom@devopsify.io Tom Qiang Wu: [12, 1]
	fabian@progra.de Fabian Ruff: [33, 3]
	ashley.penney@maxwellhealth.com Ashley Penney: [7, 0]
	henders@users.noreply.github.com Shane Hender: [2, 0]
	github@armesto.net Jose Armesto: [173, 1]
	ipaq.lw@gmail.com Sergey Nuzhdin: [33, 1]
	seanknox@users.noreply.github.com Sean Knox: [38, 0]
	gianrubio@gmail.com Giancarlo Rubio: [37, 45]
	vadice@microsoft.com Vaughn Dice: [112, 0]
	ramanathana@google.com Anirudh Ramanathan: [342, 70]
	unguiculus@gmail.com Reinhard Nägele: [76, 5]
	pfeodrippe@gmail.com Paulo Rafael Feodrippe: [19, 2]
	robin@kearney.co.uk Robin Kearney: [9, 1]
	adnan@prydoni.us Adnan Abdulhussein: [2, 0]
	kent.rancourt@microsoft.com Kent Rancourt: [110, 154]
	andyhume@gmail.com Andy Hume: [1, 1]
	binoculars@users.noreply.github.com Barrett Harber: [7, 0]
	dhilip.kumar.s@huawei.com Dhilip: [252, 7]
	github@glek.net Taras Glek: [10, 2]
	ioanowen@gmail.com Ioan: [55, 2]
	caesarxuchao@users.noreply.github.com Chao Xu: [11396, 1178]
	bburns@google.com Brendan Burns: [1077, 769]
	zihongz@google.com Zihong Zheng: [1978, 1235]
	ahmetb@google.com Ahmet Alp Balkan: [2427, 2222]
	jliggitt@redhat.com Jordan Liggitt: [4900, 887]
	jonathan@saharacluster.com Jonathan Kosgei: [307, 0]
	runseb@gmail.com Sebastien Goasguen: [572, 0]
	bowei.du@gmail.com Bowei Du: [12, 8]
	jamie.hannaford@rackspace.com Jamie Hannaford: [120, 53]
	marco@ceppi.net Marco Ceppi: [6, 3]
	pmorie@redhat.com Paul Morie: [4200, 3699]
	timothysc@users.noreply.github.com Timothy St. Clair: [180, 58]
	spiffxp@gmail.com Aaron Crickenberger: [8, 5]
	gyliu513@gmail.com Guang Ya Liu: [94, 30]
	mspreitz@us.ibm.com Mike Spreitzer: [12, 1]
	zhao.xiangpeng@zte.com.cn xiangpengzhao: [34, 5]
	senlu@google.com Sen Lu: [6379, 1248]
	mikedanese@gmail.com Mike Danese: [361, 492]
	madhusudancs@gmail.com Madhusudan.C.S: [33, 5]
	shashidhara.td@huawei.com shashidharatd: [567, 355]
	czahedi@google.com Cameron Zahedi: [1, 0]
	baldwin@stackpointcloud.com Matt Baldwin: [1, 0]
	mkargaki@redhat.com Michail Kargakis: [122, 47]
	jdumars@gmail.com Jason Singer DuMars: [19, 19]
	kowens0826@gmail.com Kenneth Owens: [5488, 525]
	acidburn@google.com Jess Frazelle: [110, 34]
	harryz@hyper.sh Harry Zhang: [28, 3]
	dan@dankohn.com Dan Kohn: [1, 1]
	rickyp999@gmail.com Ricky Pai: [64, 9]
	lin.a.yang@intel.com Lin Yang: [2, 2]
	saadali@google.com Saad Ali: [19, 20]
	arun.gupta@gmail.com Arun Gupta: [20, 1]
	mtaufen@users.noreply.github.com Michael Taufen: [1895, 468]
	sgordon@redhat.com Stephen Gordon: [1, 1]
	thockin@google.com Tim Hockin: [802, 185]
	jmyue@hotmail.com supereagle: [1, 1]
	captainshar@gmail.com Sharon: [293, 373]
	etune@google.com Eric Tune: [1, 1]
	nikitaraghunath@gmail.com Nikhita Raghunath: [356, 51]
	decarr@redhat.com Derek Carr: [1905, 1554]
	vmik@google.com Mik Vyatskov: [2449, 36]
	pszczesniak@google.com Piotr Szczesniak: [153, 20]
	maciejborsz@google.com Maciej Borsz: [648, 22]
	loburm@google.com Marian Lobur: [47, 17]
	oleksii.khliupin@nytimes.com oleksii khliupin: [3, 1]
	gmarek@google.com Marek Grabowski: [37, 14]
	taotaotheripper@gmail.com Lantao Liu: [6524, 896]
	crazykev@zju.edu.cn Crazykev: [94, 94]
	xlgao@zju.edu.cn Xianglin Gao: [510, 52]
	21621232@zju.edu.cn mozhuli: [22, 28]
	weidonglee27@gmail.com mozhulee: [164, 0]
	mrunal@me.com Mrunal Patel: [345, 72]
	dwalsh@redhat.com Daniel J Walsh: [269, 261]
	runcom@users.noreply.github.com Antonio Murdaca: [852, 1177]
	vbatts@hashbangbash.com Vincent Batts: [2, 1]
	sameo@linux.intel.com Samuel Ortiz: [153, 88]
	alexl@redhat.com Alexander Larsson: [0, 3]
	jbieren@redhat.com Johnny Bieren: [27, 0]
	mheon@redhat.com Matthew Heon: [1, 1]
	mozhuli@users.noreply.github.com Wade Lee: [107, 9]
	21521209@zju.edu.cn Luke Chen: [1181, 1734]
	yulinxie@zju.edu.cn Yulin Xie: [98, 2]
	feiskyer@users.noreply.github.com Pengfei Ni: [615, 394]
	maciaszczykm@users.noreply.github.com Marcin Maciaszczyk: [1004, 389]
	s.florek91@gmail.com Sebastian Florek: [2547, 1646]
	kenan.karamehmedovic@est.fujitsu.com Kenan Karamehmedovic: [50, 24]
	zounengren@cmss.chinamobile.com zoues: [12, 12]
	christoph.held@est.fujitsu.com Christoph Held: [135, 12]
	timothyjosefik@gmail.com Timothy Josefik: [7, 7]
	bryk@google.com Piotr Bryk: [4, 4]
	sky.captin@gmail.com Werner: [30, 28]
	rober.morales@rstor.io Rober Morales-Chaparro: [3, 3]
	linki@users.noreply.github.com Martin Linkhorst: [461, 620]
	peter@segfault.guru Peter Huene: [1032, 100]
	ismith@mit.edu Ian Smith: [243, 18]
	wongma7@users.noreply.github.com Matthew Wong: [438, 266]
	hchiramm@redhat.com Humble Chirammal: [1132, 649]
	deyuan@caicloud.io Deyuan Deng: [4, 0]
	msau@google.com Michelle Au: [2799, 154]
	humble.devassy@gmail.com Humble Devassy Chirammal: [1, 0]
	dbsmith@google.com Daniel Smith: [782, 1065]
	directxman12+github@gmail.com Solly Ross: [1115, 58]
	ja.lauricella@gmail.com neith00: [1, 1]
	kobi.zamir@gmail.com yaacov: [4, 0]
	andy.xning@gmail.com Andy Xie: [21, 38]
	thomastaylor312@gmail.com Taylor Thomas: [74, 42]
	bjozsa@jinkit.com Brandon B. Jozsa: [1, 0]
	matt.butcher@microsoft.com Matt Butcher: [138, 1802]
	adamreese@users.noreply.github.com Adam Reese: [531, 418]
	sushil.kumar@suse.com Sushil Kumar: [709, 122]
	willisesun@gmail.com willise: [4, 4]
	devinyan@tencent.com devinyan: [6, 6]
	minooral@microsoft.com Michelle Noorali: [3, 3]
	justin.a.scott@intel.com Justin Scott: [9, 25]
	cory.m.smith@gmail.com Cory Smith: [4, 4]
	slicknik@gmail.com Nikhil Manchanda: [4, 3]
	brian@deis.com fibonacci1729: [2531, 2110]
	lead4good@users.noreply.github.com lead4good: [1, 1]
	koroluka@gmail.com Andrew Koroluk: [15, 0]
	rvbadin@gmail.com Raphael Badin: [25, 2]
	fengyun.pan@easystack.cn fengyun.pan: [386, 122]
	aledbf@gmail.com Manuel Alejandro de Brito Fontes: [988, 1146]
	jcmoraisjr@gmail.com Joao Morais: [175, 131]
	nicksardo@users.noreply.github.com Nick Sardo: [2048, 641]
	andrey.arapov@nixaid.com Andrey Arapov: [6, 1]
	jan@iosphere.de Jan Weitz: [34, 0]
	ft@le-fay.org Liss Tarnell: [78, 5]
	julian.modesto@liveramp.com Julian V. Modesto: [1, 0]
	chen.tao3@zte.com.cn chentao1596: [17, 1]
	stevenk1@stanford.edu Steve Kallestad: [106, 0]
	sandor.szuecs@zalando.de Sandor Szücs: [1, 0]
	v@gor.io Vlad Gorodetsky: [10, 0]
	zouyee1989@gmail.com zouyee: [47, 13]
	cai.yixiang@zte.com.cn caiyixiang: [0, 4]
	dnardo@google.com Daniel Nardo: [79, 5]
	rsmitty@users.noreply.github.com Spencer Smith: [117, 24]
	bradbeam@users.noreply.github.com Brad Beam: [3, 6]
	kevin@idempotent.ca Kevin Jing Qiu: [56, 14]
	justin.hunthrop@emc.com Justin Hunthrop: [1, 1]
	mmosesohn@mirantis.com Matthew Mosesohn: [37, 3]
	jlothian@cisco.com Josh Lothian: [0, 2]
	charlie@charliedrage.com Charlie Drage: [211, 83]
	tomas.kral@gmail.com Tomas Kral: [55, 31]
	surajd.service@gmail.com Suraj Deshmukh: [19, 20]
	lawrleegle@gmail.com gitlawr: [175, 36]
	surajnarwade353@gmail.com Suraj Narwade: [26, 13]
	abhishek.becs@gmail.com Abhishek Chanda: [5, 1]
	clove@cnmconsulting.net Chris Love: [3, 8]
	otto@live.ca Otto Yiu: [271, 74]
	justin@fathomdb.com Justin Santa Barbara: [173, 90]
	andrew@wattpad.com andrewsykim: [280, 289]
	jordanjennings@gmail.com Jordan Jennings: [64, 25]
	spollack@beenverified.com Seth Pollack: [388, 4]
	hugocf@users.noreply.github.com Hugo Ferreira: [3, 3]
	heschlie@gmail.com heschlie: [221, 84]
	shimi.k@gmail.com Shimi Kiviti: [6, 2]
	andrey.chernih@gmail.com Andrey Chernih: [7, 0]
	patrickbarkerco@gmail.com Patrick Barker: [13, 0]
	mike.splain@gmail.com Mike Splain: [57, 35]
	willem.mali@gmail.com Willem Mali: [2, 343]
	djosborne10@gmail.com Dan Osborne: [10, 134]
	alexanderbrandstedt@gmail.com Alexander Brandstedt: [4, 4]
	sngchlko@gmail.com Seungcheol Ko: [1, 1]
	caarlos0@gmail.com Carlos Alexandro Becker: [0, 6]
	redtree.dev1112@gmail.com Norio Akagi: [5, 3]
	paalkr@users.noreply.github.com paalkr: [1, 0]
	c-knowles@users.noreply.github.com Chris Knowles: [29, 1]
	spatronis@gmail.com spatronis: [3, 3]
	jefferson@girao.net Jefferson Girao: [6, 6]
	daniel.tritone@gmail.com Daniel Martins: [894, 1125]
	ivanov.maxim@gmail.com Maxim Ivanov: [40, 525]
	jhollinshead@hotels.com Joseph Hollinshead: [6, 58]
	camil@edka.io Camil Blanaru: [13, 12]
	everpeace@gmail.com Shingo Omura: [627, 1]
	yury.tsarev@iflix.com Yury Tsarev: [1, 1]
	jorge.arcoma@gmail.com Jorge Arco: [1, 4]
	mengqiy@google.com Mengqi Yu: [6219, 1563]
	madaxa@cn.ibm.com Klaus Ma: [360, 150]
	avagarwa@redhat.com Avesh Agarwal: [59, 3]
	enisoc@google.com Anthony Yeh: [277, 49]
	saksham0808@gmail.com Saksham Sharma: [718, 56]
	lucas@weave.works Lucas Käldström: [128, 42]
	danw@redhat.com Dan Winship: [5895, 317]
	jack.francis@microsoft.com Jack Francis: [626, 145]
	wojtekt@google.com Wojciech Tyczynski: [1205, 1039]
	sunilarora@google.com Sunil Arora: [306, 90]
	vsemushi@redhat.com Slava Semushin: [6, 5]
	sdw35@cornell.edu Scott Weiss: [461, 0]
	baofa.fan@daocloud.io carlory: [10, 7]
	beacham@google.com Jacob Beacham: [334, 12]
	yjhong@google.com Yu-Ju Hong: [7966, 5511]
	jeffml@google.com Jeff Lowdermilk: [1, 309]
	jinxu@google.com Jing Xu: [1301, 85]
	agarwalrohit@google.com Rohit Agarwal: [40, 2]
	mitsuhiro.tanino@hds.com mtanino: [148, 47]
	zhang.xiaoyu33@zte.com.cn zhangxiaoyu-zidif: [180, 45]
	dashpole@google.com David Ashpole: [695, 511]
	qlee@google.com Quintin Lee: [28, 6]
	chiachenk@google.com Janet Kuo: [2979, 1289]
	gkuncoro@vmware.com Giri Kuncoro: [10247, 10110]
	doliu@microsoft.com Dong Liu: [522, 105]
	wasylkowski@google.com Andrzej Wasylkowski: [28, 6]
	xingzhou@cn.ibm.com Xing Zhou: [2, 24]
	jgrafton@google.com Jeff Grafton: [210, 76]
	mmazurskiy@atlassian.com Mikhail Mazurskiy: [172, 20]
	mml@google.com Matt Liggett: [10, 1]
	dawnchen@google.com Dawn Chen: [28, 127]
	vishnuk@google.com Vishnu kannan: [8, 8]
	cxing@google.com Cheng Xing: [120, 9]
	grod@google.com Garrett Rodrigues: [47, 3]
	marton.natko@gmail.com n-marton: [9, 0]
	393926893@qq.com zhengjiajin: [660, 86]
	alberto.garcial@hotmail.com enxebre: [339, 0]
	wfender@google.com Walter Fender: [87, 56]
	chenr.fnst@cn.fujitsu.com xilabao: [582, 21]
	stephenhsu90@gmail.com Di Xu: [11, 23]
	alexdwanerobinson@gmail.com Alex Robinson: [5, 2]
	jwhitlock@apache.org Jeremy Whitlock: [1601, 0]
	eric.chiang.m@gmail.com Eric Chiang: [870, 32]
	fangyuhao@gmail.com x1957: [3, 1]
	nickren19@gmail.com NickrenREN: [245, 115]
	talk.to.waseem@gmail.com Waseem Ahmad: [182, 96]
	tnozicka@gmail.com Tomas Nozicka: [2, 0]
	jiang.lingxia@zte.com.cn jianglingxia: [7, 11]
	ygg@google.com Yang Guo: [1996, 392]
	hchen@redhat.com Huamin Chen: [83, 47]
	cjcullen@google.com CJ Cullen: [8, 3]
	divyenp@vmware.com divyenpatel: [600, 415]
	jregan@google.com Jeffrey Regan: [56, 55]
	dvorak@google.com Jonathan MacMillan: [265, 62]
	abhinav.dahiya@coreos.com Abhinav Dahiya: [1, 1]
	ffranz@redhat.com Fabiano Franz: [7, 1]
	jacobsimpson@google.com Jacob Simpson: [167, 63]
	fabrizio.pandini@gmail.com fabriziopandini: [30, 30]
	stanislaw.szydlo@intel.com Stanisław Szydło: [1, 1]
	horwitzja@gmail.com Josh Horwitz: [22, 0]
	yasstij11@gmail.com Yassine TIJANI: [4, 7]
	xychu2008@gmail.com Ethan Chu: [47, 20]
	jungong@tencent.com Jun Gong: [3, 1]
	abw@google.com Adam Worrall: [115, 9]
	artmr@lsd.ufcg.edu.br Arthur Miranda: [298, 0]
	bvanzant@brkt.com Bob Van Zant: [22, 11]
	andy.goldstein@gmail.com Andy Goldstein: [464, 103]
	bryan@weave.works Bryan Boreham: [0, 2]
	yunxian.guo@easystack.cn guoyunxian: [0, 2]
	li.xiaobing1@zte.com.cn lixiaobing1: [4, 1]
	ailusazh@126.com ailusazh: [1, 1]
	emaildanwilson@gmail.com emaildanwilson: [153, 42]
	mkhan@redhat.com Monis Khan: [89, 19]
	marun@redhat.com Maru Newby: [253, 1268]
	alex.crawford@coreos.com Alex Crawford: [3, 3]
	henrique@lsd.ufcg.edu.br Henrique Truta: [1, 1]
	shiyang.wang@outlook.com Shiyang Wang: [1, 1]
	ninkendo@gmail.com Ken Simon: [38, 21]
	bdontu@vmware.com System Administrator: [669, 210]
	harsh@portworx.com Harsh Desai: [54, 73]
	jinsenorita@gmail.com Ginwala: [2, 2]
	sjenning@redhat.com Seth Jennings: [95, 0]
	matthew.potter@uswitch.com Matt Potter: [13, 17]
	kb@itsvit.org kb@itsvit.org: [17, 20]
	xxiaozhou@gmail.com Author xiao-zhou: [136, 0]
	robertojrojas@gmail.com Roberto J Rojas: [11, 6]
	seharris@us.ibm.com Steven E. Harris: [5, 12]
	wang.bin21@zte.com.cn billy2180: [4, 4]
	shiywang@redhat.com shiywang: [232, 0]
	luis.pabon@coreos.com Luis Pabón: [109, 4]
	mashimiao.fnst@cn.fujitsu.com Ma Shimiao: [1, 3]
	jay@apache.org jayunit100: [75, 45]
	pu.junqi@zte.com.cn tianshapjq: [3, 3]
	davidewatson@gmail.com David E Watson: [1, 1]
	salvatore-dario.minonne@amadeus.com Salvatore Dario Minonne: [192, 3]
	pc@michali.net Paul Michali: [81, 9]
	haoyuan.ge@caicloud.io haoyuan: [0, 38]
	licl@primeton.com lichunlong: [45, 7]
	kazuki.suda@gmail.com Kazuki Suda: [11, 1]
	nislamov@atlassian.com Nail Islamov: [6, 2]
	matthias.greiner@stud.uni-heidelberg.de Matthias Greiner: [2, 2]
	jaescobar.cell@gmail.com Alejandro Escobar: [1, 1]
	karthequian@users.noreply.github.com Karthik Gaekwad: [3, 2]
	chenopis@users.noreply.github.com Andrew Chen: [937, 345]
	kshafiee@users.noreply.github.com kshafiee: [7, 0]
	mcginnisrr@gmail.com Ryan McGinnis: [151, 168]
	kev.kirsche+github@gmail.com Kevin Kirsche: [1, 1]
	kyle@lodge.glasgownet.com Kyle Gordon: [1, 1]
	techtonik@gmail.com anatoly techtonik: [2, 2]
	steveperry-53@users.noreply.github.com Steve Perry: [197, 322]
	kenny.lee_sin_cheong@coreos.com Kenny Lee Sin Cheong: [1, 1]
	sublimino@gmail.com Andrew Martin: [2, 0]
	kakronst@us.ibm.com kKronstainBrown: [1, 1]
	tgraf@suug.ch Thomas Graf: [8, 0]
	irfan.rehman@huawei.com Irfan Ur Rehman: [1, 1]
	me@coolsvap.net Swapnil Kulkarni: [1, 1]
	roshandawrani@gmail.com roshandawrani: [3, 3]
	wang.xunbo@zte.com.cn wangxunbo: [2, 2]
	ng.tuna@gmail.com Tuna: [2, 1]
	kevinjqiu@users.noreply.github.com Kevin J. Qiu: [1, 1]
	lukestuts@gmail.com Luke Stutters: [1, 1]
	spzala@us.ibm.com Sahdev P. Zala: [2, 2]
	chen.huan@zte.com.cn chenhuan12: [19, 19]
	li.xialong@zte.com.cn Peter Lee: [1, 1]
	selvik@users.noreply.github.com Selvi K: [1, 1]
	campoy@golang.org Francesc Campoy: [1, 1]
	cmluciano@us.ibm.com Christopher M. Luciano: [4, 0]
	jim@jimrollenhagen.com Jim Rollenhagen: [2, 2]
	shanahan.jrs@gmail.com John Shanahan: [1, 1]
	rick@sostheim.com Rick Sostheim: [13, 4]
	rsokolkov@gmail.com Roman S: [3, 0]
	jesse@cockroachlabs.com Jesse Seldess: [123, 82]
	sslavic@gmail.com Stevo Slavić: [1, 1]
	shawnique@ca.ibm.com nique905: [2, 0]
	brandon.philips@coreos.com Brandon Philips: [43, 43]
	j.putrino@f5.com Jodie Putrino: [126, 435]
	kale@lemnisys.com Kale Blankenship: [1, 1]
	jesse.kinkead@gmail.com Jesse Kinkead: [1, 1]
	jaredbhatti@users.noreply.github.com Jared: [380, 0]
	steph@epiphenie.com Stephenie Swope: [98, 373]
	isa-bel@users.noreply.github.com isa-bel: [65, 10]
	paulbattaglia@google.com paulbattagliag: [172, 203]
	isabel.xkjc@gmail.com Isabel JC: [26, 2]
	wshaffer74@mac.com Wendy Shaffer: [49, 69]
	clairelundeby@gmail.com Claire Lundeby: [32, 35]
	ryan.coates@gmail.com Pheo: [36, 14]
	gwhitt@pacbell.net geraldinewhitt: [41, 16]
	cbatra@salesforce.com cbatra: [5, 5]
	zhang.ming5@zte.com.cn zhangmingld: [1, 1]
	m@rickard.email Matt Rickard: [117, 52]
	slokas@upmc.edu Steve Sloka: [2, 2]
	su3g4284zo6y7@gmail.com tz70s: [3, 0]
	aprindle@google.com Aaron Prindle: [63, 27]
	dlorenc@google.com dlorenc: [1172, 1165]
	nkubala@users.noreply.github.com Nick Kubala: [8, 8]
	andreas.kohn@gmail.com Andreas Kohn: [1, 1]
	budhram.gurung01@gmail.com Budh Ram Gurung: [11, 11]
	djmm@google.com David McMahon: [10, 10]
	kibbles-n-bytes@users.noreply.github.com Michael Kibbe: [19, 11]
	arschles@gmail.com Aaron Schlesinger: [1685, 407]
	vaikas-google@users.noreply.github.com Ville Aikas: [302, 11]
	dma@redhat.com DeShuai Ma: [292, 56]
	dug@us.ibm.com Doug Davis: [28, 0]
	mbauer@us.ibm.com Morgan Bauer: [348, 356]
	apelisse@gmail.com Antoine Pelisse: [1901, 664]
	erick@fejta.com Erick Fejta: [2097, 1784]
	spxtr@users.noreply.github.com Joe Finney: [55, 0]
	yutongz@google.com Yutong Zhang: [11, 1]
	juntee@google.com Jun Xiang Tee: [579, 9]
	keer236@gmail.com mikewu: [26, 34]
	spxtr@google.com spxtr: [65, 20]
	rmmh@google.com Ryan Hitchman: [414, 235]
	caselim@gmail.com caleb miles: [1, 1]
	colew@google.com Cole Wagner: [120, 101]
	wonderfly@users.noreply.github.com Daniel Wang: [68, 38]
	vishh@users.noreply.github.com Vish Kannan: [60, 1]
image 10 2
	ahmetb@google.com Ahmet Alp Balkan: [0, 0]
	maciaszczykm@users.noreply.github.com Marcin Maciaszczyk: [2, 2]
	sushil.kumar@suse.com Sushil Kumar: [8, 0]
documentation 3259 6188
	ccoleman@redhat.com Clayton Coleman: [0, 0]
	admin@toph.ca Christoph Blecker: [1, 1]
	mehdy@google.com mbohlool: [49, 0]
	shyamjvs@google.com Shyam Jeedigunta: [68, 0]
	caosf.fnst@cn.fujitsu.com Cao Shufeng: [1, 9]
	alexanderhcampbell@gmail.com Alexander Campbell: [21, 0]
	ianburrell@gmail.com Ian Burrell: [4, 2]
	lachie83@users.noreply.github.com Lachlan Evenson: [54, 4]
	kevin.fox@pnnl.gov kfox1111: [9, 0]
	henders@users.noreply.github.com Shane Hender: [15, 0]
	github@armesto.net Jose Armesto: [9, 0]
	vadice@microsoft.com Vaughn Dice: [6, 0]
	ramanathana@google.com Anirudh Ramanathan: [1, 0]
	unguiculus@gmail.com Reinhard Nägele: [2, 2]
	dhilip.kumar.s@huawei.com Dhilip: [2, 0]
	caesarxuchao@users.noreply.github.com Chao Xu: [0, 0]
	bburns@google.com Brendan Burns: [0, 0]
	ahmetb@google.com Ahmet Alp Balkan: [1, 1]
	jliggitt@redhat.com Jordan Liggitt: [0, 0]
	jamie.hannaford@rackspace.com Jamie Hannaford: [0, 7]
	timothysc@users.noreply.github.com Timothy St. Clair: [2, 0]
	mikedanese@gmail.com Mike Danese: [1, 0]
	mkargaki@redhat.com Michail Kargakis: [0, 0]
	kowens0826@gmail.com Kenneth Owens: [0, 0]
	thockin@google.com Tim Hockin: [0, 0]
	vmik@google.com Mik Vyatskov: [13, 6]
	maciejborsz@google.com Maciej Borsz: [2, 0]
	maciaszczykm@users.noreply.github.com Marcin Maciaszczyk: [388, 94]
	s.florek91@gmail.com Sebastian Florek: [10, 2]
	kenan.karamehmedovic@est.fujitsu.com Kenan Karamehmedovic: [41, 3]
	msau@google.com Michelle Au: [0, 0]
	directxman12+github@gmail.com Solly Ross: [0, 0]
	matt.butcher@microsoft.com Matt Butcher: [0, 3559]
	adamreese@users.noreply.github.com Adam Reese: [2, 2]
	sushil.kumar@suse.com Sushil Kumar: [54, 3]
	willisesun@gmail.com willise: [1, 1]
	aledbf@gmail.com Manuel Alejandro de Brito Fontes: [35, 8]
	olve@vimond.com Olve Sæther Hansen: [3, 0]
	arjan.schaaf@luminis.eu Arjan Schaaf: [0, 3]
	v@gor.io Vlad Gorodetsky: [3, 1]
	cheungpat@oursky.com Kwok-kuen Cheung: [2, 0]
	madaxa@cn.ibm.com Klaus Ma: [0, 0]
	danw@redhat.com Dan Winship: [0, 0]
	jinxu@google.com Jing Xu: [0, 0]
	chiachenk@google.com Janet Kuo: [0, 0]
	393926893@qq.com zhengjiajin: [0, 0]
	eric.chiang.m@gmail.com Eric Chiang: [2, 0]
	cjcullen@google.com CJ Cullen: [1, 0]
	jacobsimpson@google.com Jacob Simpson: [1, 0]
	artmr@lsd.ufcg.edu.br Arthur Miranda: [3, 0]
	andy.goldstein@gmail.com Andy Goldstein: [2, 0]
	marun@redhat.com Maru Newby: [2, 0]
	bdontu@vmware.com System Administrator: [0, 0]
	chenopis@users.noreply.github.com Andrew Chen: [2350, 2454]
	mcginnisrr@gmail.com Ryan McGinnis: [6, 4]
	steveperry-53@users.noreply.github.com Steve Perry: [8, 0]
	craig.box@gmail.com craigbox: [1, 1]
	rmmh@google.com Ryan Hitchman: [83, 21]
ui 14 9
	bowei.du@gmail.com Bowei Du: [1, 1]
	senlu@google.com Sen Lu: [3, 2]
	mikedanese@gmail.com Mike Danese: [7, 6]
	jgrafton@google.com Jeff Grafton: [3, 0]
build 2940 2079
	ccoleman@redhat.com Clayton Coleman: [1, 1]
	admin@toph.ca Christoph Blecker: [4, 4]
	mehdy@google.com mbohlool: [1, 2]
	shyamjvs@google.com Shyam Jeedigunta: [2, 12]
	stclair@google.com Tim St. Clair: [129, 4]
	pwittroc+github@google.com Phillip Wittrock: [9, 59]
	alexanderhcampbell@gmail.com Alexander Campbell: [24, 0]
	zihongz@google.com Zihong Zheng: [1, 1]
	ahmetb@google.com Ahmet Alp Balkan: [0, 0]
	jamie.hannaford@rackspace.com Jamie Hannaford: [7, 4]
	pmorie@redhat.com Paul Morie: [18, 3]
	zhao.xiangpeng@zte.com.cn xiangpengzhao: [2, 2]
	senlu@google.com Sen Lu: [14, 2]
	mikedanese@gmail.com Mike Danese: [1302, 1525]
	mtaufen@users.noreply.github.com Michael Taufen: [4, 3]
	thockin@google.com Tim Hockin: [2, 0]
	vmik@google.com Mik Vyatskov: [43, 6]
	oleksii.khliupin@nytimes.com oleksii khliupin: [1, 1]
	gmarek@google.com Marek Grabowski: [1, 1]
	mrunal@me.com Mrunal Patel: [10, 10]
	dwalsh@redhat.com Daniel J Walsh: [43, 43]
	runcom@users.noreply.github.com Antonio Murdaca: [77, 6]
	alexl@redhat.com Alexander Larsson: [3, 3]
	sky.captin@gmail.com Werner: [4, 2]
	wongma7@users.noreply.github.com Matthew Wong: [3, 39]
	hchiramm@redhat.com Humble Chirammal: [69, 0]
	msau@google.com Michelle Au: [51, 0]
	aledbf@gmail.com Manuel Alejandro de Brito Fontes: [97, 5]
	nicksardo@users.noreply.github.com Nick Sardo: [10, 0]
	chen.tao3@zte.com.cn chentao1596: [1, 1]
	mkumatag@in.ibm.com Manjunath A Kumatagi: [40, 10]
	dnardo@google.com Daniel Nardo: [3, 0]
	justin@fathomdb.com Justin Santa Barbara: [2, 2]
	willem.mali@gmail.com Willem Mali: [96, 13]
	danw@redhat.com Dan Winship: [0, 51]
	wojtekt@google.com Wojciech Tyczynski: [3, 3]
	beacham@google.com Jacob Beacham: [17, 5]
	kumaraji@google.com Ajit Kumar: [7, 2]
	cjcullen@google.com CJ Cullen: [8, 0]
	divyenp@vmware.com divyenpatel: [35, 6]
	stanislaw.szydlo@intel.com Stanisław Szydło: [1, 1]
	kb@itsvit.org kb@itsvit.org: [2, 2]
	george.kraft@canonical.com George Kraft: [12, 0]
	chenopis@users.noreply.github.com Andrew Chen: [220, 86]
	steveperry-53@users.noreply.github.com Steve Perry: [41, 62]
	kenny.lee_sin_cheong@coreos.com Kenny Lee Sin Cheong: [1, 1]
	josh@curl.me Josh Curl: [29, 29]
	itamarost@gmail.com Itamar Ostricher: [1, 1]
	jesse@cockroachlabs.com Jesse Seldess: [67, 0]
	brandon.philips@coreos.com Brandon Philips: [7, 7]
	j.putrino@f5.com Jodie Putrino: [392, 0]
	paulbattaglia@google.com paulbattagliag: [11, 50]
	aprindle@google.com Aaron Prindle: [1, 1]
	mbauer@us.ibm.com Morgan Bauer: [3, 0]
	erick@fejta.com Erick Fejta: [1, 1]
	spxtr@google.com spxtr: [5, 5]
	rmmh@google.com Ryan Hitchman: [2, 2]
translation 96 6
	gkuncoro@vmware.com Giri Kuncoro: [93, 1]
	chenr.fnst@cn.fujitsu.com xilabao: [3, 5]
devel-doc 11460 2638
code 11118 6234
package 0 0
unknown 207302 89757
image 10 2
documentation 3259 6188
ui 14 9
build 2940 2079
translation 96 6
