Filter on "^vendor/|/vendor/"
open output file /Users/lukasz/dev/cncf/gitdm/other_repos/all_kubernetes_range_unknown_2016-04-01_2016-05-01.csv

(Unknown) unknown@hacker.net Unknown hacker
Google mwielgus@google.com Marcin Wielgus
	unknown [714975, 186]
	devel-doc [10255, 29]
	code [828, 0]
	build [242, 2]
	documentation [7846, 0]
Google pszczesniak@google.com Piotr Szczesniak
	unknown [134048, 9634]
	devel-doc [1242, 52]
	code [80, 0]
Aperian Global aaronjlevy@gmail.com Aaron Levy
	unknown [1014, 582]
	devel-doc [28, 41]
	build [32, 11]
CoreOS dghubble@gmail.com Dalton Hubble
	unknown [11, 5]
CoreOS derek.parker@coreos.com Derek Parker
	unknown [656, 90]
	devel-doc [82, 2]
	build [6, 2]
CoreOS brandon@ifup.org Brandon Philips
	devel-doc [2, 1]
Bitnami runseb@gmail.com runseb
	unknown [556, 511]
	devel-doc [517, 52]
	code [8, 246]
Google djmm@google.com David McMahon
	unknown [1307, 822]
	devel-doc [894, 65]
	code [1718, 1182]
Red Hat pmorie@redhat.com Paul Morie
	unknown [1293, 944]
	code [40, 0]
Google pwittroc@google.com Phillip Wittrock
	unknown [143, 135]
IBM brownwm@us.ibm.com Mike Brown
	unknown [11702, 6901]
	devel-doc [130, 36]
Google thockin@google.com Tim Hockin
	devel-doc [301, 886]
	code [368, 329]
	unknown [593, 273]
	image [125, 31]
	documentation [0, 0]
	build [10, 12]
Google lorenc.d@gmail.com Dan Lorenc
	unknown [871, 409]
	devel-doc [55, 4]
IBM mbauer@us.ibm.com Morgan Bauer
	unknown [10, 4]
	code [5, 5]
Google xuchao@google.com Chao Xu
	unknown [2920, 1673]
	devel-doc [4, 4]
	code [4, 5]
	documentation [0, 0]
Red Hat ccoleman@redhat.com Clayton Coleman
	unknown [6880, 5179]
	devel-doc [86, 0]
	code [58, 20]
	documentation [8, 0]
CoreOS george.tankersley@coreos.com George Tankersley
	unknown [1566, 235]
	devel-doc [245, 0]
	code [8, 7]
Clarifai rudi@clarifai.com Rudi Chiarito
	unknown [1170, 386]
	documentation [1, 0]
Google admpyle@gmail.com Adam Pyle
	unknown [4, 4]
Google vishnuk@google.com Vishnu kannan
	unknown [946, 312]
	code [5, 2]
	build [6, 2]
Google beeps@google.com Prashanth Balasubramanian
	devel-doc [5346, 4426]
	code [251, 23]
	package [0, 0]
	unknown [481641, 51453]
	documentation [217, 60]
	build [106, 5]
Google stclair@google.com Tim St. Clair
	unknown [4937, 3996]
	devel-doc [28, 4]
	documentation [1, 1]
	build [13, 16]
IBM klaus1982.cn@gmail.com Klaus Ma
	unknown [45, 8]
	devel-doc [66, 16]
Google jeffml@google.com Jeff Lowdermilk
	code [10, 3]
	unknown [97, 22]
	documentation [5, 0]
Rook lucas.kaldstrom@hotmail.co.uk Lucas Käldström
	unknown [90, 37]
	devel-doc [164, 14]
	code [70, 131]
	build [337, 80]
Apcera preet@apcera.com Preet Bhinder
	unknown [3, 3]
Google wojtekt@google.com Wojciech Tyczynski
	unknown [3736, 9321]
	code [31, 204]
	documentation [1, 0]
Cockroach alexdwanerobinson@gmail.com Alex Robinson
	unknown [29, 4]
	code [26, 2]
Red Hat tnguyen@redhat.com Thien-Thi Nguyen
	unknown [2, 2]
Endocode matthias@endocode.com Matthias Schmitz
	unknown [2, 2]
	devel-doc [1, 1]
Self aledbf@gmail.com Manuel de Brito Fontes
	code [39, 7]
	unknown [1619, 720]
	devel-doc [433, 250]
	documentation [117, 92]
	build [26, 11]
IBM mspreitz@us.ibm.com Mike Spreitzer
	unknown [7, 1]
	devel-doc [28, 12]
Self stephen.r.louie@gmail.com Steve Louie
	unknown [21, 13]
Google hitchmanr@gmail.com Ryan Hitchman
	devel-doc [19, 6]
	code [54504, 252]
	package [0, 0]
	unknown [914, 21]
	image [0, 0]
	documentation [275, 68]
(Unknown) ixdy@users.noreply.github.com Jeff Grafton
	code [167, 49]
	unknown [110, 40]
	documentation [2, 2]
(Unknown) andrew.j.price@gmail.com andrew-j-price
	unknown [3, 3]
Red Hat eparis@redhat.com Eric Paris
	code [32, 10]
	unknown [2980, 626]
	documentation [514, 496]
	build [4, 4]
CloudLinux telepenin.nikolay@gmail.com Telepenin Nikolay
	unknown [19, 34]
Self taotaotheripper@gmail.com Lantao Liu
	unknown [1576, 1268]
	devel-doc [27, 0]
	code [0, 9]
	build [1, 1]
Jetstack simon@swine.de Christian Simon
	unknown [260, 46]
CoreOS aleks.saul@coreos.com Aleks Saul
	documentation [2, 2]
Cisco joji@cisco.com Joji Mekkatt
	unknown [10, 0]
World Wide Technology william.caban@savantadvisors.com William Caban
	unknown [1, 1]
Nanthealth johndavis7257@gmail.com jdavis7257
	devel-doc [17, 7]
	build [11, 3]
NTT ladiclexxx@gmail.com Ladicle
	unknown [145, 7]
Google gmarek@google.com Marek Grabowski
	unknown [2635, 697]
	code [47, 29]
Red Hat jbrooks@redhat.com Jason Brooks
	unknown [1, 0]
Self adam.m.schaub@gmail.com Adam Schaub
	unknown [27, 10]
Concur danw@concur.com Wilson, Dan
	code [1, 1]
Red Hat jlebon@redhat.com Jonathan Lebon
	unknown [5, 4]
Google spxtr@google.com Joe Finney
	unknown [520, 2601]
	devel-doc [332, 86]
	code [417, 1243]
	build [1, 20]
	documentation [19, 131]
Buildbot rutsky.vladimir@gmail.com Vladimir Rutsky
	unknown [87, 35]
	build [12, 0]
Cisco danehans@cisco.com Daneyon Hansen
	unknown [2, 2]
(Unknown) github@cutterslade.ca Wesley Hartford
	unknown [2, 2]
Red Hat hchen@redhat.com Huamin Chen
	unknown [40, 10]
	code [19, 0]
MOVE Guides joonathan@gmail.com Joonathan Mägi
	devel-doc [2, 2]
eBay qiuyu@ebaysf.com Qiu Yu
	unknown [7, 0]
Red Hat jchaloup@redhat.com Jan Chaloupka
	unknown [278, 77]
	code [130, 0]
	documentation [5, 0]
Fujitsu marcin.maciaszczyk@ts.fujitsu.com Marcin Maciaszczyk
	unknown [481, 222]
	code [155, 12]
	documentation [4, 0]
Google bryk@google.com Piotr Bryk
	unknown [1959, 312]
	image [0, 0]
	code [2211, 210]
	ui [1, 0]
	documentation [725, 314]
Fujitsu sebastian.florek@ts.fujitsu.com Sebastian Florek
	unknown [97, 27]
	code [923, 165]
	documentation [135, 65]
Fujitsu christoph.held@est.fujitsu.com Christoph Held
	documentation [5, 5]
VMware alainr@vmware.com Alain Roy
	unknown [37, 0]
	code [26, 2]
Fujitsu denis.poisson@ts.fujitsu.com Denis Poisson
	documentation [26, 22]
(Unknown) amitbitcse@gmail.com Amit Kumar Prasad
	documentation [1, 1]
inovex GmbH johannes.scheuermann@inovex.de Johannes Scheuermann
	code [1, 2]
	unknown [900, 5]
	devel-doc [254, 0]
	documentation [0, 0]
	build [2, 2]
Google nikhiljindal@google.com nikhiljindal
	unknown [1140, 1622]
	code [14, 11]
CNM Consulting clove@cnmconsulting.net chrislovecnm
	unknown [228, 86]
	devel-doc [264, 64]
	code [676, 350]
	build [4, 4]
	documentation [250, 90]
CoreOS hongchaodeng1@gmail.com Hongchao Deng
	unknown [6464, 2730]
	devel-doc [470, 1014]
	documentation [1, 0]
Red Hat tstclair@redhat.com Timothy St. Clair
	unknown [381, 382]
Red Hat maszulik@redhat.com Maciej Szulik
	unknown [3254, 1319]
	devel-doc [9, 1]
	code [11, 5]
(Unknown) tobias.adamson@gmail.com tobad357
	unknown [379, 112]
	devel-doc [68, 48]
Diamanti nelcyguy@gmail.com Chakravarthy Nelluri
	unknown [45, 20]
	devel-doc [90, 10]
	documentation [0, 0]
Google goltermann@google.com goltermann
	unknown [94, 91]
	code [78, 62]
	build [1, 1]
Google amyu@google.com Amy Unruh
	unknown [10, 10]
	devel-doc [2, 2]
Google cjcullen@google.com CJ Cullen
	code [15, 6]
	unknown [2492, 545]
	devel-doc [141, 2]
	documentation [2, 0]
	build [24, 1]
Google mml@google.com Matt Liggett
	unknown [354, 0]
	devel-doc [129, 0]
	code [63, 31]
Self jianhui@outlook.com jianhuiz
	code [1, 0]
	unknown [1747, 158]
	documentation [1, 0]
Google dbsmith@google.com Daniel Smith
Red Hat sross@redhat.com Solly Ross
	unknown [461, 0]
Nuance Communications thibault.cohen@nuance.com Thibault Cohen
	unknown [4016, 15]
	devel-doc [12, 0]
(Unknown) king6cong@gmail.com king6cong
	unknown [2, 1]
Red Hat jimmidyson@gmail.com Jimmi Dyson
Red Hat yak@iki.fi Michael Burman
	unknown [773, 379]
Red Hat mwringe@redhat.com Matt Wringe
	unknown [109, 14]
DEIS brian@deis.com Brian
	unknown [562, 294]
	devel-doc [123, 27]
(Unknown) michellemolu@gmail.com Michelle Noorali
	unknown [1053, 230]
	devel-doc [100, 8]
	build [5, 5]
Microsoft adamreese@users.noreply.github.com Adam Reese
	unknown [991, 183]
	devel-doc [38, 14]
	code [563, 115]
	build [105, 10]
Engine Yard mbutcher@engineyard.com Matt Butcher
	devel-doc [343, 1007]
	code [144, 4194]
	package [0, 0]
	unknown [5696, 21806]
	image [16, 24]
	documentation [2, 6]
	build [1, 409]
(Unknown) hardock@eng001585.local Brian Hardock
	unknown [1623, 206]
	devel-doc [0, 20]
	build [37, 0]
Google sparkprime@gmail.com Dave Cunningham
	unknown [164, 262]
(Unknown) jackgr@users.noreply.github.com Jack Greenfield
Google jackgr@google.com jackgr
	devel-doc [7, 26]
	code [25, 126]
	package [0, 0]
	unknown [260, 341]
	image [0, 8]
	build [62, 16]
Google vaikas-google@users.noreply.github.com vaikas-google
	unknown [169, 33]
CoreOS 2t.antoine@gmail.com Antoine Legrand
	unknown [3, 2]
Peytz & Co david@upsys.dk David Reuss
	unknown [1, 1]
IBM christophermluciano@gmail.com Christopher M Luciano
	unknown [5, 5]
Morea smainklh@gmail.com Smaine Kahlouch
	unknown [199, 147]
	devel-doc [12, 3]
	code [579, 4]
RackN rob@rackn.com Rob Hirschfeld
	unknown [13, 13]
(Unknown) stig.github@telfer.org Stig Telfer
	unknown [10, 1]
(Unknown) github@teuto.net teuto.net Netzdienste GmbH
	unknown [2, 2]
mirada plc oscar.morante@mirada.tv Oscar Morante
	unknown [13, 0]
クラウドワークス ykuoka@gmail.com Yusuke KUOKA
	unknown [334, 50]
CoreOS curtis@curtis.io Curtis Gagliardi
	unknown [512, 111]
	devel-doc [2, 1]
Hootsuite mahata777+github@gmail.com mahata
	unknown [1, 1]
	devel-doc [1, 1]
NotFound colhom@gmail.com colhom
	unknown [370, 17]
	devel-doc [14, 0]
Turbine Labs stephan@turbinelabs.io Stephan Zuercher
	unknown [1, 1]
Namely orkhan.mamedov@namely.com orkhanM
	unknown [40, 28]
CoreOS pb@coreos.com Patrick Baxter
	unknown [114, 26]
	documentation [1, 0]
Google mikedanese@google.com Mike Danese
	unknown [1153, 10588]
	devel-doc [73, 94]
	code [49, 22]
	build [107, 1]
FathomDB justin@fathomdb.com Justin Santa Barbara
	unknown [2080, 0]
	devel-doc [68, 0]
	code [12, 5]
	build [4, 4]
Red Hat rrati@redhat.com Robert Rati
	unknown [242, 67]
NetEase mqliang.zju@gmail.com mqliang
	unknown [269, 173]
Mesosphere james@mesosphere.io James DeFelice
	unknown [52, 4]
eBay zhouhaibing089@gmail.com zhouhaibing089
	unknown [294, 472]
	devel-doc [10, 0]
Red Hat deads@redhat.com deads2k
	unknown [2114, 594]
Red Hat cewong@redhat.com Cesar Wong
	unknown [541, 98]
Engine Yard krancourt@engineyard.com Kent Rancourt
	unknown [171, 1]
Apache ng.tuna@gmail.com ngtuna
	unknown [492, 0]
Weaveworks errordeveloper@gmail.com Ilya Dmitrichenko
	unknown [445, 953]
	image [0, 0]
	code [80, 1104]
	devel-doc [6, 5]
	build [5, 1]
Red Hat screeley@redhat.com Scott Creeley
	unknown [128, 14]
Red Hat mkargaki@redhat.com Michail Kargakis
	unknown [134, 3]
Red Hat agoldste@redhat.com Andy Goldstein
	unknown [2396, 820]
	devel-doc [202, 0]
Red Hat decarr@redhat.com derekwaynecarr
	code [14, 7]
	unknown [1515, 309]
	documentation [3, 0]
Square weeks@squareup.com Brandon Weeks
	code [8, 2]
Red Hat stefan.schimanski@gmail.com Dr. Stefan Schimanski
	unknown [159, 91]
	code [1, 10]
CoreOS yifan.gu@coreos.com Yifan Gu
	unknown [922, 157]
CenturyLink awilliams@intoxitrack.net Andrew Williams
	unknown [198, 2]
Google saadali@google.com saadali
	unknown [5297, 1072]
	documentation [1, 0]
Red Hat jliggitt@redhat.com Jordan Liggitt
	unknown [1383, 906]
	devel-doc [1, 0]
	documentation [0, 0]
CoreOS euan.kemp@coreos.com Euan Kemp
	unknown [1366, 286]
	devel-doc [419, 0]
	code [8, 6]
Microsoft bburns@google.com Brendan Burns
	unknown [67, 2]
HP abitha.palaniappan@hp.com Abitha Palaniappan
	unknown [110041, 48]
	devel-doc [719, 0]
	code [5099, 0]
	build [110, 0]
	documentation [365, 0]
Google dniedz@google.com Danka Niedziałkowska
	unknown [107, 0]
	build [11, 1]
Google madhusudancs@google.com Madhusudan.C.S
	unknown [203, 0]
	code [12, 1]
Huawei huangyuqi@huawei.com huangyuqi
	unknown [2079, 0]
Google filipg@google.com Filip Grzadkowski
	unknown [106, 6]
Apache jay@apache.org Jay Vyas
	unknown [7172, 76]
	devel-doc [8, 0]
	code [2, 1]
HP dagnello@hp.com dagnello
	unknown [521, 98]
	devel-doc [207, 0]
	code [0, 0]
	build [0, 0]
	documentation [0, 0]
Huawei wangzefeng@huawei.com Kevin
	unknown [341, 2]
(Unknown) tyangliu@gmail.com Thomas Liu
	unknown [4032, 85]
	devel-doc [4, 1]
	code [9, 4]
Google chiachenk@google.com Janet Kuo
	unknown [143, 100]
	documentation [5, 5]
Google uluyol0@gmail.com Muhammed Uluyol
	unknown [50, 50]
	code [21, 18]
	build [66, 23]
Google mixia@google.com Minhan Xia
	unknown [496, 124]
Red Hat swagiaal@redhat.com Sami Wagiaalla
	unknown [201, 28]
Google krousey@google.com Kris
	unknown [460, 78]
Google ihmccreery@google.com Isaac Hollander McCreery
	unknown [586, 377]
	devel-doc [59, 0]
	code [15, 12]
Google wonderfly@google.com Daniel Wang
	unknown [42, 0]
	code [2, 2]
Red Hat bparees@redhat.com Ben Parees
	unknown [2, 2]
Rackspace metral@gmail.com Mike Metral
	unknown [505, 220]
	code [160, 0]
Hyper.sh feiskyer@gmail.com feisky
	unknown [64, 100]
Dataman tnachen@gmail.com Timothy Chen
	unknown [19, 0]
Google qzheng@google.com Andy Zheng
	unknown [50, 79]
	code [45, 33]
	build [103, 98]
Apcera awander@apcera.com Arvinderpal
	unknown [1, 0]
	code [7, 0]
CentOS humble.devassy@gmail.com Humble Devassy Chirammal
	unknown [1, 1]
Fujitsu zreigz@gmail.com Lukasz Zajaczkowski
	unknown [2, 2]
	code [69, 30]
Intel elson.o.rodriguez@intel.com Elson O Rodriguez
	unknown [390, 71]
	devel-doc [12, 4]
	code [124, 44]
	build [85, 6]
Net EASE 网易有态度 coolhzb@163.com AdoHe
	unknown [29, 6]
Google fejta@google.com Erick Fejta
	unknown [346, 282]
	devel-doc [65, 0]
	code [1061, 247]
	build [31, 0]
	documentation [0, 0]
Infraly francois@ctrlaltdel.ch Francois Deppierraz
	devel-doc [8, 8]
Google abshah@google.com Abhishek Shah
	unknown [224, 79]
	devel-doc [33, 2]
	documentation [0, 0]
	build [1, 1]
eBay chengyli@ebay.com chengyli
	unknown [14, 3]
Red Hat vsemushi@redhat.com Slava Semushin
	unknown [61, 27]
Red Hat rcarvalh@redhat.com Rodolfo Carvalho
	unknown [6, 54]
Fujitsu ohtake.tomohiro@jp.fujitsu.com OHTAKE Tomohiro
	unknown [6, 14]
	code [11, 11]
	build [3, 3]
Huawei liangchenye@huawei.com liang chenye
	unknown [309, 186]
FACE IT christian@paral.in Christian Stewart
	code [3, 1]
Google zml@google.com Zach Loafman
	unknown [30, 2]
	code [10, 0]
Docker harryzhang@zju.edu.cn Harry Zhang
	unknown [315, 206]
Google yjhong@google.com Yu-Ju Hong
	unknown [448, 166]
Google qlee@google.com Q-Lee
IBM dug@us.ibm.com Doug Davis
	unknown [1, 1]
	devel-doc [4, 2]
Red Hat jvance@redhat.com Jeff Vance
	code [2, 0]
Red Hat stefw@redhat.com Stef Walter
Red Hat petervo@redhat.com petervo
	unknown [122, 8]
	code [20, 0]
	documentation [7, 1]
Kensho, GAuthify pnegahdar@gmail.com Parham Negahdar
	code [2, 2]
Google rsc@golang.org Russ Cox
	unknown [41, 4]
ZTE Corporation zhao.xiangpeng@zte.com.cn Xiangpeng Zhao
	unknown [4, 4]
	documentation [401, 401]
Red Hat marun@redhat.com Maru Newby
	unknown [8, 7]
Red Hat dcbw@redhat.com Dan Williams
	unknown [81, 39]
Comparative Bioinformatics, CRG paolo.ditommaso@gmail.com Paolo Di Tommaso
	code [2, 2]
ApresMIDI AB arve.knudsen@gmail.com Arve Knudsen
	devel-doc [1, 1]
(Unknown) khoa.le@hrboss.com Khoa Le
	unknown [1, 0]
Red Hat jsafrane@redhat.com Jan Safranek
	unknown [11, 10]
Huawei dinghaiyang@huawei.com HaiyangDING
	unknown [10, 10]
IBM haih@us.ibm.com Hai Huang
	unknown [3, 2]
(Unknown) jimmyjones2@gmx.co.uk Jimmy Jones
	unknown [5, 2]
IBM zhangjm@cn.ibm.com Jian Ming Zhang
	code [15, 2]
Google bgrant0607@users.noreply.github.com Brian Grant
Google johndylan@google.com johndmulhausen
	unknown [25, 3]
	devel-doc [5, 3]
	code [34, 0]
Reevoo ed@reevoo.com Ed Robinson
	unknown [17, 0]
Clarifai therc@users.noreply.github.com Rudi C
	unknown [0, 13]
Google porridge@google.com Marcin Owsiany
	unknown [11, 10]
	code [2, 6]
Alternative Storage nakayamakenjiro@gmail.com Kenjiro Nakayama
	unknown [266, 20]
	documentation [11, 5]
Amadeus salvatore-dario.minonne@amadeus.com Salvatore Dario Minonne
	unknown [102, 2]
CYSO jeremy.jongepier@cyso.com Jeremy Jongepier
	code [10, 0]
Red Hat dhodovsk@redhat.com Dominika Hodovska
	code [1, 8]
Red Hat sjenning@redhat.com Seth Jennings
	unknown [32, 4]
(Unknown) james.ravn@sky.uk James Ravn
	unknown [77, 34]
	documentation [1, 0]
eBay uruddarraju@ebay.com Ruddarraju, Uday Kumar Raju
	unknown [176, 45]
	devel-doc [4, 0]
NotFound zcq8989@gmail.com Crazykev
	code [0, 2]
Intel wlodzimierz.borkowski@intel.com Wlodzimierz Borkowski
	unknown [1, 1]
	code [1, 1]
(Unknown) v.behar@free.fr Vincent Behar
	unknown [1, 1]
Photobox andrew@ajohnstone.com Andrew Johnstone
	code [1, 1]
Google cjdrake@gmail.com Chris Drake
	code [1, 1]
Google fabioy@users.noreply.github.com Fabio Yeon
IBM ramitsurana@gmail.com Ramit Surana
	devel-doc [1, 1]
WireLoad vpetersson@wireload.net Viktor Petersson
	code [1, 1]
Huawei huruifeng@huawei.com Victor HU
	unknown [200, 293]
Net EASE 网易有态度 linfan-163@163.com linfan
	unknown [55, 57]
(Unknown) kurtzhong520@gmail.com Kurt Zhong
	unknown [330, 590]
TrendMicro Inc. qsunme@gmail.com iT2afL0rd
	unknown [46, 47]
Luizalabs arnaldo.pereira@luizalabs.com Arnaldo de Moraes Pereira
	unknown [12, 14]
Microsoft cole.mickens@gmail.com Cole Mickens
	unknown [29, 18]
APSL prullan@apsl.net Pau Ruŀlan
	unknown [5, 2]
(Unknown) cquiter@gmail.com Craig Quiter
	unknown [3, 2]
(Unknown) mkhir@users.noreply.github.com Mohammad Khodadadi
	unknown [52, 51]
Red Hat danw@redhat.com Dan Winship
	unknown [4, 1]
(Unknown) jojow@users.noreply.github.com Johannes
	unknown [1, 1]
Red Hat gouyang@redhat.com Guohua Ouyang
	unknown [1, 1]
Self rodrigo@sdfg.com.ar Rodrigo Campos
	unknown [2, 2]
Excilys carton.antoine@gmail.com Antoine Carton
	unknown [1, 1]
(Unknown) ahmad.aabed.m@gmail.com Aabed
	unknown [4, 4]
DataBerries guillaume@databerries.com Guillaume Charhon
	unknown [1, 1]
Box sam@box.com Sam Ghods
	unknown [12, 9]
(Unknown) abuehrle@users.noreply.github.com Anita Buehrle
	unknown [9, 4]
Mirantis ihor.dvoretskyi@gmail.com Ihor Dvoretskyi
	unknown [36, 20]
	code [2, 2]
(Unknown) ca@carsonoid.net Carson A
	unknown [2, 2]
IBM dims@linux.vnet.ibm.com Davanum Srinivas
	unknown [6, 0]
(Unknown) werner@beroux.com Werner Beroux
	image [1, 0]
Luzme rachel@willmer.org Rachel Willmer
	unknown [21, 1]
Google etune@google.com Eric Tune
	unknown [42, 3]
(Unknown) jorge.middleton@gmail.com Jorge Luis Middleton
	unknown [16, 16]
zlabjp ksuda@zlab.co.jp Kazuki Suda
	unknown [7, 7]
upmc-enterprises steve@stevesloka.com Steve Sloka
	unknown [9, 3]
(Unknown) chrismarino@users.noreply.github.com chrismarino
	unknown [1, 1]
(Unknown) redbeard@dead-city.org Brian 'Redbeard' Harrington
	unknown [5, 3]
(Unknown) spencer@spencerbrown.org Spencer Brown
	unknown [1, 1]
(Unknown) mehdi.chamouma@gmail.com Mehdi Chamouma
	unknown [1, 1]
(Unknown) anzhsoft@gmail.com anzhsoft
	unknown [1, 1]
Gudog javi@diacode.com Javier Cuevas
	unknown [1, 1]
(Unknown) doug@dougkoch.me Doug Koch
	unknown [1, 1]
Cisco vipijain@insiemenetworks.com Vipin Jain
	unknown [4, 0]
Fujitsu higashi.isao@jp.fujitsu.com higashi
	code [2, 2]
Bloomberg LP mikolaj@pawlikowski.pl Mikolaj Pawlikowski
	unknown [2, 2]
Airbnb rickyp999@gmail.com Ricky Pai
	unknown [19, 18]
DEIS jhansen@deis.com Jason Hansen
	image [0, 0]
	documentation [1, 0]
Parleys leenders.gert@gmail.com Gert Leenders
	unknown [71, 68]
Google vitale@google.com benvitale
	unknown [1, 1]
Google dlorenc@google.com dlorenc
	unknown [2056, 977]
	devel-doc [32, 0]
Google vishh@users.noreply.github.com Vish Kannan
	devel-doc [206, 2]
devel-doc 24530 8367
	Google mwielgus@google.com Marcin Wielgus: [10255, 29]
	Google pszczesniak@google.com Piotr Szczesniak: [1242, 52]
	Aperian Global aaronjlevy@gmail.com Aaron Levy: [28, 41]
	CoreOS derek.parker@coreos.com Derek Parker: [82, 2]
	CoreOS brandon@ifup.org Brandon Philips: [2, 1]
	Bitnami runseb@gmail.com runseb: [517, 52]
	Google djmm@google.com David McMahon: [894, 65]
	IBM brownwm@us.ibm.com Mike Brown: [130, 36]
	Google thockin@google.com Tim Hockin: [301, 886]
	Google lorenc.d@gmail.com Dan Lorenc: [55, 4]
	Google xuchao@google.com Chao Xu: [4, 4]
	Red Hat ccoleman@redhat.com Clayton Coleman: [86, 0]
	CoreOS george.tankersley@coreos.com George Tankersley: [245, 0]
	Google beeps@google.com Prashanth Balasubramanian: [5346, 4426]
	Google stclair@google.com Tim St. Clair: [28, 4]
	IBM klaus1982.cn@gmail.com Klaus Ma: [66, 16]
	Rook lucas.kaldstrom@hotmail.co.uk Lucas Käldström: [164, 14]
	Endocode matthias@endocode.com Matthias Schmitz: [1, 1]
	Self aledbf@gmail.com Manuel de Brito Fontes: [433, 250]
	IBM mspreitz@us.ibm.com Mike Spreitzer: [28, 12]
	Google hitchmanr@gmail.com Ryan Hitchman: [19, 6]
	Self taotaotheripper@gmail.com Lantao Liu: [27, 0]
	Nanthealth johndavis7257@gmail.com jdavis7257: [17, 7]
	Google spxtr@google.com Joe Finney: [332, 86]
	MOVE Guides joonathan@gmail.com Joonathan Mägi: [2, 2]
	inovex GmbH johannes.scheuermann@inovex.de Johannes Scheuermann: [254, 0]
	CNM Consulting clove@cnmconsulting.net chrislovecnm: [264, 64]
	CoreOS hongchaodeng1@gmail.com Hongchao Deng: [470, 1014]
	Red Hat maszulik@redhat.com Maciej Szulik: [9, 1]
	(Unknown) tobias.adamson@gmail.com tobad357: [68, 48]
	Diamanti nelcyguy@gmail.com Chakravarthy Nelluri: [90, 10]
	Google amyu@google.com Amy Unruh: [2, 2]
	Google cjcullen@google.com CJ Cullen: [141, 2]
	Google mml@google.com Matt Liggett: [129, 0]
	Nuance Communications thibault.cohen@nuance.com Thibault Cohen: [12, 0]
	DEIS brian@deis.com Brian: [123, 27]
	(Unknown) michellemolu@gmail.com Michelle Noorali: [100, 8]
	Microsoft adamreese@users.noreply.github.com Adam Reese: [38, 14]
	Engine Yard mbutcher@engineyard.com Matt Butcher: [343, 1007]
	(Unknown) hardock@eng001585.local Brian Hardock: [0, 20]
	Google jackgr@google.com jackgr: [7, 26]
	Morea smainklh@gmail.com Smaine Kahlouch: [12, 3]
	CoreOS curtis@curtis.io Curtis Gagliardi: [2, 1]
	Hootsuite mahata777+github@gmail.com mahata: [1, 1]
	NotFound colhom@gmail.com colhom: [14, 0]
	Google mikedanese@google.com Mike Danese: [73, 94]
	FathomDB justin@fathomdb.com Justin Santa Barbara: [68, 0]
	eBay zhouhaibing089@gmail.com zhouhaibing089: [10, 0]
	Weaveworks errordeveloper@gmail.com Ilya Dmitrichenko: [6, 5]
	Red Hat agoldste@redhat.com Andy Goldstein: [202, 0]
	Red Hat jliggitt@redhat.com Jordan Liggitt: [1, 0]
	CoreOS euan.kemp@coreos.com Euan Kemp: [419, 0]
	HP abitha.palaniappan@hp.com Abitha Palaniappan: [719, 0]
	Apache jay@apache.org Jay Vyas: [8, 0]
	HP dagnello@hp.com dagnello: [207, 0]
	(Unknown) tyangliu@gmail.com Thomas Liu: [4, 1]
	Google ihmccreery@google.com Isaac Hollander McCreery: [59, 0]
	Intel elson.o.rodriguez@intel.com Elson O Rodriguez: [12, 4]
	Google fejta@google.com Erick Fejta: [65, 0]
	Infraly francois@ctrlaltdel.ch Francois Deppierraz: [8, 8]
	Google abshah@google.com Abhishek Shah: [33, 2]
	IBM dug@us.ibm.com Doug Davis: [4, 2]
	ApresMIDI AB arve.knudsen@gmail.com Arve Knudsen: [1, 1]
	Google johndylan@google.com johndmulhausen: [5, 3]
	eBay uruddarraju@ebay.com Ruddarraju, Uday Kumar Raju: [4, 0]
	IBM ramitsurana@gmail.com Ramit Surana: [1, 1]
	Google dlorenc@google.com dlorenc: [32, 0]
	Google vishh@users.noreply.github.com Vish Kannan: [206, 2]
code 71269 10644
	Google mwielgus@google.com Marcin Wielgus: [828, 0]
	Google pszczesniak@google.com Piotr Szczesniak: [80, 0]
	Bitnami runseb@gmail.com runseb: [8, 246]
	Google djmm@google.com David McMahon: [1718, 1182]
	Red Hat pmorie@redhat.com Paul Morie: [40, 0]
	Google thockin@google.com Tim Hockin: [368, 329]
	IBM mbauer@us.ibm.com Morgan Bauer: [5, 5]
	Google xuchao@google.com Chao Xu: [4, 5]
	Red Hat ccoleman@redhat.com Clayton Coleman: [58, 20]
	CoreOS george.tankersley@coreos.com George Tankersley: [8, 7]
	Google vishnuk@google.com Vishnu kannan: [5, 2]
	Google beeps@google.com Prashanth Balasubramanian: [251, 23]
	Google jeffml@google.com Jeff Lowdermilk: [10, 3]
	Rook lucas.kaldstrom@hotmail.co.uk Lucas Käldström: [70, 131]
	Google wojtekt@google.com Wojciech Tyczynski: [31, 204]
	Cockroach alexdwanerobinson@gmail.com Alex Robinson: [26, 2]
	Self aledbf@gmail.com Manuel de Brito Fontes: [39, 7]
	Google hitchmanr@gmail.com Ryan Hitchman: [54504, 252]
	(Unknown) ixdy@users.noreply.github.com Jeff Grafton: [167, 49]
	Red Hat eparis@redhat.com Eric Paris: [32, 10]
	Self taotaotheripper@gmail.com Lantao Liu: [0, 9]
	Google gmarek@google.com Marek Grabowski: [47, 29]
	Concur danw@concur.com Wilson, Dan: [1, 1]
	Google spxtr@google.com Joe Finney: [417, 1243]
	Red Hat hchen@redhat.com Huamin Chen: [19, 0]
	Red Hat jchaloup@redhat.com Jan Chaloupka: [130, 0]
	Fujitsu marcin.maciaszczyk@ts.fujitsu.com Marcin Maciaszczyk: [155, 12]
	Google bryk@google.com Piotr Bryk: [2211, 210]
	Fujitsu sebastian.florek@ts.fujitsu.com Sebastian Florek: [923, 165]
	VMware alainr@vmware.com Alain Roy: [26, 2]
	inovex GmbH johannes.scheuermann@inovex.de Johannes Scheuermann: [1, 2]
	Google nikhiljindal@google.com nikhiljindal: [14, 11]
	CNM Consulting clove@cnmconsulting.net chrislovecnm: [676, 350]
	Red Hat maszulik@redhat.com Maciej Szulik: [11, 5]
	Google goltermann@google.com goltermann: [78, 62]
	Google cjcullen@google.com CJ Cullen: [15, 6]
	Google mml@google.com Matt Liggett: [63, 31]
	Self jianhui@outlook.com jianhuiz: [1, 0]
	Microsoft adamreese@users.noreply.github.com Adam Reese: [563, 115]
	Engine Yard mbutcher@engineyard.com Matt Butcher: [144, 4194]
	Google jackgr@google.com jackgr: [25, 126]
	Morea smainklh@gmail.com Smaine Kahlouch: [579, 4]
	Google mikedanese@google.com Mike Danese: [49, 22]
	FathomDB justin@fathomdb.com Justin Santa Barbara: [12, 5]
	Weaveworks errordeveloper@gmail.com Ilya Dmitrichenko: [80, 1104]
	Red Hat decarr@redhat.com derekwaynecarr: [14, 7]
	Square weeks@squareup.com Brandon Weeks: [8, 2]
	Red Hat stefan.schimanski@gmail.com Dr. Stefan Schimanski: [1, 10]
	CoreOS euan.kemp@coreos.com Euan Kemp: [8, 6]
	HP abitha.palaniappan@hp.com Abitha Palaniappan: [5099, 0]
	Google madhusudancs@google.com Madhusudan.C.S: [12, 1]
	Apache jay@apache.org Jay Vyas: [2, 1]
	HP dagnello@hp.com dagnello: [0, 0]
	(Unknown) tyangliu@gmail.com Thomas Liu: [9, 4]
	Google uluyol0@gmail.com Muhammed Uluyol: [21, 18]
	Google ihmccreery@google.com Isaac Hollander McCreery: [15, 12]
	Google wonderfly@google.com Daniel Wang: [2, 2]
	Rackspace metral@gmail.com Mike Metral: [160, 0]
	Google qzheng@google.com Andy Zheng: [45, 33]
	Apcera awander@apcera.com Arvinderpal: [7, 0]
	Fujitsu zreigz@gmail.com Lukasz Zajaczkowski: [69, 30]
	Intel elson.o.rodriguez@intel.com Elson O Rodriguez: [124, 44]
	Google fejta@google.com Erick Fejta: [1061, 247]
	Fujitsu ohtake.tomohiro@jp.fujitsu.com OHTAKE Tomohiro: [11, 11]
	FACE IT christian@paral.in Christian Stewart: [3, 1]
	Google zml@google.com Zach Loafman: [10, 0]
	Red Hat jvance@redhat.com Jeff Vance: [2, 0]
	Red Hat petervo@redhat.com petervo: [20, 0]
	Kensho, GAuthify pnegahdar@gmail.com Parham Negahdar: [2, 2]
	Comparative Bioinformatics, CRG paolo.ditommaso@gmail.com Paolo Di Tommaso: [2, 2]
	IBM zhangjm@cn.ibm.com Jian Ming Zhang: [15, 2]
	Google johndylan@google.com johndmulhausen: [34, 0]
	Google porridge@google.com Marcin Owsiany: [2, 6]
	CYSO jeremy.jongepier@cyso.com Jeremy Jongepier: [10, 0]
	Red Hat dhodovsk@redhat.com Dominika Hodovska: [1, 8]
	NotFound zcq8989@gmail.com Crazykev: [0, 2]
	Intel wlodzimierz.borkowski@intel.com Wlodzimierz Borkowski: [1, 1]
	Photobox andrew@ajohnstone.com Andrew Johnstone: [1, 1]
	Google cjdrake@gmail.com Chris Drake: [1, 1]
	WireLoad vpetersson@wireload.net Viktor Petersson: [1, 1]
	Mirantis ihor.dvoretskyi@gmail.com Ihor Dvoretskyi: [2, 2]
	Fujitsu higashi.isao@jp.fujitsu.com higashi: [2, 2]
package 0 0
	Google beeps@google.com Prashanth Balasubramanian: [0, 0]
	Google hitchmanr@gmail.com Ryan Hitchman: [0, 0]
	Engine Yard mbutcher@engineyard.com Matt Butcher: [0, 0]
	Google jackgr@google.com jackgr: [0, 0]
unknown 1574960 152790
	Google mwielgus@google.com Marcin Wielgus: [714975, 186]
	Google pszczesniak@google.com Piotr Szczesniak: [134048, 9634]
	Aperian Global aaronjlevy@gmail.com Aaron Levy: [1014, 582]
	CoreOS dghubble@gmail.com Dalton Hubble: [11, 5]
	CoreOS derek.parker@coreos.com Derek Parker: [656, 90]
	Bitnami runseb@gmail.com runseb: [556, 511]
	Google djmm@google.com David McMahon: [1307, 822]
	Red Hat pmorie@redhat.com Paul Morie: [1293, 944]
	Google pwittroc@google.com Phillip Wittrock: [143, 135]
	IBM brownwm@us.ibm.com Mike Brown: [11702, 6901]
	Google thockin@google.com Tim Hockin: [593, 273]
	Google lorenc.d@gmail.com Dan Lorenc: [871, 409]
	IBM mbauer@us.ibm.com Morgan Bauer: [10, 4]
	Google xuchao@google.com Chao Xu: [2920, 1673]
	Red Hat ccoleman@redhat.com Clayton Coleman: [6880, 5179]
	CoreOS george.tankersley@coreos.com George Tankersley: [1566, 235]
	Clarifai rudi@clarifai.com Rudi Chiarito: [1170, 386]
	Google admpyle@gmail.com Adam Pyle: [4, 4]
	Google vishnuk@google.com Vishnu kannan: [946, 312]
	Google beeps@google.com Prashanth Balasubramanian: [481641, 51453]
	Google stclair@google.com Tim St. Clair: [4937, 3996]
	IBM klaus1982.cn@gmail.com Klaus Ma: [45, 8]
	Google jeffml@google.com Jeff Lowdermilk: [97, 22]
	Rook lucas.kaldstrom@hotmail.co.uk Lucas Käldström: [90, 37]
	Apcera preet@apcera.com Preet Bhinder: [3, 3]
	Google wojtekt@google.com Wojciech Tyczynski: [3736, 9321]
	Cockroach alexdwanerobinson@gmail.com Alex Robinson: [29, 4]
	Red Hat tnguyen@redhat.com Thien-Thi Nguyen: [2, 2]
	Endocode matthias@endocode.com Matthias Schmitz: [2, 2]
	Self aledbf@gmail.com Manuel de Brito Fontes: [1619, 720]
	IBM mspreitz@us.ibm.com Mike Spreitzer: [7, 1]
	Self stephen.r.louie@gmail.com Steve Louie: [21, 13]
	Google hitchmanr@gmail.com Ryan Hitchman: [914, 21]
	(Unknown) ixdy@users.noreply.github.com Jeff Grafton: [110, 40]
	(Unknown) andrew.j.price@gmail.com andrew-j-price: [3, 3]
	Red Hat eparis@redhat.com Eric Paris: [2980, 626]
	CloudLinux telepenin.nikolay@gmail.com Telepenin Nikolay: [19, 34]
	Self taotaotheripper@gmail.com Lantao Liu: [1576, 1268]
	Jetstack simon@swine.de Christian Simon: [260, 46]
	Cisco joji@cisco.com Joji Mekkatt: [10, 0]
	World Wide Technology william.caban@savantadvisors.com William Caban: [1, 1]
	NTT ladiclexxx@gmail.com Ladicle: [145, 7]
	Google gmarek@google.com Marek Grabowski: [2635, 697]
	Red Hat jbrooks@redhat.com Jason Brooks: [1, 0]
	Self adam.m.schaub@gmail.com Adam Schaub: [27, 10]
	Red Hat jlebon@redhat.com Jonathan Lebon: [5, 4]
	Google spxtr@google.com Joe Finney: [520, 2601]
	Buildbot rutsky.vladimir@gmail.com Vladimir Rutsky: [87, 35]
	Cisco danehans@cisco.com Daneyon Hansen: [2, 2]
	(Unknown) github@cutterslade.ca Wesley Hartford: [2, 2]
	Red Hat hchen@redhat.com Huamin Chen: [40, 10]
	eBay qiuyu@ebaysf.com Qiu Yu: [7, 0]
	Red Hat jchaloup@redhat.com Jan Chaloupka: [278, 77]
	Fujitsu marcin.maciaszczyk@ts.fujitsu.com Marcin Maciaszczyk: [481, 222]
	Google bryk@google.com Piotr Bryk: [1959, 312]
	Fujitsu sebastian.florek@ts.fujitsu.com Sebastian Florek: [97, 27]
	VMware alainr@vmware.com Alain Roy: [37, 0]
	inovex GmbH johannes.scheuermann@inovex.de Johannes Scheuermann: [900, 5]
	Google nikhiljindal@google.com nikhiljindal: [1140, 1622]
	CNM Consulting clove@cnmconsulting.net chrislovecnm: [228, 86]
	CoreOS hongchaodeng1@gmail.com Hongchao Deng: [6464, 2730]
	Red Hat tstclair@redhat.com Timothy St. Clair: [381, 382]
	Red Hat maszulik@redhat.com Maciej Szulik: [3254, 1319]
	(Unknown) tobias.adamson@gmail.com tobad357: [379, 112]
	Diamanti nelcyguy@gmail.com Chakravarthy Nelluri: [45, 20]
	Google goltermann@google.com goltermann: [94, 91]
	Google amyu@google.com Amy Unruh: [10, 10]
	Google cjcullen@google.com CJ Cullen: [2492, 545]
	Google mml@google.com Matt Liggett: [354, 0]
	Self jianhui@outlook.com jianhuiz: [1747, 158]
	Red Hat sross@redhat.com Solly Ross: [461, 0]
	Nuance Communications thibault.cohen@nuance.com Thibault Cohen: [4016, 15]
	(Unknown) king6cong@gmail.com king6cong: [2, 1]
	Red Hat yak@iki.fi Michael Burman: [773, 379]
	Red Hat mwringe@redhat.com Matt Wringe: [109, 14]
	DEIS brian@deis.com Brian: [562, 294]
	(Unknown) michellemolu@gmail.com Michelle Noorali: [1053, 230]
	Microsoft adamreese@users.noreply.github.com Adam Reese: [991, 183]
	Engine Yard mbutcher@engineyard.com Matt Butcher: [5696, 21806]
	(Unknown) hardock@eng001585.local Brian Hardock: [1623, 206]
	Google sparkprime@gmail.com Dave Cunningham: [164, 262]
	Google jackgr@google.com jackgr: [260, 341]
	Google vaikas-google@users.noreply.github.com vaikas-google: [169, 33]
	CoreOS 2t.antoine@gmail.com Antoine Legrand: [3, 2]
	Peytz & Co david@upsys.dk David Reuss: [1, 1]
	IBM christophermluciano@gmail.com Christopher M Luciano: [5, 5]
	Morea smainklh@gmail.com Smaine Kahlouch: [199, 147]
	RackN rob@rackn.com Rob Hirschfeld: [13, 13]
	(Unknown) stig.github@telfer.org Stig Telfer: [10, 1]
	(Unknown) github@teuto.net teuto.net Netzdienste GmbH: [2, 2]
	mirada plc oscar.morante@mirada.tv Oscar Morante: [13, 0]
	クラウドワークス ykuoka@gmail.com Yusuke KUOKA: [334, 50]
	CoreOS curtis@curtis.io Curtis Gagliardi: [512, 111]
	Hootsuite mahata777+github@gmail.com mahata: [1, 1]
	NotFound colhom@gmail.com colhom: [370, 17]
	Turbine Labs stephan@turbinelabs.io Stephan Zuercher: [1, 1]
	Namely orkhan.mamedov@namely.com orkhanM: [40, 28]
	CoreOS pb@coreos.com Patrick Baxter: [114, 26]
	Google mikedanese@google.com Mike Danese: [1153, 10588]
	FathomDB justin@fathomdb.com Justin Santa Barbara: [2080, 0]
	Red Hat rrati@redhat.com Robert Rati: [242, 67]
	NetEase mqliang.zju@gmail.com mqliang: [269, 173]
	Mesosphere james@mesosphere.io James DeFelice: [52, 4]
	eBay zhouhaibing089@gmail.com zhouhaibing089: [294, 472]
	Red Hat deads@redhat.com deads2k: [2114, 594]
	Red Hat cewong@redhat.com Cesar Wong: [541, 98]
	Engine Yard krancourt@engineyard.com Kent Rancourt: [171, 1]
	Apache ng.tuna@gmail.com ngtuna: [492, 0]
	Weaveworks errordeveloper@gmail.com Ilya Dmitrichenko: [445, 953]
	Red Hat screeley@redhat.com Scott Creeley: [128, 14]
	Red Hat mkargaki@redhat.com Michail Kargakis: [134, 3]
	Red Hat agoldste@redhat.com Andy Goldstein: [2396, 820]
	Red Hat decarr@redhat.com derekwaynecarr: [1515, 309]
	Red Hat stefan.schimanski@gmail.com Dr. Stefan Schimanski: [159, 91]
	CoreOS yifan.gu@coreos.com Yifan Gu: [922, 157]
	CenturyLink awilliams@intoxitrack.net Andrew Williams: [198, 2]
	Google saadali@google.com saadali: [5297, 1072]
	Red Hat jliggitt@redhat.com Jordan Liggitt: [1383, 906]
	CoreOS euan.kemp@coreos.com Euan Kemp: [1366, 286]
	Microsoft bburns@google.com Brendan Burns: [67, 2]
	HP abitha.palaniappan@hp.com Abitha Palaniappan: [110041, 48]
	Google dniedz@google.com Danka Niedziałkowska: [107, 0]
	Google madhusudancs@google.com Madhusudan.C.S: [203, 0]
	Huawei huangyuqi@huawei.com huangyuqi: [2079, 0]
	Google filipg@google.com Filip Grzadkowski: [106, 6]
	Apache jay@apache.org Jay Vyas: [7172, 76]
	HP dagnello@hp.com dagnello: [521, 98]
	Huawei wangzefeng@huawei.com Kevin: [341, 2]
	(Unknown) tyangliu@gmail.com Thomas Liu: [4032, 85]
	Google chiachenk@google.com Janet Kuo: [143, 100]
	Google uluyol0@gmail.com Muhammed Uluyol: [50, 50]
	Google mixia@google.com Minhan Xia: [496, 124]
	Red Hat swagiaal@redhat.com Sami Wagiaalla: [201, 28]
	Google krousey@google.com Kris: [460, 78]
	Google ihmccreery@google.com Isaac Hollander McCreery: [586, 377]
	Google wonderfly@google.com Daniel Wang: [42, 0]
	Red Hat bparees@redhat.com Ben Parees: [2, 2]
	Rackspace metral@gmail.com Mike Metral: [505, 220]
	Hyper.sh feiskyer@gmail.com feisky: [64, 100]
	Dataman tnachen@gmail.com Timothy Chen: [19, 0]
	Google qzheng@google.com Andy Zheng: [50, 79]
	Apcera awander@apcera.com Arvinderpal: [1, 0]
	CentOS humble.devassy@gmail.com Humble Devassy Chirammal: [1, 1]
	Fujitsu zreigz@gmail.com Lukasz Zajaczkowski: [2, 2]
	Intel elson.o.rodriguez@intel.com Elson O Rodriguez: [390, 71]
	Net EASE 网易有态度 coolhzb@163.com AdoHe: [29, 6]
	Google fejta@google.com Erick Fejta: [346, 282]
	Google abshah@google.com Abhishek Shah: [224, 79]
	eBay chengyli@ebay.com chengyli: [14, 3]
	Red Hat vsemushi@redhat.com Slava Semushin: [61, 27]
	Red Hat rcarvalh@redhat.com Rodolfo Carvalho: [6, 54]
	Fujitsu ohtake.tomohiro@jp.fujitsu.com OHTAKE Tomohiro: [6, 14]
	Huawei liangchenye@huawei.com liang chenye: [309, 186]
	Google zml@google.com Zach Loafman: [30, 2]
	Docker harryzhang@zju.edu.cn Harry Zhang: [315, 206]
	Google yjhong@google.com Yu-Ju Hong: [448, 166]
	IBM dug@us.ibm.com Doug Davis: [1, 1]
	Red Hat petervo@redhat.com petervo: [122, 8]
	Google rsc@golang.org Russ Cox: [41, 4]
	ZTE Corporation zhao.xiangpeng@zte.com.cn Xiangpeng Zhao: [4, 4]
	Red Hat marun@redhat.com Maru Newby: [8, 7]
	Red Hat dcbw@redhat.com Dan Williams: [81, 39]
	(Unknown) khoa.le@hrboss.com Khoa Le: [1, 0]
	Red Hat jsafrane@redhat.com Jan Safranek: [11, 10]
	Huawei dinghaiyang@huawei.com HaiyangDING: [10, 10]
	IBM haih@us.ibm.com Hai Huang: [3, 2]
	(Unknown) jimmyjones2@gmx.co.uk Jimmy Jones: [5, 2]
	Google johndylan@google.com johndmulhausen: [25, 3]
	Reevoo ed@reevoo.com Ed Robinson: [17, 0]
	Clarifai therc@users.noreply.github.com Rudi C: [0, 13]
	Google porridge@google.com Marcin Owsiany: [11, 10]
	Alternative Storage nakayamakenjiro@gmail.com Kenjiro Nakayama: [266, 20]
	Amadeus salvatore-dario.minonne@amadeus.com Salvatore Dario Minonne: [102, 2]
	Red Hat sjenning@redhat.com Seth Jennings: [32, 4]
	(Unknown) james.ravn@sky.uk James Ravn: [77, 34]
	eBay uruddarraju@ebay.com Ruddarraju, Uday Kumar Raju: [176, 45]
	Intel wlodzimierz.borkowski@intel.com Wlodzimierz Borkowski: [1, 1]
	(Unknown) v.behar@free.fr Vincent Behar: [1, 1]
	Huawei huruifeng@huawei.com Victor HU: [200, 293]
	Net EASE 网易有态度 linfan-163@163.com linfan: [55, 57]
	(Unknown) kurtzhong520@gmail.com Kurt Zhong: [330, 590]
	TrendMicro Inc. qsunme@gmail.com iT2afL0rd: [46, 47]
	Luizalabs arnaldo.pereira@luizalabs.com Arnaldo de Moraes Pereira: [12, 14]
	Microsoft cole.mickens@gmail.com Cole Mickens: [29, 18]
	APSL prullan@apsl.net Pau Ruŀlan: [5, 2]
	(Unknown) cquiter@gmail.com Craig Quiter: [3, 2]
	(Unknown) mkhir@users.noreply.github.com Mohammad Khodadadi: [52, 51]
	Red Hat danw@redhat.com Dan Winship: [4, 1]
	(Unknown) jojow@users.noreply.github.com Johannes: [1, 1]
	Red Hat gouyang@redhat.com Guohua Ouyang: [1, 1]
	Self rodrigo@sdfg.com.ar Rodrigo Campos: [2, 2]
	Excilys carton.antoine@gmail.com Antoine Carton: [1, 1]
	(Unknown) ahmad.aabed.m@gmail.com Aabed: [4, 4]
	DataBerries guillaume@databerries.com Guillaume Charhon: [1, 1]
	Box sam@box.com Sam Ghods: [12, 9]
	(Unknown) abuehrle@users.noreply.github.com Anita Buehrle: [9, 4]
	Mirantis ihor.dvoretskyi@gmail.com Ihor Dvoretskyi: [36, 20]
	(Unknown) ca@carsonoid.net Carson A: [2, 2]
	IBM dims@linux.vnet.ibm.com Davanum Srinivas: [6, 0]
	Luzme rachel@willmer.org Rachel Willmer: [21, 1]
	Google etune@google.com Eric Tune: [42, 3]
	(Unknown) jorge.middleton@gmail.com Jorge Luis Middleton: [16, 16]
	zlabjp ksuda@zlab.co.jp Kazuki Suda: [7, 7]
	upmc-enterprises steve@stevesloka.com Steve Sloka: [9, 3]
	(Unknown) chrismarino@users.noreply.github.com chrismarino: [1, 1]
	(Unknown) redbeard@dead-city.org Brian 'Redbeard' Harrington: [5, 3]
	(Unknown) spencer@spencerbrown.org Spencer Brown: [1, 1]
	(Unknown) mehdi.chamouma@gmail.com Mehdi Chamouma: [1, 1]
	(Unknown) anzhsoft@gmail.com anzhsoft: [1, 1]
	Gudog javi@diacode.com Javier Cuevas: [1, 1]
	(Unknown) doug@dougkoch.me Doug Koch: [1, 1]
	Cisco vipijain@insiemenetworks.com Vipin Jain: [4, 0]
	Bloomberg LP mikolaj@pawlikowski.pl Mikolaj Pawlikowski: [2, 2]
	Airbnb rickyp999@gmail.com Ricky Pai: [19, 18]
	Parleys leenders.gert@gmail.com Gert Leenders: [71, 68]
	Google vitale@google.com benvitale: [1, 1]
	Google dlorenc@google.com dlorenc: [2056, 977]
image 142 63
	Google thockin@google.com Tim Hockin: [125, 31]
	Google hitchmanr@gmail.com Ryan Hitchman: [0, 0]
	Google bryk@google.com Piotr Bryk: [0, 0]
	Engine Yard mbutcher@engineyard.com Matt Butcher: [16, 24]
	Google jackgr@google.com jackgr: [0, 8]
	Weaveworks errordeveloper@gmail.com Ilya Dmitrichenko: [0, 0]
	(Unknown) werner@beroux.com Werner Beroux: [1, 0]
	DEIS jhansen@deis.com Jason Hansen: [0, 0]
documentation 10961 1767
	Google mwielgus@google.com Marcin Wielgus: [7846, 0]
	Google thockin@google.com Tim Hockin: [0, 0]
	Google xuchao@google.com Chao Xu: [0, 0]
	Red Hat ccoleman@redhat.com Clayton Coleman: [8, 0]
	Clarifai rudi@clarifai.com Rudi Chiarito: [1, 0]
	Google beeps@google.com Prashanth Balasubramanian: [217, 60]
	Google stclair@google.com Tim St. Clair: [1, 1]
	Google jeffml@google.com Jeff Lowdermilk: [5, 0]
	Google wojtekt@google.com Wojciech Tyczynski: [1, 0]
	Self aledbf@gmail.com Manuel de Brito Fontes: [117, 92]
	Google hitchmanr@gmail.com Ryan Hitchman: [275, 68]
	(Unknown) ixdy@users.noreply.github.com Jeff Grafton: [2, 2]
	Red Hat eparis@redhat.com Eric Paris: [514, 496]
	CoreOS aleks.saul@coreos.com Aleks Saul: [2, 2]
	Google spxtr@google.com Joe Finney: [19, 131]
	Red Hat jchaloup@redhat.com Jan Chaloupka: [5, 0]
	Fujitsu marcin.maciaszczyk@ts.fujitsu.com Marcin Maciaszczyk: [4, 0]
	Google bryk@google.com Piotr Bryk: [725, 314]
	Fujitsu sebastian.florek@ts.fujitsu.com Sebastian Florek: [135, 65]
	Fujitsu christoph.held@est.fujitsu.com Christoph Held: [5, 5]
	Fujitsu denis.poisson@ts.fujitsu.com Denis Poisson: [26, 22]
	(Unknown) amitbitcse@gmail.com Amit Kumar Prasad: [1, 1]
	inovex GmbH johannes.scheuermann@inovex.de Johannes Scheuermann: [0, 0]
	CNM Consulting clove@cnmconsulting.net chrislovecnm: [250, 90]
	CoreOS hongchaodeng1@gmail.com Hongchao Deng: [1, 0]
	Diamanti nelcyguy@gmail.com Chakravarthy Nelluri: [0, 0]
	Google cjcullen@google.com CJ Cullen: [2, 0]
	Self jianhui@outlook.com jianhuiz: [1, 0]
	Engine Yard mbutcher@engineyard.com Matt Butcher: [2, 6]
	CoreOS pb@coreos.com Patrick Baxter: [1, 0]
	Red Hat decarr@redhat.com derekwaynecarr: [3, 0]
	Google saadali@google.com saadali: [1, 0]
	Red Hat jliggitt@redhat.com Jordan Liggitt: [0, 0]
	HP abitha.palaniappan@hp.com Abitha Palaniappan: [365, 0]
	HP dagnello@hp.com dagnello: [0, 0]
	Google chiachenk@google.com Janet Kuo: [5, 5]
	Google fejta@google.com Erick Fejta: [0, 0]
	Google abshah@google.com Abhishek Shah: [0, 0]
	Red Hat petervo@redhat.com petervo: [7, 1]
	ZTE Corporation zhao.xiangpeng@zte.com.cn Xiangpeng Zhao: [401, 401]
	Alternative Storage nakayamakenjiro@gmail.com Kenjiro Nakayama: [11, 5]
	(Unknown) james.ravn@sky.uk James Ravn: [1, 0]
	DEIS jhansen@deis.com Jason Hansen: [1, 0]
ui 1 0
	Google bryk@google.com Piotr Bryk: [1, 0]
build 1574 755
	Google mwielgus@google.com Marcin Wielgus: [242, 2]
	Aperian Global aaronjlevy@gmail.com Aaron Levy: [32, 11]
	CoreOS derek.parker@coreos.com Derek Parker: [6, 2]
	Google thockin@google.com Tim Hockin: [10, 12]
	Google vishnuk@google.com Vishnu kannan: [6, 2]
	Google beeps@google.com Prashanth Balasubramanian: [106, 5]
	Google stclair@google.com Tim St. Clair: [13, 16]
	Rook lucas.kaldstrom@hotmail.co.uk Lucas Käldström: [337, 80]
	Self aledbf@gmail.com Manuel de Brito Fontes: [26, 11]
	Red Hat eparis@redhat.com Eric Paris: [4, 4]
	Self taotaotheripper@gmail.com Lantao Liu: [1, 1]
	Nanthealth johndavis7257@gmail.com jdavis7257: [11, 3]
	Google spxtr@google.com Joe Finney: [1, 20]
	Buildbot rutsky.vladimir@gmail.com Vladimir Rutsky: [12, 0]
	inovex GmbH johannes.scheuermann@inovex.de Johannes Scheuermann: [2, 2]
	CNM Consulting clove@cnmconsulting.net chrislovecnm: [4, 4]
	Google goltermann@google.com goltermann: [1, 1]
	Google cjcullen@google.com CJ Cullen: [24, 1]
	(Unknown) michellemolu@gmail.com Michelle Noorali: [5, 5]
	Microsoft adamreese@users.noreply.github.com Adam Reese: [105, 10]
	Engine Yard mbutcher@engineyard.com Matt Butcher: [1, 409]
	(Unknown) hardock@eng001585.local Brian Hardock: [37, 0]
	Google jackgr@google.com jackgr: [62, 16]
	Google mikedanese@google.com Mike Danese: [107, 1]
	FathomDB justin@fathomdb.com Justin Santa Barbara: [4, 4]
	Weaveworks errordeveloper@gmail.com Ilya Dmitrichenko: [5, 1]
	HP abitha.palaniappan@hp.com Abitha Palaniappan: [110, 0]
	Google dniedz@google.com Danka Niedziałkowska: [11, 1]
	HP dagnello@hp.com dagnello: [0, 0]
	Google uluyol0@gmail.com Muhammed Uluyol: [66, 23]
	Google qzheng@google.com Andy Zheng: [103, 98]
	Intel elson.o.rodriguez@intel.com Elson O Rodriguez: [85, 6]
	Google fejta@google.com Erick Fejta: [31, 0]
	Google abshah@google.com Abhishek Shah: [1, 1]
	Fujitsu ohtake.tomohiro@jp.fujitsu.com OHTAKE Tomohiro: [3, 3]
devel-doc 24530 8367
code 71269 10644
package 0 0
unknown 1574960 152790
image 142 63
documentation 10961 1767
ui 1 0
build 1574 755
