Filter on "^vendor/|/vendor/"
open output file /Users/lukasz/dev/cncf/gitdm/other_repos/all_kubernetes_range_unknown_2017-02-01_2017-03-01.csv

WARNING: duplicate email/empl for pekowski@gmail.com
WARNING: duplicate email/empl for thingee@gmail.com
WARNING: duplicate email/empl for t.trifonov@gmail.com
WARNING: duplicate email/empl for lyz@princessleia.com
WARNING: duplicate email/empl for robertc@robertcollins.net
WARNING: duplicate email/empl for clint@fewbar.com
WARNING: duplicate email/empl for andrew@linuxjedi.co.uk
WARNING: duplicate email/empl for duncan.thomas@gmail.com
WARNING: duplicate email/empl for kiall@managedit.ie
WARNING: duplicate email/empl for devananda.vdv@gmail.com
WARNING: duplicate email/empl for zaro0508@gmail.com
WARNING: duplicate email/empl for shrewsbury.dave@gmail.com
WARNING: duplicate email/empl for j3p0uk@hotmail.com
WARNING: duplicate email/empl for me@mark.atwood.name
WARNING: duplicate email/empl for slicknik@gmail.com
WARNING: duplicate email/empl for cmsj@tenshu.net
WARNING: duplicate email/empl for anteaya@anteaya.info
WARNING: duplicate email/empl for greg@greghaynes.net
WARNING: duplicate email/empl for matt@mattfarina.com
WARNING: duplicate email/empl for jp@jamezpolley.com
WARNING: duplicate email/empl for steven@wedontsleep.org
WARNING: duplicate email/empl for gleebix@gmail.com
WARNING: duplicate email/empl for code@gentlydownthe.net
WARNING: duplicate email/empl for morgan.fainberg@gmail.com
WARNING: duplicate email/empl for jeblair@hp.com
WARNING: duplicate email/empl for juliaashleykreger@gmail.com
WARNING: duplicate email/empl for stephane@alum.mit.edu
WARNING: duplicate email/empl for kragniz@gmail.com
WARNING: duplicate email/empl for wchrisjohnson@gmail.com
WARNING: duplicate email/empl for daisy.ycguo@gmail.com
WARNING: duplicate email/empl for mordred@inaugust.com
WARNING: duplicate email/empl for zxkuqyb@gmail.com
WARNING: duplicate email/empl for amigliaccio@internap.com
WARNING: duplicate email/empl for yorik.sar@gmail.com
WARNING: duplicate email/empl for e0ne@e0ne.info
WARNING: duplicate email/empl for gabriel@strikeawe.com
WARNING: duplicate email/empl for heckj@mac.com
WARNING: duplicate email/empl for ke.wu@ibeca.me
WARNING: duplicate email/empl for rushi.agr@gmail.com
WARNING: duplicate email/empl for salv.orlando@gmail.com
WARNING: duplicate email/empl for tushar.vitthal.patil@gmail.com
WARNING: duplicate email/empl for jmckenty@gmail.com
WARNING: duplicate email/empl for anne@openstack.org
WARNING: duplicate email/empl for breu@breu.org
WARNING: duplicate email/empl for cbehrens@codestud.com
WARNING: duplicate email/empl for clay.gerrard@gmail.com
WARNING: duplicate email/empl for corywright@gmail.com
WARNING: duplicate email/empl for cp16net@gmail.com
WARNING: duplicate email/empl for cthier@gmail.com
WARNING: duplicate email/empl for darren.birkett@gmail.com
WARNING: duplicate email/empl for dolph.mathews@gmail.com
WARNING: duplicate email/empl for ed@leafe.com
WARNING: duplicate email/empl for github@highbridgellc.com
WARNING: duplicate email/empl for greglange@gmail.com
WARNING: duplicate email/empl for hugh@wherenow.org
WARNING: duplicate email/empl for imsplitbit@gmail.com
WARNING: duplicate email/empl for jason@koelker.net
WARNING: duplicate email/empl for jcruz7@gmail.com
WARNING: duplicate email/empl for josh@jk0.org
WARNING: duplicate email/empl for mattt@defunct.ca
WARNING: duplicate email/empl for mbasnight@gmail.com
WARNING: duplicate email/empl for mike@weirdlooking.com
WARNING: duplicate email/empl for msherborne@gmail.com
WARNING: duplicate email/empl for naveedm9@gmail.com
WARNING: duplicate email/empl for paul@openstack.org
WARNING: duplicate email/empl for rnirmal@gmail.com
WARNING: duplicate email/empl for rconradharris@gmail.com
WARNING: duplicate email/empl for thierry@openstack.org
WARNING: duplicate email/empl for throughnothing@gmail.com
WARNING: duplicate email/empl for yoga80@yahoo.com
WARNING: duplicate email/empl for mark.washenberger@markwash.net
WARNING: duplicate email/empl for p@draigbrady.com
WARNING: duplicate email/empl for zaitcev@kotori.zaitcev.us
WARNING: duplicate email/empl for julie.pichon@gmail.com
WARNING: duplicate email/empl for ghe@debian.org
WARNING: duplicate email/empl for sorrison@gmail.com
unknown@hacker.net Unknown hacker
ccoleman@redhat.com Clayton Coleman
	unknown [4003, 1875]
	devel-doc [363, 40]
	code [4, 4]
vsemushi@redhat.com Slava Semushin
	unknown [10, 21]
yashulyak@gmail.com Dmitry Shulyak
	unknown [242, 161]
	devel-doc [26, 23]
xuchao@google.com Chao Xu
	unknown [68435, 287782]
	devel-doc [137, 5527]
	code [98, 2090]
	build [0, 185]
	documentation [0, 1098]
jliggitt@redhat.com Jordan Liggitt
	unknown [9746, 5337]
	devel-doc [375, 282]
	code [176, 13]
	build [69, 5]
	documentation [0, 0]
stefan.schimanski@gmail.com Dr. Stefan Schimanski
	unknown [42170, 30377]
	devel-doc [2246, 2723]
	code [254, 264]
deads@redhat.com deads2k
	unknown [57134, 11150]
	devel-doc [1878, 2512]
	code [1600, 289]
	documentation [8, 425]
chenr.fnst@cn.fujitsu.com xilabao
	unknown [768, 165]
	devel-doc [8, 1]
	code [63, 23]
chiachenk@google.com Janet Kuo
	unknown [794, 180]
	devel-doc [9, 0]
sjenning@redhat.com Seth Jennings
	unknown [574, 464]
	devel-doc [5, 2]
	documentation [1, 0]
wojtekt@google.com Wojciech Tyczynski
	unknown [4396, 1700]
	devel-doc [153, 23]
	code [56, 39]
	build [47, 9]
	documentation [15, 6]
maszulik@redhat.com Maciej Szulik
	unknown [13714, 15978]
	devel-doc [37, 6]
	documentation [0, 0]
dmcquay@apprenda.com Derek McQuay
	code [1, 1]
	unknown [1099, 336]
	devel-doc [51, 39]
	documentation [6, 0]
joe.github@bedafamily.com Joe Beda
	unknown [1167, 55]
	devel-doc [110, 1]
mengqiy@google.com ymqytw
	unknown [2856, 571]
	devel-doc [3, 1]
	code [136, 26]
mbauer@us.ibm.com Morgan Bauer
	unknown [6558, 3742]
	code [118, 1]
	build [87, 53]
jwhitlock@apache.org Jeremy Whitlock
	unknown [1642, 0]
	devel-doc [36, 0]
	code [214, 0]
marun@redhat.com Maru Newby
	unknown [661, 375]
	devel-doc [49, 5]
	code [18, 26]
a10gupta@linux.vnet.ibm.com Abhishek Dasgupta
	unknown [158, 152]
caosf.fnst@cn.fujitsu.com Cao Shufeng
	unknown [43, 16]
agoldste@redhat.com Andy Goldstein
	unknown [4112, 6067]
	devel-doc [194, 249]
	code [32, 13]
	build [22, 0]
lin.youchong@zte.com.cn linyouchong
	unknown [4, 4]
dominik.schulz@gauner.org Dominik Schulz
	unknown [94, 2]
eric.chiang.m@gmail.com Eric Chiang
	unknown [648, 463]
	devel-doc [130, 40]
	code [37, 81]
	documentation [1, 0]
decarr@redhat.com Derek Carr
	unknown [2420, 522]
	devel-doc [429, 1]
	code [445, 7]
	build [29, 1]
	documentation [59, 1]
nikhiljindal@google.com nikhiljindal
	unknown [772, 260]
	devel-doc [61, 0]
	code [101, 24]
21521209@zju.edu.cn jg Chen
	unknown [375, 297]
	devel-doc [1, 4]
	code [41, 0]
timothysc@gmail.com Timothy St. Clair
	unknown [236, 168]
	devel-doc [10, 1]
rrati@redhat.com Robert Rati
	unknown [2186, 9]
	code [8, 3]
chenjg@harmonycloud.cn fate-grand-order
	unknown [25, 25]
lukasz.szaszkiewicz@gmail.com p0lyn0mial
	unknown [570, 42]
	devel-doc [25, 2]
	code [11, 0]
maciekpytel@google.com Maciej Pytel
	unknown [852, 8]
	code [66, 0]
mwielgus@google.com Marcin Wielgus
	unknown [1038, 64]
me@philkates.com Phil Kates
	unknown [8, 2]
lserven@gmail.com Lucas Serven
	unknown [896, 240]
	devel-doc [43, 0]
	code [1, 1]
	build [1, 1]
pb@coreos.com Patrick Baxter
	unknown [110, 110]
	devel-doc [7, 0]
	code [7, 5]
	build [1, 1]
dhawal55@gmail.com Dhawal Patel
	unknown [78, 6]
	devel-doc [9, 2]
aaronjlevy@gmail.com Aaron Levy
	unknown [25, 19]
	code [2, 2]
dghubble@gmail.com Dalton Hubble
	unknown [344, 67]
hongchaodeng1@gmail.com Hongchao Deng
	unknown [21, 19]
	devel-doc [1, 1]
	build [2, 2]
yifan.gu@coreos.com Yifan Gu
	unknown [17, 2]
me@quentin-machu.fr Quentin Machu
	unknown [97, 52]
adieu@adieu.me adieu
	unknown [3, 0]
bzub@users.noreply.github.com bzub
	unknown [3, 3]
scottrigby@users.noreply.github.com Scott Rigby
	unknown [73, 73]
mgoodness@gmail.com Michael Goodness
	code [17, 15]
	unknown [1136, 130]
	devel-doc [289, 60]
	documentation [77, 11]
fabian@progra.de Fabian Ruff
	unknown [2, 7]
	devel-doc [2, 6]
ivanov.maxim@gmail.com Maxim Ivanov
	unknown [43, 23]
davidbhlm@gmail.com davidbhlm-github
	unknown [2, 2]
migmartri@gmail.com Miguel Ángel Martínez Triviño
	unknown [74, 40]
electroma@gmail.com electroma
	unknown [200, 15]
	devel-doc [7, 1]
	documentation [8, 0]
	build [1, 1]
c-knowles@users.noreply.github.com Chris Knowles
	unknown [40, 4]
	devel-doc [39, 4]
jack.zampolin@gmail.com Jack Zampolin
	unknown [8, 6]
	documentation [0, 1]
adnan@prydoni.us Adnan Abdulhussein
	unknown [49, 42]
	devel-doc [3, 3]
javishi@gmail.com Ravi Mehra
	unknown [3, 16]
	devel-doc [3, 0]
linki@users.noreply.github.com Martin Linkhorst
	unknown [1163, 86]
	devel-doc [26, 1]
dmonakhov@gmail.com Dmitry Monakhov
	unknown [3, 3]
ultimateboy@gmail.com Matt Tucker
	unknown [238, 0]
	devel-doc [78, 0]
	documentation [30, 0]
git@amanda.darkdna.net Amanda Cameron
	unknown [9, 9]
david.mountney@twkie.net DJ Mountney
	unknown [4, 4]
sstodola@plytro.com Steve Stodola
	unknown [6, 2]
	devel-doc [14, 0]
juan_ariza_cordoba@hotmail.com Juan Ariza Toledano
	unknown [4, 4]
vise890@gmail.com Martino Visintin
	documentation [1, 1]
daniel.tritone@gmail.com Daniel Martins
	unknown [14, 7]
	devel-doc [2, 1]
vduda@users.noreply.github.com Vlad
	devel-doc [3, 5]
mfisher@deis.com Matthew Fisher
	unknown [182, 34]
	devel-doc [22, 0]
kabakaev@gmail.com kabakaev
	unknown [2, 2]
lachie83@users.noreply.github.com Lachlan Evenson
	unknown [132, 1]
	devel-doc [104, 0]
	documentation [9, 0]
kowens0826@gmail.com Kenneth Owens
	unknown [4854, 2968]
	devel-doc [170, 126]
	documentation [22, 0]
laurent.crisci@gmail.com Laurent Crisci
	unknown [4, 1]
riokierkels@gmail.com Rio Kierkels
	unknown [5, 5]
jainishshah@yahoo.com Jainish Shah
	unknown [3, 3]
	devel-doc [1, 1]
faraaz@rationalizeit.us Faraaz Khan
	unknown [193, 0]
	devel-doc [113, 0]
	documentation [36, 0]
andresbonojimenez@gmail.com Andrés Bono
	unknown [5, 5]
enisoc@google.com Anthony Yeh
	unknown [3549, 1713]
	devel-doc [368, 181]
	code [1, 0]
	build [71, 1]
	documentation [1, 1]
wei.chuanhui1@zte.com.cn StudyNick
	unknown [7, 4]
jeffml@google.com Jeff Lowdermilk
	unknown [396, 144]
dbsmith@google.com Daniel Smith
	unknown [19, 13]
	devel-doc [241, 22]
mmazurskiy@atlassian.com Mikhail Mazurskiy
	unknown [29, 8]
	devel-doc [2, 2]
kasper@firemango.dk Kasper Bentsen
	devel-doc [1, 1]
will@icog.net William Denniss
	devel-doc [22, 0]
mehdy@google.com Mehdy Bohlool
	unknown [1176, 327]
	devel-doc [24, 2]
	code [307, 57]
dims@linux.vnet.ibm.com Davanum Srinivas
	unknown [60, 56]
	code [336, 164]
	build [3, 2]
	documentation [11, 11]
dhodovsk@redhat.com Dominika Hodovska
	unknown [601, 256]
	documentation [0, 0]
avagarwa@redhat.com Avesh Agarwal
	unknown [1947, 1097]
	devel-doc [334, 8]
	code [3, 1]
	build [6, 1]
	documentation [0, 0]
jchaloup@redhat.com Jan Chaloupka
	unknown [136, 41]
	code [130, 21]
	build [4, 1]
zihongz@google.com Zihong Zheng
	unknown [335, 194]
	devel-doc [122, 78]
	code [45, 36]
	build [13, 6]
bowei.du@gmail.com Bowei Du
	unknown [2196, 858]
	devel-doc [77, 38]
	code [319, 43]
	build [77, 32]
	documentation [10, 0]
mkargaki@redhat.com Michail Kargakis
	unknown [1161, 412]
	devel-doc [21, 6]
danw@concur.com Wilson, Dan
	unknown [81, 0]
sgordon@redhat.com Stephen Gordon
	unknown [3, 3]
	devel-doc [48, 11]
pmorie@redhat.com Paul Morie
	unknown [7514, 5487]
	devel-doc [8, 3]
	code [3, 3]
	build [21, 2]
ihor.dvoretskyi@gmail.com Ihor Dvoretskyi
	unknown [17, 9]
	devel-doc [70, 8]
bgrant0607@users.noreply.github.com Brian Grant
	unknown [248, 88]
	devel-doc [222, 269]
wlan0@users.noreply.github.com Sidhartha Mani
	unknown [168, 0]
feiskyer@users.noreply.github.com Pengfei Ni
	unknown [290, 19]
	devel-doc [325, 1]
	code [593, 0]
	build [28, 0]
	documentation [58, 0]
pwittroc+github@google.com Phillip Wittrock
	unknown [339, 392]
	devel-doc [1, 1]
	code [13, 13]
jregan@google.com Jeffrey Regan
	unknown [453, 408]
	devel-doc [1, 1]
erick@fejta.com Erick Fejta
	unknown [1632, 663]
	devel-doc [55, 1]
	code [237, 142]
	build [8, 3]
acidburn@google.com Jess Frazelle
	unknown [2125, 62]
	devel-doc [200, 88]
	code [5, 4]
jaescobar.cell@gmail.com Alejandro Escobar
	unknown [164, 108]
	devel-doc [25, 9]
	code [7, 2]
jmyue@hotmail.com supereagle
	unknown [19, 19]
harryz@hyper.sh Harry Zhang
	unknown [657, 351]
	devel-doc [5, 8]
	code [3, 1]
haowang@redhat.com Haoran Wang
	unknown [116, 96]
	devel-doc [7, 3]
msau@google.com Michelle Au
	unknown [810, 476]
	devel-doc [10, 2]
saadali@google.com Saad Ali
	unknown [2, 1]
	devel-doc [186, 92]
hekumar@redhat.com Hemant Kumar
	unknown [1083, 202]
	devel-doc [29, 0]
dma@redhat.com mdshuai
	unknown [4, 4]
jpeeler@redhat.com Jeff Peeler
	unknown [1072, 21]
	devel-doc [63, 0]
	documentation [0, 0]
jaredbhatti@users.noreply.github.com Jared
	unknown [11, 5]
	devel-doc [7, 7]
vishh@users.noreply.github.com Vish Kannan
	unknown [5, 2]
vishnuk@google.com Vishnu Kannan
	code [3, 1]
	unknown [2979, 1125]
	image [0, 0]
	documentation [66, 46]
	devel-doc [144, 4]
li.guangxu@zte.com.cn guangxuli
	devel-doc [1, 1]
chris@openstack.org Chris Hoge
	devel-doc [18, 9]
thockin@google.com Tim Hockin
	unknown [1397, 386]
	devel-doc [2, 1]
	build [7, 3]
spiffxp@gmail.com Aaron Crickenberger
	unknown [45, 13]
	code [0, 1]
	build [1, 1]
tonyli.lives@gmail.com Tony Li
	unknown [32, 26]
	build [4, 4]
jsafrane@redhat.com Jan Šafránek
	code [25, 2]
	unknown [3016, 225]
	devel-doc [316, 20]
	documentation [0, 0]
shaynewang@users.noreply.github.com Shayne Wang
	unknown [2, 2]
development@stp-ip.net Michael Grosser
	unknown [3, 1]
	devel-doc [2, 2]
cai.yixiang@zte.com.cn caiyixiang
	unknown [19, 16]
	devel-doc [5, 4]
	documentation [1, 1]
calebamiles@users.noreply.github.com caleb miles
	unknown [1316, 1265]
	devel-doc [23, 48]
spzala@us.ibm.com Sahdev P. Zala
	unknown [2, 3]
pigmej@gmail.com Jędrzej Nowak
tomasz@napierala.org Tomasz Napierala
	devel-doc [1, 1]
iain@humblyarrogant.io Iain Cambridge
	unknown [2, 2]
coolhzb@163.com TonyAdo
sgoings@engineyard.com Seth Goings
	devel-doc [3, 2]
etune@google.com Eric Tune
	unknown [3, 3]
michal@kinvolk.io Michal Rostecki
	unknown [236, 155]
k82cn@icloud.com Klaus Ma
	code [1, 1]
	unknown [326, 57]
	devel-doc [18, 4]
	documentation [0, 0]
gyliu513@gmail.com Guangya Liu
	unknown [424, 41]
	devel-doc [6, 0]
github@lvlv.email Lv Lv
	unknown [11, 3]
pszczesniak@google.com Piotr Szczesniak
	unknown [749, 2]
	devel-doc [6, 0]
	documentation [7, 0]
	build [35, 1]
brandon@ifup.org Brandon Philips
	unknown [6, 6]
	devel-doc [2, 17]
psiwczak@mirantis.com Piotr Siwczak
	devel-doc [1, 1]
mml@users.noreply.github.com Matt Liggett
	unknown [633, 7]
	documentation [4, 0]
cmluciano@us.ibm.com Christopher M. Luciano
	unknown [168, 6]
guillaume@monzo.com Guillaume Breton
	unknown [4, 4]
	code [10, 10]
stclair@google.com Tim St. Clair
	unknown [110, 42]
	devel-doc [231, 0]
	code [209, 13]
	build [91, 444]
mrbryanbecker@gmail.com Bryan Becker
	unknown [8, 4]
vmik@google.com Mik Vyatskov
	unknown [1691, 593]
	devel-doc [70, 57]
	code [50, 74]
	build [157, 137]
psyacca@gmail.com Daniele Santoro
	unknown [3, 3]
mhrivnak@hrivnak.org Michael Hrivnak
	devel-doc [1, 1]
contact@stephane-klein.info Stéphane Klein
	devel-doc [6, 6]
jgrafton@google.com Jeff Grafton
	unknown [598, 14934]
	devel-doc [57, 1567]
	code [111, 230]
	build [13, 117]
	documentation [2, 451]
galexrt@googlemail.com Alexander Trost
	unknown [293, 22]
	devel-doc [8, 1]
	code [224, 0]
jbrooks@redhat.com Jason Brooks
	unknown [4, 4]
li.xialong@zte.com.cn Peter Lee
	unknown [15, 3]
warmchang@outlook.com William Chang
jacek.lakis@intel.com Jacek J. Łakis
	unknown [547, 18]
sameo@linux.intel.com Samuel Ortiz
	unknown [116, 52]
runcom@users.noreply.github.com Antonio Murdaca
	unknown [87, 12]
	devel-doc [3, 0]
	code [12, 1]
	build [5, 1]
mlvora.2010@gmail.com Malhar Vora
	devel-doc [1, 1]
mrunal@me.com Mrunal Patel
	unknown [5, 2]
dwalsh@redhat.com Daniel J Walsh
	unknown [9, 9]
andrewpilloud@igneoussystems.com Andrew Pilloud
	unknown [59, 49]
asarai@suse.de Aleksa Sarai
jawnsy@redhat.com Jonathan Yu
	unknown [3, 0]
nalin@redhat.com Nalin Dahyabhai
	unknown [3, 9]
michal.zylowski@intel.com Michał Żyłowski
	unknown [255, 296]
fontanalorenz@gmail.com Lorenzo Fontana
	devel-doc [1, 1]
xlgao@zju.edu.cn Xianglin Gao
	unknown [867, 1]
	devel-doc [22, 0]
	build [44, 0]
s.florek91@gmail.com Sebastian Florek
	unknown [1587, 885]
	code [854, 55]
	documentation [210, 1]
maciaszczykm@users.noreply.github.com Marcin Maciaszczyk
	unknown [641, 410]
	code [84, 12]
	documentation [1, 1]
jsloyer@gmail.com Jeff Sloyer
	unknown [1, 0]
ianlewis@google.com Ian Lewis
	unknown [151, 0]
	image [0, 0]
dromlein@apprenda.com Dan Romlein
	unknown [5, 12]
	devel-doc [38, 5]
wang.xiaoren@zte.com.cn wefine
	unknown [14, 9]
rob@rob-franken.nl Rob Franken
	code [11, 2]
graut@us.ibm.com gajju26
	build [7, 3]
shivania@vmware.com Abrar Shivani
	unknown [170, 23]
	devel-doc [106, 57]
	build [1, 6]
sbekkhus91@gmail.com Simen Bekkhus
	unknown [3, 4]
hchen@redhat.com Huamin Chen
	unknown [413, 43]
	devel-doc [41, 2]
	documentation [0, 0]
stephenhsu90@gmail.com Di Xu
	unknown [3, 3]
clove@cnmconsulting.net chrislovecnm
	unknown [1148, 1251]
	devel-doc [50, 20]
	code [16, 6]
	build [24, 12]
nelcyguy@gmail.com Chakravarthy Nelluri
	unknown [2109, 901]
	devel-doc [23, 4]
837829664@qq.com timchenxiaoyu
	unknown [8, 8]
	devel-doc [4, 4]
	code [4, 4]
	build [4, 4]
bdontu@vmware.com Balu Dontu
	unknown [112, 73]
	devel-doc [36, 2]
joh.scheuer@gmail.com Johannes Scheuermann
	unknown [2, 4]
	devel-doc [2, 2]
nitisht@users.noreply.github.com Nitish Tiwari
	unknown [2, 0]
shyamjvs@google.com Shyam JVS
	unknown [592, 250]
	devel-doc [31, 0]
	code [128, 172]
	build [43, 0]
	documentation [8, 3]
alexdwanerobinson@gmail.com Alex Robinson
	unknown [8, 30]
tiwari.nitish@gmail.com Nitish
	unknown [278, 0]
	devel-doc [930, 148]
rahn.jonathan@gmail.com Jonathan Rahn
	devel-doc [8, 8]
hchiramm@redhat.com Humble Chirammal
	unknown [175, 104]
	devel-doc [20, 14]
	documentation [0, 0]
cole.mickens@gmail.com Cole Mickens
	unknown [104, 35]
	devel-doc [48, 3]
	documentation [8, 0]
	build [30, 2]
justin@fathomdb.com Justin Santa Barbara
	code [42, 9]
	unknown [12969, 3648]
	devel-doc [7, 139]
	documentation [2, 3]
	build [47, 14]
iterion@gmail.com Adam Sunderland
	unknown [14, 4]
yerken.tussupbekov@zalando.de ideahitme
	unknown [521, 155]
	devel-doc [53, 1]
	code [588, 392]
	build [13, 13]
	documentation [54, 52]
difazio.raffaele@gmail.com Raffaele Di Fazio
	devel-doc [13, 0]
henning@jacobs1.de Henning Jacobs
	devel-doc [37, 4]
sarah.novotny@gmail.com sarahnovotny
	devel-doc [404, 0]
mawong@redhat.com Matthew Wong
	unknown [1990, 1309]
	devel-doc [492, 199]
	code [427, 2]
	build [31, 9]
	documentation [58, 0]
dlorenc@google.com dlorenc
	unknown [264, 32]
	devel-doc [7, 1]
	build [7, 0]
humble.devassy@gmail.com Humble Devassy Chirammal
	devel-doc [2, 2]
pramod@us.ibm.com Nagapramod Mandagere
	unknown [42, 26]
grodrigues3@users.noreply.github.com grodrigues3
	unknown [0, 2]
	devel-doc [2, 2]
zengzengyao@harmonycloud.cn YaoZengzeng
	unknown [105, 191]
crazykev@zju.edu.cn Crazykev
	unknown [43, 36]
sjernigan@reverbnation.com Steve Jernigan
	unknown [6, 2]
j2@dronedeploy.com astropuffin
	unknown [57, 2]
corbin.math@gmail.com mcorbin
	unknown [322, 131]
evan.pease@gmail.com Evan Pease
	unknown [32, 19]
pu.junqi@zte.com.cn 10138035
	unknown [10, 25]
vjdhama26@gmail.com Vijay Dhama
	unknown [1, 1]
sross@redhat.com Solly Ross
	unknown [13844, 323]
	devel-doc [2962, 3]
	code [35, 2]
	documentation [1, 0]
senlu@google.com Sen Lu
	unknown [2586, 548]
	devel-doc [50, 7]
	code [1222, 7814]
	build [72, 7]
stresler@users.noreply.github.com stresler
	unknown [2, 2]
andy.xning@gmail.com Andy Xie
	unknown [274, 83]
	devel-doc [6, 6]
	code [1, 1]
	build [7, 5]
sam.jeyam@gmail.com samjeyam
	unknown [1, 1]
theairkit@gmail.com theairkit
	unknown [1, 1]
jorge.arcoma@gmail.com Jorge Arco
	unknown [14, 14]
vladimir@rutsky.org Vladimir Rutsky
	unknown [44, 16]
	build [3, 2]
jonas.falck@gmail.com Jonas Falck
	unknown [2, 0]
aleksandram@google.com Aleksandra Malinowska
	unknown [187, 64]
	devel-doc [38, 0]
	code [14, 4]
	build [23, 13]
	documentation [0, 1]
lucas.kaldstrom@hotmail.co.uk Lucas Käldström
	unknown [2737, 2636]
	devel-doc [356, 221]
	code [0, 2]
	build [52, 81]
	documentation [4, 3]
almogbaku@rimoto.com Almog Baku
	build [2, 2]
ja.lauricella@gmail.com neith00
	unknown [1, 1]
morten@mediaflex.dk Morten Rasmussen
	unknown [6, 2]
technosophos@gmail.com Matt Butcher
	unknown [882, 39]
	devel-doc [12, 35]
taylor.l.thomas@intel.com Taylor Thomas
	unknown [256, 241]
lkysow@gmail.com Luke Kysow
	unknown [1, 1]
michelle@deis.com Michelle Noorali
	unknown [985, 406]
	devel-doc [1, 0]
ladiclexxx@gmail.com Ladicle
	unknown [4, 0]
	code [1, 1]
joseph.zhoutao@huawei.com Tao Zhou
	unknown [9, 6]
	devel-doc [1, 1]
vt.guthrie@gmail.com Kyle Guthrie
	unknown [1, 0]
qin.wang@intel.com Qin Wang
	unknown [157, 12]
adamreese@users.noreply.github.com Adam Reese
	unknown [214, 150]
	devel-doc [3, 3]
hi@ahawkins.me Adam Hawkins
	unknown [66, 0]
qiujian@cn.ibm.com Jian Qiu
	unknown [9, 2]
yuvipanda@gmail.com YuviPanda
	unknown [81, 1]
jose.g.aguirre@intel.com Jose Aguirre
	unknown [1, 0]
vaughn@deis.com Vaughn Dice
	unknown [673, 371]
justin.a.scott@intel.com Justin Scott
	unknown [954, 108]
	devel-doc [18, 0]
wilkers.steve@gmail.com wilkers-steve
	unknown [96, 0]
	devel-doc [31, 0]
seanknox@users.noreply.github.com Sean Knox
	unknown [1, 0]
gergo.huszty@nokia.com Gergo Huszty
	unknown [5, 5]
	devel-doc [1, 1]
	package [0, 0]
larry.rensing@gmail.com Larry Rensing
	unknown [136, 38]
matt@mattfarina.com Matt Farina
	devel-doc [4, 0]
gianrubio@gmail.com Giancarlo Rubio
	unknown [757, 152]
	devel-doc [8, 3]
	code [1, 1]
	build [1, 1]
	documentation [13, 27]
ricardo.katz@serpro.gov.br Ricardo Pchevuzinske Katz
	unknown [864, 288]
	devel-doc [221, 58]
	documentation [23, 8]
csbell@google.com Christian Bell
	unknown [479, 201]
	devel-doc [1, 0]
aledbf@gmail.com Manuel Alejandro de Brito Fontes
	code [2, 2]
	unknown [652, 280]
	devel-doc [205, 6]
	documentation [46, 23]
	build [9, 3]
qsj.daniel@gmail.com shijunqian
	unknown [7, 1]
marcin@owsiany.pl Marcin Owsiany
	unknown [21, 14]
	devel-doc [1, 1]
	build [1, 1]
jo@umask.net Jo Geraerts
	devel-doc [1, 1]
chen.tao3@zte.com.cn chentao1596
	unknown [706, 28]
	devel-doc [41, 1]
at28997146@163.com Tang Le
	unknown [25, 22]
beeps@google.com Prashanth B
	unknown [377, 31]
	devel-doc [565, 9]
	build [3, 2]
kraig.amador@ticketmaster.com Kraig Amador
	unknown [9, 0]
andrew.stuart2@gmail.com Andrew Stuart
	unknown [12, 2]
arnd.hannemann@credativ.de Arnd Hannemann
	devel-doc [1, 1]
joshrosso@gmail.com joshrosso
	unknown [1, 1]
jcmoraisjr@gmail.com Joao Morais
	unknown [87, 9]
	devel-doc [406, 139]
leszek@charkiewicz.net Leszek Charkiewicz
	unknown [1, 1]
vincent.schwarzer@yahoo.de Vincent Schwarzer
	unknown [61, 9]
mmosesohn@mirantis.com Matthew Mosesohn
	unknown [660, 559]
	devel-doc [2, 2]
	code [0, 6]
vijkatam@cisco.com Vijay Katam
	unknown [107, 15]
apanchenko@mirantis.com Artem Panchenko
	unknown [11, 0]
john@dewey.ws John Dewey
	unknown [18, 12]
antoine.legrand@coreos.com Antoine Legrand
	unknown [404, 342]
	code [22, 0]
sgolovatiuk@mirantis.com Sergii Golovatiuk
	unknown [181, 57]
	devel-doc [5, 5]
	code [6, 6]
	build [3, 0]
brad.beam@b-rad.info Brad Beam
	unknown [93, 90]
	devel-doc [48, 27]
bogdando@mail.ru Bogdan Dobrelya
	unknown [8, 8]
roverrr@gmail.com Kopylov German
	unknown [2, 2]
ishvedunov@mirantis.com Ivan Shvedunov
	unknown [3, 3]
hvn@familug.org Hung Nguyen Viet
	unknown [12, 11]
	devel-doc [5, 4]
abelopez@cisco.com Abel Lopez
	unknown [7, 1]
andrew.greenwood@autodata.net Andrew Greenwood
	unknown [293, 111]
smainklh@gmail.com Smaine Kahlouch
galthaus@austin.rr.com Greg Althaus
	unknown [20, 3]
code0x9@gmail.com Mark Lee
	unknown [24, 10]
idcrook@users.noreply.github.com David Crook
	unknown [0, 1]
deathbeforedishes@gmail.com Josh Conant
	unknown [1373, 699]
	devel-doc [14, 0]
	build [14, 0]
ablock84@gmail.com Alexander Block
	unknown [55, 7]
surajnarwade353@gmail.com Suraj Narwade
	unknown [358, 5]
	devel-doc [11, 0]
	code [16, 6]
shubham@linux.com Shubham Minglani
	unknown [288, 164]
charlie@charliedrage.com Charlie Drage
	unknown [801, 441]
	devel-doc [66, 27]
	code [16, 5]
tomas.kral@gmail.com Tomas Kral
	unknown [35, 27]
	build [2, 2]
abhishek@linux.com Abhishek
	unknown [136, 41]
surajssd009005@gmail.com Suraj Deshmukh
	unknown [83, 61]
robin@trinimbus.com Robin Percy
	unknown [273, 28]
andrew@wattpad.com andrewsykim
	unknown [1584, 131]
	build [1, 1]
kris@nivenly.com Kris Nova
	unknown [308, 114]
	devel-doc [31, 49]
	code [62, 1]
geojaz@users.noreply.github.com Eric Hole
	unknown [47, 0]
	devel-doc [11, 4]
foxylion@users.noreply.github.com Jakob Jarosch
	unknown [1, 1]
mtaufen@google.com Michael Taufen
	unknown [547, 491]
	devel-doc [34, 34]
	code [2, 2]
	documentation [8, 8]
4d.69.68.6f.6b@gmail.com Matthew Mihok
	unknown [1061, 14]
ydradcliffe@gmail.com yissachar
	unknown [79, 14]
	devel-doc [1, 1]
spollack@beenverified.com Seth Pollack
	unknown [267, 76]
zytek@nuxi.pl Jakub Paweł Głazik
	unknown [111, 90]
	devel-doc [1, 1]
	build [1, 1]
johannes.wuerbach@googlemail.com Johannes Würbach
	unknown [5, 1]
bjboreham@gmail.com Bryan Boreham
	unknown [21, 8]
ashley.penney@maxwellhealth.com Ashley Penney
	unknown [11, 1]
	devel-doc [1, 1]
	code [1, 0]
matt@mzsanford.com Matt Sanford
	unknown [51, 0]
j@kingori.co King'ori Maina
	unknown [172, 57]
	devel-doc [64, 0]
zacblazic@gmail.com Zac Blazic
	unknown [40, 8]
snobym@cisco.com Matt Snoby
	unknown [41, 0]
andrewmoorewatson@gmail.com Andrew Watson
	unknown [7, 2]
heschlie@gmail.com Stephen Schlie
	unknown [1132, 16]
shanestarcher@gmail.com Shane Starcher
	unknown [113, 9]
kamilhristov@gmail.com Kamil Hristov
	unknown [3, 4]
ranma.go@gmail.com ikropotov
	unknown [1, 1]
crigor@gmail.com Christopher Rigor
	unknown [2, 2]
eamontaaffe@gmail.com Eamon Taaffe
	unknown [3, 3]
yissachar.radcliffe@caseware.com Yissachar Radcliffe
	unknown [26, 0]
ykuoka@gmail.com Yusuke Kuoka
	unknown [7219, 4142]
	devel-doc [16, 70]
	documentation [0, 0]
jhollinshead@hotels.com Joseph Hollinshead
	unknown [282, 2]
patrik@votocek.cz Patrik Votocek
	unknown [165, 1]
msanterre@users.noreply.github.com Maxime Santerre
	unknown [1, 1]
andreas.kohn@gmail.com Andreas Kohn
	unknown [21, 19]
	devel-doc [1, 1]
oliver@soell.net Oliver Soell
	unknown [50, 2]
fabian.selles@schibsted.com Fabian Selles Rosa
	unknown [108, 19]
ole.skudsvik@gmail.com Ole Fredrik Skudsvik
	unknown [80, 11]
pwillie@users.noreply.github.com pwillie
	unknown [33, 10]
me@cheungpat.com Kwok-kuen Cheung
	unknown [6, 6]
jeremydeininger@gmail.com Jeremy Deininger
	unknown [7, 0]
fab.reinartz@gmail.com Fabian Reinartz
fbranczyk@gmail.com Frederic Branczyk
	unknown [515, 136]
	devel-doc [32, 0]
	build [1, 1]
pjpires@gmail.com Paulo Pires
	unknown [30, 8]
jacobsimpson@google.com Jacob Simpson
	unknown [1820, 60]
	devel-doc [81, 0]
	code [12, 1]
gmarek@google.com gmarek
	unknown [3312, 353]
	devel-doc [21, 0]
	code [3, 3]
	build [35, 0]
	documentation [8, 0]
shiywang@redhat.com Shiyang Wang
	unknown [1784, 73]
	devel-doc [4, 0]
	documentation [11, 0]
jamie.hannaford@rackspace.com Jamie Hannaford
	unknown [561, 344]
	devel-doc [6, 0]
	code [1, 1]
dvorak@google.com Jonathan MacMillan
	unknown [1384, 387]
	devel-doc [7, 0]
	code [3, 1]
	documentation [5, 0]
aanm90@gmail.com André Martins
	unknown [34, 3]
shashidhara.td@huawei.com shashidharatd
	unknown [1738, 327]
	devel-doc [18, 1]
	code [68, 201]
	documentation [1, 0]
spxtr@google.com Joe Finney
	unknown [1647, 1340]
	devel-doc [142, 49]
	code [136, 18]
	ui [0, 3]
	build [56, 54]
ouyang.qinhua@zte.com.cn bruceauyeung
	unknown [607, 235]
	devel-doc [6, 1]
dhilip.kumar.s@huawei.com dhilipkumars
	unknown [470, 76]
yuquan.ren@easystack.cn NickrenREN
	unknown [765, 268]
	devel-doc [84, 0]
marco@ceppi.net Marco Ceppi
	unknown [48, 4]
jvance@redhat.com Jeff Vance
	unknown [215, 98]
miaol@vmware.com Miao Luo
	unknown [155, 300]
	devel-doc [3, 36]
xingzhou@cn.ibm.com Xing Zhou
	unknown [610, 60]
	devel-doc [6, 0]
	code [17, 0]
	documentation [9, 0]
jcope@redhat.com Jon Cope
	unknown [338, 232]
	devel-doc [1, 0]
fgimenez@coit.es Federico Gimenez
	unknown [184, 0]
ali.scott@gmail.com Alistair Scott
	unknown [3, 3]
mkumatag@in.ibm.com Manjunath A Kumatagi
	unknown [2, 2]
	build [1, 1]
dima.shmakov87@gmail.com Dmitry1987
	unknown [68, 45]
	documentation [2, 0]
kmter@live.com shawyeok
	unknown [1, 0]
	code [237, 62]
divyenp@vmware.com divyenpatel
	unknown [716, 182]
	devel-doc [12, 5]
	build [1, 1]
admin@toph.ca Christoph Blecker
	unknown [36, 42]
	devel-doc [3, 1]
	code [1, 1]
	build [5, 5]
bburns@google.com Brendan Burns
	unknown [1312, 83]
	translation [998, 2]
	code [86, 0]
	devel-doc [4, 2]
	documentation [49, 4]
mikedanese@google.com Mike Danese
	unknown [155, 559]
	devel-doc [18, 5]
	code [23, 1580]
	build [189, 1644]
	documentation [2, 0]
tan.shanshan@zte.com.cn tanshanshan
	unknown [127, 14]
	devel-doc [5, 2]
	code [0, 1]
irfan.rehman@huawei.com Irfan Ur Rehman
	unknown [981, 301]
	devel-doc [11, 0]
	code [2, 1]
	documentation [3, 2]
connor.p.doyle@intel.com Connor Doyle
	unknown [132, 37]
jvallejo@redhat.com juanvallejo
	unknown [7797, 2]
	build [16, 2]
madhusudancs@google.com Madhusudan.C.S
	unknown [339, 116]
	devel-doc [13, 11]
	code [354, 179]
nicksardo@google.com Nick Sardo
	unknown [406, 281]
	devel-doc [3, 2]
taotaotheripper@gmail.com Random-Liu
	unknown [1398, 969]
	devel-doc [61, 30]
	code [7, 4]
	build [2, 2]
yjhong@google.com Yu-Ju Hong
	unknown [939, 731]
	devel-doc [6, 1]
	code [15, 65]
	documentation [1, 0]
screeley@redhat.com Scott Creeley
	unknown [3, 1]
zhao.xiangpeng@zte.com.cn xiangpengzhao
	unknown [2630, 408]
	code [79, 9194]
apelisse@gmail.com Antoine Pelisse
	unknown [626, 1528]
	devel-doc [1, 103]
	code [102, 0]
	build [0, 14]
zhiguohong@tencent.com Hong Zhiguo
	unknown [1, 0]
matthias.bertschy@gmail.com Matthias Bertschy
	unknown [9, 3]
	devel-doc [26, 0]
jiangtianli@hotmail.com Jiangtian Li
	unknown [733, 15]
	devel-doc [47, 0]
anhowe@microsoft.com Anthony Howe
	unknown [557, 1027]
	devel-doc [1, 5]
bsalamat@google.com Bobby Salamat
	unknown [163, 22]
	devel-doc [7, 0]
steve@heptio.com Steve Kriss
	unknown [182, 0]
	devel-doc [3, 0]
zml@google.com Zach Loafman
	unknown [62, 295]
	code [127, 2724]
	build [1, 133]
qlee@google.com Quintin Lee
	build [15, 0]
dashpole@google.com David Ashpole
	unknown [1390, 222]
	devel-doc [151, 44]
hakanbaba83@gmail.com Hakan Baba
	unknown [204, 0]
mixia@google.com Minhan Xia
	unknown [900, 137]
	devel-doc [35, 0]
george.kraft@canonical.com George Kraft
	unknown [2, 2]
	code [96, 50]
	documentation [1, 1]
wangzefeng@huawei.com Kevin
	unknown [626, 12]
	devel-doc [49, 0]
	code [13, 13]
	build [1, 1]
lukaszoles@gmail.com Łukasz Oleś
	unknown [1357, 224]
	devel-doc [61, 3]
	documentation [0, 0]
wfender@google.com Walter Fender
	code [8, 0]
	build [8, 1]
kazuki.suda@gmail.com Kazuki Suda
	unknown [19, 0]
karol.kraskiewicz@gmail.com Karol Kraśkiewicz
	unknown [32, 32]
peay@protonmail.com peay
	unknown [574, 79]
michael.fraenkel@gmail.com Michael Fraenkel
	unknown [79, 270]
	devel-doc [16, 1]
	documentation [0, 0]
beacham@google.com Jacob Beacham
	unknown [552, 39]
	devel-doc [105, 0]
	code [18, 7]
	build [23, 0]
	documentation [2, 0]
jinxu@google.com Jing Xu
	unknown [157, 26]
	devel-doc [1, 1]
	build [27, 22]
dgoodwin@redhat.com Devan Goodwin
	unknown [13, 12]
song.ruixia@zte.com.cn SongRuixia
	unknown [2, 1]
roidelapluie@inuits.eu Julien Pivotto
	unknown [42, 41]
mayank.kumar@salesforce.com Mayank Kumar
	unknown [110, 143]
foxish@users.noreply.github.com Anirudh Ramanathan
	unknown [12, 2]
alexander.kanevskiy@intel.com Alexander Kanevskiy
	unknown [11, 8]
	documentation [27, 23]
eparis@redhat.com Eric Paris
	unknown [22, 1]
chuck@dasroot.net Charles Butler
	unknown [1, 1]
	code [73, 15]
sritesh@vmware.com Ritesh H Shukla
	unknown [19, 7]
julien.balestra@gmail.com JulienBalestra
	unknown [11, 11]
dawnchen@google.com Dawn Chen
	unknown [26, 26]
	code [6, 6]
ffranz@redhat.com Fabiano Franz
	unknown [4, 0]
rong.zhang@easystack.cn riverzhang
	unknown [1, 1]
zhengchuan.hu@easystack.cn zhengchuan hu
	unknown [1, 1]
gus@inodes.org Angus Lees
	unknown [113, 1]
	devel-doc [9567, 7179]
jsz@google.com Jerzy Szczepkowski
	unknown [213, 122]
	devel-doc [8, 7]
	code [14, 0]
	build [7, 2]
mbruzek@gmail.com Matt Bruzek
	code [6, 3]
	documentation [4, 0]
jay@apache.org jayunit100
	unknown [153, 82]
	devel-doc [12, 1]
mike@mikebryant.me.uk Mike Bryant
	unknown [2, 0]
cristian.pop@bigstep.com Cristian Pop
	unknown [46, 33]
fabiand@fedoraproject.org Fabian Deutsch
	devel-doc [1, 0]
kstepniewski@vmware.com Karol Stepniewski
	unknown [14, 0]
	devel-doc [2, 0]
ramanathana@google.com foxish
	unknown [131, 53]
	code [15, 2]
stephen.kriss@gmail.com Stephen Kriss
	unknown [147, 0]
	devel-doc [1, 0]
andrew@andrewrynhard.com Andrew Rynhard
	unknown [348, 33]
	devel-doc [8, 0]
ancosen@gmail.com Andrea Cosentino
	unknown [2, 2]
ferdinand.huebner@gmail.com Ferdinand Hübner
	unknown [1, 1]
errordeveloper@gmail.com Ilya Dmitrichenko
	unknown [4, 3]
robert.roland@hpe.com Robert Roland
	unknown [36, 22]
jianhui.zhou@huawei.com jianhuiz
	unknown [217, 35]
	devel-doc [2, 0]
rchopra@redhat.com Rajat Chopra
	unknown [3, 3]
skuznets@redhat.com Steve Kuznetsov
	unknown [6, 1]
berrange@redhat.com Daniel P. Berrange
	code [2, 2]
leave24534@gmail.com dutianpeng
	unknown [5, 3]
luca.bruno@coreos.com Luca Bruno
	unknown [31, 31]
	devel-doc [1, 1]
	build [1, 1]
slaskawi@redhat.com Sebastian Laskawiec
	unknown [13, 1]
theofilos@ieee.org Theofilos Papapanagiotou
	devel-doc [2, 1]
ian@ianberinger.com Ian Beringer
	unknown [2, 1]
	devel-doc [6, 0]
	build [6, 0]
chen.huan@zte.com.cn chenhuan12
	unknown [82, 74]
	build [2, 2]
jorge@ubuntu.com Jorge O. Castro
	unknown [4, 10]
	devel-doc [10, 6]
huzhifeng@douyu.tv huzhifeng
	unknown [71, 14]
jiang.lingxia@zte.com.cn jianglingxia
	unknown [7, 7]
hou.jun2@zte.com.cn houjun
	unknown [1, 1]
hvnsweeting@gmail.com Viet Hung Nguyen
	unknown [4, 4]
marklam@google.com mlambert890b
	code [108, 2]
rob.szumski@coreos.com Rob Szumski
	unknown [1, 0]
steveperry-53@users.noreply.github.com Steve Perry
	unknown [2000, 1516]
philippt@users.noreply.github.com Philipp T
	unknown [3, 3]
ddonnelly@google.com devin-donnelly
seperry53@gmail.com steveperry-53
	unknown [942, 802]
	documentation [1, 0]
	build [0, 3]
ejc3@yahoo-inc.com EJ
	build [1, 1]
wangjie5@chinaskycloud.com Wang Jie
	unknown [82, 77]
chenopis@users.noreply.github.com Andrew Chen
	unknown [397, 349]
	build [2, 2]
pdecat@gmail.com Patrick Decat
	unknown [2, 2]
jeffmendoza@google.com Jeff Mendoza
	unknown [4, 0]
tailnode@gmail.com tailnode
	documentation [12, 12]
rparikh@platform9.net roopakparikh
	unknown [5, 1]
andres.via@gmail.com Andres Villarroel
	unknown [4, 6]
nickleefly@gmail.com Xiuyu Li
	unknown [2, 2]
10110918@zte.com.cn ztewyk
	unknown [8, 8]
elijah.caine@coreos.com Elijah C. Voigt
	unknown [186, 2]
rmaugusto@gmail.com Ricardo M. Augusto
	unknown [4, 4]
ben@mathews2000.com Ben Mathews
	unknown [0, 2]
olegs@jeremejevs.com Olegs Jeremejevs
	unknown [2, 2]
xuxinkun@gmail.com xuxinkun
	unknown [6, 0]
greatbsky@163.com architect.bian
	unknown [2, 2]
shapeliang@gmail.com liangxiaoping
	unknown [2, 2]
deng.xilian@zte.com.cn sallydeng
	unknown [21, 13]
artmr@lsd.ufcg.edu.br Arthur Miranda
	unknown [10, 10]
michael.mrowetz@cdnetworks.co.kr Michael Mrowetz
	unknown [26, 16]
hostirosti@users.noreply.github.com Robert Kubis
	unknown [4, 0]
mistobaan@users.noreply.github.com Fabrizio Milo
	unknown [4, 4]
pierre@ozoux.net Pierre Ozoux
	unknown [2, 2]
yu.peng36@zte.com.cn yupengzte
	unknown [4, 4]
james@jagregory.com James Gregory
	unknown [8, 8]
albertvaka@gmail.com Albert Vaca
	unknown [2, 2]
	documentation [2, 2]
erikbean08@gmail.com Erik Bean
	unknown [2, 2]
jjohnston@istreamplanet.com Jesse Johnston
	unknown [2, 2]
ahmetb@google.com Ahmet Alp Balkan
	unknown [4, 4]
	documentation [14, 0]
liu.hao89@zte.com.cn foxyriver
	unknown [2, 2]
samnap+github@gmail.com samiam
	unknown [8, 4]
jeremy.wimsingues@insa-lyon.fr Jérémy Wimsingues
	unknown [4, 4]
ben.moss.uk+githubpassionforpie@gmail.com PassionForPie
	documentation [2, 2]
jasmine@jhegman.com Jasmine Hegman
	unknown [2, 2]
cwitte@xmlhq.com cwitte4191
	unknown [22, 2]
rhim@users.noreply.github.com Himanshu Raj
	unknown [2, 0]
jamesduncannz@users.noreply.github.com James Duncan
	unknown [2, 2]
ghe@debian.org Ghe Rivero
	unknown [15, 0]
sublimino@gmail.com Andrew Martin
	unknown [2, 2]
ben.spoon@coreos.com Ben Spoon
	unknown [2, 0]
vupornikov@gmail.com Vasily Upornikov
	unknown [2, 2]
xcompass@gmail.com Pan Luo
	unknown [6, 6]
david.calavera@gmail.com David Calavera
	code [100, 0]
wma@thoughtworks.com Wei Ma
	unknown [2, 2]
aneesh.e@imaginea.com Aneesh Kumar
	documentation [0, 1]
shawn.mccarthy3@gmail.com Shawn McCarthy
	unknown [1, 1]
hekra@cisco.com hekra01
	unknown [1, 1]
henry.nash@uk.ibm.com Henry Nash
	unknown [2, 2]
marc.boorshtein@tremolosecurity.com Marc Boorshtein
	unknown [5, 5]
viglesias@google.com Vic Iglesias
	unknown [1, 1]
eugene.chow.ct@gmail.com Eugene Chow
	unknown [2, 2]
alex2789@gmail.com Alexander
aprindle@google.com Aaron Prindle
	unknown [9091, 217]
	devel-doc [121, 13]
	code [74, 0]
	build [8, 34]
mrick@google.com Matt Rickard
	unknown [3105, 2174]
	devel-doc [27, 28]
	code [23, 228]
	build [29, 15]
lorenc.d@gmail.com Dan Lorenc
	unknown [97, 1]
	code [1, 0]
slokas@upmc.edu Steve Sloka
	unknown [500, 255]
dongsu@endocode.com Dongsu Park
	unknown [92, 34]
	build [1, 1]
trishnaguha17@gmail.com trishnaguha
	unknown [6, 0]
mshahat@computer.org Mohamed Shahat
	devel-doc [3, 0]
kirs@users.noreply.github.com Kir Shatrov
	devel-doc [2, 0]
tomvons@gmail.com Tom von Schwerdtner
	unknown [3, 0]
	devel-doc [1, 0]
	build [14, 47]
puja108@gmail.com Puja
	devel-doc [1, 1]
bfallik@gmail.com Brian Fallik
	devel-doc [1, 1]
kjkurtz@gmail.com Kyle Kurtz
	devel-doc [1, 1]
ensonic@google.com Stefan Sauer
	devel-doc [9, 0]
chris@cns.me.uk Chris Nesbitt-Smith
	unknown [1, 1]
m.etmajer@gmail.com Martin Etmajer
	unknown [1, 0]
rlourenc@redhat.com Ricardo Lourenco
	unknown [26, 26]
	devel-doc [168, 0]
dug@us.ibm.com Doug Davis
	unknown [67, 35]
	code [146, 41]
	build [9, 3]
vaikas@google.com Ville Aikas
	unknown [2074, 1805]
krancour@users.noreply.github.com Kent Rancourt
	unknown [494, 42]
	devel-doc [21, 3]
	build [39, 20]
aaron@deis.com Aaron Schlesinger
	unknown [4156, 1385]
	devel-doc [71, 6]
	build [6, 4]
marko.luksa@gmail.com Marko Luksa
	unknown [87, 4]
	build [3, 0]
richardfung@google.com Richard Fung
	unknown [23, 32]
grod@google.com Garrett Rodrigues
	unknown [1811, 364]
	devel-doc [93, 0]
rmmh@google.com Ryan Hitchman
	code [190, 45]
	unknown [178, 40]
	devel-doc [1, 0]
	documentation [61, 0]
	build [7, 7]
wonderfly@users.noreply.github.com Daniel Wang
	unknown [25, 183]
dan.gillespie@coreos.com Dan Gillespie
	unknown [160, 27]
krousey@users.noreply.github.com krousey
krousey@google.com Kris
	unknown [123, 0]
amerai@google.com Michelle Shepardson
	unknown [69, 56]
devel-doc 29482 23173
	ccoleman@redhat.com Clayton Coleman: [363, 40]
	yashulyak@gmail.com Dmitry Shulyak: [26, 23]
	xuchao@google.com Chao Xu: [137, 5527]
	jliggitt@redhat.com Jordan Liggitt: [375, 282]
	stefan.schimanski@gmail.com Dr. Stefan Schimanski: [2246, 2723]
	deads@redhat.com deads2k: [1878, 2512]
	chenr.fnst@cn.fujitsu.com xilabao: [8, 1]
	chiachenk@google.com Janet Kuo: [9, 0]
	sjenning@redhat.com Seth Jennings: [5, 2]
	wojtekt@google.com Wojciech Tyczynski: [153, 23]
	maszulik@redhat.com Maciej Szulik: [37, 6]
	dmcquay@apprenda.com Derek McQuay: [51, 39]
	joe.github@bedafamily.com Joe Beda: [110, 1]
	mengqiy@google.com ymqytw: [3, 1]
	jwhitlock@apache.org Jeremy Whitlock: [36, 0]
	marun@redhat.com Maru Newby: [49, 5]
	agoldste@redhat.com Andy Goldstein: [194, 249]
	eric.chiang.m@gmail.com Eric Chiang: [130, 40]
	decarr@redhat.com Derek Carr: [429, 1]
	nikhiljindal@google.com nikhiljindal: [61, 0]
	21521209@zju.edu.cn jg Chen: [1, 4]
	timothysc@gmail.com Timothy St. Clair: [10, 1]
	lukasz.szaszkiewicz@gmail.com p0lyn0mial: [25, 2]
	lserven@gmail.com Lucas Serven: [43, 0]
	pb@coreos.com Patrick Baxter: [7, 0]
	dhawal55@gmail.com Dhawal Patel: [9, 2]
	hongchaodeng1@gmail.com Hongchao Deng: [1, 1]
	mgoodness@gmail.com Michael Goodness: [289, 60]
	fabian@progra.de Fabian Ruff: [2, 6]
	electroma@gmail.com electroma: [7, 1]
	c-knowles@users.noreply.github.com Chris Knowles: [39, 4]
	adnan@prydoni.us Adnan Abdulhussein: [3, 3]
	javishi@gmail.com Ravi Mehra: [3, 0]
	linki@users.noreply.github.com Martin Linkhorst: [26, 1]
	ultimateboy@gmail.com Matt Tucker: [78, 0]
	sstodola@plytro.com Steve Stodola: [14, 0]
	daniel.tritone@gmail.com Daniel Martins: [2, 1]
	vduda@users.noreply.github.com Vlad: [3, 5]
	mfisher@deis.com Matthew Fisher: [22, 0]
	lachie83@users.noreply.github.com Lachlan Evenson: [104, 0]
	kowens0826@gmail.com Kenneth Owens: [170, 126]
	jainishshah@yahoo.com Jainish Shah: [1, 1]
	faraaz@rationalizeit.us Faraaz Khan: [113, 0]
	enisoc@google.com Anthony Yeh: [368, 181]
	dbsmith@google.com Daniel Smith: [241, 22]
	mmazurskiy@atlassian.com Mikhail Mazurskiy: [2, 2]
	kasper@firemango.dk Kasper Bentsen: [1, 1]
	will@icog.net William Denniss: [22, 0]
	mehdy@google.com Mehdy Bohlool: [24, 2]
	avagarwa@redhat.com Avesh Agarwal: [334, 8]
	zihongz@google.com Zihong Zheng: [122, 78]
	bowei.du@gmail.com Bowei Du: [77, 38]
	mkargaki@redhat.com Michail Kargakis: [21, 6]
	sgordon@redhat.com Stephen Gordon: [48, 11]
	pmorie@redhat.com Paul Morie: [8, 3]
	ihor.dvoretskyi@gmail.com Ihor Dvoretskyi: [70, 8]
	bgrant0607@users.noreply.github.com Brian Grant: [222, 269]
	feiskyer@users.noreply.github.com Pengfei Ni: [325, 1]
	pwittroc+github@google.com Phillip Wittrock: [1, 1]
	jregan@google.com Jeffrey Regan: [1, 1]
	erick@fejta.com Erick Fejta: [55, 1]
	acidburn@google.com Jess Frazelle: [200, 88]
	jaescobar.cell@gmail.com Alejandro Escobar: [25, 9]
	harryz@hyper.sh Harry Zhang: [5, 8]
	haowang@redhat.com Haoran Wang: [7, 3]
	msau@google.com Michelle Au: [10, 2]
	saadali@google.com Saad Ali: [186, 92]
	hekumar@redhat.com Hemant Kumar: [29, 0]
	jpeeler@redhat.com Jeff Peeler: [63, 0]
	jaredbhatti@users.noreply.github.com Jared: [7, 7]
	vishnuk@google.com Vishnu Kannan: [144, 4]
	li.guangxu@zte.com.cn guangxuli: [1, 1]
	chris@openstack.org Chris Hoge: [18, 9]
	thockin@google.com Tim Hockin: [2, 1]
	jsafrane@redhat.com Jan Šafránek: [316, 20]
	development@stp-ip.net Michael Grosser: [2, 2]
	cai.yixiang@zte.com.cn caiyixiang: [5, 4]
	calebamiles@users.noreply.github.com caleb miles: [23, 48]
	tomasz@napierala.org Tomasz Napierala: [1, 1]
	sgoings@engineyard.com Seth Goings: [3, 2]
	k82cn@icloud.com Klaus Ma: [18, 4]
	gyliu513@gmail.com Guangya Liu: [6, 0]
	pszczesniak@google.com Piotr Szczesniak: [6, 0]
	brandon@ifup.org Brandon Philips: [2, 17]
	psiwczak@mirantis.com Piotr Siwczak: [1, 1]
	stclair@google.com Tim St. Clair: [231, 0]
	vmik@google.com Mik Vyatskov: [70, 57]
	mhrivnak@hrivnak.org Michael Hrivnak: [1, 1]
	contact@stephane-klein.info Stéphane Klein: [6, 6]
	jgrafton@google.com Jeff Grafton: [57, 1567]
	galexrt@googlemail.com Alexander Trost: [8, 1]
	runcom@users.noreply.github.com Antonio Murdaca: [3, 0]
	mlvora.2010@gmail.com Malhar Vora: [1, 1]
	fontanalorenz@gmail.com Lorenzo Fontana: [1, 1]
	xlgao@zju.edu.cn Xianglin Gao: [22, 0]
	dromlein@apprenda.com Dan Romlein: [38, 5]
	shivania@vmware.com Abrar Shivani: [106, 57]
	hchen@redhat.com Huamin Chen: [41, 2]
	clove@cnmconsulting.net chrislovecnm: [50, 20]
	nelcyguy@gmail.com Chakravarthy Nelluri: [23, 4]
	837829664@qq.com timchenxiaoyu: [4, 4]
	bdontu@vmware.com Balu Dontu: [36, 2]
	joh.scheuer@gmail.com Johannes Scheuermann: [2, 2]
	shyamjvs@google.com Shyam JVS: [31, 0]
	tiwari.nitish@gmail.com Nitish: [930, 148]
	rahn.jonathan@gmail.com Jonathan Rahn: [8, 8]
	hchiramm@redhat.com Humble Chirammal: [20, 14]
	cole.mickens@gmail.com Cole Mickens: [48, 3]
	justin@fathomdb.com Justin Santa Barbara: [7, 139]
	yerken.tussupbekov@zalando.de ideahitme: [53, 1]
	difazio.raffaele@gmail.com Raffaele Di Fazio: [13, 0]
	henning@jacobs1.de Henning Jacobs: [37, 4]
	sarah.novotny@gmail.com sarahnovotny: [404, 0]
	mawong@redhat.com Matthew Wong: [492, 199]
	dlorenc@google.com dlorenc: [7, 1]
	humble.devassy@gmail.com Humble Devassy Chirammal: [2, 2]
	grodrigues3@users.noreply.github.com grodrigues3: [2, 2]
	sross@redhat.com Solly Ross: [2962, 3]
	senlu@google.com Sen Lu: [50, 7]
	andy.xning@gmail.com Andy Xie: [6, 6]
	aleksandram@google.com Aleksandra Malinowska: [38, 0]
	lucas.kaldstrom@hotmail.co.uk Lucas Käldström: [356, 221]
	technosophos@gmail.com Matt Butcher: [12, 35]
	michelle@deis.com Michelle Noorali: [1, 0]
	joseph.zhoutao@huawei.com Tao Zhou: [1, 1]
	adamreese@users.noreply.github.com Adam Reese: [3, 3]
	justin.a.scott@intel.com Justin Scott: [18, 0]
	wilkers.steve@gmail.com wilkers-steve: [31, 0]
	gergo.huszty@nokia.com Gergo Huszty: [1, 1]
	matt@mattfarina.com Matt Farina: [4, 0]
	gianrubio@gmail.com Giancarlo Rubio: [8, 3]
	ricardo.katz@serpro.gov.br Ricardo Pchevuzinske Katz: [221, 58]
	csbell@google.com Christian Bell: [1, 0]
	aledbf@gmail.com Manuel Alejandro de Brito Fontes: [205, 6]
	marcin@owsiany.pl Marcin Owsiany: [1, 1]
	jo@umask.net Jo Geraerts: [1, 1]
	chen.tao3@zte.com.cn chentao1596: [41, 1]
	beeps@google.com Prashanth B: [565, 9]
	arnd.hannemann@credativ.de Arnd Hannemann: [1, 1]
	jcmoraisjr@gmail.com Joao Morais: [406, 139]
	mmosesohn@mirantis.com Matthew Mosesohn: [2, 2]
	sgolovatiuk@mirantis.com Sergii Golovatiuk: [5, 5]
	brad.beam@b-rad.info Brad Beam: [48, 27]
	hvn@familug.org Hung Nguyen Viet: [5, 4]
	deathbeforedishes@gmail.com Josh Conant: [14, 0]
	surajnarwade353@gmail.com Suraj Narwade: [11, 0]
	charlie@charliedrage.com Charlie Drage: [66, 27]
	kris@nivenly.com Kris Nova: [31, 49]
	geojaz@users.noreply.github.com Eric Hole: [11, 4]
	mtaufen@google.com Michael Taufen: [34, 34]
	ydradcliffe@gmail.com yissachar: [1, 1]
	zytek@nuxi.pl Jakub Paweł Głazik: [1, 1]
	ashley.penney@maxwellhealth.com Ashley Penney: [1, 1]
	j@kingori.co King'ori Maina: [64, 0]
	ykuoka@gmail.com Yusuke Kuoka: [16, 70]
	andreas.kohn@gmail.com Andreas Kohn: [1, 1]
	fbranczyk@gmail.com Frederic Branczyk: [32, 0]
	jacobsimpson@google.com Jacob Simpson: [81, 0]
	gmarek@google.com gmarek: [21, 0]
	shiywang@redhat.com Shiyang Wang: [4, 0]
	jamie.hannaford@rackspace.com Jamie Hannaford: [6, 0]
	dvorak@google.com Jonathan MacMillan: [7, 0]
	shashidhara.td@huawei.com shashidharatd: [18, 1]
	spxtr@google.com Joe Finney: [142, 49]
	ouyang.qinhua@zte.com.cn bruceauyeung: [6, 1]
	yuquan.ren@easystack.cn NickrenREN: [84, 0]
	miaol@vmware.com Miao Luo: [3, 36]
	xingzhou@cn.ibm.com Xing Zhou: [6, 0]
	jcope@redhat.com Jon Cope: [1, 0]
	divyenp@vmware.com divyenpatel: [12, 5]
	admin@toph.ca Christoph Blecker: [3, 1]
	bburns@google.com Brendan Burns: [4, 2]
	mikedanese@google.com Mike Danese: [18, 5]
	tan.shanshan@zte.com.cn tanshanshan: [5, 2]
	irfan.rehman@huawei.com Irfan Ur Rehman: [11, 0]
	madhusudancs@google.com Madhusudan.C.S: [13, 11]
	nicksardo@google.com Nick Sardo: [3, 2]
	taotaotheripper@gmail.com Random-Liu: [61, 30]
	yjhong@google.com Yu-Ju Hong: [6, 1]
	apelisse@gmail.com Antoine Pelisse: [1, 103]
	matthias.bertschy@gmail.com Matthias Bertschy: [26, 0]
	jiangtianli@hotmail.com Jiangtian Li: [47, 0]
	anhowe@microsoft.com Anthony Howe: [1, 5]
	bsalamat@google.com Bobby Salamat: [7, 0]
	steve@heptio.com Steve Kriss: [3, 0]
	dashpole@google.com David Ashpole: [151, 44]
	mixia@google.com Minhan Xia: [35, 0]
	wangzefeng@huawei.com Kevin: [49, 0]
	lukaszoles@gmail.com Łukasz Oleś: [61, 3]
	michael.fraenkel@gmail.com Michael Fraenkel: [16, 1]
	beacham@google.com Jacob Beacham: [105, 0]
	jinxu@google.com Jing Xu: [1, 1]
	gus@inodes.org Angus Lees: [9567, 7179]
	jsz@google.com Jerzy Szczepkowski: [8, 7]
	jay@apache.org jayunit100: [12, 1]
	fabiand@fedoraproject.org Fabian Deutsch: [1, 0]
	kstepniewski@vmware.com Karol Stepniewski: [2, 0]
	stephen.kriss@gmail.com Stephen Kriss: [1, 0]
	andrew@andrewrynhard.com Andrew Rynhard: [8, 0]
	jianhui.zhou@huawei.com jianhuiz: [2, 0]
	luca.bruno@coreos.com Luca Bruno: [1, 1]
	theofilos@ieee.org Theofilos Papapanagiotou: [2, 1]
	ian@ianberinger.com Ian Beringer: [6, 0]
	jorge@ubuntu.com Jorge O. Castro: [10, 6]
	aprindle@google.com Aaron Prindle: [121, 13]
	mrick@google.com Matt Rickard: [27, 28]
	mshahat@computer.org Mohamed Shahat: [3, 0]
	kirs@users.noreply.github.com Kir Shatrov: [2, 0]
	tomvons@gmail.com Tom von Schwerdtner: [1, 0]
	puja108@gmail.com Puja: [1, 1]
	bfallik@gmail.com Brian Fallik: [1, 1]
	kjkurtz@gmail.com Kyle Kurtz: [1, 1]
	ensonic@google.com Stefan Sauer: [9, 0]
	rlourenc@redhat.com Ricardo Lourenco: [168, 0]
	krancour@users.noreply.github.com Kent Rancourt: [21, 3]
	aaron@deis.com Aaron Schlesinger: [71, 6]
	grod@google.com Garrett Rodrigues: [93, 0]
	rmmh@google.com Ryan Hitchman: [1, 0]
code 11874 26704
	ccoleman@redhat.com Clayton Coleman: [4, 4]
	xuchao@google.com Chao Xu: [98, 2090]
	jliggitt@redhat.com Jordan Liggitt: [176, 13]
	stefan.schimanski@gmail.com Dr. Stefan Schimanski: [254, 264]
	deads@redhat.com deads2k: [1600, 289]
	chenr.fnst@cn.fujitsu.com xilabao: [63, 23]
	wojtekt@google.com Wojciech Tyczynski: [56, 39]
	dmcquay@apprenda.com Derek McQuay: [1, 1]
	mengqiy@google.com ymqytw: [136, 26]
	mbauer@us.ibm.com Morgan Bauer: [118, 1]
	jwhitlock@apache.org Jeremy Whitlock: [214, 0]
	marun@redhat.com Maru Newby: [18, 26]
	agoldste@redhat.com Andy Goldstein: [32, 13]
	eric.chiang.m@gmail.com Eric Chiang: [37, 81]
	decarr@redhat.com Derek Carr: [445, 7]
	nikhiljindal@google.com nikhiljindal: [101, 24]
	21521209@zju.edu.cn jg Chen: [41, 0]
	rrati@redhat.com Robert Rati: [8, 3]
	lukasz.szaszkiewicz@gmail.com p0lyn0mial: [11, 0]
	maciekpytel@google.com Maciej Pytel: [66, 0]
	lserven@gmail.com Lucas Serven: [1, 1]
	pb@coreos.com Patrick Baxter: [7, 5]
	aaronjlevy@gmail.com Aaron Levy: [2, 2]
	mgoodness@gmail.com Michael Goodness: [17, 15]
	enisoc@google.com Anthony Yeh: [1, 0]
	mehdy@google.com Mehdy Bohlool: [307, 57]
	dims@linux.vnet.ibm.com Davanum Srinivas: [336, 164]
	avagarwa@redhat.com Avesh Agarwal: [3, 1]
	jchaloup@redhat.com Jan Chaloupka: [130, 21]
	zihongz@google.com Zihong Zheng: [45, 36]
	bowei.du@gmail.com Bowei Du: [319, 43]
	pmorie@redhat.com Paul Morie: [3, 3]
	feiskyer@users.noreply.github.com Pengfei Ni: [593, 0]
	pwittroc+github@google.com Phillip Wittrock: [13, 13]
	erick@fejta.com Erick Fejta: [237, 142]
	acidburn@google.com Jess Frazelle: [5, 4]
	jaescobar.cell@gmail.com Alejandro Escobar: [7, 2]
	harryz@hyper.sh Harry Zhang: [3, 1]
	vishnuk@google.com Vishnu Kannan: [3, 1]
	spiffxp@gmail.com Aaron Crickenberger: [0, 1]
	jsafrane@redhat.com Jan Šafránek: [25, 2]
	k82cn@icloud.com Klaus Ma: [1, 1]
	guillaume@monzo.com Guillaume Breton: [10, 10]
	stclair@google.com Tim St. Clair: [209, 13]
	vmik@google.com Mik Vyatskov: [50, 74]
	jgrafton@google.com Jeff Grafton: [111, 230]
	galexrt@googlemail.com Alexander Trost: [224, 0]
	runcom@users.noreply.github.com Antonio Murdaca: [12, 1]
	s.florek91@gmail.com Sebastian Florek: [854, 55]
	maciaszczykm@users.noreply.github.com Marcin Maciaszczyk: [84, 12]
	rob@rob-franken.nl Rob Franken: [11, 2]
	clove@cnmconsulting.net chrislovecnm: [16, 6]
	837829664@qq.com timchenxiaoyu: [4, 4]
	shyamjvs@google.com Shyam JVS: [128, 172]
	justin@fathomdb.com Justin Santa Barbara: [42, 9]
	yerken.tussupbekov@zalando.de ideahitme: [588, 392]
	mawong@redhat.com Matthew Wong: [427, 2]
	sross@redhat.com Solly Ross: [35, 2]
	senlu@google.com Sen Lu: [1222, 7814]
	andy.xning@gmail.com Andy Xie: [1, 1]
	aleksandram@google.com Aleksandra Malinowska: [14, 4]
	lucas.kaldstrom@hotmail.co.uk Lucas Käldström: [0, 2]
	ladiclexxx@gmail.com Ladicle: [1, 1]
	gianrubio@gmail.com Giancarlo Rubio: [1, 1]
	aledbf@gmail.com Manuel Alejandro de Brito Fontes: [2, 2]
	mmosesohn@mirantis.com Matthew Mosesohn: [0, 6]
	antoine.legrand@coreos.com Antoine Legrand: [22, 0]
	sgolovatiuk@mirantis.com Sergii Golovatiuk: [6, 6]
	surajnarwade353@gmail.com Suraj Narwade: [16, 6]
	charlie@charliedrage.com Charlie Drage: [16, 5]
	kris@nivenly.com Kris Nova: [62, 1]
	mtaufen@google.com Michael Taufen: [2, 2]
	ashley.penney@maxwellhealth.com Ashley Penney: [1, 0]
	jacobsimpson@google.com Jacob Simpson: [12, 1]
	gmarek@google.com gmarek: [3, 3]
	jamie.hannaford@rackspace.com Jamie Hannaford: [1, 1]
	dvorak@google.com Jonathan MacMillan: [3, 1]
	shashidhara.td@huawei.com shashidharatd: [68, 201]
	spxtr@google.com Joe Finney: [136, 18]
	xingzhou@cn.ibm.com Xing Zhou: [17, 0]
	kmter@live.com shawyeok: [237, 62]
	admin@toph.ca Christoph Blecker: [1, 1]
	bburns@google.com Brendan Burns: [86, 0]
	mikedanese@google.com Mike Danese: [23, 1580]
	tan.shanshan@zte.com.cn tanshanshan: [0, 1]
	irfan.rehman@huawei.com Irfan Ur Rehman: [2, 1]
	madhusudancs@google.com Madhusudan.C.S: [354, 179]
	taotaotheripper@gmail.com Random-Liu: [7, 4]
	yjhong@google.com Yu-Ju Hong: [15, 65]
	zhao.xiangpeng@zte.com.cn xiangpengzhao: [79, 9194]
	apelisse@gmail.com Antoine Pelisse: [102, 0]
	zml@google.com Zach Loafman: [127, 2724]
	george.kraft@canonical.com George Kraft: [96, 50]
	wangzefeng@huawei.com Kevin: [13, 13]
	wfender@google.com Walter Fender: [8, 0]
	beacham@google.com Jacob Beacham: [18, 7]
	chuck@dasroot.net Charles Butler: [73, 15]
	dawnchen@google.com Dawn Chen: [6, 6]
	jsz@google.com Jerzy Szczepkowski: [14, 0]
	mbruzek@gmail.com Matt Bruzek: [6, 3]
	ramanathana@google.com foxish: [15, 2]
	berrange@redhat.com Daniel P. Berrange: [2, 2]
	marklam@google.com mlambert890b: [108, 2]
	david.calavera@gmail.com David Calavera: [100, 0]
	aprindle@google.com Aaron Prindle: [74, 0]
	mrick@google.com Matt Rickard: [23, 228]
	lorenc.d@gmail.com Dan Lorenc: [1, 0]
	dug@us.ibm.com Doug Davis: [146, 41]
	rmmh@google.com Ryan Hitchman: [190, 45]
package 0 0
	gergo.huszty@nokia.com Gergo Huszty: [0, 0]
unknown 424498 451385
	ccoleman@redhat.com Clayton Coleman: [4003, 1875]
	vsemushi@redhat.com Slava Semushin: [10, 21]
	yashulyak@gmail.com Dmitry Shulyak: [242, 161]
	xuchao@google.com Chao Xu: [68435, 287782]
	jliggitt@redhat.com Jordan Liggitt: [9746, 5337]
	stefan.schimanski@gmail.com Dr. Stefan Schimanski: [42170, 30377]
	deads@redhat.com deads2k: [57134, 11150]
	chenr.fnst@cn.fujitsu.com xilabao: [768, 165]
	chiachenk@google.com Janet Kuo: [794, 180]
	sjenning@redhat.com Seth Jennings: [574, 464]
	wojtekt@google.com Wojciech Tyczynski: [4396, 1700]
	maszulik@redhat.com Maciej Szulik: [13714, 15978]
	dmcquay@apprenda.com Derek McQuay: [1099, 336]
	joe.github@bedafamily.com Joe Beda: [1167, 55]
	mengqiy@google.com ymqytw: [2856, 571]
	mbauer@us.ibm.com Morgan Bauer: [6558, 3742]
	jwhitlock@apache.org Jeremy Whitlock: [1642, 0]
	marun@redhat.com Maru Newby: [661, 375]
	a10gupta@linux.vnet.ibm.com Abhishek Dasgupta: [158, 152]
	caosf.fnst@cn.fujitsu.com Cao Shufeng: [43, 16]
	agoldste@redhat.com Andy Goldstein: [4112, 6067]
	lin.youchong@zte.com.cn linyouchong: [4, 4]
	dominik.schulz@gauner.org Dominik Schulz: [94, 2]
	eric.chiang.m@gmail.com Eric Chiang: [648, 463]
	decarr@redhat.com Derek Carr: [2420, 522]
	nikhiljindal@google.com nikhiljindal: [772, 260]
	21521209@zju.edu.cn jg Chen: [375, 297]
	timothysc@gmail.com Timothy St. Clair: [236, 168]
	rrati@redhat.com Robert Rati: [2186, 9]
	chenjg@harmonycloud.cn fate-grand-order: [25, 25]
	lukasz.szaszkiewicz@gmail.com p0lyn0mial: [570, 42]
	maciekpytel@google.com Maciej Pytel: [852, 8]
	mwielgus@google.com Marcin Wielgus: [1038, 64]
	me@philkates.com Phil Kates: [8, 2]
	lserven@gmail.com Lucas Serven: [896, 240]
	pb@coreos.com Patrick Baxter: [110, 110]
	dhawal55@gmail.com Dhawal Patel: [78, 6]
	aaronjlevy@gmail.com Aaron Levy: [25, 19]
	dghubble@gmail.com Dalton Hubble: [344, 67]
	hongchaodeng1@gmail.com Hongchao Deng: [21, 19]
	yifan.gu@coreos.com Yifan Gu: [17, 2]
	me@quentin-machu.fr Quentin Machu: [97, 52]
	adieu@adieu.me adieu: [3, 0]
	bzub@users.noreply.github.com bzub: [3, 3]
	scottrigby@users.noreply.github.com Scott Rigby: [73, 73]
	mgoodness@gmail.com Michael Goodness: [1136, 130]
	fabian@progra.de Fabian Ruff: [2, 7]
	ivanov.maxim@gmail.com Maxim Ivanov: [43, 23]
	davidbhlm@gmail.com davidbhlm-github: [2, 2]
	migmartri@gmail.com Miguel Ángel Martínez Triviño: [74, 40]
	electroma@gmail.com electroma: [200, 15]
	c-knowles@users.noreply.github.com Chris Knowles: [40, 4]
	jack.zampolin@gmail.com Jack Zampolin: [8, 6]
	adnan@prydoni.us Adnan Abdulhussein: [49, 42]
	javishi@gmail.com Ravi Mehra: [3, 16]
	linki@users.noreply.github.com Martin Linkhorst: [1163, 86]
	dmonakhov@gmail.com Dmitry Monakhov: [3, 3]
	ultimateboy@gmail.com Matt Tucker: [238, 0]
	git@amanda.darkdna.net Amanda Cameron: [9, 9]
	david.mountney@twkie.net DJ Mountney: [4, 4]
	sstodola@plytro.com Steve Stodola: [6, 2]
	juan_ariza_cordoba@hotmail.com Juan Ariza Toledano: [4, 4]
	daniel.tritone@gmail.com Daniel Martins: [14, 7]
	mfisher@deis.com Matthew Fisher: [182, 34]
	kabakaev@gmail.com kabakaev: [2, 2]
	lachie83@users.noreply.github.com Lachlan Evenson: [132, 1]
	kowens0826@gmail.com Kenneth Owens: [4854, 2968]
	laurent.crisci@gmail.com Laurent Crisci: [4, 1]
	riokierkels@gmail.com Rio Kierkels: [5, 5]
	jainishshah@yahoo.com Jainish Shah: [3, 3]
	faraaz@rationalizeit.us Faraaz Khan: [193, 0]
	andresbonojimenez@gmail.com Andrés Bono: [5, 5]
	enisoc@google.com Anthony Yeh: [3549, 1713]
	wei.chuanhui1@zte.com.cn StudyNick: [7, 4]
	jeffml@google.com Jeff Lowdermilk: [396, 144]
	dbsmith@google.com Daniel Smith: [19, 13]
	mmazurskiy@atlassian.com Mikhail Mazurskiy: [29, 8]
	mehdy@google.com Mehdy Bohlool: [1176, 327]
	dims@linux.vnet.ibm.com Davanum Srinivas: [60, 56]
	dhodovsk@redhat.com Dominika Hodovska: [601, 256]
	avagarwa@redhat.com Avesh Agarwal: [1947, 1097]
	jchaloup@redhat.com Jan Chaloupka: [136, 41]
	zihongz@google.com Zihong Zheng: [335, 194]
	bowei.du@gmail.com Bowei Du: [2196, 858]
	mkargaki@redhat.com Michail Kargakis: [1161, 412]
	danw@concur.com Wilson, Dan: [81, 0]
	sgordon@redhat.com Stephen Gordon: [3, 3]
	pmorie@redhat.com Paul Morie: [7514, 5487]
	ihor.dvoretskyi@gmail.com Ihor Dvoretskyi: [17, 9]
	bgrant0607@users.noreply.github.com Brian Grant: [248, 88]
	wlan0@users.noreply.github.com Sidhartha Mani: [168, 0]
	feiskyer@users.noreply.github.com Pengfei Ni: [290, 19]
	pwittroc+github@google.com Phillip Wittrock: [339, 392]
	jregan@google.com Jeffrey Regan: [453, 408]
	erick@fejta.com Erick Fejta: [1632, 663]
	acidburn@google.com Jess Frazelle: [2125, 62]
	jaescobar.cell@gmail.com Alejandro Escobar: [164, 108]
	jmyue@hotmail.com supereagle: [19, 19]
	harryz@hyper.sh Harry Zhang: [657, 351]
	haowang@redhat.com Haoran Wang: [116, 96]
	msau@google.com Michelle Au: [810, 476]
	saadali@google.com Saad Ali: [2, 1]
	hekumar@redhat.com Hemant Kumar: [1083, 202]
	dma@redhat.com mdshuai: [4, 4]
	jpeeler@redhat.com Jeff Peeler: [1072, 21]
	jaredbhatti@users.noreply.github.com Jared: [11, 5]
	vishh@users.noreply.github.com Vish Kannan: [5, 2]
	vishnuk@google.com Vishnu Kannan: [2979, 1125]
	thockin@google.com Tim Hockin: [1397, 386]
	spiffxp@gmail.com Aaron Crickenberger: [45, 13]
	tonyli.lives@gmail.com Tony Li: [32, 26]
	jsafrane@redhat.com Jan Šafránek: [3016, 225]
	shaynewang@users.noreply.github.com Shayne Wang: [2, 2]
	development@stp-ip.net Michael Grosser: [3, 1]
	cai.yixiang@zte.com.cn caiyixiang: [19, 16]
	calebamiles@users.noreply.github.com caleb miles: [1316, 1265]
	spzala@us.ibm.com Sahdev P. Zala: [2, 3]
	iain@humblyarrogant.io Iain Cambridge: [2, 2]
	etune@google.com Eric Tune: [3, 3]
	michal@kinvolk.io Michal Rostecki: [236, 155]
	k82cn@icloud.com Klaus Ma: [326, 57]
	gyliu513@gmail.com Guangya Liu: [424, 41]
	github@lvlv.email Lv Lv: [11, 3]
	pszczesniak@google.com Piotr Szczesniak: [749, 2]
	brandon@ifup.org Brandon Philips: [6, 6]
	mml@users.noreply.github.com Matt Liggett: [633, 7]
	cmluciano@us.ibm.com Christopher M. Luciano: [168, 6]
	guillaume@monzo.com Guillaume Breton: [4, 4]
	stclair@google.com Tim St. Clair: [110, 42]
	mrbryanbecker@gmail.com Bryan Becker: [8, 4]
	vmik@google.com Mik Vyatskov: [1691, 593]
	psyacca@gmail.com Daniele Santoro: [3, 3]
	jgrafton@google.com Jeff Grafton: [598, 14934]
	galexrt@googlemail.com Alexander Trost: [293, 22]
	jbrooks@redhat.com Jason Brooks: [4, 4]
	li.xialong@zte.com.cn Peter Lee: [15, 3]
	jacek.lakis@intel.com Jacek J. Łakis: [547, 18]
	sameo@linux.intel.com Samuel Ortiz: [116, 52]
	runcom@users.noreply.github.com Antonio Murdaca: [87, 12]
	mrunal@me.com Mrunal Patel: [5, 2]
	dwalsh@redhat.com Daniel J Walsh: [9, 9]
	andrewpilloud@igneoussystems.com Andrew Pilloud: [59, 49]
	jawnsy@redhat.com Jonathan Yu: [3, 0]
	nalin@redhat.com Nalin Dahyabhai: [3, 9]
	michal.zylowski@intel.com Michał Żyłowski: [255, 296]
	xlgao@zju.edu.cn Xianglin Gao: [867, 1]
	s.florek91@gmail.com Sebastian Florek: [1587, 885]
	maciaszczykm@users.noreply.github.com Marcin Maciaszczyk: [641, 410]
	jsloyer@gmail.com Jeff Sloyer: [1, 0]
	ianlewis@google.com Ian Lewis: [151, 0]
	dromlein@apprenda.com Dan Romlein: [5, 12]
	wang.xiaoren@zte.com.cn wefine: [14, 9]
	shivania@vmware.com Abrar Shivani: [170, 23]
	sbekkhus91@gmail.com Simen Bekkhus: [3, 4]
	hchen@redhat.com Huamin Chen: [413, 43]
	stephenhsu90@gmail.com Di Xu: [3, 3]
	clove@cnmconsulting.net chrislovecnm: [1148, 1251]
	nelcyguy@gmail.com Chakravarthy Nelluri: [2109, 901]
	837829664@qq.com timchenxiaoyu: [8, 8]
	bdontu@vmware.com Balu Dontu: [112, 73]
	joh.scheuer@gmail.com Johannes Scheuermann: [2, 4]
	nitisht@users.noreply.github.com Nitish Tiwari: [2, 0]
	shyamjvs@google.com Shyam JVS: [592, 250]
	alexdwanerobinson@gmail.com Alex Robinson: [8, 30]
	tiwari.nitish@gmail.com Nitish: [278, 0]
	hchiramm@redhat.com Humble Chirammal: [175, 104]
	cole.mickens@gmail.com Cole Mickens: [104, 35]
	justin@fathomdb.com Justin Santa Barbara: [12969, 3648]
	iterion@gmail.com Adam Sunderland: [14, 4]
	yerken.tussupbekov@zalando.de ideahitme: [521, 155]
	mawong@redhat.com Matthew Wong: [1990, 1309]
	dlorenc@google.com dlorenc: [264, 32]
	pramod@us.ibm.com Nagapramod Mandagere: [42, 26]
	grodrigues3@users.noreply.github.com grodrigues3: [0, 2]
	zengzengyao@harmonycloud.cn YaoZengzeng: [105, 191]
	crazykev@zju.edu.cn Crazykev: [43, 36]
	sjernigan@reverbnation.com Steve Jernigan: [6, 2]
	j2@dronedeploy.com astropuffin: [57, 2]
	corbin.math@gmail.com mcorbin: [322, 131]
	evan.pease@gmail.com Evan Pease: [32, 19]
	pu.junqi@zte.com.cn 10138035: [10, 25]
	vjdhama26@gmail.com Vijay Dhama: [1, 1]
	sross@redhat.com Solly Ross: [13844, 323]
	senlu@google.com Sen Lu: [2586, 548]
	stresler@users.noreply.github.com stresler: [2, 2]
	andy.xning@gmail.com Andy Xie: [274, 83]
	sam.jeyam@gmail.com samjeyam: [1, 1]
	theairkit@gmail.com theairkit: [1, 1]
	jorge.arcoma@gmail.com Jorge Arco: [14, 14]
	vladimir@rutsky.org Vladimir Rutsky: [44, 16]
	jonas.falck@gmail.com Jonas Falck: [2, 0]
	aleksandram@google.com Aleksandra Malinowska: [187, 64]
	lucas.kaldstrom@hotmail.co.uk Lucas Käldström: [2737, 2636]
	ja.lauricella@gmail.com neith00: [1, 1]
	morten@mediaflex.dk Morten Rasmussen: [6, 2]
	technosophos@gmail.com Matt Butcher: [882, 39]
	taylor.l.thomas@intel.com Taylor Thomas: [256, 241]
	lkysow@gmail.com Luke Kysow: [1, 1]
	michelle@deis.com Michelle Noorali: [985, 406]
	ladiclexxx@gmail.com Ladicle: [4, 0]
	joseph.zhoutao@huawei.com Tao Zhou: [9, 6]
	vt.guthrie@gmail.com Kyle Guthrie: [1, 0]
	qin.wang@intel.com Qin Wang: [157, 12]
	adamreese@users.noreply.github.com Adam Reese: [214, 150]
	hi@ahawkins.me Adam Hawkins: [66, 0]
	qiujian@cn.ibm.com Jian Qiu: [9, 2]
	yuvipanda@gmail.com YuviPanda: [81, 1]
	jose.g.aguirre@intel.com Jose Aguirre: [1, 0]
	vaughn@deis.com Vaughn Dice: [673, 371]
	justin.a.scott@intel.com Justin Scott: [954, 108]
	wilkers.steve@gmail.com wilkers-steve: [96, 0]
	seanknox@users.noreply.github.com Sean Knox: [1, 0]
	gergo.huszty@nokia.com Gergo Huszty: [5, 5]
	larry.rensing@gmail.com Larry Rensing: [136, 38]
	gianrubio@gmail.com Giancarlo Rubio: [757, 152]
	ricardo.katz@serpro.gov.br Ricardo Pchevuzinske Katz: [864, 288]
	csbell@google.com Christian Bell: [479, 201]
	aledbf@gmail.com Manuel Alejandro de Brito Fontes: [652, 280]
	qsj.daniel@gmail.com shijunqian: [7, 1]
	marcin@owsiany.pl Marcin Owsiany: [21, 14]
	chen.tao3@zte.com.cn chentao1596: [706, 28]
	at28997146@163.com Tang Le: [25, 22]
	beeps@google.com Prashanth B: [377, 31]
	kraig.amador@ticketmaster.com Kraig Amador: [9, 0]
	andrew.stuart2@gmail.com Andrew Stuart: [12, 2]
	joshrosso@gmail.com joshrosso: [1, 1]
	jcmoraisjr@gmail.com Joao Morais: [87, 9]
	leszek@charkiewicz.net Leszek Charkiewicz: [1, 1]
	vincent.schwarzer@yahoo.de Vincent Schwarzer: [61, 9]
	mmosesohn@mirantis.com Matthew Mosesohn: [660, 559]
	vijkatam@cisco.com Vijay Katam: [107, 15]
	apanchenko@mirantis.com Artem Panchenko: [11, 0]
	john@dewey.ws John Dewey: [18, 12]
	antoine.legrand@coreos.com Antoine Legrand: [404, 342]
	sgolovatiuk@mirantis.com Sergii Golovatiuk: [181, 57]
	brad.beam@b-rad.info Brad Beam: [93, 90]
	bogdando@mail.ru Bogdan Dobrelya: [8, 8]
	roverrr@gmail.com Kopylov German: [2, 2]
	ishvedunov@mirantis.com Ivan Shvedunov: [3, 3]
	hvn@familug.org Hung Nguyen Viet: [12, 11]
	abelopez@cisco.com Abel Lopez: [7, 1]
	andrew.greenwood@autodata.net Andrew Greenwood: [293, 111]
	galthaus@austin.rr.com Greg Althaus: [20, 3]
	code0x9@gmail.com Mark Lee: [24, 10]
	idcrook@users.noreply.github.com David Crook: [0, 1]
	deathbeforedishes@gmail.com Josh Conant: [1373, 699]
	ablock84@gmail.com Alexander Block: [55, 7]
	surajnarwade353@gmail.com Suraj Narwade: [358, 5]
	shubham@linux.com Shubham Minglani: [288, 164]
	charlie@charliedrage.com Charlie Drage: [801, 441]
	tomas.kral@gmail.com Tomas Kral: [35, 27]
	abhishek@linux.com Abhishek: [136, 41]
	surajssd009005@gmail.com Suraj Deshmukh: [83, 61]
	robin@trinimbus.com Robin Percy: [273, 28]
	andrew@wattpad.com andrewsykim: [1584, 131]
	kris@nivenly.com Kris Nova: [308, 114]
	geojaz@users.noreply.github.com Eric Hole: [47, 0]
	foxylion@users.noreply.github.com Jakob Jarosch: [1, 1]
	mtaufen@google.com Michael Taufen: [547, 491]
	4d.69.68.6f.6b@gmail.com Matthew Mihok: [1061, 14]
	ydradcliffe@gmail.com yissachar: [79, 14]
	spollack@beenverified.com Seth Pollack: [267, 76]
	zytek@nuxi.pl Jakub Paweł Głazik: [111, 90]
	johannes.wuerbach@googlemail.com Johannes Würbach: [5, 1]
	bjboreham@gmail.com Bryan Boreham: [21, 8]
	ashley.penney@maxwellhealth.com Ashley Penney: [11, 1]
	matt@mzsanford.com Matt Sanford: [51, 0]
	j@kingori.co King'ori Maina: [172, 57]
	zacblazic@gmail.com Zac Blazic: [40, 8]
	snobym@cisco.com Matt Snoby: [41, 0]
	andrewmoorewatson@gmail.com Andrew Watson: [7, 2]
	heschlie@gmail.com Stephen Schlie: [1132, 16]
	shanestarcher@gmail.com Shane Starcher: [113, 9]
	kamilhristov@gmail.com Kamil Hristov: [3, 4]
	ranma.go@gmail.com ikropotov: [1, 1]
	crigor@gmail.com Christopher Rigor: [2, 2]
	eamontaaffe@gmail.com Eamon Taaffe: [3, 3]
	yissachar.radcliffe@caseware.com Yissachar Radcliffe: [26, 0]
	ykuoka@gmail.com Yusuke Kuoka: [7219, 4142]
	jhollinshead@hotels.com Joseph Hollinshead: [282, 2]
	patrik@votocek.cz Patrik Votocek: [165, 1]
	msanterre@users.noreply.github.com Maxime Santerre: [1, 1]
	andreas.kohn@gmail.com Andreas Kohn: [21, 19]
	oliver@soell.net Oliver Soell: [50, 2]
	fabian.selles@schibsted.com Fabian Selles Rosa: [108, 19]
	ole.skudsvik@gmail.com Ole Fredrik Skudsvik: [80, 11]
	pwillie@users.noreply.github.com pwillie: [33, 10]
	me@cheungpat.com Kwok-kuen Cheung: [6, 6]
	jeremydeininger@gmail.com Jeremy Deininger: [7, 0]
	fbranczyk@gmail.com Frederic Branczyk: [515, 136]
	pjpires@gmail.com Paulo Pires: [30, 8]
	jacobsimpson@google.com Jacob Simpson: [1820, 60]
	gmarek@google.com gmarek: [3312, 353]
	shiywang@redhat.com Shiyang Wang: [1784, 73]
	jamie.hannaford@rackspace.com Jamie Hannaford: [561, 344]
	dvorak@google.com Jonathan MacMillan: [1384, 387]
	aanm90@gmail.com André Martins: [34, 3]
	shashidhara.td@huawei.com shashidharatd: [1738, 327]
	spxtr@google.com Joe Finney: [1647, 1340]
	ouyang.qinhua@zte.com.cn bruceauyeung: [607, 235]
	dhilip.kumar.s@huawei.com dhilipkumars: [470, 76]
	yuquan.ren@easystack.cn NickrenREN: [765, 268]
	marco@ceppi.net Marco Ceppi: [48, 4]
	jvance@redhat.com Jeff Vance: [215, 98]
	miaol@vmware.com Miao Luo: [155, 300]
	xingzhou@cn.ibm.com Xing Zhou: [610, 60]
	jcope@redhat.com Jon Cope: [338, 232]
	fgimenez@coit.es Federico Gimenez: [184, 0]
	ali.scott@gmail.com Alistair Scott: [3, 3]
	mkumatag@in.ibm.com Manjunath A Kumatagi: [2, 2]
	dima.shmakov87@gmail.com Dmitry1987: [68, 45]
	kmter@live.com shawyeok: [1, 0]
	divyenp@vmware.com divyenpatel: [716, 182]
	admin@toph.ca Christoph Blecker: [36, 42]
	bburns@google.com Brendan Burns: [1312, 83]
	mikedanese@google.com Mike Danese: [155, 559]
	tan.shanshan@zte.com.cn tanshanshan: [127, 14]
	irfan.rehman@huawei.com Irfan Ur Rehman: [981, 301]
	connor.p.doyle@intel.com Connor Doyle: [132, 37]
	jvallejo@redhat.com juanvallejo: [7797, 2]
	madhusudancs@google.com Madhusudan.C.S: [339, 116]
	nicksardo@google.com Nick Sardo: [406, 281]
	taotaotheripper@gmail.com Random-Liu: [1398, 969]
	yjhong@google.com Yu-Ju Hong: [939, 731]
	screeley@redhat.com Scott Creeley: [3, 1]
	zhao.xiangpeng@zte.com.cn xiangpengzhao: [2630, 408]
	apelisse@gmail.com Antoine Pelisse: [626, 1528]
	zhiguohong@tencent.com Hong Zhiguo: [1, 0]
	matthias.bertschy@gmail.com Matthias Bertschy: [9, 3]
	jiangtianli@hotmail.com Jiangtian Li: [733, 15]
	anhowe@microsoft.com Anthony Howe: [557, 1027]
	bsalamat@google.com Bobby Salamat: [163, 22]
	steve@heptio.com Steve Kriss: [182, 0]
	zml@google.com Zach Loafman: [62, 295]
	dashpole@google.com David Ashpole: [1390, 222]
	hakanbaba83@gmail.com Hakan Baba: [204, 0]
	mixia@google.com Minhan Xia: [900, 137]
	george.kraft@canonical.com George Kraft: [2, 2]
	wangzefeng@huawei.com Kevin: [626, 12]
	lukaszoles@gmail.com Łukasz Oleś: [1357, 224]
	kazuki.suda@gmail.com Kazuki Suda: [19, 0]
	karol.kraskiewicz@gmail.com Karol Kraśkiewicz: [32, 32]
	peay@protonmail.com peay: [574, 79]
	michael.fraenkel@gmail.com Michael Fraenkel: [79, 270]
	beacham@google.com Jacob Beacham: [552, 39]
	jinxu@google.com Jing Xu: [157, 26]
	dgoodwin@redhat.com Devan Goodwin: [13, 12]
	song.ruixia@zte.com.cn SongRuixia: [2, 1]
	roidelapluie@inuits.eu Julien Pivotto: [42, 41]
	mayank.kumar@salesforce.com Mayank Kumar: [110, 143]
	foxish@users.noreply.github.com Anirudh Ramanathan: [12, 2]
	alexander.kanevskiy@intel.com Alexander Kanevskiy: [11, 8]
	eparis@redhat.com Eric Paris: [22, 1]
	chuck@dasroot.net Charles Butler: [1, 1]
	sritesh@vmware.com Ritesh H Shukla: [19, 7]
	julien.balestra@gmail.com JulienBalestra: [11, 11]
	dawnchen@google.com Dawn Chen: [26, 26]
	ffranz@redhat.com Fabiano Franz: [4, 0]
	rong.zhang@easystack.cn riverzhang: [1, 1]
	zhengchuan.hu@easystack.cn zhengchuan hu: [1, 1]
	gus@inodes.org Angus Lees: [113, 1]
	jsz@google.com Jerzy Szczepkowski: [213, 122]
	jay@apache.org jayunit100: [153, 82]
	mike@mikebryant.me.uk Mike Bryant: [2, 0]
	cristian.pop@bigstep.com Cristian Pop: [46, 33]
	kstepniewski@vmware.com Karol Stepniewski: [14, 0]
	ramanathana@google.com foxish: [131, 53]
	stephen.kriss@gmail.com Stephen Kriss: [147, 0]
	andrew@andrewrynhard.com Andrew Rynhard: [348, 33]
	ancosen@gmail.com Andrea Cosentino: [2, 2]
	ferdinand.huebner@gmail.com Ferdinand Hübner: [1, 1]
	errordeveloper@gmail.com Ilya Dmitrichenko: [4, 3]
	robert.roland@hpe.com Robert Roland: [36, 22]
	jianhui.zhou@huawei.com jianhuiz: [217, 35]
	rchopra@redhat.com Rajat Chopra: [3, 3]
	skuznets@redhat.com Steve Kuznetsov: [6, 1]
	leave24534@gmail.com dutianpeng: [5, 3]
	luca.bruno@coreos.com Luca Bruno: [31, 31]
	slaskawi@redhat.com Sebastian Laskawiec: [13, 1]
	ian@ianberinger.com Ian Beringer: [2, 1]
	chen.huan@zte.com.cn chenhuan12: [82, 74]
	jorge@ubuntu.com Jorge O. Castro: [4, 10]
	huzhifeng@douyu.tv huzhifeng: [71, 14]
	jiang.lingxia@zte.com.cn jianglingxia: [7, 7]
	hou.jun2@zte.com.cn houjun: [1, 1]
	hvnsweeting@gmail.com Viet Hung Nguyen: [4, 4]
	rob.szumski@coreos.com Rob Szumski: [1, 0]
	steveperry-53@users.noreply.github.com Steve Perry: [2000, 1516]
	philippt@users.noreply.github.com Philipp T: [3, 3]
	seperry53@gmail.com steveperry-53: [942, 802]
	wangjie5@chinaskycloud.com Wang Jie: [82, 77]
	chenopis@users.noreply.github.com Andrew Chen: [397, 349]
	pdecat@gmail.com Patrick Decat: [2, 2]
	jeffmendoza@google.com Jeff Mendoza: [4, 0]
	rparikh@platform9.net roopakparikh: [5, 1]
	andres.via@gmail.com Andres Villarroel: [4, 6]
	nickleefly@gmail.com Xiuyu Li: [2, 2]
	10110918@zte.com.cn ztewyk: [8, 8]
	elijah.caine@coreos.com Elijah C. Voigt: [186, 2]
	rmaugusto@gmail.com Ricardo M. Augusto: [4, 4]
	ben@mathews2000.com Ben Mathews: [0, 2]
	olegs@jeremejevs.com Olegs Jeremejevs: [2, 2]
	xuxinkun@gmail.com xuxinkun: [6, 0]
	greatbsky@163.com architect.bian: [2, 2]
	shapeliang@gmail.com liangxiaoping: [2, 2]
	deng.xilian@zte.com.cn sallydeng: [21, 13]
	artmr@lsd.ufcg.edu.br Arthur Miranda: [10, 10]
	michael.mrowetz@cdnetworks.co.kr Michael Mrowetz: [26, 16]
	hostirosti@users.noreply.github.com Robert Kubis: [4, 0]
	mistobaan@users.noreply.github.com Fabrizio Milo: [4, 4]
	pierre@ozoux.net Pierre Ozoux: [2, 2]
	yu.peng36@zte.com.cn yupengzte: [4, 4]
	james@jagregory.com James Gregory: [8, 8]
	albertvaka@gmail.com Albert Vaca: [2, 2]
	erikbean08@gmail.com Erik Bean: [2, 2]
	jjohnston@istreamplanet.com Jesse Johnston: [2, 2]
	ahmetb@google.com Ahmet Alp Balkan: [4, 4]
	liu.hao89@zte.com.cn foxyriver: [2, 2]
	samnap+github@gmail.com samiam: [8, 4]
	jeremy.wimsingues@insa-lyon.fr Jérémy Wimsingues: [4, 4]
	jasmine@jhegman.com Jasmine Hegman: [2, 2]
	cwitte@xmlhq.com cwitte4191: [22, 2]
	rhim@users.noreply.github.com Himanshu Raj: [2, 0]
	jamesduncannz@users.noreply.github.com James Duncan: [2, 2]
	ghe@debian.org Ghe Rivero: [15, 0]
	sublimino@gmail.com Andrew Martin: [2, 2]
	ben.spoon@coreos.com Ben Spoon: [2, 0]
	vupornikov@gmail.com Vasily Upornikov: [2, 2]
	xcompass@gmail.com Pan Luo: [6, 6]
	wma@thoughtworks.com Wei Ma: [2, 2]
	shawn.mccarthy3@gmail.com Shawn McCarthy: [1, 1]
	hekra@cisco.com hekra01: [1, 1]
	henry.nash@uk.ibm.com Henry Nash: [2, 2]
	marc.boorshtein@tremolosecurity.com Marc Boorshtein: [5, 5]
	viglesias@google.com Vic Iglesias: [1, 1]
	eugene.chow.ct@gmail.com Eugene Chow: [2, 2]
	aprindle@google.com Aaron Prindle: [9091, 217]
	mrick@google.com Matt Rickard: [3105, 2174]
	lorenc.d@gmail.com Dan Lorenc: [97, 1]
	slokas@upmc.edu Steve Sloka: [500, 255]
	dongsu@endocode.com Dongsu Park: [92, 34]
	trishnaguha17@gmail.com trishnaguha: [6, 0]
	tomvons@gmail.com Tom von Schwerdtner: [3, 0]
	chris@cns.me.uk Chris Nesbitt-Smith: [1, 1]
	m.etmajer@gmail.com Martin Etmajer: [1, 0]
	rlourenc@redhat.com Ricardo Lourenco: [26, 26]
	dug@us.ibm.com Doug Davis: [67, 35]
	vaikas@google.com Ville Aikas: [2074, 1805]
	krancour@users.noreply.github.com Kent Rancourt: [494, 42]
	aaron@deis.com Aaron Schlesinger: [4156, 1385]
	marko.luksa@gmail.com Marko Luksa: [87, 4]
	richardfung@google.com Richard Fung: [23, 32]
	grod@google.com Garrett Rodrigues: [1811, 364]
	rmmh@google.com Ryan Hitchman: [178, 40]
	wonderfly@users.noreply.github.com Daniel Wang: [25, 183]
	dan.gillespie@coreos.com Dan Gillespie: [160, 27]
	krousey@google.com Kris: [123, 0]
	amerai@google.com Michelle Shepardson: [69, 56]
image 0 0
	vishnuk@google.com Vishnu Kannan: [0, 0]
	ianlewis@google.com Ian Lewis: [0, 0]
documentation 1086 2230
	xuchao@google.com Chao Xu: [0, 1098]
	jliggitt@redhat.com Jordan Liggitt: [0, 0]
	deads@redhat.com deads2k: [8, 425]
	sjenning@redhat.com Seth Jennings: [1, 0]
	wojtekt@google.com Wojciech Tyczynski: [15, 6]
	maszulik@redhat.com Maciej Szulik: [0, 0]
	dmcquay@apprenda.com Derek McQuay: [6, 0]
	eric.chiang.m@gmail.com Eric Chiang: [1, 0]
	decarr@redhat.com Derek Carr: [59, 1]
	mgoodness@gmail.com Michael Goodness: [77, 11]
	electroma@gmail.com electroma: [8, 0]
	jack.zampolin@gmail.com Jack Zampolin: [0, 1]
	ultimateboy@gmail.com Matt Tucker: [30, 0]
	vise890@gmail.com Martino Visintin: [1, 1]
	lachie83@users.noreply.github.com Lachlan Evenson: [9, 0]
	kowens0826@gmail.com Kenneth Owens: [22, 0]
	faraaz@rationalizeit.us Faraaz Khan: [36, 0]
	enisoc@google.com Anthony Yeh: [1, 1]
	dims@linux.vnet.ibm.com Davanum Srinivas: [11, 11]
	dhodovsk@redhat.com Dominika Hodovska: [0, 0]
	avagarwa@redhat.com Avesh Agarwal: [0, 0]
	bowei.du@gmail.com Bowei Du: [10, 0]
	feiskyer@users.noreply.github.com Pengfei Ni: [58, 0]
	jpeeler@redhat.com Jeff Peeler: [0, 0]
	vishnuk@google.com Vishnu Kannan: [66, 46]
	jsafrane@redhat.com Jan Šafránek: [0, 0]
	cai.yixiang@zte.com.cn caiyixiang: [1, 1]
	k82cn@icloud.com Klaus Ma: [0, 0]
	pszczesniak@google.com Piotr Szczesniak: [7, 0]
	mml@users.noreply.github.com Matt Liggett: [4, 0]
	jgrafton@google.com Jeff Grafton: [2, 451]
	s.florek91@gmail.com Sebastian Florek: [210, 1]
	maciaszczykm@users.noreply.github.com Marcin Maciaszczyk: [1, 1]
	hchen@redhat.com Huamin Chen: [0, 0]
	shyamjvs@google.com Shyam JVS: [8, 3]
	hchiramm@redhat.com Humble Chirammal: [0, 0]
	cole.mickens@gmail.com Cole Mickens: [8, 0]
	justin@fathomdb.com Justin Santa Barbara: [2, 3]
	yerken.tussupbekov@zalando.de ideahitme: [54, 52]
	mawong@redhat.com Matthew Wong: [58, 0]
	sross@redhat.com Solly Ross: [1, 0]
	aleksandram@google.com Aleksandra Malinowska: [0, 1]
	lucas.kaldstrom@hotmail.co.uk Lucas Käldström: [4, 3]
	gianrubio@gmail.com Giancarlo Rubio: [13, 27]
	ricardo.katz@serpro.gov.br Ricardo Pchevuzinske Katz: [23, 8]
	aledbf@gmail.com Manuel Alejandro de Brito Fontes: [46, 23]
	mtaufen@google.com Michael Taufen: [8, 8]
	ykuoka@gmail.com Yusuke Kuoka: [0, 0]
	gmarek@google.com gmarek: [8, 0]
	shiywang@redhat.com Shiyang Wang: [11, 0]
	dvorak@google.com Jonathan MacMillan: [5, 0]
	shashidhara.td@huawei.com shashidharatd: [1, 0]
	xingzhou@cn.ibm.com Xing Zhou: [9, 0]
	dima.shmakov87@gmail.com Dmitry1987: [2, 0]
	bburns@google.com Brendan Burns: [49, 4]
	mikedanese@google.com Mike Danese: [2, 0]
	irfan.rehman@huawei.com Irfan Ur Rehman: [3, 2]
	yjhong@google.com Yu-Ju Hong: [1, 0]
	george.kraft@canonical.com George Kraft: [1, 1]
	lukaszoles@gmail.com Łukasz Oleś: [0, 0]
	michael.fraenkel@gmail.com Michael Fraenkel: [0, 0]
	beacham@google.com Jacob Beacham: [2, 0]
	alexander.kanevskiy@intel.com Alexander Kanevskiy: [27, 23]
	mbruzek@gmail.com Matt Bruzek: [4, 0]
	seperry53@gmail.com steveperry-53: [1, 0]
	tailnode@gmail.com tailnode: [12, 12]
	albertvaka@gmail.com Albert Vaca: [2, 2]
	ahmetb@google.com Ahmet Alp Balkan: [14, 0]
	ben.moss.uk+githubpassionforpie@gmail.com PassionForPie: [2, 2]
	aneesh.e@imaginea.com Aneesh Kumar: [0, 1]
	rmmh@google.com Ryan Hitchman: [61, 0]
ui 0 3
	spxtr@google.com Joe Finney: [0, 3]
build 1764 3221
	xuchao@google.com Chao Xu: [0, 185]
	jliggitt@redhat.com Jordan Liggitt: [69, 5]
	wojtekt@google.com Wojciech Tyczynski: [47, 9]
	mbauer@us.ibm.com Morgan Bauer: [87, 53]
	agoldste@redhat.com Andy Goldstein: [22, 0]
	decarr@redhat.com Derek Carr: [29, 1]
	lserven@gmail.com Lucas Serven: [1, 1]
	pb@coreos.com Patrick Baxter: [1, 1]
	hongchaodeng1@gmail.com Hongchao Deng: [2, 2]
	electroma@gmail.com electroma: [1, 1]
	enisoc@google.com Anthony Yeh: [71, 1]
	dims@linux.vnet.ibm.com Davanum Srinivas: [3, 2]
	avagarwa@redhat.com Avesh Agarwal: [6, 1]
	jchaloup@redhat.com Jan Chaloupka: [4, 1]
	zihongz@google.com Zihong Zheng: [13, 6]
	bowei.du@gmail.com Bowei Du: [77, 32]
	pmorie@redhat.com Paul Morie: [21, 2]
	feiskyer@users.noreply.github.com Pengfei Ni: [28, 0]
	erick@fejta.com Erick Fejta: [8, 3]
	thockin@google.com Tim Hockin: [7, 3]
	spiffxp@gmail.com Aaron Crickenberger: [1, 1]
	tonyli.lives@gmail.com Tony Li: [4, 4]
	pszczesniak@google.com Piotr Szczesniak: [35, 1]
	stclair@google.com Tim St. Clair: [91, 444]
	vmik@google.com Mik Vyatskov: [157, 137]
	jgrafton@google.com Jeff Grafton: [13, 117]
	runcom@users.noreply.github.com Antonio Murdaca: [5, 1]
	xlgao@zju.edu.cn Xianglin Gao: [44, 0]
	graut@us.ibm.com gajju26: [7, 3]
	shivania@vmware.com Abrar Shivani: [1, 6]
	clove@cnmconsulting.net chrislovecnm: [24, 12]
	837829664@qq.com timchenxiaoyu: [4, 4]
	shyamjvs@google.com Shyam JVS: [43, 0]
	cole.mickens@gmail.com Cole Mickens: [30, 2]
	justin@fathomdb.com Justin Santa Barbara: [47, 14]
	yerken.tussupbekov@zalando.de ideahitme: [13, 13]
	mawong@redhat.com Matthew Wong: [31, 9]
	dlorenc@google.com dlorenc: [7, 0]
	senlu@google.com Sen Lu: [72, 7]
	andy.xning@gmail.com Andy Xie: [7, 5]
	vladimir@rutsky.org Vladimir Rutsky: [3, 2]
	aleksandram@google.com Aleksandra Malinowska: [23, 13]
	lucas.kaldstrom@hotmail.co.uk Lucas Käldström: [52, 81]
	almogbaku@rimoto.com Almog Baku: [2, 2]
	gianrubio@gmail.com Giancarlo Rubio: [1, 1]
	aledbf@gmail.com Manuel Alejandro de Brito Fontes: [9, 3]
	marcin@owsiany.pl Marcin Owsiany: [1, 1]
	beeps@google.com Prashanth B: [3, 2]
	sgolovatiuk@mirantis.com Sergii Golovatiuk: [3, 0]
	deathbeforedishes@gmail.com Josh Conant: [14, 0]
	tomas.kral@gmail.com Tomas Kral: [2, 2]
	andrew@wattpad.com andrewsykim: [1, 1]
	zytek@nuxi.pl Jakub Paweł Głazik: [1, 1]
	fbranczyk@gmail.com Frederic Branczyk: [1, 1]
	gmarek@google.com gmarek: [35, 0]
	spxtr@google.com Joe Finney: [56, 54]
	mkumatag@in.ibm.com Manjunath A Kumatagi: [1, 1]
	divyenp@vmware.com divyenpatel: [1, 1]
	admin@toph.ca Christoph Blecker: [5, 5]
	mikedanese@google.com Mike Danese: [189, 1644]
	jvallejo@redhat.com juanvallejo: [16, 2]
	taotaotheripper@gmail.com Random-Liu: [2, 2]
	apelisse@gmail.com Antoine Pelisse: [0, 14]
	zml@google.com Zach Loafman: [1, 133]
	qlee@google.com Quintin Lee: [15, 0]
	wangzefeng@huawei.com Kevin: [1, 1]
	wfender@google.com Walter Fender: [8, 1]
	beacham@google.com Jacob Beacham: [23, 0]
	jinxu@google.com Jing Xu: [27, 22]
	jsz@google.com Jerzy Szczepkowski: [7, 2]
	luca.bruno@coreos.com Luca Bruno: [1, 1]
	ian@ianberinger.com Ian Beringer: [6, 0]
	chen.huan@zte.com.cn chenhuan12: [2, 2]
	seperry53@gmail.com steveperry-53: [0, 3]
	ejc3@yahoo-inc.com EJ: [1, 1]
	chenopis@users.noreply.github.com Andrew Chen: [2, 2]
	aprindle@google.com Aaron Prindle: [8, 34]
	mrick@google.com Matt Rickard: [29, 15]
	dongsu@endocode.com Dongsu Park: [1, 1]
	tomvons@gmail.com Tom von Schwerdtner: [14, 47]
	dug@us.ibm.com Doug Davis: [9, 3]
	krancour@users.noreply.github.com Kent Rancourt: [39, 20]
	aaron@deis.com Aaron Schlesinger: [6, 4]
	marko.luksa@gmail.com Marko Luksa: [3, 0]
	rmmh@google.com Ryan Hitchman: [7, 7]
translation 998 2
	bburns@google.com Brendan Burns: [998, 2]
devel-doc 29482 23173
code 11874 26704
package 0 0
unknown 424498 451385
image 0 0
documentation 1086 2230
ui 0 3
build 1764 3221
translation 998 2
