Filter on "^vendor/|/vendor/"
open output file /Users/lukasz/dev/cncf/gitdm/other_repos/all_kubernetes_range_unknown_2016-07-01_2016-08-01.csv

Oops...funky email ihor dvoretskyi
(Unknown) unknown@hacker.net Unknown hacker
Poetic Systems osxi@users.noreply.github.com osxi
	unknown [1470, 4]
Google ramanathana@google.com foxish
	code [26, 0]
	unknown [4637, 874]
	devel-doc [42, 14]
	documentation [32, 23]
	build [20, 2]
Google pszczesniak@google.com Piotr Szczesniak
	unknown [1596, 218]
	devel-doc [5, 0]
	documentation [2, 0]
	build [19, 0]
Google mikedanese@gmail.com Mike Danese
	unknown [114, 10]
	devel-doc [49, 3]
	code [8, 9]
	build [81, 2]
Google filipg@google.com Filip Grzadkowski
	unknown [748, 50]
	code [305, 184]
Google mwielgus@google.com Marcin Wielgus
	unknown [3604, 1826]
	documentation [1, 0]
Google madhusudancs@google.com Madhusudan.C.S
	unknown [1560, 253]
	devel-doc [270, 0]
	code [334, 126]
	build [72, 20]
	documentation [12, 0]
Self antonio.meireles@reformi.st António Meireles
	unknown [2, 2]
CoreOS brandon@ifup.org Brandon Philips
	unknown [7, 1]
	devel-doc [18, 4]
Aperian Global aaronjlevy@gmail.com Aaron Levy
	unknown [618, 669]
	code [4, 3]
	build [1, 1]
CoreOS parkerderek86@gmail.com Derek Parker
	unknown [8, 8]
DEIS michelle@deis.com Michelle Noorali
	unknown [612, 1877]
	devel-doc [15, 639]
	code [0, 521]
	build [0, 7]
Google quinton@google.com Quinton Hoole
	unknown [1043, 206]
IBM dims@linux.vnet.ibm.com Davanum Srinivas
	unknown [1260, 2514]
	devel-doc [1, 8]
	code [33, 1]
	build [9, 9]
	documentation [3, 2]
Apcera peter.miron@apcera.com Peter Miron
	unknown [22, 0]
Red Hat decarr@redhat.com derekwaynecarr
	unknown [1493, 304]
	documentation [1, 0]
Google buddhap@google.com Buddha Prakash
	unknown [620, 179]
	devel-doc [199, 0]
	code [20, 6]
CoreOS eric.chiang@coreos.com Eric Chiang
	unknown [679, 147]
Google xuchao@google.com Chao Xu
	unknown [1058, 409]
	documentation [0, 0]
Google taotaotheripper@gmail.com Random-Liu
	code [38, 19]
	unknown [871, 1681]
	documentation [8, 8]
HP matt@mattfarina.com Matt Farina
	unknown [25, 2]
ZTE Corporation li.xiaobing1@zte.com.cn lixiaobing10051267
	unknown [64, 49]
Red Hat bchilds@redhat.com bradley childs
	unknown [2169, 2]
	devel-doc [1, 0]
	code [25, 0]
	documentation [0, 0]
Google stclair@google.com Tim St. Clair
	unknown [1185, 9]
	devel-doc [65, 39]
Google vishnuk@google.com Vishnu kannan
	unknown [605, 268]
	devel-doc [306, 24]
	code [10, 4]
	build [1, 0]
Google me@jessfraz.com Jess Frazelle
	unknown [499, 243]
	devel-doc [3, 3]
	code [103, 9]
	build [2, 2]
Net EASE 网易有态度 coolhzb@163.com AdoHe
	unknown [20, 9]
Google rmmh@google.com Ryan Hitchman
	unknown [1275, 346]
	code [1425, 295]
	ui [400, 2]
	documentation [154, 128]
Google thockin@google.com Tim Hockin
	code [104, 19]
	unknown [1267, 340]
	devel-doc [1, 1]
	documentation [3, 2]
	build [538, 515]
(Unknown) slowlight@yeah.net Tong
	unknown [4, 4]
Codigami aps.sids@gmail.com Amanpreet Singh
	unknown [2, 2]
Google apelisse@google.com Antoine Pelisse
	code [49, 6]
	unknown [1797, 939]
	devel-doc [90, 280]
	documentation [2, 2]
	build [4, 4]
Mirantis ihor.dvoretskyi@gmail.com Ihor Dvoretskyi
	unknown [48, 3]
	devel-doc [1, 1]
CoreOS guyifan1121@gmail.com Yifan Gu
	unknown [27, 15]
	devel-doc [4, 0]
Self rodrigo@sdfg.com.ar Rodrigo Campos
	unknown [2110, 313]
Ammeon joe2farrell@gmail.com joe2far
	unknown [2750, 2690]
	devel-doc [697, 697]
Red Hat jsafrane@redhat.com Jan Safranek
	unknown [778, 32]
IBM mspreitz@us.ibm.com Mike Spreitzer
	unknown [14, 10]
IBM brownwm@us.ibm.com Mike Brown
	unknown [16, 4]
	code [9, 1]
	build [11, 1]
Red Hat asalkeld@mirantis.com Angus Salkeld
	unknown [731, 368]
	devel-doc [4, 6]
	code [7, 0]
	documentation [3, 0]
Google sarah.novotny@gmail.com sarahnovotny
	unknown [3, 3]
	devel-doc [3, 3]
Jetstack simon@swine.de Christian Simon
	devel-doc [4, 1]
Luke Marsden me@lukemarsden.net lukemarsden
	devel-doc [1, 0]
Mirantis ivan4th@gmail.com Ivan Shvedunov
	unknown [177, 40]
	code [18, 10]
Google czahedi@google.com czahedi
	unknown [24, 1]
Google robertbailey@google.com Robert Bailey
	devel-doc [14, 1]
Shippable joe@bedafamily.com Joe Beda
	devel-doc [5, 1]
Google wojtekt@google.com Wojciech Tyczynski
	unknown [3560, 4241]
	devel-doc [5, 15]
	code [15, 29]
	build [0, 2]
	documentation [2, 4]
ZTE Corporation zhao.xiangpeng@zte.com.cn xiangpengzhao
	unknown [115, 70]
	code [83, 0]
	build [186, 5]
Google bryk@google.com Piotr Bryk
	devel-doc [220, 39037]
	code [1180, 486]
	package [0, 0]
	unknown [16110, 286880]
	image [0, 0]
	documentation [279, 892]
	build [41, 120]
Red Hat jchaloup@redhat.com Jan Chaloupka
	unknown [485, 288]
	devel-doc [193, 7]
	documentation [1, 0]
	build [98, 1]
Self aledbf@gmail.com Manuel de Brito Fontes
	devel-doc [428, 4391]
	code [118, 2729]
	package [0, 0]
	unknown [105654, 268877]
	image [0, 0]
	documentation [89, 2017]
	build [36, 110]
Google mml@google.com Matt Liggett
	unknown [134, 139]
Google beeps@google.com Prashanth Balasubramanian
	unknown [353, 214]
	devel-doc [401, 144]
	code [13, 9]
	build [17, 13]
Google grod@google.com Garrett Rodrigues
	unknown [234, 0]
	devel-doc [40, 0]
	code [518, 0]
	documentation [270, 0]
Box glyons@box.com Greg Lyons
	unknown [114, 28]
	devel-doc [5, 1]
CoreOS hongchaodeng1@gmail.com Hongchao Deng
	unknown [660, 400]
	devel-doc [6, 4]
	code [8, 8]
Google bgrant0607@users.noreply.github.com Brian Grant
	devel-doc [202, 0]
Google dbsmith@google.com Daniel Smith
	unknown [155, 484]
	devel-doc [1, 18]
	code [0, 1]
	build [1, 32]
(Unknown) adrian.garciaprado@nrg.com Adrian G Prado
	unknown [21, 21]
(Unknown) ide+github@jameside.com James Ide
	devel-doc [2, 1]
Buildbot rutsky.vladimir@gmail.com Vladimir Rutsky
	unknown [2, 1]
Google qlee@google.com Q-Lee
	unknown [79, 21]
	devel-doc [4, 4]
	documentation [1, 1]
	build [2, 1]
BENGLER alex@bengler.no Alexander Staubo
	unknown [1, 1]
	documentation [2, 0]
Cockroach alexdwanerobinson@gmail.com Alex Robinson
	unknown [44, 80862]
	image [0, 19128]
	devel-doc [0, 80]
Google erick@fejta.com Erick Fejta
	unknown [854, 225]
	devel-doc [0, 71]
	code [622, 811]
	build [4, 3]
	documentation [3, 1]
Google gmarek@google.com gmarek
	unknown [2842, 1542]
	code [7, 5]
	build [1, 1]
Red Hat eparis@redhat.com Eric Paris
(Unknown) trane9991@gmail.com Taras
	unknown [4, 4]
Red Hat bgardner@redhat.com Ben Gardner
	unknown [62, 6]
	build [42, 10]
Rook luxas@users.noreply.github.com Lucas Käldström
	unknown [539, 1111]
	devel-doc [41, 4]
	code [92, 532]
	build [24, 142]
Thomson-Reuters fcvarela@gmail.com Filipe Varela
	unknown [34, 12]
(Unknown) werner@beroux.com Werner Beroux
	devel-doc [4, 3]
Self stephen.r.louie@gmail.com Steve Louie
	unknown [2, 2]
(Unknown) merlin83@users.noreply.github.com rubik
	unknown [1, 1]
(Unknown) ryanesc@gmail.com ryane
	unknown [1, 1]
	devel-doc [1, 1]
Red Hat mrunalp@gmail.com Mrunal Patel
	unknown [363, 107]
	devel-doc [8, 0]
	build [12, 0]
Red Hat hmeng@redhat.com Haiyan Meng
	unknown [611, 74]
Red Hat runcom@redhat.com Antonio Murdaca
	unknown [663, 116]
Fujitsu sebastian.florek@ts.fujitsu.com Sebastian Florek
	unknown [2119, 1452]
	code [1525, 745]
	documentation [522, 273]
Fujitsu maciaszczykm@users.noreply.github.com Marcin Maciaszczyk
	unknown [513, 436]
	code [958, 67]
	documentation [206, 9]
Google pdabkowski@google.com PiotrDabkowski
	unknown [141, 16]
	code [460, 27]
	documentation [107, 0]
Skiddoo edouard.kaiser@gmail.com Edouard Kaiser
	unknown [17, 1]
	code [3, 0]
	documentation [6, 0]
Fujitsu denis.poisson@ts.fujitsu.com Denis Poisson
	unknown [225, 40]
	code [0, 318]
	documentation [0, 56]
Google olekz@google.com olekzabl
Fujitsu yamagami.takuma@jp.fujitsu.com Yamagami-Takuma
	unknown [8, 8]
Alternative Storage nakayamakenjiro@gmail.com Kenjiro Nakayama
	unknown [7, 25]
IBM fraenkel@us.ibm.com Michael Fraenkel
	unknown [35, 35]
	code [11, 11]
Return Path aaron.mills@returnpath.com Aaron Mills
	unknown [14, 14]
CNM Consulting clove@cnmconsulting.net chrislovecnm
	unknown [972, 225]
	devel-doc [684, 128]
	code [304, 134]
	build [14, 10]
	documentation [8, 5]
Red Hat hchen@redhat.com Huamin Chen
	unknown [1547, 2]
	devel-doc [102, 0]
	documentation [0, 0]
Self 03cranec@users.noreply.github.com Chris Crane
	unknown [306, 14]
	devel-doc [126, 14]
Sourcegraph.com keegan.csmith@gmail.com Keegan Carruthers-Smith
	devel-doc [2, 2]
Mirantis spyzalski@mirantis.com Szymon Pyżalski
	devel-doc [18, 2]
Google foxish@users.noreply.github.com Anirudh Ramanathan
	devel-doc [2, 4]
OpenCredo development@advance-leap.com Adrian Ursu
	unknown [0, 2]
OfferUp mulloymorrow@users.noreply.github.com Mulloy Morrow
	devel-doc [2, 2]
Red Hat ancosen@gmail.com Andrea Cosentino
	devel-doc [2, 2]
Google goltermann@google.com goltermann
	unknown [82, 0]
Google aronchick@gmail.com David Aronchick
	unknown [8, 3]
Mirantis pigmej@gmail.com Jędrzej Nowak
	unknown [1, 1]
Red Hat dma@redhat.com DeShuai Ma
	unknown [1, 1]
Hyper.sh feiskyer@gmail.com Pengfei Ni
	unknown [1276, 23]
	devel-doc [37, 10]
	code [118, 0]
	build [10, 0]
Hyper.sh harryz@hyper.sh harry
	unknown [278, 214]
	devel-doc [13, 5]
	image [0, 0]
Red Hat deads@redhat.com deads2k
	unknown [3454, 543]
	devel-doc [6, 6]
	code [14, 6]
Red Hat ccoleman@redhat.com Clayton Coleman
	unknown [1525, 843]
	code [1, 1]
Red Hat sttts@redhat.com Dr. Stefan Schimanski
	unknown [11690, 9093]
	documentation [4, 0]
Google magorzata@google.com mksalawa
	unknown [405, 79]
Red Hat mwringe@redhat.com Matt Wringe
	unknown [3, 3]
Red Hat sross@redhat.com Solly Ross
	unknown [554, 28]
Red Hat pmorie@gmail.com Paul Morie
	unknown [2818, 2272]
	code [54, 29]
Self bryan@activeshadow.com Bryan T. Richardson
	code [5, 3]
brainsware i.galic@brainsware.org Igor Galić
	unknown [1, 1]
Engine Yard mbutcher@engineyard.com Matt Butcher
	unknown [2390, 504]
	devel-doc [349, 86]
	code [3, 0]
	package [0, 0]
DEIS brian@deis.com fibonacci1729
	unknown [467, 270]
Microsoft adam@reese.io Adam Reese
	unknown [557, 427]
	devel-doc [11, 12]
	code [147, 35]
	build [10, 1]
DEIS seth@deis.com Seth Goings
	devel-doc [1, 2]
Red Hat grantseltzer@gmail.com Grantseltzer
	unknown [71, 9]
Apache ng.tuna@gmail.com ngtuna
	unknown [3343, 2862]
	devel-doc [68, 67]
	code [2, 2]
Google stapelberg@google.com Michael Stapelberg
	unknown [3, 1]
Bitnami adnan@prydoni.us Adnan Abdulhussein
	unknown [47, 45]
Engine Yard kmala@engineyard.com Keerthan Mala
	unknown [2, 2]
Gravitational jeffz@eml.cc Jeff Zellner
	unknown [1, 1]
CoreOS 2t.antoine@gmail.com Antoine Legrand
Mirantis mmosesohn@mirantis.com Matthew Mosesohn
	unknown [267, 526]
	devel-doc [3, 3]
	build [1, 119]
Mirantis adidenko@mirantis.com Aleksandr Didenko
	unknown [20, 12]
Mirantis bdobrelia@mirantis.com Bogdan Dobrelya
	unknown [427, 119]
	build [247, 19]
Morea smainklh@gmail.com Smaine Kahlouch
	unknown [479, 120]
	devel-doc [88, 26]
	code [2, 1]
Traintracks.io jonathan@traintracks.io Jonathan Beckman
	unknown [9, 2]
Solinea robertspencersmith@gmail.com Spencer Smith
	unknown [1, 1]
(Unknown) jsirot@weborama.com Jean-Christophe Sirot
	unknown [12, 1]
Intel alex@bourget.cc Alexandre Bourget
	unknown [1, 1]
(Unknown) daniel@leining.org Daniel Leining
	unknown [5, 2]
Red Hat surajssd009005@gmail.com Suraj Deshmukh
	unknown [2647, 48]
	devel-doc [71, 0]
	code [250, 0]
	build [26, 0]
Google chiachenk@google.com Janet Kuo
	unknown [887, 597]
	devel-doc [63, 64]
Red Hat tomas.kral@gmail.com Tomas Kral
	unknown [533, 131]
	code [29, 0]
Bitnami runseb@gmail.com runseb
	unknown [8, 6]
	devel-doc [37, 40]
FathomDB justin@fathomdb.com Justin Santa Barbara
	unknown [11145, 4727]
	devel-doc [170, 57]
	code [21, 8]
	build [73, 32]
	documentation [0, 0]
(Unknown) daniel.beruben@gmail.com Daniel Beruben
	unknown [73, 17]
Shutterstock flindiakos@shutterstock.com Fotios Lindiakos
	unknown [3, 3]
Traveloka michel@traveloka.com Michel Alexandre Salim
	build [4, 3]
CoreOS pb@coreos.com Patrick Baxter
	unknown [125, 19]
NotFound colhom@gmail.com Colin Hom
	unknown [2, 6]
Tigera casey@tigera.io Casey Davenport
	unknown [915, 33]
	code [2, 14]
Easy Learn Code nampnq@gmail.com Phạm Ngọc Quang Nam
	devel-doc [7, 0]
Fujitsu lukasz.zajaczkowski@ts.fujitsu.com Lukasz Zajaczkowski
	code [313, 210]
(Unknown) comp_@gmx.net Ion Savin
	code [9, 4]
TheNatureOfSoftware lars.mogren@gmail.com Lars Mogren
	code [14, 14]
Google mtaufen@google.com Michael Taufen
	unknown [974, 967]
eBay fmeng@ebay.com mfanjie
	unknown [1600, 1211]
ZTE Corporation wang.ping5@zte.com.cn PingWang
	unknown [119, 92]
Red Hat sjenning@redhat.com Seth Jennings
	unknown [67, 48]
IBM klaus1982.cn@gmail.com Klaus Ma
	unknown [23, 17]
Google saadali@google.com saadali
	unknown [1268, 209]
Red Hat bbennett@redhat.com Benjamin Bennett
	unknown [263, 150]
	devel-doc [46, 0]
Red Hat mkargaki@redhat.com Michail Kargakis
	unknown [405, 91]
	devel-doc [0, 1]
Mirantis vefimova@mirantis.com vefimova
	unknown [385, 63]
(Unknown) zhaohuizhi@gmail.com Hui-Zhi
	unknown [10, 1]
ZTE Corporation lu.zhenxing@zte.com.cn lojies
	unknown [17, 13]
	code [2, 0]
Microsoft bburns@google.com Brendan Burns
	unknown [354, 84]
	code [51, 3]
Self jianhui@outlook.com jianhuiz
	unknown [1085, 20]
	code [2, 2]
Google mixia@google.com Minhan Xia
	unknown [64, 56]
	devel-doc [1063, 1063]
	build [2, 2]
Google etune@google.com Eric Tune
	unknown [41, 53]
	devel-doc [69, 15]
	documentation [0, 0]
Red Hat avagarwa@redhat.com Avesh Agarwal
	unknown [151, 33]
	code [15, 0]
Schuberg Philis sander@xanzy.io Sander van Harmelen
	unknown [749, 427]
	devel-doc [209, 0]
Bulletproof gus@inodes.org Angus Lees
	unknown [73, 43]
	devel-doc [398, 0]
Google jgrafton@google.com Jeff Grafton
	unknown [200, 95]
	code [23, 18]
CoreOS xiangli.cs@gmail.com Xiang Li
	unknown [249, 261]
Red Hat tstclair@redhat.com Timothy St. Clair
	unknown [965, 582]
	devel-doc [295, 245]
	code [8, 8]
Jaconda ant.mironov@gmail.com Anton Mironov
	unknown [70, 42]
	code [5, 4]
Google ronl@google.com Ron Lai
	unknown [1289, 854]
Red Hat jvallejo@redhat.com juanvallejo
	unknown [161, 205]
ZTE Corporation zhang.ke106@zte.com.cn Ke Zhang
	unknown [62, 10]
	documentation [1, 0]
VMware shivania@vmware.com Abrar Shivani
	unknown [134, 67]
Intel pawel.skrzynski@intel.com Pawel Skrzynski
	unknown [16, 3]
Google yjhong@google.com Yu-Ju Hong
	unknown [1373, 73]
Red Hat maszulik@redhat.com Maciej Szulik
	unknown [92, 244]
	code [3, 8]
	build [2, 0]
Google krousey@google.com Kris
	unknown [307, 0]
Google zhoufang@google.com Zhou Fang
	unknown [1370, 173]
	devel-doc [198, 0]
	code [1, 2]
Google jsz@google.com Jerzy Szczepkowski
	unknown [17, 40]
	devel-doc [36, 2]
	code [2, 22]
	build [64, 8]
Apprenda abrand@apprenda.com abrand
	unknown [592, 3]
	documentation [9, 0]
Apache jay@apache.org jayunit100
	unknown [0, 5]
	code [2, 9]
Google djmm@google.com David McMahon
	unknown [191, 53]
	devel-doc [632, 262]
	code [113, 36]
Google wonderfly@google.com Daniel Wang
	unknown [143, 11]
	code [37, 21]
Clarifai rudi@clarifai.com Rudi Chiarito
	unknown [198, 32]
Mirantis akurilin@mirantis.com Andrey Kurilin
	unknown [5, 4]
Weaveworks bryan@weave.works Bryan Boreham
	unknown [32, 19]
	build [7, 7]
Google lantaol@google.com Lantao Liu
	unknown [346, 210]
	devel-doc [280, 23]
(Unknown) lparam@users.noreply.github.com lparam
	code [1, 0]
Google dawnchen@google.com Dawn Chen
	unknown [0, 23]
Google cjcullen@google.com CJ Cullen
	unknown [3, 0]
	code [3, 0]
	build [26, 10]
Huawei wangzefeng@huawei.com Kevin
	unknown [256, 190]
ZTE Corporation dong.xiugang20@zte.com.cn DongXiugang
	unknown [1, 1]
Microsoft cole.mickens@gmail.com Cole Mickens
	unknown [56, 19]
	devel-doc [1216, 0]
	code [7, 11]
Google matt.proud@gmail.com Matt T. Proud
	unknown [23, 17]
Georgia Tech anish@gatech.edu Anish Bhatt
	unknown [79, 9]
IBM mbauer@us.ibm.com Morgan Bauer
	unknown [30, 11]
	build [3, 4]
CoreOS quentin.machu@coreos.com Quentin Machu
	unknown [1, 1]
Google fabioy@google.com fabioy
	devel-doc [12, 1]
Red Hat mawong@redhat.com Matthew Wong
	unknown [903, 209]
CoreOS euank@coreos.com Euan Kemp
	unknown [258, 81]
	code [2, 2]
	documentation [1, 0]
Net EASE 网易有态度 hzwangxing@corp.netease.com Wang Xing
	unknown [0, 4]
Red Hat mtayer@redhat.com Mooli Tayer
	code [1, 1]
Nordstrom dhawal55@gmail.com Dhawal Patel
	unknown [1, 16]
IBM ramitsurana@gmail.com Ramit Surana
	devel-doc [7, 4]
Google nikhiljindal@google.com nikhiljindal
	unknown [19, 19]
Google zml@google.com Zach Loafman
	unknown [7, 104]
	code [8, 5]
	build [19, 3]
Red Hat agoldste@redhat.com Andy Goldstein
	unknown [287, 135]
(Unknown) albatross0@gmail.com albatross0
	unknown [3, 3]
Red Hat jimmidyson@gmail.com Jimmi Dyson
	unknown [2466, 1955]
	devel-doc [19, 4]
	code [3, 3]
	build [36, 14]
Red Hat kevensen@redhat.com Kenneth D. Evensen
	unknown [23, 8]
Google pwittroc+github@google.com Phillip Wittrock
Allegro mrostecki@mirantis.com Michal Rostecki
	unknown [32, 5]
CoreOS george.tankersley@coreos.com George Tankersley
Red Hat mfojtik@redhat.com Michal Fojtik
	unknown [5, 1]
ZTE Corporation wang.kanghua@zte.com.cn Kevin Wang
	unknown [10, 16]
Clarifai therc@users.noreply.github.com Rudi C
	code [3, 3]
Google ciwang@google.com Cindy Wang
	unknown [227, 25]
Google adityakali@google.com Aditya Kali
	build [16, 3]
Google maisem@google.com Maisem Ali
	unknown [2, 2]
	code [18, 7]
Red Hat tnguyen@redhat.com Thien-Thi Nguyen
	unknown [1, 1]
Red Hat jliggitt@redhat.com Jordan Liggitt
	unknown [125, 19]
Red Hat charlie@charliedrage.com Charlie Drage
	unknown [1, 1]
(Unknown) ziyadbasheer213@gmail.com ziyadbasheer
	unknown [2, 2]
Mirantis lukaszoles@gmail.com Łukasz Oleś
	unknown [122, 67]
GoDaddy silas@godaddy.com Silas Boyd-Wickizer
	code [3, 1]
Red Hat mturansk@redhat.com markturansky
	unknown [19, 11]
(Unknown) doug@zenly.co.uk Douglas Gibbons
	devel-doc [2, 1]
	code [1, 0]
inovex GmbH johannes.scheuermann@inovex.de Johannes Scheuermann
	unknown [5, 5]
Fujitsu christoph.held@est.fujitsu.com Christoph Held
	unknown [64, 41]
	build [12, 0]
Google mrubin@google.com Michael Rubin
	unknown [0, 3]
SalesForce lorrin.nelson@salesforce.com Lorrin Nelson
	code [8, 4]
HP allenmiller@users.noreply.github.com allenmiller
	unknown [1, 1]
Bluescape elyscape@gmail.com Eli Young
	unknown [3, 2]
Google krousey@users.noreply.github.com krousey
	unknown [14, 18]
Endocode anton@endocode.com Anton Khramov
	code [7, 7]
(Unknown) meng.mobile@gmail.com Liyi Meng
	unknown [1, 1]
NotFound 837829664@qq.com timchenxiaoyu
SECful michael@secful.com Michael Vilensky
	code [3, 2]
Self liubin0329@gmail.com bin liu
IBM dug@us.ibm.com Doug Davis
	unknown [0, 1]
Weaveworks errordeveloper@gmail.com Ilya Dmitrichenko
	unknown [33, 33]
	build [5, 3]
(Unknown) raeesiqbal@users.noreply.github.com Raees Iqbal
	unknown [1, 1]
Container Solutions catalin.jora@container-solutions.com Catalin Jora
	code [2441, 9]
	unknown [1, 0]
	image [43471, 6]
	documentation [13880, 216]
	devel-doc [209, 0]
Self nsrinivasan1976@gmail.com Naveen
	unknown [5, 5]
Google anassri@google.com Ace Nassri
	unknown [21, 17]
Google kelsey.hightower@gmail.com Kelsey Hightower
	unknown [12, 6]
Detalytics wangsha@users.noreply.github.com Sha
	unknown [1, 1]
Canonical matthew.bruzek@canonical.com Matt Bruzek
	unknown [132, 103]
Google jrhoak@gmail.com Josh Hoak
	unknown [5, 5]
Lightbend age.mooij@gmail.com Age Mooij
	unknown [1, 1]
SAP imhael@gmail.com kevinll
	unknown [5, 1]
(Unknown) me@bdang.it Ben Dang
	unknown [1, 1]
Center for Open Science chriskseto@gmail.com Chris Seto
	unknown [1, 1]
Google cartermorgan1321+github@gmail.com Carter Morgan
	unknown [6, 64]
Google johndylan@google.com johndmulhausen
	unknown [42, 86]
	devel-doc [0, 2]
	documentation [0, 0]
Self git@gg7.io George G
	unknown [24, 19]
Google ankurz@google.com ankurshukla
	devel-doc [1, 1]
	documentation [11, 14]
	image [0, 0]
Uninett AS gurvindersinghdahiya@gmail.com Gurvinder Singh
	unknown [1, 1]
Google jaredbhatti@users.noreply.github.com Jared
	unknown [2, 2]
Medssenger scottstensland@gmail.com Scott Stensland
	unknown [1, 1]
Mirantis dshulyak@mirantis.com Dmitry Shulyak
	unknown [21, 0]
	devel-doc [3, 0]
Parleys leenders.gert@gmail.com Gert Leenders
	unknown [1, 1]
Google vishh@users.noreply.github.com Vish Kannan
(Unknown) eyalev@gmail.com Eyal Levin
	unknown [3, 4]
BloomAPI untoldone@users.noreply.github.com Michael Wasser
	unknown [1, 1]
SalesForce mayank.kumar@salesforce.com Mayank Kumar
	unknown [1, 1]
CoreOS dghubble@gmail.com Dalton Hubble
	unknown [4, 0]
(Unknown) shridhar.jatin@gmail.com jatins
	unknown [5, 4]
Jimmy Cuadra jimmy@jimmycuadra.com Jimmy Cuadra
	unknown [1, 1]
Metaswitch matthew.dupre@metaswitch.com Matt Dupre
	unknown [6, 6]
Emind johanan.lieberman@gmail.com Johanan Lieberman
	unknown [2, 2]
finesse.io miller.pete@gmail.com Pete Miller
	unknown [8, 8]
RX-M ronald.petty@gmail.com Ronald Petty
	unknown [2, 2]
17media allanlei@helveticode.com Allan Lei
	unknown [1, 1]
Egnyte jedroadam@gmail.com Adam J
	unknown [2, 2]
Findyr akaplan@findyr.com Adam Kaplan
	unknown [7, 1]
Self keglevich2@gmail.com keglevich3
	unknown [1, 1]
Rancher alena@rancher.com Alena Prokharchyk
	unknown [1, 1]
cloudflare ibobrik@gmail.com Ivan Babrou
	unknown [5, 5]
CoreOS j@coreos.com Josh Wood
	unknown [206, 204]
Republic timbrockman@users.noreply.github.com Tim Brockman
	unknown [1, 8]
Gangefors Programmering AB stefan@gangefors.com Stefan Gangefors
SolarWinds leecalcote@gmail.com Lee Calcote
	unknown [6, 8]
(Unknown) xxxyel@gmail.com Jisoo Park
	unknown [1, 1]
Sparkbit wonsek@gmail.com Tomasz Kopczynski
	unknown [1, 1]
Google aprindle@google.com Aaron Prindle
	unknown [1647, 1119]
	devel-doc [30, 2]
	build [5, 5]
Google mrick@google.com Matt Rickard
	unknown [1, 1]
Google lorenc.d@gmail.com dlorenc
	unknown [269, 107]
	devel-doc [162, 0]
	code [22, 0]
	build [19, 14]
Ubisoft rodcloutier@gmail.com Rod Cloutier
	unknown [232, 15]
(Unknown) gerd@aschemann.net Gerd Aschemann
	unknown [26, 20]
clypd bfallik@gmail.com Brian Fallik
	devel-doc [1, 1]
(Unknown) brk3@users.noreply.github.com Paul Bourke
	unknown [17, 3]
Intel balaji.warft@gmail.com Balaji Subramaniam
	unknown [631, 85]
	devel-doc [307, 6]
	code [142, 7]
	build [17, 3]
Intel connor.p.d@gmail.com Connor Doyle
	unknown [661, 146]
	devel-doc [178, 113]
	code [63, 63]
	build [15, 2]
Google davidopp@google.com David Oppenheimer
	unknown [117, 0]
	devel-doc [234, 0]
Google mnshaw@google.com Marie Shaw
	code [1246, 511]
	documentation [108, 52]
Google spxtr@google.com Joe Finney
	unknown [1751, 44]
	devel-doc [24, 1]
	code [1, 1]
	build [165, 4]
Google spextear@gmail.com spxtr
	unknown [110, 0]
	devel-doc [5, 0]
Google jeffml@google.com Jeff Lowdermilk
	unknown [1, 1]
devel-doc 10857 47785
	Google ramanathana@google.com foxish: [42, 14]
	Google pszczesniak@google.com Piotr Szczesniak: [5, 0]
	Google mikedanese@gmail.com Mike Danese: [49, 3]
	Google madhusudancs@google.com Madhusudan.C.S: [270, 0]
	CoreOS brandon@ifup.org Brandon Philips: [18, 4]
	DEIS michelle@deis.com Michelle Noorali: [15, 639]
	IBM dims@linux.vnet.ibm.com Davanum Srinivas: [1, 8]
	Google buddhap@google.com Buddha Prakash: [199, 0]
	Red Hat bchilds@redhat.com bradley childs: [1, 0]
	Google stclair@google.com Tim St. Clair: [65, 39]
	Google vishnuk@google.com Vishnu kannan: [306, 24]
	Google me@jessfraz.com Jess Frazelle: [3, 3]
	Google thockin@google.com Tim Hockin: [1, 1]
	Google apelisse@google.com Antoine Pelisse: [90, 280]
	Mirantis ihor.dvoretskyi@gmail.com Ihor Dvoretskyi: [1, 1]
	CoreOS guyifan1121@gmail.com Yifan Gu: [4, 0]
	Ammeon joe2farrell@gmail.com joe2far: [697, 697]
	Red Hat asalkeld@mirantis.com Angus Salkeld: [4, 6]
	Google sarah.novotny@gmail.com sarahnovotny: [3, 3]
	Jetstack simon@swine.de Christian Simon: [4, 1]
	Luke Marsden me@lukemarsden.net lukemarsden: [1, 0]
	Google robertbailey@google.com Robert Bailey: [14, 1]
	Shippable joe@bedafamily.com Joe Beda: [5, 1]
	Google wojtekt@google.com Wojciech Tyczynski: [5, 15]
	Google bryk@google.com Piotr Bryk: [220, 39037]
	Red Hat jchaloup@redhat.com Jan Chaloupka: [193, 7]
	Self aledbf@gmail.com Manuel de Brito Fontes: [428, 4391]
	Google beeps@google.com Prashanth Balasubramanian: [401, 144]
	Google grod@google.com Garrett Rodrigues: [40, 0]
	Box glyons@box.com Greg Lyons: [5, 1]
	CoreOS hongchaodeng1@gmail.com Hongchao Deng: [6, 4]
	Google bgrant0607@users.noreply.github.com Brian Grant: [202, 0]
	Google dbsmith@google.com Daniel Smith: [1, 18]
	(Unknown) ide+github@jameside.com James Ide: [2, 1]
	Google qlee@google.com Q-Lee: [4, 4]
	Cockroach alexdwanerobinson@gmail.com Alex Robinson: [0, 80]
	Google erick@fejta.com Erick Fejta: [0, 71]
	Rook luxas@users.noreply.github.com Lucas Käldström: [41, 4]
	(Unknown) werner@beroux.com Werner Beroux: [4, 3]
	(Unknown) ryanesc@gmail.com ryane: [1, 1]
	Red Hat mrunalp@gmail.com Mrunal Patel: [8, 0]
	CNM Consulting clove@cnmconsulting.net chrislovecnm: [684, 128]
	Red Hat hchen@redhat.com Huamin Chen: [102, 0]
	Self 03cranec@users.noreply.github.com Chris Crane: [126, 14]
	Sourcegraph.com keegan.csmith@gmail.com Keegan Carruthers-Smith: [2, 2]
	Mirantis spyzalski@mirantis.com Szymon Pyżalski: [18, 2]
	Google foxish@users.noreply.github.com Anirudh Ramanathan: [2, 4]
	OfferUp mulloymorrow@users.noreply.github.com Mulloy Morrow: [2, 2]
	Red Hat ancosen@gmail.com Andrea Cosentino: [2, 2]
	Hyper.sh feiskyer@gmail.com Pengfei Ni: [37, 10]
	Hyper.sh harryz@hyper.sh harry: [13, 5]
	Red Hat deads@redhat.com deads2k: [6, 6]
	Engine Yard mbutcher@engineyard.com Matt Butcher: [349, 86]
	Microsoft adam@reese.io Adam Reese: [11, 12]
	DEIS seth@deis.com Seth Goings: [1, 2]
	Apache ng.tuna@gmail.com ngtuna: [68, 67]
	Mirantis mmosesohn@mirantis.com Matthew Mosesohn: [3, 3]
	Morea smainklh@gmail.com Smaine Kahlouch: [88, 26]
	Red Hat surajssd009005@gmail.com Suraj Deshmukh: [71, 0]
	Google chiachenk@google.com Janet Kuo: [63, 64]
	Bitnami runseb@gmail.com runseb: [37, 40]
	FathomDB justin@fathomdb.com Justin Santa Barbara: [170, 57]
	Easy Learn Code nampnq@gmail.com Phạm Ngọc Quang Nam: [7, 0]
	Red Hat bbennett@redhat.com Benjamin Bennett: [46, 0]
	Red Hat mkargaki@redhat.com Michail Kargakis: [0, 1]
	Google mixia@google.com Minhan Xia: [1063, 1063]
	Google etune@google.com Eric Tune: [69, 15]
	Schuberg Philis sander@xanzy.io Sander van Harmelen: [209, 0]
	Bulletproof gus@inodes.org Angus Lees: [398, 0]
	Red Hat tstclair@redhat.com Timothy St. Clair: [295, 245]
	Google zhoufang@google.com Zhou Fang: [198, 0]
	Google jsz@google.com Jerzy Szczepkowski: [36, 2]
	Google djmm@google.com David McMahon: [632, 262]
	Google lantaol@google.com Lantao Liu: [280, 23]
	Microsoft cole.mickens@gmail.com Cole Mickens: [1216, 0]
	Google fabioy@google.com fabioy: [12, 1]
	IBM ramitsurana@gmail.com Ramit Surana: [7, 4]
	Red Hat jimmidyson@gmail.com Jimmi Dyson: [19, 4]
	(Unknown) doug@zenly.co.uk Douglas Gibbons: [2, 1]
	Container Solutions catalin.jora@container-solutions.com Catalin Jora: [209, 0]
	Google johndylan@google.com johndmulhausen: [0, 2]
	Google ankurz@google.com ankurshukla: [1, 1]
	Mirantis dshulyak@mirantis.com Dmitry Shulyak: [3, 0]
	Google aprindle@google.com Aaron Prindle: [30, 2]
	Google lorenc.d@gmail.com dlorenc: [162, 0]
	clypd bfallik@gmail.com Brian Fallik: [1, 1]
	Intel balaji.warft@gmail.com Balaji Subramaniam: [307, 6]
	Intel connor.p.d@gmail.com Connor Doyle: [178, 113]
	Google davidopp@google.com David Oppenheimer: [234, 0]
	Google spxtr@google.com Joe Finney: [24, 1]
	Google spextear@gmail.com spxtr: [5, 0]
code 13666 8222
	Google ramanathana@google.com foxish: [26, 0]
	Google mikedanese@gmail.com Mike Danese: [8, 9]
	Google filipg@google.com Filip Grzadkowski: [305, 184]
	Google madhusudancs@google.com Madhusudan.C.S: [334, 126]
	Aperian Global aaronjlevy@gmail.com Aaron Levy: [4, 3]
	DEIS michelle@deis.com Michelle Noorali: [0, 521]
	IBM dims@linux.vnet.ibm.com Davanum Srinivas: [33, 1]
	Google buddhap@google.com Buddha Prakash: [20, 6]
	Google taotaotheripper@gmail.com Random-Liu: [38, 19]
	Red Hat bchilds@redhat.com bradley childs: [25, 0]
	Google vishnuk@google.com Vishnu kannan: [10, 4]
	Google me@jessfraz.com Jess Frazelle: [103, 9]
	Google rmmh@google.com Ryan Hitchman: [1425, 295]
	Google thockin@google.com Tim Hockin: [104, 19]
	Google apelisse@google.com Antoine Pelisse: [49, 6]
	IBM brownwm@us.ibm.com Mike Brown: [9, 1]
	Red Hat asalkeld@mirantis.com Angus Salkeld: [7, 0]
	Mirantis ivan4th@gmail.com Ivan Shvedunov: [18, 10]
	Google wojtekt@google.com Wojciech Tyczynski: [15, 29]
	ZTE Corporation zhao.xiangpeng@zte.com.cn xiangpengzhao: [83, 0]
	Google bryk@google.com Piotr Bryk: [1180, 486]
	Self aledbf@gmail.com Manuel de Brito Fontes: [118, 2729]
	Google beeps@google.com Prashanth Balasubramanian: [13, 9]
	Google grod@google.com Garrett Rodrigues: [518, 0]
	CoreOS hongchaodeng1@gmail.com Hongchao Deng: [8, 8]
	Google dbsmith@google.com Daniel Smith: [0, 1]
	Google erick@fejta.com Erick Fejta: [622, 811]
	Google gmarek@google.com gmarek: [7, 5]
	Rook luxas@users.noreply.github.com Lucas Käldström: [92, 532]
	Fujitsu sebastian.florek@ts.fujitsu.com Sebastian Florek: [1525, 745]
	Fujitsu maciaszczykm@users.noreply.github.com Marcin Maciaszczyk: [958, 67]
	Google pdabkowski@google.com PiotrDabkowski: [460, 27]
	Skiddoo edouard.kaiser@gmail.com Edouard Kaiser: [3, 0]
	Fujitsu denis.poisson@ts.fujitsu.com Denis Poisson: [0, 318]
	IBM fraenkel@us.ibm.com Michael Fraenkel: [11, 11]
	CNM Consulting clove@cnmconsulting.net chrislovecnm: [304, 134]
	Hyper.sh feiskyer@gmail.com Pengfei Ni: [118, 0]
	Red Hat deads@redhat.com deads2k: [14, 6]
	Red Hat ccoleman@redhat.com Clayton Coleman: [1, 1]
	Red Hat pmorie@gmail.com Paul Morie: [54, 29]
	Self bryan@activeshadow.com Bryan T. Richardson: [5, 3]
	Engine Yard mbutcher@engineyard.com Matt Butcher: [3, 0]
	Microsoft adam@reese.io Adam Reese: [147, 35]
	Apache ng.tuna@gmail.com ngtuna: [2, 2]
	Morea smainklh@gmail.com Smaine Kahlouch: [2, 1]
	Red Hat surajssd009005@gmail.com Suraj Deshmukh: [250, 0]
	Red Hat tomas.kral@gmail.com Tomas Kral: [29, 0]
	FathomDB justin@fathomdb.com Justin Santa Barbara: [21, 8]
	Tigera casey@tigera.io Casey Davenport: [2, 14]
	Fujitsu lukasz.zajaczkowski@ts.fujitsu.com Lukasz Zajaczkowski: [313, 210]
	(Unknown) comp_@gmx.net Ion Savin: [9, 4]
	TheNatureOfSoftware lars.mogren@gmail.com Lars Mogren: [14, 14]
	ZTE Corporation lu.zhenxing@zte.com.cn lojies: [2, 0]
	Microsoft bburns@google.com Brendan Burns: [51, 3]
	Self jianhui@outlook.com jianhuiz: [2, 2]
	Red Hat avagarwa@redhat.com Avesh Agarwal: [15, 0]
	Google jgrafton@google.com Jeff Grafton: [23, 18]
	Red Hat tstclair@redhat.com Timothy St. Clair: [8, 8]
	Jaconda ant.mironov@gmail.com Anton Mironov: [5, 4]
	Red Hat maszulik@redhat.com Maciej Szulik: [3, 8]
	Google zhoufang@google.com Zhou Fang: [1, 2]
	Google jsz@google.com Jerzy Szczepkowski: [2, 22]
	Apache jay@apache.org jayunit100: [2, 9]
	Google djmm@google.com David McMahon: [113, 36]
	Google wonderfly@google.com Daniel Wang: [37, 21]
	(Unknown) lparam@users.noreply.github.com lparam: [1, 0]
	Google cjcullen@google.com CJ Cullen: [3, 0]
	Microsoft cole.mickens@gmail.com Cole Mickens: [7, 11]
	CoreOS euank@coreos.com Euan Kemp: [2, 2]
	Red Hat mtayer@redhat.com Mooli Tayer: [1, 1]
	Google zml@google.com Zach Loafman: [8, 5]
	Red Hat jimmidyson@gmail.com Jimmi Dyson: [3, 3]
	Clarifai therc@users.noreply.github.com Rudi C: [3, 3]
	Google maisem@google.com Maisem Ali: [18, 7]
	GoDaddy silas@godaddy.com Silas Boyd-Wickizer: [3, 1]
	(Unknown) doug@zenly.co.uk Douglas Gibbons: [1, 0]
	SalesForce lorrin.nelson@salesforce.com Lorrin Nelson: [8, 4]
	Endocode anton@endocode.com Anton Khramov: [7, 7]
	SECful michael@secful.com Michael Vilensky: [3, 2]
	Container Solutions catalin.jora@container-solutions.com Catalin Jora: [2441, 9]
	Google lorenc.d@gmail.com dlorenc: [22, 0]
	Intel balaji.warft@gmail.com Balaji Subramaniam: [142, 7]
	Intel connor.p.d@gmail.com Connor Doyle: [63, 63]
	Google mnshaw@google.com Marie Shaw: [1246, 511]
	Google spxtr@google.com Joe Finney: [1, 1]
package 0 0
	Google bryk@google.com Piotr Bryk: [0, 0]
	Self aledbf@gmail.com Manuel de Brito Fontes: [0, 0]
	Engine Yard mbutcher@engineyard.com Matt Butcher: [0, 0]
unknown 250304 700261
	Poetic Systems osxi@users.noreply.github.com osxi: [1470, 4]
	Google ramanathana@google.com foxish: [4637, 874]
	Google pszczesniak@google.com Piotr Szczesniak: [1596, 218]
	Google mikedanese@gmail.com Mike Danese: [114, 10]
	Google filipg@google.com Filip Grzadkowski: [748, 50]
	Google mwielgus@google.com Marcin Wielgus: [3604, 1826]
	Google madhusudancs@google.com Madhusudan.C.S: [1560, 253]
	Self antonio.meireles@reformi.st António Meireles: [2, 2]
	CoreOS brandon@ifup.org Brandon Philips: [7, 1]
	Aperian Global aaronjlevy@gmail.com Aaron Levy: [618, 669]
	CoreOS parkerderek86@gmail.com Derek Parker: [8, 8]
	DEIS michelle@deis.com Michelle Noorali: [612, 1877]
	Google quinton@google.com Quinton Hoole: [1043, 206]
	IBM dims@linux.vnet.ibm.com Davanum Srinivas: [1260, 2514]
	Apcera peter.miron@apcera.com Peter Miron: [22, 0]
	Red Hat decarr@redhat.com derekwaynecarr: [1493, 304]
	Google buddhap@google.com Buddha Prakash: [620, 179]
	CoreOS eric.chiang@coreos.com Eric Chiang: [679, 147]
	Google xuchao@google.com Chao Xu: [1058, 409]
	Google taotaotheripper@gmail.com Random-Liu: [871, 1681]
	HP matt@mattfarina.com Matt Farina: [25, 2]
	ZTE Corporation li.xiaobing1@zte.com.cn lixiaobing10051267: [64, 49]
	Red Hat bchilds@redhat.com bradley childs: [2169, 2]
	Google stclair@google.com Tim St. Clair: [1185, 9]
	Google vishnuk@google.com Vishnu kannan: [605, 268]
	Google me@jessfraz.com Jess Frazelle: [499, 243]
	Net EASE 网易有态度 coolhzb@163.com AdoHe: [20, 9]
	Google rmmh@google.com Ryan Hitchman: [1275, 346]
	Google thockin@google.com Tim Hockin: [1267, 340]
	(Unknown) slowlight@yeah.net Tong: [4, 4]
	Codigami aps.sids@gmail.com Amanpreet Singh: [2, 2]
	Google apelisse@google.com Antoine Pelisse: [1797, 939]
	Mirantis ihor.dvoretskyi@gmail.com Ihor Dvoretskyi: [48, 3]
	CoreOS guyifan1121@gmail.com Yifan Gu: [27, 15]
	Self rodrigo@sdfg.com.ar Rodrigo Campos: [2110, 313]
	Ammeon joe2farrell@gmail.com joe2far: [2750, 2690]
	Red Hat jsafrane@redhat.com Jan Safranek: [778, 32]
	IBM mspreitz@us.ibm.com Mike Spreitzer: [14, 10]
	IBM brownwm@us.ibm.com Mike Brown: [16, 4]
	Red Hat asalkeld@mirantis.com Angus Salkeld: [731, 368]
	Google sarah.novotny@gmail.com sarahnovotny: [3, 3]
	Mirantis ivan4th@gmail.com Ivan Shvedunov: [177, 40]
	Google czahedi@google.com czahedi: [24, 1]
	Google wojtekt@google.com Wojciech Tyczynski: [3560, 4241]
	ZTE Corporation zhao.xiangpeng@zte.com.cn xiangpengzhao: [115, 70]
	Google bryk@google.com Piotr Bryk: [16110, 286880]
	Red Hat jchaloup@redhat.com Jan Chaloupka: [485, 288]
	Self aledbf@gmail.com Manuel de Brito Fontes: [105654, 268877]
	Google mml@google.com Matt Liggett: [134, 139]
	Google beeps@google.com Prashanth Balasubramanian: [353, 214]
	Google grod@google.com Garrett Rodrigues: [234, 0]
	Box glyons@box.com Greg Lyons: [114, 28]
	CoreOS hongchaodeng1@gmail.com Hongchao Deng: [660, 400]
	Google dbsmith@google.com Daniel Smith: [155, 484]
	(Unknown) adrian.garciaprado@nrg.com Adrian G Prado: [21, 21]
	Buildbot rutsky.vladimir@gmail.com Vladimir Rutsky: [2, 1]
	Google qlee@google.com Q-Lee: [79, 21]
	BENGLER alex@bengler.no Alexander Staubo: [1, 1]
	Cockroach alexdwanerobinson@gmail.com Alex Robinson: [44, 80862]
	Google erick@fejta.com Erick Fejta: [854, 225]
	Google gmarek@google.com gmarek: [2842, 1542]
	(Unknown) trane9991@gmail.com Taras: [4, 4]
	Red Hat bgardner@redhat.com Ben Gardner: [62, 6]
	Rook luxas@users.noreply.github.com Lucas Käldström: [539, 1111]
	Thomson-Reuters fcvarela@gmail.com Filipe Varela: [34, 12]
	Self stephen.r.louie@gmail.com Steve Louie: [2, 2]
	(Unknown) merlin83@users.noreply.github.com rubik: [1, 1]
	(Unknown) ryanesc@gmail.com ryane: [1, 1]
	Red Hat mrunalp@gmail.com Mrunal Patel: [363, 107]
	Red Hat hmeng@redhat.com Haiyan Meng: [611, 74]
	Red Hat runcom@redhat.com Antonio Murdaca: [663, 116]
	Fujitsu sebastian.florek@ts.fujitsu.com Sebastian Florek: [2119, 1452]
	Fujitsu maciaszczykm@users.noreply.github.com Marcin Maciaszczyk: [513, 436]
	Google pdabkowski@google.com PiotrDabkowski: [141, 16]
	Skiddoo edouard.kaiser@gmail.com Edouard Kaiser: [17, 1]
	Fujitsu denis.poisson@ts.fujitsu.com Denis Poisson: [225, 40]
	Fujitsu yamagami.takuma@jp.fujitsu.com Yamagami-Takuma: [8, 8]
	Alternative Storage nakayamakenjiro@gmail.com Kenjiro Nakayama: [7, 25]
	IBM fraenkel@us.ibm.com Michael Fraenkel: [35, 35]
	Return Path aaron.mills@returnpath.com Aaron Mills: [14, 14]
	CNM Consulting clove@cnmconsulting.net chrislovecnm: [972, 225]
	Red Hat hchen@redhat.com Huamin Chen: [1547, 2]
	Self 03cranec@users.noreply.github.com Chris Crane: [306, 14]
	OpenCredo development@advance-leap.com Adrian Ursu: [0, 2]
	Google goltermann@google.com goltermann: [82, 0]
	Google aronchick@gmail.com David Aronchick: [8, 3]
	Mirantis pigmej@gmail.com Jędrzej Nowak: [1, 1]
	Red Hat dma@redhat.com DeShuai Ma: [1, 1]
	Hyper.sh feiskyer@gmail.com Pengfei Ni: [1276, 23]
	Hyper.sh harryz@hyper.sh harry: [278, 214]
	Red Hat deads@redhat.com deads2k: [3454, 543]
	Red Hat ccoleman@redhat.com Clayton Coleman: [1525, 843]
	Red Hat sttts@redhat.com Dr. Stefan Schimanski: [11690, 9093]
	Google magorzata@google.com mksalawa: [405, 79]
	Red Hat mwringe@redhat.com Matt Wringe: [3, 3]
	Red Hat sross@redhat.com Solly Ross: [554, 28]
	Red Hat pmorie@gmail.com Paul Morie: [2818, 2272]
	brainsware i.galic@brainsware.org Igor Galić: [1, 1]
	Engine Yard mbutcher@engineyard.com Matt Butcher: [2390, 504]
	DEIS brian@deis.com fibonacci1729: [467, 270]
	Microsoft adam@reese.io Adam Reese: [557, 427]
	Red Hat grantseltzer@gmail.com Grantseltzer: [71, 9]
	Apache ng.tuna@gmail.com ngtuna: [3343, 2862]
	Google stapelberg@google.com Michael Stapelberg: [3, 1]
	Bitnami adnan@prydoni.us Adnan Abdulhussein: [47, 45]
	Engine Yard kmala@engineyard.com Keerthan Mala: [2, 2]
	Gravitational jeffz@eml.cc Jeff Zellner: [1, 1]
	Mirantis mmosesohn@mirantis.com Matthew Mosesohn: [267, 526]
	Mirantis adidenko@mirantis.com Aleksandr Didenko: [20, 12]
	Mirantis bdobrelia@mirantis.com Bogdan Dobrelya: [427, 119]
	Morea smainklh@gmail.com Smaine Kahlouch: [479, 120]
	Traintracks.io jonathan@traintracks.io Jonathan Beckman: [9, 2]
	Solinea robertspencersmith@gmail.com Spencer Smith: [1, 1]
	(Unknown) jsirot@weborama.com Jean-Christophe Sirot: [12, 1]
	Intel alex@bourget.cc Alexandre Bourget: [1, 1]
	(Unknown) daniel@leining.org Daniel Leining: [5, 2]
	Red Hat surajssd009005@gmail.com Suraj Deshmukh: [2647, 48]
	Google chiachenk@google.com Janet Kuo: [887, 597]
	Red Hat tomas.kral@gmail.com Tomas Kral: [533, 131]
	Bitnami runseb@gmail.com runseb: [8, 6]
	FathomDB justin@fathomdb.com Justin Santa Barbara: [11145, 4727]
	(Unknown) daniel.beruben@gmail.com Daniel Beruben: [73, 17]
	Shutterstock flindiakos@shutterstock.com Fotios Lindiakos: [3, 3]
	CoreOS pb@coreos.com Patrick Baxter: [125, 19]
	NotFound colhom@gmail.com Colin Hom: [2, 6]
	Tigera casey@tigera.io Casey Davenport: [915, 33]
	Google mtaufen@google.com Michael Taufen: [974, 967]
	eBay fmeng@ebay.com mfanjie: [1600, 1211]
	ZTE Corporation wang.ping5@zte.com.cn PingWang: [119, 92]
	Red Hat sjenning@redhat.com Seth Jennings: [67, 48]
	IBM klaus1982.cn@gmail.com Klaus Ma: [23, 17]
	Google saadali@google.com saadali: [1268, 209]
	Red Hat bbennett@redhat.com Benjamin Bennett: [263, 150]
	Red Hat mkargaki@redhat.com Michail Kargakis: [405, 91]
	Mirantis vefimova@mirantis.com vefimova: [385, 63]
	(Unknown) zhaohuizhi@gmail.com Hui-Zhi: [10, 1]
	ZTE Corporation lu.zhenxing@zte.com.cn lojies: [17, 13]
	Microsoft bburns@google.com Brendan Burns: [354, 84]
	Self jianhui@outlook.com jianhuiz: [1085, 20]
	Google mixia@google.com Minhan Xia: [64, 56]
	Google etune@google.com Eric Tune: [41, 53]
	Red Hat avagarwa@redhat.com Avesh Agarwal: [151, 33]
	Schuberg Philis sander@xanzy.io Sander van Harmelen: [749, 427]
	Bulletproof gus@inodes.org Angus Lees: [73, 43]
	Google jgrafton@google.com Jeff Grafton: [200, 95]
	CoreOS xiangli.cs@gmail.com Xiang Li: [249, 261]
	Red Hat tstclair@redhat.com Timothy St. Clair: [965, 582]
	Jaconda ant.mironov@gmail.com Anton Mironov: [70, 42]
	Google ronl@google.com Ron Lai: [1289, 854]
	Red Hat jvallejo@redhat.com juanvallejo: [161, 205]
	ZTE Corporation zhang.ke106@zte.com.cn Ke Zhang: [62, 10]
	VMware shivania@vmware.com Abrar Shivani: [134, 67]
	Intel pawel.skrzynski@intel.com Pawel Skrzynski: [16, 3]
	Google yjhong@google.com Yu-Ju Hong: [1373, 73]
	Red Hat maszulik@redhat.com Maciej Szulik: [92, 244]
	Google krousey@google.com Kris: [307, 0]
	Google zhoufang@google.com Zhou Fang: [1370, 173]
	Google jsz@google.com Jerzy Szczepkowski: [17, 40]
	Apprenda abrand@apprenda.com abrand: [592, 3]
	Apache jay@apache.org jayunit100: [0, 5]
	Google djmm@google.com David McMahon: [191, 53]
	Google wonderfly@google.com Daniel Wang: [143, 11]
	Clarifai rudi@clarifai.com Rudi Chiarito: [198, 32]
	Mirantis akurilin@mirantis.com Andrey Kurilin: [5, 4]
	Weaveworks bryan@weave.works Bryan Boreham: [32, 19]
	Google lantaol@google.com Lantao Liu: [346, 210]
	Google dawnchen@google.com Dawn Chen: [0, 23]
	Google cjcullen@google.com CJ Cullen: [3, 0]
	Huawei wangzefeng@huawei.com Kevin: [256, 190]
	ZTE Corporation dong.xiugang20@zte.com.cn DongXiugang: [1, 1]
	Microsoft cole.mickens@gmail.com Cole Mickens: [56, 19]
	Google matt.proud@gmail.com Matt T. Proud: [23, 17]
	Georgia Tech anish@gatech.edu Anish Bhatt: [79, 9]
	IBM mbauer@us.ibm.com Morgan Bauer: [30, 11]
	CoreOS quentin.machu@coreos.com Quentin Machu: [1, 1]
	Red Hat mawong@redhat.com Matthew Wong: [903, 209]
	CoreOS euank@coreos.com Euan Kemp: [258, 81]
	Net EASE 网易有态度 hzwangxing@corp.netease.com Wang Xing: [0, 4]
	Nordstrom dhawal55@gmail.com Dhawal Patel: [1, 16]
	Google nikhiljindal@google.com nikhiljindal: [19, 19]
	Google zml@google.com Zach Loafman: [7, 104]
	Red Hat agoldste@redhat.com Andy Goldstein: [287, 135]
	(Unknown) albatross0@gmail.com albatross0: [3, 3]
	Red Hat jimmidyson@gmail.com Jimmi Dyson: [2466, 1955]
	Red Hat kevensen@redhat.com Kenneth D. Evensen: [23, 8]
	Allegro mrostecki@mirantis.com Michal Rostecki: [32, 5]
	Red Hat mfojtik@redhat.com Michal Fojtik: [5, 1]
	ZTE Corporation wang.kanghua@zte.com.cn Kevin Wang: [10, 16]
	Google ciwang@google.com Cindy Wang: [227, 25]
	Google maisem@google.com Maisem Ali: [2, 2]
	Red Hat tnguyen@redhat.com Thien-Thi Nguyen: [1, 1]
	Red Hat jliggitt@redhat.com Jordan Liggitt: [125, 19]
	Red Hat charlie@charliedrage.com Charlie Drage: [1, 1]
	(Unknown) ziyadbasheer213@gmail.com ziyadbasheer: [2, 2]
	Mirantis lukaszoles@gmail.com Łukasz Oleś: [122, 67]
	Red Hat mturansk@redhat.com markturansky: [19, 11]
	inovex GmbH johannes.scheuermann@inovex.de Johannes Scheuermann: [5, 5]
	Fujitsu christoph.held@est.fujitsu.com Christoph Held: [64, 41]
	Google mrubin@google.com Michael Rubin: [0, 3]
	HP allenmiller@users.noreply.github.com allenmiller: [1, 1]
	Bluescape elyscape@gmail.com Eli Young: [3, 2]
	Google krousey@users.noreply.github.com krousey: [14, 18]
	(Unknown) meng.mobile@gmail.com Liyi Meng: [1, 1]
	IBM dug@us.ibm.com Doug Davis: [0, 1]
	Weaveworks errordeveloper@gmail.com Ilya Dmitrichenko: [33, 33]
	(Unknown) raeesiqbal@users.noreply.github.com Raees Iqbal: [1, 1]
	Container Solutions catalin.jora@container-solutions.com Catalin Jora: [1, 0]
	Self nsrinivasan1976@gmail.com Naveen: [5, 5]
	Google anassri@google.com Ace Nassri: [21, 17]
	Google kelsey.hightower@gmail.com Kelsey Hightower: [12, 6]
	Detalytics wangsha@users.noreply.github.com Sha: [1, 1]
	Canonical matthew.bruzek@canonical.com Matt Bruzek: [132, 103]
	Google jrhoak@gmail.com Josh Hoak: [5, 5]
	Lightbend age.mooij@gmail.com Age Mooij: [1, 1]
	SAP imhael@gmail.com kevinll: [5, 1]
	(Unknown) me@bdang.it Ben Dang: [1, 1]
	Center for Open Science chriskseto@gmail.com Chris Seto: [1, 1]
	Google cartermorgan1321+github@gmail.com Carter Morgan: [6, 64]
	Google johndylan@google.com johndmulhausen: [42, 86]
	Self git@gg7.io George G: [24, 19]
	Uninett AS gurvindersinghdahiya@gmail.com Gurvinder Singh: [1, 1]
	Google jaredbhatti@users.noreply.github.com Jared: [2, 2]
	Medssenger scottstensland@gmail.com Scott Stensland: [1, 1]
	Mirantis dshulyak@mirantis.com Dmitry Shulyak: [21, 0]
	Parleys leenders.gert@gmail.com Gert Leenders: [1, 1]
	(Unknown) eyalev@gmail.com Eyal Levin: [3, 4]
	BloomAPI untoldone@users.noreply.github.com Michael Wasser: [1, 1]
	SalesForce mayank.kumar@salesforce.com Mayank Kumar: [1, 1]
	CoreOS dghubble@gmail.com Dalton Hubble: [4, 0]
	(Unknown) shridhar.jatin@gmail.com jatins: [5, 4]
	Jimmy Cuadra jimmy@jimmycuadra.com Jimmy Cuadra: [1, 1]
	Metaswitch matthew.dupre@metaswitch.com Matt Dupre: [6, 6]
	Emind johanan.lieberman@gmail.com Johanan Lieberman: [2, 2]
	finesse.io miller.pete@gmail.com Pete Miller: [8, 8]
	RX-M ronald.petty@gmail.com Ronald Petty: [2, 2]
	17media allanlei@helveticode.com Allan Lei: [1, 1]
	Egnyte jedroadam@gmail.com Adam J: [2, 2]
	Findyr akaplan@findyr.com Adam Kaplan: [7, 1]
	Self keglevich2@gmail.com keglevich3: [1, 1]
	Rancher alena@rancher.com Alena Prokharchyk: [1, 1]
	cloudflare ibobrik@gmail.com Ivan Babrou: [5, 5]
	CoreOS j@coreos.com Josh Wood: [206, 204]
	Republic timbrockman@users.noreply.github.com Tim Brockman: [1, 8]
	SolarWinds leecalcote@gmail.com Lee Calcote: [6, 8]
	(Unknown) xxxyel@gmail.com Jisoo Park: [1, 1]
	Sparkbit wonsek@gmail.com Tomasz Kopczynski: [1, 1]
	Google aprindle@google.com Aaron Prindle: [1647, 1119]
	Google mrick@google.com Matt Rickard: [1, 1]
	Google lorenc.d@gmail.com dlorenc: [269, 107]
	Ubisoft rodcloutier@gmail.com Rod Cloutier: [232, 15]
	(Unknown) gerd@aschemann.net Gerd Aschemann: [26, 20]
	(Unknown) brk3@users.noreply.github.com Paul Bourke: [17, 3]
	Intel balaji.warft@gmail.com Balaji Subramaniam: [631, 85]
	Intel connor.p.d@gmail.com Connor Doyle: [661, 146]
	Google davidopp@google.com David Oppenheimer: [117, 0]
	Google spxtr@google.com Joe Finney: [1751, 44]
	Google spextear@gmail.com spxtr: [110, 0]
	Google jeffml@google.com Jeff Lowdermilk: [1, 1]
image 43471 19134
	Google bryk@google.com Piotr Bryk: [0, 0]
	Self aledbf@gmail.com Manuel de Brito Fontes: [0, 0]
	Cockroach alexdwanerobinson@gmail.com Alex Robinson: [0, 19128]
	Hyper.sh harryz@hyper.sh harry: [0, 0]
	Container Solutions catalin.jora@container-solutions.com Catalin Jora: [43471, 6]
	Google ankurz@google.com ankurshukla: [0, 0]
documentation 15731 3705
	Google ramanathana@google.com foxish: [32, 23]
	Google pszczesniak@google.com Piotr Szczesniak: [2, 0]
	Google mwielgus@google.com Marcin Wielgus: [1, 0]
	Google madhusudancs@google.com Madhusudan.C.S: [12, 0]
	IBM dims@linux.vnet.ibm.com Davanum Srinivas: [3, 2]
	Red Hat decarr@redhat.com derekwaynecarr: [1, 0]
	Google xuchao@google.com Chao Xu: [0, 0]
	Google taotaotheripper@gmail.com Random-Liu: [8, 8]
	Red Hat bchilds@redhat.com bradley childs: [0, 0]
	Google rmmh@google.com Ryan Hitchman: [154, 128]
	Google thockin@google.com Tim Hockin: [3, 2]
	Google apelisse@google.com Antoine Pelisse: [2, 2]
	Red Hat asalkeld@mirantis.com Angus Salkeld: [3, 0]
	Google wojtekt@google.com Wojciech Tyczynski: [2, 4]
	Google bryk@google.com Piotr Bryk: [279, 892]
	Red Hat jchaloup@redhat.com Jan Chaloupka: [1, 0]
	Self aledbf@gmail.com Manuel de Brito Fontes: [89, 2017]
	Google grod@google.com Garrett Rodrigues: [270, 0]
	Google qlee@google.com Q-Lee: [1, 1]
	BENGLER alex@bengler.no Alexander Staubo: [2, 0]
	Google erick@fejta.com Erick Fejta: [3, 1]
	Fujitsu sebastian.florek@ts.fujitsu.com Sebastian Florek: [522, 273]
	Fujitsu maciaszczykm@users.noreply.github.com Marcin Maciaszczyk: [206, 9]
	Google pdabkowski@google.com PiotrDabkowski: [107, 0]
	Skiddoo edouard.kaiser@gmail.com Edouard Kaiser: [6, 0]
	Fujitsu denis.poisson@ts.fujitsu.com Denis Poisson: [0, 56]
	CNM Consulting clove@cnmconsulting.net chrislovecnm: [8, 5]
	Red Hat hchen@redhat.com Huamin Chen: [0, 0]
	Red Hat sttts@redhat.com Dr. Stefan Schimanski: [4, 0]
	FathomDB justin@fathomdb.com Justin Santa Barbara: [0, 0]
	Google etune@google.com Eric Tune: [0, 0]
	ZTE Corporation zhang.ke106@zte.com.cn Ke Zhang: [1, 0]
	Apprenda abrand@apprenda.com abrand: [9, 0]
	CoreOS euank@coreos.com Euan Kemp: [1, 0]
	Container Solutions catalin.jora@container-solutions.com Catalin Jora: [13880, 216]
	Google johndylan@google.com johndmulhausen: [0, 0]
	Google ankurz@google.com ankurshukla: [11, 14]
	Google mnshaw@google.com Marie Shaw: [108, 52]
ui 400 2
	Google rmmh@google.com Ryan Hitchman: [400, 2]
build 2020 1269
	Google ramanathana@google.com foxish: [20, 2]
	Google pszczesniak@google.com Piotr Szczesniak: [19, 0]
	Google mikedanese@gmail.com Mike Danese: [81, 2]
	Google madhusudancs@google.com Madhusudan.C.S: [72, 20]
	Aperian Global aaronjlevy@gmail.com Aaron Levy: [1, 1]
	DEIS michelle@deis.com Michelle Noorali: [0, 7]
	IBM dims@linux.vnet.ibm.com Davanum Srinivas: [9, 9]
	Google vishnuk@google.com Vishnu kannan: [1, 0]
	Google me@jessfraz.com Jess Frazelle: [2, 2]
	Google thockin@google.com Tim Hockin: [538, 515]
	Google apelisse@google.com Antoine Pelisse: [4, 4]
	IBM brownwm@us.ibm.com Mike Brown: [11, 1]
	Google wojtekt@google.com Wojciech Tyczynski: [0, 2]
	ZTE Corporation zhao.xiangpeng@zte.com.cn xiangpengzhao: [186, 5]
	Google bryk@google.com Piotr Bryk: [41, 120]
	Red Hat jchaloup@redhat.com Jan Chaloupka: [98, 1]
	Self aledbf@gmail.com Manuel de Brito Fontes: [36, 110]
	Google beeps@google.com Prashanth Balasubramanian: [17, 13]
	Google dbsmith@google.com Daniel Smith: [1, 32]
	Google qlee@google.com Q-Lee: [2, 1]
	Google erick@fejta.com Erick Fejta: [4, 3]
	Google gmarek@google.com gmarek: [1, 1]
	Red Hat bgardner@redhat.com Ben Gardner: [42, 10]
	Rook luxas@users.noreply.github.com Lucas Käldström: [24, 142]
	Red Hat mrunalp@gmail.com Mrunal Patel: [12, 0]
	CNM Consulting clove@cnmconsulting.net chrislovecnm: [14, 10]
	Hyper.sh feiskyer@gmail.com Pengfei Ni: [10, 0]
	Microsoft adam@reese.io Adam Reese: [10, 1]
	Mirantis mmosesohn@mirantis.com Matthew Mosesohn: [1, 119]
	Mirantis bdobrelia@mirantis.com Bogdan Dobrelya: [247, 19]
	Red Hat surajssd009005@gmail.com Suraj Deshmukh: [26, 0]
	FathomDB justin@fathomdb.com Justin Santa Barbara: [73, 32]
	Traveloka michel@traveloka.com Michel Alexandre Salim: [4, 3]
	Google mixia@google.com Minhan Xia: [2, 2]
	Red Hat maszulik@redhat.com Maciej Szulik: [2, 0]
	Google jsz@google.com Jerzy Szczepkowski: [64, 8]
	Weaveworks bryan@weave.works Bryan Boreham: [7, 7]
	Google cjcullen@google.com CJ Cullen: [26, 10]
	IBM mbauer@us.ibm.com Morgan Bauer: [3, 4]
	Google zml@google.com Zach Loafman: [19, 3]
	Red Hat jimmidyson@gmail.com Jimmi Dyson: [36, 14]
	Google adityakali@google.com Aditya Kali: [16, 3]
	Fujitsu christoph.held@est.fujitsu.com Christoph Held: [12, 0]
	Weaveworks errordeveloper@gmail.com Ilya Dmitrichenko: [5, 3]
	Google aprindle@google.com Aaron Prindle: [5, 5]
	Google lorenc.d@gmail.com dlorenc: [19, 14]
	Intel balaji.warft@gmail.com Balaji Subramaniam: [17, 3]
	Intel connor.p.d@gmail.com Connor Doyle: [15, 2]
	Google spxtr@google.com Joe Finney: [165, 4]
devel-doc 10857 47785
code 13666 8222
package 0 0
unknown 250304 700261
image 43471 19134
documentation 15731 3705
ui 400 2
build 2020 1269
