Filter on "blink"
open output file /Users/lukasz/dev/cncf/gitdm/other_repos/chromium_2016-05-01_2017-05-01_include.csv

skia-deps-roller@chromium.org is an author name, probably not what you want
catapult-deps-roller@chromium.org is an author name, probably not what you want
pdfium-deps-roller@chromium.org is an author name, probably not what you want
unknown@hacker.net Unknown hacker
ericwilligers@chromium.org ericwilligers
	unknown [0, 4]
suzyh@chromium.org suzyh
v8-autoroll@chromium.org v8-autoroll
brucedawson@chromium.org brucedawson
googleo@chromium.org googleo
tsergeant@chromium.org tsergeant
sigbjornf@opera.com sigbjornf
	unknown [7, 2]
	code [1080, 1121]
	documentation [310, 132]
shend@chromium.org shend
xiaochengh@chromium.org xiaochengh
	unknown [0, 1]
wangjimmy@chromium.org wangjimmy
raymes@chromium.org raymes
calamity@chromium.org calamity
sushkov@chromium.org sushkov
drott@chromium.org drott
	unknown [4, 0]
kouhei@chromium.org kouhei
	unknown [2, 1]
slangley@chromium.org slangley
rch@chromium.org rch
chrome-release-bot@chromium.org chrome-release-bot
alito@chromium.org alito
oka@chromium.org oka
avi@chromium.org avi
	code [6, 9]
thestig@chromium.org thestig
	unknown [2, 2]
	code [22, 22]
bashi@chromium.org bashi
	unknown [22, 24]
	code [9, 64]
tkent@chromium.org tkent
	unknown [1, 4]
	image [0, 0]
	code [67, 32]
aleksandar.stojiljkovic@intel.com aleksandar.stojiljkovic
	unknown [2, 0]
	documentation [0, 3]
rdsmith@chromium.org rdsmith
skia-deps-roller@chromium.org skia-deps-roller@chromium.org
ctzsm@chromium.org ctzsm
joenotcharles@chromium.org joenotcharles
zhaobin@chromium.org zhaobin
slan@chromium.org slan
	code [1, 1]
warx@chromium.org warx
ymzhang@chromium.org ymzhang
	unknown [7, 1]
kinuko@chromium.org kinuko
	unknown [0, 2]
	code [70, 187]
tmartino@chromium.org tmartino
fukino@chromium.org fukino
yizhou.jiang@intel.com yizhou.jiang
wychen@chromium.org wychen
szager@chromium.org szager
nigeltao@chromium.org nigeltao
skobes@chromium.org skobes
	code [5, 0]
erikchen@chromium.org erikchen
	code [1, 2]
	documentation [119, 0]
eseckler@chromium.org eseckler
	unknown [16, 1]
mohsen@chromium.org mohsen
	code [17, 9]
catapult-deps-roller@chromium.org catapult-deps-roller@chromium.org
avayvod@chromium.org avayvod
	unknown [11, 11]
	code [1242, 399]
spqchan@chromium.org spqchan
reillyg@chromium.org reillyg
	unknown [0, 5]
	code [4, 20]
zhongyi@chromium.org zhongyi
jbudorick@chromium.org jbudorick
	code [9, 3]
isherman@chromium.org isherman
dcheng@chromium.org Daniel Cheng
	unknown [44, 28]
	devel-doc [14, 0]
	code [16190, 4650]
	documentation [7197, 789]
haraken@chromium.org Kentaro Hara
	code [16, 17]
pdfium-deps-roller@chromium.org pdfium-deps-roller@chromium.org
yzshen@chromium.org yzshen
	unknown [26, 16]
	code [92, 24]
chaopeng@chromium.org chaopeng
	code [51, 3]
finnur@chromium.org finnur
chrishtr@chromium.org chrishtr
	unknown [5, 0]
	code [34, 37]
mcasas@chromium.org mcasas
	unknown [1, 2]
	code [220, 143]
khushalsagar@chromium.org khushalsagar
allada@chromium.org allada
megjablon@chromium.org megjablon
	unknown [1, 0]
	code [6, 6]
kbr@chromium.org kbr
	code [18, 16]
dschuyler@chromium.org dschuyler
acondor@google.com acondor
dtu@chromium.org dtu
vmpstr@chromium.org vmpstr
	code [56, 52]
ananta@chromium.org ananta
	code [8, 0]
mdjones@chromium.org mdjones
watk@chromium.org watk
	unknown [9, 185]
	code [281, 98]
jbauman@chromium.org jbauman
	code [15, 14]
binji@chromium.org binji
paulmeyer@chromium.org paulmeyer
rockot@chromium.org Ken Rockot
	unknown [11, 6]
	code [51, 365]
ben@chromium.org Ben Goodger
	unknown [1, 1]
	code [135, 109]
dmazzoni@chromium.org dmazzoni
	code [706, 410]
	documentation [163, 43]
petewil@chromium.org petewil
	unknown [0, 1]
	code [4, 4]
sonnysasaka@chromium.org sonnysasaka
samans@chromium.org samans
	unknown [2, 4]
nzolghadr@chromium.org nzolghadr
	unknown [1, 2]
	code [96, 133]
benchan@chromium.org benchan
eroman@chromium.org eroman
	code [5, 0]
wangxianzhu@chromium.org wangxianzhu
	unknown [144, 143]
	code [114, 166]
	documentation [6864, 317]
boliu@chromium.org boliu
	unknown [1, 4]
	code [0, 28]
jianli@chromium.org jianli
dbeam@chromium.org dbeam
	code [5, 217]
pnoland@chromium.org pnoland
ajuma@chromium.org ajuma
klausw@chromium.org klausw
	unknown [42, 14]
	code [28, 11]
fgorski@chromium.org fgorski
sky@chromium.org sky
	unknown [2, 34]
stevenjb@chromium.org stevenjb
robliao@chromium.org robliao
sorin@chromium.org sorin
dpapad@chromium.org dpapad
zijiehe@chromium.org zijiehe
estade@chromium.org estade
minch@chromium.org minch
einbinder@chromium.org einbinder
yolandyan@chromium.org yolandyan
capn@chromium.org capn
agrieve@chromium.org Andrew Grieve
meacer@chromium.org meacer
rkjnsn@chromium.org rkjnsn
dcastagna@chromium.org dcastagna
kainino@chromium.org kainino
	code [32, 2]
jdoerrie@chromium.org jdoerrie
	code [0, 4]
bnc@chromium.org bnc
fayang@chromium.org fayang
rtoy@chromium.org rtoy
	unknown [1, 1]
johnme@chromium.org johnme
vasilii@chromium.org vasilii
dvallet@chromium.org dvallet
mthiesse@chromium.org mthiesse
	code [5, 16]
dtapuska@chromium.org dtapuska
	unknown [11, 4]
	code [840, 1289]
thakis@chromium.org thakis
	unknown [22, 268]
	code [74, 376]
	documentation [2, 74]
gambard@chromium.org gambard
yigu@chromium.org yigu
	code [21, 9]
wkorman@chromium.org wkorman
	code [212, 291]
alph@chromium.org alph
	unknown [17, 18]
	code [3, 290]
ssid@chromium.org ssid
lgrey@chromium.org lgrey
nasko@chromium.org nasko
krasin@chromium.org krasin
	code [1, 0]
jdonnelly@chromium.org jdonnelly
ntfschr@chromium.org ntfschr
thomasanderson@google.com thomasanderson
	code [2, 2]
dgozman@chromium.org dgozman
	unknown [33, 43]
	code [1, 1]
robertogden@chromium.org robertogden
jrummell@chromium.org jrummell
	unknown [0, 1]
	code [729, 401]
skym@chromium.org skym
pavely@chromium.org pavely
jonross@chromium.org jonross
	unknown [17, 54]
	code [1014, 749]
mek@chromium.org mek
	unknown [29, 9]
	code [7, 26]
lunalu@chromium.org lunalu
	code [4, 4]
ellyjones@chromium.org ellyjones
	unknown [1, 1]
perezju@chromium.org perezju
	code [17, 17]
sunxd@chromium.org sunxd
pilgrim@chromium.org pilgrim
fs@opera.com fs
	unknown [1, 3]
erg@chromium.org erg
	unknown [1, 0]
gcomanici@chromium.org gcomanici
phajdan.jr@chromium.org phajdan.jr
	unknown [6611, 0]
	code [277, 0]
hiroshige@chromium.org hiroshige
	unknown [0, 4]
kumarniranjan@google.com kumarniranjan
bsheedy@chromium.org bsheedy
yosin@chromium.org yosin
wjmaclean@chromium.org wjmaclean
	unknown [3, 2]
	code [3, 3]
kylechar@chromium.org kylechar
	code [1, 1]
pkotwicz@chromium.org pkotwicz
catmullings@chromium.org catmullings
lfg@chromium.org lfg
	code [13, 8]
justincohen@chromium.org justincohen
vadimt@chromium.org vadimt
jam@chromium.org jam
	unknown [7, 4]
	code [68, 63]
emx@chromium.org emx
lizeb@chromium.org lizeb
mstensho@opera.com mstensho
twellington@chromium.org twellington
adithyas@chromium.org adithyas
	unknown [2, 5]
	code [3, 25]
torne@chromium.org torne
kapishnikov@chromium.org kapishnikov
weidongg@chromium.org weidongg
ynovikov@chromium.org ynovikov
alexilin@chromium.org alexilin
rdevlin.cronin@chromium.org rdevlin.cronin
tsepez@chromium.org tsepez
ftirelo@chromium.org ftirelo
juliatuttle@chromium.org juliatuttle
brettw@chromium.org brettw
	unknown [39, 3225]
	code [34, 26]
yasong@chromium.org yasong
eustas@chromium.org eustas
japhet@chromium.org japhet
mgersh@chromium.org mgersh
jamescook@chromium.org jamescook
chfremer@chromium.org chfremer
	code [1, 1]
corona10@gmail.com corona10
	code [25, 28]
junov@chromium.org junov
	unknown [2, 0]
	code [17, 0]
hcarmona@chromium.org hcarmona
	code [17, 15]
drcrash@chromium.org drcrash
fdoray@chromium.org fdoray
	code [73, 59]
bsazonov@chromium.org bsazonov
slan@google.com Stephen Lanham
halliwell@chromium.org Luke Halliwell
	code [14, 10]
csharrison@chromium.org csharrison
	unknown [2, 0]
	code [118, 16]
luoe@chromium.org luoe
galinap@google.com galinap
lukasza@chromium.org lukasza
	unknown [1, 1]
	code [109, 85]
oysteine@chromium.org oysteine
	code [1, 1]
nhiroki@chromium.org nhiroki
igorcov@chromium.org igorcov
lanwei@chromium.org lanwei
	code [76, 44]
sunnyps@chromium.org Sunny Sachanandani
	unknown [0, 1]
	code [3, 1]
danakj@chromium.org danakj
	unknown [0, 111]
	code [67, 306]
schenney@chromium.org schenney
	unknown [0, 1]
	image [0, 0]
	code [0, 4]
fhorschig@chromium.org fhorschig
mnissler@chromium.org mnissler
mahmadi@chromium.org mahmadi
mmoroz@chromium.org mmoroz
sfiera@chromium.org sfiera
sczs@chromium.org sczs
horo@chromium.org horo
	unknown [1, 0]
	code [34, 5]
yhirano@chromium.org yhirano
	unknown [1, 0]
	code [27, 17]
treib@chromium.org treib
sdefresne@chromium.org sdefresne
	code [3, 0]
dvadym@chromium.org dvadym
rsorokin@chromium.org rsorokin
timvolodine@chromium.org timvolodine
	code [1, 1]
verwaest@chromium.org verwaest
landell@opera.com landell
delphick@chromium.org delphick
	code [17, 0]
senorblanco@chromium.org senorblanco
	code [12, 3]
primiano@chromium.org primiano
maxmorin@chromium.org maxmorin
altimin@chromium.org altimin
	unknown [10, 8]
	code [188, 187]
rmcilroy@chromium.org rmcilroy
dgn@chromium.org dgn
eugenebut@chromium.org eugenebut
peconn@chromium.org peconn
olivierrobin@chromium.org olivierrobin
i-ts@yandex-team.ru i-ts
dullweber@chromium.org dullweber
sacomoto@chromium.org sacomoto
shanmuga.m@samsung.com shanmuga.m
dtrainor@chromium.org dtrainor
mlippautz@chromium.org Michael Lippautz
	documentation [189, 149]
jif@chromium.org jif
apisarev@yandex-team.ru apisarev
dpranke@chromium.org dpranke
	unknown [12, 6]
	code [1, 1]
yutak@chromium.org yutak
andypaicu@chromium.org andypaicu
	unknown [0, 2]
xinghua.cao@intel.com xinghua.cao
tengs@chromium.org tengs
wzang@chromium.org wzang
bugsnash@chromium.org bugsnash
rune@opera.com rune
mgiuca@chromium.org mgiuca
	unknown [1, 0]
mattm@chromium.org mattm
juncai@chromium.org juncai
	unknown [5, 7]
	code [8, 32]
	documentation [0, 5]
khorimoto@chromium.org khorimoto
qinmin@chromium.org qinmin
	code [1, 1]
jzfeng@chromium.org jzfeng
jcivelli@chromium.org jcivelli
	code [18, 18]
sadrul@chromium.org sadrul
	code [9, 13]
findit-for-me@appspot.gserviceaccount.com findit-for-me
rlanday@chromium.org rlanday
	code [18, 14]
c.padhi@samsung.com c.padhi
crouleau@chromium.org crouleau
kozyatinskiy@chromium.org kozyatinskiy
	unknown [2, 1]
glebl@chromium.org glebl
jinsukkim@chromium.org jinsukkim
	unknown [4, 0]
aelias@chromium.org aelias
mmoss@chromium.org mmoss
csashi@google.com csashi
sque@chromium.org sque
dspaid@chromium.org dspaid
rob.buis@samsung.com rob.buis
nyquist@chromium.org Tommy Nyquist
afakhry@chromium.org afakhry
hanxi@chromium.org hanxi
xlai@chromium.org xlai
	unknown [83, 7]
	code [15, 5]
tetsui@google.com tetsui
mmenke@chromium.org mmenke
sergeyu@chromium.org sergeyu
ltian@chromium.org ltian
dmurph@chromium.org dmurph
	code [1, 1]
hzl@google.com hzl
pwnall@chromium.org pwnall
	code [0, 1]
fmeawad@chromium.org fmeawad
esum@chromium.org esum
tguilbert@chromium.org tguilbert
	unknown [1, 1]
	code [253, 150]
nick@chromium.org nick
hongchan@chromium.org hongchan
	unknown [0, 2]
pdr@chromium.org pdr
	unknown [10, 6]
	code [145, 143]
cjgrant@chromium.org cjgrant
tdanderson@chromium.org tdanderson
xhwang@chromium.org xhwang
	unknown [1, 4]
	code [300, 138]
timav@chromium.org timav
pfeldman@chromium.org pfeldman
	unknown [11, 3]
dpranke@google.com Dirk Pranke
tandrii@chromium.org Andrii Shyshkalov
	unknown [20, 20]
mpearson@chromium.org Mark Pearson
	unknown [1, 0]
donnd@chromium.org donnd
ericrk@chromium.org ericrk
yusufo@chromium.org yusufo
gogerald@chromium.org gogerald
chengx@chromium.org chengx
	code [125, 8]
tsunghung@chromium.org tsunghung
	code [55, 25]
zmin@chromium.org zmin
	code [1, 1]
zpeng@chromium.org zpeng
fjhenigman@chromium.org fjhenigman
ccameron@chromium.org ccameron
	code [25, 37]
msarett@google.com msarett
dfalcantara@chromium.org dfalcantara
shess@chromium.org shess
xiyuan@chromium.org xiyuan
anthonyvd@chromium.org anthonyvd
shaktisahu@chromium.org shaktisahu
	code [36, 10]
amp@chromium.org amp
	code [17, 14]
ryansturm@chromium.org ryansturm
mathp@chromium.org mathp
	unknown [2, 1]
	code [15, 7]
muyuanli@chromium.org muyuanli
tommycli@chromium.org tommycli
	unknown [0, 1]
msarda@chromium.org msarda
jinho.bang@samsung.com jinho.bang
foolip@chromium.org foolip
	code [0, 1]
jbroman@chromium.org jbroman
	unknown [50, 32]
	code [195, 153]
	documentation [15, 6]
nednguyen@google.com nednguyen
	unknown [16, 10]
	code [593, 19]
richard.townsend@arm.com richard.townsend
bokan@chromium.org bokan
	code [50, 32]
tiborg@chromium.org tiborg
egdaniel@chromium.org egdaniel
moshayedi@chromium.org moshayedi
	unknown [21, 2]
	code [253, 186]
mikhail.pozdnyakov@intel.com mikhail.pozdnyakov
	code [77, 43]
tanvir.rizvi@samsung.com tanvir.rizvi
mustaq@chromium.org mustaq
	code [255, 157]
wnwen@chromium.org wnwen
sebsg@chromium.org sebsg
bmcquade@chromium.org bmcquade
mlamouri@chromium.org mlamouri
	unknown [23, 42]
	image [0, 0]
	code [192, 122]
mattgaunt@google.com mattgaunt
rouslan@chromium.org rouslan
peter@chromium.org peter
	unknown [8, 3]
	code [300, 151]
bratell@opera.com bratell
rsesek@chromium.org Robert Sesek
pmeenan@chromium.org pmeenan
hjd@chromium.org hjd
neis@chromium.org neis
vitaliii@chromium.org vitaliii
sullivan@chromium.org sullivan
	code [6, 1]
tzik@chromium.org tzik
	unknown [4, 3]
	code [24, 23]
fmalita@chromium.org fmalita
	code [3, 5]
zakerinasab@chromium.org zakerinasab
lod@chromium.org lod
rhalavati@chromium.org rhalavati
rego@igalia.com rego
tnagel@chromium.org tnagel
pmarko@chromium.org pmarko
isandrk@chromium.org isandrk
keishi@chromium.org keishi
	unknown [0, 2]
hayato@chromium.org hayato
	unknown [0, 12]
	code [0, 1]
aberent@chromium.org aberent
yukishiino@chromium.org yukishiino
	code [0, 1]
alexander.shalamov@intel.com alexander.shalamov
	unknown [0, 14]
jkrcal@chromium.org jkrcal
chongz@chromium.org chongz
	unknown [15, 1]
	code [1527, 106]
ortuno@chromium.org ortuno
	unknown [8, 8]
	code [2, 1]
eae@chromium.org eae
tedchoc@chromium.org Ted Choc
avallee@chromium.org avallee
emircan@chromium.org emircan
tgfjt.mail@gmail.com tgfjt.mail
srirama.m@samsung.com srirama.m
xjz@chromium.org xjz
	unknown [2, 0]
	image [0, 0]
	code [143, 60]
mbjorge@chromium.org Mike Bjorge
ichikawa@chromium.org ichikawa
msw@chromium.org msw
	code [0, 1]
estark@chromium.org estark
nainar@chromium.org nainar
yipengw@chromium.org Yipeng Wang
mmoss@google.com Michael Moss
dimu@google.com dimu
bcwhite@chromium.org bcwhite
karandeepb@chromium.org karandeepb
dewittj@chromium.org dewittj
	code [2, 12]
braveyao@chromium.org braveyao
lazyboy@chromium.org lazyboy
	code [16, 4]
varkha@chromium.org varkha
stanisc@chromium.org stanisc
sashab@chromium.org sashab
krb@chromium.org krb
newcomer@chromium.org newcomer
asvitkine@chromium.org asvitkine
	code [10, 10]
yuzus@chromium.org yuzus
	unknown [1, 1]
oshima@chromium.org oshima
	code [5, 0]
rayb@ca.ibm.com rayb
vabr@chromium.org vabr
	code [1, 1]
robhogan@gmail.com robhogan
danyao@chromium.org danyao
penghuang@chromium.org penghuang
yuki.sekiguchi@access-company.com yuki.sekiguchi
injae@google.com injae
ckuiper@chromium.org ckuiper
bsep@chromium.org bsep
	unknown [8, 0]
	code [9, 2]
zhihuang@chromium.org zhihuang
takumif@chromium.org takumif
yucliu@chromium.org yucliu
	code [2, 0]
brianosman@google.com brianosman
shivanisha@chromium.org shivanisha
davidben@chromium.org davidben
	code [6, 5]
siggi@chromium.org siggi
proberge@chromium.org proberge
xingliu@chromium.org xingliu
lilyhoughton@google.com lilyhoughton
skyostil@chromium.org skyostil
	unknown [121, 4]
	code [56, 89]
wolenetz@chromium.org wolenetz
	code [18, 13]
wez@chromium.org wez
nicholss@chromium.org nicholss
yoshiki@chromium.org yoshiki
jsbell@chromium.org jsbell
	code [2, 5]
rogerm@chromium.org rogerm
michaelbai@chromium.org michaelbai
engedy@chromium.org engedy
	unknown [1, 0]
elawrence@chromium.org elawrence
holmer@chromium.org holmer
wutao@chromium.org wutao
rbpotter@chromium.org rbpotter
enne@chromium.org enne
	unknown [2, 0]
	code [15, 33]
xunjieli@chromium.org xunjieli
gmanikpure@chromium.org gmanikpure
nbishop@neverware.com nbishop
gab@chromium.org gab
	code [14, 12]
hablich@chromium.org hablich
machenbach@chromium.org machenbach
miguelg@chromium.org miguelg
joelhockey@chromium.org joelhockey
alemate@chromium.org alemate
mastiz@chromium.org mastiz
pastarmovj@chromium.org pastarmovj
mattcary@chromium.org mattcary
tansell@chromium.org tansell
kojii@chromium.org kojii
	unknown [24974, 1750]
	code [0, 1]
martis@chromium.org martis
ilnik@chromium.org ilnik
jlebel@chromium.org jlebel
dominicc@chromium.org dominicc
	code [0, 9]
alexclarke@chromium.org alexclarke
	unknown [5, 3]
deadbeef@chromium.org deadbeef
yoichio@chromium.org yoichio
	code [3, 0]
peria@chromium.org peria
yhanada@chromium.org yhanada
romax@chromium.org romax
msramek@chromium.org msramek
djmix.kim@samsung.com djmix.kim
alancutter@chromium.org alancutter
trchen@chromium.org trchen
	unknown [1, 0]
	code [6, 0]
kmarshall@chromium.org kmarshall
sanfin@chromium.org sanfin
tasak@google.com tasak
	code [17, 3]
jaydasika@chromium.org jaydasika
pdyson@chromium.org pdyson
gangwu@chromium.org gangwu
piperc@chromium.org piperc
amaralp@chromium.org amaralp
chcunningham@chromium.org chcunningham
	code [166, 96]
ochang@chromium.org ochang
scottchen@chromium.org scottchen
arthursonzogni@chromium.org arthursonzogni
	code [9, 10]
ekaramad@chromium.org ekaramad
	code [6, 0]
huangs@chromium.org huangs
hans@chromium.org hans
kenrb@chromium.org kenrb
pcc@chromium.org pcc
carlosk@chromium.org carlosk
	unknown [3, 1]
	code [31, 8]
ikilpatrick@chromium.org ikilpatrick
	documentation [32, 0]
kylixrd@chromium.org kylixrd
hubbe@chromium.org hubbe
	code [673, 154]
mad@chromium.org mad
bsalomon@google.com bsalomon
	code [0, 2]
estevenson@chromium.org estevenson
hansberry@chromium.org hansberry
fserb@chromium.org fserb
bruthig@chromium.org bruthig
shrike@chromium.org shrike
martiniss@chromium.org Stephen Martinis
	code [1, 0]
ulan@chromium.org Ulan Degenbaev
cjp822@gmail.com cjp822
jiahuiguo@google.com jiahuiguo
grt@chromium.org grt
cylee@chromium.org cylee
wangyix@chromium.org wangyix
johnchen@chromium.org johnchen
tmoniuszko@opera.com tmoniuszko
jmadill@chromium.org jmadill
weiliangc@chromium.org weiliangc
pkalinnikov@chromium.org pkalinnikov
geofflang@chromium.org geofflang
	code [2, 23]
toyoshim@chromium.org toyoshim
	unknown [0, 6]
	documentation [39, 10]
gogag2@gmail.com gogag2
lpromero@chromium.org lpromero
tfarina@chromium.org tfarina
	code [2, 3]
robertphillips@google.com robertphillips
limasdf@gmail.com limasdf
melandory@chromium.org melandory
raphael.kubo.da.costa@intel.com raphael.kubo.da.costa
	code [15, 15]
yamaguchi@chromium.org yamaguchi
shoon.kim@lge.com shoon.kim
edcourtney@chromium.org edcourtney
hashimoto@chromium.org hashimoto
pasko@chromium.org pasko
skau@chromium.org skau
ningxin.hu@intel.com ningxin.hu
hiroh@chromium.org hiroh
leon.han@intel.com leon.han
	unknown [2, 0]
	code [12, 3]
sungmann.cho@navercorp.com sungmann.cho
vovoy@chromium.org vovoy
sammiequon@chromium.org sammiequon
nrpeter@google.com nrpeter
rnk@chromium.org rnk
	code [1, 1]
aluo@chromium.org aluo
rnephew@chromium.org rnephew
	unknown [32, 15]
	code [4, 3]
mushan@chromium.org mushan
servolk@chromium.org servolk
	code [162, 51]
xing.xu@intel.com xing.xu
iclelland@google.com Ian Clelland
creis@chromium.org Charles Reis
marpan@chromium.org marpan
binlu@google.com binlu
sbc@chromium.org sbc
lgarron@chromium.org lgarron
simonhong@chromium.org simonhong
michaelpg@chromium.org michaelpg
chenwilliam@chromium.org chenwilliam
	code [45, 38]
yuweih@chromium.org yuweih
morlovich@chromium.org morlovich
mike@mikepennisi.com mike
bcf@chromium.org bcf
bungeman@chromium.org bungeman
	code [1, 0]
zea@chromium.org zea
hs1217.lee@samsung.com hs1217.lee
awdf@chromium.org awdf
	code [9, 5]
svillar@igalia.com svillar
	code [1, 1]
zqzhang@chromium.org zqzhang
	unknown [5, 0]
	code [30, 23]
blink-rebaseline-bot@chromium.org Rebaseline Bot
jgruber@chromium.org jgruber
yawano@chromium.org yawano
hbos@chromium.org hbos
	unknown [1, 0]
ricea@chromium.org ricea
	unknown [0, 1]
	code [56, 52]
mcgreevy@chromium.org mcgreevy
pkl@chromium.org pkl
qyearsley@chromium.org qyearsley
	unknown [43, 6]
	documentation [159, 0]
kinaba@chromium.org kinaba
dominickn@chromium.org dominickn
	code [24, 16]
ke.he@intel.com ke.he
	code [1, 9]
martiw@chromium.org martiw
meade@chromium.org meade
fsamuel@chromium.org fsamuel
	unknown [4, 0]
blink-w3c-test-autoroller@chromium.org Blink W3C Test Autoroller
manzagop@chromium.org manzagop
jeffschiller@google.com jeffschiller
tapted@chromium.org tapted
	unknown [51, 51]
	code [7, 0]
dougt@chromium.org dougt
	code [3, 3]
	documentation [1, 1]
guidou@chromium.org guidou
	unknown [8, 7]
	code [64, 19]
benwells@chromium.org benwells
	documentation [3, 5]
tonikitoo@igalia.com tonikitoo
asanka@chromium.org Asanka Herath
jkarlin@chromium.org Josh Karlin
dalecurtis@chromium.org dalecurtis
	unknown [8, 15]
	code [2311, 5060]
malaykeshav@chromium.org malaykeshav
rsleevi@chromium.org rsleevi
	code [0, 36]
paulirish@chromium.org Paul Irish
liaoyuke@chromium.org liaoyuke
xiaoyinh@chromium.org xiaoyinh
lushnikov@chromium.org lushnikov
updowndota@chromium.org updowndota
satorux@chromium.org satorux
seantopping@chromium.org seantopping
staraz@chromium.org staraz
damargulis@chromium.org damargulis
thomasanderson@chromium.org Thomas Anderson
rajendrant@chromium.org rajendrant
shenghuazhang@chromium.org shenghuazhang
mfomitchev@chromium.org mfomitchev
	unknown [3, 3]
	code [4, 4]
alexis.menard@intel.com alexis.menard
laforge@chromium.org laforge
huangml@chromium.org huangml
dskiba@chromium.org dskiba
qyearsley@google.com Quinten Yearsley
	code [147, 1]
	unknown [843, 0]
	image [0, 0]
	documentation [4451, 0]
robertshield@chromium.org robertshield
nektar@chromium.org nektar
	code [199, 94]
	documentation [135, 62]
hajimehoshi@chromium.org hajimehoshi
	unknown [0, 2]
ljusten@chromium.org ljusten
tobiasjs@chromium.org tobiasjs
spang@chromium.org spang
smcgruer@chromium.org smcgruer
	code [8, 0]
emaxx@chromium.org emaxx
olka@chromium.org olka
	code [156, 59]
clamy@chromium.org clamy
pbos@chromium.org pbos
junwei.fu@intel.com junwei.fu
henrika@chromium.org henrika
	unknown [2, 0]
	code [5, 5]
ollel@opera.com ollel
nikhil.sahni@samsung.com nikhil.sahni
jzw@chromium.org jzw
reveman@chromium.org reveman
tyoshino@chromium.org tyoshino
	unknown [2, 2]
	code [112, 139]
vollick@chromium.org vollick
	unknown [4, 2]
	code [36, 13]
jorgelo@chromium.org jorgelo
patricialor@chromium.org patricialor
shenchao@chromium.org shenchao
sgurun@chromium.org sgurun
mtrofin@chromium.org mtrofin
zoeclifford@chromium.org zoeclifford
kaznacheev@chromium.org kaznacheev
joedow@chromium.org joedow
hamelphi@chromium.org hamelphi
justincarlson@chromium.org justincarlson
etienneb@chromium.org etienneb
michaeln@chromium.org michaeln
cliffordcheng@chromium.org cliffordcheng
martijn@martijnc.be Martijn Croonen
poromov@chromium.org poromov
qiankun.miao@intel.com qiankun.miao
nya@chromium.org nya
noel@chromium.org noel
	unknown [21, 6]
alex-ac@yandex-team.ru alex-ac
girard@chromium.org girard
cwallez@chromium.org cwallez
vakh@chromium.org vakh
reed@google.com reed
	code [68, 75]
paezagon@chromium.org paezagon
ahest@yandex-team.ru ahest
macourteau@chromium.org macourteau
mblsha@yandex-team.ru mblsha
mythria@chromium.org Mythri Alle
tdresser@chromium.org tdresser
jochen@chromium.org jochen
takise@google.com takise
a-v-y@yandex-team.ru a-v-y
aboxhall@chromium.org aboxhall
	code [1, 3]
	documentation [19, 0]
ksakamoto@chromium.org ksakamoto
shimazu@chromium.org shimazu
mtomasz@chromium.org mtomasz
ojan@chromium.org ojan
	code [0, 1]
gchatz@chromium.org gchatz
jdufault@chromium.org jdufault
kerrnel@chromium.org kerrnel
kkhorimoto@chromium.org kkhorimoto
paulmiller@chromium.org paulmiller
rjkroege@chromium.org rjkroege
	code [2, 3]
lpy@chromium.org lpy
baxley@chromium.org baxley
dougarnett@chromium.org dougarnett
phosek@chromium.org phosek
aleventhal@chromium.org aleventhal
	code [27, 10]
	documentation [11, 8]
mef@chromium.org mef
mark@chromium.org mark
panicker@chromium.org panicker
	unknown [0, 4]
jialiul@chromium.org jialiul
sebmarchand@chromium.org sebmarchand
sandersd@chromium.org sandersd
	unknown [1, 0]
	code [595, 644]
chrisha@chromium.org chrisha
chiniforooshan@chromium.org chiniforooshan
boushley@gmail.com boushley
sakal@chromium.org sakal
	code [13, 24]
mvanouwerkerk@chromium.org mvanouwerkerk
	code [0, 29]
asimjour@chromium.org asimjour
gsennton@chromium.org gsennton
stkhapugin@chromium.org stkhapugin
iclelland@chromium.org iclelland
	unknown [3, 0]
	code [31, 0]
bauerb@chromium.org bauerb
falken@chromium.org falken
zmo@chromium.org zmo
sammc@chromium.org Sam McNally
	unknown [6, 23]
	code [119, 19]
jeffcarp@chromium.org Jeff Carpenter
dongseong.hwang@intel.com dongseong.hwang
caseq@chromium.org caseq
	code [0, 43]
mrefaat@chromium.org mrefaat
scheib@chromium.org scheib
	code [88, 1]
derat@chromium.org derat
chili@chromium.org chili
rohitrao@chromium.org rohitrao
scottmg@chromium.org scottmg
	unknown [10, 3]
hmchen@chromium.org hmchen
svaldez@chromium.org svaldez
gordana.cmiljanovic@imgtec.com Gordana Cmiljanovic
bshe@chromium.org bshe
dtseng@chromium.org dtseng
	code [28, 26]
	documentation [40, 39]
grunell@chromium.org grunell
	code [21, 15]
hidehiko@chromium.org hidehiko
timloh@chromium.org timloh
ecobos@igalia.com ecobos
tibell@chromium.org tibell
	unknown [2, 6]
	code [19, 0]
romain.pokrzywka@gmail.com romain.pokrzywka
kmackay@chromium.org kmackay
bhagirathi.s@samsung.com bhagirathi.s
shinyak@chromium.org shinyak
ramyasharma@chromium.org ramyasharma
refack@gmail.com refack
ftang@chromium.org ftang
alexmos@chromium.org alexmos
tbarzic@chromium.org tbarzic
mikecase@chromium.org mikecase
fbarchard@google.com fbarchard
iceman@yandex-team.ru iceman
andrew.macpherson@soundtrap.com andrew.macpherson
	code [12, 18]
jsaul@google.com jsaul
scroggo@chromium.org scroggo
drbasic@yandex-team.ru drbasic
vasilvv@chromium.org vasilvv
sataya.m@samsung.com sataya.m
tadanori.aruga@gmail.com tadanori.aruga
khmel@chromium.org khmel
esprehn@chromium.org esprehn
	unknown [5, 5]
michaeldo@chromium.org michaeldo
danzh@chromium.org danzh
bshaya@google.com bshaya
twifkak@chromium.org twifkak
xidachen@chromium.org xidachen
	unknown [9, 0]
	code [33, 24]
mattreynolds@chromium.org mattreynolds
teravest@chromium.org teravest
wfh@chromium.org wfh
droger@chromium.org droger
sdy@chromium.org sdy
marq@chromium.org marq
halcanary@google.com halcanary
hugoh@opera.com hugoh
cbiesinger@chromium.org cbiesinger
cmumford@chromium.org cmumford
xdai@chromium.org xdai
mrunal.kapade@intel.com mrunal.kapade
scottkirkwood@chromium.org scottkirkwood
dproctor@google.com dproctor
jameswest@google.com jameswest
	code [54, 58]
edchin@chromium.org edchin
mariakhomenko@chromium.org mariakhomenko
pennymac@chromium.org pennymac
ajo@chromium.org ajo
ahemery@chromium.org ahemery
xiyuan@google.com Xiyuan Xia
kolos@chromium.org kolos
cychiang@chromium.org cychiang
rduszynski@opera.com rduszynski
julien.isorce@chromium.org julien.isorce
kjellander@chromium.org kjellander
tikuta@chromium.org tikuta
peterlaurens@chromium.org peterlaurens
rogerta@chromium.org rogerta
kayce@google.com kayce
domlaskowski@chromium.org domlaskowski
achuith@chromium.org Achuith Bhandarkar
rbyers@chromium.org rbyers
	code [6, 21]
b.kelemen@samsung.com b.kelemen
elichtenberg@google.com elichtenberg
xiaochu@chromium.org xiaochu
jiewu@chromium.org jiewu
zinovy.nis@gmail.com zinovy.nis
eostroukhov@chromium.org eostroukhov
	unknown [0, 1]
djacobo@chromium.org djacobo
yiyix@chromium.org yiyix
mkwst@chromium.org mkwst
	code [4, 2]
	unknown [1, 0]
	documentation [1, 0]
pschaffner@chromium.org pschaffner
hlundin@chromium.org hlundin
msisov@igalia.com msisov
pavor@yandex-team.ru pavor
parastoog@google.com parastoog
liberato@chromium.org liberato
	code [26, 4]
miu@chromium.org miu
	code [6, 0]
bpastene@chromium.org bpastene
smut@google.com smut
jshin@chromium.org jshin
cblume@chromium.org cblume
nodir@chromium.org nodir
palmer@chromium.org palmer
	code [1, 2]
mtklein@chromium.org Mike Klein
cwhan.tunz@gmail.com cwhan.tunz
leszeks@chromium.org leszeks
yoav@yoav.ws yoav
billorr@chromium.org billorr
pkasting@chromium.org pkasting
	code [31, 31]
cernekee@chromium.org cernekee
chasej@chromium.org chasej
	unknown [1, 0]
uzair.jaleel@samsung.com uzair.jaleel
sclittle@chromium.org sclittle
nharper@chromium.org nharper
khmel@google.com Yury Khmel
linben@chromium.org linben
changwan@chromium.org changwan
dgrogan@chromium.org David Grogan
holte@chromium.org holte
flackr@chromium.org flackr
	unknown [1, 0]
	code [56, 0]
dimich@chromium.org dimich
pauljensen@chromium.org pauljensen
matthewtff@yandex-team.ru matthewtff
irisu@chromium.org irisu
alokp@chromium.org alokp
	code [111, 333]
blink-reformat@chromium.org Blink Reformat
	code [3974, 4020]
sugoi@chromium.org sugoi
kdzwinel@gmail.com kdzwinel
nghianguyenbh@gmail.com Nghia Nguyen
steimel@chromium.org steimel
sahel@chromium.org sahel
	unknown [1, 1]
	code [1030, 241]
xzhang@adobe.com xzhang
diannahu@chromium.org diannahu
jfernandez@igalia.com jfernandez
nisse@chromium.org nisse
beaufort.francois@gmail.com beaufort.francois
chrome-cron@google.com chrome-cron
ckrasic@chromium.org ckrasic
yfriedman@chromium.org yfriedman
csharp@chromium.org csharp
brandon.furtwangler@oculus.com Brandon.Furtwangler
	code [14, 0]
hta@chromium.org hta
	code [14, 5]
sergiyb@chromium.org sergiyb
dyaroshev@yandex-team.ru dyaroshev
domenic@chromium.org domenic
shunhsingou@chromium.org shunhsingou
sabbakumov@yandex-team.ru sabbakumov
imcheng@chromium.org imcheng
kelvinp@chromium.org kelvinp
kraush@amazon.com kraush
wanchang.ryu@lge.com wanchang.ryu
fwang@igalia.com fwang
glevin@chromium.org glevin
asapersson@chromium.org asapersson
ackermanb@chromium.org ackermanb
bajones@chromium.org bajones
	unknown [0, 1]
phulce@chromium.org phulce
jamiewalch@chromium.org jamiewalch
tim@rnc-ag.de tim
denniskempin@chromium.org denniskempin
	code [5, 2]
ajwong@chromium.org ajwong
sandv@chromium.org sandv
kschimpf@chromium.org kschimpf
jbauch@webrtc.org jbauch
palar@yandex-team.ru palar
mikecase@google.com Mike Case
rkaplow@chromium.org rkaplow
riesa@chromium.org riesa
qiangchen@chromium.org qiangchen
dahollings@chromium.org dahollings
iannucci@chromium.org iannucci
	unknown [0, 140]
	code [2, 2]
pinkerton@chromium.org pinkerton
stgao@chromium.org stgao
mxnguyen@chromium.org mxnguyen
birenroy@chromium.org birenroy
piman@chromium.org piman
	code [13, 13]
jasonkliu@chromium.org jasonkliu
sense@yandex-team.ru sense
vapier@chromium.org vapier
waffles@chromium.org waffles
justrog@oculus.com justrog
xiaohuic@chromium.org xiaohuic
garykac@chromium.org garykac
jeremyle@chromium.org jeremyle
riajiang@chromium.org riajiang
	code [10, 12]
zijiang@chromium.org zijiang
jwanda@chromium.org jwanda
szhangcs@google.com szhangcs
huy.duongdinh@gmail.com Huy.DuongDinh
xiangze.zhang@intel.com xiangze.zhang
charliea@chromium.org Charlie Andrews
jennyz@chromium.org jennyz
simonhatch@chromium.org simonhatch
rijubrata.bhaumik@intel.com rijubrata.bhaumik
martin@martinrogalla.com martin
samuong@chromium.org samuong
ios-autoroller@chromium.org ios-autoroller
nacl-deps-roller@chromium.org nacl-deps-roller
yorkelee@google.com yorkelee
leilei@chromium.org leilei
davidsac@chromium.org davidsac
	code [1, 1]
sunjian@chromium.org sunjian
petermayo@chromium.org petermayo
agable@chromium.org Aaron Gable
rjshade@chromium.org rjshade
mcnee@chromium.org mcnee
peary2@gmail.com peary2
	code [4, 23]
patrickwonders@gmail.com patrickwonders
tommyt@opera.com tommyt
wuchengli@chromium.org wuchengli
marcin@mwiacek.com marcin
tbansal@chromium.org tbansal
	unknown [1, 0]
ranj@chromium.org ranj
xzhou@chromium.org xzhou
gfhuang@chromium.org gfhuang
karlo@opera.com karlo
sath@yandex-team.ru sath
mfoltz@chromium.org mfoltz
	unknown [50, 1]
sprang@chromium.org sprang
ehmaldonado@chromium.org ehmaldonado
jwd@chromium.org jwd
dsinclair@chromium.org dsinclair
davidsz@inf.u-szeged.hu davidsz
johannkoenig@google.com johannkoenig
tommi@chromium.org tommi
	code [26, 16]
harkness@chromium.org harkness
	unknown [1, 0]
blundell@chromium.org blundell
	code [576, 52]
akalugin@yandex-team.ru akalugin
robertphillips@chromium.org Robert Phillips
johnylin@chromium.org johnylin
k.devara@samsung.com k.devara
inferno@chromium.org inferno
wittman@chromium.org wittman
cco3@chromium.org cco3
lindsayw@chromium.org lindsayw
ashleymarie@chromium.org Ashley Enstad
	code [18, 0]
lpz@chromium.org lpz
cathiechen@tencent.com cathiechen
lambroslambrou@chromium.org lambroslambrou
peleg3@gmail.com peleg3
jlevasseur@chromium.org jlevasseur
edwardjung@chromium.org edwardjung
gonzalon@chromium.org gonzalon
shenghao@chromium.org shenghao
qingchengl@opera.com qingchengl
james@apphaus.co.uk james
robertocn@chromium.org Roberto Carrillo
	code [3, 1]
robpercival@chromium.org robpercival
mpawlowski@opera.com mpawlowski
kcwu@chromium.org kcwu
yabinh@chromium.org yabinh
piotrs@chromium.org piotrs
mkolom@yandex-team.ru mkolom
joone.hur@intel.com joone.hur
	documentation [2, 2]
atotic@chromium.org atotic
iankc@google.com iankc
georgesak@chromium.org georgesak
tomas.popela@gmail.com tomas.popela
mostynb@opera.com mostynb
yakov@impossibledreams.net yakov
rvera@chromium.org rvera
ryanchung@chromium.org ryanchung
pmonette@chromium.org pmonette
aicommander@gmail.com aicommander
prasadv@google.com prasadv
	code [1, 0]
dglazkov@chromium.org dglazkov
	unknown [0, 1]
cbruni@chromium.org cbruni
daniel.bevenius@gmail.com daniel.bevenius
venkat.nj@samsung.com venkat.nj
thanhph@chromium.org thanhph
philipp.hancke@googlemail.com philipp.hancke
vitalybuka@chromium.org vitalybuka
dschuff@chromium.org dschuff
abhishekbh@google.com abhishekbh
jri@chromium.org jri
art-snake@yandex-team.ru art-snake
kochi@chromium.org kochi
tsniatowski@opera.com tsniatowski
mcchou@google.com mcchou
oetuaho@nvidia.com oetuaho
lgcheng@google.com lgcheng
charleszhao@chromium.org charleszhao
aizatsky@chromium.org aizatsky
capn@google.com Nicolas Capens
yuryu@chromium.org yuryu
zhenw@chromium.org zhenw
	code [2, 1]
hirono@chromium.org hirono
wuandy@google.com wuandy
rahulchaudhry@google.com rahulchaudhry
chor@google.com chor
sohan.jyoti@huawei.com sohan.jyoti
leliukmar@yandex-team.ru leliukmar
aleloi@chromium.org aleloi
yichunko@google.com yichunko
hyunjune.kim@samsung.com hyunjune.kim
jzern@chromium.org jzern
jbriance@cisco.com jbriance
	code [0, 58]
glider@chromium.org glider
wylieb@chromium.org wylieb
jokulik@chromium.org jokulik
almasrymina@chromium.org almasrymina
trevordixon@chromium.org trevordixon
wdzierzanowski@opera.com wdzierzanowski
	code [0, 1]
matthieu.rigolot@gmail.com Matthieu.Rigolot
	code [2, 0]
jahagird@amazon.com jahagird
magjed@chromium.org magjed
atwilson@chromium.org atwilson
yangguo@chromium.org yangguo
cvaughn@gmail.com cvaughn
shaobo.yan@intel.com shaobo.yan
bsalomon@chromium.org Brian Salomon
jkwang@google.com jkwang
kei98301@gmail.com kei98301
eholk@chromium.org eholk
agl@chromium.org agl
noyau@chromium.org noyau
victorhsieh@chromium.org victorhsieh
skiazyk@google.com skiazyk
amineer@chromium.org amineer
skare@chromium.org skare
liyuqian@google.com liyuqian
hunyadym@chromium.org hunyadym
jungkee.song@samsung.com jungkee.song
jacob.jh.clark@googlemail.com jacob.jh.clark
dimaa@chromium.org dimaa
ckulakowski@opera.com ckulakowski
wzhong@chromium.org wzhong
mharanczyk@opera.com mharanczyk
loorongjie@gmail.com loorongjie
ianswett@chromium.org ianswett
guptaag@amazon.com guptaag
brianderson@chromium.org brianderson
mmarkowicz@opera.com mmarkowicz
perkj@chromium.org perkj
msimonides@opera.com msimonides
owenlin@chromium.org owenlin
qfiard@google.com qfiard
elijahtaylor@chromium.org elijahtaylor
tschumann@chromium.org tschumann
alshabalin@yandex-team.ru alshabalin
atuchin@yandex-team.ru atuchin
calvimei@amazon.com calvimei
hartmanng@chromium.org hartmanng
ratsunny@gmail.com ratsunny
	code [1, 1]
peah@chromium.org peah
shans@chromium.org shans
	unknown [0, 1]
renjieliu@chromium.org renjieliu
erickung@chromium.org erickung
jhorwich@chromium.org jhorwich
perja@opera.com perja
merkin@yandex-team.ru merkin
kotenkov@yandex-team.ru kotenkov
ihf@chromium.org ihf
yyanagisawa@chromium.org yyanagisawa
j-hyun.lee@samsung.com j-hyun.lee
lhchavez@chromium.org lhchavez
awhalley@chromium.org awhalley
bradnelson@chromium.org bradnelson
maksim.sisov@intel.com maksim.sisov
btolsch@chromium.org btolsch
tmoravec@akamai.com tmoravec
devarajn@amazon.com devarajn
rjwright@chromium.org rjwright
kwiberg@chromium.org kwiberg
yusukes@chromium.org yusukes
vmiura@chromium.org vmiura
solenberg@chromium.org solenberg
kthelgason@chromium.org kthelgason
markusheintz@chromium.org markusheintz
	code [13, 13]
skylarc@google.com skylarc
sunyunjia@chromium.org sunyunjia
	code [2, 2]
ghc@google.com ghc
friedman@chromium.org friedman
nparker@chromium.org nparker
derekjchow@chromium.org derekjchow
waltercacau@chromium.org waltercacau
shuchen@chromium.org shuchen
hans.hillen@gmail.com Hans.Hillen
mwrobel@opera.com mwrobel
cfroussios@chromium.org cfroussios
rob@robwu.nl rob
sean.v.kelley@intel.com sean.v.kelley
seanvk@posteo.de Sean V Kelley
gurrrik@yandex-team.ru gurrrik
jiawei.shao@intel.com jiawei.shao
steel@chromium.org steel
xiaofeng.zhang@intel.com xiaofeng.zhang
majidvp@chromium.org majidvp
	code [20, 21]
yunchao.he@intel.com yunchao.he
maruel@chromium.org maruel
	unknown [0, 129]
youngho33.yoo@lge.com youngho33.yoo
mpw@chromium.org mpw
abakalov@chromium.org abakalov
darin@chromium.org darin
	unknown [6, 8]
	code [25, 32]
seobrien@google.com seobrien
gcasto@chromium.org gcasto
chromeos-commit-bot@chromium.org chromeos-commit-bot
ovkadurin@gmail.com ovkadurin
azurewei@chromium.org azurewei
marcheu@chromium.org marcheu
bengr@chromium.org bengr
amoylan@chromium.org amoylan
digit@chromium.org digit
njagsarran@google.com njagsarran
constantina@google.com constantina
chinyue@chromium.org chinyue
hshi@chromium.org hshi
lethalantidote@chromium.org lethalantidote
gozzard@google.com gozzard
me@jns.io me
ktyliu@chromium.org ktyliu
meredithl@google.com meredithl
kpaulhamus@chromium.org kpaulhamus
ntang@google.com ntang
aazzam@google.com aazzam
groby@chromium.org groby
andrea.azzarone@canonical.com andrea.azzarone
phshah@google.com phshah
battre@chromium.org battre
jiaxi@google.com jiaxi
jiameng@chromium.org jiameng
	code [129, 68]
puthik@chromium.org puthik
angelayang@google.com angelayang
zienag@yandex-team.ru zienag
bmalcolm@chromium.org bmalcolm
kraynov@chromium.org kraynov
prashant.patil@imgtec.com Prashant.Patil
	unknown [5, 0]
maxbogue@chromium.org maxbogue
vadimsh@chromium.org vadimsh
eranm@chromium.org eranm
je_julie.kim@chromium.org je_julie.kim
	code [2, 0]
benhenry@google.com benhenry
a.obzhirov@samsung.com a.obzhirov
a.suchit@samsung.com a.suchit
eakuefner@chromium.org eakuefner
	code [0, 1]
riku.voipio@linaro.org riku.voipio
xutan@chromium.org xutan
lixan@yandex-team.ru lixan
evenstensberg@gmail.com evenstensberg
mbrunson@chromium.org mbrunson
ianwen@chromium.org ianwen
ejcaruso@chromium.org ejcaruso
jww@chromium.org jww
	code [64, 40]
mbonadei@chromium.org mbonadei
henryhsu@chromium.org henryhsu
atimoxin@yandex-team.ru atimoxin
maniscalco@chromium.org maniscalco
kirtika@chromium.org kirtika
alyssar@chromium.org alyssar
veranika@chromium.org veranika
baranovich@yandex-team.ru baranovich
billy.jayan@samsung.com billy.jayan
hychao@chromium.org hychao
xianglu@chromium.org xianglu
kcarattini@chromium.org kcarattini
hpayer@chromium.org hpayer
cbracefield@google.com cbracefield
zheda.chen@intel.com zheda.chen
ahmetemiremir@gmail.com ahmetemiremir
divyanshi@google.com divyanshi
loyso@chromium.org loyso
	unknown [6, 9]
	code [10, 6]
laszio@chromium.org laszio
martinkr@google.com martinkr
gmx@chromium.org gmx
jem456.vasishta@gmail.com jem456.vasishta
gracec@chromium.org gracec
chowse@chromium.org chowse
adenilson.cavalcanti@arm.com adenilson.cavalcanti
finkm@chromium.org finkm
bzanotti@chromium.org bzanotti
deanliao@chromium.org deanliao
mlopatkin@yandex-team.ru mlopatkin
drinkcat@chromium.org drinkcat
floppymaster@gmail.com floppymaster
ivoc@chromium.org ivoc
kai.koehne@qt.io kai.koehne
preeti.nayak@samsung.com preeti.nayak
napper@chromium.org napper
zork@chromium.org zork
bjornr@opera.com bjornr
vladimirtechman@gmail.com VladimirTechMan
assareh@google.com assareh
titzer@chromium.org titzer
adamk@chromium.org adamk
byungchul@chromium.org byungchul
gavinp@chromium.org gavinp
tombergan@chromium.org tombergan
stip@chromium.org stip
harpreet@chromium.org harpreet
ccyongwang@tencent.com ccyongwang
weisert@yandex-team.ru weisert
joaodasilva@chromium.org joaodasilva
eyaich@chromium.org eyaich
	code [14, 1]
saiarcot895@gmail.com saiarcot895
cavalcantii@chromium.org cavalcantii
sujiths.s@samsung.com sujiths.s
jschuh@chromium.org jschuh
ddorwin@chromium.org ddorwin
	code [4, 21]
lshang@chromium.org lshang
haeungun@gmail.com haeungun
liushouqun@xiaomi.com liushouqun
	code [3, 1]
mbarbella@chromium.org mbarbella
bustamante@chromium.org bustamante
jcliang@chromium.org jcliang
chanpatorikku@gmail.com chanpatorikku
jyquinn@chromium.org jyquinn
srikanthg@chromium.org srikanthg
jamartin@chromium.org jamartin
vitbar@yandex-team.ru vitbar
simon.hosie@arm.com simon.hosie
boriay@yandex-team.ru boriay
jvanverth@chromium.org jvanverth
shahriar.rostami@gmail.com shahriar.rostami
wenjinm@amazon.com wenjinm
j.c@navercorp.com j.c
djd@chromium.org djd
valih@google.com valih
joel.liang@arm.com joel.liang
marius.mlynski@gmail.com marius.mlynski
markdittmer@chromium.org markdittmer
andra.paraschiv@intel.com andra.paraschiv
eugenebng@yandex-team.ru eugenebng
sanjoy.pal@samsung.com sanjoy.pal
asargent@chromium.org asargent
amalika@google.com amalika
phoglund@chromium.org phoglund
lawrencewu@chromium.org lawrencewu
hywu@google.com hywu
j.isorce@samsung.com j.isorce
scf@chromium.org scf
dproy@chromium.org dproy
ossy.szeged@gmail.com ossy.szeged
gurchetansingh@chromium.org gurchetansingh
yurak@google.com yurak
jack@nottheoilrig.com jack
inlinechan@gmail.com inlinechan
mhashmi@chromium.org mhashmi
ultimatedbz@google.com ultimatedbz
nedenwang@tencent.com nedenwang
matteo.franchin@arm.com matteo.franchin
inglorion@chromium.org inglorion
apacible@chromium.org apacible
mab@google.com mab
jj-spoon@yandex-team.ru jj-spoon
eugenis@chromium.org eugenis
viettrungluu@chromium.org viettrungluu
dongheun.kang@lge.com dongheun.kang
ruiu@google.com ruiu
katthomas@google.com katthomas
xiaoyin.l@outlook.com xiaoyin.l
joostouwerling@google.com joostouwerling
dougsteed@chromium.org dougsteed
kszatan@opera.com kszatan
minggang.wang@intel.com minggang.wang
skeksk91@gmail.com skeksk91
alexis.lagoutte@gmail.com alexis.lagoutte
kqyang@chromium.org kqyang
htamop@gmail.com htamop
kundaji@chromium.org kundaji
antrim@chromium.org antrim
milko.leporis@imgtec.com milko.leporis
zhengxiong@google.com zhengxiong
djkurtz@chromium.org djkurtz
bartfab@chromium.org bartfab
tmarek@google.com tmarek
kennetht@chromium.org kennetht
govind@chromium.org Krishna Govind
tromeo@google.com tromeo
junchao.han@intel.com junchao.han
mlliu@chromium.org mlliu
rickyz@chromium.org rickyz
yoonjae.cho92@gmail.com Yoonjae.Cho92
liyuqian@chromium.org Yuqian Li
eero.hakkinen@intel.com eero.hakkinen
lof84@yandex-team.ru lof84
voodoo@yandex-team.ru voodoo
perryuwang@tencent.com perryuwang
bgoldman@chromium.org bgoldman
dnj@chromium.org dnj
	unknown [119, 6840]
	code [1, 278]
xiaolingbao@chromium.org xiaolingbao
lwchkg@chromium.org lwchkg
mcharsley@google.com mcharsley
amaury.leleyzour@arm.com amaury.leleyzour
jlklein@chromium.org jlklein
ahaas@chromium.org ahaas
yirui@google.com yirui
hinoka@google.com hinoka
vogelheim@chromium.org vogelheim
mstarzinger@chromium.org mstarzinger
recipe-roller@chromium.org recipe-roller
	unknown [498, 248]
caryclark@google.com caryclark
noyau@google.com Eric Noyau
shaochuan@chromium.org shaochuan
sanghee.lee1992@gmail.com sanghee.lee1992
cfredric@chromium.org cfredric
dnicoara@chromium.org dnicoara
nikunjb@chromium.org nikunjb
tcallawa@redhat.com tcallawa
pmajewski@opera.com pmajewski
debugwang@tencent.com debugwang
ymalik@chromium.org ymalik
	unknown [3, 0]
	code [21, 15]
littledan@chromium.org littledan
talonchen@tencent.com talonchen
npm@chromium.org npm
sanggi.hong11@gmail.com SANGGI.HONG11
fta2012@gmail.com fta2012
peletskyi@chromium.org peletskyi
nona@chromium.org nona
dubovtsev@yandex-team.ru dubovtsev
rogerj@opera.com rogerj
vchigrin@yandex-team.ru vchigrin
sergey.kipet@gmail.com Sergey.Kipet
msarett@chromium.org Matt Sarett
sl.ostapenko@samsung.com sl.ostapenko
sylvestre.ledru@gmail.com sylvestre.ledru
anpol@yandex-team.ru anpol
nasha@google.com nasha
posciak@chromium.org posciak
eugenebut@google.com Eugene But
chrishall@google.com Chris Hall
skvlad@chromium.org skvlad
juanlang@chromium.org juanlang
liamjm@chromium.org liamjm
xyzzyz@chromium.org xyzzyz
kottackal.george@gmail.com Kottackal.George
ilevy@chromium.org ilevy
kirtika@google.com Kirtika Ruchandani
felt@chromium.org felt
perumaal@chromium.org perumaal
mkearney@chromium.org mkearney
siva.gunturi@samsung.com siva.gunturi
terelius@chromium.org terelius
ripp@yandex-team.ru ripp
marja@chromium.org marja
markellis@chromium.org markellis
aarya@google.com Abhishek Arya
wonko@opera.com wonko
clemensh@chromium.org clemensh
jb@opera.com jb
honghaiz@chromium.org honghaiz
mattdr@chromium.org mattdr
jamesr@chromium.org jamesr
pbond@chromium.org pbond
yan0422.wang@samsung.com yan0422.wang
shigeki.ohtsu@gmail.com shigeki.ohtsu
anth.halliday12@gmail.com anth.halliday12
mayank.g1@samsung.com mayank.g1
vandenberghe.jeroen@gmail.com vandenberghe.jeroen
holte@google.com Steven Holte
erosky@chromium.org erosky
phweiss@chromium.org phweiss
jiajia.qin@intel.com jiajia.qin
jyasskin@chromium.org jyasskin
jianjun.zhu@intel.com jianjun.zhu
svartmetal@yandex-team.ru svartmetal
mseaborn@chromium.org mseaborn
bjaideep@ca.ibm.com bjaideep
sriramsr@chromium.org sriramsr
mwlodar@google.com mwlodar
alexandermont@chromium.org alexandermont
	code [31, 13]
shekyan@gmail.com shekyan
bmeurer@chromium.org bmeurer
maclellant@google.com maclellant
kulshin@chromium.org kulshin
flim@chromium.org flim
hush@chromium.org hush
	unknown [3, 0]
raftias@google.com raftias
bhallam@amazon.com bhallam
mamir@chromium.org mamir
soorya.r@samsung.com soorya.r
pwangkk@gmail.com pwangkk
adrian.belgun@intel.com adrian.belgun
davve@opera.com davve
benjhayden@chromium.org benjhayden
huapengl@amazon.com huapengl
yamaxim@yandex-team.ru yamaxim
isheriff@chromium.org isheriff
gregvis@gmail.com gregvis
hlopko@chromium.org hlopko
	unknown [1, 0]
prashant.n@samsung.com prashant.n
sievers@chromium.org sievers
	code [0, 10]
mikecirone@gmail.com mikecirone
hayesjordan@google.com hayesjordan
morsed@chromium.org morsed
chihchung@chromium.org chihchung
gayane@chromium.org gayane
ojars@google.com ojars
vivekg@chromium.org vivekg
davaajav@google.com davaajav
lkawai@google.com lkawai
kyounga.ra@gmail.com kyounga.ra
dherkel@google.com dherkel
harukam@google.com harukam
hctsai@chromium.org hctsai
jhwon0415@gmail.com jhwon0415
tanin@chromium.org tanin
kruntuid@gmail.com kruntuid
marcinjb@chromium.org marcinjb
lepton@google.com lepton
mikispag@google.com mikispag
kuznetsovs@yandex-team.ru kuznetsovs
rchlodnicki@opera.com rchlodnicki
open.hyperion@gmail.com open.hyperion
clm@google.com clm
tomhudson@google.com tomhudson
	code [0, 1]
jayhlee@google.com jayhlee
jayker@chromium.org jayker
ioanap@google.com ioanap
sujae33.jo@gmail.com sujae33.jo
bccheng@chromium.org bccheng
heimbuef@google.com heimbuef
tobiase@chromium.org tobiase
jyw@chromium.org jyw
fdintino@theatlantic.com fdintino
manojkumar.bhosale@imgtec.com manojkumar.bhosale
abhishek.ka@samsung.com abhishek.ka
jarhar@google.com jarhar
kdsilva@google.com kdsilva
	unknown [2, 0]
	image [0, 0]
	code [28, 0]
lionel.g.landwerlin@intel.com lionel.g.landwerlin
benzh@chromium.org benzh
malets@yandex-team.ru malets
flandy@google.com flandy
antz@chromium.org antz
brusi_roy@hotmail.com brusi_roy
cschuet@chromium.org cschuet
sklencarova@google.com sklencarova
arjunkar@amazon.com arjunkar
amoseui@gmail.com amoseui
miimnk@google.com miimnk
tnakamura@chromium.org tnakamura
johnstonli@tencent.com johnstonli
jie.a.chen@intel.com jie.a.chen
dgarrett@google.com Don Garrett
jaepark@google.com jaepark
petrcermak@chromium.org petrcermak
ethannicholas@google.com ethannicholas
forshaw@chromium.org forshaw
ddyndo@opera.com ddyndo
anthonyhkf@google.com anthonyhkf
ferendevelop.gl@gmail.com ferendevelop.gl
aiolos@chromium.org aiolos
ajith.v@chromium.org ajith.v
sheretov@chromium.org sheretov
picksi@google.com picksi
trizzofo@google.com trizzofo
	code [12, 3]
krytarowski@gmail.com krytarowski
pke@google.com pke
jkummerow@chromium.org jkummerow
weiran@google.com weiran
zengster@google.com zengster
penghu@tencent.com penghu
estark@google.com Emily Stark
robert.bradford@intel.com robert.bradford
cbentzel@chromium.org cbentzel
estaab@chromium.org estaab
rmistry@google.com rmistry
antonin.hildebrand@gmail.com antonin.hildebrand
jwalczak@opera.com jwalczak
ramya.v@samsung.com ramya.v
rkc@chromium.org rkc
mhs@google.com mhs
ingemara@opera.com ingemara
janeliulwq@google.com janeliulwq
ivanhernandez@google.com ivanhernandez
kyle.plumadore@amd.com kyle.plumadore
harringtond@google.com harringtond
doloffd@amazon.com doloffd
markuso@opera.com markuso
hush@google.com Hui Shu
hariank@google.com hariank
smaier@chromium.org smaier
norvez@chromium.org norvez
zxiong@google.com zxiong
megjablon@google.com Megan Jablonski
tkchin@chromium.org tkchin
hyungwook.lee@navercorp.com hyungwook.lee
	code [0, 1]
andersoncss@google.com andersoncss
rtenneti@chromium.org rtenneti
nicholaslin@google.com nicholaslin
dsansome@chromium.org David Sansome
sroussey@gmail.com sroussey
roisinmcl@google.com roisinmcl
dconnol@google.com dconnol
jfb@chromium.org JF Bastien
jihoon@gmail.com jihoon
metzman@google.com metzman
samli@chromium.org samli
ameyak@chromium.org ameyak
evajiang@google.com evajiang
colish@chromium.org colish
dcampb@google.com dcampb
jpp@chromium.org jpp
gjpyzer@gmail.com gjpyzer
dozsa@google.com dozsa
matt@mostlystatic.com matt
raikiri@google.com raikiri
gwendal@google.com gwendal
gwendal@chromium.org Gwendal Grignou
brandtr@chromium.org brandtr
rkuksin@yandex-team.ru rkuksin
sbonda@nvidia.com sbonda
kenobi@chromium.org kenobi
aschulman@chromium.org aschulman
walker@yandex-team.ru walker
metaflow@yandex-team.ru metaflow
sebastienlc@google.com sebastienlc
asredzki@google.com asredzki
ljagielski@opera.com ljagielski
caitp@igalia.com caitp
stevefung@google.com stevefung
jingxuy@google.com jingxuy
nicolaso@google.com nicolaso
chongjiang@chromium.org chongjiang
prabhur@chromium.org prabhur
ddchen@chromium.org ddchen
llozano@chromium.org llozano
dzhioev@chromium.org dzhioev
mcwilliams@chromium.org mcwilliams
nojvek@gmail.com nojvek
stefanocs@google.com stefanocs
knn@chromium.org knn
forney@google.com forney
ukai@chromium.org ukai
dadrian@google.com dadrian
spelchat@chromium.org spelchat
w.shackleton@gmail.com w.shackleton
gauravsh@chromium.org gauravsh
jessicag@chromium.org jessicag
a-a-l@yandex-team.ru a-a-l
dmitrygr@google.com dmitrygr
jiayl@chromium.org jiayl
amistry@chromium.org amistry
palakj@google.com palakj
	unknown [4, 0]
andresp@chromium.org andresp
szurgotc@amazon.com szurgotc
funkysidd@gmail.com funkysidd
matej.knopp@gmail.com matej.knopp
jasonroberts@google.com jasonroberts
valentin.ilie@intel.com valentin.ilie
vkuzkokov@chromium.org vkuzkokov
kirr@yandex-team.ru kirr
mfiglarowicz@opera.com mfiglarowicz
kolczyk@opera.com kolczyk
vince.h@nvidia.com vince.h
etiennep@google.com etiennep
konsto@chromium.org konsto
andymutton@chromium.org andymutton
mcdavid@amazon.com mcdavid
andrhung@amazon.com andrhung
tianyuwang@google.com tianyuwang
gabadie@chromium.org gabadie
damien@dam.io damien
tzik@google.com Taiju Tsuiki
oth@chromium.org oth
dstockwell@chromium.org dstockwell
osandov@osandov.com osandov
apatole@nvidia.com apatole
ckehoe@chromium.org Charlie Kehoe
mikelawther@chromium.org mikelawther
yinjie@chromium.org yinjie
takaoka@chromium.org takaoka
tbreisacher@chromium.org tbreisacher
marshall@chromium.org marshall
l.panpax@gmail.com l.panpax
khart@codeaurora.org khart
agoode@chromium.org agoode
katrielc@chromium.org katrielc
mvstanton@chromium.org mvstanton
rayraymond@google.com rayraymond
mic.besace@gmail.com mic.besace
zoltan.kuscsik@linaro.org zoltan.kuscsik
kostya-k@yandex-team.ru kostya-k
	code [23, 2]
franzih@chromium.org franzih
mahesh.ma@samsung.com mahesh.ma
beaudoin@chromium.org beaudoin
hong.zheng@intel.com hong.zheng
vigneshv@chromium.org vigneshv
daniel.waxweiler@gmail.com daniel.waxweiler
bakkot@google.com bakkot
marc.desgarets@googlemail.com marc.desgarets
puthik@google.com Puthikorn Voravootivat
zentaro@chromium.org zentaro
caitpotter88@gmail.com caitpotter88
ofrobots@google.com ofrobots
gyuyoung.kim@chromium.org gyuyoung.kim
jiadong.zhu@linaro.org jiadong.zhu
drustsmith@google.com drustsmith
jwolfe@igalia.com jwolfe
caitkp@chromium.org caitkp
vivek.vg@samsung.com vivek.vg
stef@yandex-team.ru stef
vasilii@google.com Vasilii Sukhanov
etiennej@chromium.org etiennej
zelidrag@chromium.org zelidrag
sangwoo108@gmail.com sangwoo108
pxinchao@gmail.com pxinchao
joleksy@opera.com joleksy
brendan.kirby@imgtec.com brendan.kirby
yiyaoliu@chromium.org yiyaoliu
tfiga@chromium.org tfiga
asaka@opera.com asaka
robertn@opera.com robertn
kkinnunen@nvidia.com kkinnunen
apronin@chromium.org apronin
mdempsky@chromium.org mdempsky
md.sami@samsung.com md.sami
mengyu@google.com mengyu
msr.i386@gmail.com msr.i386
ki.stfu@gmail.com ki.stfu
	code [4, 4]
haibinlu@chromium.org haibinlu
andrewhayden@chromium.org andrewhayden
cwhong893@gmail.com cwhong893
gyzhou@chromium.org gyzhou
zhenyu.shan@intel.com zhenyu.shan
mboc@opera.com mboc
jincheol.jo@navercorp.com jincheol.jo
ganesh@chromium.org ganesh
ppi@chromium.org ppi
deokjin81.kim@samsung.com deokjin81.kim
mnaganov@chromium.org mnaganov
dbasehore@chromium.org dbasehore
n-kozlov@yandex-team.ru n-kozlov
cmihail@chromium.org cmihail
pedrosimonetti@chromium.org pedrosimonetti
jchaffraix@chromium.org jchaffraix
maybelle@chromium.org maybelle
kangil.han@samsung.com kangil.han
weili@chromium.org weili
bburns@chromium.org bburns
jonathan.garbee@chromium.org jonathan.garbee
cywang@chromium.org cywang
tposluszny@opera.com tposluszny
fufranci@amazon.com fufranci
qaz@google.com qaz
joth@chromium.org joth
chakshu.a@samsung.com chakshu.a
khasim.mohammed@linaro.org khasim.mohammed
dyen@chromium.org dyen
kcconley@gmail.com kcconley
niklase@chromium.org niklase
fmenozzi@google.com fmenozzi
	unknown [1, 0]
qi1988.yang@samsung.com qi1988.yang
	code [1, 2]
the_jk@opera.com the_jk
rchtara@chromium.org rchtara
bero@linaro.org Bernhard Rosenkrnzer
mcgrathr@chromium.org mcgrathr
bacek@yandex-team.ru Bacek
kerz@google.com Jason Kersey
atanasova@chromium.org atanasova
tomfinegan@chromium.org tomfinegan
taylor.hoon@gmail.com Taylor.Hoon
skuhne@google.com skuhne
luiz.von.dentz@intel.com luiz.von.dentz
robert.nagy@gmail.com robert.nagy
r.kasibhatla@samsung.com r.kasibhatla
	unknown [2, 1]
leiyi.jp@gmail.com leiyi.jp
abonner-chromium@solscope.com abonner-chromium
mmccoy@chromium.org mmccoy
gsathya@chromium.org gsathya
paritosh@chromium.org paritosh
ngg@ngg.hu ngg
vpalatin@chromium.org vpalatin
bruening@chromium.org bruening
jl@opera.com jl
unknown 34363 13749
	ericwilligers@chromium.org ericwilligers: [0, 4]
	sigbjornf@opera.com sigbjornf: [7, 2]
	xiaochengh@chromium.org xiaochengh: [0, 1]
	drott@chromium.org drott: [4, 0]
	kouhei@chromium.org kouhei: [2, 1]
	thestig@chromium.org thestig: [2, 2]
	bashi@chromium.org bashi: [22, 24]
	tkent@chromium.org tkent: [1, 4]
	aleksandar.stojiljkovic@intel.com aleksandar.stojiljkovic: [2, 0]
	ymzhang@chromium.org ymzhang: [7, 1]
	kinuko@chromium.org kinuko: [0, 2]
	eseckler@chromium.org eseckler: [16, 1]
	avayvod@chromium.org avayvod: [11, 11]
	reillyg@chromium.org reillyg: [0, 5]
	dcheng@chromium.org Daniel Cheng: [44, 28]
	yzshen@chromium.org yzshen: [26, 16]
	chrishtr@chromium.org chrishtr: [5, 0]
	mcasas@chromium.org mcasas: [1, 2]
	megjablon@chromium.org megjablon: [1, 0]
	watk@chromium.org watk: [9, 185]
	rockot@chromium.org Ken Rockot: [11, 6]
	ben@chromium.org Ben Goodger: [1, 1]
	petewil@chromium.org petewil: [0, 1]
	samans@chromium.org samans: [2, 4]
	nzolghadr@chromium.org nzolghadr: [1, 2]
	wangxianzhu@chromium.org wangxianzhu: [144, 143]
	boliu@chromium.org boliu: [1, 4]
	klausw@chromium.org klausw: [42, 14]
	sky@chromium.org sky: [2, 34]
	rtoy@chromium.org rtoy: [1, 1]
	dtapuska@chromium.org dtapuska: [11, 4]
	thakis@chromium.org thakis: [22, 268]
	alph@chromium.org alph: [17, 18]
	dgozman@chromium.org dgozman: [33, 43]
	jrummell@chromium.org jrummell: [0, 1]
	jonross@chromium.org jonross: [17, 54]
	mek@chromium.org mek: [29, 9]
	ellyjones@chromium.org ellyjones: [1, 1]
	fs@opera.com fs: [1, 3]
	erg@chromium.org erg: [1, 0]
	phajdan.jr@chromium.org phajdan.jr: [6611, 0]
	hiroshige@chromium.org hiroshige: [0, 4]
	wjmaclean@chromium.org wjmaclean: [3, 2]
	jam@chromium.org jam: [7, 4]
	adithyas@chromium.org adithyas: [2, 5]
	brettw@chromium.org brettw: [39, 3225]
	junov@chromium.org junov: [2, 0]
	csharrison@chromium.org csharrison: [2, 0]
	lukasza@chromium.org lukasza: [1, 1]
	sunnyps@chromium.org Sunny Sachanandani: [0, 1]
	danakj@chromium.org danakj: [0, 111]
	schenney@chromium.org schenney: [0, 1]
	horo@chromium.org horo: [1, 0]
	yhirano@chromium.org yhirano: [1, 0]
	altimin@chromium.org altimin: [10, 8]
	dpranke@chromium.org dpranke: [12, 6]
	andypaicu@chromium.org andypaicu: [0, 2]
	mgiuca@chromium.org mgiuca: [1, 0]
	juncai@chromium.org juncai: [5, 7]
	kozyatinskiy@chromium.org kozyatinskiy: [2, 1]
	jinsukkim@chromium.org jinsukkim: [4, 0]
	xlai@chromium.org xlai: [83, 7]
	tguilbert@chromium.org tguilbert: [1, 1]
	hongchan@chromium.org hongchan: [0, 2]
	pdr@chromium.org pdr: [10, 6]
	xhwang@chromium.org xhwang: [1, 4]
	pfeldman@chromium.org pfeldman: [11, 3]
	tandrii@chromium.org Andrii Shyshkalov: [20, 20]
	mpearson@chromium.org Mark Pearson: [1, 0]
	mathp@chromium.org mathp: [2, 1]
	tommycli@chromium.org tommycli: [0, 1]
	jbroman@chromium.org jbroman: [50, 32]
	nednguyen@google.com nednguyen: [16, 10]
	moshayedi@chromium.org moshayedi: [21, 2]
	mlamouri@chromium.org mlamouri: [23, 42]
	peter@chromium.org peter: [8, 3]
	tzik@chromium.org tzik: [4, 3]
	keishi@chromium.org keishi: [0, 2]
	hayato@chromium.org hayato: [0, 12]
	alexander.shalamov@intel.com alexander.shalamov: [0, 14]
	chongz@chromium.org chongz: [15, 1]
	ortuno@chromium.org ortuno: [8, 8]
	xjz@chromium.org xjz: [2, 0]
	yuzus@chromium.org yuzus: [1, 1]
	bsep@chromium.org bsep: [8, 0]
	skyostil@chromium.org skyostil: [121, 4]
	engedy@chromium.org engedy: [1, 0]
	enne@chromium.org enne: [2, 0]
	kojii@chromium.org kojii: [24974, 1750]
	alexclarke@chromium.org alexclarke: [5, 3]
	trchen@chromium.org trchen: [1, 0]
	carlosk@chromium.org carlosk: [3, 1]
	toyoshim@chromium.org toyoshim: [0, 6]
	leon.han@intel.com leon.han: [2, 0]
	rnephew@chromium.org rnephew: [32, 15]
	zqzhang@chromium.org zqzhang: [5, 0]
	hbos@chromium.org hbos: [1, 0]
	ricea@chromium.org ricea: [0, 1]
	qyearsley@chromium.org qyearsley: [43, 6]
	fsamuel@chromium.org fsamuel: [4, 0]
	tapted@chromium.org tapted: [51, 51]
	guidou@chromium.org guidou: [8, 7]
	dalecurtis@chromium.org dalecurtis: [8, 15]
	mfomitchev@chromium.org mfomitchev: [3, 3]
	qyearsley@google.com Quinten Yearsley: [843, 0]
	hajimehoshi@chromium.org hajimehoshi: [0, 2]
	henrika@chromium.org henrika: [2, 0]
	tyoshino@chromium.org tyoshino: [2, 2]
	vollick@chromium.org vollick: [4, 2]
	noel@chromium.org noel: [21, 6]
	panicker@chromium.org panicker: [0, 4]
	sandersd@chromium.org sandersd: [1, 0]
	iclelland@chromium.org iclelland: [3, 0]
	sammc@chromium.org Sam McNally: [6, 23]
	scottmg@chromium.org scottmg: [10, 3]
	tibell@chromium.org tibell: [2, 6]
	esprehn@chromium.org esprehn: [5, 5]
	xidachen@chromium.org xidachen: [9, 0]
	eostroukhov@chromium.org eostroukhov: [0, 1]
	mkwst@chromium.org mkwst: [1, 0]
	chasej@chromium.org chasej: [1, 0]
	flackr@chromium.org flackr: [1, 0]
	sahel@chromium.org sahel: [1, 1]
	bajones@chromium.org bajones: [0, 1]
	iannucci@chromium.org iannucci: [0, 140]
	tbansal@chromium.org tbansal: [1, 0]
	mfoltz@chromium.org mfoltz: [50, 1]
	harkness@chromium.org harkness: [1, 0]
	dglazkov@chromium.org dglazkov: [0, 1]
	shans@chromium.org shans: [0, 1]
	maruel@chromium.org maruel: [0, 129]
	darin@chromium.org darin: [6, 8]
	prashant.patil@imgtec.com Prashant.Patil: [5, 0]
	loyso@chromium.org loyso: [6, 9]
	dnj@chromium.org dnj: [119, 6840]
	recipe-roller@chromium.org recipe-roller: [498, 248]
	ymalik@chromium.org ymalik: [3, 0]
	hush@chromium.org hush: [3, 0]
	hlopko@chromium.org hlopko: [1, 0]
	kdsilva@google.com kdsilva: [2, 0]
	palakj@google.com palakj: [4, 0]
	fmenozzi@google.com fmenozzi: [1, 0]
	r.kasibhatla@samsung.com r.kasibhatla: [2, 1]
image 0 0
	tkent@chromium.org tkent: [0, 0]
	schenney@chromium.org schenney: [0, 0]
	mlamouri@chromium.org mlamouri: [0, 0]
	xjz@chromium.org xjz: [0, 0]
	qyearsley@google.com Quinten Yearsley: [0, 0]
	kdsilva@google.com kdsilva: [0, 0]
code 41431 26955
	sigbjornf@opera.com sigbjornf: [1080, 1121]
	avi@chromium.org avi: [6, 9]
	thestig@chromium.org thestig: [22, 22]
	bashi@chromium.org bashi: [9, 64]
	tkent@chromium.org tkent: [67, 32]
	slan@chromium.org slan: [1, 1]
	kinuko@chromium.org kinuko: [70, 187]
	skobes@chromium.org skobes: [5, 0]
	erikchen@chromium.org erikchen: [1, 2]
	mohsen@chromium.org mohsen: [17, 9]
	avayvod@chromium.org avayvod: [1242, 399]
	reillyg@chromium.org reillyg: [4, 20]
	jbudorick@chromium.org jbudorick: [9, 3]
	dcheng@chromium.org Daniel Cheng: [16190, 4650]
	haraken@chromium.org Kentaro Hara: [16, 17]
	yzshen@chromium.org yzshen: [92, 24]
	chaopeng@chromium.org chaopeng: [51, 3]
	chrishtr@chromium.org chrishtr: [34, 37]
	mcasas@chromium.org mcasas: [220, 143]
	megjablon@chromium.org megjablon: [6, 6]
	kbr@chromium.org kbr: [18, 16]
	vmpstr@chromium.org vmpstr: [56, 52]
	ananta@chromium.org ananta: [8, 0]
	watk@chromium.org watk: [281, 98]
	jbauman@chromium.org jbauman: [15, 14]
	rockot@chromium.org Ken Rockot: [51, 365]
	ben@chromium.org Ben Goodger: [135, 109]
	dmazzoni@chromium.org dmazzoni: [706, 410]
	petewil@chromium.org petewil: [4, 4]
	nzolghadr@chromium.org nzolghadr: [96, 133]
	eroman@chromium.org eroman: [5, 0]
	wangxianzhu@chromium.org wangxianzhu: [114, 166]
	boliu@chromium.org boliu: [0, 28]
	dbeam@chromium.org dbeam: [5, 217]
	klausw@chromium.org klausw: [28, 11]
	kainino@chromium.org kainino: [32, 2]
	jdoerrie@chromium.org jdoerrie: [0, 4]
	mthiesse@chromium.org mthiesse: [5, 16]
	dtapuska@chromium.org dtapuska: [840, 1289]
	thakis@chromium.org thakis: [74, 376]
	yigu@chromium.org yigu: [21, 9]
	wkorman@chromium.org wkorman: [212, 291]
	alph@chromium.org alph: [3, 290]
	krasin@chromium.org krasin: [1, 0]
	thomasanderson@google.com thomasanderson: [2, 2]
	dgozman@chromium.org dgozman: [1, 1]
	jrummell@chromium.org jrummell: [729, 401]
	jonross@chromium.org jonross: [1014, 749]
	mek@chromium.org mek: [7, 26]
	lunalu@chromium.org lunalu: [4, 4]
	perezju@chromium.org perezju: [17, 17]
	phajdan.jr@chromium.org phajdan.jr: [277, 0]
	wjmaclean@chromium.org wjmaclean: [3, 3]
	kylechar@chromium.org kylechar: [1, 1]
	lfg@chromium.org lfg: [13, 8]
	jam@chromium.org jam: [68, 63]
	adithyas@chromium.org adithyas: [3, 25]
	brettw@chromium.org brettw: [34, 26]
	chfremer@chromium.org chfremer: [1, 1]
	corona10@gmail.com corona10: [25, 28]
	junov@chromium.org junov: [17, 0]
	hcarmona@chromium.org hcarmona: [17, 15]
	fdoray@chromium.org fdoray: [73, 59]
	halliwell@chromium.org Luke Halliwell: [14, 10]
	csharrison@chromium.org csharrison: [118, 16]
	lukasza@chromium.org lukasza: [109, 85]
	oysteine@chromium.org oysteine: [1, 1]
	lanwei@chromium.org lanwei: [76, 44]
	sunnyps@chromium.org Sunny Sachanandani: [3, 1]
	danakj@chromium.org danakj: [67, 306]
	schenney@chromium.org schenney: [0, 4]
	horo@chromium.org horo: [34, 5]
	yhirano@chromium.org yhirano: [27, 17]
	sdefresne@chromium.org sdefresne: [3, 0]
	timvolodine@chromium.org timvolodine: [1, 1]
	delphick@chromium.org delphick: [17, 0]
	senorblanco@chromium.org senorblanco: [12, 3]
	altimin@chromium.org altimin: [188, 187]
	dpranke@chromium.org dpranke: [1, 1]
	juncai@chromium.org juncai: [8, 32]
	qinmin@chromium.org qinmin: [1, 1]
	jcivelli@chromium.org jcivelli: [18, 18]
	sadrul@chromium.org sadrul: [9, 13]
	rlanday@chromium.org rlanday: [18, 14]
	xlai@chromium.org xlai: [15, 5]
	dmurph@chromium.org dmurph: [1, 1]
	pwnall@chromium.org pwnall: [0, 1]
	tguilbert@chromium.org tguilbert: [253, 150]
	pdr@chromium.org pdr: [145, 143]
	xhwang@chromium.org xhwang: [300, 138]
	chengx@chromium.org chengx: [125, 8]
	tsunghung@chromium.org tsunghung: [55, 25]
	zmin@chromium.org zmin: [1, 1]
	ccameron@chromium.org ccameron: [25, 37]
	shaktisahu@chromium.org shaktisahu: [36, 10]
	amp@chromium.org amp: [17, 14]
	mathp@chromium.org mathp: [15, 7]
	foolip@chromium.org foolip: [0, 1]
	jbroman@chromium.org jbroman: [195, 153]
	nednguyen@google.com nednguyen: [593, 19]
	bokan@chromium.org bokan: [50, 32]
	moshayedi@chromium.org moshayedi: [253, 186]
	mikhail.pozdnyakov@intel.com mikhail.pozdnyakov: [77, 43]
	mustaq@chromium.org mustaq: [255, 157]
	mlamouri@chromium.org mlamouri: [192, 122]
	peter@chromium.org peter: [300, 151]
	sullivan@chromium.org sullivan: [6, 1]
	tzik@chromium.org tzik: [24, 23]
	fmalita@chromium.org fmalita: [3, 5]
	hayato@chromium.org hayato: [0, 1]
	yukishiino@chromium.org yukishiino: [0, 1]
	chongz@chromium.org chongz: [1527, 106]
	ortuno@chromium.org ortuno: [2, 1]
	xjz@chromium.org xjz: [143, 60]
	msw@chromium.org msw: [0, 1]
	dewittj@chromium.org dewittj: [2, 12]
	lazyboy@chromium.org lazyboy: [16, 4]
	asvitkine@chromium.org asvitkine: [10, 10]
	oshima@chromium.org oshima: [5, 0]
	vabr@chromium.org vabr: [1, 1]
	bsep@chromium.org bsep: [9, 2]
	yucliu@chromium.org yucliu: [2, 0]
	davidben@chromium.org davidben: [6, 5]
	skyostil@chromium.org skyostil: [56, 89]
	wolenetz@chromium.org wolenetz: [18, 13]
	jsbell@chromium.org jsbell: [2, 5]
	enne@chromium.org enne: [15, 33]
	gab@chromium.org gab: [14, 12]
	kojii@chromium.org kojii: [0, 1]
	dominicc@chromium.org dominicc: [0, 9]
	yoichio@chromium.org yoichio: [3, 0]
	trchen@chromium.org trchen: [6, 0]
	tasak@google.com tasak: [17, 3]
	chcunningham@chromium.org chcunningham: [166, 96]
	arthursonzogni@chromium.org arthursonzogni: [9, 10]
	ekaramad@chromium.org ekaramad: [6, 0]
	carlosk@chromium.org carlosk: [31, 8]
	hubbe@chromium.org hubbe: [673, 154]
	bsalomon@google.com bsalomon: [0, 2]
	martiniss@chromium.org Stephen Martinis: [1, 0]
	geofflang@chromium.org geofflang: [2, 23]
	tfarina@chromium.org tfarina: [2, 3]
	raphael.kubo.da.costa@intel.com raphael.kubo.da.costa: [15, 15]
	leon.han@intel.com leon.han: [12, 3]
	rnk@chromium.org rnk: [1, 1]
	rnephew@chromium.org rnephew: [4, 3]
	servolk@chromium.org servolk: [162, 51]
	chenwilliam@chromium.org chenwilliam: [45, 38]
	bungeman@chromium.org bungeman: [1, 0]
	awdf@chromium.org awdf: [9, 5]
	svillar@igalia.com svillar: [1, 1]
	zqzhang@chromium.org zqzhang: [30, 23]
	ricea@chromium.org ricea: [56, 52]
	dominickn@chromium.org dominickn: [24, 16]
	ke.he@intel.com ke.he: [1, 9]
	tapted@chromium.org tapted: [7, 0]
	dougt@chromium.org dougt: [3, 3]
	guidou@chromium.org guidou: [64, 19]
	dalecurtis@chromium.org dalecurtis: [2311, 5060]
	rsleevi@chromium.org rsleevi: [0, 36]
	mfomitchev@chromium.org mfomitchev: [4, 4]
	qyearsley@google.com Quinten Yearsley: [147, 1]
	nektar@chromium.org nektar: [199, 94]
	smcgruer@chromium.org smcgruer: [8, 0]
	olka@chromium.org olka: [156, 59]
	henrika@chromium.org henrika: [5, 5]
	tyoshino@chromium.org tyoshino: [112, 139]
	vollick@chromium.org vollick: [36, 13]
	reed@google.com reed: [68, 75]
	aboxhall@chromium.org aboxhall: [1, 3]
	ojan@chromium.org ojan: [0, 1]
	rjkroege@chromium.org rjkroege: [2, 3]
	aleventhal@chromium.org aleventhal: [27, 10]
	sandersd@chromium.org sandersd: [595, 644]
	sakal@chromium.org sakal: [13, 24]
	mvanouwerkerk@chromium.org mvanouwerkerk: [0, 29]
	iclelland@chromium.org iclelland: [31, 0]
	sammc@chromium.org Sam McNally: [119, 19]
	caseq@chromium.org caseq: [0, 43]
	scheib@chromium.org scheib: [88, 1]
	dtseng@chromium.org dtseng: [28, 26]
	grunell@chromium.org grunell: [21, 15]
	tibell@chromium.org tibell: [19, 0]
	andrew.macpherson@soundtrap.com andrew.macpherson: [12, 18]
	xidachen@chromium.org xidachen: [33, 24]
	jameswest@google.com jameswest: [54, 58]
	rbyers@chromium.org rbyers: [6, 21]
	mkwst@chromium.org mkwst: [4, 2]
	liberato@chromium.org liberato: [26, 4]
	miu@chromium.org miu: [6, 0]
	palmer@chromium.org palmer: [1, 2]
	pkasting@chromium.org pkasting: [31, 31]
	flackr@chromium.org flackr: [56, 0]
	alokp@chromium.org alokp: [111, 333]
	blink-reformat@chromium.org Blink Reformat: [3974, 4020]
	sahel@chromium.org sahel: [1030, 241]
	brandon.furtwangler@oculus.com Brandon.Furtwangler: [14, 0]
	hta@chromium.org hta: [14, 5]
	denniskempin@chromium.org denniskempin: [5, 2]
	iannucci@chromium.org iannucci: [2, 2]
	piman@chromium.org piman: [13, 13]
	riajiang@chromium.org riajiang: [10, 12]
	davidsac@chromium.org davidsac: [1, 1]
	peary2@gmail.com peary2: [4, 23]
	tommi@chromium.org tommi: [26, 16]
	blundell@chromium.org blundell: [576, 52]
	ashleymarie@chromium.org Ashley Enstad: [18, 0]
	robertocn@chromium.org Roberto Carrillo: [3, 1]
	prasadv@google.com prasadv: [1, 0]
	zhenw@chromium.org zhenw: [2, 1]
	jbriance@cisco.com jbriance: [0, 58]
	wdzierzanowski@opera.com wdzierzanowski: [0, 1]
	matthieu.rigolot@gmail.com Matthieu.Rigolot: [2, 0]
	ratsunny@gmail.com ratsunny: [1, 1]
	markusheintz@chromium.org markusheintz: [13, 13]
	sunyunjia@chromium.org sunyunjia: [2, 2]
	majidvp@chromium.org majidvp: [20, 21]
	darin@chromium.org darin: [25, 32]
	jiameng@chromium.org jiameng: [129, 68]
	je_julie.kim@chromium.org je_julie.kim: [2, 0]
	eakuefner@chromium.org eakuefner: [0, 1]
	jww@chromium.org jww: [64, 40]
	loyso@chromium.org loyso: [10, 6]
	eyaich@chromium.org eyaich: [14, 1]
	ddorwin@chromium.org ddorwin: [4, 21]
	liushouqun@xiaomi.com liushouqun: [3, 1]
	dnj@chromium.org dnj: [1, 278]
	ymalik@chromium.org ymalik: [21, 15]
	alexandermont@chromium.org alexandermont: [31, 13]
	sievers@chromium.org sievers: [0, 10]
	tomhudson@google.com tomhudson: [0, 1]
	kdsilva@google.com kdsilva: [28, 0]
	trizzofo@google.com trizzofo: [12, 3]
	hyungwook.lee@navercorp.com hyungwook.lee: [0, 1]
	kostya-k@yandex-team.ru kostya-k: [23, 2]
	ki.stfu@gmail.com ki.stfu: [4, 4]
	qi1988.yang@samsung.com qi1988.yang: [1, 2]
devel-doc 14 0
	dcheng@chromium.org Daniel Cheng: [14, 0]
documentation 19752 1645
	sigbjornf@opera.com sigbjornf: [310, 132]
	aleksandar.stojiljkovic@intel.com aleksandar.stojiljkovic: [0, 3]
	erikchen@chromium.org erikchen: [119, 0]
	dcheng@chromium.org Daniel Cheng: [7197, 789]
	dmazzoni@chromium.org dmazzoni: [163, 43]
	wangxianzhu@chromium.org wangxianzhu: [6864, 317]
	thakis@chromium.org thakis: [2, 74]
	mlippautz@chromium.org Michael Lippautz: [189, 149]
	juncai@chromium.org juncai: [0, 5]
	jbroman@chromium.org jbroman: [15, 6]
	ikilpatrick@chromium.org ikilpatrick: [32, 0]
	toyoshim@chromium.org toyoshim: [39, 10]
	qyearsley@chromium.org qyearsley: [159, 0]
	dougt@chromium.org dougt: [1, 1]
	benwells@chromium.org benwells: [3, 5]
	qyearsley@google.com Quinten Yearsley: [4451, 0]
	nektar@chromium.org nektar: [135, 62]
	aboxhall@chromium.org aboxhall: [19, 0]
	aleventhal@chromium.org aleventhal: [11, 8]
	dtseng@chromium.org dtseng: [40, 39]
	mkwst@chromium.org mkwst: [1, 0]
	joone.hur@intel.com joone.hur: [2, 2]
unknown 34363 13749
image 0 0
code 41431 26955
devel-doc 14 0
documentation 19752 1645
