Filter on "^vendor/|/vendor/"
open output file /Users/lukasz/dev/cncf/gitdm/other_repos/kubernetes_range_unknown_2016-12-01_2017-01-01.csv

yarntime@163.com is an author name, probably not what you want
henry.nash@uk.ibm.com is an author name, probably not what you want
(Unknown) unknown@hacker.net Unknown hacker
Red Hat ppospisi@redhat.com pospispa
	unknown [62, 14]
	devel-doc [6, 4]
(Unknown) dconstenla@gradiant.org David Constenla
	unknown [34, 133]
ZTE Corporation zhao.xiangpeng@zte.com.cn xiangpengzhao
	unknown [56, 12]
	devel-doc [1, 1]
ZTE Corporation chen.tao3@zte.com.cn chentao1596
	unknown [4, 3]
	devel-doc [2, 2]
Red Hat danw@redhat.com Dan Winship
	unknown [9, 23]
	code [1, 1]
EasyStack yuquan.ren@easystack.cn NickrenREN
	unknown [115, 63]
JPMorgan Chase & Co. michael.fraenkel@gmail.com Michael Fraenkel
	unknown [257, 13]
	documentation [1, 0]
Alternative Storage nakayamakenjiro@gmail.com Kenjiro Nakayama
	unknown [5, 3]
Tencent moonfang@tencent.com moonfang(房孝敬)
	unknown [12, 0]
Portworx aditya@portworx.com Aditya Dani
	unknown [1208, 0]
	devel-doc [1685, 0]
	documentation [0, 0]
(Unknown) zhaohuizhi@gmail.com Hui-Zhi
	unknown [228, 21]
Fujitsu chenr.fnst@cn.fujitsu.com xilabao
	unknown [212, 116]
	devel-doc [6, 1]
	code [58, 8]
opentargets elipapa@users.noreply.github.com elipapa
	unknown [1, 0]
ZTE Corporation ouyang.qinhua@zte.com.cn bruceauyeung
	unknown [40, 40]
Google xuchao@google.com Chao Xu
	unknown [2616, 2853]
	devel-doc [364, 366]
	code [8, 92]
Hyper.sh harryz@hyper.sh Harry Zhang
	unknown [95, 24]
	devel-doc [1, 0]
Red Hat deads@redhat.com deads2k
	unknown [10094, 3024]
	devel-doc [1015, 116]
	code [609, 249]
	build [41, 17]
	documentation [6, 2]
Red Hat sross@redhat.com Solly Ross
	unknown [2794, 430]
	devel-doc [189, 0]
	documentation [0, 0]
Red Hat dcbw@redhat.com Dan Williams
	unknown [830, 242]
	devel-doc [27, 51]
Red Hat jliggitt@redhat.com Jordan Liggitt
	unknown [2399, 1989]
	devel-doc [240, 103]
	code [1, 1]
Bigstep cristian.pop@bigstep.com Cristian Pop
	unknown [42, 10]
Google joe.github@bedafamily.com Joe Beda
	unknown [47, 6]
	devel-doc [2, 0]
ZTE Corporation lin.youchong@zte.com.cn linyouchong
	unknown [1, 1]
Google wojtekt@google.com Wojciech Tyczynski
	unknown [3422, 1665]
	devel-doc [136, 0]
	code [11, 1]
	documentation [1, 0]
IBM xingzhou@cn.ibm.com Xing Zhou
	unknown [295, 99]
	devel-doc [16, 16]
SalesForce mayank.kumar@salesforce.com Mayank Kumar
	unknown [3, 3]
Microsoft bburns@google.com Brendan Burns
	unknown [1450, 165]
	translation [150, 0]
	code [193, 1]
	devel-doc [845, 1]
	documentation [5, 0]
Google mixia@google.com Minhan Xia
	unknown [312, 825]
	devel-doc [1, 50]
Red Hat jvallejo@redhat.com juanvallejo
	unknown [173, 27]
	devel-doc [1, 0]
ZTE Corporation liu.hao89@zte.com.cn foxyriver
	unknown [56, 59]
Tencent forrestchen@tencent.com forrestchen
	unknown [25, 0]
Red Hat ccoleman@redhat.com Clayton Coleman
	code [5, 3]
	unknown [12168, 7899]
	devel-doc [752, 305]
	documentation [0, 0]
Huawei irfan.rehman@huawei.com Irfan Ur Rehman
	unknown [156, 38]
	devel-doc [2, 0]
	code [2, 2]
Mirantis ishvedunov@mirantis.com Ivan Shvedunov
	unknown [4, 7]
Red Hat dgoodwin@redhat.com Devan Goodwin
	unknown [543, 49]
	devel-doc [1, 0]
IBM klaus1982.cn@gmail.com Klaus Ma
	unknown [128, 11]
	devel-doc [4, 0]
	documentation [0, 1]
Google shyamjvs@google.com Shyam Jeedigunta
	unknown [378, 25]
	code [539, 297]
FathomDB justin@fathomdb.com Justin Santa Barbara
	unknown [211, 59]
	devel-doc [2, 0]
	code [2, 2]
	build [5, 1]
	documentation [1, 0]
ZTE Corporation tan.shanshan@zte.com.cn tanshanshan
	unknown [56, 32]
	devel-doc [7, 7]
Red Hat mkargaki@redhat.com Michail Kargakis
	code [8, 0]
	unknown [1152, 275]
	devel-doc [4, 3]
	documentation [0, 0]
Pierre Mavro deimos@deimos.fr Deimosfr
	unknown [4, 0]
Red Hat rrati@redhat.com Robert Rati
	unknown [1222, 1286]
	devel-doc [1, 1]
Google stclair@google.com Tim St. Clair
	unknown [920, 250]
	devel-doc [12, 2]
	code [3, 3]
Google mikedanese@google.com Mike Danese
	unknown [164, 75]
	devel-doc [1356, 2922]
	code [9, 5]
	build [5, 3]
	documentation [0, 0]
Google msau@google.com Michelle Au
	unknown [70, 70]
DEIS michelle@deis.com Michelle Noorali
	unknown [162, 39285]
	devel-doc [3, 180]
	image [0, 1943]
	build [0, 41]
Google yjhong@google.com Yu-Ju Hong
	unknown [30, 36]
Red Hat sjenning@redhat.com Seth Jennings
	unknown [354, 223]
	devel-doc [3, 2]
	documentation [0, 0]
Intel dominika.krzyszczyk@intel.com Dominika Krzyszczyk
	unknown [195, 164]
Google nikhiljindal@google.com nikhiljindal
	unknown [94, 24]
	code [3313, 2959]
	build [1, 0]
Google mengqiy@google.com ymqytw
	unknown [541, 6]
	devel-doc [5, 0]
Red Hat hchen@redhat.com Huamin Chen
	unknown [7, 0]
	devel-doc [1, 0]
Google madhusudancs@google.com Madhusudan.C.S
	unknown [55, 9]
	devel-doc [1, 0]
	code [22, 56]
Google acidburn@google.com Jess Frazelle
	unknown [141, 29]
	devel-doc [143, 64]
	code [4, 0]
Google zihongz@google.com Zihong Zheng
	unknown [2542, 1820]
	devel-doc [56, 13]
	code [40, 50]
	build [25, 30]
Molina Healthcare peay@protonmail.com peay
	unknown [144, 54]
Red Hat agoldste@redhat.com Andy Goldstein
	unknown [70, 46]
	devel-doc [4, 3]
Red Hat stefan.schimanski@gmail.com Dr. Stefan Schimanski
	unknown [2100, 1523]
	devel-doc [274, 117]
	code [21, 11]
	documentation [0, 0]
Mirantis yashulyak@gmail.com Dmitry Shulyak
	unknown [258, 147]
	devel-doc [0, 1]
Mirantis lukaszoles@gmail.com Łukasz Oleś
	unknown [191, 2]
	build [1, 1]
Google thockin@google.com Tim Hockin
	unknown [656, 46]
	devel-doc [15, 2]
	code [2, 0]
	build [52, 56]
Nordstrom andrew.oneill@nordstrom.com Andrew O'Neill
	unknown [10, 9]
Hyper.sh feiskyer@gmail.com Pengfei Ni
	unknown [1016, 871]
	devel-doc [5, 1]
CoreOS yifan.gu@coreos.com Yifan Gu
	code [37, 23]
	unknown [0, 1]
	devel-doc [8, 8]
	documentation [3, 5]
	build [2, 3]
Huawei shashidhara.td@huawei.com shashidharatd
	unknown [11, 4]
	devel-doc [1, 0]
	code [2, 1]
Rook lucas.kaldstrom@hotmail.co.uk Lucas Käldström
	unknown [778, 575]
	devel-doc [23, 10]
	code [0, 6]
	build [1, 1]
	documentation [1, 0]
Google rkouj@google.com rkouj
	unknown [1506, 1134]
	devel-doc [24, 2]
Cockroach alexdwanerobinson@gmail.com Alex Robinson
	unknown [29, 0]
	devel-doc [1, 1]
	code [1, 1]
Tencent jungong@tencent.com Jun Gong
	unknown [40, 25]
	documentation [1, 0]
Google jsz@google.com Jerzy Szczepkowski
	unknown [82, 10]
	code [54, 12]
ZTE Corporation pu.junqi@zte.com.cn tianshapjq
	unknown [40, 30]
	devel-doc [1, 1]
	documentation [0, 1]
Google bowei@google.com Bowei Du
	unknown [80, 233]
	devel-doc [20, 24]
	code [9, 28]
	build [9, 28]
Ceph calebamiles@users.noreply.github.com caleb miles
	unknown [0, 459]
	devel-doc [1, 0]
	code [0, 861]
	build [0, 3]
Google zml@google.com Zach Loafman
	unknown [8, 2]
	code [21, 2]
	documentation [1, 0]
Google cjcullen@google.com CJ Cullen
	unknown [24, 0]
Google spxtr@google.com Joe Finney
	unknown [53, 375]
	devel-doc [6, 42]
	code [1, 3]
	build [8, 0]
CoreOS euan.kemp@coreos.com Euan Kemp
	unknown [356, 284]
	devel-doc [33, 2]
	code [15, 5]
	build [11, 1]
Google jinxu@google.com Jing Xu
	unknown [47, 18]
	devel-doc [1, 0]
Red Hat marko.luksa@gmail.com Marko Luksa
	unknown [13, 4]
Wattpad andrew@wattpad.com andrewsykim
	unknown [4, 2]
Google beeps@google.com bprashanth
	unknown [272, 91]
	devel-doc [15, 3]
Google dawnchen@google.com Dawn Chen
	unknown [64, 21]
	devel-doc [3, 1]
	code [9, 0]
	build [1, 0]
Google ramanathana@google.com Anirudh
	unknown [2, 2]
Rancher Labs sid@rancher.com wlan0
	unknown [39, 53]
	devel-doc [5, 16]
CoreOS eric.chiang.m@gmail.com Eric Chiang
	unknown [373, 569]
	devel-doc [0, 3]
ContainerStack.io remon.lam@lamnet.nl Remon Lam
	code [1, 0]
Google verb@google.com Lee Verberne
	code [1, 0]
VMware sritesh@vmware.com Ritesh H Shukla
	unknown [24, 73]
	devel-doc [7, 6]
	code [0, 1110]
Red Hat eparis@redhat.com Eric Paris
	unknown [15, 17]
	code [23, 25]
Self lukasz.szaszkiewicz@gmail.com p0lyn0mial
	unknown [333, 120]
Red Hat ffranz@redhat.com Fabiano Franz
	unknown [217, 33]
	devel-doc [1, 1]
Google bgrant0607@users.noreply.github.com Brian Grant
Google taotaotheripper@gmail.com Random-Liu
	unknown [680, 182]
	devel-doc [8, 0]
	code [47, 5]
	documentation [1, 0]
Google jgrafton@google.com Jeff Grafton
	code [98, 57]
	unknown [25, 9]
	devel-doc [22, 22]
	documentation [2, 0]
	build [5, 5]
Google vmik@google.com Mik Vyatskov
	unknown [70, 123]
	code [3, 4]
	build [11, 3]
NotFound likexu@harmonycloud.cn Aaron.L.Xu
	unknown [76, 76]
	devel-doc [4, 4]
	code [5, 5]
Intel alexander.kanevskiy@intel.com Alexander Kanevskiy
	unknown [7, 7]
	devel-doc [1, 1]
Red Hat shiywang@redhat.com Shiyang Wang
	unknown [2, 2]
Red Hat hekumar@redhat.com Hemant Kumar
	unknown [85, 17]
Self jianhui.zhou@huawei.com jianhuiz
	unknown [2295, 39]
	devel-doc [127, 0]
Bulletproof gus@inodes.org Angus Lees
	unknown [9, 6]
Red Hat jcope@redhat.com Jon Cope
	unknown [682, 261]
	devel-doc [1, 0]
AT&T mf6510@att.com Ciello89
	devel-doc [1, 1]
Red Hat maszulik@redhat.com Maciej Szulik
	code [6, 16]
	unknown [2016, 6848]
	devel-doc [14, 184]
	documentation [0, 0]
ZTE Corporation yu.peng36@zte.com.cn yupeng
	unknown [11, 11]
Google apelisse@google.com Antoine Pelisse
	unknown [7, 44]
Google krousey@google.com Kris
	unknown [242, 45]
Feenix GmbH da.colonel@gmail.com Denis Andrejew
	unknown [1, 1]
Red Hat jsafrane@redhat.com Jan Safranek
	unknown [483, 141]
	devel-doc [3, 0]
NotFound leave24534@gmail.com du2016
	unknown [17, 17]
	code [1, 4]
Self ablock84@gmail.com Alexander Block
	unknown [9, 12]
	code [1, 1]
	build [1, 1]
IBM mbauer@us.ibm.com Morgan Bauer
	unknown [4, 0]
	code [1, 1]
CoreOS xiangli.cs@gmail.com Xiang Li
	unknown [2669, 3]
	devel-doc [87, 0]
Google mml@users.noreply.github.com Matt Liggett
Google chiachenk@google.com Janet Kuo
	unknown [0, 6]
	devel-doc [4, 0]
Google dashpole@google.com David Ashpole
	unknown [58, 22]
Socrata jaescobar.cell@gmail.com Alejandro Escobar
	unknown [2, 2]
	code [51, 39]
Google djmm@google.com David McMahon
	devel-doc [2, 0]
Red Hat mkhan@redhat.com Monis Khan
	unknown [0, 3]
Apache jwhitlock@apache.org Jeremy Whitlock
	code [6, 4]
Bitnami runseb@gmail.com sebgoa
	devel-doc [25, 3]
Google pszczesniak@google.com Piotr Szczesniak
	unknown [121, 69]
	devel-doc [0, 2]
	code [0, 1]
	build [34, 23]
Google gmarek@google.com gmarek
	unknown [513, 106]
	devel-doc [6, 1]
	code [7, 6]
	build [2, 2]
ZJU-SEL xuliker@zju.edu.cn aaronxu
	unknown [13, 13]
	code [6, 6]
JD.COM xuxinkun@gmail.com xuxinkun
	code [1, 1]
CoreOS pb@coreos.com Patrick Baxter
	unknown [1, 0]
Red Hat decarr@redhat.com Derek Carr
	unknown [852, 491]
	devel-doc [4, 3]
	documentation [1, 0]
Zalando linki@users.noreply.github.com Martin Linkhorst
	unknown [4, 4]
(Unknown) chenchun.feed@gmail.com Chun Chen
	unknown [1, 1]
Google saadali@google.com saadali
	devel-doc [527, 206]
Google mehdy@google.com mbohlool
	unknown [25, 4]
	devel-doc [0, 1]
	documentation [0, 0]
Google ameyd@google.com Amey Deshpande
	code [3, 9]
IBM sykesmat@us.ibm.com Matthew Sykes
	unknown [105, 13]
Google etune@google.com Eric Tune
	devel-doc [7, 1]
Red Hat hchiramm@redhat.com Humble Chirammal
	unknown [138, 4]
Intel connor.p.doyle@intel.com Connor Doyle
	code [22, 19]
VMware shivania@vmware.com Abrar Shivani
	unknown [2, 1]
CoreOS hongchaodeng1@gmail.com Hongchao Deng
	unknown [96, 87]
	devel-doc [1, 0]
Google fejta@google.com Erick Fejta
	unknown [98, 57]
Google mtaufen@google.com Michael Taufen
	code [2, 2]
Nordstrom dhawal55@gmail.com Dhawal Patel
	unknown [0, 7]
(Unknown) jbhurat@gmail.com Jitendra Bhurat
	unknown [61, 16]
Net EASE 网易有态度 yarntime@163.com yarntime@163.com
	unknown [19, 14]
Red Hat runcom@redhat.com Antonio Murdaca
	unknown [6, 3]
(Unknown) lzw19860818@aliyun.com LouZhengwei
	unknown [6, 1]
dunnhumby mevanj89@gmail.com Morgan Jones
	unknown [0, 21]
IBM dims@linux.vnet.ibm.com Davanum Srinivas
	unknown [1, 4]
(Unknown) yuanying@fraction.jp OTSUKA, Yuanying
	unknown [7, 7]
	code [1, 3]
	build [1, 1]
IBM dug@us.ibm.com Doug Davis
	unknown [7, 1]
Red Hat obnox@redhat.com Michael Adam
	unknown [741, 37]
	devel-doc [14, 2]
Red Hat tstclair@redhat.com Timothy St. Clair
	unknown [4, 39]
Zeet dave.michael@ntlworld.com David Michael
	devel-doc [1, 3]
VMware bdontu@vmware.com Balu Dontu
	unknown [2, 0]
Red Hat dhodovsk@redhat.com Dominika Hodovska
	unknown [18, 12]
	documentation [0, 0]
Google mwielgus@google.com Marcin Wielgus
	unknown [35, 16]
	devel-doc [3, 1]
Google rmmh@google.com Ryan Hitchman
	unknown [1, 1]
Self keglevich2@gmail.com keglevich3
	build [1, 0]
HP robert.roland@hpe.com Robert Roland
	unknown [5, 2]
Google krousey@users.noreply.github.com krousey
Red Hat seb@stianj.ug Sebastain Jug
	unknown [6, 2]
Intel elson.rodriguez@gmail.com Elson Rodriguez
	unknown [2, 0]
	devel-doc [3, 3]
IBM henry.nash@uk.ibm.com henry.nash@uk.ibm.com
	code [1, 1]
Fujitsu caosf.fnst@cn.fujitsu.com Cao Shufeng
	unknown [1, 1]
Net EASE 网易有态度 coolhzb@163.com AdoHe
	unknown [0, 5]
	devel-doc [0, 1]
Cloud Genius lvnilesh@users.noreply.github.com Nilesh Londhe
	unknown [1, 1]
Apprenda dmcquay@apprenda.com Derek McQuay
	unknown [6, 6]
	devel-doc [2, 3]
JD.COM ailusazh@126.com ailusazh
	unknown [2, 2]
Google dbsmith@google.com Daniel Smith
	unknown [9, 51]
	devel-doc [0, 4]
	code [0, 26]
	build [3, 3]
Red Hat deads2k@users.noreply.github.com David Eads
	unknown [8, 9]
ZTE Corporation cai.yixiang@zte.com.cn caiyixiang
	unknown [3, 3]
devel-doc 8205 4900
	Red Hat ppospisi@redhat.com pospispa: [6, 4]
	ZTE Corporation zhao.xiangpeng@zte.com.cn xiangpengzhao: [1, 1]
	ZTE Corporation chen.tao3@zte.com.cn chentao1596: [2, 2]
	Portworx aditya@portworx.com Aditya Dani: [1685, 0]
	Fujitsu chenr.fnst@cn.fujitsu.com xilabao: [6, 1]
	Google xuchao@google.com Chao Xu: [364, 366]
	Hyper.sh harryz@hyper.sh Harry Zhang: [1, 0]
	Red Hat deads@redhat.com deads2k: [1015, 116]
	Red Hat sross@redhat.com Solly Ross: [189, 0]
	Red Hat dcbw@redhat.com Dan Williams: [27, 51]
	Red Hat jliggitt@redhat.com Jordan Liggitt: [240, 103]
	Google joe.github@bedafamily.com Joe Beda: [2, 0]
	Google wojtekt@google.com Wojciech Tyczynski: [136, 0]
	IBM xingzhou@cn.ibm.com Xing Zhou: [16, 16]
	Microsoft bburns@google.com Brendan Burns: [845, 1]
	Google mixia@google.com Minhan Xia: [1, 50]
	Red Hat jvallejo@redhat.com juanvallejo: [1, 0]
	Red Hat ccoleman@redhat.com Clayton Coleman: [752, 305]
	Huawei irfan.rehman@huawei.com Irfan Ur Rehman: [2, 0]
	Red Hat dgoodwin@redhat.com Devan Goodwin: [1, 0]
	IBM klaus1982.cn@gmail.com Klaus Ma: [4, 0]
	FathomDB justin@fathomdb.com Justin Santa Barbara: [2, 0]
	ZTE Corporation tan.shanshan@zte.com.cn tanshanshan: [7, 7]
	Red Hat mkargaki@redhat.com Michail Kargakis: [4, 3]
	Red Hat rrati@redhat.com Robert Rati: [1, 1]
	Google stclair@google.com Tim St. Clair: [12, 2]
	Google mikedanese@google.com Mike Danese: [1356, 2922]
	DEIS michelle@deis.com Michelle Noorali: [3, 180]
	Red Hat sjenning@redhat.com Seth Jennings: [3, 2]
	Google mengqiy@google.com ymqytw: [5, 0]
	Red Hat hchen@redhat.com Huamin Chen: [1, 0]
	Google madhusudancs@google.com Madhusudan.C.S: [1, 0]
	Google acidburn@google.com Jess Frazelle: [143, 64]
	Google zihongz@google.com Zihong Zheng: [56, 13]
	Red Hat agoldste@redhat.com Andy Goldstein: [4, 3]
	Red Hat stefan.schimanski@gmail.com Dr. Stefan Schimanski: [274, 117]
	Mirantis yashulyak@gmail.com Dmitry Shulyak: [0, 1]
	Google thockin@google.com Tim Hockin: [15, 2]
	Hyper.sh feiskyer@gmail.com Pengfei Ni: [5, 1]
	CoreOS yifan.gu@coreos.com Yifan Gu: [8, 8]
	Huawei shashidhara.td@huawei.com shashidharatd: [1, 0]
	Rook lucas.kaldstrom@hotmail.co.uk Lucas Käldström: [23, 10]
	Google rkouj@google.com rkouj: [24, 2]
	Cockroach alexdwanerobinson@gmail.com Alex Robinson: [1, 1]
	ZTE Corporation pu.junqi@zte.com.cn tianshapjq: [1, 1]
	Google bowei@google.com Bowei Du: [20, 24]
	Ceph calebamiles@users.noreply.github.com caleb miles: [1, 0]
	Google spxtr@google.com Joe Finney: [6, 42]
	CoreOS euan.kemp@coreos.com Euan Kemp: [33, 2]
	Google jinxu@google.com Jing Xu: [1, 0]
	Google beeps@google.com bprashanth: [15, 3]
	Google dawnchen@google.com Dawn Chen: [3, 1]
	Rancher Labs sid@rancher.com wlan0: [5, 16]
	CoreOS eric.chiang.m@gmail.com Eric Chiang: [0, 3]
	VMware sritesh@vmware.com Ritesh H Shukla: [7, 6]
	Red Hat ffranz@redhat.com Fabiano Franz: [1, 1]
	Google taotaotheripper@gmail.com Random-Liu: [8, 0]
	Google jgrafton@google.com Jeff Grafton: [22, 22]
	NotFound likexu@harmonycloud.cn Aaron.L.Xu: [4, 4]
	Intel alexander.kanevskiy@intel.com Alexander Kanevskiy: [1, 1]
	Self jianhui.zhou@huawei.com jianhuiz: [127, 0]
	Red Hat jcope@redhat.com Jon Cope: [1, 0]
	AT&T mf6510@att.com Ciello89: [1, 1]
	Red Hat maszulik@redhat.com Maciej Szulik: [14, 184]
	Red Hat jsafrane@redhat.com Jan Safranek: [3, 0]
	CoreOS xiangli.cs@gmail.com Xiang Li: [87, 0]
	Google chiachenk@google.com Janet Kuo: [4, 0]
	Google djmm@google.com David McMahon: [2, 0]
	Bitnami runseb@gmail.com sebgoa: [25, 3]
	Google pszczesniak@google.com Piotr Szczesniak: [0, 2]
	Google gmarek@google.com gmarek: [6, 1]
	Red Hat decarr@redhat.com Derek Carr: [4, 3]
	Google saadali@google.com saadali: [527, 206]
	Google mehdy@google.com mbohlool: [0, 1]
	Google etune@google.com Eric Tune: [7, 1]
	CoreOS hongchaodeng1@gmail.com Hongchao Deng: [1, 0]
	Red Hat obnox@redhat.com Michael Adam: [14, 2]
	Zeet dave.michael@ntlworld.com David Michael: [1, 3]
	Google mwielgus@google.com Marcin Wielgus: [3, 1]
	Intel elson.rodriguez@gmail.com Elson Rodriguez: [3, 3]
	Net EASE 网易有态度 coolhzb@163.com AdoHe: [0, 1]
	Apprenda dmcquay@apprenda.com Derek McQuay: [2, 3]
	Google dbsmith@google.com Daniel Smith: [0, 4]
code 5287 6028
	Red Hat danw@redhat.com Dan Winship: [1, 1]
	Fujitsu chenr.fnst@cn.fujitsu.com xilabao: [58, 8]
	Google xuchao@google.com Chao Xu: [8, 92]
	Red Hat deads@redhat.com deads2k: [609, 249]
	Red Hat jliggitt@redhat.com Jordan Liggitt: [1, 1]
	Google wojtekt@google.com Wojciech Tyczynski: [11, 1]
	Microsoft bburns@google.com Brendan Burns: [193, 1]
	Red Hat ccoleman@redhat.com Clayton Coleman: [5, 3]
	Huawei irfan.rehman@huawei.com Irfan Ur Rehman: [2, 2]
	Google shyamjvs@google.com Shyam Jeedigunta: [539, 297]
	FathomDB justin@fathomdb.com Justin Santa Barbara: [2, 2]
	Red Hat mkargaki@redhat.com Michail Kargakis: [8, 0]
	Google stclair@google.com Tim St. Clair: [3, 3]
	Google mikedanese@google.com Mike Danese: [9, 5]
	Google nikhiljindal@google.com nikhiljindal: [3313, 2959]
	Google madhusudancs@google.com Madhusudan.C.S: [22, 56]
	Google acidburn@google.com Jess Frazelle: [4, 0]
	Google zihongz@google.com Zihong Zheng: [40, 50]
	Red Hat stefan.schimanski@gmail.com Dr. Stefan Schimanski: [21, 11]
	Google thockin@google.com Tim Hockin: [2, 0]
	CoreOS yifan.gu@coreos.com Yifan Gu: [37, 23]
	Huawei shashidhara.td@huawei.com shashidharatd: [2, 1]
	Rook lucas.kaldstrom@hotmail.co.uk Lucas Käldström: [0, 6]
	Cockroach alexdwanerobinson@gmail.com Alex Robinson: [1, 1]
	Google jsz@google.com Jerzy Szczepkowski: [54, 12]
	Google bowei@google.com Bowei Du: [9, 28]
	Ceph calebamiles@users.noreply.github.com caleb miles: [0, 861]
	Google zml@google.com Zach Loafman: [21, 2]
	Google spxtr@google.com Joe Finney: [1, 3]
	CoreOS euan.kemp@coreos.com Euan Kemp: [15, 5]
	Google dawnchen@google.com Dawn Chen: [9, 0]
	ContainerStack.io remon.lam@lamnet.nl Remon Lam: [1, 0]
	Google verb@google.com Lee Verberne: [1, 0]
	VMware sritesh@vmware.com Ritesh H Shukla: [0, 1110]
	Red Hat eparis@redhat.com Eric Paris: [23, 25]
	Google taotaotheripper@gmail.com Random-Liu: [47, 5]
	Google jgrafton@google.com Jeff Grafton: [98, 57]
	Google vmik@google.com Mik Vyatskov: [3, 4]
	NotFound likexu@harmonycloud.cn Aaron.L.Xu: [5, 5]
	Red Hat maszulik@redhat.com Maciej Szulik: [6, 16]
	NotFound leave24534@gmail.com du2016: [1, 4]
	Self ablock84@gmail.com Alexander Block: [1, 1]
	IBM mbauer@us.ibm.com Morgan Bauer: [1, 1]
	Socrata jaescobar.cell@gmail.com Alejandro Escobar: [51, 39]
	Apache jwhitlock@apache.org Jeremy Whitlock: [6, 4]
	Google pszczesniak@google.com Piotr Szczesniak: [0, 1]
	Google gmarek@google.com gmarek: [7, 6]
	ZJU-SEL xuliker@zju.edu.cn aaronxu: [6, 6]
	JD.COM xuxinkun@gmail.com xuxinkun: [1, 1]
	Google ameyd@google.com Amey Deshpande: [3, 9]
	Intel connor.p.doyle@intel.com Connor Doyle: [22, 19]
	Google mtaufen@google.com Michael Taufen: [2, 2]
	(Unknown) yuanying@fraction.jp OTSUKA, Yuanying: [1, 3]
	IBM henry.nash@uk.ibm.com henry.nash@uk.ibm.com: [1, 1]
	Google dbsmith@google.com Daniel Smith: [0, 26]
unknown 69419 79356
	Red Hat ppospisi@redhat.com pospispa: [62, 14]
	(Unknown) dconstenla@gradiant.org David Constenla: [34, 133]
	ZTE Corporation zhao.xiangpeng@zte.com.cn xiangpengzhao: [56, 12]
	ZTE Corporation chen.tao3@zte.com.cn chentao1596: [4, 3]
	Red Hat danw@redhat.com Dan Winship: [9, 23]
	EasyStack yuquan.ren@easystack.cn NickrenREN: [115, 63]
	JPMorgan Chase & Co. michael.fraenkel@gmail.com Michael Fraenkel: [257, 13]
	Alternative Storage nakayamakenjiro@gmail.com Kenjiro Nakayama: [5, 3]
	Tencent moonfang@tencent.com moonfang(房孝敬): [12, 0]
	Portworx aditya@portworx.com Aditya Dani: [1208, 0]
	(Unknown) zhaohuizhi@gmail.com Hui-Zhi: [228, 21]
	Fujitsu chenr.fnst@cn.fujitsu.com xilabao: [212, 116]
	opentargets elipapa@users.noreply.github.com elipapa: [1, 0]
	ZTE Corporation ouyang.qinhua@zte.com.cn bruceauyeung: [40, 40]
	Google xuchao@google.com Chao Xu: [2616, 2853]
	Hyper.sh harryz@hyper.sh Harry Zhang: [95, 24]
	Red Hat deads@redhat.com deads2k: [10094, 3024]
	Red Hat sross@redhat.com Solly Ross: [2794, 430]
	Red Hat dcbw@redhat.com Dan Williams: [830, 242]
	Red Hat jliggitt@redhat.com Jordan Liggitt: [2399, 1989]
	Bigstep cristian.pop@bigstep.com Cristian Pop: [42, 10]
	Google joe.github@bedafamily.com Joe Beda: [47, 6]
	ZTE Corporation lin.youchong@zte.com.cn linyouchong: [1, 1]
	Google wojtekt@google.com Wojciech Tyczynski: [3422, 1665]
	IBM xingzhou@cn.ibm.com Xing Zhou: [295, 99]
	SalesForce mayank.kumar@salesforce.com Mayank Kumar: [3, 3]
	Microsoft bburns@google.com Brendan Burns: [1450, 165]
	Google mixia@google.com Minhan Xia: [312, 825]
	Red Hat jvallejo@redhat.com juanvallejo: [173, 27]
	ZTE Corporation liu.hao89@zte.com.cn foxyriver: [56, 59]
	Tencent forrestchen@tencent.com forrestchen: [25, 0]
	Red Hat ccoleman@redhat.com Clayton Coleman: [12168, 7899]
	Huawei irfan.rehman@huawei.com Irfan Ur Rehman: [156, 38]
	Mirantis ishvedunov@mirantis.com Ivan Shvedunov: [4, 7]
	Red Hat dgoodwin@redhat.com Devan Goodwin: [543, 49]
	IBM klaus1982.cn@gmail.com Klaus Ma: [128, 11]
	Google shyamjvs@google.com Shyam Jeedigunta: [378, 25]
	FathomDB justin@fathomdb.com Justin Santa Barbara: [211, 59]
	ZTE Corporation tan.shanshan@zte.com.cn tanshanshan: [56, 32]
	Red Hat mkargaki@redhat.com Michail Kargakis: [1152, 275]
	Pierre Mavro deimos@deimos.fr Deimosfr: [4, 0]
	Red Hat rrati@redhat.com Robert Rati: [1222, 1286]
	Google stclair@google.com Tim St. Clair: [920, 250]
	Google mikedanese@google.com Mike Danese: [164, 75]
	Google msau@google.com Michelle Au: [70, 70]
	DEIS michelle@deis.com Michelle Noorali: [162, 39285]
	Google yjhong@google.com Yu-Ju Hong: [30, 36]
	Red Hat sjenning@redhat.com Seth Jennings: [354, 223]
	Intel dominika.krzyszczyk@intel.com Dominika Krzyszczyk: [195, 164]
	Google nikhiljindal@google.com nikhiljindal: [94, 24]
	Google mengqiy@google.com ymqytw: [541, 6]
	Red Hat hchen@redhat.com Huamin Chen: [7, 0]
	Google madhusudancs@google.com Madhusudan.C.S: [55, 9]
	Google acidburn@google.com Jess Frazelle: [141, 29]
	Google zihongz@google.com Zihong Zheng: [2542, 1820]
	Molina Healthcare peay@protonmail.com peay: [144, 54]
	Red Hat agoldste@redhat.com Andy Goldstein: [70, 46]
	Red Hat stefan.schimanski@gmail.com Dr. Stefan Schimanski: [2100, 1523]
	Mirantis yashulyak@gmail.com Dmitry Shulyak: [258, 147]
	Mirantis lukaszoles@gmail.com Łukasz Oleś: [191, 2]
	Google thockin@google.com Tim Hockin: [656, 46]
	Nordstrom andrew.oneill@nordstrom.com Andrew O'Neill: [10, 9]
	Hyper.sh feiskyer@gmail.com Pengfei Ni: [1016, 871]
	CoreOS yifan.gu@coreos.com Yifan Gu: [0, 1]
	Huawei shashidhara.td@huawei.com shashidharatd: [11, 4]
	Rook lucas.kaldstrom@hotmail.co.uk Lucas Käldström: [778, 575]
	Google rkouj@google.com rkouj: [1506, 1134]
	Cockroach alexdwanerobinson@gmail.com Alex Robinson: [29, 0]
	Tencent jungong@tencent.com Jun Gong: [40, 25]
	Google jsz@google.com Jerzy Szczepkowski: [82, 10]
	ZTE Corporation pu.junqi@zte.com.cn tianshapjq: [40, 30]
	Google bowei@google.com Bowei Du: [80, 233]
	Ceph calebamiles@users.noreply.github.com caleb miles: [0, 459]
	Google zml@google.com Zach Loafman: [8, 2]
	Google cjcullen@google.com CJ Cullen: [24, 0]
	Google spxtr@google.com Joe Finney: [53, 375]
	CoreOS euan.kemp@coreos.com Euan Kemp: [356, 284]
	Google jinxu@google.com Jing Xu: [47, 18]
	Red Hat marko.luksa@gmail.com Marko Luksa: [13, 4]
	Wattpad andrew@wattpad.com andrewsykim: [4, 2]
	Google beeps@google.com bprashanth: [272, 91]
	Google dawnchen@google.com Dawn Chen: [64, 21]
	Google ramanathana@google.com Anirudh: [2, 2]
	Rancher Labs sid@rancher.com wlan0: [39, 53]
	CoreOS eric.chiang.m@gmail.com Eric Chiang: [373, 569]
	VMware sritesh@vmware.com Ritesh H Shukla: [24, 73]
	Red Hat eparis@redhat.com Eric Paris: [15, 17]
	Self lukasz.szaszkiewicz@gmail.com p0lyn0mial: [333, 120]
	Red Hat ffranz@redhat.com Fabiano Franz: [217, 33]
	Google taotaotheripper@gmail.com Random-Liu: [680, 182]
	Google jgrafton@google.com Jeff Grafton: [25, 9]
	Google vmik@google.com Mik Vyatskov: [70, 123]
	NotFound likexu@harmonycloud.cn Aaron.L.Xu: [76, 76]
	Intel alexander.kanevskiy@intel.com Alexander Kanevskiy: [7, 7]
	Red Hat shiywang@redhat.com Shiyang Wang: [2, 2]
	Red Hat hekumar@redhat.com Hemant Kumar: [85, 17]
	Self jianhui.zhou@huawei.com jianhuiz: [2295, 39]
	Bulletproof gus@inodes.org Angus Lees: [9, 6]
	Red Hat jcope@redhat.com Jon Cope: [682, 261]
	Red Hat maszulik@redhat.com Maciej Szulik: [2016, 6848]
	ZTE Corporation yu.peng36@zte.com.cn yupeng: [11, 11]
	Google apelisse@google.com Antoine Pelisse: [7, 44]
	Google krousey@google.com Kris: [242, 45]
	Feenix GmbH da.colonel@gmail.com Denis Andrejew: [1, 1]
	Red Hat jsafrane@redhat.com Jan Safranek: [483, 141]
	NotFound leave24534@gmail.com du2016: [17, 17]
	Self ablock84@gmail.com Alexander Block: [9, 12]
	IBM mbauer@us.ibm.com Morgan Bauer: [4, 0]
	CoreOS xiangli.cs@gmail.com Xiang Li: [2669, 3]
	Google chiachenk@google.com Janet Kuo: [0, 6]
	Google dashpole@google.com David Ashpole: [58, 22]
	Socrata jaescobar.cell@gmail.com Alejandro Escobar: [2, 2]
	Red Hat mkhan@redhat.com Monis Khan: [0, 3]
	Google pszczesniak@google.com Piotr Szczesniak: [121, 69]
	Google gmarek@google.com gmarek: [513, 106]
	ZJU-SEL xuliker@zju.edu.cn aaronxu: [13, 13]
	CoreOS pb@coreos.com Patrick Baxter: [1, 0]
	Red Hat decarr@redhat.com Derek Carr: [852, 491]
	Zalando linki@users.noreply.github.com Martin Linkhorst: [4, 4]
	(Unknown) chenchun.feed@gmail.com Chun Chen: [1, 1]
	Google mehdy@google.com mbohlool: [25, 4]
	IBM sykesmat@us.ibm.com Matthew Sykes: [105, 13]
	Red Hat hchiramm@redhat.com Humble Chirammal: [138, 4]
	VMware shivania@vmware.com Abrar Shivani: [2, 1]
	CoreOS hongchaodeng1@gmail.com Hongchao Deng: [96, 87]
	Google fejta@google.com Erick Fejta: [98, 57]
	Nordstrom dhawal55@gmail.com Dhawal Patel: [0, 7]
	(Unknown) jbhurat@gmail.com Jitendra Bhurat: [61, 16]
	Net EASE 网易有态度 yarntime@163.com yarntime@163.com: [19, 14]
	Red Hat runcom@redhat.com Antonio Murdaca: [6, 3]
	(Unknown) lzw19860818@aliyun.com LouZhengwei: [6, 1]
	dunnhumby mevanj89@gmail.com Morgan Jones: [0, 21]
	IBM dims@linux.vnet.ibm.com Davanum Srinivas: [1, 4]
	(Unknown) yuanying@fraction.jp OTSUKA, Yuanying: [7, 7]
	IBM dug@us.ibm.com Doug Davis: [7, 1]
	Red Hat obnox@redhat.com Michael Adam: [741, 37]
	Red Hat tstclair@redhat.com Timothy St. Clair: [4, 39]
	VMware bdontu@vmware.com Balu Dontu: [2, 0]
	Red Hat dhodovsk@redhat.com Dominika Hodovska: [18, 12]
	Google mwielgus@google.com Marcin Wielgus: [35, 16]
	Google rmmh@google.com Ryan Hitchman: [1, 1]
	HP robert.roland@hpe.com Robert Roland: [5, 2]
	Red Hat seb@stianj.ug Sebastain Jug: [6, 2]
	Intel elson.rodriguez@gmail.com Elson Rodriguez: [2, 0]
	Fujitsu caosf.fnst@cn.fujitsu.com Cao Shufeng: [1, 1]
	Net EASE 网易有态度 coolhzb@163.com AdoHe: [0, 5]
	Cloud Genius lvnilesh@users.noreply.github.com Nilesh Londhe: [1, 1]
	Apprenda dmcquay@apprenda.com Derek McQuay: [6, 6]
	JD.COM ailusazh@126.com ailusazh: [2, 2]
	Google dbsmith@google.com Daniel Smith: [9, 51]
	Red Hat deads2k@users.noreply.github.com David Eads: [8, 9]
	ZTE Corporation cai.yixiang@zte.com.cn caiyixiang: [3, 3]
image 0 1943
	DEIS michelle@deis.com Michelle Noorali: [0, 1943]
documentation 24 9
	JPMorgan Chase & Co. michael.fraenkel@gmail.com Michael Fraenkel: [1, 0]
	Portworx aditya@portworx.com Aditya Dani: [0, 0]
	Red Hat deads@redhat.com deads2k: [6, 2]
	Red Hat sross@redhat.com Solly Ross: [0, 0]
	Google wojtekt@google.com Wojciech Tyczynski: [1, 0]
	Microsoft bburns@google.com Brendan Burns: [5, 0]
	Red Hat ccoleman@redhat.com Clayton Coleman: [0, 0]
	IBM klaus1982.cn@gmail.com Klaus Ma: [0, 1]
	FathomDB justin@fathomdb.com Justin Santa Barbara: [1, 0]
	Red Hat mkargaki@redhat.com Michail Kargakis: [0, 0]
	Google mikedanese@google.com Mike Danese: [0, 0]
	Red Hat sjenning@redhat.com Seth Jennings: [0, 0]
	Red Hat stefan.schimanski@gmail.com Dr. Stefan Schimanski: [0, 0]
	CoreOS yifan.gu@coreos.com Yifan Gu: [3, 5]
	Rook lucas.kaldstrom@hotmail.co.uk Lucas Käldström: [1, 0]
	Tencent jungong@tencent.com Jun Gong: [1, 0]
	ZTE Corporation pu.junqi@zte.com.cn tianshapjq: [0, 1]
	Google zml@google.com Zach Loafman: [1, 0]
	Google taotaotheripper@gmail.com Random-Liu: [1, 0]
	Google jgrafton@google.com Jeff Grafton: [2, 0]
	Red Hat maszulik@redhat.com Maciej Szulik: [0, 0]
	Red Hat decarr@redhat.com Derek Carr: [1, 0]
	Google mehdy@google.com mbohlool: [0, 0]
	Red Hat dhodovsk@redhat.com Dominika Hodovska: [0, 0]
build 220 223
	Red Hat deads@redhat.com deads2k: [41, 17]
	FathomDB justin@fathomdb.com Justin Santa Barbara: [5, 1]
	Google mikedanese@google.com Mike Danese: [5, 3]
	DEIS michelle@deis.com Michelle Noorali: [0, 41]
	Google nikhiljindal@google.com nikhiljindal: [1, 0]
	Google zihongz@google.com Zihong Zheng: [25, 30]
	Mirantis lukaszoles@gmail.com Łukasz Oleś: [1, 1]
	Google thockin@google.com Tim Hockin: [52, 56]
	CoreOS yifan.gu@coreos.com Yifan Gu: [2, 3]
	Rook lucas.kaldstrom@hotmail.co.uk Lucas Käldström: [1, 1]
	Google bowei@google.com Bowei Du: [9, 28]
	Ceph calebamiles@users.noreply.github.com caleb miles: [0, 3]
	Google spxtr@google.com Joe Finney: [8, 0]
	CoreOS euan.kemp@coreos.com Euan Kemp: [11, 1]
	Google dawnchen@google.com Dawn Chen: [1, 0]
	Google jgrafton@google.com Jeff Grafton: [5, 5]
	Google vmik@google.com Mik Vyatskov: [11, 3]
	Self ablock84@gmail.com Alexander Block: [1, 1]
	Google pszczesniak@google.com Piotr Szczesniak: [34, 23]
	Google gmarek@google.com gmarek: [2, 2]
	(Unknown) yuanying@fraction.jp OTSUKA, Yuanying: [1, 1]
	Self keglevich2@gmail.com keglevich3: [1, 0]
	Google dbsmith@google.com Daniel Smith: [3, 3]
translation 150 0
	Microsoft bburns@google.com Brendan Burns: [150, 0]
devel-doc 8205 4900
code 5287 6028
unknown 69419 79356
image 0 1943
documentation 24 9
build 220 223
translation 150 0
