Filter on "^vendor/|/vendor/"
open output file /Users/lukasz/dev/cncf/gitdm/other_repos/kubernetes_range_unknown_2016-05-01_2016-06-01.csv

(Unknown) unknown@hacker.net Unknown hacker
moovel mkulke@gmail.com Magnus Kulke
	unknown [8, 5]
Google rmmh@google.com Ryan Hitchman
	unknown [619, 232]
IBM dug@us.ibm.com Doug Davis
	unknown [98, 100]
	devel-doc [65, 65]
	code [3, 3]
	documentation [39, 28]
Docker harryzhang@zju.edu.cn Harry Zhang
	unknown [407, 195]
Google mml@google.com Matt Liggett
	unknown [4350, 102]
	code [5, 5]
Red Hat ccoleman@redhat.com Clayton Coleman
	unknown [5318, 3266]
	devel-doc [12, 0]
	code [2, 2]
Red Hat maszulik@redhat.com Maciej Szulik
	unknown [3175, 344]
	devel-doc [26, 0]
	code [7, 3]
	documentation [3, 3]
Google dbsmith@google.com Daniel Smith
	unknown [772, 618]
	devel-doc [116, 155]
	code [40, 256]
	build [5, 946]
	documentation [0, 2]
Google mtaufen@google.com Michael Taufen
	unknown [154, 1]
	code [1, 3]
Google etune@google.com Eric Tune
	unknown [1849, 35]
IBM dims@linux.vnet.ibm.com Davanum Srinivas
	code [10, 2]
	unknown [48, 2]
	documentation [0, 0]
Red Hat rrati@redhat.com Robert Rati
	unknown [325, 186]
	documentation [1, 0]
Reevoo ed@reevoo.com Ed Robinson
	unknown [30, 18]
Google xuchao@google.com Chao Xu
	unknown [15897, 14138]
	code [9, 7]
	documentation [3, 1]
Apache jay@apache.org Jay Vyas
	unknown [170, 5563]
	code [2068, 2]
Microsoft cole.mickens@gmail.com Cole Mickens
	unknown [2112, 56]
CoreOS george.tankersley@coreos.com George Tankersley
	unknown [322, 1]
	documentation [2, 0]
Google nikhiljindal@google.com nikhiljindal
	unknown [1892, 381]
	code [43, 10]
	documentation [2, 1]
Google gmarek@google.com gmarek
	code [104, 60]
	unknown [1098, 207]
	documentation [1, 0]
	build [18, 18]
IBM brownwm@us.ibm.com Mike Brown
	unknown [1069, 485]
Mirantis akurilin@mirantis.com Andrey Kurilin
	unknown [6, 1]
	code [12, 0]
Google thockin@google.com Tim Hockin
	devel-doc [6877, 11501]
	code [3869, 3964]
	package [0, 0]
	unknown [223, 27647]
	image [90, 29]
	documentation [1, 174]
	build [325, 60]
Google wojtekt@google.com Wojciech Tyczynski
	unknown [1079, 808]
	devel-doc [5, 3]
	code [86, 44]
	build [8, 11]
	documentation [2, 6]
Red Hat mkargaki@redhat.com Michail Kargakis
	unknown [235, 210]
IBM mbauer@us.ibm.com Morgan Bauer
	unknown [13, 5]
Canonical matthew.bruzek@canonical.com Matt Bruzek
	unknown [220, 86]
	devel-doc [36, 3]
	code [286, 191]
	documentation [4, 4]
Google yjhong@google.com Yu-Ju Hong
	unknown [801, 251]
Jetstack simon@swine.de Christian Simon
	unknown [2, 18]
Mirantis dshulyak@mirantis.com Dmitry Shulyak
	unknown [37, 24]
Google gkalele@google.com Girish Kalele
	code [159, 13]
	unknown [217, 1277]
	devel-doc [46, 120]
	documentation [0, 0]
	build [108, 349]
Red Hat deads@redhat.com deads2k
	unknown [778, 492]
Allegro mrostecki@mirantis.com Michal Rostecki
	unknown [6, 5]
Red Hat jliggitt@redhat.com Jordan Liggitt
	code [18, 8]
	unknown [802, 316]
	documentation [1, 0]
Self christiankoep@gmail.com Christian Koep
	unknown [3, 6]
NotFound matt@nowprovision.com Matt Freeman
	unknown [75, 16]
Google mrubin@google.com Michael Rubin
	unknown [710, 565]
	devel-doc [29, 0]
	code [2, 0]
Red Hat decarr@redhat.com derekwaynecarr
	unknown [2471, 224]
	code [59, 17]
	documentation [2, 0]
Google beeps@google.com Prashanth Balasubramanian
	code [7, 1]
	unknown [1783, 546]
	devel-doc [51, 7]
	documentation [0, 1]
	build [13, 4]
CoreOS euank@coreos.com Euan Kemp
	unknown [447, 422]
	code [1, 1]
Google saadali@google.com saadali
	code [3, 2]
	unknown [8500, 2932]
	devel-doc [37253, 9613]
	documentation [1, 0]
CoreOS eric.chiang@coreos.com Eric Chiang
	unknown [11287, 167]
	devel-doc [244, 0]
	code [4, 4]
	documentation [1, 0]
Red Hat jchaloup@redhat.com Jan Chaloupka
	code [1, 1]
	unknown [573, 227]
	documentation [0, 0]
	build [1, 1]
HP abitha.palaniappan@hp.com Abitha Palaniappan
	unknown [277, 37]
	documentation [0, 0]
Cisco aanm90@gmail.com André Martins
	code [18, 15]
ZTE Corporation zhao.xiangpeng@zte.com.cn Xiangpeng Zhao
	unknown [10, 9]
	code [4, 0]
Google jgrafton@google.com Jeff Grafton
	unknown [5, 1]
	code [59, 65]
	documentation [1, 0]
Red Hat agoldste@redhat.com Andy Goldstein
	unknown [432, 272]
(Unknown) ripcurld.github@gmail.com Boaz Shuster
	unknown [1, 1]
Hewlett Packard davideagnello@gmail.com Davide Agnello
	unknown [1046, 430]
Red Hat hchen@redhat.com Huamin Chen
	unknown [962, 482]
	documentation [0, 0]
Microsoft bburns@google.com Brendan Burns
	unknown [449, 107]
	code [1, 1]
	documentation [28, 0]
Red Hat gouyang@redhat.com Guohua Ouyang
	code [21, 0]
CoreOS yifan.gu@coreos.com Yifan Gu
	unknown [582, 225]
	build [10, 0]
Google pwittroc@google.com pwittrock
	unknown [1181, 641]
	code [69, 16]
	documentation [4, 0]
Google vishnuk@google.com Vishnu kannan
	unknown [881, 406]
	code [5, 4]
	build [9, 2]
	documentation [6, 3]
Google quinton@google.com Quinton Hoole
	unknown [3327, 100]
	devel-doc [211, 0]
Google wonderfly@google.com Daniel Wang
	code [105, 65]
	build [2, 2]
	documentation [2, 0]
Tigera casey@tigera.io Casey Davenport
	unknown [1628, 52]
	devel-doc [36, 20]
	code [18, 11]
	build [10, 9]
Metaswitch matthew.dupre@metaswitch.com Matt Dupre
	unknown [116, 0]
	devel-doc [20, 0]
	code [12, 0]
	build [19, 2]
Google jsz@google.com Jerzy Szczepkowski
	code [29, 5]
	unknown [674, 296]
	devel-doc [2, 2]
	documentation [4, 0]
	build [6, 2]
Google djmm@google.com David McMahon
	unknown [19, 14]
	devel-doc [124, 3]
	code [34, 3]
	build [2, 2]
Google adityakali@google.com Aditya Kali
	code [2, 1]
Google chiachenk@google.com Janet Kuo
	unknown [3326, 2280]
	code [93, 3]
	documentation [338, 5]
Google qzheng@google.com Andy Zheng
	unknown [402, 4]
	devel-doc [36, 1]
	code [405, 44]
	build [2147, 73]
	documentation [4, 0]
Google abshah@google.com Abhishek Shah
	code [2, 0]
	unknown [1786, 330]
	devel-doc [964, 260]
	documentation [1, 0]
	build [186, 6]
Google mikedanese@google.com Mike Danese
	unknown [53, 259]
	devel-doc [0, 210]
	code [9, 70]
	build [36, 12]
	documentation [1, 1]
Google mwielgus@google.com Marcin Wielgus
	code [83, 55]
	unknown [103, 17]
	devel-doc [74, 3]
	documentation [1, 0]
	build [51, 3]
Google zml@google.com Zach Loafman
	unknown [377, 135]
	code [12, 4]
GoDaddy jcruger@godaddy.com Jarrett Cruger
	code [20, 10]
Red Hat pmorie@redhat.com Paul Morie
	unknown [1323, 637]
	documentation [0, 0]
ThousandEyes vgarcia@thousandeyes.com Victor Garcia
	unknown [13, 7]
Red Hat jsafrane@redhat.com Jan Safranek
	unknown [5591, 4088]
Google pszczesniak@google.com Piotr Szczesniak
	unknown [1449, 2376]
	devel-doc [211, 135]
	code [1, 1]
Rook lucas.kaldstrom@hotmail.co.uk Lucas Käldström
	unknown [579, 370]
	devel-doc [37, 0]
	code [69, 548]
	build [81, 157]
	documentation [0, 0]
Google jeffml@google.com Jeff Lowdermilk
	unknown [476, 429]
	code [7, 1]
inovex GmbH johannes.scheuermann@inovex.de Johannes Scheuermann
	code [1, 1]
	build [9, 3]
Mirantis sbrzeczkowski@mirantis.com Sylwester Brzeczkowski
	unknown [6, 1]
Net EASE 网易有态度 coolhzb@163.com AdoHe
	unknown [351, 42]
	documentation [3, 2]
Red Hat stefan.schimanski@gmail.com Dr. Stefan Schimanski
	unknown [212, 4018]
	documentation [153, 1]
Red Hat asalkeld@mirantis.com Angus Salkeld
	unknown [56, 11]
	code [12, 0]
CoreOS gyuhox@gmail.com Gyu-Ho Lee
	unknown [22, 22]
CoreOS hongchaodeng1@gmail.com Hongchao Deng
	unknown [191, 45]
eBay fmeng@ebay.com mfanjie
	unknown [1968, 10]
	documentation [1, 0]
Cockroach alexdwanerobinson@gmail.com Alex Robinson
	unknown [23, 11]
	build [8, 1]
Self taotaotheripper@gmail.com Random-Liu
	unknown [1022, 212]
	devel-doc [10, 0]
	code [11, 3]
	build [46, 0]
Google fejta@google.com Erick Fejta
	unknown [6, 0]
	code [10, 3]
Red Hat tstclair@redhat.com Timothy St. Clair
	unknown [969, 102]
	devel-doc [10, 0]
FathomDB justin@fathomdb.com Justin Santa Barbara
	code [1, 1]
	unknown [18, 9]
	documentation [1, 0]
Red Hat eparis@redhat.com Eric Paris
	unknown [9, 9]
	code [1, 1]
CoreOS colin.hom@coreos.com Colin Hom
	unknown [551, 35]
	code [469, 22]
	documentation [1, 0]
Google jinxu@google.com Jing Xu
	unknown [29, 19]
Google stclair@google.com Tim St. Clair
	unknown [207, 200]
	devel-doc [2806, 2130]
Google mohr@google.com Alex Mohr
Google dawnchen@google.com Dawn Chen
	unknown [45, 8]
	code [2, 2]
Google mixia@google.com Minhan Xia
	code [2, 2]
	unknown [865, 175]
	documentation [0, 0]
VMware dua_rajdeep@yahoo.com Rajdeep Dua
	unknown [120, 7]
Clarifai rudi@clarifai.com Rudi Chiarito
	unknown [195, 103]
Red Hat cewong@redhat.com Cesar Wong
	unknown [1, 1]
appOrbit spotter@gmail.com Shaya Potter
	unknown [205, 168]
Self aledbf@gmail.com Manuel de Brito Fontes
	unknown [5, 4]
(Unknown) ttr314@googlemail.com Timo Reimann
	unknown [116, 8]
Rackspace metral@gmail.com Mike Metral
	unknown [338, 291]
	code [96, 14]
Google ihmccreery@google.com Isaac Hollander McCreery
	unknown [23, 16]
	devel-doc [0, 4]
	code [32, 11]
	build [10, 4]
CNM Consulting clove@cnmconsulting.net chrislovecnm
	unknown [102, 44]
	devel-doc [42, 12]
	code [57, 8]
	documentation [6, 4]
Google me@jessfraz.com Jess Frazelle
	unknown [194, 12]
	documentation [1, 0]
Google qlee@google.com Quintin Lee
	unknown [21, 14]
	build [2, 2]
Red Hat avagarwa@redhat.com Avesh Agarwal
	unknown [681, 64]
	documentation [0, 0]
Google ojarjur@google.com Omar Jarjur
	code [11, 0]
	build [7, 0]
Google filipg@google.com Filip Grzadkowski
	unknown [76, 50]
	devel-doc [1, 13]
	build [1, 24]
IBM haih@us.ibm.com Hai Huang
	unknown [7, 0]
Aperian Global aaronjlevy@gmail.com Aaron Levy
	unknown [2, 0]
Google spxtr@google.com Joe Finney
	unknown [19, 11]
	devel-doc [5, 3]
	code [3, 2]
	build [1, 1]
Red Hat mfojtik@redhat.com Michal Fojtik
	unknown [67, 8]
CoreOS jonathan.boulle@coreos.com Jonathan Boulle
	unknown [1, 1]
Google bryk@google.com bryk
	unknown [14, 15]
Google madhusudancs@google.com Madhusudan.C.S
	unknown [795, 166]
	code [42, 4]
ZTE Corporation present.wp@icloud.com PingWang
	unknown [57, 52]
CoreOS xiangli.cs@gmail.com Xiang Li
	unknown [43, 55]
Google cjcullen@google.com CJ Cullen
	unknown [260, 36]
	documentation [3, 0]
Self contact@tmrts.com Tamer Tas
	unknown [15, 14]
Intel elson.o.rodriguez@intel.com Elson O Rodriguez
	code [2, 2]
Google krousey@google.com Kris
	unknown [370, 231]
NetEase mqliang.zju@gmail.com mqliang
	unknown [322, 106]
	devel-doc [8, 4]
	documentation [2, 1]
	build [4, 1]
Red Hat pweil@redhat.com Paul Weil
	unknown [5959, 109]
Google dniedz@google.com Danka Niedziałkowska
	unknown [1, 1]
CoreOS bobby.rullo@coreos.com Bobby Rullo
	unknown [1190, 236]
CoreOS derek.parker@coreos.com Derek Parker
	unknown [110, 13]
	documentation [1, 0]
Google davidopp@google.com David Oppenheimer
	unknown [25, 33]
Red Hat dcbw@redhat.com Dan Williams
	unknown [376, 96]
Teralytics vincenzo.pii@teralytics.ch Vincenzo Pii
	unknown [1, 0]
eBay zhouhaibing089@gmail.com zhouhaibing089
	unknown [101, 4]
	code [1, 0]
Google lorenc.d@gmail.com Dan Lorenc
	unknown [7, 1]
	documentation [1, 0]
ZTE Corporation zhangke909@qq.com zhangke
	unknown [3, 3]
(Unknown) zellster@gmail.com Adam Zell
	unknown [2, 2]
	devel-doc [2, 2]
	code [1, 1]
Tinkerbox bobintornado@gmail.com Bob Cao
	unknown [2, 2]
Self jianhui@outlook.com jianhuiz
	unknown [633, 115]
	devel-doc [160, 0]
Red Hat ffranz@redhat.com Fabiano Franz
	unknown [4, 0]
Jollyturns ovidiu@gmail.com Ovidiu Predescu
	code [16, 3]
Matty Williams gh@mattyw.net mattyw
	devel-doc [1, 1]
(Unknown) development@advance-leap.com Adrian Ursu
	devel-doc [2, 2]
Weaveworks errordeveloper@gmail.com Ilya Dmitrichenko
	unknown [1, 3]
Huawei huangyuqi@huawei.com huangyuqi
	unknown [549, 1841]
	code [1, 0]
	documentation [3, 0]
Caicloud ikeontang@gmail.com keontang
	unknown [25, 0]
CoreOS brandon.philips@coreos.com Brandon Philips
	unknown [1, 1]
	devel-doc [3, 4]
Citrix die.kriegsmarine@gmail.com Alexander Krassiev
	code [6, 1]
Google mehdy@google.com amehdy
	unknown [67, 0]
HP dagnello@hp.com dagnello
	unknown [3, 0]
IBM klaus1982.cn@gmail.com Klaus Ma
	unknown [4, 2]
	code [25, 46]
GoGoVan matthewrudyjacobs@gmail.com Matthew Rudy Jacobs
	unknown [52, 52]
	code [12, 0]
Red Hat swagiaal@redhat.com Sami Wagiaalla
	unknown [235, 508]
	code [14, 1]
Huawei liangchenye@huawei.com liang chenye
	unknown [310, 92]
Intel tiffany.jernigan@intel.com Tiffany Jernigan
	unknown [0, 4]
Google fabioy@users.noreply.github.com Fabio Yeon
Google robertbailey@google.com Robert Bailey
	unknown [2, 2]
Red Hat tlitovsk@redhat.com Tolik Litovsky
	code [9, 0]
Fujitsu lukasz.zajaczkowski@ts.fujitsu.com Lukasz Zajaczkowski
	code [1, 1]
IBM mkumatag@in.ibm.com Manjunath A Kumatagi
	unknown [2, 2]
Huawei wangzefeng@huawei.com Kevin
	unknown [3900, 191]
	documentation [2, 0]
NotFound mcluseau@isi.nc Mikaël Cluseau
	unknown [20, 0]
	documentation [0, 0]
Infraly francois@ctrlaltdel.ch Francois Deppierraz
	code [7, 9]
Red Hat sjenning@redhat.com Seth Jennings
	unknown [1, 1]
(Unknown) devel@oszi.one David Osztertag
	unknown [2, 2]
Google jlewi@google.com Jeremy Lewi
	unknown [8, 0]
Google dlorenc@google.com dlorenc
	code [14, 9]
Net EASE 网易有态度 gaozheng0123@163.com Gao Zheng
	unknown [98, 32]
devel-doc 49525 24276
	IBM dug@us.ibm.com Doug Davis: [65, 65]
	Red Hat ccoleman@redhat.com Clayton Coleman: [12, 0]
	Red Hat maszulik@redhat.com Maciej Szulik: [26, 0]
	Google dbsmith@google.com Daniel Smith: [116, 155]
	Google thockin@google.com Tim Hockin: [6877, 11501]
	Google wojtekt@google.com Wojciech Tyczynski: [5, 3]
	Canonical matthew.bruzek@canonical.com Matt Bruzek: [36, 3]
	Google gkalele@google.com Girish Kalele: [46, 120]
	Google mrubin@google.com Michael Rubin: [29, 0]
	Google beeps@google.com Prashanth Balasubramanian: [51, 7]
	Google saadali@google.com saadali: [37253, 9613]
	CoreOS eric.chiang@coreos.com Eric Chiang: [244, 0]
	Google quinton@google.com Quinton Hoole: [211, 0]
	Tigera casey@tigera.io Casey Davenport: [36, 20]
	Metaswitch matthew.dupre@metaswitch.com Matt Dupre: [20, 0]
	Google jsz@google.com Jerzy Szczepkowski: [2, 2]
	Google djmm@google.com David McMahon: [124, 3]
	Google qzheng@google.com Andy Zheng: [36, 1]
	Google abshah@google.com Abhishek Shah: [964, 260]
	Google mikedanese@google.com Mike Danese: [0, 210]
	Google mwielgus@google.com Marcin Wielgus: [74, 3]
	Google pszczesniak@google.com Piotr Szczesniak: [211, 135]
	Rook lucas.kaldstrom@hotmail.co.uk Lucas Käldström: [37, 0]
	Self taotaotheripper@gmail.com Random-Liu: [10, 0]
	Red Hat tstclair@redhat.com Timothy St. Clair: [10, 0]
	Google stclair@google.com Tim St. Clair: [2806, 2130]
	Google ihmccreery@google.com Isaac Hollander McCreery: [0, 4]
	CNM Consulting clove@cnmconsulting.net chrislovecnm: [42, 12]
	Google filipg@google.com Filip Grzadkowski: [1, 13]
	Google spxtr@google.com Joe Finney: [5, 3]
	NetEase mqliang.zju@gmail.com mqliang: [8, 4]
	(Unknown) zellster@gmail.com Adam Zell: [2, 2]
	Self jianhui@outlook.com jianhuiz: [160, 0]
	Matty Williams gh@mattyw.net mattyw: [1, 1]
	(Unknown) development@advance-leap.com Adrian Ursu: [2, 2]
	CoreOS brandon.philips@coreos.com Brandon Philips: [3, 4]
code 8736 5668
	IBM dug@us.ibm.com Doug Davis: [3, 3]
	Google mml@google.com Matt Liggett: [5, 5]
	Red Hat ccoleman@redhat.com Clayton Coleman: [2, 2]
	Red Hat maszulik@redhat.com Maciej Szulik: [7, 3]
	Google dbsmith@google.com Daniel Smith: [40, 256]
	Google mtaufen@google.com Michael Taufen: [1, 3]
	IBM dims@linux.vnet.ibm.com Davanum Srinivas: [10, 2]
	Google xuchao@google.com Chao Xu: [9, 7]
	Apache jay@apache.org Jay Vyas: [2068, 2]
	Google nikhiljindal@google.com nikhiljindal: [43, 10]
	Google gmarek@google.com gmarek: [104, 60]
	Mirantis akurilin@mirantis.com Andrey Kurilin: [12, 0]
	Google thockin@google.com Tim Hockin: [3869, 3964]
	Google wojtekt@google.com Wojciech Tyczynski: [86, 44]
	Canonical matthew.bruzek@canonical.com Matt Bruzek: [286, 191]
	Google gkalele@google.com Girish Kalele: [159, 13]
	Red Hat jliggitt@redhat.com Jordan Liggitt: [18, 8]
	Google mrubin@google.com Michael Rubin: [2, 0]
	Red Hat decarr@redhat.com derekwaynecarr: [59, 17]
	Google beeps@google.com Prashanth Balasubramanian: [7, 1]
	CoreOS euank@coreos.com Euan Kemp: [1, 1]
	Google saadali@google.com saadali: [3, 2]
	CoreOS eric.chiang@coreos.com Eric Chiang: [4, 4]
	Red Hat jchaloup@redhat.com Jan Chaloupka: [1, 1]
	Cisco aanm90@gmail.com André Martins: [18, 15]
	ZTE Corporation zhao.xiangpeng@zte.com.cn Xiangpeng Zhao: [4, 0]
	Google jgrafton@google.com Jeff Grafton: [59, 65]
	Microsoft bburns@google.com Brendan Burns: [1, 1]
	Red Hat gouyang@redhat.com Guohua Ouyang: [21, 0]
	Google pwittroc@google.com pwittrock: [69, 16]
	Google vishnuk@google.com Vishnu kannan: [5, 4]
	Google wonderfly@google.com Daniel Wang: [105, 65]
	Tigera casey@tigera.io Casey Davenport: [18, 11]
	Metaswitch matthew.dupre@metaswitch.com Matt Dupre: [12, 0]
	Google jsz@google.com Jerzy Szczepkowski: [29, 5]
	Google djmm@google.com David McMahon: [34, 3]
	Google adityakali@google.com Aditya Kali: [2, 1]
	Google chiachenk@google.com Janet Kuo: [93, 3]
	Google qzheng@google.com Andy Zheng: [405, 44]
	Google abshah@google.com Abhishek Shah: [2, 0]
	Google mikedanese@google.com Mike Danese: [9, 70]
	Google mwielgus@google.com Marcin Wielgus: [83, 55]
	Google zml@google.com Zach Loafman: [12, 4]
	GoDaddy jcruger@godaddy.com Jarrett Cruger: [20, 10]
	Google pszczesniak@google.com Piotr Szczesniak: [1, 1]
	Rook lucas.kaldstrom@hotmail.co.uk Lucas Käldström: [69, 548]
	Google jeffml@google.com Jeff Lowdermilk: [7, 1]
	inovex GmbH johannes.scheuermann@inovex.de Johannes Scheuermann: [1, 1]
	Red Hat asalkeld@mirantis.com Angus Salkeld: [12, 0]
	Self taotaotheripper@gmail.com Random-Liu: [11, 3]
	Google fejta@google.com Erick Fejta: [10, 3]
	FathomDB justin@fathomdb.com Justin Santa Barbara: [1, 1]
	Red Hat eparis@redhat.com Eric Paris: [1, 1]
	CoreOS colin.hom@coreos.com Colin Hom: [469, 22]
	Google dawnchen@google.com Dawn Chen: [2, 2]
	Google mixia@google.com Minhan Xia: [2, 2]
	Rackspace metral@gmail.com Mike Metral: [96, 14]
	Google ihmccreery@google.com Isaac Hollander McCreery: [32, 11]
	CNM Consulting clove@cnmconsulting.net chrislovecnm: [57, 8]
	Google ojarjur@google.com Omar Jarjur: [11, 0]
	Google spxtr@google.com Joe Finney: [3, 2]
	Google madhusudancs@google.com Madhusudan.C.S: [42, 4]
	Intel elson.o.rodriguez@intel.com Elson O Rodriguez: [2, 2]
	eBay zhouhaibing089@gmail.com zhouhaibing089: [1, 0]
	(Unknown) zellster@gmail.com Adam Zell: [1, 1]
	Jollyturns ovidiu@gmail.com Ovidiu Predescu: [16, 3]
	Huawei huangyuqi@huawei.com huangyuqi: [1, 0]
	Citrix die.kriegsmarine@gmail.com Alexander Krassiev: [6, 1]
	IBM klaus1982.cn@gmail.com Klaus Ma: [25, 46]
	GoGoVan matthewrudyjacobs@gmail.com Matthew Rudy Jacobs: [12, 0]
	Red Hat swagiaal@redhat.com Sami Wagiaalla: [14, 1]
	Red Hat tlitovsk@redhat.com Tolik Litovsky: [9, 0]
	Fujitsu lukasz.zajaczkowski@ts.fujitsu.com Lukasz Zajaczkowski: [1, 1]
	Infraly francois@ctrlaltdel.ch Francois Deppierraz: [7, 9]
	Google dlorenc@google.com dlorenc: [14, 9]
package 0 0
	Google thockin@google.com Tim Hockin: [0, 0]
unknown 121342 85939
	moovel mkulke@gmail.com Magnus Kulke: [8, 5]
	Google rmmh@google.com Ryan Hitchman: [619, 232]
	IBM dug@us.ibm.com Doug Davis: [98, 100]
	Docker harryzhang@zju.edu.cn Harry Zhang: [407, 195]
	Google mml@google.com Matt Liggett: [4350, 102]
	Red Hat ccoleman@redhat.com Clayton Coleman: [5318, 3266]
	Red Hat maszulik@redhat.com Maciej Szulik: [3175, 344]
	Google dbsmith@google.com Daniel Smith: [772, 618]
	Google mtaufen@google.com Michael Taufen: [154, 1]
	Google etune@google.com Eric Tune: [1849, 35]
	IBM dims@linux.vnet.ibm.com Davanum Srinivas: [48, 2]
	Red Hat rrati@redhat.com Robert Rati: [325, 186]
	Reevoo ed@reevoo.com Ed Robinson: [30, 18]
	Google xuchao@google.com Chao Xu: [15897, 14138]
	Apache jay@apache.org Jay Vyas: [170, 5563]
	Microsoft cole.mickens@gmail.com Cole Mickens: [2112, 56]
	CoreOS george.tankersley@coreos.com George Tankersley: [322, 1]
	Google nikhiljindal@google.com nikhiljindal: [1892, 381]
	Google gmarek@google.com gmarek: [1098, 207]
	IBM brownwm@us.ibm.com Mike Brown: [1069, 485]
	Mirantis akurilin@mirantis.com Andrey Kurilin: [6, 1]
	Google thockin@google.com Tim Hockin: [223, 27647]
	Google wojtekt@google.com Wojciech Tyczynski: [1079, 808]
	Red Hat mkargaki@redhat.com Michail Kargakis: [235, 210]
	IBM mbauer@us.ibm.com Morgan Bauer: [13, 5]
	Canonical matthew.bruzek@canonical.com Matt Bruzek: [220, 86]
	Google yjhong@google.com Yu-Ju Hong: [801, 251]
	Jetstack simon@swine.de Christian Simon: [2, 18]
	Mirantis dshulyak@mirantis.com Dmitry Shulyak: [37, 24]
	Google gkalele@google.com Girish Kalele: [217, 1277]
	Red Hat deads@redhat.com deads2k: [778, 492]
	Allegro mrostecki@mirantis.com Michal Rostecki: [6, 5]
	Red Hat jliggitt@redhat.com Jordan Liggitt: [802, 316]
	Self christiankoep@gmail.com Christian Koep: [3, 6]
	NotFound matt@nowprovision.com Matt Freeman: [75, 16]
	Google mrubin@google.com Michael Rubin: [710, 565]
	Red Hat decarr@redhat.com derekwaynecarr: [2471, 224]
	Google beeps@google.com Prashanth Balasubramanian: [1783, 546]
	CoreOS euank@coreos.com Euan Kemp: [447, 422]
	Google saadali@google.com saadali: [8500, 2932]
	CoreOS eric.chiang@coreos.com Eric Chiang: [11287, 167]
	Red Hat jchaloup@redhat.com Jan Chaloupka: [573, 227]
	HP abitha.palaniappan@hp.com Abitha Palaniappan: [277, 37]
	ZTE Corporation zhao.xiangpeng@zte.com.cn Xiangpeng Zhao: [10, 9]
	Google jgrafton@google.com Jeff Grafton: [5, 1]
	Red Hat agoldste@redhat.com Andy Goldstein: [432, 272]
	(Unknown) ripcurld.github@gmail.com Boaz Shuster: [1, 1]
	Hewlett Packard davideagnello@gmail.com Davide Agnello: [1046, 430]
	Red Hat hchen@redhat.com Huamin Chen: [962, 482]
	Microsoft bburns@google.com Brendan Burns: [449, 107]
	CoreOS yifan.gu@coreos.com Yifan Gu: [582, 225]
	Google pwittroc@google.com pwittrock: [1181, 641]
	Google vishnuk@google.com Vishnu kannan: [881, 406]
	Google quinton@google.com Quinton Hoole: [3327, 100]
	Tigera casey@tigera.io Casey Davenport: [1628, 52]
	Metaswitch matthew.dupre@metaswitch.com Matt Dupre: [116, 0]
	Google jsz@google.com Jerzy Szczepkowski: [674, 296]
	Google djmm@google.com David McMahon: [19, 14]
	Google chiachenk@google.com Janet Kuo: [3326, 2280]
	Google qzheng@google.com Andy Zheng: [402, 4]
	Google abshah@google.com Abhishek Shah: [1786, 330]
	Google mikedanese@google.com Mike Danese: [53, 259]
	Google mwielgus@google.com Marcin Wielgus: [103, 17]
	Google zml@google.com Zach Loafman: [377, 135]
	Red Hat pmorie@redhat.com Paul Morie: [1323, 637]
	ThousandEyes vgarcia@thousandeyes.com Victor Garcia: [13, 7]
	Red Hat jsafrane@redhat.com Jan Safranek: [5591, 4088]
	Google pszczesniak@google.com Piotr Szczesniak: [1449, 2376]
	Rook lucas.kaldstrom@hotmail.co.uk Lucas Käldström: [579, 370]
	Google jeffml@google.com Jeff Lowdermilk: [476, 429]
	Mirantis sbrzeczkowski@mirantis.com Sylwester Brzeczkowski: [6, 1]
	Net EASE 网易有态度 coolhzb@163.com AdoHe: [351, 42]
	Red Hat stefan.schimanski@gmail.com Dr. Stefan Schimanski: [212, 4018]
	Red Hat asalkeld@mirantis.com Angus Salkeld: [56, 11]
	CoreOS gyuhox@gmail.com Gyu-Ho Lee: [22, 22]
	CoreOS hongchaodeng1@gmail.com Hongchao Deng: [191, 45]
	eBay fmeng@ebay.com mfanjie: [1968, 10]
	Cockroach alexdwanerobinson@gmail.com Alex Robinson: [23, 11]
	Self taotaotheripper@gmail.com Random-Liu: [1022, 212]
	Google fejta@google.com Erick Fejta: [6, 0]
	Red Hat tstclair@redhat.com Timothy St. Clair: [969, 102]
	FathomDB justin@fathomdb.com Justin Santa Barbara: [18, 9]
	Red Hat eparis@redhat.com Eric Paris: [9, 9]
	CoreOS colin.hom@coreos.com Colin Hom: [551, 35]
	Google jinxu@google.com Jing Xu: [29, 19]
	Google stclair@google.com Tim St. Clair: [207, 200]
	Google dawnchen@google.com Dawn Chen: [45, 8]
	Google mixia@google.com Minhan Xia: [865, 175]
	VMware dua_rajdeep@yahoo.com Rajdeep Dua: [120, 7]
	Clarifai rudi@clarifai.com Rudi Chiarito: [195, 103]
	Red Hat cewong@redhat.com Cesar Wong: [1, 1]
	appOrbit spotter@gmail.com Shaya Potter: [205, 168]
	Self aledbf@gmail.com Manuel de Brito Fontes: [5, 4]
	(Unknown) ttr314@googlemail.com Timo Reimann: [116, 8]
	Rackspace metral@gmail.com Mike Metral: [338, 291]
	Google ihmccreery@google.com Isaac Hollander McCreery: [23, 16]
	CNM Consulting clove@cnmconsulting.net chrislovecnm: [102, 44]
	Google me@jessfraz.com Jess Frazelle: [194, 12]
	Google qlee@google.com Quintin Lee: [21, 14]
	Red Hat avagarwa@redhat.com Avesh Agarwal: [681, 64]
	Google filipg@google.com Filip Grzadkowski: [76, 50]
	IBM haih@us.ibm.com Hai Huang: [7, 0]
	Aperian Global aaronjlevy@gmail.com Aaron Levy: [2, 0]
	Google spxtr@google.com Joe Finney: [19, 11]
	Red Hat mfojtik@redhat.com Michal Fojtik: [67, 8]
	CoreOS jonathan.boulle@coreos.com Jonathan Boulle: [1, 1]
	Google bryk@google.com bryk: [14, 15]
	Google madhusudancs@google.com Madhusudan.C.S: [795, 166]
	ZTE Corporation present.wp@icloud.com PingWang: [57, 52]
	CoreOS xiangli.cs@gmail.com Xiang Li: [43, 55]
	Google cjcullen@google.com CJ Cullen: [260, 36]
	Self contact@tmrts.com Tamer Tas: [15, 14]
	Google krousey@google.com Kris: [370, 231]
	NetEase mqliang.zju@gmail.com mqliang: [322, 106]
	Red Hat pweil@redhat.com Paul Weil: [5959, 109]
	Google dniedz@google.com Danka Niedziałkowska: [1, 1]
	CoreOS bobby.rullo@coreos.com Bobby Rullo: [1190, 236]
	CoreOS derek.parker@coreos.com Derek Parker: [110, 13]
	Google davidopp@google.com David Oppenheimer: [25, 33]
	Red Hat dcbw@redhat.com Dan Williams: [376, 96]
	Teralytics vincenzo.pii@teralytics.ch Vincenzo Pii: [1, 0]
	eBay zhouhaibing089@gmail.com zhouhaibing089: [101, 4]
	Google lorenc.d@gmail.com Dan Lorenc: [7, 1]
	ZTE Corporation zhangke909@qq.com zhangke: [3, 3]
	(Unknown) zellster@gmail.com Adam Zell: [2, 2]
	Tinkerbox bobintornado@gmail.com Bob Cao: [2, 2]
	Self jianhui@outlook.com jianhuiz: [633, 115]
	Red Hat ffranz@redhat.com Fabiano Franz: [4, 0]
	Weaveworks errordeveloper@gmail.com Ilya Dmitrichenko: [1, 3]
	Huawei huangyuqi@huawei.com huangyuqi: [549, 1841]
	Caicloud ikeontang@gmail.com keontang: [25, 0]
	CoreOS brandon.philips@coreos.com Brandon Philips: [1, 1]
	Google mehdy@google.com amehdy: [67, 0]
	HP dagnello@hp.com dagnello: [3, 0]
	IBM klaus1982.cn@gmail.com Klaus Ma: [4, 2]
	GoGoVan matthewrudyjacobs@gmail.com Matthew Rudy Jacobs: [52, 52]
	Red Hat swagiaal@redhat.com Sami Wagiaalla: [235, 508]
	Huawei liangchenye@huawei.com liang chenye: [310, 92]
	Intel tiffany.jernigan@intel.com Tiffany Jernigan: [0, 4]
	Google robertbailey@google.com Robert Bailey: [2, 2]
	IBM mkumatag@in.ibm.com Manjunath A Kumatagi: [2, 2]
	Huawei wangzefeng@huawei.com Kevin: [3900, 191]
	NotFound mcluseau@isi.nc Mikaël Cluseau: [20, 0]
	Red Hat sjenning@redhat.com Seth Jennings: [1, 1]
	(Unknown) devel@oszi.one David Osztertag: [2, 2]
	Google jlewi@google.com Jeremy Lewi: [8, 0]
	Net EASE 网易有态度 gaozheng0123@163.com Gao Zheng: [98, 32]
image 90 29
	Google thockin@google.com Tim Hockin: [90, 29]
documentation 631 237
	IBM dug@us.ibm.com Doug Davis: [39, 28]
	Red Hat maszulik@redhat.com Maciej Szulik: [3, 3]
	Google dbsmith@google.com Daniel Smith: [0, 2]
	IBM dims@linux.vnet.ibm.com Davanum Srinivas: [0, 0]
	Red Hat rrati@redhat.com Robert Rati: [1, 0]
	Google xuchao@google.com Chao Xu: [3, 1]
	CoreOS george.tankersley@coreos.com George Tankersley: [2, 0]
	Google nikhiljindal@google.com nikhiljindal: [2, 1]
	Google gmarek@google.com gmarek: [1, 0]
	Google thockin@google.com Tim Hockin: [1, 174]
	Google wojtekt@google.com Wojciech Tyczynski: [2, 6]
	Canonical matthew.bruzek@canonical.com Matt Bruzek: [4, 4]
	Google gkalele@google.com Girish Kalele: [0, 0]
	Red Hat jliggitt@redhat.com Jordan Liggitt: [1, 0]
	Red Hat decarr@redhat.com derekwaynecarr: [2, 0]
	Google beeps@google.com Prashanth Balasubramanian: [0, 1]
	Google saadali@google.com saadali: [1, 0]
	CoreOS eric.chiang@coreos.com Eric Chiang: [1, 0]
	Red Hat jchaloup@redhat.com Jan Chaloupka: [0, 0]
	HP abitha.palaniappan@hp.com Abitha Palaniappan: [0, 0]
	Google jgrafton@google.com Jeff Grafton: [1, 0]
	Red Hat hchen@redhat.com Huamin Chen: [0, 0]
	Microsoft bburns@google.com Brendan Burns: [28, 0]
	Google pwittroc@google.com pwittrock: [4, 0]
	Google vishnuk@google.com Vishnu kannan: [6, 3]
	Google wonderfly@google.com Daniel Wang: [2, 0]
	Google jsz@google.com Jerzy Szczepkowski: [4, 0]
	Google chiachenk@google.com Janet Kuo: [338, 5]
	Google qzheng@google.com Andy Zheng: [4, 0]
	Google abshah@google.com Abhishek Shah: [1, 0]
	Google mikedanese@google.com Mike Danese: [1, 1]
	Google mwielgus@google.com Marcin Wielgus: [1, 0]
	Red Hat pmorie@redhat.com Paul Morie: [0, 0]
	Rook lucas.kaldstrom@hotmail.co.uk Lucas Käldström: [0, 0]
	Net EASE 网易有态度 coolhzb@163.com AdoHe: [3, 2]
	Red Hat stefan.schimanski@gmail.com Dr. Stefan Schimanski: [153, 1]
	eBay fmeng@ebay.com mfanjie: [1, 0]
	FathomDB justin@fathomdb.com Justin Santa Barbara: [1, 0]
	CoreOS colin.hom@coreos.com Colin Hom: [1, 0]
	Google mixia@google.com Minhan Xia: [0, 0]
	CNM Consulting clove@cnmconsulting.net chrislovecnm: [6, 4]
	Google me@jessfraz.com Jess Frazelle: [1, 0]
	Red Hat avagarwa@redhat.com Avesh Agarwal: [0, 0]
	Google cjcullen@google.com CJ Cullen: [3, 0]
	NetEase mqliang.zju@gmail.com mqliang: [2, 1]
	CoreOS derek.parker@coreos.com Derek Parker: [1, 0]
	Google lorenc.d@gmail.com Dan Lorenc: [1, 0]
	Huawei huangyuqi@huawei.com huangyuqi: [3, 0]
	Huawei wangzefeng@huawei.com Kevin: [2, 0]
	NotFound mcluseau@isi.nc Mikaël Cluseau: [0, 0]
build 3125 1695
	Google dbsmith@google.com Daniel Smith: [5, 946]
	Google gmarek@google.com gmarek: [18, 18]
	Google thockin@google.com Tim Hockin: [325, 60]
	Google wojtekt@google.com Wojciech Tyczynski: [8, 11]
	Google gkalele@google.com Girish Kalele: [108, 349]
	Google beeps@google.com Prashanth Balasubramanian: [13, 4]
	Red Hat jchaloup@redhat.com Jan Chaloupka: [1, 1]
	CoreOS yifan.gu@coreos.com Yifan Gu: [10, 0]
	Google vishnuk@google.com Vishnu kannan: [9, 2]
	Google wonderfly@google.com Daniel Wang: [2, 2]
	Tigera casey@tigera.io Casey Davenport: [10, 9]
	Metaswitch matthew.dupre@metaswitch.com Matt Dupre: [19, 2]
	Google jsz@google.com Jerzy Szczepkowski: [6, 2]
	Google djmm@google.com David McMahon: [2, 2]
	Google qzheng@google.com Andy Zheng: [2147, 73]
	Google abshah@google.com Abhishek Shah: [186, 6]
	Google mikedanese@google.com Mike Danese: [36, 12]
	Google mwielgus@google.com Marcin Wielgus: [51, 3]
	Rook lucas.kaldstrom@hotmail.co.uk Lucas Käldström: [81, 157]
	inovex GmbH johannes.scheuermann@inovex.de Johannes Scheuermann: [9, 3]
	Cockroach alexdwanerobinson@gmail.com Alex Robinson: [8, 1]
	Self taotaotheripper@gmail.com Random-Liu: [46, 0]
	Google ihmccreery@google.com Isaac Hollander McCreery: [10, 4]
	Google qlee@google.com Quintin Lee: [2, 2]
	Google ojarjur@google.com Omar Jarjur: [7, 0]
	Google filipg@google.com Filip Grzadkowski: [1, 24]
	Google spxtr@google.com Joe Finney: [1, 1]
	NetEase mqliang.zju@gmail.com mqliang: [4, 1]
devel-doc 49525 24276
code 8736 5668
package 0 0
unknown 121342 85939
image 90 29
documentation 631 237
build 3125 1695
