Filter on "^vendor/|/vendor/"
open output file /Users/lukasz/dev/cncf/gitdm/other_repos/kubernetes_range_unknown_2016-01-01_2016-02-01.csv

WARNING: duplicate email/empl for pekowski@gmail.com
WARNING: duplicate email/empl for thingee@gmail.com
WARNING: duplicate email/empl for t.trifonov@gmail.com
WARNING: duplicate email/empl for lyz@princessleia.com
WARNING: duplicate email/empl for robertc@robertcollins.net
WARNING: duplicate email/empl for clint@fewbar.com
WARNING: duplicate email/empl for andrew@linuxjedi.co.uk
WARNING: duplicate email/empl for duncan.thomas@gmail.com
WARNING: duplicate email/empl for kiall@managedit.ie
WARNING: duplicate email/empl for devananda.vdv@gmail.com
WARNING: duplicate email/empl for zaro0508@gmail.com
WARNING: duplicate email/empl for shrewsbury.dave@gmail.com
WARNING: duplicate email/empl for j3p0uk@hotmail.com
WARNING: duplicate email/empl for me@mark.atwood.name
WARNING: duplicate email/empl for slicknik@gmail.com
WARNING: duplicate email/empl for cmsj@tenshu.net
WARNING: duplicate email/empl for anteaya@anteaya.info
WARNING: duplicate email/empl for greg@greghaynes.net
WARNING: duplicate email/empl for matt@mattfarina.com
WARNING: duplicate email/empl for jp@jamezpolley.com
WARNING: duplicate email/empl for steven@wedontsleep.org
WARNING: duplicate email/empl for gleebix@gmail.com
WARNING: duplicate email/empl for code@gentlydownthe.net
WARNING: duplicate email/empl for morgan.fainberg@gmail.com
WARNING: duplicate email/empl for jeblair@hp.com
WARNING: duplicate email/empl for juliaashleykreger@gmail.com
WARNING: duplicate email/empl for stephane@alum.mit.edu
WARNING: duplicate email/empl for kragniz@gmail.com
WARNING: duplicate email/empl for wchrisjohnson@gmail.com
WARNING: duplicate email/empl for daisy.ycguo@gmail.com
WARNING: duplicate email/empl for mordred@inaugust.com
WARNING: duplicate email/empl for zxkuqyb@gmail.com
WARNING: duplicate email/empl for amigliaccio@internap.com
WARNING: duplicate email/empl for yorik.sar@gmail.com
WARNING: duplicate email/empl for e0ne@e0ne.info
WARNING: duplicate email/empl for gabriel@strikeawe.com
WARNING: duplicate email/empl for heckj@mac.com
WARNING: duplicate email/empl for ke.wu@ibeca.me
WARNING: duplicate email/empl for rushi.agr@gmail.com
WARNING: duplicate email/empl for salv.orlando@gmail.com
WARNING: duplicate email/empl for tushar.vitthal.patil@gmail.com
WARNING: duplicate email/empl for jmckenty@gmail.com
WARNING: duplicate email/empl for anne@openstack.org
WARNING: duplicate email/empl for breu@breu.org
WARNING: duplicate email/empl for cbehrens@codestud.com
WARNING: duplicate email/empl for clay.gerrard@gmail.com
WARNING: duplicate email/empl for corywright@gmail.com
WARNING: duplicate email/empl for cp16net@gmail.com
WARNING: duplicate email/empl for cthier@gmail.com
WARNING: duplicate email/empl for darren.birkett@gmail.com
WARNING: duplicate email/empl for dolph.mathews@gmail.com
WARNING: duplicate email/empl for ed@leafe.com
WARNING: duplicate email/empl for github@highbridgellc.com
WARNING: duplicate email/empl for greglange@gmail.com
WARNING: duplicate email/empl for hugh@wherenow.org
WARNING: duplicate email/empl for imsplitbit@gmail.com
WARNING: duplicate email/empl for jason@koelker.net
WARNING: duplicate email/empl for jcruz7@gmail.com
WARNING: duplicate email/empl for josh@jk0.org
WARNING: duplicate email/empl for mattt@defunct.ca
WARNING: duplicate email/empl for mbasnight@gmail.com
WARNING: duplicate email/empl for mike@weirdlooking.com
WARNING: duplicate email/empl for msherborne@gmail.com
WARNING: duplicate email/empl for naveedm9@gmail.com
WARNING: duplicate email/empl for paul@openstack.org
WARNING: duplicate email/empl for rnirmal@gmail.com
WARNING: duplicate email/empl for rconradharris@gmail.com
WARNING: duplicate email/empl for thierry@openstack.org
WARNING: duplicate email/empl for throughnothing@gmail.com
WARNING: duplicate email/empl for yoga80@yahoo.com
WARNING: duplicate email/empl for mark.washenberger@markwash.net
WARNING: duplicate email/empl for p@draigbrady.com
WARNING: duplicate email/empl for zaitcev@kotori.zaitcev.us
WARNING: duplicate email/empl for julie.pichon@gmail.com
WARNING: duplicate email/empl for ghe@debian.org
WARNING: duplicate email/empl for sorrison@gmail.com
unknown@hacker.net Unknown hacker
maazkhansgsits@gmail.com maaz khan
	unknown [343, 0]
	documentation [1, 0]
thockin@google.com Tim Hockin
	unknown [1215, 812]
	documentation [2, 2]
	build [1, 1]
mkargaki@redhat.com Michail Kargakis
	unknown [1635, 152]
	code [23, 10]
	documentation [289, 1]
weixu@appformix.com Weixu Zhuang
	unknown [386, 47]
	devel-doc [29, 26]
	code [1001, 16]
	build [237, 0]
jonathan.boulle@coreos.com Jonathan Boulle
	unknown [0, 32]
mqliang.zju@gmail.com mqliang
	unknown [1384, 324]
	devel-doc [0, 43]
	documentation [2, 0]
bburns@google.com Brendan Burns
	unknown [356, 62]
	devel-doc [33, 6]
	code [3, 2]
	documentation [434, 0]
nikhiljindal@google.com nikhiljindal
	unknown [1022, 467]
	devel-doc [155, 83]
decarr@redhat.com derekwaynecarr
	unknown [1117, 16]
	code [35, 2]
	documentation [63, 0]
chiachenk@google.com Janet Kuo
	code [30, 0]
	unknown [3020, 276]
	documentation [612, 5]
harryzhang@zju.edu.cn Harry Zhang
	unknown [1817, 1040]
	code [26, 0]
	build [18, 0]
	documentation [0, 0]
dinghaiyang@huawei.com HaiyangDING
	unknown [477, 94]
ccoleman@redhat.com Clayton Coleman
	unknown [3570, 1688]
	devel-doc [1, 0]
	code [6, 0]
	documentation [1, 0]
xuchao@google.com Chao Xu
	code [40, 28]
	unknown [10363, 1854]
	devel-doc [59, 0]
	documentation [0, 0]
	build [0, 1]
djmm@google.com David McMahon
	unknown [23, 5]
jgrafton@google.com Jeff Grafton
	unknown [118, 52]
	code [8, 8]
	build [2, 2]
quinton@google.com Quinton Hoole
	unknown [1838, 58]
	image [0, 0]
	code [43, 2]
nagarjung.g@gmail.com Nagarjun
	unknown [127, 70]
	code [2, 3]
pmorie@redhat.com Paul Morie
	unknown [7339, 2222]
	devel-doc [134, 0]
	code [28, 7]
	build [2, 0]
	documentation [1, 3]
justin@fathomdb.com Justin Santa Barbara
	unknown [1235, 188]
	code [539, 449]
	build [2, 2]
	documentation [2, 1]
maszulik@redhat.com Maciej Szulik
	unknown [10, 2]
aanm90@gmail.com André Martins
	unknown [15, 3]
	code [24, 8]
krousey@google.com Kris
	unknown [1139, 110]
mikedanese@google.com Mike Danese
	code [43, 35]
	unknown [1291, 503]
	documentation [7, 2]
dpratt@ojolabs.com David Pratt
	unknown [10, 6]
hongchaodeng1@gmail.com Hongchao Deng
	unknown [554, 348]
	code [1, 0]
ihmccreery@google.com Isaac Hollander McCreery
	unknown [425, 192]
	code [130, 321]
madhusudancs@google.com Madhusudan.C.S
	unknown [6340, 1035]
	code [4, 5]
	documentation [2, 0]
casey.davenport@metaswitch.com Casey D
	unknown [539, 185]
	devel-doc [4, 2]
jeffml@google.com Jeff Lowdermilk
	unknown [39, 19]
	image [0, 0]
oleg@apcera.com Oleg Shaldybin
	unknown [56, 59]
mturansk@redhat.com markturansky
	unknown [261, 34]
jchaloup@redhat.com Jan Chaloupka
	unknown [75, 2]
kstam@redhat.com Kurt Stam
	unknown [98, 0]
pwittroc@google.com Phillip Wittrock
	unknown [1972, 372]
	documentation [2, 2]
taotaotheripper@gmail.com Random-Liu
	unknown [875, 1058]
beeps@google.com Prashanth Balasubramanian
	code [29, 2]
	unknown [27764, 8758]
	documentation [0, 0]
jolamb@redhat.com dobbymoodge
	unknown [31, 30]
bryk@google.com bryk
	unknown [120, 97]
	devel-doc [12, 1]
	code [4, 4]
	image [0, 0]
mwielgus@google.com Marcin Wielgus
	code [52, 32]
	unknown [508, 192]
	documentation [1, 0]
vishnuk@google.com Vishnu kannan
	unknown [2384, 434]
	devel-doc [494, 1]
	documentation [425, 0]
marc@ahead4.com Marc Lough
	unknown [98, 55]
etune@google.com Eric Tune
	unknown [363, 117]
	code [29, 26]
jimmidyson@gmail.com Jimmi Dyson
	unknown [1728, 697]
	devel-doc [154, 68]
	code [75, 37]
arob@google.com Alex Robinson
	unknown [5, 9]
	build [89, 29]
wangzefeng@huawei.com Kevin
	unknown [1804, 7]
robertbailey@google.com Robert Bailey
	unknown [127, 1]
	devel-doc [28, 28]
	code [10, 3]
rudi@clarifai.com Rudi Chiarito
	unknown [4554, 4509]
dcbw@redhat.com Dan Williams
	unknown [40, 10]
guyifan1121@gmail.com Yifan Gu
	unknown [785, 209]
	devel-doc [53, 4]
	code [10, 3]
sross@redhat.com Solly Ross
	unknown [427, 0]
mml@google.com Matt Liggett
	code [13, 5]
	unknown [244, 36]
	documentation [16, 8]
yjhong@google.com Yu-Ju Hong
	unknown [1572, 574]
gmarek@google.com gmarek
	unknown [209, 544]
	code [82, 64]
deads@redhat.com deads2k
	unknown [119, 15]
	code [1, 1]
james@mesosphere.io James DeFelice
	code [2, 2]
	unknown [13069, 18236]
	devel-doc [51, 2063]
	documentation [18, 237]
	build [9, 2]
thibserot@gmail.com Thibault Serot
mixia@google.com Minhan Xia
	unknown [480, 86]
	devel-doc [296, 4]
stclair@google.com Tim St. Clair
	unknown [755, 345]
fabioy@users.noreply.github.com Fabio Yeon
	unknown [454, 197]
davidopp@google.com David Oppenheimer
	unknown [465, 311]
	code [32, 52]
lucas.kaldstrom@hotmail.co.uk Lucas Käldström
	unknown [176, 72]
	code [164, 97]
	build [42, 15]
spiffxp@gmail.com Aaron Crickenberger
	unknown [241, 1]
	devel-doc [5, 0]
	code [22, 20]
dbsmith@google.com Daniel Smith
	unknown [583, 31]
	code [81, 12]
avagarwa@redhat.com Avesh Agarwal
	unknown [2, 5]
	code [10, 0]
salvatore-dario.minonne@amadeus.com Salvatore Dario Minonne
	unknown [272, 232]
	documentation [0, 0]
filipg@google.com Filip Grzadkowski
	unknown [1815, 67829]
	devel-doc [46, 4168]
	code [4, 220]
	build [0, 34]
feiskyer@gmail.com feisky
	unknown [5, 5]
pszczesniak@google.com Piotr Szczesniak
	unknown [67986, 2261]
	devel-doc [4168, 46]
	code [220, 4]
	build [34, 0]
fmeng@ebay.com fmeng
	code [5, 1]
dawnchen@google.com Dawn Chen
	unknown [163, 5]
jliggitt@redhat.com liggitt
	unknown [204, 152]
jay@apache.org jay vyas
	unknown [246, 389]
	devel-doc [0, 416]
	code [0, 225]
	build [0, 2]
bgrant0607@users.noreply.github.com Brian Grant
	unknown [10, 6]
agoldste@redhat.com Andy Goldstein
	unknown [11, 1]
zml@google.com Zach Loafman
	unknown [310, 557]
	code [12, 15]
petermd@gmail.com Peter McDonnell
	code [6, 0]
jsafrane@redhat.com Jan Safranek
	unknown [80, 181]
spxtr@google.com Joe Finney
	unknown [414, 15]
	code [40, 6]
eparis@redhat.com Eric Paris
	unknown [18, 13]
	devel-doc [2, 1]
	code [0, 6]
	documentation [9, 0]
james.ravn@sky.uk James Ravn
	unknown [128, 51]
bparees@redhat.com Ben Parees
	unknown [39, 16]
	devel-doc [2, 0]
marun@redhat.com Maru Newby
	code [15, 1]
danw@redhat.com Dan Winship
	unknown [28, 6]
julian@endocode.com Julian Strobl
	unknown [23, 5]
	devel-doc [3, 0]
pj@born2code.net Pieter Joost van de Sande
	unknown [1, 1]
zeon-git@jettsang.com jet tsang zeon-git
	code [3, 3]
dbhanushali@vmware.com Dhawal Yogesh Bhanushali
	unknown [134, 23]
	devel-doc [7, 7]
	code [219, 29]
michael@faille.io Michael Faille
	unknown [6, 1]
aaron@databricks.com Aaron Davidson
	unknown [3, 3]
ken@apcera.com Ken Robertson
	unknown [161, 49]
yuvipanda@gmail.com YuviPanda
	documentation [3, 3]
	build [1, 1]
jiangfeihu@huawei.com feihujiang
	unknown [2, 2]
	documentation [0, 0]
mohr@google.com Alex Mohr
jf.cron0@gmail.com Jean-Francois Chevrette
	unknown [3, 3]
christophe@augello.be Christophe Augello
	unknown [1, 1]
j@coreos.com Josh Wood
	devel-doc [48, 25]
dmace@redhat.com Dan Mace
	unknown [88, 4]
mitake.hitoshi@lab.ntt.co.jp Hitoshi Mitake
	unknown [1, 1]
swagiaal@redhat.com Sami Wagiaalla
	unknown [105, 94]
yagnesh.mistry@bookmyshow.com Yagnesh Mistry
	code [1, 1]
mspreitz@us.ibm.com Mike Spreitzer
	unknown [5, 3]
	code [15, 5]
matt@redhat.com Matthew Farrellee
	unknown [0, 186]
	devel-doc [0, 38]
	code [0, 141]
	build [0, 66]
	documentation [0, 19]
nan@chinadtrace.org Nan Xiao
	unknown [0, 6]
karl@mesosphere.io Karl Isenberg
	unknown [22, 57]
	devel-doc [254, 0]
	code [227, 442]
	build [12, 0]
daniel@schonfeld.org Daniel Schonfeld
	unknown [92, 23]
hesimei@zju.edu.cn He Simei
	unknown [1, 1]
bharath_ves@hotmail.com Bharath Thiruveedula
	unknown [3, 0]
derek.parker@coreos.com Derek Parker
	unknown [156, 15]
	devel-doc [1, 0]
ihor.dvoretskyi@gmail.com Ihor Dvoretskyi
	unknown [2, 2]
josh@apcera.com Josh Ellithorpe
	code [6, 6]
	build [3, 3]
mfojtik@redhat.com Michal Fojtik
	unknown [97471, 2969]
	devel-doc [941, 267]
	code [2570, 0]
	build [14, 1]
	documentation [425, 0]
tombenner@gmail.com Tom Benner
	unknown [298, 1]
	documentation [133, 1]
saadali@google.com Saad Ali
	unknown [15, 59]
abshah@google.com Abhi Shah
	unknown [2, 11]
	code [31, 12]
haowang@redhat.com Haoran Wang
	unknown [1, 1]
sergey@peek.com Sergey Tiraspolsky
	unknown [2, 2]
mbonaci@users.noreply.github.com Marko Bonaći
	devel-doc [1, 1]
doriordan@gmail.com David O'Riordan
	unknown [1, 0]
wojtekt@google.com Wojciech Tyczynski
	unknown [69, 65]
	code [3, 3]
devel-doc 6981 7298
	weixu@appformix.com Weixu Zhuang: [29, 26]
	mqliang.zju@gmail.com mqliang: [0, 43]
	bburns@google.com Brendan Burns: [33, 6]
	nikhiljindal@google.com nikhiljindal: [155, 83]
	ccoleman@redhat.com Clayton Coleman: [1, 0]
	xuchao@google.com Chao Xu: [59, 0]
	pmorie@redhat.com Paul Morie: [134, 0]
	casey.davenport@metaswitch.com Casey D: [4, 2]
	bryk@google.com bryk: [12, 1]
	vishnuk@google.com Vishnu kannan: [494, 1]
	jimmidyson@gmail.com Jimmi Dyson: [154, 68]
	robertbailey@google.com Robert Bailey: [28, 28]
	guyifan1121@gmail.com Yifan Gu: [53, 4]
	james@mesosphere.io James DeFelice: [51, 2063]
	mixia@google.com Minhan Xia: [296, 4]
	spiffxp@gmail.com Aaron Crickenberger: [5, 0]
	filipg@google.com Filip Grzadkowski: [46, 4168]
	pszczesniak@google.com Piotr Szczesniak: [4168, 46]
	jay@apache.org jay vyas: [0, 416]
	eparis@redhat.com Eric Paris: [2, 1]
	bparees@redhat.com Ben Parees: [2, 0]
	julian@endocode.com Julian Strobl: [3, 0]
	dbhanushali@vmware.com Dhawal Yogesh Bhanushali: [7, 7]
	j@coreos.com Josh Wood: [48, 25]
	matt@redhat.com Matthew Farrellee: [0, 38]
	karl@mesosphere.io Karl Isenberg: [254, 0]
	derek.parker@coreos.com Derek Parker: [1, 0]
	mfojtik@redhat.com Michal Fojtik: [941, 267]
	mbonaci@users.noreply.github.com Marko Bonaći: [1, 1]
code 5979 2376
	mkargaki@redhat.com Michail Kargakis: [23, 10]
	weixu@appformix.com Weixu Zhuang: [1001, 16]
	bburns@google.com Brendan Burns: [3, 2]
	decarr@redhat.com derekwaynecarr: [35, 2]
	chiachenk@google.com Janet Kuo: [30, 0]
	harryzhang@zju.edu.cn Harry Zhang: [26, 0]
	ccoleman@redhat.com Clayton Coleman: [6, 0]
	xuchao@google.com Chao Xu: [40, 28]
	jgrafton@google.com Jeff Grafton: [8, 8]
	quinton@google.com Quinton Hoole: [43, 2]
	nagarjung.g@gmail.com Nagarjun: [2, 3]
	pmorie@redhat.com Paul Morie: [28, 7]
	justin@fathomdb.com Justin Santa Barbara: [539, 449]
	aanm90@gmail.com André Martins: [24, 8]
	mikedanese@google.com Mike Danese: [43, 35]
	hongchaodeng1@gmail.com Hongchao Deng: [1, 0]
	ihmccreery@google.com Isaac Hollander McCreery: [130, 321]
	madhusudancs@google.com Madhusudan.C.S: [4, 5]
	beeps@google.com Prashanth Balasubramanian: [29, 2]
	bryk@google.com bryk: [4, 4]
	mwielgus@google.com Marcin Wielgus: [52, 32]
	etune@google.com Eric Tune: [29, 26]
	jimmidyson@gmail.com Jimmi Dyson: [75, 37]
	robertbailey@google.com Robert Bailey: [10, 3]
	guyifan1121@gmail.com Yifan Gu: [10, 3]
	mml@google.com Matt Liggett: [13, 5]
	gmarek@google.com gmarek: [82, 64]
	deads@redhat.com deads2k: [1, 1]
	james@mesosphere.io James DeFelice: [2, 2]
	davidopp@google.com David Oppenheimer: [32, 52]
	lucas.kaldstrom@hotmail.co.uk Lucas Käldström: [164, 97]
	spiffxp@gmail.com Aaron Crickenberger: [22, 20]
	dbsmith@google.com Daniel Smith: [81, 12]
	avagarwa@redhat.com Avesh Agarwal: [10, 0]
	filipg@google.com Filip Grzadkowski: [4, 220]
	pszczesniak@google.com Piotr Szczesniak: [220, 4]
	fmeng@ebay.com fmeng: [5, 1]
	jay@apache.org jay vyas: [0, 225]
	zml@google.com Zach Loafman: [12, 15]
	petermd@gmail.com Peter McDonnell: [6, 0]
	spxtr@google.com Joe Finney: [40, 6]
	eparis@redhat.com Eric Paris: [0, 6]
	marun@redhat.com Maru Newby: [15, 1]
	zeon-git@jettsang.com jet tsang zeon-git: [3, 3]
	dbhanushali@vmware.com Dhawal Yogesh Bhanushali: [219, 29]
	yagnesh.mistry@bookmyshow.com Yagnesh Mistry: [1, 1]
	mspreitz@us.ibm.com Mike Spreitzer: [15, 5]
	matt@redhat.com Matthew Farrellee: [0, 141]
	karl@mesosphere.io Karl Isenberg: [227, 442]
	josh@apcera.com Josh Ellithorpe: [6, 6]
	mfojtik@redhat.com Michal Fojtik: [2570, 0]
	abshah@google.com Abhi Shah: [31, 12]
	wojtekt@google.com Wojciech Tyczynski: [3, 3]
unknown 280588 124272
	maazkhansgsits@gmail.com maaz khan: [343, 0]
	thockin@google.com Tim Hockin: [1215, 812]
	mkargaki@redhat.com Michail Kargakis: [1635, 152]
	weixu@appformix.com Weixu Zhuang: [386, 47]
	jonathan.boulle@coreos.com Jonathan Boulle: [0, 32]
	mqliang.zju@gmail.com mqliang: [1384, 324]
	bburns@google.com Brendan Burns: [356, 62]
	nikhiljindal@google.com nikhiljindal: [1022, 467]
	decarr@redhat.com derekwaynecarr: [1117, 16]
	chiachenk@google.com Janet Kuo: [3020, 276]
	harryzhang@zju.edu.cn Harry Zhang: [1817, 1040]
	dinghaiyang@huawei.com HaiyangDING: [477, 94]
	ccoleman@redhat.com Clayton Coleman: [3570, 1688]
	xuchao@google.com Chao Xu: [10363, 1854]
	djmm@google.com David McMahon: [23, 5]
	jgrafton@google.com Jeff Grafton: [118, 52]
	quinton@google.com Quinton Hoole: [1838, 58]
	nagarjung.g@gmail.com Nagarjun: [127, 70]
	pmorie@redhat.com Paul Morie: [7339, 2222]
	justin@fathomdb.com Justin Santa Barbara: [1235, 188]
	maszulik@redhat.com Maciej Szulik: [10, 2]
	aanm90@gmail.com André Martins: [15, 3]
	krousey@google.com Kris: [1139, 110]
	mikedanese@google.com Mike Danese: [1291, 503]
	dpratt@ojolabs.com David Pratt: [10, 6]
	hongchaodeng1@gmail.com Hongchao Deng: [554, 348]
	ihmccreery@google.com Isaac Hollander McCreery: [425, 192]
	madhusudancs@google.com Madhusudan.C.S: [6340, 1035]
	casey.davenport@metaswitch.com Casey D: [539, 185]
	jeffml@google.com Jeff Lowdermilk: [39, 19]
	oleg@apcera.com Oleg Shaldybin: [56, 59]
	mturansk@redhat.com markturansky: [261, 34]
	jchaloup@redhat.com Jan Chaloupka: [75, 2]
	kstam@redhat.com Kurt Stam: [98, 0]
	pwittroc@google.com Phillip Wittrock: [1972, 372]
	taotaotheripper@gmail.com Random-Liu: [875, 1058]
	beeps@google.com Prashanth Balasubramanian: [27764, 8758]
	jolamb@redhat.com dobbymoodge: [31, 30]
	bryk@google.com bryk: [120, 97]
	mwielgus@google.com Marcin Wielgus: [508, 192]
	vishnuk@google.com Vishnu kannan: [2384, 434]
	marc@ahead4.com Marc Lough: [98, 55]
	etune@google.com Eric Tune: [363, 117]
	jimmidyson@gmail.com Jimmi Dyson: [1728, 697]
	arob@google.com Alex Robinson: [5, 9]
	wangzefeng@huawei.com Kevin: [1804, 7]
	robertbailey@google.com Robert Bailey: [127, 1]
	rudi@clarifai.com Rudi Chiarito: [4554, 4509]
	dcbw@redhat.com Dan Williams: [40, 10]
	guyifan1121@gmail.com Yifan Gu: [785, 209]
	sross@redhat.com Solly Ross: [427, 0]
	mml@google.com Matt Liggett: [244, 36]
	yjhong@google.com Yu-Ju Hong: [1572, 574]
	gmarek@google.com gmarek: [209, 544]
	deads@redhat.com deads2k: [119, 15]
	james@mesosphere.io James DeFelice: [13069, 18236]
	mixia@google.com Minhan Xia: [480, 86]
	stclair@google.com Tim St. Clair: [755, 345]
	fabioy@users.noreply.github.com Fabio Yeon: [454, 197]
	davidopp@google.com David Oppenheimer: [465, 311]
	lucas.kaldstrom@hotmail.co.uk Lucas Käldström: [176, 72]
	spiffxp@gmail.com Aaron Crickenberger: [241, 1]
	dbsmith@google.com Daniel Smith: [583, 31]
	avagarwa@redhat.com Avesh Agarwal: [2, 5]
	salvatore-dario.minonne@amadeus.com Salvatore Dario Minonne: [272, 232]
	filipg@google.com Filip Grzadkowski: [1815, 67829]
	feiskyer@gmail.com feisky: [5, 5]
	pszczesniak@google.com Piotr Szczesniak: [67986, 2261]
	dawnchen@google.com Dawn Chen: [163, 5]
	jliggitt@redhat.com liggitt: [204, 152]
	jay@apache.org jay vyas: [246, 389]
	bgrant0607@users.noreply.github.com Brian Grant: [10, 6]
	agoldste@redhat.com Andy Goldstein: [11, 1]
	zml@google.com Zach Loafman: [310, 557]
	jsafrane@redhat.com Jan Safranek: [80, 181]
	spxtr@google.com Joe Finney: [414, 15]
	eparis@redhat.com Eric Paris: [18, 13]
	james.ravn@sky.uk James Ravn: [128, 51]
	bparees@redhat.com Ben Parees: [39, 16]
	danw@redhat.com Dan Winship: [28, 6]
	julian@endocode.com Julian Strobl: [23, 5]
	pj@born2code.net Pieter Joost van de Sande: [1, 1]
	dbhanushali@vmware.com Dhawal Yogesh Bhanushali: [134, 23]
	michael@faille.io Michael Faille: [6, 1]
	aaron@databricks.com Aaron Davidson: [3, 3]
	ken@apcera.com Ken Robertson: [161, 49]
	jiangfeihu@huawei.com feihujiang: [2, 2]
	jf.cron0@gmail.com Jean-Francois Chevrette: [3, 3]
	christophe@augello.be Christophe Augello: [1, 1]
	dmace@redhat.com Dan Mace: [88, 4]
	mitake.hitoshi@lab.ntt.co.jp Hitoshi Mitake: [1, 1]
	swagiaal@redhat.com Sami Wagiaalla: [105, 94]
	mspreitz@us.ibm.com Mike Spreitzer: [5, 3]
	matt@redhat.com Matthew Farrellee: [0, 186]
	nan@chinadtrace.org Nan Xiao: [0, 6]
	karl@mesosphere.io Karl Isenberg: [22, 57]
	daniel@schonfeld.org Daniel Schonfeld: [92, 23]
	hesimei@zju.edu.cn He Simei: [1, 1]
	bharath_ves@hotmail.com Bharath Thiruveedula: [3, 0]
	derek.parker@coreos.com Derek Parker: [156, 15]
	ihor.dvoretskyi@gmail.com Ihor Dvoretskyi: [2, 2]
	mfojtik@redhat.com Michal Fojtik: [97471, 2969]
	tombenner@gmail.com Tom Benner: [298, 1]
	saadali@google.com Saad Ali: [15, 59]
	abshah@google.com Abhi Shah: [2, 11]
	haowang@redhat.com Haoran Wang: [1, 1]
	sergey@peek.com Sergey Tiraspolsky: [2, 2]
	doriordan@gmail.com David O'Riordan: [1, 0]
	wojtekt@google.com Wojciech Tyczynski: [69, 65]
image 0 0
	quinton@google.com Quinton Hoole: [0, 0]
	jeffml@google.com Jeff Lowdermilk: [0, 0]
	bryk@google.com bryk: [0, 0]
documentation 2448 284
	maazkhansgsits@gmail.com maaz khan: [1, 0]
	thockin@google.com Tim Hockin: [2, 2]
	mkargaki@redhat.com Michail Kargakis: [289, 1]
	mqliang.zju@gmail.com mqliang: [2, 0]
	bburns@google.com Brendan Burns: [434, 0]
	decarr@redhat.com derekwaynecarr: [63, 0]
	chiachenk@google.com Janet Kuo: [612, 5]
	harryzhang@zju.edu.cn Harry Zhang: [0, 0]
	ccoleman@redhat.com Clayton Coleman: [1, 0]
	xuchao@google.com Chao Xu: [0, 0]
	pmorie@redhat.com Paul Morie: [1, 3]
	justin@fathomdb.com Justin Santa Barbara: [2, 1]
	mikedanese@google.com Mike Danese: [7, 2]
	madhusudancs@google.com Madhusudan.C.S: [2, 0]
	pwittroc@google.com Phillip Wittrock: [2, 2]
	beeps@google.com Prashanth Balasubramanian: [0, 0]
	mwielgus@google.com Marcin Wielgus: [1, 0]
	vishnuk@google.com Vishnu kannan: [425, 0]
	mml@google.com Matt Liggett: [16, 8]
	james@mesosphere.io James DeFelice: [18, 237]
	salvatore-dario.minonne@amadeus.com Salvatore Dario Minonne: [0, 0]
	eparis@redhat.com Eric Paris: [9, 0]
	yuvipanda@gmail.com YuviPanda: [3, 3]
	jiangfeihu@huawei.com feihujiang: [0, 0]
	matt@redhat.com Matthew Farrellee: [0, 19]
	mfojtik@redhat.com Michal Fojtik: [425, 0]
	tombenner@gmail.com Tom Benner: [133, 1]
build 466 159
	thockin@google.com Tim Hockin: [1, 1]
	weixu@appformix.com Weixu Zhuang: [237, 0]
	harryzhang@zju.edu.cn Harry Zhang: [18, 0]
	xuchao@google.com Chao Xu: [0, 1]
	jgrafton@google.com Jeff Grafton: [2, 2]
	pmorie@redhat.com Paul Morie: [2, 0]
	justin@fathomdb.com Justin Santa Barbara: [2, 2]
	arob@google.com Alex Robinson: [89, 29]
	james@mesosphere.io James DeFelice: [9, 2]
	lucas.kaldstrom@hotmail.co.uk Lucas Käldström: [42, 15]
	filipg@google.com Filip Grzadkowski: [0, 34]
	pszczesniak@google.com Piotr Szczesniak: [34, 0]
	jay@apache.org jay vyas: [0, 2]
	yuvipanda@gmail.com YuviPanda: [1, 1]
	matt@redhat.com Matthew Farrellee: [0, 66]
	karl@mesosphere.io Karl Isenberg: [12, 0]
	josh@apcera.com Josh Ellithorpe: [3, 3]
	mfojtik@redhat.com Michal Fojtik: [14, 1]
devel-doc 6981 7298
code 5979 2376
unknown 280588 124272
image 0 0
documentation 2448 284
build 466 159
