Filter on "^vendor/|/vendor/"
open output file /Users/lukasz/dev/cncf/gitdm/other_repos/kubernetes_range_unknown_2016-10-01_2016-11-01.csv

unknown@hacker.net Unknown hacker
djosborne10@gmail.com Dan Osborne
	unknown [1728, 0]
	devel-doc [1, 0]
chenchun.feed@gmail.com Chun Chen
	unknown [110, 5]
ishvedunov@mirantis.com Ivan Shvedunov
	unknown [556, 1300]
	devel-doc [4, 5]
	code [2, 2]
nikhiljindal@google.com nikhiljindal
	unknown [1848, 479]
	devel-doc [28, 1]
jcope@redhat.com Jon Cope
	unknown [33, 14]
michael.fraenkel@gmail.com Michael Fraenkel
	unknown [1197, 402]
	devel-doc [77, 3]
anastasis90@yahoo.gr Anastasis Andronidis
	unknown [252, 21]
	code [31, 0]
wang.yuexiao@zte.com.cn yuexiao-wang
	unknown [14, 14]
	devel-doc [2, 2]
thockin@google.com Tim Hockin
	unknown [70, 12362]
	devel-doc [0, 2821]
	code [3, 108]
	build [12, 12]
mayank.kumar@salesforce.com Mayank Kumar
	unknown [381, 17]
	devel-doc [1, 0]
sid@rancher.com wlan0
	unknown [465, 48]
	devel-doc [107, 9]
dgoodwin@redhat.com Devan Goodwin
	unknown [878, 86]
	devel-doc [17, 0]
	documentation [1, 0]
rkouj@google.com Rajat Ramesh Koujalagi
	unknown [118, 16]
euan.kemp@coreos.com Euan Kemp
	code [19, 5]
	unknown [261, 13]
	documentation [3, 0]
	build [1, 1]
madhusudancs@google.com Madhusudan.C.S
	unknown [3457, 318]
	devel-doc [246, 6]
	code [92, 38]
	documentation [4, 0]
surajssd009005@gmail.com Suraj Deshmukh
	unknown [31, 20]
	devel-doc [31, 20]
danw@redhat.com Dan Winship
	unknown [596, 260]
	devel-doc [38, 27]
xiaoping378@163.com xiaoping378
	code [191, 28]
zihongz@google.com Zihong Zheng
	code [137, 533]
	unknown [83, 84]
	devel-doc [67, 57]
	documentation [1, 0]
shashidhara.td@huawei.com shashidharatd
	unknown [1401, 215]
	devel-doc [279, 0]
	code [2, 1]
ttsujika@zlab.co.jp Tatsuhiro Tsujikawa
	unknown [4, 0]
dmcquay@apprenda.com Derek McQuay
	unknown [1247, 139]
	devel-doc [44, 2]
wojtekt@google.com Wojciech Tyczynski
	unknown [967, 879]
	devel-doc [13, 4]
	code [537, 143]
	build [70, 28]
maciej.iai@gmail.com Maciej Kwiek
	unknown [376, 255]
jsz@google.com Jerzy Szczepkowski
	unknown [214, 54]
	devel-doc [18, 3]
	code [164, 15]
	build [65, 2]
yjhong@google.com Yu-Ju Hong
	unknown [649, 63]
	devel-doc [31, 0]
	build [10, 2]
bburns@google.com Brendan Burns
	unknown [782, 28]
	devel-doc [32, 0]
	documentation [3, 0]
zhao.xiangpeng@zte.com.cn xiangpengzhao
	unknown [6, 6]
	documentation [0, 0]
pwittroc@google.com Phillip Wittrock
	unknown [266, 189]
	devel-doc [24, 0]
klaus1982.cn@gmail.com Klaus Ma
	unknown [154, 71]
	devel-doc [1, 0]
	code [1, 0]
vojtech.vitek@gmail.com Vojtech Vitek
	devel-doc [1, 1]
brandon.philips@coreos.com Brandon Philips
	unknown [19, 77]
	devel-doc [1, 2]
rob@rob-franken.nl Rob Franken
	unknown [1, 1]
acidburn@google.com Jess Frazelle
	unknown [8, 4]
	devel-doc [870, 569]
	code [27, 16]
	build [71, 68]
maszulik@redhat.com Maciej Szulik
	unknown [291, 62]
	devel-doc [1, 0]
harryz@hyper.sh Harry Zhang
	unknown [250, 66]
	devel-doc [5, 22]
mikedanese@google.com Mike Danese
	code [208, 52]
	unknown [597, 130]
	devel-doc [33149, 1307]
	documentation [9, 0]
	build [14, 6]
deads@redhat.com deads2k
	unknown [5932, 17603]
	devel-doc [125, 264]
	code [154, 5]
	documentation [3, 0]
taotaotheripper@gmail.com Random-Liu
	unknown [2587, 479]
	devel-doc [38, 0]
	code [13, 20]
mengqiy@google.com ymqytw
	unknown [993, 306]
	devel-doc [7, 0]
justin@fathomdb.com Justin Santa Barbara
	unknown [839, 473]
	devel-doc [29, 509]
	documentation [1, 0]
ppospisi@redhat.com pospispa
	unknown [14, 47]
stefan.schimanski@gmail.com Dr. Stefan Schimanski
	unknown [2003, 343]
	devel-doc [42, 6]
	documentation [1, 0]
mwielgus@google.com Marcin Wielgus
	code [7, 7]
	unknown [7445, 744]
	devel-doc [189, 26]
	documentation [0, 0]
	build [0, 0]
dj199008@gmail.com m1093782566
	unknown [192, 11]
	devel-doc [8, 0]
	code [1, 0]
jimmy@jimmycuadra.com Jimmy Cuadra
	unknown [33, 34]
	devel-doc [55, 55]
	code [9, 9]
ccoleman@redhat.com Clayton Coleman
	unknown [7247, 2745]
	devel-doc [0, 13]
	code [25, 14]
	documentation [0, 0]
mtaufen@google.com Michael Taufen
	unknown [177, 12]
	code [6, 5]
	build [3, 1]
joe.github@bedafamily.com Joe Beda
	unknown [154, 63]
	devel-doc [1, 13]
	code [29, 47]
stephenhsu90@gmail.com Di Xu
	unknown [46, 8]
	devel-doc [2, 0]
	documentation [1, 0]
tstclair@redhat.com Timothy St. Clair
	unknown [75, 42]
	devel-doc [1, 0]
	documentation [1, 0]
bowei@google.com Bowei Du
	unknown [676, 163]
	devel-doc [92, 0]
	code [138, 6]
	build [39, 0]
bdbauer@google.com Benjamin Bauer
	unknown [288, 4]
	devel-doc [1, 0]
hchen@redhat.com Huamin Chen
	unknown [530, 55]
	devel-doc [480, 4]
jay@apache.org jayunit100
	unknown [498, 222]
	code [7, 4]
jtanenba@redhat.com Jacob Tanenbaum
	unknown [62, 12]
	code [35, 13]
pmorie@redhat.com Paul Morie
	unknown [419, 379]
	devel-doc [1, 4]
	code [1, 27]
mkargaki@redhat.com Michail Kargakis
	code [12, 0]
	unknown [1574, 772]
	devel-doc [3, 0]
	documentation [0, 0]
gmarek@google.com gmarek
	unknown [4554, 3370]
	devel-doc [47, 8]
	code [84, 22]
	build [2, 10]
	documentation [0, 0]
deads2k@users.noreply.github.com David Eads
	unknown [1, 0]
foxish@users.noreply.github.com Anirudh Ramanathan
	unknown [4, 2]
beeps@google.com Prashanth B
	unknown [1546, 328]
	devel-doc [11, 1]
	code [5, 0]
mml@users.noreply.github.com Matt Liggett
	unknown [32, 1]
caesarxuchao@users.noreply.github.com Chao Xu
	unknown [162124, 157583]
	devel-doc [3112, 1730]
	code [493, 379]
	build [2, 2]
	documentation [425, 0]
decarr@redhat.com Derek Carr
	unknown [1902, 507]
	devel-doc [16, 2]
	code [11, 0]
saadali@google.com Saad Ali
	unknown [6, 0]
	devel-doc [438, 143]
apelisse@google.com Antoine Pelisse
	unknown [765, 596]
vishnuk@google.com Vishnu Kannan
	unknown [145, 113]
	devel-doc [9, 1]
	documentation [2, 2]
	build [62, 6]
chiachenk@google.com Janet Kuo
	unknown [2552, 3321]
	devel-doc [42, 130]
	code [17, 17]
	documentation [0, 0]
jliggitt@redhat.com Jordan Liggitt
	code [24, 0]
	unknown [1314, 397]
	devel-doc [30, 1]
	documentation [2, 0]
vmik@google.com Mik Vyatskov
	unknown [244, 89]
	devel-doc [57, 0]
	code [8, 4]
	build [68, 29]
	documentation [2, 0]
feiskyer@gmail.com Pengfei Ni
	unknown [556, 277]
mfisher@deis.com Matthew Fisher
	unknown [33, 9]
	devel-doc [1, 1]
	code [0, 33]
	build [61, 35]
jbhurat@apprenda.com Jitendra Bhurat
	unknown [29, 18]
ramanathana@google.com Anirudh
	unknown [849, 576]
	devel-doc [2, 198]
zml@google.com Zach Loafman
	unknown [142, 292]
	devel-doc [2, 0]
	code [154, 73]
	documentation [3, 1]
jsafrane@redhat.com Jan Safranek
	unknown [983, 447]
	devel-doc [4, 3]
mehdy@google.com mbohlool
	unknown [45621, 48030]
	devel-doc [1, 1]
	code [2040, 2223]
fabioy@google.com Fabio Yeon
	devel-doc [202, 128]
stclair@google.com Tim St. Clair
	unknown [2753, 1690]
	devel-doc [78, 6]
alexdwanerobinson@gmail.com Alex Robinson
	unknown [66, 25]
	devel-doc [41, 13]
	code [1, 1]
dashpole@google.com David Ashpole
	unknown [278, 201]
	code [2, 12]
abrand@apprenda.com Alexander Brand
	unknown [7, 5]
beacham@google.com Jacob Beacham
	unknown [327, 3]
	devel-doc [30, 1]
	code [139, 0]
	build [1, 0]
	documentation [1, 0]
christiankoep@gmail.com Christian Koep
	unknown [43, 43]
	devel-doc [32, 32]
sergey.maslyakov@viavisolutions.com Sergey Maslyakov
	unknown [1, 1]
agoldste@redhat.com Andy Goldstein
	unknown [605, 105]
	devel-doc [774, 1]
	code [16, 0]
	build [0, 0]
jvallejo@redhat.com juanvallejo
	unknown [170, 99]
	code [49, 0]
mfojtik@redhat.com Michal Fojtik
	unknown [82, 63]
	devel-doc [2, 0]
	code [4, 4]
liu.hao89@zte.com.cn foxyriver
	unknown [1, 1]
asalkeld@mirantis.com Angus Salkeld
	code [29, 0]
	unknown [1243, 866]
	devel-doc [1, 0]
	documentation [0, 0]
jv.cyril@gmail.com Cyril Jouve
	unknown [11, 8]
867919864@qq.com bulletRush
	unknown [17, 0]
	devel-doc [2, 0]
pires@apprenda.com Paulo Pires
	unknown [349, 320]
	devel-doc [8, 14]
dawnchen@google.com Dawn Chen
	unknown [3, 0]
	code [1, 1]
matt@skillshare.com Matt Condon
	unknown [30, 17]
rmmh@google.com Ryan Hitchman
	unknown [211, 307]
	code [116, 38]
ouyang.qinhua@zte.com.cn redhatlinux10
	unknown [38, 13]
lucas.kaldstrom@hotmail.co.uk Lucas Käldström
	unknown [218, 1013]
	devel-doc [1, 117]
	code [2, 9]
	build [1, 10]
	documentation [0, 7]
connor.p.doyle@intel.com Connor Doyle
	unknown [136, 132]
jinxu@google.com Jing Xu
	unknown [769, 135]
	documentation [1, 0]
pszczesniak@google.com Piotr Szczesniak
	unknown [11, 8948]
fmeng@ebay.com fmeng
	unknown [3, 0]
chenr.fnst@cn.fujitsu.com xilabao
	unknown [1, 1]
	code [7, 0]
rodcloutier@gmail.com Rod Cloutier
	unknown [7, 0]
jgrafton@google.com Jeff Grafton
	unknown [6, 2]
	devel-doc [1, 1]
	code [206, 134]
ffranz@redhat.com Fabiano Franz
	unknown [1412, 640]
	devel-doc [58, 0]
	code [40, 0]
mmilata@redhat.com Martin Milata
	unknown [1, 1]
vincent.heet@topicus.nl Vincent Heet
	unknown [4, 4]
yu.peng36@zte.com.cn yupeng
	unknown [3, 3]
	devel-doc [3, 3]
hchiramm@redhat.com Humble Chirammal
	unknown [170, 66]
	devel-doc [1, 26]
bgrant0607@users.noreply.github.com Brian Grant
nickren19@gmail.com NickrenREN
	devel-doc [1, 1]
shivania@vmware.com Abrar Shivani
	unknown [111, 0]
	devel-doc [373, 1]
errordeveloper@gmail.com Ilya Dmitrichenko
	unknown [454, 345]
	documentation [35, 31]
miao.yanqiang@zte.com.cn Yanqiang Miao
	unknown [0, 16]
lukaszoles@gmail.com Łukasz Oleś
	unknown [105, 11]
	code [25, 2]
	documentation [0, 0]
mturansk@redhat.com markturansky
	unknown [26, 19]
vishh@users.noreply.github.com Vish Kannan
	code [1, 1]
	build [0, 1]
lantaol@google.com Random Liu
	unknown [580, 279]
jchaloup@redhat.com Jan Chaloupka
	unknown [2571, 2390]
michal.zylowski@intel.com Michał Żyłowski
	unknown [5, 1]
	build [1, 1]
djmm@google.com David McMahon
	devel-doc [85, 40]
	code [5, 1]
sritesh@vmware.com Ritesh H Shukla
	unknown [1, 1]
	code [60, 21]
	documentation [2, 0]
i.mikushin@gmail.com Ivan Mikushin
	unknown [0, 1]
mrick@google.com Matt Rickard
	unknown [27, 17]
	build [1, 4]
sjenning@redhat.com Seth Jennings
	unknown [44, 43]
m@moscar.net Mikkel Oscar Lyderik
	unknown [3, 0]
avagarwa@redhat.com Avesh Agarwal
	unknown [2, 1]
wojtut01@stepstone.com Tomasz Wojtuń
	build [1, 1]
maisem@google.com Maisem Ali
	unknown [12, 12]
	code [2, 2]
eparis@redhat.com Eric Paris
	unknown [1, 2]
	code [15, 16]
	build [4, 4]
fejta@google.com Erick Fejta
	code [8, 4]
krousey@users.noreply.github.com krousey
	code [2, 4]
bchilds@redhat.com bradley childs
	unknown [1, 0]
eduardo@treasure-data.com Eduardo Silva
	unknown [2, 0]
git@hiltunen.io Sami Hiltunen
	unknown [10, 3]
justinleegarrison@gmail.com Justin Garrison
	build [1, 1]
davideagnello@gmail.com Davide Agnello
	unknown [135, 102]
dcbw@redhat.com Dan Williams
	unknown [1, 0]
dan@dankohn.com Dan Kohn
	unknown [1, 54]
mawong@redhat.com Matthew Wong
	unknown [2, 1]
screeley@redhat.com Scott Creeley
	unknown [274, 164]
dims@linux.vnet.ibm.com Davanum Srinivas
	unknown [8, 2]
	devel-doc [1, 1]
	code [56, 17]
mrostecki@mirantis.com Michal Rostecki
	unknown [1, 1]
li.guangxu@zte.com.cn guangxuli
	unknown [16, 10]
rodrigo@sdfg.com.ar Rodrigo Campos
	unknown [151, 177]
slang800@gmail.com Sean Lang
	devel-doc [1, 1]
rcarvalh@redhat.com Rodolfo Carvalho
	unknown [5, 5]
	documentation [0, 0]
walter.david@gmail.com davidwalter0
	unknown [1, 1]
pskamruk@mirantis.com Piotr Skamruk
	code [13, 6]
salvatore-dario.minonne@amadeus.com Salvatore Dario Minonne
	unknown [99, 0]
filipg@google.com Filip Grzadkowski
	unknown [232, 0]
	image [0, 0]
lukasz.zajaczkowski@ts.fujitsu.com Lukasz Zajaczkowski
	unknown [53, 0]
jansel0@gmail.com Jason Ansel
	code [1, 1]
allan.caffee@gmail.com Allan Caffee
	devel-doc [1, 1]
mspreitz@us.ibm.com Mike Spreitzer
	code [29, 9]
pigmej@gmail.com Jędrzej Nowak
	unknown [28, 28]
davidopp@google.com David Oppenheimer
	unknown [41, 290]
jm.carp@gmail.com Joshua Carp
	unknown [36, 18]
cole.mickens@gmail.com Cole Mickens
	unknown [45, 16]
	code [17, 22]
coolhzb@163.com AdoHe
	unknown [1171, 952]
atanas.mirchev@est.fujitsu.com Atanas Mirchev
	unknown [141, 61]
yarntime@163.com yarntime
	unknown [72, 0]
mixia@google.com Minhan Xia
	unknown [675, 432]
	code [1, 1]
	documentation [5, 1]
quinton@google.com Quinton Hoole
	unknown [22, 5]
robertbailey@google.com Robert Bailey
	code [1, 1]
pskieu@gmail.com Phu Kieu
	unknown [11, 2]
xiaoquwl@gmail.com Peng Xiao
	unknown [1, 1]
colin.hom@coreos.com Colin Hom
	unknown [3, 0]
	code [7, 8]
yifan.gu@coreos.com Yifan Gu
	unknown [205, 223]
	documentation [3, 3]
clove@cnmconsulting.net chrislovecnm
	unknown [2, 2]
	devel-doc [2, 2]
mike@mikebryant.me.uk Mike Bryant
	unknown [10, 1]
hongchaodeng1@gmail.com Hongchao Deng
	unknown [125, 115]
chuck@dasroot.net Charles Butler
	unknown [8, 0]
jonathan.boulle@coreos.com Jonathan Boulle
	code [1, 1]
da.colonel@gmail.com Denis Andrejew
	unknown [1, 1]
mac@digitalocean.com Mac Browning
	unknown [7, 7]
adityakali@google.com Aditya Kali
	unknown [1, 1]
	code [2, 2]
bernard@bvandewa.com Bernard Van De Walle
	code [1, 1]
gethemant@gmail.com Hemant Kumar
	unknown [6, 1]
spxtr@google.com Joe Finney
	unknown [14, 0]
robin.gloster@mayflower.de Robin Gloster
	unknown [1, 1]
xiangli.cs@gmail.com Xiang Li
	unknown [2, 2]
elson.rodriguez@gmail.com Elson Rodriguez
	devel-doc [11, 2]
devel-doc 41643 8365
	djosborne10@gmail.com Dan Osborne: [1, 0]
	ishvedunov@mirantis.com Ivan Shvedunov: [4, 5]
	nikhiljindal@google.com nikhiljindal: [28, 1]
	michael.fraenkel@gmail.com Michael Fraenkel: [77, 3]
	wang.yuexiao@zte.com.cn yuexiao-wang: [2, 2]
	thockin@google.com Tim Hockin: [0, 2821]
	mayank.kumar@salesforce.com Mayank Kumar: [1, 0]
	sid@rancher.com wlan0: [107, 9]
	dgoodwin@redhat.com Devan Goodwin: [17, 0]
	madhusudancs@google.com Madhusudan.C.S: [246, 6]
	surajssd009005@gmail.com Suraj Deshmukh: [31, 20]
	danw@redhat.com Dan Winship: [38, 27]
	zihongz@google.com Zihong Zheng: [67, 57]
	shashidhara.td@huawei.com shashidharatd: [279, 0]
	dmcquay@apprenda.com Derek McQuay: [44, 2]
	wojtekt@google.com Wojciech Tyczynski: [13, 4]
	jsz@google.com Jerzy Szczepkowski: [18, 3]
	yjhong@google.com Yu-Ju Hong: [31, 0]
	bburns@google.com Brendan Burns: [32, 0]
	pwittroc@google.com Phillip Wittrock: [24, 0]
	klaus1982.cn@gmail.com Klaus Ma: [1, 0]
	vojtech.vitek@gmail.com Vojtech Vitek: [1, 1]
	brandon.philips@coreos.com Brandon Philips: [1, 2]
	acidburn@google.com Jess Frazelle: [870, 569]
	maszulik@redhat.com Maciej Szulik: [1, 0]
	harryz@hyper.sh Harry Zhang: [5, 22]
	mikedanese@google.com Mike Danese: [33149, 1307]
	deads@redhat.com deads2k: [125, 264]
	taotaotheripper@gmail.com Random-Liu: [38, 0]
	mengqiy@google.com ymqytw: [7, 0]
	justin@fathomdb.com Justin Santa Barbara: [29, 509]
	stefan.schimanski@gmail.com Dr. Stefan Schimanski: [42, 6]
	mwielgus@google.com Marcin Wielgus: [189, 26]
	dj199008@gmail.com m1093782566: [8, 0]
	jimmy@jimmycuadra.com Jimmy Cuadra: [55, 55]
	ccoleman@redhat.com Clayton Coleman: [0, 13]
	joe.github@bedafamily.com Joe Beda: [1, 13]
	stephenhsu90@gmail.com Di Xu: [2, 0]
	tstclair@redhat.com Timothy St. Clair: [1, 0]
	bowei@google.com Bowei Du: [92, 0]
	bdbauer@google.com Benjamin Bauer: [1, 0]
	hchen@redhat.com Huamin Chen: [480, 4]
	pmorie@redhat.com Paul Morie: [1, 4]
	mkargaki@redhat.com Michail Kargakis: [3, 0]
	gmarek@google.com gmarek: [47, 8]
	beeps@google.com Prashanth B: [11, 1]
	caesarxuchao@users.noreply.github.com Chao Xu: [3112, 1730]
	decarr@redhat.com Derek Carr: [16, 2]
	saadali@google.com Saad Ali: [438, 143]
	vishnuk@google.com Vishnu Kannan: [9, 1]
	chiachenk@google.com Janet Kuo: [42, 130]
	jliggitt@redhat.com Jordan Liggitt: [30, 1]
	vmik@google.com Mik Vyatskov: [57, 0]
	mfisher@deis.com Matthew Fisher: [1, 1]
	ramanathana@google.com Anirudh: [2, 198]
	zml@google.com Zach Loafman: [2, 0]
	jsafrane@redhat.com Jan Safranek: [4, 3]
	mehdy@google.com mbohlool: [1, 1]
	fabioy@google.com Fabio Yeon: [202, 128]
	stclair@google.com Tim St. Clair: [78, 6]
	alexdwanerobinson@gmail.com Alex Robinson: [41, 13]
	beacham@google.com Jacob Beacham: [30, 1]
	christiankoep@gmail.com Christian Koep: [32, 32]
	agoldste@redhat.com Andy Goldstein: [774, 1]
	mfojtik@redhat.com Michal Fojtik: [2, 0]
	asalkeld@mirantis.com Angus Salkeld: [1, 0]
	867919864@qq.com bulletRush: [2, 0]
	pires@apprenda.com Paulo Pires: [8, 14]
	lucas.kaldstrom@hotmail.co.uk Lucas Käldström: [1, 117]
	jgrafton@google.com Jeff Grafton: [1, 1]
	ffranz@redhat.com Fabiano Franz: [58, 0]
	yu.peng36@zte.com.cn yupeng: [3, 3]
	hchiramm@redhat.com Humble Chirammal: [1, 26]
	nickren19@gmail.com NickrenREN: [1, 1]
	shivania@vmware.com Abrar Shivani: [373, 1]
	djmm@google.com David McMahon: [85, 40]
	dims@linux.vnet.ibm.com Davanum Srinivas: [1, 1]
	slang800@gmail.com Sean Lang: [1, 1]
	allan.caffee@gmail.com Allan Caffee: [1, 1]
	clove@cnmconsulting.net chrislovecnm: [2, 2]
	elson.rodriguez@gmail.com Elson Rodriguez: [11, 2]
code 5546 4168
	ishvedunov@mirantis.com Ivan Shvedunov: [2, 2]
	anastasis90@yahoo.gr Anastasis Andronidis: [31, 0]
	thockin@google.com Tim Hockin: [3, 108]
	euan.kemp@coreos.com Euan Kemp: [19, 5]
	madhusudancs@google.com Madhusudan.C.S: [92, 38]
	xiaoping378@163.com xiaoping378: [191, 28]
	zihongz@google.com Zihong Zheng: [137, 533]
	shashidhara.td@huawei.com shashidharatd: [2, 1]
	wojtekt@google.com Wojciech Tyczynski: [537, 143]
	jsz@google.com Jerzy Szczepkowski: [164, 15]
	klaus1982.cn@gmail.com Klaus Ma: [1, 0]
	acidburn@google.com Jess Frazelle: [27, 16]
	mikedanese@google.com Mike Danese: [208, 52]
	deads@redhat.com deads2k: [154, 5]
	taotaotheripper@gmail.com Random-Liu: [13, 20]
	mwielgus@google.com Marcin Wielgus: [7, 7]
	dj199008@gmail.com m1093782566: [1, 0]
	jimmy@jimmycuadra.com Jimmy Cuadra: [9, 9]
	ccoleman@redhat.com Clayton Coleman: [25, 14]
	mtaufen@google.com Michael Taufen: [6, 5]
	joe.github@bedafamily.com Joe Beda: [29, 47]
	bowei@google.com Bowei Du: [138, 6]
	jay@apache.org jayunit100: [7, 4]
	jtanenba@redhat.com Jacob Tanenbaum: [35, 13]
	pmorie@redhat.com Paul Morie: [1, 27]
	mkargaki@redhat.com Michail Kargakis: [12, 0]
	gmarek@google.com gmarek: [84, 22]
	beeps@google.com Prashanth B: [5, 0]
	caesarxuchao@users.noreply.github.com Chao Xu: [493, 379]
	decarr@redhat.com Derek Carr: [11, 0]
	chiachenk@google.com Janet Kuo: [17, 17]
	jliggitt@redhat.com Jordan Liggitt: [24, 0]
	vmik@google.com Mik Vyatskov: [8, 4]
	mfisher@deis.com Matthew Fisher: [0, 33]
	zml@google.com Zach Loafman: [154, 73]
	mehdy@google.com mbohlool: [2040, 2223]
	alexdwanerobinson@gmail.com Alex Robinson: [1, 1]
	dashpole@google.com David Ashpole: [2, 12]
	beacham@google.com Jacob Beacham: [139, 0]
	agoldste@redhat.com Andy Goldstein: [16, 0]
	jvallejo@redhat.com juanvallejo: [49, 0]
	mfojtik@redhat.com Michal Fojtik: [4, 4]
	asalkeld@mirantis.com Angus Salkeld: [29, 0]
	dawnchen@google.com Dawn Chen: [1, 1]
	rmmh@google.com Ryan Hitchman: [116, 38]
	lucas.kaldstrom@hotmail.co.uk Lucas Käldström: [2, 9]
	chenr.fnst@cn.fujitsu.com xilabao: [7, 0]
	jgrafton@google.com Jeff Grafton: [206, 134]
	ffranz@redhat.com Fabiano Franz: [40, 0]
	lukaszoles@gmail.com Łukasz Oleś: [25, 2]
	vishh@users.noreply.github.com Vish Kannan: [1, 1]
	djmm@google.com David McMahon: [5, 1]
	sritesh@vmware.com Ritesh H Shukla: [60, 21]
	maisem@google.com Maisem Ali: [2, 2]
	eparis@redhat.com Eric Paris: [15, 16]
	fejta@google.com Erick Fejta: [8, 4]
	krousey@users.noreply.github.com krousey: [2, 4]
	dims@linux.vnet.ibm.com Davanum Srinivas: [56, 17]
	pskamruk@mirantis.com Piotr Skamruk: [13, 6]
	jansel0@gmail.com Jason Ansel: [1, 1]
	mspreitz@us.ibm.com Mike Spreitzer: [29, 9]
	cole.mickens@gmail.com Cole Mickens: [17, 22]
	mixia@google.com Minhan Xia: [1, 1]
	robertbailey@google.com Robert Bailey: [1, 1]
	colin.hom@coreos.com Colin Hom: [7, 8]
	jonathan.boulle@coreos.com Jonathan Boulle: [1, 1]
	adityakali@google.com Aditya Kali: [2, 2]
	bernard@bvandewa.com Bernard Van De Walle: [1, 1]
unknown 291034 278700
	djosborne10@gmail.com Dan Osborne: [1728, 0]
	chenchun.feed@gmail.com Chun Chen: [110, 5]
	ishvedunov@mirantis.com Ivan Shvedunov: [556, 1300]
	nikhiljindal@google.com nikhiljindal: [1848, 479]
	jcope@redhat.com Jon Cope: [33, 14]
	michael.fraenkel@gmail.com Michael Fraenkel: [1197, 402]
	anastasis90@yahoo.gr Anastasis Andronidis: [252, 21]
	wang.yuexiao@zte.com.cn yuexiao-wang: [14, 14]
	thockin@google.com Tim Hockin: [70, 12362]
	mayank.kumar@salesforce.com Mayank Kumar: [381, 17]
	sid@rancher.com wlan0: [465, 48]
	dgoodwin@redhat.com Devan Goodwin: [878, 86]
	rkouj@google.com Rajat Ramesh Koujalagi: [118, 16]
	euan.kemp@coreos.com Euan Kemp: [261, 13]
	madhusudancs@google.com Madhusudan.C.S: [3457, 318]
	surajssd009005@gmail.com Suraj Deshmukh: [31, 20]
	danw@redhat.com Dan Winship: [596, 260]
	zihongz@google.com Zihong Zheng: [83, 84]
	shashidhara.td@huawei.com shashidharatd: [1401, 215]
	ttsujika@zlab.co.jp Tatsuhiro Tsujikawa: [4, 0]
	dmcquay@apprenda.com Derek McQuay: [1247, 139]
	wojtekt@google.com Wojciech Tyczynski: [967, 879]
	maciej.iai@gmail.com Maciej Kwiek: [376, 255]
	jsz@google.com Jerzy Szczepkowski: [214, 54]
	yjhong@google.com Yu-Ju Hong: [649, 63]
	bburns@google.com Brendan Burns: [782, 28]
	zhao.xiangpeng@zte.com.cn xiangpengzhao: [6, 6]
	pwittroc@google.com Phillip Wittrock: [266, 189]
	klaus1982.cn@gmail.com Klaus Ma: [154, 71]
	brandon.philips@coreos.com Brandon Philips: [19, 77]
	rob@rob-franken.nl Rob Franken: [1, 1]
	acidburn@google.com Jess Frazelle: [8, 4]
	maszulik@redhat.com Maciej Szulik: [291, 62]
	harryz@hyper.sh Harry Zhang: [250, 66]
	mikedanese@google.com Mike Danese: [597, 130]
	deads@redhat.com deads2k: [5932, 17603]
	taotaotheripper@gmail.com Random-Liu: [2587, 479]
	mengqiy@google.com ymqytw: [993, 306]
	justin@fathomdb.com Justin Santa Barbara: [839, 473]
	ppospisi@redhat.com pospispa: [14, 47]
	stefan.schimanski@gmail.com Dr. Stefan Schimanski: [2003, 343]
	mwielgus@google.com Marcin Wielgus: [7445, 744]
	dj199008@gmail.com m1093782566: [192, 11]
	jimmy@jimmycuadra.com Jimmy Cuadra: [33, 34]
	ccoleman@redhat.com Clayton Coleman: [7247, 2745]
	mtaufen@google.com Michael Taufen: [177, 12]
	joe.github@bedafamily.com Joe Beda: [154, 63]
	stephenhsu90@gmail.com Di Xu: [46, 8]
	tstclair@redhat.com Timothy St. Clair: [75, 42]
	bowei@google.com Bowei Du: [676, 163]
	bdbauer@google.com Benjamin Bauer: [288, 4]
	hchen@redhat.com Huamin Chen: [530, 55]
	jay@apache.org jayunit100: [498, 222]
	jtanenba@redhat.com Jacob Tanenbaum: [62, 12]
	pmorie@redhat.com Paul Morie: [419, 379]
	mkargaki@redhat.com Michail Kargakis: [1574, 772]
	gmarek@google.com gmarek: [4554, 3370]
	deads2k@users.noreply.github.com David Eads: [1, 0]
	foxish@users.noreply.github.com Anirudh Ramanathan: [4, 2]
	beeps@google.com Prashanth B: [1546, 328]
	mml@users.noreply.github.com Matt Liggett: [32, 1]
	caesarxuchao@users.noreply.github.com Chao Xu: [162124, 157583]
	decarr@redhat.com Derek Carr: [1902, 507]
	saadali@google.com Saad Ali: [6, 0]
	apelisse@google.com Antoine Pelisse: [765, 596]
	vishnuk@google.com Vishnu Kannan: [145, 113]
	chiachenk@google.com Janet Kuo: [2552, 3321]
	jliggitt@redhat.com Jordan Liggitt: [1314, 397]
	vmik@google.com Mik Vyatskov: [244, 89]
	feiskyer@gmail.com Pengfei Ni: [556, 277]
	mfisher@deis.com Matthew Fisher: [33, 9]
	jbhurat@apprenda.com Jitendra Bhurat: [29, 18]
	ramanathana@google.com Anirudh: [849, 576]
	zml@google.com Zach Loafman: [142, 292]
	jsafrane@redhat.com Jan Safranek: [983, 447]
	mehdy@google.com mbohlool: [45621, 48030]
	stclair@google.com Tim St. Clair: [2753, 1690]
	alexdwanerobinson@gmail.com Alex Robinson: [66, 25]
	dashpole@google.com David Ashpole: [278, 201]
	abrand@apprenda.com Alexander Brand: [7, 5]
	beacham@google.com Jacob Beacham: [327, 3]
	christiankoep@gmail.com Christian Koep: [43, 43]
	sergey.maslyakov@viavisolutions.com Sergey Maslyakov: [1, 1]
	agoldste@redhat.com Andy Goldstein: [605, 105]
	jvallejo@redhat.com juanvallejo: [170, 99]
	mfojtik@redhat.com Michal Fojtik: [82, 63]
	liu.hao89@zte.com.cn foxyriver: [1, 1]
	asalkeld@mirantis.com Angus Salkeld: [1243, 866]
	jv.cyril@gmail.com Cyril Jouve: [11, 8]
	867919864@qq.com bulletRush: [17, 0]
	pires@apprenda.com Paulo Pires: [349, 320]
	dawnchen@google.com Dawn Chen: [3, 0]
	matt@skillshare.com Matt Condon: [30, 17]
	rmmh@google.com Ryan Hitchman: [211, 307]
	ouyang.qinhua@zte.com.cn redhatlinux10: [38, 13]
	lucas.kaldstrom@hotmail.co.uk Lucas Käldström: [218, 1013]
	connor.p.doyle@intel.com Connor Doyle: [136, 132]
	jinxu@google.com Jing Xu: [769, 135]
	pszczesniak@google.com Piotr Szczesniak: [11, 8948]
	fmeng@ebay.com fmeng: [3, 0]
	chenr.fnst@cn.fujitsu.com xilabao: [1, 1]
	rodcloutier@gmail.com Rod Cloutier: [7, 0]
	jgrafton@google.com Jeff Grafton: [6, 2]
	ffranz@redhat.com Fabiano Franz: [1412, 640]
	mmilata@redhat.com Martin Milata: [1, 1]
	vincent.heet@topicus.nl Vincent Heet: [4, 4]
	yu.peng36@zte.com.cn yupeng: [3, 3]
	hchiramm@redhat.com Humble Chirammal: [170, 66]
	shivania@vmware.com Abrar Shivani: [111, 0]
	errordeveloper@gmail.com Ilya Dmitrichenko: [454, 345]
	miao.yanqiang@zte.com.cn Yanqiang Miao: [0, 16]
	lukaszoles@gmail.com Łukasz Oleś: [105, 11]
	mturansk@redhat.com markturansky: [26, 19]
	lantaol@google.com Random Liu: [580, 279]
	jchaloup@redhat.com Jan Chaloupka: [2571, 2390]
	michal.zylowski@intel.com Michał Żyłowski: [5, 1]
	sritesh@vmware.com Ritesh H Shukla: [1, 1]
	i.mikushin@gmail.com Ivan Mikushin: [0, 1]
	mrick@google.com Matt Rickard: [27, 17]
	sjenning@redhat.com Seth Jennings: [44, 43]
	m@moscar.net Mikkel Oscar Lyderik: [3, 0]
	avagarwa@redhat.com Avesh Agarwal: [2, 1]
	maisem@google.com Maisem Ali: [12, 12]
	eparis@redhat.com Eric Paris: [1, 2]
	bchilds@redhat.com bradley childs: [1, 0]
	eduardo@treasure-data.com Eduardo Silva: [2, 0]
	git@hiltunen.io Sami Hiltunen: [10, 3]
	davideagnello@gmail.com Davide Agnello: [135, 102]
	dcbw@redhat.com Dan Williams: [1, 0]
	dan@dankohn.com Dan Kohn: [1, 54]
	mawong@redhat.com Matthew Wong: [2, 1]
	screeley@redhat.com Scott Creeley: [274, 164]
	dims@linux.vnet.ibm.com Davanum Srinivas: [8, 2]
	mrostecki@mirantis.com Michal Rostecki: [1, 1]
	li.guangxu@zte.com.cn guangxuli: [16, 10]
	rodrigo@sdfg.com.ar Rodrigo Campos: [151, 177]
	rcarvalh@redhat.com Rodolfo Carvalho: [5, 5]
	walter.david@gmail.com davidwalter0: [1, 1]
	salvatore-dario.minonne@amadeus.com Salvatore Dario Minonne: [99, 0]
	filipg@google.com Filip Grzadkowski: [232, 0]
	lukasz.zajaczkowski@ts.fujitsu.com Lukasz Zajaczkowski: [53, 0]
	pigmej@gmail.com Jędrzej Nowak: [28, 28]
	davidopp@google.com David Oppenheimer: [41, 290]
	jm.carp@gmail.com Joshua Carp: [36, 18]
	cole.mickens@gmail.com Cole Mickens: [45, 16]
	coolhzb@163.com AdoHe: [1171, 952]
	atanas.mirchev@est.fujitsu.com Atanas Mirchev: [141, 61]
	yarntime@163.com yarntime: [72, 0]
	mixia@google.com Minhan Xia: [675, 432]
	quinton@google.com Quinton Hoole: [22, 5]
	pskieu@gmail.com Phu Kieu: [11, 2]
	xiaoquwl@gmail.com Peng Xiao: [1, 1]
	colin.hom@coreos.com Colin Hom: [3, 0]
	yifan.gu@coreos.com Yifan Gu: [205, 223]
	clove@cnmconsulting.net chrislovecnm: [2, 2]
	mike@mikebryant.me.uk Mike Bryant: [10, 1]
	hongchaodeng1@gmail.com Hongchao Deng: [125, 115]
	chuck@dasroot.net Charles Butler: [8, 0]
	da.colonel@gmail.com Denis Andrejew: [1, 1]
	mac@digitalocean.com Mac Browning: [7, 7]
	adityakali@google.com Aditya Kali: [1, 1]
	gethemant@gmail.com Hemant Kumar: [6, 1]
	spxtr@google.com Joe Finney: [14, 0]
	robin.gloster@mayflower.de Robin Gloster: [1, 1]
	xiangli.cs@gmail.com Xiang Li: [2, 2]
image 0 0
	filipg@google.com Filip Grzadkowski: [0, 0]
documentation 509 45
	dgoodwin@redhat.com Devan Goodwin: [1, 0]
	euan.kemp@coreos.com Euan Kemp: [3, 0]
	madhusudancs@google.com Madhusudan.C.S: [4, 0]
	zihongz@google.com Zihong Zheng: [1, 0]
	bburns@google.com Brendan Burns: [3, 0]
	zhao.xiangpeng@zte.com.cn xiangpengzhao: [0, 0]
	mikedanese@google.com Mike Danese: [9, 0]
	deads@redhat.com deads2k: [3, 0]
	justin@fathomdb.com Justin Santa Barbara: [1, 0]
	stefan.schimanski@gmail.com Dr. Stefan Schimanski: [1, 0]
	mwielgus@google.com Marcin Wielgus: [0, 0]
	ccoleman@redhat.com Clayton Coleman: [0, 0]
	stephenhsu90@gmail.com Di Xu: [1, 0]
	tstclair@redhat.com Timothy St. Clair: [1, 0]
	mkargaki@redhat.com Michail Kargakis: [0, 0]
	gmarek@google.com gmarek: [0, 0]
	caesarxuchao@users.noreply.github.com Chao Xu: [425, 0]
	vishnuk@google.com Vishnu Kannan: [2, 2]
	chiachenk@google.com Janet Kuo: [0, 0]
	jliggitt@redhat.com Jordan Liggitt: [2, 0]
	vmik@google.com Mik Vyatskov: [2, 0]
	zml@google.com Zach Loafman: [3, 1]
	beacham@google.com Jacob Beacham: [1, 0]
	asalkeld@mirantis.com Angus Salkeld: [0, 0]
	lucas.kaldstrom@hotmail.co.uk Lucas Käldström: [0, 7]
	jinxu@google.com Jing Xu: [1, 0]
	errordeveloper@gmail.com Ilya Dmitrichenko: [35, 31]
	lukaszoles@gmail.com Łukasz Oleś: [0, 0]
	sritesh@vmware.com Ritesh H Shukla: [2, 0]
	rcarvalh@redhat.com Rodolfo Carvalho: [0, 0]
	mixia@google.com Minhan Xia: [5, 1]
	yifan.gu@coreos.com Yifan Gu: [3, 3]
build 490 224
	thockin@google.com Tim Hockin: [12, 12]
	euan.kemp@coreos.com Euan Kemp: [1, 1]
	wojtekt@google.com Wojciech Tyczynski: [70, 28]
	jsz@google.com Jerzy Szczepkowski: [65, 2]
	yjhong@google.com Yu-Ju Hong: [10, 2]
	acidburn@google.com Jess Frazelle: [71, 68]
	mikedanese@google.com Mike Danese: [14, 6]
	mwielgus@google.com Marcin Wielgus: [0, 0]
	mtaufen@google.com Michael Taufen: [3, 1]
	bowei@google.com Bowei Du: [39, 0]
	gmarek@google.com gmarek: [2, 10]
	caesarxuchao@users.noreply.github.com Chao Xu: [2, 2]
	vishnuk@google.com Vishnu Kannan: [62, 6]
	vmik@google.com Mik Vyatskov: [68, 29]
	mfisher@deis.com Matthew Fisher: [61, 35]
	beacham@google.com Jacob Beacham: [1, 0]
	agoldste@redhat.com Andy Goldstein: [0, 0]
	lucas.kaldstrom@hotmail.co.uk Lucas Käldström: [1, 10]
	vishh@users.noreply.github.com Vish Kannan: [0, 1]
	michal.zylowski@intel.com Michał Żyłowski: [1, 1]
	mrick@google.com Matt Rickard: [1, 4]
	wojtut01@stepstone.com Tomasz Wojtuń: [1, 1]
	eparis@redhat.com Eric Paris: [4, 4]
	justinleegarrison@gmail.com Justin Garrison: [1, 1]
devel-doc 41643 8365
code 5546 4168
unknown 291034 278700
image 0 0
documentation 509 45
build 490 224
