Filter on "^vendor/|/vendor/"
open output file /Users/lukasz/dev/cncf/gitdm/other_repos/kubernetes_range_unknown_2017-05-14_2017-06-13.csv

kb@itsvit.org is an author name, probably not what you want
(Unknown) unknown@hacker.net Unknown hacker
Google chiachenk@google.com Janet Kuo
	unknown [3043, 1420]
	devel-doc [23, 7]
	code [59, 7]
	documentation [0, 0]
IBM cmluciano@us.ibm.com Christopher M. Luciano
	unknown [9, 2]
FathomDB justin@fathomdb.com Justin Santa Barbara
	unknown [148, 3]
	devel-doc [1, 0]
Google jgrafton@google.com Jeff Grafton
	unknown [65, 40]
	devel-doc [37, 33]
	code [8, 3]
	ui [3, 0]
	build [6, 3]
Google mikedanese@google.com Mike Danese
	devel-doc [31, 8]
	code [4, 5]
	unknown [376, 511]
	documentation [1, 0]
	ui [7, 6]
	build [1303, 1526]
Google dawnchen@google.com Dawn Chen
	unknown [28, 127]
Google nicksardo@google.com Nick Sardo
	unknown [2040, 635]
	devel-doc [24, 1]
	build [10, 0]
CoreOS eric.chiang.m@gmail.com Eric Chiang
	unknown [863, 33]
	devel-doc [62, 0]
	documentation [2, 0]
Tigera casey@tigera.io Casey Davenport
	unknown [113, 34]
	devel-doc [6, 9]
	build [121, 16]
Google dashpole@google.com David Ashpole
	unknown [755, 576]
	devel-doc [632, 6]
	code [1, 5]
Google owensk@google.com Kenneth Owens
	unknown [5541, 644]
	devel-doc [78, 0]
	documentation [0, 0]
Red Hat mawong@redhat.com Matthew Wong
	unknown [236, 61]
Google thockin@google.com Tim Hockin
	code [3, 0]
	unknown [144, 122]
	devel-doc [6, 2]
	documentation [0, 0]
	build [2, 0]
Microsoft doliu@microsoft.com Dong Liu
	unknown [523, 106]
	devel-doc [51, 1]
Google agarwalrohit@google.com Rohit Agarwal
	unknown [42, 4]
Hyper.sh harryz@hyper.sh Harry Zhang
	unknown [2, 2]
Fujitsu caosf.fnst@cn.fujitsu.com Cao Shufeng
	unknown [471, 70]
	devel-doc [1, 1]
	code [33, 8]
	documentation [1, 9]
zlabjp kazuki.suda@gmail.com Kazuki Suda
	unknown [12, 2]
Red Hat decarr@redhat.com Derek Carr
	unknown [325, 130]
	devel-doc [3, 1]
IBM gyliu513@gmail.com Guangya Liu
	unknown [112, 42]
	documentation [0, 0]
Self andy.xning@gmail.com Andy Xie
	unknown [3, 28]
Hitachi Data Systems mitsuhiro.tanino@hds.com mtanino
	unknown [154, 74]
Google wfender@google.com Walter Fender
	unknown [87, 56]
	code [87, 7]
	build [19, 0]
Google qlee@google.com Quintin Lee
	unknown [166, 88]
	devel-doc [19, 0]
Google wojtekt@google.com Wojciech Tyczynski
	unknown [1115, 932]
	devel-doc [6, 5]
	code [0, 29]
	build [3, 3]
Google zihongz@google.com Zihong Zheng
	unknown [1117, 798]
	devel-doc [9, 48]
Red Hat stefan.schimanski@gmail.com Dr. Stefan Schimanski
	unknown [2302, 995]
	devel-doc [404, 140]
	code [34, 31]
Red Hat jliggitt@redhat.com Jordan Liggitt
	unknown [4294, 900]
	devel-doc [386, 10]
	code [17, 3]
	documentation [0, 0]
(Unknown) kynan.rilee@gmail.com ublubu
	unknown [220, 8]
Hyper.sh feiskyer@gmail.com Pengfei Ni
	unknown [57, 57]
	devel-doc [15, 15]
	code [2, 2]
	documentation [8, 8]
Red Hat haowang@redhat.com Haoran Wang
	unknown [11, 32]
	devel-doc [69, 73]
	code [1, 1]
Red Hat hekumar@redhat.com Hemant Kumar
	unknown [24, 27]
Canonical chuck@dasroot.net Charles Butler
	code [2, 1]
Google jinxu@google.com Jing Xu
	unknown [1307, 91]
	devel-doc [3, 0]
	documentation [0, 0]
Red Hat shiywang@redhat.com Shiyang Wang
	unknown [314, 2]
	devel-doc [12, 1]
	code [1, 1]
ZTE Corporation zhang.wanmin@zte.com.cn William Chang
	unknown [134, 0]
	translation [89, 0]
Google wasylkowski@google.com Andrzej Wasylkowski
	unknown [87, 32]
	devel-doc [3, 0]
Google xuchao@google.com Chao Xu
	code [4, 17]
	unknown [10788, 640]
	devel-doc [1848, 427]
	documentation [0, 0]
IBM madaxa@cn.ibm.com Klaus Ma
	unknown [360, 150]
	devel-doc [117, 18]
	documentation [0, 0]
Red Hat ccoleman@redhat.com Clayton Coleman
	unknown [11304, 2260]
	devel-doc [395, 100]
	code [21, 14]
	build [1, 1]
	documentation [0, 0]
CoreOS dan.gillespie@coreos.com Dan Gillespie
	unknown [4, 3]
Red Hat avagarwa@redhat.com Avesh Agarwal
	unknown [59, 3]
Huawei shashidhara.td@huawei.com shashidharatd
	unknown [215, 158]
	devel-doc [107, 14]
	code [1, 12]
Weaveworks lucas@weave.works Lucas Käldström
	unknown [297, 75]
	devel-doc [14, 2]
Huawei quinton.hoole@huawei.com Quinton Hoole
	unknown [2, 0]
Google madhusudancs@google.com Madhusudan.C.S
	unknown [28, 1]
	code [49, 11]
Google enisoc@google.com Anthony Yeh
	unknown [277, 48]
	devel-doc [234, 157]
	code [118, 5]
Computer Science and Engineering, IIT Kanpur saksham0808@gmail.com Saksham Sharma
	unknown [718, 56]
	devel-doc [54, 0]
Red Hat sross@redhat.com Solly Ross
	code [1, 1]
	unknown [1092, 54]
	devel-doc [2, 0]
	documentation [0, 0]
Red Hat danw@redhat.com Dan Winship
	unknown [5841, 251]
	devel-doc [930, 0]
	documentation [0, 0]
Microsoft jack.francis@microsoft.com Jack Francis
	unknown [626, 145]
	devel-doc [3, 0]
Self taotaotheripper@gmail.com Random-Liu
	unknown [61, 26]
	code [2, 2]
	build [2, 2]
Google sunilarora@google.com Sunil Arora
	unknown [306, 90]
	devel-doc [4, 0]
Red Hat deads@redhat.com deads2k
	unknown [4673, 2919]
	devel-doc [229, 59]
	code [95, 14]
Google stclair@google.com Tim St. Clair
	unknown [1538, 202]
	devel-doc [194, 4]
	code [8, 1]
	build [184, 20]
Google yjhong@google.com Yu-Ju Hong
	unknown [7995, 5534]
	devel-doc [6, 1]
Google cjcullen@google.com CJ Cullen
	unknown [118, 26]
	devel-doc [0, 5]
	code [8, 0]
	build [12, 6]
	documentation [1, 0]
Red Hat vsemushi@redhat.com Slava Semushin
	unknown [4, 3]
EasyStack fengyun.pan@easystack.cn FengyunPan
	unknown [208, 84]
	devel-doc [1, 0]
(Unknown) stuart.warren@ocado.com stuart.warren
	unknown [7, 7]
(Unknown) sdw35@cornell.edu Scott Weiss
	unknown [461, 0]
	devel-doc [7, 0]
(Unknown) stuart-warren@users.noreply.github.com Woz
DaoCloud baofa.fan@daocloud.io carlory
	unknown [10, 7]
	code [1, 1]
Google beacham@google.com Jacob Beacham
	unknown [334, 12]
	devel-doc [35, 3]
Kelowna admin@toph.ca Christoph Blecker
	devel-doc [75, 238]
	code [10, 9]
	unknown [1724, 3105]
	image [0, 0]
	documentation [0, 0]
	build [2, 2]
Google maciekpytel@google.com Maciej Pytel
	unknown [11, 8]
Google jeffml@google.com Jeff Lowdermilk
	unknown [1, 1]
Google ramanathana@google.com Anirudh Ramanathan
	code [18, 4]
	unknown [338, 50]
	devel-doc [1, 0]
	documentation [1, 0]
(Unknown) luk.burchard@gmail.com realfake
	unknown [76, 3]
Self lukasz.szaszkiewicz@gmail.com p0lyn0mial
	unknown [321, 250]
	devel-doc [28, 50]
Airbnb ricky.pai@airbnb.com Ricky Pai
	unknown [54, 1]
Canonical george.kraft@canonical.com George Kraft
	code [3, 0]
	build [12, 0]
ZTE Corporation zhang.xiaoyu33@zte.com.cn zhangxiaoyu-zidif
	unknown [111, 43]
Google pwittroc+github@google.com Phillip Wittrock
	unknown [5, 0]
Google mehdy@google.com mbohlool
	unknown [6131, 3722]
	devel-doc [838, 65]
	code [1, 1]
Google shyamjvs@google.com Shyam Jeedigunta
	unknown [1302, 113]
	devel-doc [69, 0]
	code [82, 37]
	build [0, 0]
	documentation [1, 0]
Google mikewu@google.com Ke Wu
	unknown [2, 2]
VMware gkuncoro@vmware.com Giri Kuncoro
	unknown [10247, 10110]
	translation [93, 1]
Google mtaufen@google.com Michael Taufen
	unknown [6, 5]
	devel-doc [1, 0]
Google vmik@google.com Mik Vyatskov
	unknown [72, 5]
(Unknown) licl@primeton.com lichunlong
	unknown [96, 52]
IBM xingzhou@cn.ibm.com Xing Zhou
	unknown [2, 24]
	devel-doc [0, 2]
Atlassian mmazurskiy@atlassian.com Mikhail Mazurskiy
	unknown [172, 20]
	devel-doc [2, 0]
Google mml@google.com Matt Liggett
	unknown [10, 1]
	devel-doc [1, 0]
Google vishnuk@google.com Vishnu kannan
	unknown [8, 8]
	code [39, 23]
Google dnardo@google.com Daniel Nardo
	unknown [46, 1]
	build [3, 0]
Google cxing@google.com Cheng Xing
	unknown [120, 9]
	devel-doc [1, 0]
Google grod@google.com Garrett Rodrigues
	unknown [2, 0]
(Unknown) marton.natko@gmail.com n-marton
	unknown [9, 0]
Caicloud 393926893@qq.com zhengjiajin
	unknown [660, 86]
	devel-doc [10, 9]
	documentation [0, 0]
(Unknown) alberto.garcial@hotmail.com enxebre
	unknown [339, 0]
	devel-doc [4, 0]
Fujitsu chenr.fnst@cn.fujitsu.com xilabao
	unknown [570, 21]
	devel-doc [9, 1]
	code [2, 2]
	translation [3, 5]
Self stephenhsu90@gmail.com Di Xu
	unknown [11, 23]
Google kumaraji@google.com Ajit Kumar
	code [6, 0]
	build [7, 2]
Google dbsmith@google.com Daniel Smith
	unknown [782, 1065]
	devel-doc [14, 10]
Google mengqiy@google.com ymqytw
	unknown [6187, 1531]
Cockroach alexdwanerobinson@gmail.com Alex Robinson
	unknown [5, 2]
Apache jwhitlock@apache.org Jeremy Whitlock
	unknown [1601, 0]
	devel-doc [160, 0]
	code [108, 0]
Google fangyuhao@gmail.com x1957
	unknown [3, 1]
EasyStack nickren19@gmail.com NickrenREN
	unknown [245, 115]
	devel-doc [48, 0]
IBM vaibhavs@us.ibm.com vaibhavsood
	unknown [13, 4]
(Unknown) talk.to.waseem@gmail.com Waseem Ahmad
	unknown [182, 96]
(Unknown) tnozicka@gmail.com Tomas Nozicka
	unknown [2, 0]
ZTE Corporation zhao.xiangpeng@zte.com.cn xiangpengzhao
	unknown [30, 3]
	build [2, 2]
Google ygg@google.com Yang Guo
	unknown [634, 2]
	devel-doc [3, 0]
Red Hat hchen@redhat.com Huamin Chen
	unknown [83, 47]
	devel-doc [1, 0]
VMware divyenp@vmware.com divyenpatel
	unknown [592, 413]
	devel-doc [2, 0]
Google jregan@google.com Jeffrey Regan
	unknown [56, 55]
	devel-doc [43, 5]
Google dvorak@google.com Jonathan MacMillan
	unknown [265, 62]
	devel-doc [3, 0]
Google senlu@google.com Sen Lu
	code [2, 2]
Google ahmetb@google.com Ahmet Alp Balkan
	unknown [1620, 1422]
	devel-doc [194, 0]
	documentation [0, 0]
Red Hat hchiramm@redhat.com Humble Chirammal
	unknown [371, 263]
	devel-doc [18, 4]
Google gmarek@google.com gmarek
	unknown [28, 13]
	devel-doc [3, 0]
	code [8, 3]
CoreOS abhinav.dahiya@coreos.com Abhinav Dahiya
	unknown [1, 1]
Red Hat ffranz@redhat.com Fabiano Franz
	unknown [7, 1]
Google jacobsimpson@google.com Jacob Simpson
	unknown [167, 63]
	devel-doc [1, 0]
	documentation [1, 0]
(Unknown) fabrizio.pandini@gmail.com fabriziopandini
	unknown [30, 30]
Intel stanislaw.szydlo@intel.com Stanisław Szydło
	unknown [1, 1]
	code [2, 2]
	build [1, 1]
(Unknown) horwitzja@gmail.com Josh Horwitz
	unknown [22, 0]
Self nikitaraghunath@gmail.com Nikhita Raghunath
	unknown [354, 49]
	devel-doc [2, 0]
(Unknown) yasstij11@gmail.com Yassine TIJANI
	unknown [4, 7]
Red Hat xychu2008@gmail.com Ethan Chu
	unknown [47, 20]
Google campbellalex@google.com Alexander Campbell
	code [37, 19]
	unknown [144, 68]
	documentation [21, 0]
jobandtalent agonzalezro@gmail.com Álex González
	devel-doc [1, 1]
Tencent jungong@tencent.com Jun Gong
	unknown [3, 1]
Google bowei@google.com Bowei Du
	unknown [11, 7]
	devel-doc [1, 1]
	code [66, 27]
Google abw@google.com Adam Worrall
	unknown [115, 9]
	devel-doc [1, 0]
Self artmr@lsd.ufcg.edu.br Arthur Miranda
	unknown [298, 0]
	devel-doc [2, 0]
	documentation [3, 0]
Google msau@google.com Michelle Au
	unknown [355, 5]
	devel-doc [2, 0]
	documentation [0, 0]
(Unknown) bvanzant@brkt.com Bob Van Zant
	unknown [22, 11]
ASG Consulting andy.goldstein@gmail.com Andy Goldstein
	code [35, 22]
	unknown [462, 103]
	devel-doc [11, 5]
	documentation [2, 0]
Weaveworks bryan@weave.works Bryan Boreham
	unknown [0, 2]
EasyStack yunxian.guo@easystack.cn guoyunxian
	unknown [0, 2]
ZTE Corporation li.xiaobing1@zte.com.cn lixiaobing1
	unknown [4, 1]
JD.COM ailusazh@126.com ailusazh
	unknown [1, 1]
(Unknown) emaildanwilson@gmail.com emaildanwilson
	unknown [153, 42]
	devel-doc [2, 0]
Red Hat mkhan@redhat.com Monis Khan
	unknown [89, 19]
	code [12, 4]
Red Hat marun@redhat.com Maru Newby
	unknown [157, 628]
	devel-doc [2, 3]
	documentation [2, 0]
CoreOS alex.crawford@coreos.com Alex Crawford
	unknown [3, 3]
Universidade Federal de Campina Grande henrique@lsd.ufcg.edu.br Henrique Truta
	unknown [1, 1]
Red Hat mkargaki@redhat.com Michail Kargakis
	unknown [91, 29]
	devel-doc [4, 1]
	documentation [0, 0]
ZTE Corporation ouyang.qinhua@zte.com.cn bruceauyeung
	code [3, 0]
(Unknown) ninkendo@gmail.com Ken Simon
	unknown [38, 21]
VMware bdontu@vmware.com System Administrator
	unknown [669, 210]
	devel-doc [676, 2]
	documentation [0, 0]
(Unknown) harsh@portworx.com Harsh Desai
	unknown [54, 73]
	devel-doc [2, 2]
Heptio timothysc@gmail.com Timothy St. Clair
	unknown [116, 0]
(Unknown) jinsenorita@gmail.com Ginwala
	unknown [2, 2]
Red Hat sjenning@redhat.com Seth Jennings
	unknown [95, 0]
(Unknown) matthew.potter@uswitch.com Matt Potter
	unknown [13, 17]
	devel-doc [1, 0]
(Unknown) kb@itsvit.org kb@itsvit.org
	unknown [17, 20]
	code [5, 1]
	build [2, 2]
(Unknown) xxiaozhou@gmail.com Author xiao-zhou
	unknown [136, 0]
ZTE Corporation jiang.lingxia@zte.com.cn jianglingxia
	devel-doc [2, 2]
Google etune@google.com Eric Tune
IBM seharris@us.ibm.com Steven E. Harris
	unknown [5, 12]
ZTE Corporation wang.bin21@zte.com.cn billy2180
	unknown [4, 4]
Google jmacleod@google.com Jago Macleod
	devel-doc [16, 0]
CoreOS luis.pabon@coreos.com Luis Pabón
	unknown [109, 4]
Fujitsu mashimiao.fnst@cn.fujitsu.com Ma Shimiao
	unknown [1, 3]
Google mwielgus@google.com Marcin Wielgus
	code [2, 2]
Apache jay@apache.org jayunit100
	unknown [75, 45]
ZTE Corporation pu.junqi@zte.com.cn tianshapjq
	unknown [3, 3]
Microsoft bburns@google.com Brendan Burns
	unknown [159, 14]
	documentation [0, 0]
(Unknown) davidewatson@gmail.com David E Watson
	unknown [1, 1]
Amadeus salvatore-dario.minonne@amadeus.com Salvatore Dario Minonne
	unknown [161, 3]
	devel-doc [2, 0]
ZTE Corporation yu.peng36@zte.com.cn yupengzte
	unknown [7, 10]
HP kokhang@gmail.com Steve Leon
	unknown [1, 1]
(Unknown) pc@michali.net Paul Michali
	unknown [81, 9]
(Unknown) sidvin@amazon.com Vinothkumar Siddharth
	code [1, 2]
(Unknown) sky.captin@gmail.com Werner
	unknown [15, 14]
	build [2, 1]
Fujitsu maciaszczykm@users.noreply.github.com Marcin Maciaszczyk
	unknown [1, 1]
Caicloud haoyuan.ge@caicloud.io haoyuan
	unknown [0, 38]
(Unknown) sanderp@q42.nl Sander Ploegsma
	code [1, 1]
Google nikhiljindal@google.com nikhiljindal
	code [3, 0]
Self crazykev@zju.edu.cn Crazykev
	unknown [9, 3]
Atlassian nislamov@atlassian.com Nail Islamov
	unknown [1, 1]
devel-doc 8317 1552
	Google chiachenk@google.com Janet Kuo: [23, 7]
	FathomDB justin@fathomdb.com Justin Santa Barbara: [1, 0]
	Google jgrafton@google.com Jeff Grafton: [37, 33]
	Google mikedanese@google.com Mike Danese: [31, 8]
	Google nicksardo@google.com Nick Sardo: [24, 1]
	CoreOS eric.chiang.m@gmail.com Eric Chiang: [62, 0]
	Tigera casey@tigera.io Casey Davenport: [6, 9]
	Google dashpole@google.com David Ashpole: [632, 6]
	Google owensk@google.com Kenneth Owens: [78, 0]
	Google thockin@google.com Tim Hockin: [6, 2]
	Microsoft doliu@microsoft.com Dong Liu: [51, 1]
	Fujitsu caosf.fnst@cn.fujitsu.com Cao Shufeng: [1, 1]
	Red Hat decarr@redhat.com Derek Carr: [3, 1]
	Google qlee@google.com Quintin Lee: [19, 0]
	Google wojtekt@google.com Wojciech Tyczynski: [6, 5]
	Google zihongz@google.com Zihong Zheng: [9, 48]
	Red Hat stefan.schimanski@gmail.com Dr. Stefan Schimanski: [404, 140]
	Red Hat jliggitt@redhat.com Jordan Liggitt: [386, 10]
	Hyper.sh feiskyer@gmail.com Pengfei Ni: [15, 15]
	Red Hat haowang@redhat.com Haoran Wang: [69, 73]
	Google jinxu@google.com Jing Xu: [3, 0]
	Red Hat shiywang@redhat.com Shiyang Wang: [12, 1]
	Google wasylkowski@google.com Andrzej Wasylkowski: [3, 0]
	Google xuchao@google.com Chao Xu: [1848, 427]
	IBM madaxa@cn.ibm.com Klaus Ma: [117, 18]
	Red Hat ccoleman@redhat.com Clayton Coleman: [395, 100]
	Huawei shashidhara.td@huawei.com shashidharatd: [107, 14]
	Weaveworks lucas@weave.works Lucas Käldström: [14, 2]
	Google enisoc@google.com Anthony Yeh: [234, 157]
	Computer Science and Engineering, IIT Kanpur saksham0808@gmail.com Saksham Sharma: [54, 0]
	Red Hat sross@redhat.com Solly Ross: [2, 0]
	Red Hat danw@redhat.com Dan Winship: [930, 0]
	Microsoft jack.francis@microsoft.com Jack Francis: [3, 0]
	Google sunilarora@google.com Sunil Arora: [4, 0]
	Red Hat deads@redhat.com deads2k: [229, 59]
	Google stclair@google.com Tim St. Clair: [194, 4]
	Google yjhong@google.com Yu-Ju Hong: [6, 1]
	Google cjcullen@google.com CJ Cullen: [0, 5]
	EasyStack fengyun.pan@easystack.cn FengyunPan: [1, 0]
	(Unknown) sdw35@cornell.edu Scott Weiss: [7, 0]
	Google beacham@google.com Jacob Beacham: [35, 3]
	Kelowna admin@toph.ca Christoph Blecker: [75, 238]
	Google ramanathana@google.com Anirudh Ramanathan: [1, 0]
	Self lukasz.szaszkiewicz@gmail.com p0lyn0mial: [28, 50]
	Google mehdy@google.com mbohlool: [838, 65]
	Google shyamjvs@google.com Shyam Jeedigunta: [69, 0]
	Google mtaufen@google.com Michael Taufen: [1, 0]
	IBM xingzhou@cn.ibm.com Xing Zhou: [0, 2]
	Atlassian mmazurskiy@atlassian.com Mikhail Mazurskiy: [2, 0]
	Google mml@google.com Matt Liggett: [1, 0]
	Google cxing@google.com Cheng Xing: [1, 0]
	Caicloud 393926893@qq.com zhengjiajin: [10, 9]
	(Unknown) alberto.garcial@hotmail.com enxebre: [4, 0]
	Fujitsu chenr.fnst@cn.fujitsu.com xilabao: [9, 1]
	Google dbsmith@google.com Daniel Smith: [14, 10]
	Apache jwhitlock@apache.org Jeremy Whitlock: [160, 0]
	EasyStack nickren19@gmail.com NickrenREN: [48, 0]
	Google ygg@google.com Yang Guo: [3, 0]
	Red Hat hchen@redhat.com Huamin Chen: [1, 0]
	VMware divyenp@vmware.com divyenpatel: [2, 0]
	Google jregan@google.com Jeffrey Regan: [43, 5]
	Google dvorak@google.com Jonathan MacMillan: [3, 0]
	Google ahmetb@google.com Ahmet Alp Balkan: [194, 0]
	Red Hat hchiramm@redhat.com Humble Chirammal: [18, 4]
	Google gmarek@google.com gmarek: [3, 0]
	Google jacobsimpson@google.com Jacob Simpson: [1, 0]
	Self nikitaraghunath@gmail.com Nikhita Raghunath: [2, 0]
	jobandtalent agonzalezro@gmail.com Álex González: [1, 1]
	Google bowei@google.com Bowei Du: [1, 1]
	Google abw@google.com Adam Worrall: [1, 0]
	Self artmr@lsd.ufcg.edu.br Arthur Miranda: [2, 0]
	Google msau@google.com Michelle Au: [2, 0]
	ASG Consulting andy.goldstein@gmail.com Andy Goldstein: [11, 5]
	(Unknown) emaildanwilson@gmail.com emaildanwilson: [2, 0]
	Red Hat marun@redhat.com Maru Newby: [2, 3]
	Red Hat mkargaki@redhat.com Michail Kargakis: [4, 1]
	VMware bdontu@vmware.com System Administrator: [676, 2]
	(Unknown) harsh@portworx.com Harsh Desai: [2, 2]
	(Unknown) matthew.potter@uswitch.com Matt Potter: [1, 0]
	ZTE Corporation jiang.lingxia@zte.com.cn jianglingxia: [2, 2]
	Google jmacleod@google.com Jago Macleod: [16, 0]
	Amadeus salvatore-dario.minonne@amadeus.com Salvatore Dario Minonne: [2, 0]
code 1006 342
	Google chiachenk@google.com Janet Kuo: [59, 7]
	Google jgrafton@google.com Jeff Grafton: [8, 3]
	Google mikedanese@google.com Mike Danese: [4, 5]
	Google dashpole@google.com David Ashpole: [1, 5]
	Google thockin@google.com Tim Hockin: [3, 0]
	Fujitsu caosf.fnst@cn.fujitsu.com Cao Shufeng: [33, 8]
	Google wfender@google.com Walter Fender: [87, 7]
	Google wojtekt@google.com Wojciech Tyczynski: [0, 29]
	Red Hat stefan.schimanski@gmail.com Dr. Stefan Schimanski: [34, 31]
	Red Hat jliggitt@redhat.com Jordan Liggitt: [17, 3]
	Hyper.sh feiskyer@gmail.com Pengfei Ni: [2, 2]
	Red Hat haowang@redhat.com Haoran Wang: [1, 1]
	Canonical chuck@dasroot.net Charles Butler: [2, 1]
	Red Hat shiywang@redhat.com Shiyang Wang: [1, 1]
	Google xuchao@google.com Chao Xu: [4, 17]
	Red Hat ccoleman@redhat.com Clayton Coleman: [21, 14]
	Huawei shashidhara.td@huawei.com shashidharatd: [1, 12]
	Google madhusudancs@google.com Madhusudan.C.S: [49, 11]
	Google enisoc@google.com Anthony Yeh: [118, 5]
	Red Hat sross@redhat.com Solly Ross: [1, 1]
	Self taotaotheripper@gmail.com Random-Liu: [2, 2]
	Red Hat deads@redhat.com deads2k: [95, 14]
	Google stclair@google.com Tim St. Clair: [8, 1]
	Google cjcullen@google.com CJ Cullen: [8, 0]
	DaoCloud baofa.fan@daocloud.io carlory: [1, 1]
	Kelowna admin@toph.ca Christoph Blecker: [10, 9]
	Google ramanathana@google.com Anirudh Ramanathan: [18, 4]
	Canonical george.kraft@canonical.com George Kraft: [3, 0]
	Google mehdy@google.com mbohlool: [1, 1]
	Google shyamjvs@google.com Shyam Jeedigunta: [82, 37]
	Google vishnuk@google.com Vishnu kannan: [39, 23]
	Fujitsu chenr.fnst@cn.fujitsu.com xilabao: [2, 2]
	Google kumaraji@google.com Ajit Kumar: [6, 0]
	Apache jwhitlock@apache.org Jeremy Whitlock: [108, 0]
	Google senlu@google.com Sen Lu: [2, 2]
	Google gmarek@google.com gmarek: [8, 3]
	Intel stanislaw.szydlo@intel.com Stanisław Szydło: [2, 2]
	Google campbellalex@google.com Alexander Campbell: [37, 19]
	Google bowei@google.com Bowei Du: [66, 27]
	ASG Consulting andy.goldstein@gmail.com Andy Goldstein: [35, 22]
	Red Hat mkhan@redhat.com Monis Khan: [12, 4]
	ZTE Corporation ouyang.qinhua@zte.com.cn bruceauyeung: [3, 0]
	(Unknown) kb@itsvit.org kb@itsvit.org: [5, 1]
	Google mwielgus@google.com Marcin Wielgus: [2, 2]
	(Unknown) sidvin@amazon.com Vinothkumar Siddharth: [1, 2]
	(Unknown) sanderp@q42.nl Sander Ploegsma: [1, 1]
	Google nikhiljindal@google.com nikhiljindal: [3, 0]
unknown 113026 45808
	Google chiachenk@google.com Janet Kuo: [3043, 1420]
	IBM cmluciano@us.ibm.com Christopher M. Luciano: [9, 2]
	FathomDB justin@fathomdb.com Justin Santa Barbara: [148, 3]
	Google jgrafton@google.com Jeff Grafton: [65, 40]
	Google mikedanese@google.com Mike Danese: [376, 511]
	Google dawnchen@google.com Dawn Chen: [28, 127]
	Google nicksardo@google.com Nick Sardo: [2040, 635]
	CoreOS eric.chiang.m@gmail.com Eric Chiang: [863, 33]
	Tigera casey@tigera.io Casey Davenport: [113, 34]
	Google dashpole@google.com David Ashpole: [755, 576]
	Google owensk@google.com Kenneth Owens: [5541, 644]
	Red Hat mawong@redhat.com Matthew Wong: [236, 61]
	Google thockin@google.com Tim Hockin: [144, 122]
	Microsoft doliu@microsoft.com Dong Liu: [523, 106]
	Google agarwalrohit@google.com Rohit Agarwal: [42, 4]
	Hyper.sh harryz@hyper.sh Harry Zhang: [2, 2]
	Fujitsu caosf.fnst@cn.fujitsu.com Cao Shufeng: [471, 70]
	zlabjp kazuki.suda@gmail.com Kazuki Suda: [12, 2]
	Red Hat decarr@redhat.com Derek Carr: [325, 130]
	IBM gyliu513@gmail.com Guangya Liu: [112, 42]
	Self andy.xning@gmail.com Andy Xie: [3, 28]
	Hitachi Data Systems mitsuhiro.tanino@hds.com mtanino: [154, 74]
	Google wfender@google.com Walter Fender: [87, 56]
	Google qlee@google.com Quintin Lee: [166, 88]
	Google wojtekt@google.com Wojciech Tyczynski: [1115, 932]
	Google zihongz@google.com Zihong Zheng: [1117, 798]
	Red Hat stefan.schimanski@gmail.com Dr. Stefan Schimanski: [2302, 995]
	Red Hat jliggitt@redhat.com Jordan Liggitt: [4294, 900]
	(Unknown) kynan.rilee@gmail.com ublubu: [220, 8]
	Hyper.sh feiskyer@gmail.com Pengfei Ni: [57, 57]
	Red Hat haowang@redhat.com Haoran Wang: [11, 32]
	Red Hat hekumar@redhat.com Hemant Kumar: [24, 27]
	Google jinxu@google.com Jing Xu: [1307, 91]
	Red Hat shiywang@redhat.com Shiyang Wang: [314, 2]
	ZTE Corporation zhang.wanmin@zte.com.cn William Chang: [134, 0]
	Google wasylkowski@google.com Andrzej Wasylkowski: [87, 32]
	Google xuchao@google.com Chao Xu: [10788, 640]
	IBM madaxa@cn.ibm.com Klaus Ma: [360, 150]
	Red Hat ccoleman@redhat.com Clayton Coleman: [11304, 2260]
	CoreOS dan.gillespie@coreos.com Dan Gillespie: [4, 3]
	Red Hat avagarwa@redhat.com Avesh Agarwal: [59, 3]
	Huawei shashidhara.td@huawei.com shashidharatd: [215, 158]
	Weaveworks lucas@weave.works Lucas Käldström: [297, 75]
	Huawei quinton.hoole@huawei.com Quinton Hoole: [2, 0]
	Google madhusudancs@google.com Madhusudan.C.S: [28, 1]
	Google enisoc@google.com Anthony Yeh: [277, 48]
	Computer Science and Engineering, IIT Kanpur saksham0808@gmail.com Saksham Sharma: [718, 56]
	Red Hat sross@redhat.com Solly Ross: [1092, 54]
	Red Hat danw@redhat.com Dan Winship: [5841, 251]
	Microsoft jack.francis@microsoft.com Jack Francis: [626, 145]
	Self taotaotheripper@gmail.com Random-Liu: [61, 26]
	Google sunilarora@google.com Sunil Arora: [306, 90]
	Red Hat deads@redhat.com deads2k: [4673, 2919]
	Google stclair@google.com Tim St. Clair: [1538, 202]
	Google yjhong@google.com Yu-Ju Hong: [7995, 5534]
	Google cjcullen@google.com CJ Cullen: [118, 26]
	Red Hat vsemushi@redhat.com Slava Semushin: [4, 3]
	EasyStack fengyun.pan@easystack.cn FengyunPan: [208, 84]
	(Unknown) stuart.warren@ocado.com stuart.warren: [7, 7]
	(Unknown) sdw35@cornell.edu Scott Weiss: [461, 0]
	DaoCloud baofa.fan@daocloud.io carlory: [10, 7]
	Google beacham@google.com Jacob Beacham: [334, 12]
	Kelowna admin@toph.ca Christoph Blecker: [1724, 3105]
	Google maciekpytel@google.com Maciej Pytel: [11, 8]
	Google jeffml@google.com Jeff Lowdermilk: [1, 1]
	Google ramanathana@google.com Anirudh Ramanathan: [338, 50]
	(Unknown) luk.burchard@gmail.com realfake: [76, 3]
	Self lukasz.szaszkiewicz@gmail.com p0lyn0mial: [321, 250]
	Airbnb ricky.pai@airbnb.com Ricky Pai: [54, 1]
	ZTE Corporation zhang.xiaoyu33@zte.com.cn zhangxiaoyu-zidif: [111, 43]
	Google pwittroc+github@google.com Phillip Wittrock: [5, 0]
	Google mehdy@google.com mbohlool: [6131, 3722]
	Google shyamjvs@google.com Shyam Jeedigunta: [1302, 113]
	Google mikewu@google.com Ke Wu: [2, 2]
	VMware gkuncoro@vmware.com Giri Kuncoro: [10247, 10110]
	Google mtaufen@google.com Michael Taufen: [6, 5]
	Google vmik@google.com Mik Vyatskov: [72, 5]
	(Unknown) licl@primeton.com lichunlong: [96, 52]
	IBM xingzhou@cn.ibm.com Xing Zhou: [2, 24]
	Atlassian mmazurskiy@atlassian.com Mikhail Mazurskiy: [172, 20]
	Google mml@google.com Matt Liggett: [10, 1]
	Google vishnuk@google.com Vishnu kannan: [8, 8]
	Google dnardo@google.com Daniel Nardo: [46, 1]
	Google cxing@google.com Cheng Xing: [120, 9]
	Google grod@google.com Garrett Rodrigues: [2, 0]
	(Unknown) marton.natko@gmail.com n-marton: [9, 0]
	Caicloud 393926893@qq.com zhengjiajin: [660, 86]
	(Unknown) alberto.garcial@hotmail.com enxebre: [339, 0]
	Fujitsu chenr.fnst@cn.fujitsu.com xilabao: [570, 21]
	Self stephenhsu90@gmail.com Di Xu: [11, 23]
	Google dbsmith@google.com Daniel Smith: [782, 1065]
	Google mengqiy@google.com ymqytw: [6187, 1531]
	Cockroach alexdwanerobinson@gmail.com Alex Robinson: [5, 2]
	Apache jwhitlock@apache.org Jeremy Whitlock: [1601, 0]
	Google fangyuhao@gmail.com x1957: [3, 1]
	EasyStack nickren19@gmail.com NickrenREN: [245, 115]
	IBM vaibhavs@us.ibm.com vaibhavsood: [13, 4]
	(Unknown) talk.to.waseem@gmail.com Waseem Ahmad: [182, 96]
	(Unknown) tnozicka@gmail.com Tomas Nozicka: [2, 0]
	ZTE Corporation zhao.xiangpeng@zte.com.cn xiangpengzhao: [30, 3]
	Google ygg@google.com Yang Guo: [634, 2]
	Red Hat hchen@redhat.com Huamin Chen: [83, 47]
	VMware divyenp@vmware.com divyenpatel: [592, 413]
	Google jregan@google.com Jeffrey Regan: [56, 55]
	Google dvorak@google.com Jonathan MacMillan: [265, 62]
	Google ahmetb@google.com Ahmet Alp Balkan: [1620, 1422]
	Red Hat hchiramm@redhat.com Humble Chirammal: [371, 263]
	Google gmarek@google.com gmarek: [28, 13]
	CoreOS abhinav.dahiya@coreos.com Abhinav Dahiya: [1, 1]
	Red Hat ffranz@redhat.com Fabiano Franz: [7, 1]
	Google jacobsimpson@google.com Jacob Simpson: [167, 63]
	(Unknown) fabrizio.pandini@gmail.com fabriziopandini: [30, 30]
	Intel stanislaw.szydlo@intel.com Stanisław Szydło: [1, 1]
	(Unknown) horwitzja@gmail.com Josh Horwitz: [22, 0]
	Self nikitaraghunath@gmail.com Nikhita Raghunath: [354, 49]
	(Unknown) yasstij11@gmail.com Yassine TIJANI: [4, 7]
	Red Hat xychu2008@gmail.com Ethan Chu: [47, 20]
	Google campbellalex@google.com Alexander Campbell: [144, 68]
	Tencent jungong@tencent.com Jun Gong: [3, 1]
	Google bowei@google.com Bowei Du: [11, 7]
	Google abw@google.com Adam Worrall: [115, 9]
	Self artmr@lsd.ufcg.edu.br Arthur Miranda: [298, 0]
	Google msau@google.com Michelle Au: [355, 5]
	(Unknown) bvanzant@brkt.com Bob Van Zant: [22, 11]
	ASG Consulting andy.goldstein@gmail.com Andy Goldstein: [462, 103]
	Weaveworks bryan@weave.works Bryan Boreham: [0, 2]
	EasyStack yunxian.guo@easystack.cn guoyunxian: [0, 2]
	ZTE Corporation li.xiaobing1@zte.com.cn lixiaobing1: [4, 1]
	JD.COM ailusazh@126.com ailusazh: [1, 1]
	(Unknown) emaildanwilson@gmail.com emaildanwilson: [153, 42]
	Red Hat mkhan@redhat.com Monis Khan: [89, 19]
	Red Hat marun@redhat.com Maru Newby: [157, 628]
	CoreOS alex.crawford@coreos.com Alex Crawford: [3, 3]
	Universidade Federal de Campina Grande henrique@lsd.ufcg.edu.br Henrique Truta: [1, 1]
	Red Hat mkargaki@redhat.com Michail Kargakis: [91, 29]
	(Unknown) ninkendo@gmail.com Ken Simon: [38, 21]
	VMware bdontu@vmware.com System Administrator: [669, 210]
	(Unknown) harsh@portworx.com Harsh Desai: [54, 73]
	Heptio timothysc@gmail.com Timothy St. Clair: [116, 0]
	(Unknown) jinsenorita@gmail.com Ginwala: [2, 2]
	Red Hat sjenning@redhat.com Seth Jennings: [95, 0]
	(Unknown) matthew.potter@uswitch.com Matt Potter: [13, 17]
	(Unknown) kb@itsvit.org kb@itsvit.org: [17, 20]
	(Unknown) xxiaozhou@gmail.com Author xiao-zhou: [136, 0]
	IBM seharris@us.ibm.com Steven E. Harris: [5, 12]
	ZTE Corporation wang.bin21@zte.com.cn billy2180: [4, 4]
	CoreOS luis.pabon@coreos.com Luis Pabón: [109, 4]
	Fujitsu mashimiao.fnst@cn.fujitsu.com Ma Shimiao: [1, 3]
	Apache jay@apache.org jayunit100: [75, 45]
	ZTE Corporation pu.junqi@zte.com.cn tianshapjq: [3, 3]
	Microsoft bburns@google.com Brendan Burns: [159, 14]
	(Unknown) davidewatson@gmail.com David E Watson: [1, 1]
	Amadeus salvatore-dario.minonne@amadeus.com Salvatore Dario Minonne: [161, 3]
	ZTE Corporation yu.peng36@zte.com.cn yupengzte: [7, 10]
	HP kokhang@gmail.com Steve Leon: [1, 1]
	(Unknown) pc@michali.net Paul Michali: [81, 9]
	(Unknown) sky.captin@gmail.com Werner: [15, 14]
	Fujitsu maciaszczykm@users.noreply.github.com Marcin Maciaszczyk: [1, 1]
	Caicloud haoyuan.ge@caicloud.io haoyuan: [0, 38]
	Self crazykev@zju.edu.cn Crazykev: [9, 3]
	Atlassian nislamov@atlassian.com Nail Islamov: [1, 1]
image 0 0
	Kelowna admin@toph.ca Christoph Blecker: [0, 0]
documentation 44 17
	Google chiachenk@google.com Janet Kuo: [0, 0]
	Google mikedanese@google.com Mike Danese: [1, 0]
	CoreOS eric.chiang.m@gmail.com Eric Chiang: [2, 0]
	Google owensk@google.com Kenneth Owens: [0, 0]
	Google thockin@google.com Tim Hockin: [0, 0]
	Fujitsu caosf.fnst@cn.fujitsu.com Cao Shufeng: [1, 9]
	IBM gyliu513@gmail.com Guangya Liu: [0, 0]
	Red Hat jliggitt@redhat.com Jordan Liggitt: [0, 0]
	Hyper.sh feiskyer@gmail.com Pengfei Ni: [8, 8]
	Google jinxu@google.com Jing Xu: [0, 0]
	Google xuchao@google.com Chao Xu: [0, 0]
	IBM madaxa@cn.ibm.com Klaus Ma: [0, 0]
	Red Hat ccoleman@redhat.com Clayton Coleman: [0, 0]
	Red Hat sross@redhat.com Solly Ross: [0, 0]
	Red Hat danw@redhat.com Dan Winship: [0, 0]
	Google cjcullen@google.com CJ Cullen: [1, 0]
	Kelowna admin@toph.ca Christoph Blecker: [0, 0]
	Google ramanathana@google.com Anirudh Ramanathan: [1, 0]
	Google shyamjvs@google.com Shyam Jeedigunta: [1, 0]
	Caicloud 393926893@qq.com zhengjiajin: [0, 0]
	Google ahmetb@google.com Ahmet Alp Balkan: [0, 0]
	Google jacobsimpson@google.com Jacob Simpson: [1, 0]
	Google campbellalex@google.com Alexander Campbell: [21, 0]
	Self artmr@lsd.ufcg.edu.br Arthur Miranda: [3, 0]
	Google msau@google.com Michelle Au: [0, 0]
	ASG Consulting andy.goldstein@gmail.com Andy Goldstein: [2, 0]
	Red Hat marun@redhat.com Maru Newby: [2, 0]
	Red Hat mkargaki@redhat.com Michail Kargakis: [0, 0]
	VMware bdontu@vmware.com System Administrator: [0, 0]
	Microsoft bburns@google.com Brendan Burns: [0, 0]
ui 10 6
	Google jgrafton@google.com Jeff Grafton: [3, 0]
	Google mikedanese@google.com Mike Danese: [7, 6]
build 1694 1587
	Google jgrafton@google.com Jeff Grafton: [6, 3]
	Google mikedanese@google.com Mike Danese: [1303, 1526]
	Google nicksardo@google.com Nick Sardo: [10, 0]
	Tigera casey@tigera.io Casey Davenport: [121, 16]
	Google thockin@google.com Tim Hockin: [2, 0]
	Google wfender@google.com Walter Fender: [19, 0]
	Google wojtekt@google.com Wojciech Tyczynski: [3, 3]
	Red Hat ccoleman@redhat.com Clayton Coleman: [1, 1]
	Self taotaotheripper@gmail.com Random-Liu: [2, 2]
	Google stclair@google.com Tim St. Clair: [184, 20]
	Google cjcullen@google.com CJ Cullen: [12, 6]
	Kelowna admin@toph.ca Christoph Blecker: [2, 2]
	Canonical george.kraft@canonical.com George Kraft: [12, 0]
	Google shyamjvs@google.com Shyam Jeedigunta: [0, 0]
	Google dnardo@google.com Daniel Nardo: [3, 0]
	Google kumaraji@google.com Ajit Kumar: [7, 2]
	ZTE Corporation zhao.xiangpeng@zte.com.cn xiangpengzhao: [2, 2]
	Intel stanislaw.szydlo@intel.com Stanisław Szydło: [1, 1]
	(Unknown) kb@itsvit.org kb@itsvit.org: [2, 2]
	(Unknown) sky.captin@gmail.com Werner: [2, 1]
translation 185 6
	ZTE Corporation zhang.wanmin@zte.com.cn William Chang: [89, 0]
	VMware gkuncoro@vmware.com Giri Kuncoro: [93, 1]
	Fujitsu chenr.fnst@cn.fujitsu.com xilabao: [3, 5]
devel-doc 8317 1552
code 1006 342
unknown 113026 45808
image 0 0
documentation 44 17
ui 10 6
build 1694 1587
translation 185 6
