Filter on "^vendor/|/vendor/"
open output file /Users/lukasz/dev/cncf/gitdm/other_repos/kubernetes_range_unknown_2016-07-01_2016-08-01.csv

(Unknown) unknown@hacker.net Unknown hacker
Red Hat bbennett@redhat.com Benjamin Bennett
	unknown [263, 150]
	devel-doc [46, 0]
Red Hat mkargaki@redhat.com Michail Kargakis
	unknown [405, 91]
	devel-doc [0, 1]
Mirantis vefimova@mirantis.com vefimova
	unknown [385, 63]
ZTE Corporation zhao.xiangpeng@zte.com.cn xiangpengzhao
	unknown [106, 64]
	code [83, 0]
	build [186, 5]
Google quinton@google.com Quinton Hoole
	unknown [309, 85]
Google filipg@google.com Filip Grzadkowski
	unknown [267, 0]
	code [305, 184]
Google me@jessfraz.com Jess Frazelle
	unknown [480, 243]
	devel-doc [3, 3]
	code [103, 9]
	build [2, 2]
Google pszczesniak@google.com Piotr Szczesniak
	unknown [117, 0]
(Unknown) zhaohuizhi@gmail.com Hui-Zhi
	unknown [10, 1]
FathomDB justin@fathomdb.com Justin Santa Barbara
	code [4, 4]
	unknown [1554, 1009]
	devel-doc [12, 14]
	documentation [0, 0]
	build [3, 2]
IBM dims@linux.vnet.ibm.com Davanum Srinivas
	unknown [1178, 2464]
	devel-doc [1, 8]
	code [33, 1]
	build [8, 8]
	documentation [3, 2]
Google wojtekt@google.com Wojciech Tyczynski
	unknown [3531, 4218]
	devel-doc [5, 15]
	code [15, 29]
	build [0, 2]
	documentation [2, 4]
CNM Consulting clove@cnmconsulting.net chrislovecnm
	unknown [543, 115]
	devel-doc [342, 64]
	code [152, 67]
	build [7, 5]
	documentation [5, 3]
ZTE Corporation lu.zhenxing@zte.com.cn lojies
	unknown [17, 13]
	code [2, 0]
Microsoft bburns@google.com Brendan Burns
	unknown [354, 84]
	code [51, 3]
ZTE Corporation wang.ping5@zte.com.cn PingWang
	unknown [103, 86]
Google madhusudancs@google.com Madhusudan.C.S
	unknown [346, 11]
	devel-doc [61, 0]
	code [334, 126]
	build [46, 20]
	documentation [12, 0]
Google mtaufen@google.com Michael Taufen
	unknown [947, 940]
eBay fmeng@ebay.com mfanjie
	unknown [1596, 1209]
Apcera peter.miron@apcera.com Peter Miron
	unknown [11, 0]
Red Hat hchen@redhat.com Huamin Chen
	unknown [1528, 2]
	devel-doc [51, 0]
	documentation [0, 0]
Self aledbf@gmail.com Manuel de Brito Fontes
	unknown [171, 38]
	code [45, 0]
	build [6, 6]
Self jianhui@outlook.com jianhuiz
	unknown [1085, 20]
	code [2, 2]
Google mixia@google.com Minhan Xia
	unknown [58, 56]
	devel-doc [1063, 1063]
	build [2, 2]
Google buddhap@google.com dubstack
	unknown [582, 176]
	devel-doc [199, 0]
	code [20, 6]
CoreOS eric.chiang@coreos.com Eric Chiang
	unknown [430, 147]
Red Hat ccoleman@redhat.com Clayton Coleman
	unknown [1516, 838]
	code [1, 1]
Self rodrigo@sdfg.com.ar Rodrigo Campos
	unknown [1708, 313]
Google etune@google.com Eric Tune
	unknown [10, 10]
	devel-doc [69, 15]
	documentation [0, 0]
Red Hat avagarwa@redhat.com Avesh Agarwal
	unknown [151, 33]
	code [15, 0]
Alternative Storage nakayamakenjiro@gmail.com Kenjiro Nakayama
	unknown [5, 15]
Self sander@xanzy.io Sander van Harmelen
	unknown [749, 427]
	devel-doc [209, 0]
Google thockin@google.com Tim Hockin
	unknown [1267, 340]
	devel-doc [1, 1]
	code [104, 19]
	build [538, 515]
	documentation [1, 0]
Bulletproof gus@inodes.org Angus Lees
	unknown [73, 43]
	devel-doc [398, 0]
Google stclair@google.com Tim St. Clair
	unknown [834, 5]
	devel-doc [65, 39]
Red Hat jchaloup@redhat.com Jan Chaloupka
	unknown [31, 18]
	documentation [1, 0]
Google jgrafton@google.com Jeff Grafton
	unknown [1, 1]
	code [11, 0]
Google vishnuk@google.com Vishnu kannan
	unknown [604, 268]
	devel-doc [306, 24]
	code [10, 4]
	build [1, 0]
Google fejta@google.com Erick Fejta
	unknown [327, 100]
	code [113, 242]
	documentation [3, 1]
CoreOS xiangli.cs@gmail.com Xiang Li
	unknown [249, 261]
Red Hat sjenning@redhat.com Seth Jennings
	unknown [66, 47]
Red Hat tstclair@redhat.com Timothy St. Clair
	unknown [965, 582]
	devel-doc [295, 245]
	code [8, 8]
Google xuchao@google.com Chao Xu
	unknown [1055, 407]
	documentation [0, 0]
Red Hat decarr@redhat.com derekwaynecarr
	unknown [1469, 292]
	documentation [1, 0]
Jaconda ant.mironov@gmail.com Anton Mironov
	unknown [70, 42]
	code [5, 4]
Google ronl@google.com Ron Lai
	unknown [1289, 854]
ZTE Corporation li.xiaobing1@zte.com.cn lixiaobing10051267
	unknown [51, 36]
Google chiachenk@google.com Janet Kuo
	unknown [333, 157]
Self taotaotheripper@gmail.com Random-Liu
	code [38, 19]
	unknown [839, 1681]
	documentation [8, 8]
Red Hat jvallejo@redhat.com juanvallejo
	unknown [161, 205]
ZTE Corporation zhang.ke106@zte.com.cn Ke Zhang
	unknown [62, 10]
	documentation [1, 0]
VMware shivania@vmware.com Abrar Shivani
	unknown [134, 67]
Red Hat deads@redhat.com deads2k
	unknown [3451, 541]
	devel-doc [6, 6]
	code [14, 6]
Intel pawel.skrzynski@intel.com Pawel Skrzynski
	unknown [16, 3]
Red Hat pmorie@redhat.com Paul Morie
	unknown [2816, 2270]
	code [54, 29]
Google yjhong@google.com Yu-Ju Hong
	unknown [1373, 73]
Red Hat maszulik@redhat.com Maciej Szulik
	unknown [92, 244]
	code [3, 8]
	build [2, 0]
Google krousey@google.com Kris
	unknown [307, 0]
Google zhoufang@google.com Zhou Fang
	unknown [1370, 173]
	devel-doc [198, 0]
	code [1, 2]
Google jsz@google.com Jerzy Szczepkowski
	unknown [17, 40]
	devel-doc [36, 2]
	code [2, 22]
	build [64, 8]
IBM fraenkel@us.ibm.com Michael Fraenkel
	unknown [32, 32]
	code [11, 11]
Google gmarek@google.com gmarek
	unknown [2835, 1529]
	code [7, 5]
	build [1, 1]
Hyper.sh feiskyer@gmail.com Pengfei Ni
	unknown [534, 0]
Google rmmh@google.com Ryan Hitchman
	unknown [1199, 319]
	code [192, 50]
Apprenda abrand@apprenda.com abrand
	unknown [589, 1]
	documentation [9, 0]
Hyper.sh harryz@hyper.sh Harry Zhang
	unknown [258, 211]
Apache jay@apache.org jayunit100
	unknown [0, 5]
	code [2, 9]
Google djmm@google.com David McMahon
	unknown [1, 4]
	devel-doc [609, 257]
	code [39, 5]
Google wonderfly@google.com Daniel Wang
	code [37, 21]
Clarifai rudi@clarifai.com Rudi Chiarito
	unknown [198, 32]
IBM klaus1982.cn@gmail.com Klaus Ma
	unknown [12, 11]
Google ramanathana@google.com foxish
	unknown [290, 2]
Red Hat bchilds@redhat.com childsb
	unknown [2168, 1]
	devel-doc [1, 0]
	code [25, 0]
	documentation [0, 0]
Google beeps@google.com Prashanth Balasubramanian
	unknown [136, 45]
	code [13, 9]
	build [15, 11]
Mirantis akurilin@mirantis.com Andrey Kurilin
	unknown [5, 4]
Weaveworks bryan@weave.works Bryan Boreham
	unknown [32, 19]
	build [7, 7]
Google lantaol@google.com Lantao Liu
	unknown [248, 188]
	devel-doc [280, 23]
(Unknown) lparam@users.noreply.github.com lparam
	code [1, 0]
Google dbsmith@google.com Daniel Smith
	unknown [143, 479]
	devel-doc [1, 18]
	code [0, 1]
	build [1, 32]
Google dawnchen@google.com Dawn Chen
Google cjcullen@google.com CJ Cullen
	unknown [3, 0]
	code [3, 0]
	build [26, 10]
Mirantis ivan4th@gmail.com Ivan Shvedunov
	unknown [163, 40]
	code [18, 10]
Huawei wangzefeng@huawei.com Kevin
	unknown [256, 190]
ZTE Corporation dong.xiugang20@zte.com.cn DongXiugang
	unknown [1, 1]
Microsoft cole.mickens@gmail.com Cole Mickens
	unknown [48, 14]
	devel-doc [1216, 0]
	code [7, 11]
CoreOS pb@coreos.com Patrick Baxter
	unknown [10, 2]
(Unknown) 03cranec@users.noreply.github.com Chris Crane
	unknown [153, 7]
	devel-doc [63, 7]
Red Hat sttts@redhat.com Dr. Stefan Schimanski
	unknown [11649, 9062]
	documentation [4, 0]
Net EASE 网易有态度 coolhzb@163.com AdoHe
	unknown [18, 9]
Google matt.proud@gmail.com Matt T. Proud
	unknown [21, 15]
Georgia Tech anish@gatech.edu Anish Bhatt
	unknown [79, 9]
IBM mbauer@us.ibm.com Morgan Bauer
	unknown [30, 11]
Sourcegraph.com keegan.csmith@gmail.com Keegan Carruthers-Smith
	devel-doc [1, 1]
CoreOS hongchaodeng1@gmail.com Hongchao Deng
	unknown [218, 164]
	devel-doc [2, 2]
	code [8, 8]
Rook lucas.kaldstrom@hotmail.co.uk Lucas Käldström
	unknown [402, 427]
	devel-doc [7, 0]
	build [24, 6]
CoreOS quentin.machu@coreos.com Quentin Machu
	unknown [1, 1]
Google saadali@google.com saadali
	unknown [1267, 208]
Google fabioy@google.com fabioy
	devel-doc [12, 1]
Google mwielgus@google.com Marcin Wielgus
	unknown [617, 11]
Red Hat mawong@redhat.com Matthew Wong
	unknown [889, 209]
CoreOS euank@coreos.com Euan Kemp
	unknown [258, 81]
	code [2, 2]
	documentation [1, 0]
Embedded Systems, ECE apelisse@gmail.com Antoine Pelisse
	unknown [302, 320]
	devel-doc [23, 280]
	code [1, 6]
Net EASE 网易有态度 hzwangxing@corp.netease.com Wang Xing
	unknown [0, 4]
Red Hat mtayer@redhat.com Mooli Tayer
	code [1, 1]
Nordstrom dhawal55@gmail.com Dhawal Patel
	unknown [1, 16]
IBM ramitsurana@gmail.com Ramit Surana
	devel-doc [7, 4]
Google mikedanese@gmail.com Mike Danese
	unknown [2, 2]
	devel-doc [3, 3]
	code [8, 9]
	build [2, 2]
Google nikhiljindal@google.com nikhiljindal
	unknown [19, 19]
Google zml@google.com Zach Loafman
	code [8, 5]
	build [19, 3]
Red Hat agoldste@redhat.com Andy Goldstein
	unknown [287, 135]
(Unknown) albatross0@gmail.com albatross0
	unknown [3, 3]
Red Hat jimmidyson@gmail.com Jimmi Dyson
	unknown [1, 13]
(Unknown) slowlight@yeah.net Tong
	unknown [2, 2]
Codigami aps.sids@gmail.com Amanpreet Singh
	unknown [1, 1]
Google magorzata@google.com mksalawa
	unknown [29, 14]
Red Hat kevensen@redhat.com Kenneth D. Evensen
	unknown [23, 8]
Google pwittroc+github@google.com Phillip Wittrock
Allegro mrostecki@mirantis.com Michal Rostecki
	unknown [32, 5]
CoreOS george.tankersley@coreos.com George Tankersley
Red Hat mfojtik@redhat.com Michal Fojtik
	unknown [5, 1]
Mirantis spyzalski@mirantis.com Szymon Pyżalski
	devel-doc [9, 1]
ZTE Corporation wang.kanghua@zte.com.cn Kevin Wang
	unknown [10, 16]
Clarifai therc@users.noreply.github.com Rudi C
	code [3, 3]
Google ciwang@google.com Cindy Wang
	unknown [227, 25]
Google adityakali@google.com Aditya Kali
	build [16, 3]
CoreOS yifan.gu@coreos.com Yifan Gu
	unknown [27, 15]
Google maisem@google.com Maisem Ali
	code [18, 7]
Red Hat tnguyen@redhat.com Thien-Thi Nguyen
	unknown [1, 1]
Google mml@google.com Matt Liggett
	unknown [124, 117]
Red Hat runcom@redhat.com Antonio Murdaca
	unknown [59, 2]
Ammeon joe2farrell@gmail.com joe2far
	unknown [2050, 1990]
	devel-doc [412, 412]
Google foxish@users.noreply.github.com Anirudh Ramanathan
	devel-doc [1, 2]
Red Hat jliggitt@redhat.com Jordan Liggitt
	unknown [125, 19]
Red Hat charlie@charliedrage.com Charlie Drage
	unknown [1, 1]
Red Hat asalkeld@mirantis.com Angus Salkeld
	unknown [705, 340]
	devel-doc [4, 6]
	code [7, 0]
	documentation [3, 0]
(Unknown) ziyadbasheer213@gmail.com ziyadbasheer
	unknown [2, 2]
Red Hat jsafrane@redhat.com Jan Safranek
	unknown [518, 32]
IBM mspreitz@us.ibm.com Mike Spreitzer
	unknown [4, 2]
IBM brownwm@us.ibm.com Mike Brown
	unknown [8, 2]
	code [9, 1]
	build [11, 1]
Mirantis lukaszoles@gmail.com Łukasz Oleś
	unknown [116, 63]
GoDaddy silas@godaddy.com Silas Boyd-Wickizer
	code [3, 1]
Aperian Global aaronjlevy@gmail.com Aaron Levy
	unknown [11, 1]
Red Hat mturansk@redhat.com markturansky
	unknown [19, 11]
(Unknown) development@advance-leap.com Adrian Ursu
	unknown [0, 1]
(Unknown) doug@zenly.co.uk Douglas Gibbons
	devel-doc [2, 1]
	code [1, 0]
inovex GmbH johannes.scheuermann@inovex.de Johannes Scheuermann
	unknown [5, 5]
(Unknown) mulloymorrow@users.noreply.github.com Mulloy Morrow
	devel-doc [1, 1]
Fujitsu christoph.held@est.fujitsu.com Christoph Held
	unknown [3, 0]
	build [12, 0]
Google mrubin@google.com Michael Rubin
	unknown [0, 3]
SalesForce lorrin.nelson@salesforce.com Lorrin Nelson
	code [8, 4]
(Unknown) allenmiller@users.noreply.github.com allenmiller
	unknown [1, 1]
Google arob@google.com Alex Robinson
	unknown [0, 40335]
	image [0, 9564]
	devel-doc [0, 40]
Tigera casey@tigera.io Casey Davenport
	unknown [901, 0]
	code [2, 14]
(Unknown) ancosen@gmail.com Andrea Cosentino
	devel-doc [1, 1]
BENGLER alex@bengler.no Alexander Staubo
	unknown [1, 1]
Bluescape elyscape@gmail.com Eli Young
	unknown [3, 2]
Google krousey@users.noreply.github.com krousey
	unknown [14, 18]
Return Path aaron.mills@returnpath.com Aaron Mills
	unknown [7, 7]
Endocode anton@endocode.com Anton Khramov
	code [7, 7]
(Unknown) meng.mobile@gmail.com Liyi Meng
	unknown [1, 1]
NotFound 837829664@qq.com timchenxiaoyu
SECful michael@secful.com Michael Vilensky
	code [3, 2]
Self liubin0329@gmail.com bin liu
IBM dug@us.ibm.com Doug Davis
	unknown [0, 1]
devel-doc 6021 2560
	Red Hat bbennett@redhat.com Benjamin Bennett: [46, 0]
	Red Hat mkargaki@redhat.com Michail Kargakis: [0, 1]
	Google me@jessfraz.com Jess Frazelle: [3, 3]
	FathomDB justin@fathomdb.com Justin Santa Barbara: [12, 14]
	IBM dims@linux.vnet.ibm.com Davanum Srinivas: [1, 8]
	Google wojtekt@google.com Wojciech Tyczynski: [5, 15]
	CNM Consulting clove@cnmconsulting.net chrislovecnm: [342, 64]
	Google madhusudancs@google.com Madhusudan.C.S: [61, 0]
	Red Hat hchen@redhat.com Huamin Chen: [51, 0]
	Google mixia@google.com Minhan Xia: [1063, 1063]
	Google buddhap@google.com dubstack: [199, 0]
	Google etune@google.com Eric Tune: [69, 15]
	Self sander@xanzy.io Sander van Harmelen: [209, 0]
	Google thockin@google.com Tim Hockin: [1, 1]
	Bulletproof gus@inodes.org Angus Lees: [398, 0]
	Google stclair@google.com Tim St. Clair: [65, 39]
	Google vishnuk@google.com Vishnu kannan: [306, 24]
	Red Hat tstclair@redhat.com Timothy St. Clair: [295, 245]
	Red Hat deads@redhat.com deads2k: [6, 6]
	Google zhoufang@google.com Zhou Fang: [198, 0]
	Google jsz@google.com Jerzy Szczepkowski: [36, 2]
	Google djmm@google.com David McMahon: [609, 257]
	Red Hat bchilds@redhat.com childsb: [1, 0]
	Google lantaol@google.com Lantao Liu: [280, 23]
	Google dbsmith@google.com Daniel Smith: [1, 18]
	Microsoft cole.mickens@gmail.com Cole Mickens: [1216, 0]
	(Unknown) 03cranec@users.noreply.github.com Chris Crane: [63, 7]
	Sourcegraph.com keegan.csmith@gmail.com Keegan Carruthers-Smith: [1, 1]
	CoreOS hongchaodeng1@gmail.com Hongchao Deng: [2, 2]
	Rook lucas.kaldstrom@hotmail.co.uk Lucas Käldström: [7, 0]
	Google fabioy@google.com fabioy: [12, 1]
	Embedded Systems, ECE apelisse@gmail.com Antoine Pelisse: [23, 280]
	IBM ramitsurana@gmail.com Ramit Surana: [7, 4]
	Google mikedanese@gmail.com Mike Danese: [3, 3]
	Mirantis spyzalski@mirantis.com Szymon Pyżalski: [9, 1]
	Ammeon joe2farrell@gmail.com joe2far: [412, 412]
	Google foxish@users.noreply.github.com Anirudh Ramanathan: [1, 2]
	Red Hat asalkeld@mirantis.com Angus Salkeld: [4, 6]
	(Unknown) doug@zenly.co.uk Douglas Gibbons: [2, 1]
	(Unknown) mulloymorrow@users.noreply.github.com Mulloy Morrow: [1, 1]
	Google arob@google.com Alex Robinson: [0, 40]
	(Unknown) ancosen@gmail.com Andrea Cosentino: [1, 1]
code 1972 997
	ZTE Corporation zhao.xiangpeng@zte.com.cn xiangpengzhao: [83, 0]
	Google filipg@google.com Filip Grzadkowski: [305, 184]
	Google me@jessfraz.com Jess Frazelle: [103, 9]
	FathomDB justin@fathomdb.com Justin Santa Barbara: [4, 4]
	IBM dims@linux.vnet.ibm.com Davanum Srinivas: [33, 1]
	Google wojtekt@google.com Wojciech Tyczynski: [15, 29]
	CNM Consulting clove@cnmconsulting.net chrislovecnm: [152, 67]
	ZTE Corporation lu.zhenxing@zte.com.cn lojies: [2, 0]
	Microsoft bburns@google.com Brendan Burns: [51, 3]
	Google madhusudancs@google.com Madhusudan.C.S: [334, 126]
	Self aledbf@gmail.com Manuel de Brito Fontes: [45, 0]
	Self jianhui@outlook.com jianhuiz: [2, 2]
	Google buddhap@google.com dubstack: [20, 6]
	Red Hat ccoleman@redhat.com Clayton Coleman: [1, 1]
	Red Hat avagarwa@redhat.com Avesh Agarwal: [15, 0]
	Google thockin@google.com Tim Hockin: [104, 19]
	Google jgrafton@google.com Jeff Grafton: [11, 0]
	Google vishnuk@google.com Vishnu kannan: [10, 4]
	Google fejta@google.com Erick Fejta: [113, 242]
	Red Hat tstclair@redhat.com Timothy St. Clair: [8, 8]
	Jaconda ant.mironov@gmail.com Anton Mironov: [5, 4]
	Self taotaotheripper@gmail.com Random-Liu: [38, 19]
	Red Hat deads@redhat.com deads2k: [14, 6]
	Red Hat pmorie@redhat.com Paul Morie: [54, 29]
	Red Hat maszulik@redhat.com Maciej Szulik: [3, 8]
	Google zhoufang@google.com Zhou Fang: [1, 2]
	Google jsz@google.com Jerzy Szczepkowski: [2, 22]
	IBM fraenkel@us.ibm.com Michael Fraenkel: [11, 11]
	Google gmarek@google.com gmarek: [7, 5]
	Google rmmh@google.com Ryan Hitchman: [192, 50]
	Apache jay@apache.org jayunit100: [2, 9]
	Google djmm@google.com David McMahon: [39, 5]
	Google wonderfly@google.com Daniel Wang: [37, 21]
	Red Hat bchilds@redhat.com childsb: [25, 0]
	Google beeps@google.com Prashanth Balasubramanian: [13, 9]
	(Unknown) lparam@users.noreply.github.com lparam: [1, 0]
	Google dbsmith@google.com Daniel Smith: [0, 1]
	Google cjcullen@google.com CJ Cullen: [3, 0]
	Mirantis ivan4th@gmail.com Ivan Shvedunov: [18, 10]
	Microsoft cole.mickens@gmail.com Cole Mickens: [7, 11]
	CoreOS hongchaodeng1@gmail.com Hongchao Deng: [8, 8]
	CoreOS euank@coreos.com Euan Kemp: [2, 2]
	Embedded Systems, ECE apelisse@gmail.com Antoine Pelisse: [1, 6]
	Red Hat mtayer@redhat.com Mooli Tayer: [1, 1]
	Google mikedanese@gmail.com Mike Danese: [8, 9]
	Google zml@google.com Zach Loafman: [8, 5]
	Clarifai therc@users.noreply.github.com Rudi C: [3, 3]
	Google maisem@google.com Maisem Ali: [18, 7]
	Red Hat asalkeld@mirantis.com Angus Salkeld: [7, 0]
	IBM brownwm@us.ibm.com Mike Brown: [9, 1]
	GoDaddy silas@godaddy.com Silas Boyd-Wickizer: [3, 1]
	(Unknown) doug@zenly.co.uk Douglas Gibbons: [1, 0]
	SalesForce lorrin.nelson@salesforce.com Lorrin Nelson: [8, 4]
	Tigera casey@tigera.io Casey Davenport: [2, 14]
	Endocode anton@endocode.com Anton Khramov: [7, 7]
	SECful michael@secful.com Michael Vilensky: [3, 2]
unknown 70250 78581
	Red Hat bbennett@redhat.com Benjamin Bennett: [263, 150]
	Red Hat mkargaki@redhat.com Michail Kargakis: [405, 91]
	Mirantis vefimova@mirantis.com vefimova: [385, 63]
	ZTE Corporation zhao.xiangpeng@zte.com.cn xiangpengzhao: [106, 64]
	Google quinton@google.com Quinton Hoole: [309, 85]
	Google filipg@google.com Filip Grzadkowski: [267, 0]
	Google me@jessfraz.com Jess Frazelle: [480, 243]
	Google pszczesniak@google.com Piotr Szczesniak: [117, 0]
	(Unknown) zhaohuizhi@gmail.com Hui-Zhi: [10, 1]
	FathomDB justin@fathomdb.com Justin Santa Barbara: [1554, 1009]
	IBM dims@linux.vnet.ibm.com Davanum Srinivas: [1178, 2464]
	Google wojtekt@google.com Wojciech Tyczynski: [3531, 4218]
	CNM Consulting clove@cnmconsulting.net chrislovecnm: [543, 115]
	ZTE Corporation lu.zhenxing@zte.com.cn lojies: [17, 13]
	Microsoft bburns@google.com Brendan Burns: [354, 84]
	ZTE Corporation wang.ping5@zte.com.cn PingWang: [103, 86]
	Google madhusudancs@google.com Madhusudan.C.S: [346, 11]
	Google mtaufen@google.com Michael Taufen: [947, 940]
	eBay fmeng@ebay.com mfanjie: [1596, 1209]
	Apcera peter.miron@apcera.com Peter Miron: [11, 0]
	Red Hat hchen@redhat.com Huamin Chen: [1528, 2]
	Self aledbf@gmail.com Manuel de Brito Fontes: [171, 38]
	Self jianhui@outlook.com jianhuiz: [1085, 20]
	Google mixia@google.com Minhan Xia: [58, 56]
	Google buddhap@google.com dubstack: [582, 176]
	CoreOS eric.chiang@coreos.com Eric Chiang: [430, 147]
	Red Hat ccoleman@redhat.com Clayton Coleman: [1516, 838]
	Self rodrigo@sdfg.com.ar Rodrigo Campos: [1708, 313]
	Google etune@google.com Eric Tune: [10, 10]
	Red Hat avagarwa@redhat.com Avesh Agarwal: [151, 33]
	Alternative Storage nakayamakenjiro@gmail.com Kenjiro Nakayama: [5, 15]
	Self sander@xanzy.io Sander van Harmelen: [749, 427]
	Google thockin@google.com Tim Hockin: [1267, 340]
	Bulletproof gus@inodes.org Angus Lees: [73, 43]
	Google stclair@google.com Tim St. Clair: [834, 5]
	Red Hat jchaloup@redhat.com Jan Chaloupka: [31, 18]
	Google jgrafton@google.com Jeff Grafton: [1, 1]
	Google vishnuk@google.com Vishnu kannan: [604, 268]
	Google fejta@google.com Erick Fejta: [327, 100]
	CoreOS xiangli.cs@gmail.com Xiang Li: [249, 261]
	Red Hat sjenning@redhat.com Seth Jennings: [66, 47]
	Red Hat tstclair@redhat.com Timothy St. Clair: [965, 582]
	Google xuchao@google.com Chao Xu: [1055, 407]
	Red Hat decarr@redhat.com derekwaynecarr: [1469, 292]
	Jaconda ant.mironov@gmail.com Anton Mironov: [70, 42]
	Google ronl@google.com Ron Lai: [1289, 854]
	ZTE Corporation li.xiaobing1@zte.com.cn lixiaobing10051267: [51, 36]
	Google chiachenk@google.com Janet Kuo: [333, 157]
	Self taotaotheripper@gmail.com Random-Liu: [839, 1681]
	Red Hat jvallejo@redhat.com juanvallejo: [161, 205]
	ZTE Corporation zhang.ke106@zte.com.cn Ke Zhang: [62, 10]
	VMware shivania@vmware.com Abrar Shivani: [134, 67]
	Red Hat deads@redhat.com deads2k: [3451, 541]
	Intel pawel.skrzynski@intel.com Pawel Skrzynski: [16, 3]
	Red Hat pmorie@redhat.com Paul Morie: [2816, 2270]
	Google yjhong@google.com Yu-Ju Hong: [1373, 73]
	Red Hat maszulik@redhat.com Maciej Szulik: [92, 244]
	Google krousey@google.com Kris: [307, 0]
	Google zhoufang@google.com Zhou Fang: [1370, 173]
	Google jsz@google.com Jerzy Szczepkowski: [17, 40]
	IBM fraenkel@us.ibm.com Michael Fraenkel: [32, 32]
	Google gmarek@google.com gmarek: [2835, 1529]
	Hyper.sh feiskyer@gmail.com Pengfei Ni: [534, 0]
	Google rmmh@google.com Ryan Hitchman: [1199, 319]
	Apprenda abrand@apprenda.com abrand: [589, 1]
	Hyper.sh harryz@hyper.sh Harry Zhang: [258, 211]
	Apache jay@apache.org jayunit100: [0, 5]
	Google djmm@google.com David McMahon: [1, 4]
	Clarifai rudi@clarifai.com Rudi Chiarito: [198, 32]
	IBM klaus1982.cn@gmail.com Klaus Ma: [12, 11]
	Google ramanathana@google.com foxish: [290, 2]
	Red Hat bchilds@redhat.com childsb: [2168, 1]
	Google beeps@google.com Prashanth Balasubramanian: [136, 45]
	Mirantis akurilin@mirantis.com Andrey Kurilin: [5, 4]
	Weaveworks bryan@weave.works Bryan Boreham: [32, 19]
	Google lantaol@google.com Lantao Liu: [248, 188]
	Google dbsmith@google.com Daniel Smith: [143, 479]
	Google cjcullen@google.com CJ Cullen: [3, 0]
	Mirantis ivan4th@gmail.com Ivan Shvedunov: [163, 40]
	Huawei wangzefeng@huawei.com Kevin: [256, 190]
	ZTE Corporation dong.xiugang20@zte.com.cn DongXiugang: [1, 1]
	Microsoft cole.mickens@gmail.com Cole Mickens: [48, 14]
	CoreOS pb@coreos.com Patrick Baxter: [10, 2]
	(Unknown) 03cranec@users.noreply.github.com Chris Crane: [153, 7]
	Red Hat sttts@redhat.com Dr. Stefan Schimanski: [11649, 9062]
	Net EASE 网易有态度 coolhzb@163.com AdoHe: [18, 9]
	Google matt.proud@gmail.com Matt T. Proud: [21, 15]
	Georgia Tech anish@gatech.edu Anish Bhatt: [79, 9]
	IBM mbauer@us.ibm.com Morgan Bauer: [30, 11]
	CoreOS hongchaodeng1@gmail.com Hongchao Deng: [218, 164]
	Rook lucas.kaldstrom@hotmail.co.uk Lucas Käldström: [402, 427]
	CoreOS quentin.machu@coreos.com Quentin Machu: [1, 1]
	Google saadali@google.com saadali: [1267, 208]
	Google mwielgus@google.com Marcin Wielgus: [617, 11]
	Red Hat mawong@redhat.com Matthew Wong: [889, 209]
	CoreOS euank@coreos.com Euan Kemp: [258, 81]
	Embedded Systems, ECE apelisse@gmail.com Antoine Pelisse: [302, 320]
	Net EASE 网易有态度 hzwangxing@corp.netease.com Wang Xing: [0, 4]
	Nordstrom dhawal55@gmail.com Dhawal Patel: [1, 16]
	Google mikedanese@gmail.com Mike Danese: [2, 2]
	Google nikhiljindal@google.com nikhiljindal: [19, 19]
	Red Hat agoldste@redhat.com Andy Goldstein: [287, 135]
	(Unknown) albatross0@gmail.com albatross0: [3, 3]
	Red Hat jimmidyson@gmail.com Jimmi Dyson: [1, 13]
	(Unknown) slowlight@yeah.net Tong: [2, 2]
	Codigami aps.sids@gmail.com Amanpreet Singh: [1, 1]
	Google magorzata@google.com mksalawa: [29, 14]
	Red Hat kevensen@redhat.com Kenneth D. Evensen: [23, 8]
	Allegro mrostecki@mirantis.com Michal Rostecki: [32, 5]
	Red Hat mfojtik@redhat.com Michal Fojtik: [5, 1]
	ZTE Corporation wang.kanghua@zte.com.cn Kevin Wang: [10, 16]
	Google ciwang@google.com Cindy Wang: [227, 25]
	CoreOS yifan.gu@coreos.com Yifan Gu: [27, 15]
	Red Hat tnguyen@redhat.com Thien-Thi Nguyen: [1, 1]
	Google mml@google.com Matt Liggett: [124, 117]
	Red Hat runcom@redhat.com Antonio Murdaca: [59, 2]
	Ammeon joe2farrell@gmail.com joe2far: [2050, 1990]
	Red Hat jliggitt@redhat.com Jordan Liggitt: [125, 19]
	Red Hat charlie@charliedrage.com Charlie Drage: [1, 1]
	Red Hat asalkeld@mirantis.com Angus Salkeld: [705, 340]
	(Unknown) ziyadbasheer213@gmail.com ziyadbasheer: [2, 2]
	Red Hat jsafrane@redhat.com Jan Safranek: [518, 32]
	IBM mspreitz@us.ibm.com Mike Spreitzer: [4, 2]
	IBM brownwm@us.ibm.com Mike Brown: [8, 2]
	Mirantis lukaszoles@gmail.com Łukasz Oleś: [116, 63]
	Aperian Global aaronjlevy@gmail.com Aaron Levy: [11, 1]
	Red Hat mturansk@redhat.com markturansky: [19, 11]
	(Unknown) development@advance-leap.com Adrian Ursu: [0, 1]
	inovex GmbH johannes.scheuermann@inovex.de Johannes Scheuermann: [5, 5]
	Fujitsu christoph.held@est.fujitsu.com Christoph Held: [3, 0]
	Google mrubin@google.com Michael Rubin: [0, 3]
	(Unknown) allenmiller@users.noreply.github.com allenmiller: [1, 1]
	Google arob@google.com Alex Robinson: [0, 40335]
	Tigera casey@tigera.io Casey Davenport: [901, 0]
	BENGLER alex@bengler.no Alexander Staubo: [1, 1]
	Bluescape elyscape@gmail.com Eli Young: [3, 2]
	Google krousey@users.noreply.github.com krousey: [14, 18]
	Return Path aaron.mills@returnpath.com Aaron Mills: [7, 7]
	(Unknown) meng.mobile@gmail.com Liyi Meng: [1, 1]
	IBM dug@us.ibm.com Doug Davis: [0, 1]
image 0 9564
	Google arob@google.com Alex Robinson: [0, 9564]
documentation 54 18
	FathomDB justin@fathomdb.com Justin Santa Barbara: [0, 0]
	IBM dims@linux.vnet.ibm.com Davanum Srinivas: [3, 2]
	Google wojtekt@google.com Wojciech Tyczynski: [2, 4]
	CNM Consulting clove@cnmconsulting.net chrislovecnm: [5, 3]
	Google madhusudancs@google.com Madhusudan.C.S: [12, 0]
	Red Hat hchen@redhat.com Huamin Chen: [0, 0]
	Google etune@google.com Eric Tune: [0, 0]
	Google thockin@google.com Tim Hockin: [1, 0]
	Red Hat jchaloup@redhat.com Jan Chaloupka: [1, 0]
	Google fejta@google.com Erick Fejta: [3, 1]
	Google xuchao@google.com Chao Xu: [0, 0]
	Red Hat decarr@redhat.com derekwaynecarr: [1, 0]
	Self taotaotheripper@gmail.com Random-Liu: [8, 8]
	ZTE Corporation zhang.ke106@zte.com.cn Ke Zhang: [1, 0]
	Apprenda abrand@apprenda.com abrand: [9, 0]
	Red Hat bchilds@redhat.com childsb: [0, 0]
	Red Hat sttts@redhat.com Dr. Stefan Schimanski: [4, 0]
	CoreOS euank@coreos.com Euan Kemp: [1, 0]
	Red Hat asalkeld@mirantis.com Angus Salkeld: [3, 0]
build 999 651
	ZTE Corporation zhao.xiangpeng@zte.com.cn xiangpengzhao: [186, 5]
	Google me@jessfraz.com Jess Frazelle: [2, 2]
	FathomDB justin@fathomdb.com Justin Santa Barbara: [3, 2]
	IBM dims@linux.vnet.ibm.com Davanum Srinivas: [8, 8]
	Google wojtekt@google.com Wojciech Tyczynski: [0, 2]
	CNM Consulting clove@cnmconsulting.net chrislovecnm: [7, 5]
	Google madhusudancs@google.com Madhusudan.C.S: [46, 20]
	Self aledbf@gmail.com Manuel de Brito Fontes: [6, 6]
	Google mixia@google.com Minhan Xia: [2, 2]
	Google thockin@google.com Tim Hockin: [538, 515]
	Google vishnuk@google.com Vishnu kannan: [1, 0]
	Red Hat maszulik@redhat.com Maciej Szulik: [2, 0]
	Google jsz@google.com Jerzy Szczepkowski: [64, 8]
	Google gmarek@google.com gmarek: [1, 1]
	Google beeps@google.com Prashanth Balasubramanian: [15, 11]
	Weaveworks bryan@weave.works Bryan Boreham: [7, 7]
	Google dbsmith@google.com Daniel Smith: [1, 32]
	Google cjcullen@google.com CJ Cullen: [26, 10]
	Rook lucas.kaldstrom@hotmail.co.uk Lucas Käldström: [24, 6]
	Google mikedanese@gmail.com Mike Danese: [2, 2]
	Google zml@google.com Zach Loafman: [19, 3]
	Google adityakali@google.com Aditya Kali: [16, 3]
	IBM brownwm@us.ibm.com Mike Brown: [11, 1]
	Fujitsu christoph.held@est.fujitsu.com Christoph Held: [12, 0]
devel-doc 6021 2560
code 1972 997
unknown 70250 78581
image 0 9564
documentation 54 18
build 999 651
