Filter on "^vendor/|/vendor/"
open output file /Users/lukasz/dev/cncf/gitdm/other_repos/kubernetes_range_unknown_2017-01-01_2017-02-01.csv

WARNING: duplicate email/empl for pekowski@gmail.com
WARNING: duplicate email/empl for thingee@gmail.com
WARNING: duplicate email/empl for t.trifonov@gmail.com
WARNING: duplicate email/empl for lyz@princessleia.com
WARNING: duplicate email/empl for robertc@robertcollins.net
WARNING: duplicate email/empl for clint@fewbar.com
WARNING: duplicate email/empl for andrew@linuxjedi.co.uk
WARNING: duplicate email/empl for duncan.thomas@gmail.com
WARNING: duplicate email/empl for kiall@managedit.ie
WARNING: duplicate email/empl for devananda.vdv@gmail.com
WARNING: duplicate email/empl for zaro0508@gmail.com
WARNING: duplicate email/empl for shrewsbury.dave@gmail.com
WARNING: duplicate email/empl for j3p0uk@hotmail.com
WARNING: duplicate email/empl for me@mark.atwood.name
WARNING: duplicate email/empl for slicknik@gmail.com
WARNING: duplicate email/empl for cmsj@tenshu.net
WARNING: duplicate email/empl for anteaya@anteaya.info
WARNING: duplicate email/empl for greg@greghaynes.net
WARNING: duplicate email/empl for matt@mattfarina.com
WARNING: duplicate email/empl for jp@jamezpolley.com
WARNING: duplicate email/empl for steven@wedontsleep.org
WARNING: duplicate email/empl for gleebix@gmail.com
WARNING: duplicate email/empl for code@gentlydownthe.net
WARNING: duplicate email/empl for morgan.fainberg@gmail.com
WARNING: duplicate email/empl for jeblair@hp.com
WARNING: duplicate email/empl for juliaashleykreger@gmail.com
WARNING: duplicate email/empl for stephane@alum.mit.edu
WARNING: duplicate email/empl for kragniz@gmail.com
WARNING: duplicate email/empl for wchrisjohnson@gmail.com
WARNING: duplicate email/empl for daisy.ycguo@gmail.com
WARNING: duplicate email/empl for mordred@inaugust.com
WARNING: duplicate email/empl for zxkuqyb@gmail.com
WARNING: duplicate email/empl for amigliaccio@internap.com
WARNING: duplicate email/empl for yorik.sar@gmail.com
WARNING: duplicate email/empl for e0ne@e0ne.info
WARNING: duplicate email/empl for gabriel@strikeawe.com
WARNING: duplicate email/empl for heckj@mac.com
WARNING: duplicate email/empl for ke.wu@ibeca.me
WARNING: duplicate email/empl for rushi.agr@gmail.com
WARNING: duplicate email/empl for salv.orlando@gmail.com
WARNING: duplicate email/empl for tushar.vitthal.patil@gmail.com
WARNING: duplicate email/empl for jmckenty@gmail.com
WARNING: duplicate email/empl for anne@openstack.org
WARNING: duplicate email/empl for breu@breu.org
WARNING: duplicate email/empl for cbehrens@codestud.com
WARNING: duplicate email/empl for clay.gerrard@gmail.com
WARNING: duplicate email/empl for corywright@gmail.com
WARNING: duplicate email/empl for cp16net@gmail.com
WARNING: duplicate email/empl for cthier@gmail.com
WARNING: duplicate email/empl for darren.birkett@gmail.com
WARNING: duplicate email/empl for dolph.mathews@gmail.com
WARNING: duplicate email/empl for ed@leafe.com
WARNING: duplicate email/empl for github@highbridgellc.com
WARNING: duplicate email/empl for greglange@gmail.com
WARNING: duplicate email/empl for hugh@wherenow.org
WARNING: duplicate email/empl for imsplitbit@gmail.com
WARNING: duplicate email/empl for jason@koelker.net
WARNING: duplicate email/empl for jcruz7@gmail.com
WARNING: duplicate email/empl for josh@jk0.org
WARNING: duplicate email/empl for mattt@defunct.ca
WARNING: duplicate email/empl for mbasnight@gmail.com
WARNING: duplicate email/empl for mike@weirdlooking.com
WARNING: duplicate email/empl for msherborne@gmail.com
WARNING: duplicate email/empl for naveedm9@gmail.com
WARNING: duplicate email/empl for paul@openstack.org
WARNING: duplicate email/empl for rnirmal@gmail.com
WARNING: duplicate email/empl for rconradharris@gmail.com
WARNING: duplicate email/empl for thierry@openstack.org
WARNING: duplicate email/empl for throughnothing@gmail.com
WARNING: duplicate email/empl for yoga80@yahoo.com
WARNING: duplicate email/empl for mark.washenberger@markwash.net
WARNING: duplicate email/empl for p@draigbrady.com
WARNING: duplicate email/empl for zaitcev@kotori.zaitcev.us
WARNING: duplicate email/empl for julie.pichon@gmail.com
WARNING: duplicate email/empl for ghe@debian.org
WARNING: duplicate email/empl for sorrison@gmail.com
yarntime@163.com is an author name, probably not what you want
unknown@hacker.net Unknown hacker
ablock84@gmail.com Alexander Block
	unknown [359, 20]
	devel-doc [2, 1]
	build [3, 0]
jliggitt@redhat.com Jordan Liggitt
	unknown [4796, 1324]
	devel-doc [230, 14]
	code [184, 51]
	build [101, 37]
	documentation [6, 4]
danw@concur.com Wilson, Dan
	unknown [263, 12]
	devel-doc [46, 0]
justin@fathomdb.com Justin Santa Barbara
	unknown [192, 24]
	devel-doc [3, 0]
mbauer@us.ibm.com Morgan Bauer
	unknown [8, 2]
mikedanese@google.com Mike Danese
	unknown [2365, 746]
	devel-doc [1194, 59]
	code [4, 2]
	build [33, 2]
	documentation [0, 0]
hekumar@redhat.com Hemant Kumar
	unknown [191, 45]
	devel-doc [3, 0]
liamwhite@uk.ibm.com Liam White
	unknown [172, 20]
	devel-doc [1, 0]
zhouhaibing089@gmail.com zhouhaibing089
	unknown [112, 37]
	devel-doc [5, 1]
ryeterrell@ryeterrell.net Rye Terrell
	unknown [105, 238]
	code [436, 748]
	documentation [1, 1]
yuquan.ren@easystack.cn NickrenREN
	unknown [415, 282]
	devel-doc [2, 0]
mtaufen@google.com Michael Taufen
	code [3, 3]
	unknown [261, 225]
	devel-doc [1, 0]
	documentation [0, 3]
	build [6, 6]
jaescobar.cell@gmail.com Alejandro Escobar
	unknown [73, 25]
	devel-doc [1, 0]
	code [170, 3]
max@kutsevol.com Maxym Kutsevol
	unknown [383, 91]
	devel-doc [1, 0]
m@moscar.net Mikkel Oscar Lyderik Larsen
	unknown [5, 5]
michael.fraenkel@gmail.com Michael Fraenkel
	unknown [2345, 215]
	devel-doc [5, 0]
	documentation [6, 0]
sebastian@loodse.com Sebastian Scheele
	unknown [23, 7]
maszulik@redhat.com Maciej Szulik
	unknown [945, 76]
	devel-doc [0, 1]
	code [7, 2]
sgott@redhat.com Stu Gott
	unknown [172, 0]
	devel-doc [38, 0]
axino@canonical.com axino
	unknown [5, 2]
	code [121, 4]
nikhiljindal@google.com nikhiljindal
	unknown [31, 105]
	devel-doc [0, 1]
	code [2, 2]
bburns@google.com Brendan Burns
	unknown [3056, 1568]
	devel-doc [33, 4]
	code [86, 22]
	translation [2791, 1406]
saratk@gmail.com Sarat Kamisetty
	unknown [220, 71]
shashidhara.td@huawei.com shashidharatd
	unknown [1160, 663]
	devel-doc [115, 21]
	documentation [3, 0]
wojtekt@google.com Wojciech Tyczynski
	unknown [1238, 122]
	devel-doc [79, 8]
	code [313, 476]
	build [3, 1]
taotaotheripper@gmail.com Random-Liu
	unknown [925, 97]
	devel-doc [5, 0]
	code [29, 3]
	build [91, 2]
dcbw@redhat.com Dan Williams
	unknown [111, 32]
michael.mrowetz@cdnetworks.co.kr Michael Mrowetz
	unknown [11, 0]
	code [7, 2]
	build [1, 0]
harryz@hyper.sh Harry Zhang
	unknown [388, 331]
	devel-doc [9, 9]
csbell@google.com Christian Bell
	unknown [153, 5]
	devel-doc [4, 0]
james@r-vn.org James Ravn
	unknown [18, 14]
gmarek@google.com gmarek
	unknown [1980, 120]
	devel-doc [36, 6]
	documentation [1, 0]
agoldste@redhat.com Andy Goldstein
	unknown [1683, 269]
	devel-doc [88, 344]
	code [43, 2]
	documentation [1, 0]
dmcquay@apprenda.com Derek McQuay
	unknown [116, 20]
mixia@google.com Minhan Xia
	unknown [1072, 178]
	devel-doc [46, 3]
	documentation [1, 0]
shiywang@redhat.com shiywang
	unknown [264, 202]
	devel-doc [1, 1]
xingzhou@cn.ibm.com Xing Zhou
	unknown [600, 3]
	devel-doc [4, 0]
	code [17, 0]
divyenp@vmware.com divyenpatel
	unknown [1053, 6]
	devel-doc [10, 1]
kpgriffith@me.com Kevin Griffith
	unknown [56, 206]
	devel-doc [0, 2]
ashley@victorianfox.com Ashley Reese
	unknown [1, 1]
miaol@vmware.com Miao Luo
	unknown [205, 94]
ccoleman@redhat.com Clayton Coleman
	code [19, 4]
	unknown [11944, 11258]
	devel-doc [356, 239]
	documentation [0, 0]
apelisse@google.com Antoine Pelisse
	unknown [163, 76]
dan.gillespie@coreos.com Dan Gillespie
	unknown [916, 999]
	code [13, 8]
andrewpilloud@igneoussystems.com Andrew Pilloud
	unknown [10, 19]
fejta@google.com Erick Fejta
	unknown [456, 916]
dhodovsk@redhat.com Dominika Hodovska
	unknown [219, 176]
vishnuk@google.com Vishnu Kannan
	unknown [186, 160]
	devel-doc [54, 54]
	code [2, 2]
stefan.schimanski@gmail.com Dr. Stefan Schimanski
	unknown [6537, 4272]
	devel-doc [1890, 2135]
	code [230, 55]
jacobsimpson@google.com Jacob Simpson
	unknown [26, 27]
pszczesniak@google.com Piotr Szczesniak
	code [8, 17]
	unknown [135, 2640]
	devel-doc [20, 25]
	documentation [0, 0]
madhusudancs@google.com Madhusudan.C.S
	unknown [311, 46]
	devel-doc [2, 0]
	code [183, 146]
rene.treffer@soundcloud.com Rene Treffer
	unknown [29, 15]
luca.bruno@coreos.com Luca Bruno
	unknown [24, 16]
	code [12, 5]
	build [5, 2]
	documentation [0, 1]
chiachenk@google.com Janet Kuo
	unknown [171, 122]
	devel-doc [1, 0]
jay@apache.org jayunit100
	unknown [515, 347]
	devel-doc [141, 43]
zihongz@google.com Zihong Zheng
	unknown [23, 15]
	devel-doc [6, 0]
	code [17, 0]
	build [4, 4]
vladimir.vivien@gmail.com Vladimir Vivien
	unknown [7, 3]
ancosen@gmail.com Andrea Cosentino
	unknown [23, 56]
	devel-doc [102, 116]
deads@redhat.com deads2k
	unknown [62350, 87563]
	devel-doc [7036, 9960]
	code [280, 156]
	documentation [49, 22]
decarr@redhat.com Derek Carr
	unknown [407, 28]
	devel-doc [15, 2]
krousey@google.com Kris
	unknown [361, 112]
	devel-doc [41, 0]
beeps@google.com bprashanth
	unknown [1, 1]
	devel-doc [4, 4]
hchiramm@redhat.com Humble Chirammal
	unknown [176, 33]
	devel-doc [13, 0]
mawong@redhat.com Matthew Wong
	unknown [225, 61]
wangzefeng@huawei.com Kevin
	unknown [610, 240]
shyamjvs@google.com Shyam Jeedigunta
	unknown [211, 57]
	devel-doc [1, 0]
	code [1154, 670]
	build [2, 6]
lucas@weave.works Lucas Käldström
	unknown [1502, 1279]
	devel-doc [161, 22]
	code [34, 438]
	build [21, 18]
mehdy@google.com mbohlool
	unknown [9537, 5643]
	devel-doc [20, 0]
enisoc@google.com Anthony Yeh
	devel-doc [394, 94]
andy@lindeman.io Andy Lindeman
	code [3, 3]
jvance@redhat.com Jeff Vance
	unknown [929, 655]
	devel-doc [1, 0]
jgrafton@google.com Jeff Grafton
	unknown [725, 669]
	devel-doc [15181, 79]
	code [133, 62]
	ui [3, 0]
	build [75, 61]
spxtr@google.com Joe Finney
	unknown [3, 7]
	devel-doc [24, 0]
	code [0, 16]
	ui [6, 0]
	build [5, 5]
jorge@ubuntu.com Jorge O. Castro
	unknown [3, 4]
sjenning@redhat.com Seth Jennings
	unknown [8, 4]
	devel-doc [3, 3]
george.kraft@canonical.com George Kraft
	code [37, 26]
dgoodwin@redhat.com Devan Goodwin
	unknown [12, 12]
rhallise@redhat.com Ryan Hallisey
	code [11, 57]
	build [14, 4]
mkargaki@redhat.com Michail Kargakis
	unknown [660, 366]
	devel-doc [1, 2]
	code [3, 3]
ffranz@redhat.com Fabiano Franz
	unknown [178, 28]
	devel-doc [1, 0]
admin@toph.ca Christoph Blecker
	unknown [12, 182]
	code [3, 3]
yjhong@google.com Yu-Ju Hong
	unknown [17344, 787]
	devel-doc [63, 16]
	code [14, 5]
tstclair@redhat.com Timothy St. Clair
	unknown [88, 161]
	devel-doc [0, 1]
jvallejo@redhat.com juanvallejo
	unknown [49, 15]
	code [59, 1]
beeradb@gmail.com Brad Bowman
	unknown [1, 1]
jcope@redhat.com Jon Cope
	unknown [20, 20]
aleksandram@google.com Aleksandra Malinowska
	unknown [61, 138]
	devel-doc [1, 38]
robertbailey@google.com Robert Bailey
	code [3, 3]
dbsmith@google.com Daniel Smith
	unknown [36, 5]
acidburn@google.com Jess Frazelle
	unknown [31, 3]
	devel-doc [214, 151]
	code [1, 6]
rmmh@google.com Ryan Hitchman
	unknown [53, 1]
	devel-doc [58, 0]
ipalade@redhat.com PI-Victor
	unknown [1, 1]
grodrigues3@users.noreply.github.com grodrigues3
	unknown [9, 71]
avagarwa@redhat.com Avesh Agarwal
	unknown [1, 1]
vsemushi@redhat.com Slava Semushin
	unknown [2, 9]
	code [2, 3]
matthias.bertschy@gmail.com Matthias Bertschy
	unknown [11, 2]
vija@ebay.com Vijay Samuel
	unknown [13, 13]
lukasz.szaszkiewicz@gmail.com p0lyn0mial
	unknown [107, 0]
	documentation [0, 0]
dashpole@google.com David Ashpole
	unknown [401, 261]
	devel-doc [80499, 79622]
eric.chiang.m@gmail.com Eric Chiang
	unknown [86, 6]
rene.saenz@gmail.com Rene Saenz
	unknown [20, 20]
	devel-doc [6, 6]
kmter@live.com shawyeok
	unknown [1, 0]
	code [199, 54]
	documentation [2, 0]
maciej.iai@gmail.com Maciej Kwiek
	unknown [221, 51]
	devel-doc [1, 59]
quinton@google.com Quinton Hoole
	unknown [2, 0]
djmm@google.com David McMahon
	devel-doc [146, 146]
	code [0, 81]
steve@heptio.com Steve Kriss
	unknown [60, 35]
zml@google.com Zach Loafman
	unknown [3, 2]
	code [43, 33]
	build [3, 4]
eparis@redhat.com Eric Paris
	code [22, 11]
sean@coreitpro.com Sean M. Collins
	code [10, 2]
vmik@google.com Mik Vyatskov
	unknown [46, 30]
	code [0, 6]
	build [14, 5]
supermouselyh@hotmail.com Lou Yihua
	unknown [2, 0]
ales.nosek@gmail.com Ales Nosek
	unknown [3, 0]
feiskyer@gmail.com Pengfei Ni
	unknown [1444, 2273]
	devel-doc [0, 1]
	documentation [8, 9]
chenr.fnst@cn.fujitsu.com xilabao
	unknown [21, 10]
	code [6, 1]
tan.shanshan@zte.com.cn tanshanshan
	unknown [144, 2]
	devel-doc [1, 0]
bonifaido@gmail.com Nandor Kracser
	unknown [1, 1]
hchen@redhat.com Huamin Chen
	unknown [20, 4]
	devel-doc [2, 2]
mkhan@redhat.com Monis Khan
	unknown [5, 0]
pmorie@redhat.com Paul Morie
	unknown [339, 187]
tsmetana@redhat.com Tomas Smetana
	unknown [63, 148]
thepope@thepopeisdead.com Keith Pope
	code [1, 0]
irfan.rehman@huawei.com Irfan Ur Rehman
	unknown [2142, 20]
	devel-doc [183, 0]
klaus1982.cn@gmail.com Klaus Ma
	code [2, 2]
	unknown [463, 184]
	documentation [0, 0]
mml@google.com Matt Liggett
	code [1, 1]
senlu@google.com Sen Lu
	code [1, 1]
pires@apprenda.com Paulo Pires
	unknown [555, 703]
	devel-doc [3, 7]
	documentation [1, 0]
danw@redhat.com Dan Winship
	unknown [111, 13]
jsz@google.com Jerzy Szczepkowski
	unknown [5, 23]
	code [2, 1]
mike@mikebryant.me.uk Mike Bryant
	unknown [1, 1]
euan.kemp@coreos.com Euan Kemp
	unknown [5, 4]
	build [39, 16]
liu.hao89@zte.com.cn foxyriver
	unknown [3, 1]
	devel-doc [0, 2]
ouyang.qinhua@zte.com.cn bruceauyeung
	unknown [16, 12]
pu.junqi@zte.com.cn tianshapjq
	unknown [2, 5]
verb@google.com Lee Verberne
	code [0, 1]
grod@google.com Garrett Rodrigues
	unknown [115, 25]
schickin@google.com thomasschickinger
	unknown [6, 5]
	build [13, 2]
cole.mickens@gmail.com Cole Mickens
	unknown [19, 5]
calebamiles@users.noreply.github.com caleb miles
	unknown [4, 109]
maisem@google.com Maisem Ali
	code [16, 0]
andrew@andrewrynhard.com Andrew Rynhard
	unknown [275, 69]
	devel-doc [47, 2]
peay@protonmail.com peay
	unknown [131, 54]
dukexar@gmail.com Anton Klautsan
	unknown [150, 25]
saadali@google.com Saad Ali
	unknown [252, 249]
	devel-doc [144, 76]
bgrant0607@users.noreply.github.com Brian Grant
stclair@google.com Tim St. Clair
	unknown [1, 1]
seharris@us.ibm.com Steven E. Harris
	unknown [9, 6]
sadlil@appscode.com sadlil
	unknown [5, 5]
	code [3, 3]
	build [3, 3]
julien.balestra@gmail.com Julien Balestra
	unknown [43, 0]
meybohm@traum-ferienwohnungen.de Janis Meybohm
	unknown [1, 0]
	code [1, 0]
coolhzb@163.com AdoHe
	unknown [136, 64]
zhang.dongjie@zte.com.cn zdj6373
	unknown [6, 6]
screeley@redhat.com Scott Creeley
	unknown [6, 5]
mengqiy@google.com ymqytw
	unknown [515, 169]
dawnchen@google.com Dawn Chen
	unknown [24, 412]
rkouj@google.com rkouj
	unknown [74, 23]
	devel-doc [2, 0]
msau@google.com Michelle Au
	unknown [8, 8]
pweil@redhat.com pweil-
	unknown [1662, 60]
	documentation [0, 0]
kay.diam@gmail.com kayrus
	build [4, 5]
yarntime@163.com yarntime@163.com
	unknown [2, 2]
ramanathana@google.com Anirudh
	unknown [119, 15]
	devel-doc [2, 0]
sross@redhat.com Solly Ross
	unknown [33, 1]
marc@proze.net Marc-Antoine Ross
	unknown [2, 2]
rfranken@google.com Rob Franken
	unknown [1, 1]
xychu2008@gmail.com Ethan Chu
	unknown [2, 2]
clove@cnmconsulting.net chrislovecnm
	unknown [74, 43]
	documentation [4, 2]
mqliang.zju@gmail.com mqliang
	unknown [26, 6]
jsafrane@redhat.com Jan Safranek
	unknown [242, 230]
	devel-doc [16, 13]
xiangfeiz@vmware.com Xiangfei Zhu
	unknown [5, 5]
	devel-doc [2, 2]
thockin@google.com Tim Hockin
pwittroc@google.com Phillip Wittrock
	unknown [112, 28]
bowei@google.com Bowei Du
	unknown [22, 3231]
	devel-doc [27, 427]
	code [3, 5]
	build [3, 71]
oguzp@microsoft.com Oguz Pastirmaci
	unknown [30, 0]
	devel-doc [61, 0]
	image [0, 0]
skuznets@redhat.com Steve Kuznetsov
	unknown [7, 0]
pjt73651@gmail.com DjangoPeng
	code [2, 2]
beacham@google.com Jacob Beacham
	unknown [7, 7]
gyliu513@gmail.com Guangya Liu
	unknown [1, 1]
sid@rancher.com wlan0
	unknown [3, 3]
diparfitt@gmail.com Dave Parfitt
	devel-doc [11, 0]
simon@swine.de Christian Simon
	unknown [102, 11]
lukaszoles@gmail.com Łukasz Oleś
	unknown [15, 0]
	documentation [0, 0]
devel-doc 108919 93825
	ablock84@gmail.com Alexander Block: [2, 1]
	jliggitt@redhat.com Jordan Liggitt: [230, 14]
	danw@concur.com Wilson, Dan: [46, 0]
	justin@fathomdb.com Justin Santa Barbara: [3, 0]
	mikedanese@google.com Mike Danese: [1194, 59]
	hekumar@redhat.com Hemant Kumar: [3, 0]
	liamwhite@uk.ibm.com Liam White: [1, 0]
	zhouhaibing089@gmail.com zhouhaibing089: [5, 1]
	yuquan.ren@easystack.cn NickrenREN: [2, 0]
	mtaufen@google.com Michael Taufen: [1, 0]
	jaescobar.cell@gmail.com Alejandro Escobar: [1, 0]
	max@kutsevol.com Maxym Kutsevol: [1, 0]
	michael.fraenkel@gmail.com Michael Fraenkel: [5, 0]
	maszulik@redhat.com Maciej Szulik: [0, 1]
	sgott@redhat.com Stu Gott: [38, 0]
	nikhiljindal@google.com nikhiljindal: [0, 1]
	bburns@google.com Brendan Burns: [33, 4]
	shashidhara.td@huawei.com shashidharatd: [115, 21]
	wojtekt@google.com Wojciech Tyczynski: [79, 8]
	taotaotheripper@gmail.com Random-Liu: [5, 0]
	harryz@hyper.sh Harry Zhang: [9, 9]
	csbell@google.com Christian Bell: [4, 0]
	gmarek@google.com gmarek: [36, 6]
	agoldste@redhat.com Andy Goldstein: [88, 344]
	mixia@google.com Minhan Xia: [46, 3]
	shiywang@redhat.com shiywang: [1, 1]
	xingzhou@cn.ibm.com Xing Zhou: [4, 0]
	divyenp@vmware.com divyenpatel: [10, 1]
	kpgriffith@me.com Kevin Griffith: [0, 2]
	ccoleman@redhat.com Clayton Coleman: [356, 239]
	vishnuk@google.com Vishnu Kannan: [54, 54]
	stefan.schimanski@gmail.com Dr. Stefan Schimanski: [1890, 2135]
	pszczesniak@google.com Piotr Szczesniak: [20, 25]
	madhusudancs@google.com Madhusudan.C.S: [2, 0]
	chiachenk@google.com Janet Kuo: [1, 0]
	jay@apache.org jayunit100: [141, 43]
	zihongz@google.com Zihong Zheng: [6, 0]
	ancosen@gmail.com Andrea Cosentino: [102, 116]
	deads@redhat.com deads2k: [7036, 9960]
	decarr@redhat.com Derek Carr: [15, 2]
	krousey@google.com Kris: [41, 0]
	beeps@google.com bprashanth: [4, 4]
	hchiramm@redhat.com Humble Chirammal: [13, 0]
	shyamjvs@google.com Shyam Jeedigunta: [1, 0]
	lucas@weave.works Lucas Käldström: [161, 22]
	mehdy@google.com mbohlool: [20, 0]
	enisoc@google.com Anthony Yeh: [394, 94]
	jvance@redhat.com Jeff Vance: [1, 0]
	jgrafton@google.com Jeff Grafton: [15181, 79]
	spxtr@google.com Joe Finney: [24, 0]
	sjenning@redhat.com Seth Jennings: [3, 3]
	mkargaki@redhat.com Michail Kargakis: [1, 2]
	ffranz@redhat.com Fabiano Franz: [1, 0]
	yjhong@google.com Yu-Ju Hong: [63, 16]
	tstclair@redhat.com Timothy St. Clair: [0, 1]
	aleksandram@google.com Aleksandra Malinowska: [1, 38]
	acidburn@google.com Jess Frazelle: [214, 151]
	rmmh@google.com Ryan Hitchman: [58, 0]
	dashpole@google.com David Ashpole: [80499, 79622]
	rene.saenz@gmail.com Rene Saenz: [6, 6]
	maciej.iai@gmail.com Maciej Kwiek: [1, 59]
	djmm@google.com David McMahon: [146, 146]
	feiskyer@gmail.com Pengfei Ni: [0, 1]
	tan.shanshan@zte.com.cn tanshanshan: [1, 0]
	hchen@redhat.com Huamin Chen: [2, 2]
	irfan.rehman@huawei.com Irfan Ur Rehman: [183, 0]
	pires@apprenda.com Paulo Pires: [3, 7]
	liu.hao89@zte.com.cn foxyriver: [0, 2]
	andrew@andrewrynhard.com Andrew Rynhard: [47, 2]
	saadali@google.com Saad Ali: [144, 76]
	rkouj@google.com rkouj: [2, 0]
	ramanathana@google.com Anirudh: [2, 0]
	jsafrane@redhat.com Jan Safranek: [16, 13]
	xiangfeiz@vmware.com Xiangfei Zhu: [2, 2]
	bowei@google.com Bowei Du: [27, 427]
	oguzp@microsoft.com Oguz Pastirmaci: [61, 0]
	diparfitt@gmail.com Dave Parfitt: [11, 0]
code 3955 3213
	jliggitt@redhat.com Jordan Liggitt: [184, 51]
	mikedanese@google.com Mike Danese: [4, 2]
	ryeterrell@ryeterrell.net Rye Terrell: [436, 748]
	mtaufen@google.com Michael Taufen: [3, 3]
	jaescobar.cell@gmail.com Alejandro Escobar: [170, 3]
	maszulik@redhat.com Maciej Szulik: [7, 2]
	axino@canonical.com axino: [121, 4]
	nikhiljindal@google.com nikhiljindal: [2, 2]
	bburns@google.com Brendan Burns: [86, 22]
	wojtekt@google.com Wojciech Tyczynski: [313, 476]
	taotaotheripper@gmail.com Random-Liu: [29, 3]
	michael.mrowetz@cdnetworks.co.kr Michael Mrowetz: [7, 2]
	agoldste@redhat.com Andy Goldstein: [43, 2]
	xingzhou@cn.ibm.com Xing Zhou: [17, 0]
	ccoleman@redhat.com Clayton Coleman: [19, 4]
	dan.gillespie@coreos.com Dan Gillespie: [13, 8]
	vishnuk@google.com Vishnu Kannan: [2, 2]
	stefan.schimanski@gmail.com Dr. Stefan Schimanski: [230, 55]
	pszczesniak@google.com Piotr Szczesniak: [8, 17]
	madhusudancs@google.com Madhusudan.C.S: [183, 146]
	luca.bruno@coreos.com Luca Bruno: [12, 5]
	zihongz@google.com Zihong Zheng: [17, 0]
	deads@redhat.com deads2k: [280, 156]
	shyamjvs@google.com Shyam Jeedigunta: [1154, 670]
	lucas@weave.works Lucas Käldström: [34, 438]
	andy@lindeman.io Andy Lindeman: [3, 3]
	jgrafton@google.com Jeff Grafton: [133, 62]
	spxtr@google.com Joe Finney: [0, 16]
	george.kraft@canonical.com George Kraft: [37, 26]
	rhallise@redhat.com Ryan Hallisey: [11, 57]
	mkargaki@redhat.com Michail Kargakis: [3, 3]
	admin@toph.ca Christoph Blecker: [3, 3]
	yjhong@google.com Yu-Ju Hong: [14, 5]
	jvallejo@redhat.com juanvallejo: [59, 1]
	robertbailey@google.com Robert Bailey: [3, 3]
	acidburn@google.com Jess Frazelle: [1, 6]
	vsemushi@redhat.com Slava Semushin: [2, 3]
	kmter@live.com shawyeok: [199, 54]
	djmm@google.com David McMahon: [0, 81]
	zml@google.com Zach Loafman: [43, 33]
	eparis@redhat.com Eric Paris: [22, 11]
	sean@coreitpro.com Sean M. Collins: [10, 2]
	vmik@google.com Mik Vyatskov: [0, 6]
	chenr.fnst@cn.fujitsu.com xilabao: [6, 1]
	thepope@thepopeisdead.com Keith Pope: [1, 0]
	klaus1982.cn@gmail.com Klaus Ma: [2, 2]
	mml@google.com Matt Liggett: [1, 1]
	senlu@google.com Sen Lu: [1, 1]
	jsz@google.com Jerzy Szczepkowski: [2, 1]
	verb@google.com Lee Verberne: [0, 1]
	maisem@google.com Maisem Ali: [16, 0]
	sadlil@appscode.com sadlil: [3, 3]
	meybohm@traum-ferienwohnungen.de Janis Meybohm: [1, 0]
	bowei@google.com Bowei Du: [3, 5]
	pjt73651@gmail.com DjangoPeng: [2, 2]
unknown 155395 135722
	ablock84@gmail.com Alexander Block: [359, 20]
	jliggitt@redhat.com Jordan Liggitt: [4796, 1324]
	danw@concur.com Wilson, Dan: [263, 12]
	justin@fathomdb.com Justin Santa Barbara: [192, 24]
	mbauer@us.ibm.com Morgan Bauer: [8, 2]
	mikedanese@google.com Mike Danese: [2365, 746]
	hekumar@redhat.com Hemant Kumar: [191, 45]
	liamwhite@uk.ibm.com Liam White: [172, 20]
	zhouhaibing089@gmail.com zhouhaibing089: [112, 37]
	ryeterrell@ryeterrell.net Rye Terrell: [105, 238]
	yuquan.ren@easystack.cn NickrenREN: [415, 282]
	mtaufen@google.com Michael Taufen: [261, 225]
	jaescobar.cell@gmail.com Alejandro Escobar: [73, 25]
	max@kutsevol.com Maxym Kutsevol: [383, 91]
	m@moscar.net Mikkel Oscar Lyderik Larsen: [5, 5]
	michael.fraenkel@gmail.com Michael Fraenkel: [2345, 215]
	sebastian@loodse.com Sebastian Scheele: [23, 7]
	maszulik@redhat.com Maciej Szulik: [945, 76]
	sgott@redhat.com Stu Gott: [172, 0]
	axino@canonical.com axino: [5, 2]
	nikhiljindal@google.com nikhiljindal: [31, 105]
	bburns@google.com Brendan Burns: [3056, 1568]
	saratk@gmail.com Sarat Kamisetty: [220, 71]
	shashidhara.td@huawei.com shashidharatd: [1160, 663]
	wojtekt@google.com Wojciech Tyczynski: [1238, 122]
	taotaotheripper@gmail.com Random-Liu: [925, 97]
	dcbw@redhat.com Dan Williams: [111, 32]
	michael.mrowetz@cdnetworks.co.kr Michael Mrowetz: [11, 0]
	harryz@hyper.sh Harry Zhang: [388, 331]
	csbell@google.com Christian Bell: [153, 5]
	james@r-vn.org James Ravn: [18, 14]
	gmarek@google.com gmarek: [1980, 120]
	agoldste@redhat.com Andy Goldstein: [1683, 269]
	dmcquay@apprenda.com Derek McQuay: [116, 20]
	mixia@google.com Minhan Xia: [1072, 178]
	shiywang@redhat.com shiywang: [264, 202]
	xingzhou@cn.ibm.com Xing Zhou: [600, 3]
	divyenp@vmware.com divyenpatel: [1053, 6]
	kpgriffith@me.com Kevin Griffith: [56, 206]
	ashley@victorianfox.com Ashley Reese: [1, 1]
	miaol@vmware.com Miao Luo: [205, 94]
	ccoleman@redhat.com Clayton Coleman: [11944, 11258]
	apelisse@google.com Antoine Pelisse: [163, 76]
	dan.gillespie@coreos.com Dan Gillespie: [916, 999]
	andrewpilloud@igneoussystems.com Andrew Pilloud: [10, 19]
	fejta@google.com Erick Fejta: [456, 916]
	dhodovsk@redhat.com Dominika Hodovska: [219, 176]
	vishnuk@google.com Vishnu Kannan: [186, 160]
	stefan.schimanski@gmail.com Dr. Stefan Schimanski: [6537, 4272]
	jacobsimpson@google.com Jacob Simpson: [26, 27]
	pszczesniak@google.com Piotr Szczesniak: [135, 2640]
	madhusudancs@google.com Madhusudan.C.S: [311, 46]
	rene.treffer@soundcloud.com Rene Treffer: [29, 15]
	luca.bruno@coreos.com Luca Bruno: [24, 16]
	chiachenk@google.com Janet Kuo: [171, 122]
	jay@apache.org jayunit100: [515, 347]
	zihongz@google.com Zihong Zheng: [23, 15]
	vladimir.vivien@gmail.com Vladimir Vivien: [7, 3]
	ancosen@gmail.com Andrea Cosentino: [23, 56]
	deads@redhat.com deads2k: [62350, 87563]
	decarr@redhat.com Derek Carr: [407, 28]
	krousey@google.com Kris: [361, 112]
	beeps@google.com bprashanth: [1, 1]
	hchiramm@redhat.com Humble Chirammal: [176, 33]
	mawong@redhat.com Matthew Wong: [225, 61]
	wangzefeng@huawei.com Kevin: [610, 240]
	shyamjvs@google.com Shyam Jeedigunta: [211, 57]
	lucas@weave.works Lucas Käldström: [1502, 1279]
	mehdy@google.com mbohlool: [9537, 5643]
	jvance@redhat.com Jeff Vance: [929, 655]
	jgrafton@google.com Jeff Grafton: [725, 669]
	spxtr@google.com Joe Finney: [3, 7]
	jorge@ubuntu.com Jorge O. Castro: [3, 4]
	sjenning@redhat.com Seth Jennings: [8, 4]
	dgoodwin@redhat.com Devan Goodwin: [12, 12]
	mkargaki@redhat.com Michail Kargakis: [660, 366]
	ffranz@redhat.com Fabiano Franz: [178, 28]
	admin@toph.ca Christoph Blecker: [12, 182]
	yjhong@google.com Yu-Ju Hong: [17344, 787]
	tstclair@redhat.com Timothy St. Clair: [88, 161]
	jvallejo@redhat.com juanvallejo: [49, 15]
	beeradb@gmail.com Brad Bowman: [1, 1]
	jcope@redhat.com Jon Cope: [20, 20]
	aleksandram@google.com Aleksandra Malinowska: [61, 138]
	dbsmith@google.com Daniel Smith: [36, 5]
	acidburn@google.com Jess Frazelle: [31, 3]
	rmmh@google.com Ryan Hitchman: [53, 1]
	ipalade@redhat.com PI-Victor: [1, 1]
	grodrigues3@users.noreply.github.com grodrigues3: [9, 71]
	avagarwa@redhat.com Avesh Agarwal: [1, 1]
	vsemushi@redhat.com Slava Semushin: [2, 9]
	matthias.bertschy@gmail.com Matthias Bertschy: [11, 2]
	vija@ebay.com Vijay Samuel: [13, 13]
	lukasz.szaszkiewicz@gmail.com p0lyn0mial: [107, 0]
	dashpole@google.com David Ashpole: [401, 261]
	eric.chiang.m@gmail.com Eric Chiang: [86, 6]
	rene.saenz@gmail.com Rene Saenz: [20, 20]
	kmter@live.com shawyeok: [1, 0]
	maciej.iai@gmail.com Maciej Kwiek: [221, 51]
	quinton@google.com Quinton Hoole: [2, 0]
	steve@heptio.com Steve Kriss: [60, 35]
	zml@google.com Zach Loafman: [3, 2]
	vmik@google.com Mik Vyatskov: [46, 30]
	supermouselyh@hotmail.com Lou Yihua: [2, 0]
	ales.nosek@gmail.com Ales Nosek: [3, 0]
	feiskyer@gmail.com Pengfei Ni: [1444, 2273]
	chenr.fnst@cn.fujitsu.com xilabao: [21, 10]
	tan.shanshan@zte.com.cn tanshanshan: [144, 2]
	bonifaido@gmail.com Nandor Kracser: [1, 1]
	hchen@redhat.com Huamin Chen: [20, 4]
	mkhan@redhat.com Monis Khan: [5, 0]
	pmorie@redhat.com Paul Morie: [339, 187]
	tsmetana@redhat.com Tomas Smetana: [63, 148]
	irfan.rehman@huawei.com Irfan Ur Rehman: [2142, 20]
	klaus1982.cn@gmail.com Klaus Ma: [463, 184]
	pires@apprenda.com Paulo Pires: [555, 703]
	danw@redhat.com Dan Winship: [111, 13]
	jsz@google.com Jerzy Szczepkowski: [5, 23]
	mike@mikebryant.me.uk Mike Bryant: [1, 1]
	euan.kemp@coreos.com Euan Kemp: [5, 4]
	liu.hao89@zte.com.cn foxyriver: [3, 1]
	ouyang.qinhua@zte.com.cn bruceauyeung: [16, 12]
	pu.junqi@zte.com.cn tianshapjq: [2, 5]
	grod@google.com Garrett Rodrigues: [115, 25]
	schickin@google.com thomasschickinger: [6, 5]
	cole.mickens@gmail.com Cole Mickens: [19, 5]
	calebamiles@users.noreply.github.com caleb miles: [4, 109]
	andrew@andrewrynhard.com Andrew Rynhard: [275, 69]
	peay@protonmail.com peay: [131, 54]
	dukexar@gmail.com Anton Klautsan: [150, 25]
	saadali@google.com Saad Ali: [252, 249]
	stclair@google.com Tim St. Clair: [1, 1]
	seharris@us.ibm.com Steven E. Harris: [9, 6]
	sadlil@appscode.com sadlil: [5, 5]
	julien.balestra@gmail.com Julien Balestra: [43, 0]
	meybohm@traum-ferienwohnungen.de Janis Meybohm: [1, 0]
	coolhzb@163.com AdoHe: [136, 64]
	zhang.dongjie@zte.com.cn zdj6373: [6, 6]
	screeley@redhat.com Scott Creeley: [6, 5]
	mengqiy@google.com ymqytw: [515, 169]
	dawnchen@google.com Dawn Chen: [24, 412]
	rkouj@google.com rkouj: [74, 23]
	msau@google.com Michelle Au: [8, 8]
	pweil@redhat.com pweil-: [1662, 60]
	yarntime@163.com yarntime@163.com: [2, 2]
	ramanathana@google.com Anirudh: [119, 15]
	sross@redhat.com Solly Ross: [33, 1]
	marc@proze.net Marc-Antoine Ross: [2, 2]
	rfranken@google.com Rob Franken: [1, 1]
	xychu2008@gmail.com Ethan Chu: [2, 2]
	clove@cnmconsulting.net chrislovecnm: [74, 43]
	mqliang.zju@gmail.com mqliang: [26, 6]
	jsafrane@redhat.com Jan Safranek: [242, 230]
	xiangfeiz@vmware.com Xiangfei Zhu: [5, 5]
	pwittroc@google.com Phillip Wittrock: [112, 28]
	bowei@google.com Bowei Du: [22, 3231]
	oguzp@microsoft.com Oguz Pastirmaci: [30, 0]
	skuznets@redhat.com Steve Kuznetsov: [7, 0]
	beacham@google.com Jacob Beacham: [7, 7]
	gyliu513@gmail.com Guangya Liu: [1, 1]
	sid@rancher.com wlan0: [3, 3]
	simon@swine.de Christian Simon: [102, 11]
	lukaszoles@gmail.com Łukasz Oleś: [15, 0]
image 0 0
	oguzp@microsoft.com Oguz Pastirmaci: [0, 0]
documentation 83 42
	jliggitt@redhat.com Jordan Liggitt: [6, 4]
	mikedanese@google.com Mike Danese: [0, 0]
	ryeterrell@ryeterrell.net Rye Terrell: [1, 1]
	mtaufen@google.com Michael Taufen: [0, 3]
	michael.fraenkel@gmail.com Michael Fraenkel: [6, 0]
	shashidhara.td@huawei.com shashidharatd: [3, 0]
	gmarek@google.com gmarek: [1, 0]
	agoldste@redhat.com Andy Goldstein: [1, 0]
	mixia@google.com Minhan Xia: [1, 0]
	ccoleman@redhat.com Clayton Coleman: [0, 0]
	pszczesniak@google.com Piotr Szczesniak: [0, 0]
	luca.bruno@coreos.com Luca Bruno: [0, 1]
	deads@redhat.com deads2k: [49, 22]
	lukasz.szaszkiewicz@gmail.com p0lyn0mial: [0, 0]
	kmter@live.com shawyeok: [2, 0]
	feiskyer@gmail.com Pengfei Ni: [8, 9]
	klaus1982.cn@gmail.com Klaus Ma: [0, 0]
	pires@apprenda.com Paulo Pires: [1, 0]
	pweil@redhat.com pweil-: [0, 0]
	clove@cnmconsulting.net chrislovecnm: [4, 2]
	lukaszoles@gmail.com Łukasz Oleś: [0, 0]
ui 9 0
	jgrafton@google.com Jeff Grafton: [3, 0]
	spxtr@google.com Joe Finney: [6, 0]
build 443 254
	ablock84@gmail.com Alexander Block: [3, 0]
	jliggitt@redhat.com Jordan Liggitt: [101, 37]
	mikedanese@google.com Mike Danese: [33, 2]
	mtaufen@google.com Michael Taufen: [6, 6]
	wojtekt@google.com Wojciech Tyczynski: [3, 1]
	taotaotheripper@gmail.com Random-Liu: [91, 2]
	michael.mrowetz@cdnetworks.co.kr Michael Mrowetz: [1, 0]
	luca.bruno@coreos.com Luca Bruno: [5, 2]
	zihongz@google.com Zihong Zheng: [4, 4]
	shyamjvs@google.com Shyam Jeedigunta: [2, 6]
	lucas@weave.works Lucas Käldström: [21, 18]
	jgrafton@google.com Jeff Grafton: [75, 61]
	spxtr@google.com Joe Finney: [5, 5]
	rhallise@redhat.com Ryan Hallisey: [14, 4]
	zml@google.com Zach Loafman: [3, 4]
	vmik@google.com Mik Vyatskov: [14, 5]
	euan.kemp@coreos.com Euan Kemp: [39, 16]
	schickin@google.com thomasschickinger: [13, 2]
	sadlil@appscode.com sadlil: [3, 3]
	kay.diam@gmail.com kayrus: [4, 5]
	bowei@google.com Bowei Du: [3, 71]
translation 2791 1406
	bburns@google.com Brendan Burns: [2791, 1406]
devel-doc 108919 93825
code 3955 3213
unknown 155395 135722
image 0 0
documentation 83 42
ui 9 0
build 443 254
translation 2791 1406
