Filter on "^vendor/|/vendor/"
open output file /Users/lukasz/dev/cncf/gitdm/other_repos/kubernetes_range_unknown_2017-05-12_2017-06-11.csv

WARNING: duplicate email/empl for pekowski@gmail.com
WARNING: duplicate email/empl for thingee@gmail.com
WARNING: duplicate email/empl for t.trifonov@gmail.com
WARNING: duplicate email/empl for lyz@princessleia.com
WARNING: duplicate email/empl for robertc@robertcollins.net
WARNING: duplicate email/empl for clint@fewbar.com
WARNING: duplicate email/empl for andrew@linuxjedi.co.uk
WARNING: duplicate email/empl for duncan.thomas@gmail.com
WARNING: duplicate email/empl for kiall@managedit.ie
WARNING: duplicate email/empl for devananda.vdv@gmail.com
WARNING: duplicate email/empl for zaro0508@gmail.com
WARNING: duplicate email/empl for shrewsbury.dave@gmail.com
WARNING: duplicate email/empl for j3p0uk@hotmail.com
WARNING: duplicate email/empl for me@mark.atwood.name
WARNING: duplicate email/empl for slicknik@gmail.com
WARNING: duplicate email/empl for cmsj@tenshu.net
WARNING: duplicate email/empl for anteaya@anteaya.info
WARNING: duplicate email/empl for greg@greghaynes.net
WARNING: duplicate email/empl for matt@mattfarina.com
WARNING: duplicate email/empl for jp@jamezpolley.com
WARNING: duplicate email/empl for steven@wedontsleep.org
WARNING: duplicate email/empl for gleebix@gmail.com
WARNING: duplicate email/empl for code@gentlydownthe.net
WARNING: duplicate email/empl for morgan.fainberg@gmail.com
WARNING: duplicate email/empl for jeblair@hp.com
WARNING: duplicate email/empl for juliaashleykreger@gmail.com
WARNING: duplicate email/empl for stephane@alum.mit.edu
WARNING: duplicate email/empl for kragniz@gmail.com
WARNING: duplicate email/empl for wchrisjohnson@gmail.com
WARNING: duplicate email/empl for daisy.ycguo@gmail.com
WARNING: duplicate email/empl for mordred@inaugust.com
WARNING: duplicate email/empl for zxkuqyb@gmail.com
WARNING: duplicate email/empl for amigliaccio@internap.com
WARNING: duplicate email/empl for yorik.sar@gmail.com
WARNING: duplicate email/empl for e0ne@e0ne.info
WARNING: duplicate email/empl for gabriel@strikeawe.com
WARNING: duplicate email/empl for heckj@mac.com
WARNING: duplicate email/empl for ke.wu@ibeca.me
WARNING: duplicate email/empl for rushi.agr@gmail.com
WARNING: duplicate email/empl for salv.orlando@gmail.com
WARNING: duplicate email/empl for tushar.vitthal.patil@gmail.com
WARNING: duplicate email/empl for jmckenty@gmail.com
WARNING: duplicate email/empl for anne@openstack.org
WARNING: duplicate email/empl for breu@breu.org
WARNING: duplicate email/empl for cbehrens@codestud.com
WARNING: duplicate email/empl for clay.gerrard@gmail.com
WARNING: duplicate email/empl for corywright@gmail.com
WARNING: duplicate email/empl for cp16net@gmail.com
WARNING: duplicate email/empl for cthier@gmail.com
WARNING: duplicate email/empl for darren.birkett@gmail.com
WARNING: duplicate email/empl for dolph.mathews@gmail.com
WARNING: duplicate email/empl for ed@leafe.com
WARNING: duplicate email/empl for github@highbridgellc.com
WARNING: duplicate email/empl for greglange@gmail.com
WARNING: duplicate email/empl for hugh@wherenow.org
WARNING: duplicate email/empl for imsplitbit@gmail.com
WARNING: duplicate email/empl for jason@koelker.net
WARNING: duplicate email/empl for jcruz7@gmail.com
WARNING: duplicate email/empl for josh@jk0.org
WARNING: duplicate email/empl for mattt@defunct.ca
WARNING: duplicate email/empl for mbasnight@gmail.com
WARNING: duplicate email/empl for mike@weirdlooking.com
WARNING: duplicate email/empl for msherborne@gmail.com
WARNING: duplicate email/empl for naveedm9@gmail.com
WARNING: duplicate email/empl for paul@openstack.org
WARNING: duplicate email/empl for rnirmal@gmail.com
WARNING: duplicate email/empl for rconradharris@gmail.com
WARNING: duplicate email/empl for thierry@openstack.org
WARNING: duplicate email/empl for throughnothing@gmail.com
WARNING: duplicate email/empl for yoga80@yahoo.com
WARNING: duplicate email/empl for mark.washenberger@markwash.net
WARNING: duplicate email/empl for p@draigbrady.com
WARNING: duplicate email/empl for zaitcev@kotori.zaitcev.us
WARNING: duplicate email/empl for julie.pichon@gmail.com
WARNING: duplicate email/empl for ghe@debian.org
WARNING: duplicate email/empl for sorrison@gmail.com
kb@itsvit.org is an author name, probably not what you want
unknown@hacker.net Unknown hacker
xuchao@google.com Chao Xu
	code [4, 17]
	unknown [10774, 706]
	devel-doc [1852, 644]
	documentation [0, 0]
madaxa@cn.ibm.com Klaus Ma
	unknown [360, 150]
	devel-doc [117, 18]
	documentation [0, 0]
ccoleman@redhat.com Clayton Coleman
	unknown [11304, 2260]
	devel-doc [395, 100]
	code [21, 14]
	build [1, 1]
	documentation [0, 0]
avagarwa@redhat.com Avesh Agarwal
	unknown [59, 3]
shashidhara.td@huawei.com shashidharatd
	unknown [215, 158]
	devel-doc [107, 14]
	code [1, 12]
madhusudancs@google.com Madhusudan.C.S
	unknown [28, 1]
	code [49, 11]
enisoc@google.com Anthony Yeh
	unknown [277, 48]
	devel-doc [242, 157]
	code [118, 5]
saksham0808@gmail.com Saksham Sharma
	unknown [718, 56]
	devel-doc [54, 0]
sross@redhat.com Solly Ross
	code [4, 1]
	unknown [1115, 58]
	devel-doc [2, 0]
	documentation [0, 0]
lucas@weave.works Lucas Käldström
	unknown [128, 42]
	devel-doc [7, 2]
danw@redhat.com Dan Winship
	unknown [5846, 299]
	devel-doc [930, 0]
	documentation [0, 0]
stefan.schimanski@gmail.com Dr. Stefan Schimanski
	unknown [3811, 1153]
	devel-doc [404, 140]
	code [34, 31]
jack.francis@microsoft.com Jack Francis
	unknown [626, 145]
	devel-doc [3, 0]
caosf.fnst@cn.fujitsu.com Cao Shufeng
	unknown [466, 66]
	devel-doc [1, 1]
	code [33, 8]
	documentation [1, 9]
mikedanese@google.com Mike Danese
	devel-doc [31, 8]
	code [2, 3]
	unknown [361, 492]
	documentation [1, 0]
	ui [7, 6]
	build [1302, 1525]
wojtekt@google.com Wojciech Tyczynski
	unknown [1147, 978]
	devel-doc [6, 5]
	code [0, 29]
	build [3, 3]
owensk@google.com Kenneth Owens
	unknown [5407, 451]
	devel-doc [78, 0]
	documentation [0, 0]
sunilarora@google.com Sunil Arora
	unknown [306, 90]
	devel-doc [4, 0]
deads@redhat.com deads2k
	unknown [4695, 3072]
	devel-doc [229, 59]
	code [95, 14]
vsemushi@redhat.com Slava Semushin
	unknown [4, 3]
fengyun.pan@easystack.cn FengyunPan
	unknown [384, 120]
	devel-doc [1, 0]
sdw35@cornell.edu Scott Weiss
	unknown [461, 0]
	devel-doc [7, 0]
baofa.fan@daocloud.io carlory
	unknown [10, 7]
	code [1, 1]
beacham@google.com Jacob Beacham
	unknown [334, 12]
	devel-doc [35, 3]
admin@toph.ca Christoph Blecker
	code [10, 9]
	unknown [1724, 1721]
	devel-doc [75, 74]
	documentation [0, 0]
	build [2, 2]
jliggitt@redhat.com Jordan Liggitt
	unknown [4880, 862]
	devel-doc [386, 4]
	code [15, 1]
	documentation [0, 0]
yjhong@google.com Yu-Ju Hong
	unknown [7966, 5511]
	devel-doc [6, 1]
maciekpytel@google.com Maciej Pytel
	unknown [11, 8]
jeffml@google.com Jeff Lowdermilk
	unknown [1, 1]
stclair@google.com Tim St. Clair
	unknown [1538, 202]
	devel-doc [179, 3]
	code [7, 1]
	build [129, 4]
gyliu513@gmail.com Guangya Liu
	unknown [94, 30]
ramanathana@google.com Anirudh Ramanathan
	code [18, 4]
	unknown [338, 50]
	devel-doc [1, 0]
	documentation [1, 0]
zihongz@google.com Zihong Zheng
	unknown [1411, 1004]
	devel-doc [9, 48]
lukasz.szaszkiewicz@gmail.com p0lyn0mial
	unknown [321, 250]
	devel-doc [28, 50]
jinxu@google.com Jing Xu
	unknown [1301, 85]
	devel-doc [3, 0]
	documentation [0, 0]
ricky.pai@airbnb.com Ricky Pai
	unknown [54, 1]
agarwalrohit@google.com Rohit Agarwal
	unknown [39, 1]
mitsuhiro.tanino@hds.com mtanino
	unknown [108, 47]
zhang.xiaoyu33@zte.com.cn zhangxiaoyu-zidif
	unknown [172, 43]
pwittroc+github@google.com Phillip Wittrock
	unknown [5, 0]
mehdy@google.com mbohlool
	unknown [6131, 3722]
	devel-doc [838, 65]
	code [1, 1]
dashpole@google.com David Ashpole
	unknown [695, 511]
	devel-doc [632, 6]
	code [1, 5]
shyamjvs@google.com Shyam Jeedigunta
	unknown [1324, 119]
	devel-doc [69, 0]
	code [82, 87]
	build [0, 0]
	documentation [1, 0]
nicksardo@google.com Nick Sardo
	unknown [2039, 634]
	devel-doc [24, 1]
	build [10, 0]
qlee@google.com Quintin Lee
	unknown [28, 6]
	devel-doc [19, 0]
chiachenk@google.com Janet Kuo
	unknown [2979, 1289]
	devel-doc [76, 5]
	code [40, 0]
	documentation [0, 0]
thockin@google.com Tim Hockin
	code [3, 0]
	unknown [739, 156]
	devel-doc [18, 4]
	documentation [0, 0]
	build [2, 0]
gkuncoro@vmware.com Giri Kuncoro
	unknown [10247, 10110]
	translation [93, 1]
mtaufen@google.com Michael Taufen
	unknown [6, 5]
	devel-doc [1, 0]
vmik@google.com Mik Vyatskov
	unknown [106, 5]
doliu@microsoft.com Dong Liu
	unknown [522, 105]
	devel-doc [51, 1]
wasylkowski@google.com Andrzej Wasylkowski
	unknown [24, 6]
	devel-doc [2, 0]
xingzhou@cn.ibm.com Xing Zhou
	unknown [2, 24]
	devel-doc [0, 2]
jgrafton@google.com Jeff Grafton
	unknown [8, 31]
	devel-doc [1, 13]
	ui [3, 0]
mmazurskiy@atlassian.com Mikhail Mazurskiy
	unknown [172, 20]
	devel-doc [2, 0]
mml@google.com Matt Liggett
	unknown [10, 1]
	devel-doc [1, 0]
dawnchen@google.com Dawn Chen
	unknown [28, 127]
vishnuk@google.com Vishnu kannan
	unknown [8, 8]
	code [39, 23]
dnardo@google.com Daniel Nardo
	unknown [46, 1]
	build [3, 0]
cxing@google.com Cheng Xing
	unknown [120, 9]
	devel-doc [1, 0]
grod@google.com Garrett Rodrigues
	unknown [2, 0]
marton.natko@gmail.com n-marton
	unknown [9, 0]
393926893@qq.com zhengjiajin
	unknown [660, 86]
	devel-doc [10, 9]
	documentation [0, 0]
alberto.garcial@hotmail.com enxebre
	unknown [339, 0]
	devel-doc [4, 0]
wfender@google.com Walter Fender
	unknown [87, 56]
chenr.fnst@cn.fujitsu.com xilabao
	unknown [570, 21]
	devel-doc [9, 1]
	code [2, 2]
	translation [3, 5]
stephenhsu90@gmail.com Di Xu
	unknown [11, 23]
kumaraji@google.com Ajit Kumar
	code [6, 0]
	build [7, 2]
dbsmith@google.com Daniel Smith
	unknown [782, 1065]
	devel-doc [14, 10]
mengqiy@google.com ymqytw
	unknown [6187, 1531]
decarr@redhat.com Derek Carr
	unknown [320, 125]
	devel-doc [3, 1]
alexdwanerobinson@gmail.com Alex Robinson
	unknown [5, 2]
jwhitlock@apache.org Jeremy Whitlock
	unknown [1601, 0]
	devel-doc [160, 0]
	code [108, 0]
eric.chiang.m@gmail.com Eric Chiang
	unknown [862, 32]
	devel-doc [62, 0]
	documentation [2, 0]
haowang@redhat.com Haoran Wang
	code [1, 1]
fangyuhao@gmail.com x1957
	unknown [3, 1]
nickren19@gmail.com NickrenREN
	unknown [245, 115]
	devel-doc [48, 0]
talk.to.waseem@gmail.com Waseem Ahmad
	unknown [182, 96]
tnozicka@gmail.com Tomas Nozicka
	unknown [2, 0]
zhao.xiangpeng@zte.com.cn xiangpengzhao
	unknown [30, 3]
	build [2, 2]
jiang.lingxia@zte.com.cn jianglingxia
	unknown [5, 9]
	devel-doc [2, 2]
ygg@google.com Yang Guo
	unknown [634, 2]
	devel-doc [3, 0]
hchen@redhat.com Huamin Chen
	unknown [83, 47]
	devel-doc [1, 0]
cjcullen@google.com CJ Cullen
	unknown [8, 3]
	code [8, 0]
	build [8, 0]
	documentation [1, 0]
divyenp@vmware.com divyenpatel
	unknown [592, 413]
	devel-doc [2, 0]
jregan@google.com Jeffrey Regan
	unknown [56, 55]
	devel-doc [43, 5]
dvorak@google.com Jonathan MacMillan
	unknown [265, 62]
	devel-doc [3, 0]
senlu@google.com Sen Lu
	code [2, 2]
ahmetb@google.com Ahmet Alp Balkan
	unknown [1634, 1431]
	devel-doc [194, 0]
	documentation [0, 0]
hchiramm@redhat.com Humble Chirammal
	unknown [371, 263]
	devel-doc [18, 4]
gmarek@google.com gmarek
	unknown [30, 13]
	devel-doc [3, 0]
	code [8, 3]
abhinav.dahiya@coreos.com Abhinav Dahiya
	unknown [1, 1]
ffranz@redhat.com Fabiano Franz
	unknown [7, 1]
jacobsimpson@google.com Jacob Simpson
	unknown [167, 63]
	devel-doc [1, 0]
	documentation [1, 0]
fabrizio.pandini@gmail.com fabriziopandini
	unknown [30, 30]
stanislaw.szydlo@intel.com Stanisław Szydło
	unknown [1, 1]
	code [2, 2]
	build [1, 1]
horwitzja@gmail.com Josh Horwitz
	unknown [22, 0]
nikitaraghunath@gmail.com Nikhita Raghunath
	unknown [354, 49]
	devel-doc [2, 0]
yasstij11@gmail.com Yassine TIJANI
	unknown [4, 7]
xychu2008@gmail.com Ethan Chu
	unknown [47, 20]
campbellalex@google.com Alexander Campbell
	code [37, 19]
	unknown [144, 68]
	documentation [21, 0]
agonzalezro@gmail.com Álex González
	devel-doc [1, 1]
jungong@tencent.com Jun Gong
	unknown [3, 1]
bowei@google.com Bowei Du
	unknown [11, 7]
	devel-doc [1, 1]
	code [66, 27]
abw@google.com Adam Worrall
	unknown [115, 9]
	devel-doc [1, 0]
artmr@lsd.ufcg.edu.br Arthur Miranda
	unknown [298, 0]
	devel-doc [2, 0]
	documentation [3, 0]
msau@google.com Michelle Au
	unknown [1157, 5]
	devel-doc [71, 0]
	documentation [0, 0]
bvanzant@brkt.com Bob Van Zant
	unknown [22, 11]
andy.goldstein@gmail.com Andy Goldstein
	code [35, 22]
	unknown [462, 103]
	devel-doc [11, 5]
	documentation [2, 0]
bryan@weave.works Bryan Boreham
	unknown [0, 2]
yunxian.guo@easystack.cn guoyunxian
	unknown [0, 2]
li.xiaobing1@zte.com.cn lixiaobing1
	unknown [4, 1]
ailusazh@126.com ailusazh
	unknown [1, 1]
mawong@redhat.com Matthew Wong
	unknown [157, 40]
emaildanwilson@gmail.com emaildanwilson
	unknown [153, 42]
	devel-doc [2, 0]
mkhan@redhat.com Monis Khan
	unknown [89, 19]
	code [12, 4]
marun@redhat.com Maru Newby
	unknown [253, 1268]
	devel-doc [18, 32]
	documentation [2, 0]
alex.crawford@coreos.com Alex Crawford
	unknown [3, 3]
henrique@lsd.ufcg.edu.br Henrique Truta
	unknown [1, 1]
mkargaki@redhat.com Michail Kargakis
	unknown [91, 29]
	devel-doc [4, 1]
	documentation [0, 0]
ouyang.qinhua@zte.com.cn bruceauyeung
	code [3, 0]
harryz@hyper.sh Harry Zhang
	unknown [1, 1]
shiyang.wang@outlook.com Shiyang Wang
	unknown [1, 1]
	code [1, 1]
ninkendo@gmail.com Ken Simon
	unknown [38, 21]
bdontu@vmware.com System Administrator
	unknown [669, 210]
	devel-doc [676, 2]
	documentation [0, 0]
harsh@portworx.com Harsh Desai
	unknown [54, 73]
	devel-doc [2, 2]
timothysc@gmail.com Timothy St. Clair
	unknown [180, 58]
	devel-doc [2, 1]
	documentation [2, 0]
jinsenorita@gmail.com Ginwala
	unknown [2, 2]
sjenning@redhat.com Seth Jennings
	unknown [95, 0]
matthew.potter@uswitch.com Matt Potter
	unknown [13, 17]
	devel-doc [1, 0]
kb@itsvit.org kb@itsvit.org
	unknown [17, 20]
	code [5, 1]
	build [2, 2]
xxiaozhou@gmail.com Author xiao-zhou
	unknown [136, 0]
taotaotheripper@gmail.com Random-Liu
	unknown [54, 19]
	code [2, 2]
robertojrojas@gmail.com Roberto J Rojas
	unknown [11, 6]
etune@google.com Eric Tune
seharris@us.ibm.com Steven E. Harris
	unknown [5, 12]
wang.bin21@zte.com.cn billy2180
	unknown [4, 4]
jmacleod@google.com Jago Macleod
	devel-doc [16, 0]
shiywang@redhat.com shiywang
	unknown [232, 0]
	devel-doc [7, 1]
luis.pabon@coreos.com Luis Pabón
	unknown [109, 4]
mashimiao.fnst@cn.fujitsu.com Ma Shimiao
	unknown [1, 3]
mwielgus@google.com Marcin Wielgus
	code [2, 2]
jay@apache.org jayunit100
	unknown [75, 45]
pu.junqi@zte.com.cn tianshapjq
	unknown [3, 3]
bburns@google.com Brendan Burns
	unknown [159, 14]
	documentation [0, 0]
davidewatson@gmail.com David E Watson
	unknown [1, 1]
salvatore-dario.minonne@amadeus.com Salvatore Dario Minonne
	unknown [192, 3]
	devel-doc [2, 0]
yu.peng36@zte.com.cn yupengzte
	unknown [10, 13]
pc@michali.net Paul Michali
	unknown [81, 9]
sidvin@amazon.com Vinothkumar Siddharth
	code [1, 2]
sky.captin@gmail.com Werner
	unknown [15, 14]
	build [2, 1]
maciaszczykm@users.noreply.github.com Marcin Maciaszczyk
	unknown [1, 1]
haoyuan.ge@caicloud.io haoyuan
	unknown [0, 38]
feiskyer@gmail.com Pengfei Ni
	unknown [513, 286]
	devel-doc [1, 1]
sanderp@q42.nl Sander Ploegsma
	code [1, 1]
nikhiljindal@google.com nikhiljindal
	code [3, 0]
george.kraft@canonical.com George Kraft
	build [12, 0]
licl@primeton.com lichunlong
	unknown [45, 7]
crazykev@zju.edu.cn Crazykev
	unknown [9, 3]
	code [0, 1]
kazuki.suda@gmail.com Kazuki Suda
	unknown [11, 1]
nislamov@atlassian.com Nail Islamov
	unknown [1, 1]
rober.morales@rstor.io Rober Morales-Chaparro
	unknown [1, 1]
matthias.greiner@stud.uni-heidelberg.de Matthias Greiner
	unknown [2, 2]
pszczesniak@google.com Piotr Szczesniak
	unknown [6, 2]
21521209@zju.edu.cn heartlock
	unknown [288, 236]
devel-doc 8327 1507
	xuchao@google.com Chao Xu: [1852, 644]
	madaxa@cn.ibm.com Klaus Ma: [117, 18]
	ccoleman@redhat.com Clayton Coleman: [395, 100]
	shashidhara.td@huawei.com shashidharatd: [107, 14]
	enisoc@google.com Anthony Yeh: [242, 157]
	saksham0808@gmail.com Saksham Sharma: [54, 0]
	sross@redhat.com Solly Ross: [2, 0]
	lucas@weave.works Lucas Käldström: [7, 2]
	danw@redhat.com Dan Winship: [930, 0]
	stefan.schimanski@gmail.com Dr. Stefan Schimanski: [404, 140]
	jack.francis@microsoft.com Jack Francis: [3, 0]
	caosf.fnst@cn.fujitsu.com Cao Shufeng: [1, 1]
	mikedanese@google.com Mike Danese: [31, 8]
	wojtekt@google.com Wojciech Tyczynski: [6, 5]
	owensk@google.com Kenneth Owens: [78, 0]
	sunilarora@google.com Sunil Arora: [4, 0]
	deads@redhat.com deads2k: [229, 59]
	fengyun.pan@easystack.cn FengyunPan: [1, 0]
	sdw35@cornell.edu Scott Weiss: [7, 0]
	beacham@google.com Jacob Beacham: [35, 3]
	admin@toph.ca Christoph Blecker: [75, 74]
	jliggitt@redhat.com Jordan Liggitt: [386, 4]
	yjhong@google.com Yu-Ju Hong: [6, 1]
	stclair@google.com Tim St. Clair: [179, 3]
	ramanathana@google.com Anirudh Ramanathan: [1, 0]
	zihongz@google.com Zihong Zheng: [9, 48]
	lukasz.szaszkiewicz@gmail.com p0lyn0mial: [28, 50]
	jinxu@google.com Jing Xu: [3, 0]
	mehdy@google.com mbohlool: [838, 65]
	dashpole@google.com David Ashpole: [632, 6]
	shyamjvs@google.com Shyam Jeedigunta: [69, 0]
	nicksardo@google.com Nick Sardo: [24, 1]
	qlee@google.com Quintin Lee: [19, 0]
	chiachenk@google.com Janet Kuo: [76, 5]
	thockin@google.com Tim Hockin: [18, 4]
	mtaufen@google.com Michael Taufen: [1, 0]
	doliu@microsoft.com Dong Liu: [51, 1]
	wasylkowski@google.com Andrzej Wasylkowski: [2, 0]
	xingzhou@cn.ibm.com Xing Zhou: [0, 2]
	jgrafton@google.com Jeff Grafton: [1, 13]
	mmazurskiy@atlassian.com Mikhail Mazurskiy: [2, 0]
	mml@google.com Matt Liggett: [1, 0]
	cxing@google.com Cheng Xing: [1, 0]
	393926893@qq.com zhengjiajin: [10, 9]
	alberto.garcial@hotmail.com enxebre: [4, 0]
	chenr.fnst@cn.fujitsu.com xilabao: [9, 1]
	dbsmith@google.com Daniel Smith: [14, 10]
	decarr@redhat.com Derek Carr: [3, 1]
	jwhitlock@apache.org Jeremy Whitlock: [160, 0]
	eric.chiang.m@gmail.com Eric Chiang: [62, 0]
	nickren19@gmail.com NickrenREN: [48, 0]
	jiang.lingxia@zte.com.cn jianglingxia: [2, 2]
	ygg@google.com Yang Guo: [3, 0]
	hchen@redhat.com Huamin Chen: [1, 0]
	divyenp@vmware.com divyenpatel: [2, 0]
	jregan@google.com Jeffrey Regan: [43, 5]
	dvorak@google.com Jonathan MacMillan: [3, 0]
	ahmetb@google.com Ahmet Alp Balkan: [194, 0]
	hchiramm@redhat.com Humble Chirammal: [18, 4]
	gmarek@google.com gmarek: [3, 0]
	jacobsimpson@google.com Jacob Simpson: [1, 0]
	nikitaraghunath@gmail.com Nikhita Raghunath: [2, 0]
	agonzalezro@gmail.com Álex González: [1, 1]
	bowei@google.com Bowei Du: [1, 1]
	abw@google.com Adam Worrall: [1, 0]
	artmr@lsd.ufcg.edu.br Arthur Miranda: [2, 0]
	msau@google.com Michelle Au: [71, 0]
	andy.goldstein@gmail.com Andy Goldstein: [11, 5]
	emaildanwilson@gmail.com emaildanwilson: [2, 0]
	marun@redhat.com Maru Newby: [18, 32]
	mkargaki@redhat.com Michail Kargakis: [4, 1]
	bdontu@vmware.com System Administrator: [676, 2]
	harsh@portworx.com Harsh Desai: [2, 2]
	timothysc@gmail.com Timothy St. Clair: [2, 1]
	matthew.potter@uswitch.com Matt Potter: [1, 0]
	jmacleod@google.com Jago Macleod: [16, 0]
	shiywang@redhat.com shiywang: [7, 1]
	salvatore-dario.minonne@amadeus.com Salvatore Dario Minonne: [2, 0]
	feiskyer@gmail.com Pengfei Ni: [1, 1]
code 883 369
	xuchao@google.com Chao Xu: [4, 17]
	ccoleman@redhat.com Clayton Coleman: [21, 14]
	shashidhara.td@huawei.com shashidharatd: [1, 12]
	madhusudancs@google.com Madhusudan.C.S: [49, 11]
	enisoc@google.com Anthony Yeh: [118, 5]
	sross@redhat.com Solly Ross: [4, 1]
	stefan.schimanski@gmail.com Dr. Stefan Schimanski: [34, 31]
	caosf.fnst@cn.fujitsu.com Cao Shufeng: [33, 8]
	mikedanese@google.com Mike Danese: [2, 3]
	wojtekt@google.com Wojciech Tyczynski: [0, 29]
	deads@redhat.com deads2k: [95, 14]
	baofa.fan@daocloud.io carlory: [1, 1]
	admin@toph.ca Christoph Blecker: [10, 9]
	jliggitt@redhat.com Jordan Liggitt: [15, 1]
	stclair@google.com Tim St. Clair: [7, 1]
	ramanathana@google.com Anirudh Ramanathan: [18, 4]
	mehdy@google.com mbohlool: [1, 1]
	dashpole@google.com David Ashpole: [1, 5]
	shyamjvs@google.com Shyam Jeedigunta: [82, 87]
	chiachenk@google.com Janet Kuo: [40, 0]
	thockin@google.com Tim Hockin: [3, 0]
	vishnuk@google.com Vishnu kannan: [39, 23]
	chenr.fnst@cn.fujitsu.com xilabao: [2, 2]
	kumaraji@google.com Ajit Kumar: [6, 0]
	jwhitlock@apache.org Jeremy Whitlock: [108, 0]
	haowang@redhat.com Haoran Wang: [1, 1]
	cjcullen@google.com CJ Cullen: [8, 0]
	senlu@google.com Sen Lu: [2, 2]
	gmarek@google.com gmarek: [8, 3]
	stanislaw.szydlo@intel.com Stanisław Szydło: [2, 2]
	campbellalex@google.com Alexander Campbell: [37, 19]
	bowei@google.com Bowei Du: [66, 27]
	andy.goldstein@gmail.com Andy Goldstein: [35, 22]
	mkhan@redhat.com Monis Khan: [12, 4]
	ouyang.qinhua@zte.com.cn bruceauyeung: [3, 0]
	shiyang.wang@outlook.com Shiyang Wang: [1, 1]
	kb@itsvit.org kb@itsvit.org: [5, 1]
	taotaotheripper@gmail.com Random-Liu: [2, 2]
	mwielgus@google.com Marcin Wielgus: [2, 2]
	sidvin@amazon.com Vinothkumar Siddharth: [1, 2]
	sanderp@q42.nl Sander Ploegsma: [1, 1]
	nikhiljindal@google.com nikhiljindal: [3, 0]
	crazykev@zju.edu.cn Crazykev: [0, 1]
unknown 116240 45444
	xuchao@google.com Chao Xu: [10774, 706]
	madaxa@cn.ibm.com Klaus Ma: [360, 150]
	ccoleman@redhat.com Clayton Coleman: [11304, 2260]
	avagarwa@redhat.com Avesh Agarwal: [59, 3]
	shashidhara.td@huawei.com shashidharatd: [215, 158]
	madhusudancs@google.com Madhusudan.C.S: [28, 1]
	enisoc@google.com Anthony Yeh: [277, 48]
	saksham0808@gmail.com Saksham Sharma: [718, 56]
	sross@redhat.com Solly Ross: [1115, 58]
	lucas@weave.works Lucas Käldström: [128, 42]
	danw@redhat.com Dan Winship: [5846, 299]
	stefan.schimanski@gmail.com Dr. Stefan Schimanski: [3811, 1153]
	jack.francis@microsoft.com Jack Francis: [626, 145]
	caosf.fnst@cn.fujitsu.com Cao Shufeng: [466, 66]
	mikedanese@google.com Mike Danese: [361, 492]
	wojtekt@google.com Wojciech Tyczynski: [1147, 978]
	owensk@google.com Kenneth Owens: [5407, 451]
	sunilarora@google.com Sunil Arora: [306, 90]
	deads@redhat.com deads2k: [4695, 3072]
	vsemushi@redhat.com Slava Semushin: [4, 3]
	fengyun.pan@easystack.cn FengyunPan: [384, 120]
	sdw35@cornell.edu Scott Weiss: [461, 0]
	baofa.fan@daocloud.io carlory: [10, 7]
	beacham@google.com Jacob Beacham: [334, 12]
	admin@toph.ca Christoph Blecker: [1724, 1721]
	jliggitt@redhat.com Jordan Liggitt: [4880, 862]
	yjhong@google.com Yu-Ju Hong: [7966, 5511]
	maciekpytel@google.com Maciej Pytel: [11, 8]
	jeffml@google.com Jeff Lowdermilk: [1, 1]
	stclair@google.com Tim St. Clair: [1538, 202]
	gyliu513@gmail.com Guangya Liu: [94, 30]
	ramanathana@google.com Anirudh Ramanathan: [338, 50]
	zihongz@google.com Zihong Zheng: [1411, 1004]
	lukasz.szaszkiewicz@gmail.com p0lyn0mial: [321, 250]
	jinxu@google.com Jing Xu: [1301, 85]
	ricky.pai@airbnb.com Ricky Pai: [54, 1]
	agarwalrohit@google.com Rohit Agarwal: [39, 1]
	mitsuhiro.tanino@hds.com mtanino: [108, 47]
	zhang.xiaoyu33@zte.com.cn zhangxiaoyu-zidif: [172, 43]
	pwittroc+github@google.com Phillip Wittrock: [5, 0]
	mehdy@google.com mbohlool: [6131, 3722]
	dashpole@google.com David Ashpole: [695, 511]
	shyamjvs@google.com Shyam Jeedigunta: [1324, 119]
	nicksardo@google.com Nick Sardo: [2039, 634]
	qlee@google.com Quintin Lee: [28, 6]
	chiachenk@google.com Janet Kuo: [2979, 1289]
	thockin@google.com Tim Hockin: [739, 156]
	gkuncoro@vmware.com Giri Kuncoro: [10247, 10110]
	mtaufen@google.com Michael Taufen: [6, 5]
	vmik@google.com Mik Vyatskov: [106, 5]
	doliu@microsoft.com Dong Liu: [522, 105]
	wasylkowski@google.com Andrzej Wasylkowski: [24, 6]
	xingzhou@cn.ibm.com Xing Zhou: [2, 24]
	jgrafton@google.com Jeff Grafton: [8, 31]
	mmazurskiy@atlassian.com Mikhail Mazurskiy: [172, 20]
	mml@google.com Matt Liggett: [10, 1]
	dawnchen@google.com Dawn Chen: [28, 127]
	vishnuk@google.com Vishnu kannan: [8, 8]
	dnardo@google.com Daniel Nardo: [46, 1]
	cxing@google.com Cheng Xing: [120, 9]
	grod@google.com Garrett Rodrigues: [2, 0]
	marton.natko@gmail.com n-marton: [9, 0]
	393926893@qq.com zhengjiajin: [660, 86]
	alberto.garcial@hotmail.com enxebre: [339, 0]
	wfender@google.com Walter Fender: [87, 56]
	chenr.fnst@cn.fujitsu.com xilabao: [570, 21]
	stephenhsu90@gmail.com Di Xu: [11, 23]
	dbsmith@google.com Daniel Smith: [782, 1065]
	mengqiy@google.com ymqytw: [6187, 1531]
	decarr@redhat.com Derek Carr: [320, 125]
	alexdwanerobinson@gmail.com Alex Robinson: [5, 2]
	jwhitlock@apache.org Jeremy Whitlock: [1601, 0]
	eric.chiang.m@gmail.com Eric Chiang: [862, 32]
	fangyuhao@gmail.com x1957: [3, 1]
	nickren19@gmail.com NickrenREN: [245, 115]
	talk.to.waseem@gmail.com Waseem Ahmad: [182, 96]
	tnozicka@gmail.com Tomas Nozicka: [2, 0]
	zhao.xiangpeng@zte.com.cn xiangpengzhao: [30, 3]
	jiang.lingxia@zte.com.cn jianglingxia: [5, 9]
	ygg@google.com Yang Guo: [634, 2]
	hchen@redhat.com Huamin Chen: [83, 47]
	cjcullen@google.com CJ Cullen: [8, 3]
	divyenp@vmware.com divyenpatel: [592, 413]
	jregan@google.com Jeffrey Regan: [56, 55]
	dvorak@google.com Jonathan MacMillan: [265, 62]
	ahmetb@google.com Ahmet Alp Balkan: [1634, 1431]
	hchiramm@redhat.com Humble Chirammal: [371, 263]
	gmarek@google.com gmarek: [30, 13]
	abhinav.dahiya@coreos.com Abhinav Dahiya: [1, 1]
	ffranz@redhat.com Fabiano Franz: [7, 1]
	jacobsimpson@google.com Jacob Simpson: [167, 63]
	fabrizio.pandini@gmail.com fabriziopandini: [30, 30]
	stanislaw.szydlo@intel.com Stanisław Szydło: [1, 1]
	horwitzja@gmail.com Josh Horwitz: [22, 0]
	nikitaraghunath@gmail.com Nikhita Raghunath: [354, 49]
	yasstij11@gmail.com Yassine TIJANI: [4, 7]
	xychu2008@gmail.com Ethan Chu: [47, 20]
	campbellalex@google.com Alexander Campbell: [144, 68]
	jungong@tencent.com Jun Gong: [3, 1]
	bowei@google.com Bowei Du: [11, 7]
	abw@google.com Adam Worrall: [115, 9]
	artmr@lsd.ufcg.edu.br Arthur Miranda: [298, 0]
	msau@google.com Michelle Au: [1157, 5]
	bvanzant@brkt.com Bob Van Zant: [22, 11]
	andy.goldstein@gmail.com Andy Goldstein: [462, 103]
	bryan@weave.works Bryan Boreham: [0, 2]
	yunxian.guo@easystack.cn guoyunxian: [0, 2]
	li.xiaobing1@zte.com.cn lixiaobing1: [4, 1]
	ailusazh@126.com ailusazh: [1, 1]
	mawong@redhat.com Matthew Wong: [157, 40]
	emaildanwilson@gmail.com emaildanwilson: [153, 42]
	mkhan@redhat.com Monis Khan: [89, 19]
	marun@redhat.com Maru Newby: [253, 1268]
	alex.crawford@coreos.com Alex Crawford: [3, 3]
	henrique@lsd.ufcg.edu.br Henrique Truta: [1, 1]
	mkargaki@redhat.com Michail Kargakis: [91, 29]
	harryz@hyper.sh Harry Zhang: [1, 1]
	shiyang.wang@outlook.com Shiyang Wang: [1, 1]
	ninkendo@gmail.com Ken Simon: [38, 21]
	bdontu@vmware.com System Administrator: [669, 210]
	harsh@portworx.com Harsh Desai: [54, 73]
	timothysc@gmail.com Timothy St. Clair: [180, 58]
	jinsenorita@gmail.com Ginwala: [2, 2]
	sjenning@redhat.com Seth Jennings: [95, 0]
	matthew.potter@uswitch.com Matt Potter: [13, 17]
	kb@itsvit.org kb@itsvit.org: [17, 20]
	xxiaozhou@gmail.com Author xiao-zhou: [136, 0]
	taotaotheripper@gmail.com Random-Liu: [54, 19]
	robertojrojas@gmail.com Roberto J Rojas: [11, 6]
	seharris@us.ibm.com Steven E. Harris: [5, 12]
	wang.bin21@zte.com.cn billy2180: [4, 4]
	shiywang@redhat.com shiywang: [232, 0]
	luis.pabon@coreos.com Luis Pabón: [109, 4]
	mashimiao.fnst@cn.fujitsu.com Ma Shimiao: [1, 3]
	jay@apache.org jayunit100: [75, 45]
	pu.junqi@zte.com.cn tianshapjq: [3, 3]
	bburns@google.com Brendan Burns: [159, 14]
	davidewatson@gmail.com David E Watson: [1, 1]
	salvatore-dario.minonne@amadeus.com Salvatore Dario Minonne: [192, 3]
	yu.peng36@zte.com.cn yupengzte: [10, 13]
	pc@michali.net Paul Michali: [81, 9]
	sky.captin@gmail.com Werner: [15, 14]
	maciaszczykm@users.noreply.github.com Marcin Maciaszczyk: [1, 1]
	haoyuan.ge@caicloud.io haoyuan: [0, 38]
	feiskyer@gmail.com Pengfei Ni: [513, 286]
	licl@primeton.com lichunlong: [45, 7]
	crazykev@zju.edu.cn Crazykev: [9, 3]
	kazuki.suda@gmail.com Kazuki Suda: [11, 1]
	nislamov@atlassian.com Nail Islamov: [1, 1]
	rober.morales@rstor.io Rober Morales-Chaparro: [1, 1]
	matthias.greiner@stud.uni-heidelberg.de Matthias Greiner: [2, 2]
	pszczesniak@google.com Piotr Szczesniak: [6, 2]
	21521209@zju.edu.cn heartlock: [288, 236]
documentation 38 9
	xuchao@google.com Chao Xu: [0, 0]
	madaxa@cn.ibm.com Klaus Ma: [0, 0]
	ccoleman@redhat.com Clayton Coleman: [0, 0]
	sross@redhat.com Solly Ross: [0, 0]
	danw@redhat.com Dan Winship: [0, 0]
	caosf.fnst@cn.fujitsu.com Cao Shufeng: [1, 9]
	mikedanese@google.com Mike Danese: [1, 0]
	owensk@google.com Kenneth Owens: [0, 0]
	admin@toph.ca Christoph Blecker: [0, 0]
	jliggitt@redhat.com Jordan Liggitt: [0, 0]
	ramanathana@google.com Anirudh Ramanathan: [1, 0]
	jinxu@google.com Jing Xu: [0, 0]
	shyamjvs@google.com Shyam Jeedigunta: [1, 0]
	chiachenk@google.com Janet Kuo: [0, 0]
	thockin@google.com Tim Hockin: [0, 0]
	393926893@qq.com zhengjiajin: [0, 0]
	eric.chiang.m@gmail.com Eric Chiang: [2, 0]
	cjcullen@google.com CJ Cullen: [1, 0]
	ahmetb@google.com Ahmet Alp Balkan: [0, 0]
	jacobsimpson@google.com Jacob Simpson: [1, 0]
	campbellalex@google.com Alexander Campbell: [21, 0]
	artmr@lsd.ufcg.edu.br Arthur Miranda: [3, 0]
	msau@google.com Michelle Au: [0, 0]
	andy.goldstein@gmail.com Andy Goldstein: [2, 0]
	marun@redhat.com Maru Newby: [2, 0]
	mkargaki@redhat.com Michail Kargakis: [0, 0]
	bdontu@vmware.com System Administrator: [0, 0]
	timothysc@gmail.com Timothy St. Clair: [2, 0]
	bburns@google.com Brendan Burns: [0, 0]
ui 10 6
	mikedanese@google.com Mike Danese: [7, 6]
	jgrafton@google.com Jeff Grafton: [3, 0]
build 1486 1543
	ccoleman@redhat.com Clayton Coleman: [1, 1]
	mikedanese@google.com Mike Danese: [1302, 1525]
	wojtekt@google.com Wojciech Tyczynski: [3, 3]
	admin@toph.ca Christoph Blecker: [2, 2]
	stclair@google.com Tim St. Clair: [129, 4]
	shyamjvs@google.com Shyam Jeedigunta: [0, 0]
	nicksardo@google.com Nick Sardo: [10, 0]
	thockin@google.com Tim Hockin: [2, 0]
	dnardo@google.com Daniel Nardo: [3, 0]
	kumaraji@google.com Ajit Kumar: [7, 2]
	zhao.xiangpeng@zte.com.cn xiangpengzhao: [2, 2]
	cjcullen@google.com CJ Cullen: [8, 0]
	stanislaw.szydlo@intel.com Stanisław Szydło: [1, 1]
	kb@itsvit.org kb@itsvit.org: [2, 2]
	sky.captin@gmail.com Werner: [2, 1]
	george.kraft@canonical.com George Kraft: [12, 0]
translation 96 6
	gkuncoro@vmware.com Giri Kuncoro: [93, 1]
	chenr.fnst@cn.fujitsu.com xilabao: [3, 5]
devel-doc 8327 1507
code 883 369
unknown 116240 45444
documentation 38 9
ui 10 6
build 1486 1543
translation 96 6
