Filter on "^vendor/|/vendor/"
open output file /Users/lukasz/dev/cncf/gitdm/other_repos/kubernetes_range_unknown_2016-06-01_2016-07-01.csv

WARNING: duplicate email/empl for pekowski@gmail.com
WARNING: duplicate email/empl for thingee@gmail.com
WARNING: duplicate email/empl for t.trifonov@gmail.com
WARNING: duplicate email/empl for lyz@princessleia.com
WARNING: duplicate email/empl for robertc@robertcollins.net
WARNING: duplicate email/empl for clint@fewbar.com
WARNING: duplicate email/empl for andrew@linuxjedi.co.uk
WARNING: duplicate email/empl for duncan.thomas@gmail.com
WARNING: duplicate email/empl for kiall@managedit.ie
WARNING: duplicate email/empl for devananda.vdv@gmail.com
WARNING: duplicate email/empl for zaro0508@gmail.com
WARNING: duplicate email/empl for shrewsbury.dave@gmail.com
WARNING: duplicate email/empl for j3p0uk@hotmail.com
WARNING: duplicate email/empl for me@mark.atwood.name
WARNING: duplicate email/empl for slicknik@gmail.com
WARNING: duplicate email/empl for cmsj@tenshu.net
WARNING: duplicate email/empl for anteaya@anteaya.info
WARNING: duplicate email/empl for greg@greghaynes.net
WARNING: duplicate email/empl for matt@mattfarina.com
WARNING: duplicate email/empl for jp@jamezpolley.com
WARNING: duplicate email/empl for steven@wedontsleep.org
WARNING: duplicate email/empl for gleebix@gmail.com
WARNING: duplicate email/empl for code@gentlydownthe.net
WARNING: duplicate email/empl for morgan.fainberg@gmail.com
WARNING: duplicate email/empl for jeblair@hp.com
WARNING: duplicate email/empl for juliaashleykreger@gmail.com
WARNING: duplicate email/empl for stephane@alum.mit.edu
WARNING: duplicate email/empl for kragniz@gmail.com
WARNING: duplicate email/empl for wchrisjohnson@gmail.com
WARNING: duplicate email/empl for daisy.ycguo@gmail.com
WARNING: duplicate email/empl for mordred@inaugust.com
WARNING: duplicate email/empl for zxkuqyb@gmail.com
WARNING: duplicate email/empl for amigliaccio@internap.com
WARNING: duplicate email/empl for yorik.sar@gmail.com
WARNING: duplicate email/empl for e0ne@e0ne.info
WARNING: duplicate email/empl for gabriel@strikeawe.com
WARNING: duplicate email/empl for heckj@mac.com
WARNING: duplicate email/empl for ke.wu@ibeca.me
WARNING: duplicate email/empl for rushi.agr@gmail.com
WARNING: duplicate email/empl for salv.orlando@gmail.com
WARNING: duplicate email/empl for tushar.vitthal.patil@gmail.com
WARNING: duplicate email/empl for jmckenty@gmail.com
WARNING: duplicate email/empl for anne@openstack.org
WARNING: duplicate email/empl for breu@breu.org
WARNING: duplicate email/empl for cbehrens@codestud.com
WARNING: duplicate email/empl for clay.gerrard@gmail.com
WARNING: duplicate email/empl for corywright@gmail.com
WARNING: duplicate email/empl for cp16net@gmail.com
WARNING: duplicate email/empl for cthier@gmail.com
WARNING: duplicate email/empl for darren.birkett@gmail.com
WARNING: duplicate email/empl for dolph.mathews@gmail.com
WARNING: duplicate email/empl for ed@leafe.com
WARNING: duplicate email/empl for github@highbridgellc.com
WARNING: duplicate email/empl for greglange@gmail.com
WARNING: duplicate email/empl for hugh@wherenow.org
WARNING: duplicate email/empl for imsplitbit@gmail.com
WARNING: duplicate email/empl for jason@koelker.net
WARNING: duplicate email/empl for jcruz7@gmail.com
WARNING: duplicate email/empl for josh@jk0.org
WARNING: duplicate email/empl for mattt@defunct.ca
WARNING: duplicate email/empl for mbasnight@gmail.com
WARNING: duplicate email/empl for mike@weirdlooking.com
WARNING: duplicate email/empl for msherborne@gmail.com
WARNING: duplicate email/empl for naveedm9@gmail.com
WARNING: duplicate email/empl for paul@openstack.org
WARNING: duplicate email/empl for rnirmal@gmail.com
WARNING: duplicate email/empl for rconradharris@gmail.com
WARNING: duplicate email/empl for thierry@openstack.org
WARNING: duplicate email/empl for throughnothing@gmail.com
WARNING: duplicate email/empl for yoga80@yahoo.com
WARNING: duplicate email/empl for mark.washenberger@markwash.net
WARNING: duplicate email/empl for p@draigbrady.com
WARNING: duplicate email/empl for zaitcev@kotori.zaitcev.us
WARNING: duplicate email/empl for julie.pichon@gmail.com
WARNING: duplicate email/empl for ghe@debian.org
WARNING: duplicate email/empl for sorrison@gmail.com
unknown@hacker.net Unknown hacker
jliggitt@redhat.com Jordan Liggitt
	unknown [329, 31]
	code [24, 0]
	documentation [0, 0]
rcarvalh@redhat.com Rodolfo Carvalho
	unknown [70, 36]
deads@redhat.com deads2k
	unknown [728, 272]
	code [12, 0]
jtanenba@redhat.com Jacob Tanenbaum
	unknown [288, 1]
	code [31, 0]
	documentation [3, 0]
dhodovsk@redhat.com Dominika Hodovska
	unknown [1012, 180]
zhao.xiangpeng@zte.com.cn xiangpengzhao
	unknown [159, 62]
	devel-doc [1, 1]
	code [1, 0]
ccoleman@redhat.com Clayton Coleman
	code [2, 1]
	unknown [518, 771]
	documentation [1, 0]
screeley@redhat.com Scott Creeley
	unknown [80, 30]
jianhui@outlook.com jianhuiz
	unknown [7, 0]
	code [4, 0]
	build [4, 0]
jinxu@google.com Jing Xu
	unknown [1367, 315]
maszulik@redhat.com Maciej Szulik
	unknown [466, 221]
	documentation [4, 0]
xuchao@google.com Chao Xu
	unknown [3436, 221]
	devel-doc [24, 4]
	code [3, 2]
	build [8, 0]
	documentation [8, 4]
rmmh@google.com Ryan Hitchman
	devel-doc [5, 5]
	code [13, 13]
asalkeld@mirantis.com Angus Salkeld
	code [3, 1]
	unknown [1279, 28]
	documentation [13, 1]
jvance@redhat.com Jeff Vance
	unknown [357, 170]
wang.ping5@zte.com.cn PingWang
	unknown [42, 16]
jcope@redhat.com Jon Cope
	unknown [283, 96]
kaveh.shafiee@huawei.com kshafiee
	unknown [693, 16]
	code [2, 2]
hchen@redhat.com Huamin Chen
	unknown [11, 7]
	code [34, 1]
sjenning@redhat.com Seth Jennings
	unknown [115, 16]
mrostecki@mirantis.com Michal Rostecki
	unknown [359, 229]
harryzhang@zju.edu.cn harry zhang
	unknown [101, 39]
mikedanese@google.com Mike Danese
	unknown [272, 329]
	devel-doc [2, 0]
	code [58, 36]
	build [1, 1]
buddhap@google.com Buddha Prakash
	unknown [1008, 71]
	code [5, 3]
	build [1, 0]
	documentation [1, 0]
quinton@google.com Quinton Hoole
	unknown [827, 323]
	devel-doc [424, 0]
	code [6, 2]
mkargaki@redhat.com Michail Kargakis
	unknown [2463, 1933]
george.tankersley@coreos.com George Tankersley
	unknown [2317, 23]
	devel-doc [1685, 85]
	documentation [0, 0]
nikhiljindal@google.com nikhiljindal
	unknown [1728, 788]
	devel-doc [13, 7]
	code [190, 149]
	build [14, 14]
	documentation [2, 0]
zhouhaibing089@gmail.com zhouhaibing089
	unknown [2, 1]
dbsmith@google.com Daniel Smith
	unknown [332, 8791]
	code [291, 130]
	documentation [177, 10171]
maisem@google.com Maisem Ali
	unknown [4, 2]
	code [327, 201]
	documentation [3, 2]
hongchaodeng1@gmail.com Hongchao Deng
	unknown [308, 334]
mdame@redhat.com Mike Dame
	unknown [3, 3]
	code [21, 0]
spyzalski@mirantis.com Szymon Pyżalski
	unknown [12, 1]
mtaufen@google.com Michael Taufen
	unknown [277, 144]
ivan4th@gmail.com Ivan Shvedunov
	unknown [106, 48]
wojtekt@google.com Wojciech Tyczynski
	unknown [1859, 1349]
	code [39, 16]
	build [1, 1]
	documentation [1, 2]
thockin@google.com Tim Hockin
	devel-doc [0, 88]
	code [55, 65]
	unknown [3342, 45231]
	documentation [3, 69]
	ui [0, 65]
	build [452, 3666]
eric.chiang@coreos.com Eric Chiang
	unknown [474, 214]
slukjanov@mirantis.com Sergey Lukjanov
	unknown [3, 2]
gmarek@google.com gmarek
	unknown [301, 412]
	code [23, 12]
	build [24, 9]
harryz@hyper.sh Harry Zhang
taotaotheripper@gmail.com Random-Liu
	unknown [822, 405]
	code [3, 4]
	build [8, 6]
	documentation [2, 0]
feiskyer@gmail.com Pengfei Ni
	unknown [3745, 0]
	code [153, 0]
	documentation [4, 0]
pawel.skrzynski@intel.com Pawel Skrzynski
	code [6, 1]
ciwang@google.com Cindy Wang
	devel-doc [108, 193]
	code [3, 3]
	unknown [115, 115]
	image [0, 0]
	documentation [2, 2]
	build [0, 0]
elson.rodriguez@gmail.com Elson Rodriguez
	code [12, 4]
mkwiek@mirantis.com Maciej Kwiek
	unknown [28, 9]
sbrzeczkowski@mirantis.com Sylwester Brzeczkowski
	unknown [78, 28]
jessfraz@google.com Jess Frazelle
	unknown [33, 27]
	code [3, 3]
	build [1, 1]
chiachenk@google.com Janet Kuo
	unknown [742, 313]
	devel-doc [1, 1]
xiangli.cs@gmail.com Xiang Li
	unknown [91, 116]
dims@linux.vnet.ibm.com Davanum Srinivas
	unknown [11, 10]
aps.sids@gmail.com Aman
	unknown [133, 0]
	documentation [1, 0]
mehdy@google.com mbohlool
	unknown [51, 7]
	documentation [0, 0]
ronl@google.com Ron Lai
	unknown [233, 152]
jvallejo@redhat.com juanvallejo
	unknown [249, 30]
	documentation [1, 0]
djmm@google.com David McMahon
	unknown [7559, 18233]
	devel-doc [1408, 4593]
	code [362, 350]
	build [69, 69]
	documentation [4, 4]
mml@google.com Matt Liggett
	unknown [591, 325]
	code [12, 6]
	documentation [5, 0]
grod@google.com Garrett Rodrigues
	unknown [5, 13]
akurilin@mirantis.com Andrey Kurilin
	unknown [81, 0]
jeffml@google.com Jeff Lowdermilk
	unknown [4, 3]
	code [11, 8]
jgrafton@google.com Jeff Grafton
	unknown [20, 12]
	code [25, 18]
	build [4, 2]
mixia@google.com Minhan Xia
	unknown [182, 45]
	devel-doc [172, 0]
	code [249, 31]
	build [5, 3]
gkalele@google.com Girish Kalele
	unknown [52, 31]
	devel-doc [15, 0]
	code [7, 6]
	build [9, 8]
avesh.ncsu@gmail.com Avesh Agarwal
	unknown [57, 46]
agoldste@redhat.com Andy Goldstein
	unknown [272, 199]
	code [14, 0]
mfojtik@redhat.com Michal Fojtik
	unknown [116, 26]
cjcullen@google.com CJ Cullen
	unknown [287, 54]
	code [1, 1]
peeyushgupta91@gmail.com Peeyush Gupta
	unknown [48, 3]
	devel-doc [1, 1]
stclair@google.com Tim St. Clair
	unknown [333, 221]
	code [5, 0]
vishnuk@google.com Vishnu Kannan
	unknown [345, 34]
	code [13, 0]
	build [17, 1]
	documentation [1, 2]
yjhong@google.com Yu-Ju Hong
	unknown [312, 138]
	code [22, 0]
zml@google.com Zach Loafman
	unknown [7609, 2135]
	devel-doc [2243, 503]
	code [181, 112]
	build [21, 4]
brandon@ifup.org Brandon Philips
	unknown [3, 4]
	devel-doc [2, 4]
lantaol@google.com Random Liu
	unknown [101, 11]
joe2farrell@gmail.com joe2far
	unknown [50, 40]
mwielgus@google.com Marcin Wielgus
	unknown [352, 98]
	devel-doc [6, 6]
	code [27, 21]
	build [6, 6]
saadali@google.com Saad Ali
	unknown [2277, 535]
	documentation [0, 0]
aledbf@gmail.com Manuel de Brito Fontes
	unknown [9, 30]
	devel-doc [1, 11]
	build [0, 28]
oleg@apcera.com Oleg Shaldybin
	unknown [775, 293]
sttts@redhat.com Dr. Stefan Schimanski
	unknown [568, 183]
	devel-doc [6, 0]
	code [9, 24]
	documentation [1, 1]
jsafrane@redhat.com Jan Safranek
	unknown [2076, 336]
	code [1, 1]
mnshaw@google.com Marie Shaw
	unknown [346, 0]
	documentation [1, 0]
madhusudancs@google.com Madhusudan.C.S
	unknown [418, 50]
	code [139, 46]
	build [49, 1]
colin.hom@coreos.com Colin Hom
	unknown [206, 0]
	code [70, 19]
mawong@redhat.com Matthew Wong
	unknown [166, 1]
daniel.allegood@hpe.com dkalleg
	unknown [35, 11]
decarr@redhat.com derekwaynecarr
	unknown [771, 270]
piotr.prokop@intel.com pprokop
	unknown [11, 2]
tstclair@redhat.com Timothy St. Clair
	unknown [4, 2]
jsz@google.com Jerzy Szczepkowski
	unknown [210, 222]
	devel-doc [1, 1]
	code [23, 11]
	build [12, 5]
lucas.kaldstrom@hotmail.co.uk Lucas Käldström
	unknown [52, 242]
	code [38, 21]
	build [24, 15]
mspreitz@us.ibm.com Mike Spreitzer
	devel-doc [8, 0]
	code [5, 5]
yifan.gu@coreos.com Yifan Gu
	unknown [904, 356]
	devel-doc [409, 0]
	code [73, 46]
	build [9, 6]
fabioy@google.com Fabio Yeon
	unknown [121, 11]
	code [42, 16]
	build [3, 3]
krousey@google.com Kris
	unknown [46, 3]
	code [1, 1]
lukaszoles@gmail.com Łukasz Oleś
	unknown [135, 15]
arob@google.com Alex Robinson
	unknown [71, 9]
	devel-doc [7, 0]
	build [317, 9]
adityakali@google.com Aditya Kali
	unknown [60, 2]
	code [22, 6]
	build [58, 4]
sarah.novotny@gmail.com sarahnovotny
pszczesniak@google.com Piotr Szczesniak
	unknown [176, 488]
	devel-doc [14, 6]
	code [22, 14]
	build [19, 11]
mkumatag@in.ibm.com Manjunath A Kumatagi
	code [2, 0]
wang.kanghua@zte.com.cn Kanghua Wang
	unknown [1, 1]
johannes.scheuermann@inovex.de Johannes Scheuermann
	code [9, 2]
wonderfly@google.com Daniel Wang
	code [28, 65]
	documentation [1, 1]
dcbw@redhat.com Dan Williams
	unknown [1487, 690]
bryk@google.com bryk
	unknown [32, 32]
liubin0329@gmail.com bin liu
	unknown [17, 17]
davidopp@google.com David Oppenheimer
	unknown [2, 2]
fmeng@ebay.com mfanjie
	unknown [512, 343]
	code [1, 0]
	documentation [2, 0]
spxtr@google.com Joe Finney
	unknown [1, 6]
	code [12, 13]
beeps@google.com Prashanth Balasubramanian
	unknown [293, 85]
	devel-doc [37, 6]
	code [281, 5]
	build [60, 6]
dagnello@hp.com Davide Agnello
	unknown [77, 53]
	devel-doc [995, 0]
qzheng@google.com Andy Zheng
	unknown [8, 6]
	code [10, 4]
	build [201, 53]
	documentation [4, 0]
justin@fathomdb.com Justin Santa Barbara
	unknown [260, 330]
	devel-doc [0, 40]
	code [23, 330]
matt@nowprovision.com Matt Freeman
	unknown [41, 2]
aaronjlevy@gmail.com Aaron Levy
	unknown [27, 1]
	code [103, 80]
abitha.palaniappan@hp.com Abitha Palaniappan
	unknown [51, 30]
iamthemuffinman@outlook.com Robert Deusser
	unknown [8, 7]
mturansk@redhat.com markturansky
	unknown [46, 18]
	documentation [1, 0]
mkhan@redhat.com enj
	unknown [54, 2]
dawnchen@google.com Dawn Chen
	unknown [7549, 2305]
	devel-doc [2243, 503]
	code [14, 15]
	build [7, 40]
	documentation [0, 2]
pmorie@redhat.com Paul Morie
	unknown [344, 212]
	code [16, 6]
goltermann@google.com goltermann
	unknown [70, 33]
metral@gmail.com Mike Metral
	unknown [29, 11]
	code [22, 4]
zhangke909@qq.com Ke Zhang
	unknown [7, 6]
jliu23@ebay.com Jing Liu
	unknown [42, 24]
rudi@clarifai.com Rudi Chiarito
	unknown [150, 62]
pwittroc@google.com Phillip Wittrock
	unknown [316, 160]
	code [106, 7]
	build [16, 4]
	documentation [1, 0]
davidxia@users.noreply.github.com David Xia
	unknown [1, 1]
dua_rajdeep@yahoo.com Rajdeep Dua
	unknown [149, 61]
salvatore-dario.minonne@amadeus.com Salvatore Dario Minonne
	unknown [0, 300]
euank@coreos.com Euan Kemp
	unknown [86, 45]
	code [6, 0]
filipg@google.com Filip Grzadkowski
alainr@vmware.com Alain Roy
	unknown [4, 4]
	devel-doc [1, 1]
	code [36, 9]
	documentation [2, 1]
ihmccreery@google.com Isaac Hollander McCreery
	unknown [53, 6]
	code [7, 9]
fejta@google.com Erick Fejta
	unknown [1, 1]
	code [7, 2]
abhgupta@redhat.com Abhishek Gupta
	unknown [140, 13]
me@jing.io Jing Dong
	code [13, 11]
bburns@google.com Brendan Burns
	code [52, 0]
dalanlan925@gmail.com dalanlan
	unknown [1, 4]
	code [1, 1]
casey@tigera.io Casey Davenport
	unknown [477, 3]
jimmidyson@gmail.com Jimmi Dyson
	unknown [1, 1]
coolhzb@163.com AdoHe
	unknown [198, 75]
reames@asymmetricventures.com Richard Eames
	code [5, 5]
wangzefeng@huawei.com Kevin
	unknown [28, 17]
eparis@redhat.com Eric Paris
	unknown [35, 59]
josh@apcera.com Josh Ellithorpe
	code [2, 2]
vishh@users.noreply.github.com Vish Kannan
	unknown [0, 1]
mqliang.zju@gmail.com mqliang
	unknown [4, 2]
ffranz@redhat.com Fabiano Franz
	unknown [53, 53]
zhang.ke106@zte.com.cn KeZhang
	unknown [3, 3]
mbauer@us.ibm.com Morgan Bauer
	code [4, 4]
justinclayton@users.noreply.github.com Justin Clayton
	devel-doc [0, 8]
borismattijssen@gmail.com Boris Mattijssen
	unknown [1, 1]
spotter@gmail.com Shaya Potter
	unknown [36, 40]
jcruger@godaddy.com Jarrett Cruger
	code [1, 0]
meng.mobile@gmail.com Liyi Meng
	unknown [10, 10]
	code [6, 1]
	build [1, 0]
devel-doc 9832 6067
	zhao.xiangpeng@zte.com.cn xiangpengzhao: [1, 1]
	xuchao@google.com Chao Xu: [24, 4]
	rmmh@google.com Ryan Hitchman: [5, 5]
	mikedanese@google.com Mike Danese: [2, 0]
	quinton@google.com Quinton Hoole: [424, 0]
	george.tankersley@coreos.com George Tankersley: [1685, 85]
	nikhiljindal@google.com nikhiljindal: [13, 7]
	thockin@google.com Tim Hockin: [0, 88]
	ciwang@google.com Cindy Wang: [108, 193]
	chiachenk@google.com Janet Kuo: [1, 1]
	djmm@google.com David McMahon: [1408, 4593]
	mixia@google.com Minhan Xia: [172, 0]
	gkalele@google.com Girish Kalele: [15, 0]
	peeyushgupta91@gmail.com Peeyush Gupta: [1, 1]
	zml@google.com Zach Loafman: [2243, 503]
	brandon@ifup.org Brandon Philips: [2, 4]
	mwielgus@google.com Marcin Wielgus: [6, 6]
	aledbf@gmail.com Manuel de Brito Fontes: [1, 11]
	sttts@redhat.com Dr. Stefan Schimanski: [6, 0]
	jsz@google.com Jerzy Szczepkowski: [1, 1]
	mspreitz@us.ibm.com Mike Spreitzer: [8, 0]
	yifan.gu@coreos.com Yifan Gu: [409, 0]
	arob@google.com Alex Robinson: [7, 0]
	pszczesniak@google.com Piotr Szczesniak: [14, 6]
	beeps@google.com Prashanth Balasubramanian: [37, 6]
	dagnello@hp.com Davide Agnello: [995, 0]
	justin@fathomdb.com Justin Santa Barbara: [0, 40]
	dawnchen@google.com Dawn Chen: [2243, 503]
	alainr@vmware.com Alain Roy: [1, 1]
	justinclayton@users.noreply.github.com Justin Clayton: [0, 8]
code 3465 1987
	jliggitt@redhat.com Jordan Liggitt: [24, 0]
	deads@redhat.com deads2k: [12, 0]
	jtanenba@redhat.com Jacob Tanenbaum: [31, 0]
	zhao.xiangpeng@zte.com.cn xiangpengzhao: [1, 0]
	ccoleman@redhat.com Clayton Coleman: [2, 1]
	jianhui@outlook.com jianhuiz: [4, 0]
	xuchao@google.com Chao Xu: [3, 2]
	rmmh@google.com Ryan Hitchman: [13, 13]
	asalkeld@mirantis.com Angus Salkeld: [3, 1]
	kaveh.shafiee@huawei.com kshafiee: [2, 2]
	hchen@redhat.com Huamin Chen: [34, 1]
	mikedanese@google.com Mike Danese: [58, 36]
	buddhap@google.com Buddha Prakash: [5, 3]
	quinton@google.com Quinton Hoole: [6, 2]
	nikhiljindal@google.com nikhiljindal: [190, 149]
	dbsmith@google.com Daniel Smith: [291, 130]
	maisem@google.com Maisem Ali: [327, 201]
	mdame@redhat.com Mike Dame: [21, 0]
	wojtekt@google.com Wojciech Tyczynski: [39, 16]
	thockin@google.com Tim Hockin: [55, 65]
	gmarek@google.com gmarek: [23, 12]
	taotaotheripper@gmail.com Random-Liu: [3, 4]
	feiskyer@gmail.com Pengfei Ni: [153, 0]
	pawel.skrzynski@intel.com Pawel Skrzynski: [6, 1]
	ciwang@google.com Cindy Wang: [3, 3]
	elson.rodriguez@gmail.com Elson Rodriguez: [12, 4]
	jessfraz@google.com Jess Frazelle: [3, 3]
	djmm@google.com David McMahon: [362, 350]
	mml@google.com Matt Liggett: [12, 6]
	jeffml@google.com Jeff Lowdermilk: [11, 8]
	jgrafton@google.com Jeff Grafton: [25, 18]
	mixia@google.com Minhan Xia: [249, 31]
	gkalele@google.com Girish Kalele: [7, 6]
	agoldste@redhat.com Andy Goldstein: [14, 0]
	cjcullen@google.com CJ Cullen: [1, 1]
	stclair@google.com Tim St. Clair: [5, 0]
	vishnuk@google.com Vishnu Kannan: [13, 0]
	yjhong@google.com Yu-Ju Hong: [22, 0]
	zml@google.com Zach Loafman: [181, 112]
	mwielgus@google.com Marcin Wielgus: [27, 21]
	sttts@redhat.com Dr. Stefan Schimanski: [9, 24]
	jsafrane@redhat.com Jan Safranek: [1, 1]
	madhusudancs@google.com Madhusudan.C.S: [139, 46]
	colin.hom@coreos.com Colin Hom: [70, 19]
	jsz@google.com Jerzy Szczepkowski: [23, 11]
	lucas.kaldstrom@hotmail.co.uk Lucas Käldström: [38, 21]
	mspreitz@us.ibm.com Mike Spreitzer: [5, 5]
	yifan.gu@coreos.com Yifan Gu: [73, 46]
	fabioy@google.com Fabio Yeon: [42, 16]
	krousey@google.com Kris: [1, 1]
	adityakali@google.com Aditya Kali: [22, 6]
	pszczesniak@google.com Piotr Szczesniak: [22, 14]
	mkumatag@in.ibm.com Manjunath A Kumatagi: [2, 0]
	johannes.scheuermann@inovex.de Johannes Scheuermann: [9, 2]
	wonderfly@google.com Daniel Wang: [28, 65]
	fmeng@ebay.com mfanjie: [1, 0]
	spxtr@google.com Joe Finney: [12, 13]
	beeps@google.com Prashanth Balasubramanian: [281, 5]
	qzheng@google.com Andy Zheng: [10, 4]
	justin@fathomdb.com Justin Santa Barbara: [23, 330]
	aaronjlevy@gmail.com Aaron Levy: [103, 80]
	dawnchen@google.com Dawn Chen: [14, 15]
	pmorie@redhat.com Paul Morie: [16, 6]
	metral@gmail.com Mike Metral: [22, 4]
	pwittroc@google.com Phillip Wittrock: [106, 7]
	euank@coreos.com Euan Kemp: [6, 0]
	alainr@vmware.com Alain Roy: [36, 9]
	ihmccreery@google.com Isaac Hollander McCreery: [7, 9]
	fejta@google.com Erick Fejta: [7, 2]
	me@jing.io Jing Dong: [13, 11]
	bburns@google.com Brendan Burns: [52, 0]
	dalanlan925@gmail.com dalanlan: [1, 1]
	reames@asymmetricventures.com Richard Eames: [5, 5]
	josh@apcera.com Josh Ellithorpe: [2, 2]
	mbauer@us.ibm.com Morgan Bauer: [4, 4]
	jcruger@godaddy.com Jarrett Cruger: [1, 0]
	meng.mobile@gmail.com Liyi Meng: [6, 1]
unknown 74190 93838
	jliggitt@redhat.com Jordan Liggitt: [329, 31]
	rcarvalh@redhat.com Rodolfo Carvalho: [70, 36]
	deads@redhat.com deads2k: [728, 272]
	jtanenba@redhat.com Jacob Tanenbaum: [288, 1]
	dhodovsk@redhat.com Dominika Hodovska: [1012, 180]
	zhao.xiangpeng@zte.com.cn xiangpengzhao: [159, 62]
	ccoleman@redhat.com Clayton Coleman: [518, 771]
	screeley@redhat.com Scott Creeley: [80, 30]
	jianhui@outlook.com jianhuiz: [7, 0]
	jinxu@google.com Jing Xu: [1367, 315]
	maszulik@redhat.com Maciej Szulik: [466, 221]
	xuchao@google.com Chao Xu: [3436, 221]
	asalkeld@mirantis.com Angus Salkeld: [1279, 28]
	jvance@redhat.com Jeff Vance: [357, 170]
	wang.ping5@zte.com.cn PingWang: [42, 16]
	jcope@redhat.com Jon Cope: [283, 96]
	kaveh.shafiee@huawei.com kshafiee: [693, 16]
	hchen@redhat.com Huamin Chen: [11, 7]
	sjenning@redhat.com Seth Jennings: [115, 16]
	mrostecki@mirantis.com Michal Rostecki: [359, 229]
	harryzhang@zju.edu.cn harry zhang: [101, 39]
	mikedanese@google.com Mike Danese: [272, 329]
	buddhap@google.com Buddha Prakash: [1008, 71]
	quinton@google.com Quinton Hoole: [827, 323]
	mkargaki@redhat.com Michail Kargakis: [2463, 1933]
	george.tankersley@coreos.com George Tankersley: [2317, 23]
	nikhiljindal@google.com nikhiljindal: [1728, 788]
	zhouhaibing089@gmail.com zhouhaibing089: [2, 1]
	dbsmith@google.com Daniel Smith: [332, 8791]
	maisem@google.com Maisem Ali: [4, 2]
	hongchaodeng1@gmail.com Hongchao Deng: [308, 334]
	mdame@redhat.com Mike Dame: [3, 3]
	spyzalski@mirantis.com Szymon Pyżalski: [12, 1]
	mtaufen@google.com Michael Taufen: [277, 144]
	ivan4th@gmail.com Ivan Shvedunov: [106, 48]
	wojtekt@google.com Wojciech Tyczynski: [1859, 1349]
	thockin@google.com Tim Hockin: [3342, 45231]
	eric.chiang@coreos.com Eric Chiang: [474, 214]
	slukjanov@mirantis.com Sergey Lukjanov: [3, 2]
	gmarek@google.com gmarek: [301, 412]
	taotaotheripper@gmail.com Random-Liu: [822, 405]
	feiskyer@gmail.com Pengfei Ni: [3745, 0]
	ciwang@google.com Cindy Wang: [115, 115]
	mkwiek@mirantis.com Maciej Kwiek: [28, 9]
	sbrzeczkowski@mirantis.com Sylwester Brzeczkowski: [78, 28]
	jessfraz@google.com Jess Frazelle: [33, 27]
	chiachenk@google.com Janet Kuo: [742, 313]
	xiangli.cs@gmail.com Xiang Li: [91, 116]
	dims@linux.vnet.ibm.com Davanum Srinivas: [11, 10]
	aps.sids@gmail.com Aman: [133, 0]
	mehdy@google.com mbohlool: [51, 7]
	ronl@google.com Ron Lai: [233, 152]
	jvallejo@redhat.com juanvallejo: [249, 30]
	djmm@google.com David McMahon: [7559, 18233]
	mml@google.com Matt Liggett: [591, 325]
	grod@google.com Garrett Rodrigues: [5, 13]
	akurilin@mirantis.com Andrey Kurilin: [81, 0]
	jeffml@google.com Jeff Lowdermilk: [4, 3]
	jgrafton@google.com Jeff Grafton: [20, 12]
	mixia@google.com Minhan Xia: [182, 45]
	gkalele@google.com Girish Kalele: [52, 31]
	avesh.ncsu@gmail.com Avesh Agarwal: [57, 46]
	agoldste@redhat.com Andy Goldstein: [272, 199]
	mfojtik@redhat.com Michal Fojtik: [116, 26]
	cjcullen@google.com CJ Cullen: [287, 54]
	peeyushgupta91@gmail.com Peeyush Gupta: [48, 3]
	stclair@google.com Tim St. Clair: [333, 221]
	vishnuk@google.com Vishnu Kannan: [345, 34]
	yjhong@google.com Yu-Ju Hong: [312, 138]
	zml@google.com Zach Loafman: [7609, 2135]
	brandon@ifup.org Brandon Philips: [3, 4]
	lantaol@google.com Random Liu: [101, 11]
	joe2farrell@gmail.com joe2far: [50, 40]
	mwielgus@google.com Marcin Wielgus: [352, 98]
	saadali@google.com Saad Ali: [2277, 535]
	aledbf@gmail.com Manuel de Brito Fontes: [9, 30]
	oleg@apcera.com Oleg Shaldybin: [775, 293]
	sttts@redhat.com Dr. Stefan Schimanski: [568, 183]
	jsafrane@redhat.com Jan Safranek: [2076, 336]
	mnshaw@google.com Marie Shaw: [346, 0]
	madhusudancs@google.com Madhusudan.C.S: [418, 50]
	colin.hom@coreos.com Colin Hom: [206, 0]
	mawong@redhat.com Matthew Wong: [166, 1]
	daniel.allegood@hpe.com dkalleg: [35, 11]
	decarr@redhat.com derekwaynecarr: [771, 270]
	piotr.prokop@intel.com pprokop: [11, 2]
	tstclair@redhat.com Timothy St. Clair: [4, 2]
	jsz@google.com Jerzy Szczepkowski: [210, 222]
	lucas.kaldstrom@hotmail.co.uk Lucas Käldström: [52, 242]
	yifan.gu@coreos.com Yifan Gu: [904, 356]
	fabioy@google.com Fabio Yeon: [121, 11]
	krousey@google.com Kris: [46, 3]
	lukaszoles@gmail.com Łukasz Oleś: [135, 15]
	arob@google.com Alex Robinson: [71, 9]
	adityakali@google.com Aditya Kali: [60, 2]
	pszczesniak@google.com Piotr Szczesniak: [176, 488]
	wang.kanghua@zte.com.cn Kanghua Wang: [1, 1]
	dcbw@redhat.com Dan Williams: [1487, 690]
	bryk@google.com bryk: [32, 32]
	liubin0329@gmail.com bin liu: [17, 17]
	davidopp@google.com David Oppenheimer: [2, 2]
	fmeng@ebay.com mfanjie: [512, 343]
	spxtr@google.com Joe Finney: [1, 6]
	beeps@google.com Prashanth Balasubramanian: [293, 85]
	dagnello@hp.com Davide Agnello: [77, 53]
	qzheng@google.com Andy Zheng: [8, 6]
	justin@fathomdb.com Justin Santa Barbara: [260, 330]
	matt@nowprovision.com Matt Freeman: [41, 2]
	aaronjlevy@gmail.com Aaron Levy: [27, 1]
	abitha.palaniappan@hp.com Abitha Palaniappan: [51, 30]
	iamthemuffinman@outlook.com Robert Deusser: [8, 7]
	mturansk@redhat.com markturansky: [46, 18]
	mkhan@redhat.com enj: [54, 2]
	dawnchen@google.com Dawn Chen: [7549, 2305]
	pmorie@redhat.com Paul Morie: [344, 212]
	goltermann@google.com goltermann: [70, 33]
	metral@gmail.com Mike Metral: [29, 11]
	zhangke909@qq.com Ke Zhang: [7, 6]
	jliu23@ebay.com Jing Liu: [42, 24]
	rudi@clarifai.com Rudi Chiarito: [150, 62]
	pwittroc@google.com Phillip Wittrock: [316, 160]
	davidxia@users.noreply.github.com David Xia: [1, 1]
	dua_rajdeep@yahoo.com Rajdeep Dua: [149, 61]
	salvatore-dario.minonne@amadeus.com Salvatore Dario Minonne: [0, 300]
	euank@coreos.com Euan Kemp: [86, 45]
	alainr@vmware.com Alain Roy: [4, 4]
	ihmccreery@google.com Isaac Hollander McCreery: [53, 6]
	fejta@google.com Erick Fejta: [1, 1]
	abhgupta@redhat.com Abhishek Gupta: [140, 13]
	dalanlan925@gmail.com dalanlan: [1, 4]
	casey@tigera.io Casey Davenport: [477, 3]
	jimmidyson@gmail.com Jimmi Dyson: [1, 1]
	coolhzb@163.com AdoHe: [198, 75]
	wangzefeng@huawei.com Kevin: [28, 17]
	eparis@redhat.com Eric Paris: [35, 59]
	vishh@users.noreply.github.com Vish Kannan: [0, 1]
	mqliang.zju@gmail.com mqliang: [4, 2]
	ffranz@redhat.com Fabiano Franz: [53, 53]
	zhang.ke106@zte.com.cn KeZhang: [3, 3]
	borismattijssen@gmail.com Boris Mattijssen: [1, 1]
	spotter@gmail.com Shaya Potter: [36, 40]
	meng.mobile@gmail.com Liyi Meng: [10, 10]
image 0 0
	ciwang@google.com Cindy Wang: [0, 0]
documentation 249 10262
	jliggitt@redhat.com Jordan Liggitt: [0, 0]
	jtanenba@redhat.com Jacob Tanenbaum: [3, 0]
	ccoleman@redhat.com Clayton Coleman: [1, 0]
	maszulik@redhat.com Maciej Szulik: [4, 0]
	xuchao@google.com Chao Xu: [8, 4]
	asalkeld@mirantis.com Angus Salkeld: [13, 1]
	buddhap@google.com Buddha Prakash: [1, 0]
	george.tankersley@coreos.com George Tankersley: [0, 0]
	nikhiljindal@google.com nikhiljindal: [2, 0]
	dbsmith@google.com Daniel Smith: [177, 10171]
	maisem@google.com Maisem Ali: [3, 2]
	wojtekt@google.com Wojciech Tyczynski: [1, 2]
	thockin@google.com Tim Hockin: [3, 69]
	taotaotheripper@gmail.com Random-Liu: [2, 0]
	feiskyer@gmail.com Pengfei Ni: [4, 0]
	ciwang@google.com Cindy Wang: [2, 2]
	aps.sids@gmail.com Aman: [1, 0]
	mehdy@google.com mbohlool: [0, 0]
	jvallejo@redhat.com juanvallejo: [1, 0]
	djmm@google.com David McMahon: [4, 4]
	mml@google.com Matt Liggett: [5, 0]
	vishnuk@google.com Vishnu Kannan: [1, 2]
	saadali@google.com Saad Ali: [0, 0]
	sttts@redhat.com Dr. Stefan Schimanski: [1, 1]
	mnshaw@google.com Marie Shaw: [1, 0]
	wonderfly@google.com Daniel Wang: [1, 1]
	fmeng@ebay.com mfanjie: [2, 0]
	qzheng@google.com Andy Zheng: [4, 0]
	mturansk@redhat.com markturansky: [1, 0]
	dawnchen@google.com Dawn Chen: [0, 2]
	pwittroc@google.com Phillip Wittrock: [1, 0]
	alainr@vmware.com Alain Roy: [2, 1]
ui 0 65
	thockin@google.com Tim Hockin: [0, 65]
build 1421 3976
	jianhui@outlook.com jianhuiz: [4, 0]
	xuchao@google.com Chao Xu: [8, 0]
	mikedanese@google.com Mike Danese: [1, 1]
	buddhap@google.com Buddha Prakash: [1, 0]
	nikhiljindal@google.com nikhiljindal: [14, 14]
	wojtekt@google.com Wojciech Tyczynski: [1, 1]
	thockin@google.com Tim Hockin: [452, 3666]
	gmarek@google.com gmarek: [24, 9]
	taotaotheripper@gmail.com Random-Liu: [8, 6]
	ciwang@google.com Cindy Wang: [0, 0]
	jessfraz@google.com Jess Frazelle: [1, 1]
	djmm@google.com David McMahon: [69, 69]
	jgrafton@google.com Jeff Grafton: [4, 2]
	mixia@google.com Minhan Xia: [5, 3]
	gkalele@google.com Girish Kalele: [9, 8]
	vishnuk@google.com Vishnu Kannan: [17, 1]
	zml@google.com Zach Loafman: [21, 4]
	mwielgus@google.com Marcin Wielgus: [6, 6]
	aledbf@gmail.com Manuel de Brito Fontes: [0, 28]
	madhusudancs@google.com Madhusudan.C.S: [49, 1]
	jsz@google.com Jerzy Szczepkowski: [12, 5]
	lucas.kaldstrom@hotmail.co.uk Lucas Käldström: [24, 15]
	yifan.gu@coreos.com Yifan Gu: [9, 6]
	fabioy@google.com Fabio Yeon: [3, 3]
	arob@google.com Alex Robinson: [317, 9]
	adityakali@google.com Aditya Kali: [58, 4]
	pszczesniak@google.com Piotr Szczesniak: [19, 11]
	beeps@google.com Prashanth Balasubramanian: [60, 6]
	qzheng@google.com Andy Zheng: [201, 53]
	dawnchen@google.com Dawn Chen: [7, 40]
	pwittroc@google.com Phillip Wittrock: [16, 4]
	meng.mobile@gmail.com Liyi Meng: [1, 0]
devel-doc 9832 6067
code 3465 1987
unknown 74190 93838
image 0 0
documentation 249 10262
ui 0 65
build 1421 3976
