Filter on "^vendor/|/vendor/"
open output file /Users/lukasz/dev/cncf/gitdm/other_repos/kubernetes_range_unknown_2017-05-01_2017-06-01.csv

kb@itsvit.org is an author name, probably not what you want
(Unknown) unknown@hacker.net Unknown hacker
SalesForce mayank.kumar@salesforce.com Mayank Kumar
	unknown [28, 9]
Red Hat jvallejo@redhat.com juanvallejo
	unknown [271, 148]
	devel-doc [1, 0]
	code [18, 0]
IBM cmluciano@us.ibm.com Christopher M. Luciano
	unknown [9, 2]
Google cxing@google.com Cheng Xing
	unknown [123, 14]
	devel-doc [1, 0]
Google krousey@google.com Kris
	unknown [400, 87]
	devel-doc [66, 2]
Tigera casey@tigera.io Casey Davenport
	unknown [2, 4]
	devel-doc [0, 7]
	build [0, 8]
Red Hat haowang@redhat.com Haoran Wang
	unknown [26, 36]
	devel-doc [69, 73]
	code [1, 1]
Red Hat shiywang@redhat.com Shiyang Wang
	unknown [467, 24]
	devel-doc [12, 1]
	code [1, 1]
	translation [90, 1]
ZTE Corporation zhang.wanmin@zte.com.cn William Chang
	unknown [134, 0]
	translation [89, 0]
Google xuchao@google.com Chao Xu
	code [16, 19]
	unknown [10937, 871]
	devel-doc [1862, 3589]
	documentation [0, 0]
Red Hat danw@redhat.com Dan Winship
	unknown [5892, 394]
	devel-doc [931, 0]
	documentation [0, 0]
Self taotaotheripper@gmail.com Random-Liu
	unknown [66, 27]
	code [2, 2]
	build [2, 2]
Google sunilarora@google.com Sunil Arora
	unknown [306, 90]
	devel-doc [4, 0]
Google yjhong@google.com Yu-Ju Hong
	unknown [9586, 7366]
	devel-doc [110, 114]
	code [0, 1]
	documentation [0, 1]
Google cjcullen@google.com CJ Cullen
	unknown [118, 26]
	devel-doc [0, 5]
	code [8, 0]
	build [12, 6]
	documentation [1, 0]
Red Hat deads@redhat.com deads2k
	unknown [6757, 3551]
	devel-doc [343, 72]
	code [103, 15]
(Unknown) sdw35@cornell.edu Scott Weiss
	unknown [461, 0]
	devel-doc [7, 0]
Google stclair@google.com Tim St. Clair
	unknown [1920, 219]
	devel-doc [226, 3]
	code [19, 1]
	build [39, 0]
Red Hat ccoleman@redhat.com Clayton Coleman
	unknown [10429, 2184]
	devel-doc [223, 96]
	code [19, 12]
	build [1, 1]
	documentation [0, 0]
IBM gyliu513@gmail.com Guangya Liu
	unknown [308, 324]
Google beacham@google.com Jacob Beacham
	unknown [168, 1]
	devel-doc [18, 0]
(Unknown) luk.burchard@gmail.com realfake
	unknown [76, 3]
Google mikedanese@google.com Mike Danese
	devel-doc [205, 40]
	code [1, 1]
	unknown [1082, 1032]
	documentation [1, 0]
	ui [7, 6]
	build [1403, 1526]
Google jinxu@google.com Jing Xu
	unknown [1301, 85]
	devel-doc [3, 0]
	documentation [0, 0]
Red Hat sross@redhat.com Solly Ross
	code [99, 1]
	unknown [1145, 75]
	devel-doc [6, 2]
	documentation [0, 0]
Google mehdy@google.com mbohlool
	unknown [5134, 3902]
	devel-doc [859, 89]
	code [5, 5]
Google shyamjvs@google.com Shyam Jeedigunta
	unknown [1385, 161]
	devel-doc [75, 0]
	code [92, 93]
	build [0, 0]
	documentation [1, 0]
Google nicksardo@google.com Nick Sardo
	unknown [842, 351]
	devel-doc [18, 0]
	build [10, 0]
Google qlee@google.com Quintin Lee
	unknown [159, 6]
	devel-doc [24, 0]
	code [13, 1]
	build [4, 0]
Google chiachenk@google.com Janet Kuo
	unknown [2979, 1289]
	devel-doc [76, 5]
	code [40, 0]
	documentation [0, 0]
Google dashpole@google.com David Ashpole
	unknown [577, 511]
	devel-doc [3, 4]
	code [7, 5]
	build [2, 0]
Airbnb ricky.pai@airbnb.com Ricky Pai
	unknown [46, 0]
(Unknown) girikuncoro@users.noreply.github.com Giri Kuncoro
	unknown [136, 0]
	translation [93, 1]
Google vmik@google.com Mik Vyatskov
	unknown [105, 3]
Microsoft doliu@microsoft.com Dong Liu
	unknown [478, 110]
	devel-doc [51, 1]
Google sakshams@google.com Saksham Sharma
	unknown [499, 3]
	devel-doc [53, 0]
Google mml@google.com Matt Liggett
	unknown [10, 1]
	devel-doc [1, 0]
	code [1, 1]
Google thockin@google.com Tim Hockin
	code [3, 0]
	unknown [739, 156]
	devel-doc [18, 4]
	documentation [0, 0]
	build [2, 0]
Google dnardo@google.com Daniel Nardo
	unknown [46, 1]
	build [3, 0]
(Unknown) alberto.garcial@hotmail.com enxebre
	unknown [339, 0]
	devel-doc [4, 0]
Red Hat stefan.schimanski@gmail.com Dr. Stefan Schimanski
	unknown [3149, 1116]
	devel-doc [98, 13]
	code [1, 1]
Google wfender@google.com Walter Fender
	unknown [87, 56]
Fujitsu chenr.fnst@cn.fujitsu.com xilabao
	unknown [693, 32]
	devel-doc [9, 1]
	code [2, 2]
	translation [3, 5]
Self stephenhsu90@gmail.com Di Xu
	unknown [11, 23]
Google enisoc@google.com Anthony Yeh
	unknown [196, 21]
	devel-doc [469, 303]
	code [104, 5]
Kelowna admin@toph.ca Christoph Blecker
	unknown [16, 15]
	code [10, 9]
	build [2, 2]
Huawei shashidhara.td@huawei.com shashidharatd
	unknown [179, 114]
	devel-doc [106, 14]
	code [3, 14]
IBM madaxa@cn.ibm.com Klaus Ma
	unknown [1134, 247]
	devel-doc [130, 20]
Google dawnchen@google.com Dawn Chen
	unknown [28, 127]
Google kumaraji@google.com Ajit Kumar
	code [6, 0]
	build [7, 2]
Google dbsmith@google.com Daniel Smith
	unknown [782, 1065]
	devel-doc [14, 10]
	code [47, 0]
Google mengqiy@google.com ymqytw
	unknown [6187, 1531]
Hitachi Data Systems mitsuhiro.tanino@hds.com mtanino
	unknown [107, 47]
Red Hat decarr@redhat.com Derek Carr
	unknown [335, 127]
	devel-doc [3, 1]
Cockroach alexdwanerobinson@gmail.com Alex Robinson
	unknown [30, 26]
Microsoft jack.francis@microsoft.com Jack Francis
	unknown [305, 40]
Apache jwhitlock@apache.org Jeremy Whitlock
	unknown [1987, 12]
	devel-doc [257, 0]
	code [113, 2]
CoreOS eric.chiang.m@gmail.com Eric Chiang
	unknown [1053, 435]
	devel-doc [63, 9]
	documentation [2, 0]
Google fangyuhao@gmail.com x1957
	unknown [5, 4]
EasyStack nickren19@gmail.com NickrenREN
	unknown [365, 218]
	devel-doc [50, 0]
(Unknown) licl@primeton.com lichunlong
	unknown [83, 23]
IBM vaibhavs@us.ibm.com vaibhavsood
	unknown [13, 4]
Fujitsu caosf.fnst@cn.fujitsu.com Cao Shufeng
	unknown [455, 47]
	devel-doc [0, 1]
	code [33, 8]
	documentation [1, 9]
(Unknown) talk.to.waseem@gmail.com Waseem Ahmad
	unknown [182, 96]
(Unknown) tnozicka@gmail.com Tomas Nozicka
	unknown [2, 0]
Caicloud 393926893@qq.com zhengjiajin
	unknown [627, 112]
	devel-doc [10, 9]
	documentation [0, 0]
ZTE Corporation zhang.xiaoyu33@zte.com.cn zhangxiaoyu-zidif
	unknown [137, 68]
	devel-doc [13, 13]
ZTE Corporation zhao.xiangpeng@zte.com.cn xiangpengzhao
	unknown [70, 36]
	devel-doc [7, 7]
	build [2, 2]
ZTE Corporation jiang.lingxia@zte.com.cn jianglingxia
	unknown [5, 9]
	devel-doc [6, 6]
Google ygg@google.com Yang Guo
	unknown [656, 2]
	devel-doc [3, 0]
	code [6, 0]
Red Hat hchen@redhat.com Huamin Chen
	unknown [86, 47]
	devel-doc [1, 0]
VMware divyenp@vmware.com divyenpatel
	unknown [645, 436]
	devel-doc [14, 1]
EasyStack fengyun.pan@easystack.cn FengyunPan
	unknown [305, 57]
	devel-doc [1, 0]
Google jregan@google.com Jeffrey Regan
	unknown [56, 55]
	devel-doc [43, 5]
Red Hat jliggitt@redhat.com Jordan Liggitt
	unknown [4486, 877]
	devel-doc [422, 3]
	code [15, 1]
	documentation [0, 0]
Google dvorak@google.com Jonathan MacMillan
	unknown [265, 62]
	devel-doc [3, 0]
Google mtaufen@google.com Michael Taufen
	unknown [5, 4]
Google senlu@google.com Sen Lu
	code [2, 2]
Google ahmetb@google.com Ahmet Alp Balkan
	unknown [1634, 1431]
	devel-doc [194, 0]
	documentation [0, 0]
Google wojtekt@google.com Wojciech Tyczynski
	unknown [1542, 1289]
	devel-doc [7, 7]
	code [28, 29]
	build [3, 3]
Red Hat hchiramm@redhat.com Humble Chirammal
	unknown [387, 279]
	devel-doc [49, 604]
Google gmarek@google.com gmarek
	unknown [318, 199]
	devel-doc [4, 0]
	code [8, 3]
CoreOS abhinav.dahiya@coreos.com Abhinav Dahiya
	unknown [1, 1]
Red Hat ffranz@redhat.com Fabiano Franz
	unknown [594, 57]
	devel-doc [5, 0]
	code [45, 1]
Self lukasz.szaszkiewicz@gmail.com p0lyn0mial
	unknown [445, 276]
	devel-doc [26, 48]
Google jacobsimpson@google.com Jacob Simpson
	unknown [280, 65]
	devel-doc [1, 0]
	documentation [1, 0]
(Unknown) fabrizio.pandini@gmail.com fabriziopandini
	unknown [30, 30]
Intel stanislaw.szydlo@intel.com Stanisław Szydło
	unknown [1, 1]
	code [2, 2]
	build [1, 1]
(Unknown) horwitzja@gmail.com Josh Horwitz
	unknown [22, 0]
Self nikitaraghunath@gmail.com Nikhita Raghunath
	unknown [354, 49]
	devel-doc [2, 0]
(Unknown) yasstij11@gmail.com Yassine TIJANI
	unknown [4, 7]
Red Hat xychu2008@gmail.com Ethan Chu
	unknown [47, 20]
Google campbellalex@google.com Alexander Campbell
	code [37, 19]
	unknown [144, 68]
	documentation [21, 0]
jobandtalent agonzalezro@gmail.com Álex González
	devel-doc [1, 1]
Tencent jungong@tencent.com Jun Gong
	unknown [3, 1]
Google zihongz@google.com Zihong Zheng
	unknown [2914, 1152]
	devel-doc [16, 50]
	documentation [0, 0]
Google bowei@google.com Bowei Du
	unknown [15, 11]
	devel-doc [1, 1]
	code [69, 30]
	build [3, 3]
Google jgrafton@google.com Jeff Grafton
	unknown [30, 16]
	devel-doc [20, 7]
	code [2, 0]
	ui [3, 0]
Google abw@google.com Adam Worrall
	unknown [115, 9]
	devel-doc [1, 0]
Self artmr@lsd.ufcg.edu.br Arthur Miranda
	unknown [298, 0]
	devel-doc [2, 0]
	documentation [3, 0]
Google msau@google.com Michelle Au
	unknown [1157, 5]
	devel-doc [71, 0]
	documentation [0, 0]
(Unknown) bvanzant@brkt.com Bob Van Zant
	unknown [22, 11]
ASG Consulting andy.goldstein@gmail.com Andy Goldstein
	code [35, 22]
	unknown [717, 353]
	devel-doc [15, 5]
	documentation [2, 0]
Weaveworks bryan@weave.works Bryan Boreham
	unknown [1, 3]
DaoCloud baofa.fan@daocloud.io carlory
	unknown [2, 2]
	code [1, 1]
EasyStack yunxian.guo@easystack.cn guoyunxian
	unknown [0, 2]
ZTE Corporation li.xiaobing1@zte.com.cn lixiaobing1
	unknown [4, 1]
JD.COM ailusazh@126.com ailusazh
	unknown [1, 1]
Red Hat mawong@redhat.com Matthew Wong
	unknown [174, 52]
Google agarwalrohit@google.com Rohit Agarwal
	unknown [7, 1]
(Unknown) emaildanwilson@gmail.com emaildanwilson
	unknown [153, 42]
	devel-doc [2, 0]
Google owensk@google.com Kenneth Owens
	unknown [4326, 185]
	devel-doc [134, 0]
	documentation [0, 0]
Red Hat mkhan@redhat.com Monis Khan
	unknown [89, 19]
	code [12, 4]
Red Hat marun@redhat.com Maru Newby
	unknown [674, 1521]
	devel-doc [21, 34]
	documentation [2, 0]
CoreOS alex.crawford@coreos.com Alex Crawford
	unknown [3, 3]
Universidade Federal de Campina Grande henrique@lsd.ufcg.edu.br Henrique Truta
	unknown [10, 10]
	documentation [0, 0]
Red Hat mkargaki@redhat.com Michail Kargakis
	unknown [91, 29]
	devel-doc [4, 1]
	documentation [0, 0]
ZTE Corporation ouyang.qinhua@zte.com.cn bruceauyeung
	code [3, 0]
Hyper.sh harryz@hyper.sh Harry Zhang
	unknown [1, 1]
(Unknown) ninkendo@gmail.com Ken Simon
	unknown [38, 21]
VMware bdontu@vmware.com System Administrator
	unknown [677, 216]
	devel-doc [676, 2]
	documentation [0, 0]
(Unknown) harsh@portworx.com Harsh Desai
	unknown [171, 162]
	devel-doc [2, 2]
Heptio timothysc@gmail.com Timothy St. Clair
	unknown [245, 58]
	devel-doc [12, 1]
	documentation [2, 0]
(Unknown) jinsenorita@gmail.com Ginwala
	unknown [2, 2]
Red Hat sjenning@redhat.com Seth Jennings
	unknown [96, 1]
(Unknown) matthew.potter@uswitch.com Matt Potter
	unknown [21, 19]
	devel-doc [1, 0]
(Unknown) kb@itsvit.org kb@itsvit.org
	unknown [17, 20]
	code [5, 1]
	build [2, 2]
(Unknown) xxiaozhou@gmail.com Author xiao-zhou
	unknown [136, 0]
Google ramanathana@google.com Anirudh
	code [18, 4]
	unknown [491, 112]
	devel-doc [1, 0]
	documentation [1, 0]
(Unknown) robertojrojas@gmail.com Roberto J Rojas
	unknown [11, 6]
Google etune@google.com Eric Tune
	unknown [22, 31]
Google aleksandram@google.com Aleksandra Malinowska
	unknown [35, 25]
IBM seharris@us.ibm.com Steven E. Harris
	unknown [5, 12]
ZTE Corporation wang.bin21@zte.com.cn billy2180
	unknown [4, 4]
Google jmacleod@google.com Jago Macleod
	devel-doc [16, 0]
Google vishnuk@google.com Vishnu kannan
	unknown [7, 7]
	code [39, 23]
CoreOS luis.pabon@coreos.com Luis Pabón
	unknown [109, 4]
Fujitsu mashimiao.fnst@cn.fujitsu.com Ma Shimiao
	unknown [1, 3]
Google mwielgus@google.com Marcin Wielgus
	unknown [8, 0]
	devel-doc [2, 2]
	code [2, 2]
Apache jay@apache.org jayunit100
	unknown [75, 45]
ZTE Corporation pu.junqi@zte.com.cn tianshapjq
	unknown [3, 3]
Microsoft bburns@google.com Brendan Burns
	unknown [159, 14]
	documentation [0, 0]
Google madhusudancs@google.com Madhusudan.C.S
	unknown [10, 3]
	code [6, 3]
(Unknown) davidewatson@gmail.com David E Watson
	unknown [1, 1]
Google pwittroc@google.com Phillip Wittrock
	unknown [117, 87]
	devel-doc [19, 19]
Amadeus salvatore-dario.minonne@amadeus.com Salvatore Dario Minonne
	unknown [593, 29]
	devel-doc [10, 1]
ZTE Corporation yu.peng36@zte.com.cn yupengzte
	unknown [13, 13]
HP kokhang@gmail.com Steve Leon
	unknown [1, 1]
Self andy.xning@gmail.com Andy Xie
	unknown [4, 2]
(Unknown) pc@michali.net Paul Michali
	unknown [81, 9]
	code [12, 2]
(Unknown) sidvin@amazon.com Vinothkumar Siddharth
	code [1, 2]
Red Hat vsemushi@redhat.com Slava Semushin
	unknown [1, 0]
(Unknown) sky.captin@gmail.com Werner
	unknown [15, 14]
	build [2, 1]
Fujitsu maciaszczykm@users.noreply.github.com Marcin Maciaszczyk
	unknown [1, 1]
Caicloud haoyuan.ge@caicloud.io haoyuan
	unknown [0, 38]
Hyper.sh feiskyer@gmail.com Pengfei Ni
	unknown [2422, 1154]
	devel-doc [2, 1]
(Unknown) sanderp@q42.nl Sander Ploegsma
	code [1, 1]
Google nikhiljindal@google.com nikhiljindal
	unknown [256, 32]
	code [180, 1]
	documentation [0, 0]
Canonical george.kraft@canonical.com George Kraft
	build [12, 0]
Mirantis yashulyak@gmail.com Dmitry Shulyak
	unknown [108, 223]
	devel-doc [9, 9]
Rackspace jamie.hannaford@rackspace.com Jamie Hannaford
	unknown [50, 15]
	devel-doc [1, 0]
Self crazykev@zju.edu.cn Crazykev
	unknown [9, 3]
	code [0, 1]
zlabjp kazuki.suda@gmail.com Kazuki Suda
	unknown [11, 1]
IBM xingzhou@cn.ibm.com Xing Zhou
	unknown [1, 1]
Red Hat dcbw@redhat.com Dan Williams
	unknown [143, 74]
	devel-doc [2, 0]
	code [2, 0]
Atlassian nislamov@atlassian.com Nail Islamov
	unknown [543, 204]
	devel-doc [101, 22]
	documentation [0, 0]
(Unknown) rober.morales@rstor.io Rober Morales-Chaparro
	unknown [1, 1]
FathomDB justin@fathomdb.com Justin Santa Barbara
	unknown [11, 11]
	devel-doc [0, 1]
(Unknown) matthias.greiner@stud.uni-heidelberg.de Matthias Greiner
	unknown [2, 2]
Google pszczesniak@google.com Piotr Szczesniak
	unknown [6, 2]
Self 21521209@zju.edu.cn heartlock
	unknown [288, 236]
VMware shivania@vmware.com Abrar Shivani
	unknown [24, 22]
Google verb@google.com Lee Verberne
	unknown [81, 56]
	devel-doc [28, 15]
	documentation [1, 1]
Red Hat jeff.h.vance@gmail.com jeff vance
	unknown [18, 51]
SalesForce ian.chakeres@gmail.com Ian Chakeres
	unknown [271, 440]
Google erick@fejta.com Erick Fejta
	unknown [0, 1036]
Red Hat hekumar@redhat.com Hemant Kumar
	unknown [302, 72]
	code [2, 1]
CoreOS brandon.philips@coreos.com Brandon Philips
	devel-doc [2, 0]
Google rmmh@google.com Ryan Hitchman
	unknown [217, 5]
	devel-doc [6, 1]
	code [52, 7]
42 julien.balestra@gmail.com Julien Balestra
	unknown [105, 53]
Microsoft jiangtianli@hotmail.com Jiangtian Li
	unknown [57, 34]
	devel-doc [1, 0]
(Unknown) liuxu@asiainfo.com yaxinlx
	unknown [9, 5]
ContaAzul caarlos0@users.noreply.github.com Carlos Alexandro Becker
	unknown [1, 1]
(Unknown) jonathan@pulsifer.ca Jonathan Pulsifer
	unknown [1, 1]
Nordstrom dhawal55@gmail.com Dhawal Patel
	unknown [0, 2]
Canonical jacek.nykis@canonical.com Jacek N
	unknown [1, 1]
(Unknown) stuart.warren@ocado.com stuart.warren
	unknown [33, 33]
Microsoft cole.mickens@gmail.com Cole Mickens
	unknown [119, 99]
	devel-doc [0, 1]
Huawei zhongcheng2@huawei.com Hardy Simpson
	unknown [9, 0]
	devel-doc [1, 0]
Canonical kos.tsakalozos@canonical.com Konstantinos Tsakalozos
	code [4, 16]
	build [37, 25]
(Unknown) nbutton@ancestry.com Nathan Button
	unknown [40, 37]
ZTE Corporation zhang.dongjie@zte.com.cn zdj6373
	unknown [2, 2]
Tata Consultancy Services tiwari.nitish@gmail.com Nitish
	unknown [2, 6]
	devel-doc [2, 6]
(Unknown) suyogbarve@gmail.com Suyog Barve
	unknown [79, 0]
	devel-doc [1, 0]
(Unknown) sidharthamn@gmail.com Sidhartha Mani
	unknown [5, 1]
Google mikewu@google.com Ke Wu
	unknown [15, 0]
Google colew@google.com Cole Wagner
	unknown [0, 1]
	code [1, 3]
DaoCloud allen.sun@daocloud.io allencloud
	unknown [8, 7]
Red Hat ravisantoshgudimetla@gmail.com ravisantoshgudimetla
	unknown [155, 36]
	devel-doc [4, 1]
Google djmm@google.com David McMahon
	code [15, 9]
Red Hat jcope@redhat.com Jon Cope
	unknown [70, 32]
Rook lucas.kaldstrom@hotmail.co.uk Lucas Käldström
	unknown [1, 1]
Apprenda derekmcquay@gmail.com Derek McQuay
	unknown [6, 11]
(Unknown) public@omeid.me O'meid
	devel-doc [1, 1]
Self jmyue@hotmail.com supereagle
	unknown [0, 4]
Red Hat jforrest@redhat.com Jessica Forrester
	unknown [1, 1]
Canonical chuck@dasroot.net Charles Butler
Feedtrail haka.jesse@gmail.com Jesse Haka
	unknown [75, 34]
	devel-doc [2, 0]
Mirantis psiwczak@mirantis.com Piotr Siwczak
	unknown [1, 1]
Samsung spiffxp@gmail.com Aaron Crickenberger
	unknown [5, 1]
IBM dims@linux.vnet.ibm.com Davanum Srinivas
	unknown [15, 2]
	code [14, 4]
Telemetry.com ivanov.maxim@gmail.com Maxim Ivanov
	unknown [9, 5]
devel-doc 8469 5366
	Red Hat jvallejo@redhat.com juanvallejo: [1, 0]
	Google cxing@google.com Cheng Xing: [1, 0]
	Google krousey@google.com Kris: [66, 2]
	Tigera casey@tigera.io Casey Davenport: [0, 7]
	Red Hat haowang@redhat.com Haoran Wang: [69, 73]
	Red Hat shiywang@redhat.com Shiyang Wang: [12, 1]
	Google xuchao@google.com Chao Xu: [1862, 3589]
	Red Hat danw@redhat.com Dan Winship: [931, 0]
	Google sunilarora@google.com Sunil Arora: [4, 0]
	Google yjhong@google.com Yu-Ju Hong: [110, 114]
	Google cjcullen@google.com CJ Cullen: [0, 5]
	Red Hat deads@redhat.com deads2k: [343, 72]
	(Unknown) sdw35@cornell.edu Scott Weiss: [7, 0]
	Google stclair@google.com Tim St. Clair: [226, 3]
	Red Hat ccoleman@redhat.com Clayton Coleman: [223, 96]
	Google beacham@google.com Jacob Beacham: [18, 0]
	Google mikedanese@google.com Mike Danese: [205, 40]
	Google jinxu@google.com Jing Xu: [3, 0]
	Red Hat sross@redhat.com Solly Ross: [6, 2]
	Google mehdy@google.com mbohlool: [859, 89]
	Google shyamjvs@google.com Shyam Jeedigunta: [75, 0]
	Google nicksardo@google.com Nick Sardo: [18, 0]
	Google qlee@google.com Quintin Lee: [24, 0]
	Google chiachenk@google.com Janet Kuo: [76, 5]
	Google dashpole@google.com David Ashpole: [3, 4]
	Microsoft doliu@microsoft.com Dong Liu: [51, 1]
	Google sakshams@google.com Saksham Sharma: [53, 0]
	Google mml@google.com Matt Liggett: [1, 0]
	Google thockin@google.com Tim Hockin: [18, 4]
	(Unknown) alberto.garcial@hotmail.com enxebre: [4, 0]
	Red Hat stefan.schimanski@gmail.com Dr. Stefan Schimanski: [98, 13]
	Fujitsu chenr.fnst@cn.fujitsu.com xilabao: [9, 1]
	Google enisoc@google.com Anthony Yeh: [469, 303]
	Huawei shashidhara.td@huawei.com shashidharatd: [106, 14]
	IBM madaxa@cn.ibm.com Klaus Ma: [130, 20]
	Google dbsmith@google.com Daniel Smith: [14, 10]
	Red Hat decarr@redhat.com Derek Carr: [3, 1]
	Apache jwhitlock@apache.org Jeremy Whitlock: [257, 0]
	CoreOS eric.chiang.m@gmail.com Eric Chiang: [63, 9]
	EasyStack nickren19@gmail.com NickrenREN: [50, 0]
	Fujitsu caosf.fnst@cn.fujitsu.com Cao Shufeng: [0, 1]
	Caicloud 393926893@qq.com zhengjiajin: [10, 9]
	ZTE Corporation zhang.xiaoyu33@zte.com.cn zhangxiaoyu-zidif: [13, 13]
	ZTE Corporation zhao.xiangpeng@zte.com.cn xiangpengzhao: [7, 7]
	ZTE Corporation jiang.lingxia@zte.com.cn jianglingxia: [6, 6]
	Google ygg@google.com Yang Guo: [3, 0]
	Red Hat hchen@redhat.com Huamin Chen: [1, 0]
	VMware divyenp@vmware.com divyenpatel: [14, 1]
	EasyStack fengyun.pan@easystack.cn FengyunPan: [1, 0]
	Google jregan@google.com Jeffrey Regan: [43, 5]
	Red Hat jliggitt@redhat.com Jordan Liggitt: [422, 3]
	Google dvorak@google.com Jonathan MacMillan: [3, 0]
	Google ahmetb@google.com Ahmet Alp Balkan: [194, 0]
	Google wojtekt@google.com Wojciech Tyczynski: [7, 7]
	Red Hat hchiramm@redhat.com Humble Chirammal: [49, 604]
	Google gmarek@google.com gmarek: [4, 0]
	Red Hat ffranz@redhat.com Fabiano Franz: [5, 0]
	Self lukasz.szaszkiewicz@gmail.com p0lyn0mial: [26, 48]
	Google jacobsimpson@google.com Jacob Simpson: [1, 0]
	Self nikitaraghunath@gmail.com Nikhita Raghunath: [2, 0]
	jobandtalent agonzalezro@gmail.com Álex González: [1, 1]
	Google zihongz@google.com Zihong Zheng: [16, 50]
	Google bowei@google.com Bowei Du: [1, 1]
	Google jgrafton@google.com Jeff Grafton: [20, 7]
	Google abw@google.com Adam Worrall: [1, 0]
	Self artmr@lsd.ufcg.edu.br Arthur Miranda: [2, 0]
	Google msau@google.com Michelle Au: [71, 0]
	ASG Consulting andy.goldstein@gmail.com Andy Goldstein: [15, 5]
	(Unknown) emaildanwilson@gmail.com emaildanwilson: [2, 0]
	Google owensk@google.com Kenneth Owens: [134, 0]
	Red Hat marun@redhat.com Maru Newby: [21, 34]
	Red Hat mkargaki@redhat.com Michail Kargakis: [4, 1]
	VMware bdontu@vmware.com System Administrator: [676, 2]
	(Unknown) harsh@portworx.com Harsh Desai: [2, 2]
	Heptio timothysc@gmail.com Timothy St. Clair: [12, 1]
	(Unknown) matthew.potter@uswitch.com Matt Potter: [1, 0]
	Google ramanathana@google.com Anirudh: [1, 0]
	Google jmacleod@google.com Jago Macleod: [16, 0]
	Google mwielgus@google.com Marcin Wielgus: [2, 2]
	Google pwittroc@google.com Phillip Wittrock: [19, 19]
	Amadeus salvatore-dario.minonne@amadeus.com Salvatore Dario Minonne: [10, 1]
	Hyper.sh feiskyer@gmail.com Pengfei Ni: [2, 1]
	Mirantis yashulyak@gmail.com Dmitry Shulyak: [9, 9]
	Rackspace jamie.hannaford@rackspace.com Jamie Hannaford: [1, 0]
	Red Hat dcbw@redhat.com Dan Williams: [2, 0]
	Atlassian nislamov@atlassian.com Nail Islamov: [101, 22]
	FathomDB justin@fathomdb.com Justin Santa Barbara: [0, 1]
	Google verb@google.com Lee Verberne: [28, 15]
	CoreOS brandon.philips@coreos.com Brandon Philips: [2, 0]
	Google rmmh@google.com Ryan Hitchman: [6, 1]
	Microsoft jiangtianli@hotmail.com Jiangtian Li: [1, 0]
	Microsoft cole.mickens@gmail.com Cole Mickens: [0, 1]
	Huawei zhongcheng2@huawei.com Hardy Simpson: [1, 0]
	Tata Consultancy Services tiwari.nitish@gmail.com Nitish: [2, 6]
	(Unknown) suyogbarve@gmail.com Suyog Barve: [1, 0]
	Red Hat ravisantoshgudimetla@gmail.com ravisantoshgudimetla: [4, 1]
	(Unknown) public@omeid.me O'meid: [1, 1]
	Feedtrail haka.jesse@gmail.com Jesse Haka: [2, 0]
code 1386 394
	Red Hat jvallejo@redhat.com juanvallejo: [18, 0]
	Red Hat haowang@redhat.com Haoran Wang: [1, 1]
	Red Hat shiywang@redhat.com Shiyang Wang: [1, 1]
	Google xuchao@google.com Chao Xu: [16, 19]
	Self taotaotheripper@gmail.com Random-Liu: [2, 2]
	Google yjhong@google.com Yu-Ju Hong: [0, 1]
	Google cjcullen@google.com CJ Cullen: [8, 0]
	Red Hat deads@redhat.com deads2k: [103, 15]
	Google stclair@google.com Tim St. Clair: [19, 1]
	Red Hat ccoleman@redhat.com Clayton Coleman: [19, 12]
	Google mikedanese@google.com Mike Danese: [1, 1]
	Red Hat sross@redhat.com Solly Ross: [99, 1]
	Google mehdy@google.com mbohlool: [5, 5]
	Google shyamjvs@google.com Shyam Jeedigunta: [92, 93]
	Google qlee@google.com Quintin Lee: [13, 1]
	Google chiachenk@google.com Janet Kuo: [40, 0]
	Google dashpole@google.com David Ashpole: [7, 5]
	Google mml@google.com Matt Liggett: [1, 1]
	Google thockin@google.com Tim Hockin: [3, 0]
	Red Hat stefan.schimanski@gmail.com Dr. Stefan Schimanski: [1, 1]
	Fujitsu chenr.fnst@cn.fujitsu.com xilabao: [2, 2]
	Google enisoc@google.com Anthony Yeh: [104, 5]
	Kelowna admin@toph.ca Christoph Blecker: [10, 9]
	Huawei shashidhara.td@huawei.com shashidharatd: [3, 14]
	Google kumaraji@google.com Ajit Kumar: [6, 0]
	Google dbsmith@google.com Daniel Smith: [47, 0]
	Apache jwhitlock@apache.org Jeremy Whitlock: [113, 2]
	Fujitsu caosf.fnst@cn.fujitsu.com Cao Shufeng: [33, 8]
	Google ygg@google.com Yang Guo: [6, 0]
	Red Hat jliggitt@redhat.com Jordan Liggitt: [15, 1]
	Google senlu@google.com Sen Lu: [2, 2]
	Google wojtekt@google.com Wojciech Tyczynski: [28, 29]
	Google gmarek@google.com gmarek: [8, 3]
	Red Hat ffranz@redhat.com Fabiano Franz: [45, 1]
	Intel stanislaw.szydlo@intel.com Stanisław Szydło: [2, 2]
	Google campbellalex@google.com Alexander Campbell: [37, 19]
	Google bowei@google.com Bowei Du: [69, 30]
	Google jgrafton@google.com Jeff Grafton: [2, 0]
	ASG Consulting andy.goldstein@gmail.com Andy Goldstein: [35, 22]
	DaoCloud baofa.fan@daocloud.io carlory: [1, 1]
	Red Hat mkhan@redhat.com Monis Khan: [12, 4]
	ZTE Corporation ouyang.qinhua@zte.com.cn bruceauyeung: [3, 0]
	(Unknown) kb@itsvit.org kb@itsvit.org: [5, 1]
	Google ramanathana@google.com Anirudh: [18, 4]
	Google vishnuk@google.com Vishnu kannan: [39, 23]
	Google mwielgus@google.com Marcin Wielgus: [2, 2]
	Google madhusudancs@google.com Madhusudan.C.S: [6, 3]
	(Unknown) pc@michali.net Paul Michali: [12, 2]
	(Unknown) sidvin@amazon.com Vinothkumar Siddharth: [1, 2]
	(Unknown) sanderp@q42.nl Sander Ploegsma: [1, 1]
	Google nikhiljindal@google.com nikhiljindal: [180, 1]
	Self crazykev@zju.edu.cn Crazykev: [0, 1]
	Red Hat dcbw@redhat.com Dan Williams: [2, 0]
	Red Hat hekumar@redhat.com Hemant Kumar: [2, 1]
	Google rmmh@google.com Ryan Hitchman: [52, 7]
	Canonical kos.tsakalozos@canonical.com Konstantinos Tsakalozos: [4, 16]
	Google colew@google.com Cole Wagner: [1, 3]
	Google djmm@google.com David McMahon: [15, 9]
	IBM dims@linux.vnet.ibm.com Davanum Srinivas: [14, 4]
unknown 115581 42474
	SalesForce mayank.kumar@salesforce.com Mayank Kumar: [28, 9]
	Red Hat jvallejo@redhat.com juanvallejo: [271, 148]
	IBM cmluciano@us.ibm.com Christopher M. Luciano: [9, 2]
	Google cxing@google.com Cheng Xing: [123, 14]
	Google krousey@google.com Kris: [400, 87]
	Tigera casey@tigera.io Casey Davenport: [2, 4]
	Red Hat haowang@redhat.com Haoran Wang: [26, 36]
	Red Hat shiywang@redhat.com Shiyang Wang: [467, 24]
	ZTE Corporation zhang.wanmin@zte.com.cn William Chang: [134, 0]
	Google xuchao@google.com Chao Xu: [10937, 871]
	Red Hat danw@redhat.com Dan Winship: [5892, 394]
	Self taotaotheripper@gmail.com Random-Liu: [66, 27]
	Google sunilarora@google.com Sunil Arora: [306, 90]
	Google yjhong@google.com Yu-Ju Hong: [9586, 7366]
	Google cjcullen@google.com CJ Cullen: [118, 26]
	Red Hat deads@redhat.com deads2k: [6757, 3551]
	(Unknown) sdw35@cornell.edu Scott Weiss: [461, 0]
	Google stclair@google.com Tim St. Clair: [1920, 219]
	Red Hat ccoleman@redhat.com Clayton Coleman: [10429, 2184]
	IBM gyliu513@gmail.com Guangya Liu: [308, 324]
	Google beacham@google.com Jacob Beacham: [168, 1]
	(Unknown) luk.burchard@gmail.com realfake: [76, 3]
	Google mikedanese@google.com Mike Danese: [1082, 1032]
	Google jinxu@google.com Jing Xu: [1301, 85]
	Red Hat sross@redhat.com Solly Ross: [1145, 75]
	Google mehdy@google.com mbohlool: [5134, 3902]
	Google shyamjvs@google.com Shyam Jeedigunta: [1385, 161]
	Google nicksardo@google.com Nick Sardo: [842, 351]
	Google qlee@google.com Quintin Lee: [159, 6]
	Google chiachenk@google.com Janet Kuo: [2979, 1289]
	Google dashpole@google.com David Ashpole: [577, 511]
	Airbnb ricky.pai@airbnb.com Ricky Pai: [46, 0]
	(Unknown) girikuncoro@users.noreply.github.com Giri Kuncoro: [136, 0]
	Google vmik@google.com Mik Vyatskov: [105, 3]
	Microsoft doliu@microsoft.com Dong Liu: [478, 110]
	Google sakshams@google.com Saksham Sharma: [499, 3]
	Google mml@google.com Matt Liggett: [10, 1]
	Google thockin@google.com Tim Hockin: [739, 156]
	Google dnardo@google.com Daniel Nardo: [46, 1]
	(Unknown) alberto.garcial@hotmail.com enxebre: [339, 0]
	Red Hat stefan.schimanski@gmail.com Dr. Stefan Schimanski: [3149, 1116]
	Google wfender@google.com Walter Fender: [87, 56]
	Fujitsu chenr.fnst@cn.fujitsu.com xilabao: [693, 32]
	Self stephenhsu90@gmail.com Di Xu: [11, 23]
	Google enisoc@google.com Anthony Yeh: [196, 21]
	Kelowna admin@toph.ca Christoph Blecker: [16, 15]
	Huawei shashidhara.td@huawei.com shashidharatd: [179, 114]
	IBM madaxa@cn.ibm.com Klaus Ma: [1134, 247]
	Google dawnchen@google.com Dawn Chen: [28, 127]
	Google dbsmith@google.com Daniel Smith: [782, 1065]
	Google mengqiy@google.com ymqytw: [6187, 1531]
	Hitachi Data Systems mitsuhiro.tanino@hds.com mtanino: [107, 47]
	Red Hat decarr@redhat.com Derek Carr: [335, 127]
	Cockroach alexdwanerobinson@gmail.com Alex Robinson: [30, 26]
	Microsoft jack.francis@microsoft.com Jack Francis: [305, 40]
	Apache jwhitlock@apache.org Jeremy Whitlock: [1987, 12]
	CoreOS eric.chiang.m@gmail.com Eric Chiang: [1053, 435]
	Google fangyuhao@gmail.com x1957: [5, 4]
	EasyStack nickren19@gmail.com NickrenREN: [365, 218]
	(Unknown) licl@primeton.com lichunlong: [83, 23]
	IBM vaibhavs@us.ibm.com vaibhavsood: [13, 4]
	Fujitsu caosf.fnst@cn.fujitsu.com Cao Shufeng: [455, 47]
	(Unknown) talk.to.waseem@gmail.com Waseem Ahmad: [182, 96]
	(Unknown) tnozicka@gmail.com Tomas Nozicka: [2, 0]
	Caicloud 393926893@qq.com zhengjiajin: [627, 112]
	ZTE Corporation zhang.xiaoyu33@zte.com.cn zhangxiaoyu-zidif: [137, 68]
	ZTE Corporation zhao.xiangpeng@zte.com.cn xiangpengzhao: [70, 36]
	ZTE Corporation jiang.lingxia@zte.com.cn jianglingxia: [5, 9]
	Google ygg@google.com Yang Guo: [656, 2]
	Red Hat hchen@redhat.com Huamin Chen: [86, 47]
	VMware divyenp@vmware.com divyenpatel: [645, 436]
	EasyStack fengyun.pan@easystack.cn FengyunPan: [305, 57]
	Google jregan@google.com Jeffrey Regan: [56, 55]
	Red Hat jliggitt@redhat.com Jordan Liggitt: [4486, 877]
	Google dvorak@google.com Jonathan MacMillan: [265, 62]
	Google mtaufen@google.com Michael Taufen: [5, 4]
	Google ahmetb@google.com Ahmet Alp Balkan: [1634, 1431]
	Google wojtekt@google.com Wojciech Tyczynski: [1542, 1289]
	Red Hat hchiramm@redhat.com Humble Chirammal: [387, 279]
	Google gmarek@google.com gmarek: [318, 199]
	CoreOS abhinav.dahiya@coreos.com Abhinav Dahiya: [1, 1]
	Red Hat ffranz@redhat.com Fabiano Franz: [594, 57]
	Self lukasz.szaszkiewicz@gmail.com p0lyn0mial: [445, 276]
	Google jacobsimpson@google.com Jacob Simpson: [280, 65]
	(Unknown) fabrizio.pandini@gmail.com fabriziopandini: [30, 30]
	Intel stanislaw.szydlo@intel.com Stanisław Szydło: [1, 1]
	(Unknown) horwitzja@gmail.com Josh Horwitz: [22, 0]
	Self nikitaraghunath@gmail.com Nikhita Raghunath: [354, 49]
	(Unknown) yasstij11@gmail.com Yassine TIJANI: [4, 7]
	Red Hat xychu2008@gmail.com Ethan Chu: [47, 20]
	Google campbellalex@google.com Alexander Campbell: [144, 68]
	Tencent jungong@tencent.com Jun Gong: [3, 1]
	Google zihongz@google.com Zihong Zheng: [2914, 1152]
	Google bowei@google.com Bowei Du: [15, 11]
	Google jgrafton@google.com Jeff Grafton: [30, 16]
	Google abw@google.com Adam Worrall: [115, 9]
	Self artmr@lsd.ufcg.edu.br Arthur Miranda: [298, 0]
	Google msau@google.com Michelle Au: [1157, 5]
	(Unknown) bvanzant@brkt.com Bob Van Zant: [22, 11]
	ASG Consulting andy.goldstein@gmail.com Andy Goldstein: [717, 353]
	Weaveworks bryan@weave.works Bryan Boreham: [1, 3]
	DaoCloud baofa.fan@daocloud.io carlory: [2, 2]
	EasyStack yunxian.guo@easystack.cn guoyunxian: [0, 2]
	ZTE Corporation li.xiaobing1@zte.com.cn lixiaobing1: [4, 1]
	JD.COM ailusazh@126.com ailusazh: [1, 1]
	Red Hat mawong@redhat.com Matthew Wong: [174, 52]
	Google agarwalrohit@google.com Rohit Agarwal: [7, 1]
	(Unknown) emaildanwilson@gmail.com emaildanwilson: [153, 42]
	Google owensk@google.com Kenneth Owens: [4326, 185]
	Red Hat mkhan@redhat.com Monis Khan: [89, 19]
	Red Hat marun@redhat.com Maru Newby: [674, 1521]
	CoreOS alex.crawford@coreos.com Alex Crawford: [3, 3]
	Universidade Federal de Campina Grande henrique@lsd.ufcg.edu.br Henrique Truta: [10, 10]
	Red Hat mkargaki@redhat.com Michail Kargakis: [91, 29]
	Hyper.sh harryz@hyper.sh Harry Zhang: [1, 1]
	(Unknown) ninkendo@gmail.com Ken Simon: [38, 21]
	VMware bdontu@vmware.com System Administrator: [677, 216]
	(Unknown) harsh@portworx.com Harsh Desai: [171, 162]
	Heptio timothysc@gmail.com Timothy St. Clair: [245, 58]
	(Unknown) jinsenorita@gmail.com Ginwala: [2, 2]
	Red Hat sjenning@redhat.com Seth Jennings: [96, 1]
	(Unknown) matthew.potter@uswitch.com Matt Potter: [21, 19]
	(Unknown) kb@itsvit.org kb@itsvit.org: [17, 20]
	(Unknown) xxiaozhou@gmail.com Author xiao-zhou: [136, 0]
	Google ramanathana@google.com Anirudh: [491, 112]
	(Unknown) robertojrojas@gmail.com Roberto J Rojas: [11, 6]
	Google etune@google.com Eric Tune: [22, 31]
	Google aleksandram@google.com Aleksandra Malinowska: [35, 25]
	IBM seharris@us.ibm.com Steven E. Harris: [5, 12]
	ZTE Corporation wang.bin21@zte.com.cn billy2180: [4, 4]
	Google vishnuk@google.com Vishnu kannan: [7, 7]
	CoreOS luis.pabon@coreos.com Luis Pabón: [109, 4]
	Fujitsu mashimiao.fnst@cn.fujitsu.com Ma Shimiao: [1, 3]
	Google mwielgus@google.com Marcin Wielgus: [8, 0]
	Apache jay@apache.org jayunit100: [75, 45]
	ZTE Corporation pu.junqi@zte.com.cn tianshapjq: [3, 3]
	Microsoft bburns@google.com Brendan Burns: [159, 14]
	Google madhusudancs@google.com Madhusudan.C.S: [10, 3]
	(Unknown) davidewatson@gmail.com David E Watson: [1, 1]
	Google pwittroc@google.com Phillip Wittrock: [117, 87]
	Amadeus salvatore-dario.minonne@amadeus.com Salvatore Dario Minonne: [593, 29]
	ZTE Corporation yu.peng36@zte.com.cn yupengzte: [13, 13]
	HP kokhang@gmail.com Steve Leon: [1, 1]
	Self andy.xning@gmail.com Andy Xie: [4, 2]
	(Unknown) pc@michali.net Paul Michali: [81, 9]
	Red Hat vsemushi@redhat.com Slava Semushin: [1, 0]
	(Unknown) sky.captin@gmail.com Werner: [15, 14]
	Fujitsu maciaszczykm@users.noreply.github.com Marcin Maciaszczyk: [1, 1]
	Caicloud haoyuan.ge@caicloud.io haoyuan: [0, 38]
	Hyper.sh feiskyer@gmail.com Pengfei Ni: [2422, 1154]
	Google nikhiljindal@google.com nikhiljindal: [256, 32]
	Mirantis yashulyak@gmail.com Dmitry Shulyak: [108, 223]
	Rackspace jamie.hannaford@rackspace.com Jamie Hannaford: [50, 15]
	Self crazykev@zju.edu.cn Crazykev: [9, 3]
	zlabjp kazuki.suda@gmail.com Kazuki Suda: [11, 1]
	IBM xingzhou@cn.ibm.com Xing Zhou: [1, 1]
	Red Hat dcbw@redhat.com Dan Williams: [143, 74]
	Atlassian nislamov@atlassian.com Nail Islamov: [543, 204]
	(Unknown) rober.morales@rstor.io Rober Morales-Chaparro: [1, 1]
	FathomDB justin@fathomdb.com Justin Santa Barbara: [11, 11]
	(Unknown) matthias.greiner@stud.uni-heidelberg.de Matthias Greiner: [2, 2]
	Google pszczesniak@google.com Piotr Szczesniak: [6, 2]
	Self 21521209@zju.edu.cn heartlock: [288, 236]
	VMware shivania@vmware.com Abrar Shivani: [24, 22]
	Google verb@google.com Lee Verberne: [81, 56]
	Red Hat jeff.h.vance@gmail.com jeff vance: [18, 51]
	SalesForce ian.chakeres@gmail.com Ian Chakeres: [271, 440]
	Google erick@fejta.com Erick Fejta: [0, 1036]
	Red Hat hekumar@redhat.com Hemant Kumar: [302, 72]
	Google rmmh@google.com Ryan Hitchman: [217, 5]
	42 julien.balestra@gmail.com Julien Balestra: [105, 53]
	Microsoft jiangtianli@hotmail.com Jiangtian Li: [57, 34]
	(Unknown) liuxu@asiainfo.com yaxinlx: [9, 5]
	ContaAzul caarlos0@users.noreply.github.com Carlos Alexandro Becker: [1, 1]
	(Unknown) jonathan@pulsifer.ca Jonathan Pulsifer: [1, 1]
	Nordstrom dhawal55@gmail.com Dhawal Patel: [0, 2]
	Canonical jacek.nykis@canonical.com Jacek N: [1, 1]
	(Unknown) stuart.warren@ocado.com stuart.warren: [33, 33]
	Microsoft cole.mickens@gmail.com Cole Mickens: [119, 99]
	Huawei zhongcheng2@huawei.com Hardy Simpson: [9, 0]
	(Unknown) nbutton@ancestry.com Nathan Button: [40, 37]
	ZTE Corporation zhang.dongjie@zte.com.cn zdj6373: [2, 2]
	Tata Consultancy Services tiwari.nitish@gmail.com Nitish: [2, 6]
	(Unknown) suyogbarve@gmail.com Suyog Barve: [79, 0]
	(Unknown) sidharthamn@gmail.com Sidhartha Mani: [5, 1]
	Google mikewu@google.com Ke Wu: [15, 0]
	Google colew@google.com Cole Wagner: [0, 1]
	DaoCloud allen.sun@daocloud.io allencloud: [8, 7]
	Red Hat ravisantoshgudimetla@gmail.com ravisantoshgudimetla: [155, 36]
	Red Hat jcope@redhat.com Jon Cope: [70, 32]
	Rook lucas.kaldstrom@hotmail.co.uk Lucas Käldström: [1, 1]
	Apprenda derekmcquay@gmail.com Derek McQuay: [6, 11]
	Self jmyue@hotmail.com supereagle: [0, 4]
	Red Hat jforrest@redhat.com Jessica Forrester: [1, 1]
	Feedtrail haka.jesse@gmail.com Jesse Haka: [75, 34]
	Mirantis psiwczak@mirantis.com Piotr Siwczak: [1, 1]
	Samsung spiffxp@gmail.com Aaron Crickenberger: [5, 1]
	IBM dims@linux.vnet.ibm.com Davanum Srinivas: [15, 2]
	Telemetry.com ivanov.maxim@gmail.com Maxim Ivanov: [9, 5]
documentation 39 11
	Google xuchao@google.com Chao Xu: [0, 0]
	Red Hat danw@redhat.com Dan Winship: [0, 0]
	Google yjhong@google.com Yu-Ju Hong: [0, 1]
	Google cjcullen@google.com CJ Cullen: [1, 0]
	Red Hat ccoleman@redhat.com Clayton Coleman: [0, 0]
	Google mikedanese@google.com Mike Danese: [1, 0]
	Google jinxu@google.com Jing Xu: [0, 0]
	Red Hat sross@redhat.com Solly Ross: [0, 0]
	Google shyamjvs@google.com Shyam Jeedigunta: [1, 0]
	Google chiachenk@google.com Janet Kuo: [0, 0]
	Google thockin@google.com Tim Hockin: [0, 0]
	CoreOS eric.chiang.m@gmail.com Eric Chiang: [2, 0]
	Fujitsu caosf.fnst@cn.fujitsu.com Cao Shufeng: [1, 9]
	Caicloud 393926893@qq.com zhengjiajin: [0, 0]
	Red Hat jliggitt@redhat.com Jordan Liggitt: [0, 0]
	Google ahmetb@google.com Ahmet Alp Balkan: [0, 0]
	Google jacobsimpson@google.com Jacob Simpson: [1, 0]
	Google campbellalex@google.com Alexander Campbell: [21, 0]
	Google zihongz@google.com Zihong Zheng: [0, 0]
	Self artmr@lsd.ufcg.edu.br Arthur Miranda: [3, 0]
	Google msau@google.com Michelle Au: [0, 0]
	ASG Consulting andy.goldstein@gmail.com Andy Goldstein: [2, 0]
	Google owensk@google.com Kenneth Owens: [0, 0]
	Red Hat marun@redhat.com Maru Newby: [2, 0]
	Universidade Federal de Campina Grande henrique@lsd.ufcg.edu.br Henrique Truta: [0, 0]
	Red Hat mkargaki@redhat.com Michail Kargakis: [0, 0]
	VMware bdontu@vmware.com System Administrator: [0, 0]
	Heptio timothysc@gmail.com Timothy St. Clair: [2, 0]
	Google ramanathana@google.com Anirudh: [1, 0]
	Microsoft bburns@google.com Brendan Burns: [0, 0]
	Google nikhiljindal@google.com nikhiljindal: [0, 0]
	Atlassian nislamov@atlassian.com Nail Islamov: [0, 0]
	Google verb@google.com Lee Verberne: [1, 1]
ui 10 6
	Google mikedanese@google.com Mike Danese: [7, 6]
	Google jgrafton@google.com Jeff Grafton: [3, 0]
build 1549 1584
	Tigera casey@tigera.io Casey Davenport: [0, 8]
	Self taotaotheripper@gmail.com Random-Liu: [2, 2]
	Google cjcullen@google.com CJ Cullen: [12, 6]
	Google stclair@google.com Tim St. Clair: [39, 0]
	Red Hat ccoleman@redhat.com Clayton Coleman: [1, 1]
	Google mikedanese@google.com Mike Danese: [1403, 1526]
	Google shyamjvs@google.com Shyam Jeedigunta: [0, 0]
	Google nicksardo@google.com Nick Sardo: [10, 0]
	Google qlee@google.com Quintin Lee: [4, 0]
	Google dashpole@google.com David Ashpole: [2, 0]
	Google thockin@google.com Tim Hockin: [2, 0]
	Google dnardo@google.com Daniel Nardo: [3, 0]
	Kelowna admin@toph.ca Christoph Blecker: [2, 2]
	Google kumaraji@google.com Ajit Kumar: [7, 2]
	ZTE Corporation zhao.xiangpeng@zte.com.cn xiangpengzhao: [2, 2]
	Google wojtekt@google.com Wojciech Tyczynski: [3, 3]
	Intel stanislaw.szydlo@intel.com Stanisław Szydło: [1, 1]
	Google bowei@google.com Bowei Du: [3, 3]
	(Unknown) kb@itsvit.org kb@itsvit.org: [2, 2]
	(Unknown) sky.captin@gmail.com Werner: [2, 1]
	Canonical george.kraft@canonical.com George Kraft: [12, 0]
	Canonical kos.tsakalozos@canonical.com Konstantinos Tsakalozos: [37, 25]
translation 275 7
	Red Hat shiywang@redhat.com Shiyang Wang: [90, 1]
	ZTE Corporation zhang.wanmin@zte.com.cn William Chang: [89, 0]
	(Unknown) girikuncoro@users.noreply.github.com Giri Kuncoro: [93, 1]
	Fujitsu chenr.fnst@cn.fujitsu.com xilabao: [3, 5]
devel-doc 8469 5366
code 1386 394
unknown 115581 42474
documentation 39 11
ui 10 6
build 1549 1584
translation 275 7
