open output file /Users/lukasz/dev/cncf/gitdm/etcd_1y_repos/combined_after.csv

swingbach@gmail.com is an author name, probably not what you want
unknown@hacker.net Unknown hacker
yudai.iwasaki@ntti3.com Iwasaki Yudai
	unknown [215, 70]
gyuhox@gmail.com Gyu-Ho Lee
	devel-doc [4366, 8124]
	code [296, 2470]
	unknown [266307, 225870]
	image [0, 0]
	documentation [4, 3498]
	build [4, 200]
anthony.romano@coreos.com Anthony Romano
	code [162, 53]
	unknown [69592, 29274]
	devel-doc [1020, 1165]
	documentation [19, 23]
	build [27, 6]
fanmin.shi@coreos.com fanmin shi
	unknown [3949, 1387]
	devel-doc [61, 5]
	code [8, 2]
xiangli.cs@gmail.com Xiang Li
	unknown [16212, 5740]
	devel-doc [298, 3]
	code [16, 2]
	build [1, 2]
	documentation [27, 0]
brandon.philips@coreos.com Brandon Philips
	unknown [22, 7]
	devel-doc [3, 3]
reinhard.luediger@metrosystems.net Luediger Reinhard
	unknown [1, 1]
aaron.lehmann@docker.com Aaron Lehmann
	unknown [129, 24]
tess.rinearson@gmail.com Tess Rinearson
	unknown [31, 31]
	devel-doc [1, 0]
tgrosinger@extrahop.com Tony Grosinger
	unknown [8, 0]
geoff@infradead.org Geoff Levand
	unknown [91, 43]
	devel-doc [38, 9]
	code [11, 5]
mitake.hitoshi@gmail.com Hitoshi Mitake
	unknown [10194, 3256]
	devel-doc [21, 9]
	code [2, 2]
alexdwanerobinson@gmail.com Alex Robinson
	unknown [20, 0]
darasion@gmail.com darasion
	unknown [2, 2]
gergely.csatari@nokia.com csatari
	unknown [5, 0]
smeruelo@gmail.com Sonia Meruelo
	unknown [1, 1]
fran@metricfire.net Fran Garcia
	unknown [9, 0]
calebamiles@users.noreply.github.com caleb miles
	unknown [77, 0]
andelf@gmail.com andelf
	unknown [12, 9]
elijah.caine@coreos.com Elijah C. Voigt
	unknown [14, 11]
davissp14@gmail.com Shaun Davis
	unknown [1, 0]
peng.gao.dut@gmail.com Peng Gao
	unknown [2, 2]
jiajunbl@andrew.cmu.edu Brandon Lum
	unknown [1, 0]
jonathan.sokolowski@gmail.com Jonathan Sokolowski
	unknown [66, 16]
asko.kauppi@zalando.fi Asko Kauppi
	unknown [12, 12]
rmohammed@vonage.com raoofm
	unknown [1, 1]
mayank.kumar@salesforce.com Mayank Kumar
	unknown [12, 1]
fbranczyk@gmail.com Frederic Branczyk
	unknown [6, 0]
	build [327, 0]
j@coreos.com Josh Wood
	unknown [3, 3]
apanchenko@mirantis.com Artem Panchenko
	unknown [6, 0]
tobias.oberstein@tavendo.de Tobias Oberstein
	unknown [3, 2]
raoofm@users.noreply.github.com Raoof Mohammed
	unknown [9, 8]
hubert@chen.net Hubert Chen
	unknown [13, 0]
hardysimpson1984@gmail.com Hardy Simpson
	unknown [15, 5]
james@shubin.ca James Shubin
	unknown [184, 17]
allen.sun@daocloud.io allencloud
	unknown [14, 0]
reterclose@gmail.com Brandon Gao
	unknown [12, 0]
bdudelsack@progeek.de Boris Dudelsack
	unknown [18, 0]
shafreeck@users.noreply.github.com Shafreeck Sea
	unknown [11, 0]
gnawux@gmail.com Wang Xu
	unknown [15, 0]
eyniy@qq.com Ye Yin
	unknown [12, 0]
crazyjvm@gmail.com Chao Chen
	unknown [15, 4]
nekto0n@yandex-team.ru Nikita Vetoshkin
	unknown [105, 37]
	devel-doc [1, 2]
jolestar@gmail.com jolestar
	unknown [14, 0]
siddontang@gmail.com siddontang
	unknown [38, 7]
estidham@gmail.com Erik Stidham
	devel-doc [2, 2]
mkumatag@in.ibm.com Manjunath A Kumatagi
	unknown [85, 35]
	code [2, 1]
15712974451@163.com yiyiyaya
	devel-doc [2, 2]
hhkbp2@gmail.com Dylan.Wen
	unknown [318, 49]
dcheney@atlassian.com David Cheney
	unknown [1, 2]
petermattis@gmail.com Peter Mattis
	unknown [133, 53]
cuiwei13@pku.edu.cn cuiwei13
	unknown [1, 1]
ghostplant@qq.com CUI Wei
sinsharat@gmail.com sharat
	unknown [3824, 792]
	devel-doc [847, 183]
	build [10, 0]
rpatel.com@gmail.com Rushit
	unknown [29, 0]
rpatel@clearslide.com rpatel
	unknown [313, 107]
mr.felixoid@gmail.com felixoid
	unknown [126, 60]
ravi.gadde@gmail.com Ravi Gadde
	unknown [66, 6]
nmiyake@users.noreply.github.com Nick Miyake
	unknown [1, 1]
lenferinkroy@gmail.com Roy Lenferink
	unknown [2, 1]
jimmy@jimmycuadra.com Jimmy Cuadra
	unknown [4, 0]
shaun.thium@gmail.com shaun.thium
	unknown [62, 0]
vimal78@gmail.com Vimal Kumar
	unknown [261, 24]
	devel-doc [1, 1]
i@disksing.com disksing
	unknown [20, 2]
andrew.stuart2@gmail.com Andrew Stuart
	unknown [18, 0]
derekchiang93@gmail.com Derek Chiang
	unknown [2, 3]
jiaolong@meitu.com 焦龙
	unknown [16, 6]
jianqli@ebay.com Armstrong Li
	unknown [28, 0]
	devel-doc [6, 1]
laurie@qubit.com Laurie Clark-Michalek
	unknown [186, 45]
steve@tryingtobeawesome.com Steve Phillips
	unknown [1, 1]
tobilarscheid@gmail.com tobilarscheid
	unknown [33, 31]
stefan.schimanski@gmail.com Dr. Stefan Schimanski
	unknown [1852, 645]
overvenus@gmail.com Neil Shen
	unknown [3, 3]
christopher_randles@cable.comcast.com crandl201
	unknown [18, 2]
dujun@dujundemacbook-pro.local 杜军
	unknown [2, 0]
hongchaodeng1@gmail.com Hongchao Deng
	unknown [78, 9]
	devel-doc [5, 0]
denis.smirnov.91@gmail.com Denys Smirnov
	unknown [57, 9]
fbarbeira@gmail.com Félix Barbeira
	unknown [1, 1]
xiaobo.liao@gmail.com leonliao
	unknown [1, 1]
cloudaice@gmail.com cloudaice
	devel-doc [1, 1]
dj199008@gmail.com m1093782566
	unknown [53, 20]
antoniomaciejmo@gmail.com antoniomaciej
	unknown [1, 0]
ben@bendarnell.com Ben Darnell
	unknown [1018, 503]
	devel-doc [2, 2]
	code [0, 3]
dongsu@endocode.com Dongsu Park
	unknown [210, 30]
cool8511@gmail.com Vincent Lee
	unknown [72, 6]
lk4d4math@gmail.com Alexander Morozov
	unknown [6, 2]
feisan@outlook.com Kelvin Liang
	unknown [4, 4]
ethan.port@mulesoft.com ethanport
	unknown [7, 7]
tstclair@redhat.com Timothy St. Clair
	unknown [11, 7]
jonathan.m.bazan@intel.com Jonathan Bazan
	unknown [29, 6]
joshrosso@gmail.com joshrosso
	unknown [6, 6]
federico.ceratto@gmail.com Federico Ceratto
	unknown [4, 0]
josh@compose.io Joshua Deare
	unknown [6, 6]
	code [14, 14]
shaun@tigera.io Shaun Crampton
	unknown [34, 26]
manish@dgraph.io Manish R Jain
	devel-doc [22, 8]
louis@kragniz.eu Louis Taylor
	unknown [4, 1]
martin@falatic.com Martin Falatic
	unknown [75, 42]
ben.spoon@coreos.com Ben Spoon
	unknown [1, 1]
chenyiwei1987@gmail.com ychen11
	unknown [394, 410]
liam.haworth@tesserent.com Liam Haworth
	unknown [4, 0]
j.e.aten@gmail.com Jason E. Aten
	unknown [56, 14]
coolhzb@163.com AdoHe
	unknown [1, 0]
ried@mytum.de Alexander Ried
	unknown [1, 0]
sharat.singh@huawei.com Sharat
	devel-doc [1, 1]
ngaut@users.noreply.github.com goroutine
	unknown [32, 0]
kev@inburke.com Kevin Burke
	unknown [1, 1]
jonathanboulle@gmail.com Jonathan Boulle
	unknown [2, 2]
	devel-doc [1, 1]
	code [2, 5]
es_chow@163.com es-chow
	unknown [4, 4]
plasticbox@gmail.com plasticbox
	unknown [1, 1]
uchida@os.ecc.u-tokyo.ac.jp topecongiro
	unknown [0, 2]
dghubble@gmail.com Dalton Hubble
	unknown [66, 0]
requenym@users.noreply.github.com Michael Requeny
	unknown [1, 0]
ypu@redhat.com Yiqiao Pu
	unknown [34, 18]
aoxiaojian@gmail.com Sky Ao
	unknown [10, 9]
swingbach@gmail.com swingbach@gmail.com
	unknown [569, 53]
jesse.millan@oracle.com jesse.millan
	unknown [20, 10]
kay.diam@gmail.com kayrus
	unknown [3, 1]
	devel-doc [11, 6]
bts@gmail.com Brian Schroeder
	unknown [8, 5]
xaaabk@gmail.com Andrei Krasnitski
	code [10, 10]
public@richardboyer.net R.B. Boyer
	unknown [4, 4]
jaredeh@gmail.com Jared Hulbert
	unknown [11, 17]
smallfish.xy@gmail.com smallfish
	unknown [5, 5]
westhoods@gmail.com westhood
	unknown [61, 1]
goby@foxmail.com laidonglin
	unknown [3, 3]
haichuang221@163.com Secret
	unknown [2, 2]
victor@matekole.com vmatekole
	devel-doc [24, 2]
geertjohan.riemer@gmail.com Geert-Johan Riemer
	unknown [1, 1]
jeffz@eml.cc Jeff Zellner
	unknown [1, 0]
	build [1, 0]
davygeek@163.com davygeek
	unknown [27, 25]
mqliang.zju@gmail.com mqliang
	unknown [266, 19]
	devel-doc [191, 0]
zhangzhonglin1@jd.com zhonglin6666
	unknown [8, 8]
danny@dannysauer.com Danny Sauer
	unknown [1, 1]
me@viktorstanchev.com Viktor Stanchev
	unknown [6, 2]
ajityagaty@gmail.com Ajit Yagaty
	unknown [317, 201]
jiaweizdev@gmail.com Jiawei Zhang
	unknown [2, 2]
cdancy@users.noreply.github.com Christopher Dancy
	unknown [4, 0]
jchaloup@redhat.com Jan Chaloupka
	unknown [1, 1]
jliggitt@redhat.com Jordan Liggitt
	unknown [1, 1]
luca.bruno@coreos.com Luca Bruno
	unknown [1, 1]
kt@wheel.jp Katsuyuki Tateishi
	unknown [12, 16]
lucas.kaldstrom@hotmail.co.uk Lucas Käldström
	unknown [21, 5]
eli@mirantis.com Evgeny L
	unknown [2, 0]
chengfeizh@gmail.com Chengfei Zhang
	unknown [1, 1]
dnaeon@gmail.com Marin Atanasov Nikolov
	unknown [1, 0]
rkrambovitis@gmail.com Robert Krambovitis
	unknown [1, 1]
mischief@coreos.com Nick Owens
	unknown [2, 61]
hjinustc@gmail.com xiaohuang
	unknown [11, 11]
github@qslw.com Morton Fox
	devel-doc [1, 1]
devel-doc 6926 9531
	gyuhox@gmail.com Gyu-Ho Lee: [4366, 8124]
	anthony.romano@coreos.com Anthony Romano: [1020, 1165]
	fanmin.shi@coreos.com fanmin shi: [61, 5]
	xiangli.cs@gmail.com Xiang Li: [298, 3]
	brandon.philips@coreos.com Brandon Philips: [3, 3]
	tess.rinearson@gmail.com Tess Rinearson: [1, 0]
	geoff@infradead.org Geoff Levand: [38, 9]
	mitake.hitoshi@gmail.com Hitoshi Mitake: [21, 9]
	nekto0n@yandex-team.ru Nikita Vetoshkin: [1, 2]
	estidham@gmail.com Erik Stidham: [2, 2]
	15712974451@163.com yiyiyaya: [2, 2]
	sinsharat@gmail.com sharat: [847, 183]
	vimal78@gmail.com Vimal Kumar: [1, 1]
	jianqli@ebay.com Armstrong Li: [6, 1]
	hongchaodeng1@gmail.com Hongchao Deng: [5, 0]
	cloudaice@gmail.com cloudaice: [1, 1]
	ben@bendarnell.com Ben Darnell: [2, 2]
	manish@dgraph.io Manish R Jain: [22, 8]
	sharat.singh@huawei.com Sharat: [1, 1]
	jonathanboulle@gmail.com Jonathan Boulle: [1, 1]
	kay.diam@gmail.com kayrus: [11, 6]
	victor@matekole.com vmatekole: [24, 2]
	mqliang.zju@gmail.com mqliang: [191, 0]
	github@qslw.com Morton Fox: [1, 1]
code 523 2567
	gyuhox@gmail.com Gyu-Ho Lee: [296, 2470]
	anthony.romano@coreos.com Anthony Romano: [162, 53]
	fanmin.shi@coreos.com fanmin shi: [8, 2]
	xiangli.cs@gmail.com Xiang Li: [16, 2]
	geoff@infradead.org Geoff Levand: [11, 5]
	mitake.hitoshi@gmail.com Hitoshi Mitake: [2, 2]
	mkumatag@in.ibm.com Manjunath A Kumatagi: [2, 1]
	ben@bendarnell.com Ben Darnell: [0, 3]
	josh@compose.io Joshua Deare: [14, 14]
	jonathanboulle@gmail.com Jonathan Boulle: [2, 5]
	xaaabk@gmail.com Andrei Krasnitski: [10, 10]
unknown 378542 269316
	yudai.iwasaki@ntti3.com Iwasaki Yudai: [215, 70]
	gyuhox@gmail.com Gyu-Ho Lee: [266307, 225870]
	anthony.romano@coreos.com Anthony Romano: [69592, 29274]
	fanmin.shi@coreos.com fanmin shi: [3949, 1387]
	xiangli.cs@gmail.com Xiang Li: [16212, 5740]
	brandon.philips@coreos.com Brandon Philips: [22, 7]
	reinhard.luediger@metrosystems.net Luediger Reinhard: [1, 1]
	aaron.lehmann@docker.com Aaron Lehmann: [129, 24]
	tess.rinearson@gmail.com Tess Rinearson: [31, 31]
	tgrosinger@extrahop.com Tony Grosinger: [8, 0]
	geoff@infradead.org Geoff Levand: [91, 43]
	mitake.hitoshi@gmail.com Hitoshi Mitake: [10194, 3256]
	alexdwanerobinson@gmail.com Alex Robinson: [20, 0]
	darasion@gmail.com darasion: [2, 2]
	gergely.csatari@nokia.com csatari: [5, 0]
	smeruelo@gmail.com Sonia Meruelo: [1, 1]
	fran@metricfire.net Fran Garcia: [9, 0]
	calebamiles@users.noreply.github.com caleb miles: [77, 0]
	andelf@gmail.com andelf: [12, 9]
	elijah.caine@coreos.com Elijah C. Voigt: [14, 11]
	davissp14@gmail.com Shaun Davis: [1, 0]
	peng.gao.dut@gmail.com Peng Gao: [2, 2]
	jiajunbl@andrew.cmu.edu Brandon Lum: [1, 0]
	jonathan.sokolowski@gmail.com Jonathan Sokolowski: [66, 16]
	asko.kauppi@zalando.fi Asko Kauppi: [12, 12]
	rmohammed@vonage.com raoofm: [1, 1]
	mayank.kumar@salesforce.com Mayank Kumar: [12, 1]
	fbranczyk@gmail.com Frederic Branczyk: [6, 0]
	j@coreos.com Josh Wood: [3, 3]
	apanchenko@mirantis.com Artem Panchenko: [6, 0]
	tobias.oberstein@tavendo.de Tobias Oberstein: [3, 2]
	raoofm@users.noreply.github.com Raoof Mohammed: [9, 8]
	hubert@chen.net Hubert Chen: [13, 0]
	hardysimpson1984@gmail.com Hardy Simpson: [15, 5]
	james@shubin.ca James Shubin: [184, 17]
	allen.sun@daocloud.io allencloud: [14, 0]
	reterclose@gmail.com Brandon Gao: [12, 0]
	bdudelsack@progeek.de Boris Dudelsack: [18, 0]
	shafreeck@users.noreply.github.com Shafreeck Sea: [11, 0]
	gnawux@gmail.com Wang Xu: [15, 0]
	eyniy@qq.com Ye Yin: [12, 0]
	crazyjvm@gmail.com Chao Chen: [15, 4]
	nekto0n@yandex-team.ru Nikita Vetoshkin: [105, 37]
	jolestar@gmail.com jolestar: [14, 0]
	siddontang@gmail.com siddontang: [38, 7]
	mkumatag@in.ibm.com Manjunath A Kumatagi: [85, 35]
	hhkbp2@gmail.com Dylan.Wen: [318, 49]
	dcheney@atlassian.com David Cheney: [1, 2]
	petermattis@gmail.com Peter Mattis: [133, 53]
	cuiwei13@pku.edu.cn cuiwei13: [1, 1]
	sinsharat@gmail.com sharat: [3824, 792]
	rpatel.com@gmail.com Rushit: [29, 0]
	rpatel@clearslide.com rpatel: [313, 107]
	mr.felixoid@gmail.com felixoid: [126, 60]
	ravi.gadde@gmail.com Ravi Gadde: [66, 6]
	nmiyake@users.noreply.github.com Nick Miyake: [1, 1]
	lenferinkroy@gmail.com Roy Lenferink: [2, 1]
	jimmy@jimmycuadra.com Jimmy Cuadra: [4, 0]
	shaun.thium@gmail.com shaun.thium: [62, 0]
	vimal78@gmail.com Vimal Kumar: [261, 24]
	i@disksing.com disksing: [20, 2]
	andrew.stuart2@gmail.com Andrew Stuart: [18, 0]
	derekchiang93@gmail.com Derek Chiang: [2, 3]
	jiaolong@meitu.com 焦龙: [16, 6]
	jianqli@ebay.com Armstrong Li: [28, 0]
	laurie@qubit.com Laurie Clark-Michalek: [186, 45]
	steve@tryingtobeawesome.com Steve Phillips: [1, 1]
	tobilarscheid@gmail.com tobilarscheid: [33, 31]
	stefan.schimanski@gmail.com Dr. Stefan Schimanski: [1852, 645]
	overvenus@gmail.com Neil Shen: [3, 3]
	christopher_randles@cable.comcast.com crandl201: [18, 2]
	dujun@dujundemacbook-pro.local 杜军: [2, 0]
	hongchaodeng1@gmail.com Hongchao Deng: [78, 9]
	denis.smirnov.91@gmail.com Denys Smirnov: [57, 9]
	fbarbeira@gmail.com Félix Barbeira: [1, 1]
	xiaobo.liao@gmail.com leonliao: [1, 1]
	dj199008@gmail.com m1093782566: [53, 20]
	antoniomaciejmo@gmail.com antoniomaciej: [1, 0]
	ben@bendarnell.com Ben Darnell: [1018, 503]
	dongsu@endocode.com Dongsu Park: [210, 30]
	cool8511@gmail.com Vincent Lee: [72, 6]
	lk4d4math@gmail.com Alexander Morozov: [6, 2]
	feisan@outlook.com Kelvin Liang: [4, 4]
	ethan.port@mulesoft.com ethanport: [7, 7]
	tstclair@redhat.com Timothy St. Clair: [11, 7]
	jonathan.m.bazan@intel.com Jonathan Bazan: [29, 6]
	joshrosso@gmail.com joshrosso: [6, 6]
	federico.ceratto@gmail.com Federico Ceratto: [4, 0]
	josh@compose.io Joshua Deare: [6, 6]
	shaun@tigera.io Shaun Crampton: [34, 26]
	louis@kragniz.eu Louis Taylor: [4, 1]
	martin@falatic.com Martin Falatic: [75, 42]
	ben.spoon@coreos.com Ben Spoon: [1, 1]
	chenyiwei1987@gmail.com ychen11: [394, 410]
	liam.haworth@tesserent.com Liam Haworth: [4, 0]
	j.e.aten@gmail.com Jason E. Aten: [56, 14]
	coolhzb@163.com AdoHe: [1, 0]
	ried@mytum.de Alexander Ried: [1, 0]
	ngaut@users.noreply.github.com goroutine: [32, 0]
	kev@inburke.com Kevin Burke: [1, 1]
	jonathanboulle@gmail.com Jonathan Boulle: [2, 2]
	es_chow@163.com es-chow: [4, 4]
	plasticbox@gmail.com plasticbox: [1, 1]
	uchida@os.ecc.u-tokyo.ac.jp topecongiro: [0, 2]
	dghubble@gmail.com Dalton Hubble: [66, 0]
	requenym@users.noreply.github.com Michael Requeny: [1, 0]
	ypu@redhat.com Yiqiao Pu: [34, 18]
	aoxiaojian@gmail.com Sky Ao: [10, 9]
	swingbach@gmail.com swingbach@gmail.com: [569, 53]
	jesse.millan@oracle.com jesse.millan: [20, 10]
	kay.diam@gmail.com kayrus: [3, 1]
	bts@gmail.com Brian Schroeder: [8, 5]
	public@richardboyer.net R.B. Boyer: [4, 4]
	jaredeh@gmail.com Jared Hulbert: [11, 17]
	smallfish.xy@gmail.com smallfish: [5, 5]
	westhoods@gmail.com westhood: [61, 1]
	goby@foxmail.com laidonglin: [3, 3]
	haichuang221@163.com Secret: [2, 2]
	geertjohan.riemer@gmail.com Geert-Johan Riemer: [1, 1]
	jeffz@eml.cc Jeff Zellner: [1, 0]
	davygeek@163.com davygeek: [27, 25]
	mqliang.zju@gmail.com mqliang: [266, 19]
	zhangzhonglin1@jd.com zhonglin6666: [8, 8]
	danny@dannysauer.com Danny Sauer: [1, 1]
	me@viktorstanchev.com Viktor Stanchev: [6, 2]
	ajityagaty@gmail.com Ajit Yagaty: [317, 201]
	jiaweizdev@gmail.com Jiawei Zhang: [2, 2]
	cdancy@users.noreply.github.com Christopher Dancy: [4, 0]
	jchaloup@redhat.com Jan Chaloupka: [1, 1]
	jliggitt@redhat.com Jordan Liggitt: [1, 1]
	luca.bruno@coreos.com Luca Bruno: [1, 1]
	kt@wheel.jp Katsuyuki Tateishi: [12, 16]
	lucas.kaldstrom@hotmail.co.uk Lucas Käldström: [21, 5]
	eli@mirantis.com Evgeny L: [2, 0]
	chengfeizh@gmail.com Chengfei Zhang: [1, 1]
	dnaeon@gmail.com Marin Atanasov Nikolov: [1, 0]
	rkrambovitis@gmail.com Robert Krambovitis: [1, 1]
	mischief@coreos.com Nick Owens: [2, 61]
	hjinustc@gmail.com xiaohuang: [11, 11]
image 0 0
	gyuhox@gmail.com Gyu-Ho Lee: [0, 0]
documentation 50 3521
	gyuhox@gmail.com Gyu-Ho Lee: [4, 3498]
	anthony.romano@coreos.com Anthony Romano: [19, 23]
	xiangli.cs@gmail.com Xiang Li: [27, 0]
build 370 208
	gyuhox@gmail.com Gyu-Ho Lee: [4, 200]
	anthony.romano@coreos.com Anthony Romano: [27, 6]
	xiangli.cs@gmail.com Xiang Li: [1, 2]
	fbranczyk@gmail.com Frederic Branczyk: [327, 0]
	sinsharat@gmail.com sharat: [10, 0]
	jeffz@eml.cc Jeff Zellner: [1, 0]
devel-doc 6926 9531
code 523 2567
unknown 378542 269316
image 0 0
documentation 50 3521
build 370 208
